[2026-01-28T09:59:52.884+0000] {local_task_job_runner.py:123} INFO - ::group::Pre task execution logs
[2026-01-28T09:59:52.892+0000] {taskinstance.py:2613} INFO - Dependencies all met for dep_context=non-requeueable deps ti=<TaskInstance: garmin_daily_pipeline.load_to_bigquery manual__2026-01-28T09:59:43+00:00 [queued]>
[2026-01-28T09:59:52.895+0000] {taskinstance.py:2613} INFO - Dependencies all met for dep_context=requeueable deps ti=<TaskInstance: garmin_daily_pipeline.load_to_bigquery manual__2026-01-28T09:59:43+00:00 [queued]>
[2026-01-28T09:59:52.895+0000] {taskinstance.py:2866} INFO - Starting attempt 1 of 3
[2026-01-28T09:59:52.900+0000] {taskinstance.py:2889} INFO - Executing <Task(PythonOperator): load_to_bigquery> on 2026-01-28 09:59:43+00:00
[2026-01-28T09:59:52.902+0000] {warnings.py:112} WARNING - /home/***/.local/lib/python3.12/site-packages/***/task/task_runner/standard_task_runner.py:70: DeprecationWarning: This process (pid=116) is multi-threaded, use of fork() may lead to deadlocks in the child.
  pid = os.fork()

[2026-01-28T09:59:52.903+0000] {standard_task_runner.py:72} INFO - Started process 117 to run task
[2026-01-28T09:59:52.903+0000] {standard_task_runner.py:104} INFO - Running: ['***', 'tasks', 'run', 'garmin_daily_pipeline', 'load_to_bigquery', 'manual__2026-01-28T09:59:43+00:00', '--job-id', '66', '--raw', '--subdir', 'DAGS_FOLDER/garmin_daily_pipeline.py', '--cfg-path', '/tmp/tmpkfqeihkg']
[2026-01-28T09:59:52.904+0000] {standard_task_runner.py:105} INFO - Job 66: Subtask load_to_bigquery
[2026-01-28T09:59:52.920+0000] {task_command.py:467} INFO - Running <TaskInstance: garmin_daily_pipeline.load_to_bigquery manual__2026-01-28T09:59:43+00:00 [running]> on host 996c176c0a46
[2026-01-28T09:59:52.942+0000] {taskinstance.py:3132} INFO - Exporting env vars: AIRFLOW_CTX_DAG_OWNER='***' AIRFLOW_CTX_DAG_ID='garmin_daily_pipeline' AIRFLOW_CTX_TASK_ID='load_to_bigquery' AIRFLOW_CTX_EXECUTION_DATE='2026-01-28T09:59:43+00:00' AIRFLOW_CTX_TRY_NUMBER='1' AIRFLOW_CTX_DAG_RUN_ID='manual__2026-01-28T09:59:43+00:00'
[2026-01-28T09:59:52.943+0000] {taskinstance.py:731} INFO - ::endgroup::
[2026-01-28T09:59:52.948+0000] {garmin_daily_pipeline.py:220} INFO - ☁️  Loading data to BigQuery...
[2026-01-28T09:59:53.619+0000] {garmin_daily_pipeline.py:236} INFO - ✅ Dataset exists: spatiotemporal-473309.garmin_data
[2026-01-28T09:59:54.022+0000] {garmin_daily_pipeline.py:246} INFO - ✅ Table exists: spatiotemporal-473309.garmin_data.garmin_raw_data
[2026-01-28T09:59:54.022+0000] {garmin_daily_pipeline.py:257} INFO - 🔍 Checking for already loaded files...
[2026-01-28T09:59:55.126+0000] {garmin_daily_pipeline.py:264} INFO -   Found 1683 existing files in BigQuery
[2026-01-28T09:59:55.131+0000] {garmin_daily_pipeline.py:288} INFO - 📭 No new files to upload
[2026-01-28T09:59:55.132+0000] {python.py:240} INFO - Done. Returned value was: {'rows_uploaded': 0, 'files_skipped': 1683}
[2026-01-28T09:59:55.149+0000] {taskinstance.py:340} INFO - ::group::Post task execution logs
[2026-01-28T09:59:55.150+0000] {taskinstance.py:352} INFO - Marking task as SUCCESS. dag_id=garmin_daily_pipeline, task_id=load_to_bigquery, run_id=manual__2026-01-28T09:59:43+00:00, execution_date=20260128T095943, start_date=20260128T095952, end_date=20260128T095955
[2026-01-28T09:59:55.193+0000] {local_task_job_runner.py:266} INFO - Task exited with return code 0
[2026-01-28T09:59:55.207+0000] {taskinstance.py:3895} INFO - 1 downstream tasks scheduled from follow-on schedule check
[2026-01-28T09:59:55.208+0000] {local_task_job_runner.py:245} INFO - ::endgroup::
