[2026-02-03T12:42:08.977+0000] {local_task_job_runner.py:123} INFO - ::group::Pre task execution logs
[2026-02-03T12:42:08.982+0000] {taskinstance.py:2613} INFO - Dependencies all met for dep_context=non-requeueable deps ti=<TaskInstance: garmin_daily_pipeline.deploy_transformation_views manual__2026-02-03T12:41:55+00:00 [queued]>
[2026-02-03T12:42:08.984+0000] {taskinstance.py:2613} INFO - Dependencies all met for dep_context=requeueable deps ti=<TaskInstance: garmin_daily_pipeline.deploy_transformation_views manual__2026-02-03T12:41:55+00:00 [queued]>
[2026-02-03T12:42:08.985+0000] {taskinstance.py:2866} INFO - Starting attempt 1 of 2
[2026-02-03T12:42:08.988+0000] {taskinstance.py:2889} INFO - Executing <Task(PythonOperator): deploy_transformation_views> on 2026-02-03 12:41:55+00:00
[2026-02-03T12:42:08.990+0000] {warnings.py:112} WARNING - /home/***/.local/lib/python3.12/site-packages/***/task/task_runner/standard_task_runner.py:70: DeprecationWarning: This process (pid=155) is multi-threaded, use of fork() may lead to deadlocks in the child.
  pid = os.fork()

[2026-02-03T12:42:08.990+0000] {standard_task_runner.py:72} INFO - Started process 156 to run task
[2026-02-03T12:42:08.991+0000] {standard_task_runner.py:104} INFO - Running: ['***', 'tasks', 'run', 'garmin_daily_pipeline', 'deploy_transformation_views', 'manual__2026-02-03T12:41:55+00:00', '--job-id', '110', '--raw', '--subdir', 'DAGS_FOLDER/garmin_daily_pipeline.py', '--cfg-path', '/tmp/tmpg11s3g5m']
[2026-02-03T12:42:08.991+0000] {standard_task_runner.py:105} INFO - Job 110: Subtask deploy_transformation_views
[2026-02-03T12:42:09.005+0000] {task_command.py:467} INFO - Running <TaskInstance: garmin_daily_pipeline.deploy_transformation_views manual__2026-02-03T12:41:55+00:00 [running]> on host 996c176c0a46
[2026-02-03T12:42:09.027+0000] {taskinstance.py:3132} INFO - Exporting env vars: AIRFLOW_CTX_DAG_OWNER='***' AIRFLOW_CTX_DAG_ID='garmin_daily_pipeline' AIRFLOW_CTX_TASK_ID='deploy_transformation_views' AIRFLOW_CTX_EXECUTION_DATE='2026-02-03T12:41:55+00:00' AIRFLOW_CTX_TRY_NUMBER='1' AIRFLOW_CTX_DAG_RUN_ID='manual__2026-02-03T12:41:55+00:00'
[2026-02-03T12:42:09.028+0000] {taskinstance.py:731} INFO - ::endgroup::
[2026-02-03T12:42:09.032+0000] {garmin_daily_pipeline.py:328} INFO - 🔧 Deploying transformation views...
[2026-02-03T12:42:09.304+0000] {garmin_daily_pipeline.py:335} INFO - 📄 Reading SQL file: /opt/***/spatiotemporal/garmin/sql/views.sql
[2026-02-03T12:42:09.305+0000] {garmin_daily_pipeline.py:356} INFO - 🔨 Deploying 7 views...
[2026-02-03T12:42:09.305+0000] {garmin_daily_pipeline.py:368} INFO -   [1/7] Deploying garmin_data.v_steps_daily...
[2026-02-03T12:42:10.375+0000] {garmin_daily_pipeline.py:373} INFO -     ✅ Success
[2026-02-03T12:42:10.375+0000] {garmin_daily_pipeline.py:368} INFO -   [2/7] Deploying garmin_data.v_body_battery_daily...
[2026-02-03T12:42:11.345+0000] {garmin_daily_pipeline.py:373} INFO -     ✅ Success
[2026-02-03T12:42:11.345+0000] {garmin_daily_pipeline.py:368} INFO -   [3/7] Deploying garmin_data.v_heart_rate_daily...
[2026-02-03T12:42:12.212+0000] {garmin_daily_pipeline.py:373} INFO -     ✅ Success
[2026-02-03T12:42:12.212+0000] {garmin_daily_pipeline.py:368} INFO -   [4/7] Deploying garmin_data.v_stress_daily...
[2026-02-03T12:42:13.086+0000] {garmin_daily_pipeline.py:373} INFO -     ✅ Success
[2026-02-03T12:42:13.087+0000] {garmin_daily_pipeline.py:368} INFO -   [5/7] Deploying garmin_data.v_sleep_daily...
[2026-02-03T12:42:14.025+0000] {garmin_daily_pipeline.py:373} INFO -     ✅ Success
[2026-02-03T12:42:14.025+0000] {garmin_daily_pipeline.py:368} INFO -   [6/7] Deploying garmin_data.v_daily_metrics...
[2026-02-03T12:42:15.050+0000] {garmin_daily_pipeline.py:373} INFO -     ✅ Success
[2026-02-03T12:42:15.051+0000] {garmin_daily_pipeline.py:368} INFO -   [7/7] Deploying garmin_data.v_data_quality_summary...
[2026-02-03T12:42:16.093+0000] {garmin_daily_pipeline.py:373} INFO -     ✅ Success
[2026-02-03T12:42:16.094+0000] {garmin_daily_pipeline.py:380} INFO - 📊 Summary:
[2026-02-03T12:42:16.095+0000] {garmin_daily_pipeline.py:381} INFO -   - Views deployed: 7
[2026-02-03T12:42:16.095+0000] {garmin_daily_pipeline.py:382} INFO -   - Views failed: 0
[2026-02-03T12:42:16.096+0000] {python.py:240} INFO - Done. Returned value was: {'views_deployed': 7, 'views_failed': 0, 'deployed_views': ['garmin_data.v_steps_daily', 'garmin_data.v_body_battery_daily', 'garmin_data.v_heart_rate_daily', 'garmin_data.v_stress_daily', 'garmin_data.v_sleep_daily', 'garmin_data.v_daily_metrics', 'garmin_data.v_data_quality_summary']}
[2026-02-03T12:42:16.117+0000] {taskinstance.py:340} INFO - ::group::Post task execution logs
[2026-02-03T12:42:16.118+0000] {taskinstance.py:352} INFO - Marking task as SUCCESS. dag_id=garmin_daily_pipeline, task_id=deploy_transformation_views, run_id=manual__2026-02-03T12:41:55+00:00, execution_date=20260203T124155, start_date=20260203T124208, end_date=20260203T124216
[2026-02-03T12:42:16.169+0000] {local_task_job_runner.py:266} INFO - Task exited with return code 0
[2026-02-03T12:42:16.182+0000] {taskinstance.py:3895} INFO - 1 downstream tasks scheduled from follow-on schedule check
[2026-02-03T12:42:16.183+0000] {local_task_job_runner.py:245} INFO - ::endgroup::
