[2025-10-10T10:36:05.196+0000] {local_task_job_runner.py:123} INFO - ::group::Pre task execution logs
[2025-10-10T10:36:05.208+0000] {taskinstance.py:2613} INFO - Dependencies all met for dep_context=non-requeueable deps ti=<TaskInstance: daily_weather_and_motivation.generate_daily_motivation scheduled__2025-10-09T08:00:00+00:00 [queued]>
[2025-10-10T10:36:05.212+0000] {taskinstance.py:2613} INFO - Dependencies all met for dep_context=requeueable deps ti=<TaskInstance: daily_weather_and_motivation.generate_daily_motivation scheduled__2025-10-09T08:00:00+00:00 [queued]>
[2025-10-10T10:36:05.212+0000] {taskinstance.py:2866} INFO - Starting attempt 1 of 1
[2025-10-10T10:36:05.218+0000] {taskinstance.py:2889} INFO - Executing <Task(PythonOperator): generate_daily_motivation> on 2025-10-09 08:00:00+00:00
[2025-10-10T10:36:05.221+0000] {warnings.py:112} WARNING - /home/***/.local/lib/python3.12/site-packages/***/task/task_runner/standard_task_runner.py:70: DeprecationWarning: This process (pid=713) is multi-threaded, use of fork() may lead to deadlocks in the child.
  pid = os.fork()

[2025-10-10T10:36:05.223+0000] {standard_task_runner.py:104} INFO - Running: ['***', 'tasks', 'run', 'daily_weather_and_motivation', 'generate_daily_motivation', 'scheduled__2025-10-09T08:00:00+00:00', '--job-id', '18', '--raw', '--subdir', 'DAGS_FOLDER/daily_weather_report_dag.py', '--cfg-path', '/tmp/tmpxr7zihsm']
[2025-10-10T10:36:05.224+0000] {standard_task_runner.py:72} INFO - Started process 716 to run task
[2025-10-10T10:36:05.224+0000] {standard_task_runner.py:105} INFO - Job 18: Subtask generate_daily_motivation
[2025-10-10T10:36:05.249+0000] {task_command.py:467} INFO - Running <TaskInstance: daily_weather_and_motivation.generate_daily_motivation scheduled__2025-10-09T08:00:00+00:00 [running]> on host edc3617ecc7f
[2025-10-10T10:36:05.287+0000] {taskinstance.py:3132} INFO - Exporting env vars: AIRFLOW_CTX_DAG_OWNER='***' AIRFLOW_CTX_DAG_ID='daily_weather_and_motivation' AIRFLOW_CTX_TASK_ID='generate_daily_motivation' AIRFLOW_CTX_EXECUTION_DATE='2025-10-09T08:00:00+00:00' AIRFLOW_CTX_TRY_NUMBER='1' AIRFLOW_CTX_DAG_RUN_ID='scheduled__2025-10-09T08:00:00+00:00'
[2025-10-10T10:36:05.288+0000] {taskinstance.py:731} INFO - ::endgroup::
[2025-10-10T10:36:05.296+0000] {daily_weather_report_dag.py:58} INFO - Generating daily motivation message...
[2025-10-10T10:36:05.296+0000] {daily_weather_report_dag.py:69} INFO - Generated Motivation: Your hard work today determines your success tomorrow. Keep going!
[2025-10-10T10:36:05.296+0000] {python.py:240} INFO - Done. Returned value was: Your hard work today determines your success tomorrow. Keep going!
[2025-10-10T10:36:05.309+0000] {taskinstance.py:340} INFO - ::group::Post task execution logs
[2025-10-10T10:36:05.309+0000] {taskinstance.py:352} INFO - Marking task as SUCCESS. dag_id=daily_weather_and_motivation, task_id=generate_daily_motivation, run_id=scheduled__2025-10-09T08:00:00+00:00, execution_date=20251009T080000, start_date=20251010T103605, end_date=20251010T103605
[2025-10-10T10:36:05.324+0000] {local_task_job_runner.py:266} INFO - Task exited with return code 0
[2025-10-10T10:36:05.335+0000] {taskinstance.py:3895} INFO - 0 downstream tasks scheduled from follow-on schedule check
[2025-10-10T10:36:05.336+0000] {local_task_job_runner.py:245} INFO - ::endgroup::
