[2026-02-03T12:41:24.790+0000] {local_task_job_runner.py:123} INFO - ::group::Pre task execution logs
[2026-02-03T12:41:24.795+0000] {taskinstance.py:2613} INFO - Dependencies all met for dep_context=non-requeueable deps ti=<TaskInstance: garmin_daily_pipeline.load_to_bigquery scheduled__2026-02-02T02:00:00+00:00 [queued]>
[2026-02-03T12:41:24.797+0000] {taskinstance.py:2613} INFO - Dependencies all met for dep_context=requeueable deps ti=<TaskInstance: garmin_daily_pipeline.load_to_bigquery scheduled__2026-02-02T02:00:00+00:00 [queued]>
[2026-02-03T12:41:24.797+0000] {taskinstance.py:2866} INFO - Starting attempt 1 of 3
[2026-02-03T12:41:24.800+0000] {taskinstance.py:2889} INFO - Executing <Task(PythonOperator): load_to_bigquery> on 2026-02-02 02:00:00+00:00
[2026-02-03T12:41:24.802+0000] {warnings.py:112} WARNING - /home/***/.local/lib/python3.12/site-packages/***/task/task_runner/standard_task_runner.py:70: DeprecationWarning: This process (pid=127) is multi-threaded, use of fork() may lead to deadlocks in the child.
  pid = os.fork()

[2026-02-03T12:41:24.803+0000] {standard_task_runner.py:72} INFO - Started process 128 to run task
[2026-02-03T12:41:24.803+0000] {standard_task_runner.py:104} INFO - Running: ['***', 'tasks', 'run', 'garmin_daily_pipeline', 'load_to_bigquery', 'scheduled__2026-02-02T02:00:00+00:00', '--job-id', '103', '--raw', '--subdir', 'DAGS_FOLDER/garmin_daily_pipeline.py', '--cfg-path', '/tmp/tmpp6cngogn']
[2026-02-03T12:41:24.803+0000] {standard_task_runner.py:105} INFO - Job 103: Subtask load_to_bigquery
[2026-02-03T12:41:24.817+0000] {task_command.py:467} INFO - Running <TaskInstance: garmin_daily_pipeline.load_to_bigquery scheduled__2026-02-02T02:00:00+00:00 [running]> on host 996c176c0a46
[2026-02-03T12:41:24.838+0000] {taskinstance.py:3132} INFO - Exporting env vars: AIRFLOW_CTX_DAG_OWNER='***' AIRFLOW_CTX_DAG_ID='garmin_daily_pipeline' AIRFLOW_CTX_TASK_ID='load_to_bigquery' AIRFLOW_CTX_EXECUTION_DATE='2026-02-02T02:00:00+00:00' AIRFLOW_CTX_TRY_NUMBER='1' AIRFLOW_CTX_DAG_RUN_ID='scheduled__2026-02-02T02:00:00+00:00'
[2026-02-03T12:41:24.838+0000] {taskinstance.py:731} INFO - ::endgroup::
[2026-02-03T12:41:24.843+0000] {garmin_daily_pipeline.py:222} INFO - ☁️  Loading data to BigQuery...
[2026-02-03T12:41:25.572+0000] {garmin_daily_pipeline.py:238} INFO - ✅ Dataset exists: spatiotemporal-473309.garmin_data
[2026-02-03T12:41:25.870+0000] {garmin_daily_pipeline.py:248} INFO - ✅ Table exists: spatiotemporal-473309.garmin_data.garmin_raw_data
[2026-02-03T12:41:25.871+0000] {garmin_daily_pipeline.py:259} INFO - 🔍 Checking for already loaded files...
[2026-02-03T12:41:27.167+0000] {garmin_daily_pipeline.py:266} INFO -   Found 1687 existing files in BigQuery
[2026-02-03T12:41:27.174+0000] {garmin_daily_pipeline.py:302} INFO - 📤 Uploading chunk 1/1 (2 rows)...
[2026-02-03T12:41:27.436+0000] {garmin_daily_pipeline.py:309} INFO -   ✅ Chunk 1 uploaded successfully
[2026-02-03T12:41:27.437+0000] {garmin_daily_pipeline.py:314} INFO - 📊 Summary:
[2026-02-03T12:41:27.438+0000] {garmin_daily_pipeline.py:315} INFO -   - Rows uploaded: 2
[2026-02-03T12:41:27.438+0000] {garmin_daily_pipeline.py:316} INFO -   - Files skipped (already loaded): 1687
[2026-02-03T12:41:27.439+0000] {python.py:240} INFO - Done. Returned value was: {'rows_uploaded': 2, 'files_skipped': 1687, 'total_files': 1689}
[2026-02-03T12:41:27.461+0000] {taskinstance.py:340} INFO - ::group::Post task execution logs
[2026-02-03T12:41:27.462+0000] {taskinstance.py:352} INFO - Marking task as SUCCESS. dag_id=garmin_daily_pipeline, task_id=load_to_bigquery, run_id=scheduled__2026-02-02T02:00:00+00:00, execution_date=20260202T020000, start_date=20260203T124124, end_date=20260203T124127
[2026-02-03T12:41:27.474+0000] {local_task_job_runner.py:266} INFO - Task exited with return code 0
[2026-02-03T12:41:27.485+0000] {taskinstance.py:3895} INFO - 1 downstream tasks scheduled from follow-on schedule check
[2026-02-03T12:41:27.486+0000] {local_task_job_runner.py:245} INFO - ::endgroup::
