[2026-01-28T09:59:39.081+0000] {local_task_job_runner.py:123} INFO - ::group::Pre task execution logs
[2026-01-28T09:59:39.087+0000] {taskinstance.py:2613} INFO - Dependencies all met for dep_context=non-requeueable deps ti=<TaskInstance: garmin_daily_pipeline.fetch_activities scheduled__2026-01-27T02:00:00+00:00 [queued]>
[2026-01-28T09:59:39.092+0000] {taskinstance.py:2613} INFO - Dependencies all met for dep_context=requeueable deps ti=<TaskInstance: garmin_daily_pipeline.fetch_activities scheduled__2026-01-27T02:00:00+00:00 [queued]>
[2026-01-28T09:59:39.093+0000] {taskinstance.py:2866} INFO - Starting attempt 1 of 6
[2026-01-28T09:59:39.098+0000] {taskinstance.py:2889} INFO - Executing <Task(PythonOperator): fetch_activities> on 2026-01-27 02:00:00+00:00
[2026-01-28T09:59:39.100+0000] {warnings.py:112} WARNING - /home/***/.local/lib/python3.12/site-packages/***/task/task_runner/standard_task_runner.py:70: DeprecationWarning: This process (pid=93) is multi-threaded, use of fork() may lead to deadlocks in the child.
  pid = os.fork()

[2026-01-28T09:59:39.101+0000] {standard_task_runner.py:72} INFO - Started process 96 to run task
[2026-01-28T09:59:39.101+0000] {standard_task_runner.py:104} INFO - Running: ['***', 'tasks', 'run', 'garmin_daily_pipeline', 'fetch_activities', 'scheduled__2026-01-27T02:00:00+00:00', '--job-id', '62', '--raw', '--subdir', 'DAGS_FOLDER/garmin_daily_pipeline.py', '--cfg-path', '/tmp/tmp6ctn72gc']
[2026-01-28T09:59:39.102+0000] {standard_task_runner.py:105} INFO - Job 62: Subtask fetch_activities
[2026-01-28T09:59:39.116+0000] {task_command.py:467} INFO - Running <TaskInstance: garmin_daily_pipeline.fetch_activities scheduled__2026-01-27T02:00:00+00:00 [running]> on host 996c176c0a46
[2026-01-28T09:59:39.139+0000] {taskinstance.py:3132} INFO - Exporting env vars: AIRFLOW_CTX_DAG_OWNER='***' AIRFLOW_CTX_DAG_ID='garmin_daily_pipeline' AIRFLOW_CTX_TASK_ID='fetch_activities' AIRFLOW_CTX_EXECUTION_DATE='2026-01-27T02:00:00+00:00' AIRFLOW_CTX_TRY_NUMBER='1' AIRFLOW_CTX_DAG_RUN_ID='scheduled__2026-01-27T02:00:00+00:00'
[2026-01-28T09:59:39.139+0000] {taskinstance.py:731} INFO - ::endgroup::
[2026-01-28T09:59:39.151+0000] {garmin_daily_pipeline.py:140} INFO - 🏃 Fetching Garmin activities up to 2026-01-27
[2026-01-28T09:59:39.190+0000] {garmin_daily_pipeline.py:154} INFO - 🔑 Logging into Garmin Connect...
[2026-01-28T09:59:41.948+0000] {garmin_daily_pipeline.py:157} INFO - ✅ Successfully logged in
[2026-01-28T09:59:41.948+0000] {garmin_daily_pipeline.py:163} INFO - 📋 Fetching activities list...
[2026-01-28T09:59:42.211+0000] {garmin_daily_pipeline.py:171} INFO - ✅ Saved activities list (42 activities)
[2026-01-28T09:59:42.218+0000] {garmin_daily_pipeline.py:202} INFO - 📊 Summary:
[2026-01-28T09:59:42.218+0000] {garmin_daily_pipeline.py:203} INFO -   - New activities fetched: 0
[2026-01-28T09:59:42.221+0000] {garmin_daily_pipeline.py:204} INFO -   - Existing activities (skipped): 42
[2026-01-28T09:59:42.222+0000] {python.py:240} INFO - Done. Returned value was: {'total_activities': 42, 'new_activities': 0, 'existing_activities': 42}
[2026-01-28T09:59:42.238+0000] {taskinstance.py:340} INFO - ::group::Post task execution logs
[2026-01-28T09:59:42.238+0000] {taskinstance.py:352} INFO - Marking task as SUCCESS. dag_id=garmin_daily_pipeline, task_id=fetch_activities, run_id=scheduled__2026-01-27T02:00:00+00:00, execution_date=20260127T020000, start_date=20260128T095939, end_date=20260128T095942
[2026-01-28T09:59:42.269+0000] {local_task_job_runner.py:266} INFO - Task exited with return code 0
[2026-01-28T09:59:42.283+0000] {taskinstance.py:3895} INFO - 0 downstream tasks scheduled from follow-on schedule check
[2026-01-28T09:59:42.283+0000] {local_task_job_runner.py:245} INFO - ::endgroup::
