[2026-01-29T13:05:06.948+0000] {local_task_job_runner.py:123} INFO - ::group::Pre task execution logs
[2026-01-29T13:05:06.953+0000] {taskinstance.py:2613} INFO - Dependencies all met for dep_context=non-requeueable deps ti=<TaskInstance: garmin_daily_pipeline.deploy_transformation_views scheduled__2026-01-28T02:00:00+00:00 [queued]>
[2026-01-29T13:05:06.955+0000] {taskinstance.py:2613} INFO - Dependencies all met for dep_context=requeueable deps ti=<TaskInstance: garmin_daily_pipeline.deploy_transformation_views scheduled__2026-01-28T02:00:00+00:00 [queued]>
[2026-01-29T13:05:06.956+0000] {taskinstance.py:2866} INFO - Starting attempt 1 of 2
[2026-01-29T13:05:06.959+0000] {taskinstance.py:2889} INFO - Executing <Task(PythonOperator): deploy_transformation_views> on 2026-01-28 02:00:00+00:00
[2026-01-29T13:05:06.961+0000] {warnings.py:112} WARNING - /home/***/.local/lib/python3.12/site-packages/***/task/task_runner/standard_task_runner.py:70: DeprecationWarning: This process (pid=107) is multi-threaded, use of fork() may lead to deadlocks in the child.
  pid = os.fork()

[2026-01-29T13:05:06.961+0000] {standard_task_runner.py:72} INFO - Started process 108 to run task
[2026-01-29T13:05:06.962+0000] {standard_task_runner.py:104} INFO - Running: ['***', 'tasks', 'run', 'garmin_daily_pipeline', 'deploy_transformation_views', 'scheduled__2026-01-28T02:00:00+00:00', '--job-id', '80', '--raw', '--subdir', 'DAGS_FOLDER/garmin_daily_pipeline.py', '--cfg-path', '/tmp/tmpp_4ie7y_']
[2026-01-29T13:05:06.962+0000] {standard_task_runner.py:105} INFO - Job 80: Subtask deploy_transformation_views
[2026-01-29T13:05:06.975+0000] {task_command.py:467} INFO - Running <TaskInstance: garmin_daily_pipeline.deploy_transformation_views scheduled__2026-01-28T02:00:00+00:00 [running]> on host 996c176c0a46
[2026-01-29T13:05:06.996+0000] {taskinstance.py:3132} INFO - Exporting env vars: AIRFLOW_CTX_DAG_OWNER='***' AIRFLOW_CTX_DAG_ID='garmin_daily_pipeline' AIRFLOW_CTX_TASK_ID='deploy_transformation_views' AIRFLOW_CTX_EXECUTION_DATE='2026-01-28T02:00:00+00:00' AIRFLOW_CTX_TRY_NUMBER='1' AIRFLOW_CTX_DAG_RUN_ID='scheduled__2026-01-28T02:00:00+00:00'
[2026-01-29T13:05:06.997+0000] {taskinstance.py:731} INFO - ::endgroup::
[2026-01-29T13:05:07.001+0000] {garmin_daily_pipeline.py:328} INFO - 🔧 Deploying transformation views...
[2026-01-29T13:05:07.224+0000] {garmin_daily_pipeline.py:335} INFO - 📄 Reading SQL file: /opt/***/spatiotemporal/garmin/sql/views.sql
[2026-01-29T13:05:07.227+0000] {garmin_daily_pipeline.py:356} INFO - 🔨 Deploying 7 views...
[2026-01-29T13:05:07.227+0000] {garmin_daily_pipeline.py:368} INFO -   [1/7] Deploying garmin_data.v_steps_daily...
[2026-01-29T13:05:08.726+0000] {garmin_daily_pipeline.py:373} INFO -     ✅ Success
[2026-01-29T13:05:08.727+0000] {garmin_daily_pipeline.py:368} INFO -   [2/7] Deploying garmin_data.v_body_battery_daily...
[2026-01-29T13:05:09.667+0000] {garmin_daily_pipeline.py:373} INFO -     ✅ Success
[2026-01-29T13:05:09.668+0000] {garmin_daily_pipeline.py:368} INFO -   [3/7] Deploying garmin_data.v_heart_rate_daily...
[2026-01-29T13:05:12.471+0000] {garmin_daily_pipeline.py:373} INFO -     ✅ Success
[2026-01-29T13:05:12.472+0000] {garmin_daily_pipeline.py:368} INFO -   [4/7] Deploying garmin_data.v_stress_daily...
[2026-01-29T13:05:13.590+0000] {garmin_daily_pipeline.py:373} INFO -     ✅ Success
[2026-01-29T13:05:13.591+0000] {garmin_daily_pipeline.py:368} INFO -   [5/7] Deploying garmin_data.v_sleep_daily...
[2026-01-29T13:05:14.494+0000] {garmin_daily_pipeline.py:373} INFO -     ✅ Success
[2026-01-29T13:05:14.495+0000] {garmin_daily_pipeline.py:368} INFO -   [6/7] Deploying garmin_data.v_daily_metrics...
[2026-01-29T13:05:15.613+0000] {garmin_daily_pipeline.py:373} INFO -     ✅ Success
[2026-01-29T13:05:15.615+0000] {garmin_daily_pipeline.py:368} INFO -   [7/7] Deploying garmin_data.v_data_quality_summary...
[2026-01-29T13:05:16.879+0000] {garmin_daily_pipeline.py:373} INFO -     ✅ Success
[2026-01-29T13:05:16.880+0000] {garmin_daily_pipeline.py:380} INFO - 📊 Summary:
[2026-01-29T13:05:16.880+0000] {garmin_daily_pipeline.py:381} INFO -   - Views deployed: 7
[2026-01-29T13:05:16.881+0000] {garmin_daily_pipeline.py:382} INFO -   - Views failed: 0
[2026-01-29T13:05:16.881+0000] {python.py:240} INFO - Done. Returned value was: {'views_deployed': 7, 'views_failed': 0, 'deployed_views': ['garmin_data.v_steps_daily', 'garmin_data.v_body_battery_daily', 'garmin_data.v_heart_rate_daily', 'garmin_data.v_stress_daily', 'garmin_data.v_sleep_daily', 'garmin_data.v_daily_metrics', 'garmin_data.v_data_quality_summary']}
[2026-01-29T13:05:16.899+0000] {taskinstance.py:340} INFO - ::group::Post task execution logs
[2026-01-29T13:05:16.899+0000] {taskinstance.py:352} INFO - Marking task as SUCCESS. dag_id=garmin_daily_pipeline, task_id=deploy_transformation_views, run_id=scheduled__2026-01-28T02:00:00+00:00, execution_date=20260128T020000, start_date=20260129T130506, end_date=20260129T130516
[2026-01-29T13:05:16.929+0000] {local_task_job_runner.py:266} INFO - Task exited with return code 0
[2026-01-29T13:05:16.941+0000] {taskinstance.py:3895} INFO - 1 downstream tasks scheduled from follow-on schedule check
[2026-01-29T13:05:16.941+0000] {local_task_job_runner.py:245} INFO - ::endgroup::
