[2025-10-10T10:49:55.775+0000] {local_task_job_runner.py:123} INFO - ::group::Pre task execution logs
[2025-10-10T10:49:55.782+0000] {taskinstance.py:2613} INFO - Dependencies all met for dep_context=non-requeueable deps ti=<TaskInstance: daily_motivation_and_playlist.log_final_report manual__2025-10-10T10:49:49.940652+00:00 [queued]>
[2025-10-10T10:49:55.788+0000] {taskinstance.py:2613} INFO - Dependencies all met for dep_context=requeueable deps ti=<TaskInstance: daily_motivation_and_playlist.log_final_report manual__2025-10-10T10:49:49.940652+00:00 [queued]>
[2025-10-10T10:49:55.788+0000] {taskinstance.py:2866} INFO - Starting attempt 1 of 1
[2025-10-10T10:49:55.792+0000] {taskinstance.py:2889} INFO - Executing <Task(PythonOperator): log_final_report> on 2025-10-10 10:49:49.940652+00:00
[2025-10-10T10:49:55.795+0000] {warnings.py:112} WARNING - /home/***/.local/lib/python3.12/site-packages/***/task/task_runner/standard_task_runner.py:70: DeprecationWarning: This process (pid=931) is multi-threaded, use of fork() may lead to deadlocks in the child.
  pid = os.fork()

[2025-10-10T10:49:55.796+0000] {standard_task_runner.py:72} INFO - Started process 933 to run task
[2025-10-10T10:49:55.796+0000] {standard_task_runner.py:104} INFO - Running: ['***', 'tasks', 'run', 'daily_motivation_and_playlist', 'log_final_report', 'manual__2025-10-10T10:49:49.940652+00:00', '--job-id', '29', '--raw', '--subdir', 'DAGS_FOLDER/daily_motivation_playlist.py', '--cfg-path', '/tmp/tmp1aouk8tr']
[2025-10-10T10:49:55.797+0000] {standard_task_runner.py:105} INFO - Job 29: Subtask log_final_report
[2025-10-10T10:49:55.816+0000] {task_command.py:467} INFO - Running <TaskInstance: daily_motivation_and_playlist.log_final_report manual__2025-10-10T10:49:49.940652+00:00 [running]> on host edc3617ecc7f
[2025-10-10T10:49:55.844+0000] {taskinstance.py:3132} INFO - Exporting env vars: AIRFLOW_CTX_DAG_OWNER='***' AIRFLOW_CTX_DAG_ID='daily_motivation_and_playlist' AIRFLOW_CTX_TASK_ID='log_final_report' AIRFLOW_CTX_EXECUTION_DATE='2025-10-10T10:49:49.940652+00:00' AIRFLOW_CTX_TRY_NUMBER='1' AIRFLOW_CTX_DAG_RUN_ID='manual__2025-10-10T10:49:49.940652+00:00'
[2025-10-10T10:49:55.845+0000] {taskinstance.py:731} INFO - ::endgroup::
[2025-10-10T10:49:55.857+0000] {daily_motivation_playlist.py:196} INFO - ====================================
[2025-10-10T10:49:55.857+0000] {daily_motivation_playlist.py:197} INFO - ====== YOUR DAILY MORNING REPORT =====
[2025-10-10T10:49:55.857+0000] {daily_motivation_playlist.py:198} INFO - ====================================
[2025-10-10T10:49:55.857+0000] {daily_motivation_playlist.py:200} INFO - MOTIVATION:
[2025-10-10T10:49:55.857+0000] {daily_motivation_playlist.py:201} INFO - -> Ignite your day with purpose, turning each focused task into undeniable forward momentum.
[2025-10-10T10:49:55.857+0000] {daily_motivation_playlist.py:202} INFO - 
[2025-10-10T10:49:55.858+0000] {daily_motivation_playlist.py:204} INFO - MUSIC SUGGESTION:
[2025-10-10T10:49:55.858+0000] {daily_motivation_playlist.py:206} INFO - Seasonal Vibe: Autumn
[2025-10-10T10:49:55.858+0000] {daily_motivation_playlist.py:207} INFO - Album: Sketches of Spain
[2025-10-10T10:49:55.858+0000] {daily_motivation_playlist.py:208} INFO - Artist: Miles Davis
[2025-10-10T10:49:55.858+0000] {daily_motivation_playlist.py:209} INFO - Recommendation Reason: Its rich orchestration, melancholic melodies, and evocative brass create a warm, contemplative soundscape ideal for crisp autumn days.
[2025-10-10T10:49:55.858+0000] {daily_motivation_playlist.py:213} INFO - ====================================
[2025-10-10T10:49:55.858+0000] {daily_motivation_playlist.py:215} INFO - Final Report logged successfully.
[2025-10-10T10:49:55.858+0000] {python.py:240} INFO - Done. Returned value was: None
[2025-10-10T10:49:55.862+0000] {taskinstance.py:340} INFO - ::group::Post task execution logs
[2025-10-10T10:49:55.862+0000] {taskinstance.py:352} INFO - Marking task as SUCCESS. dag_id=daily_motivation_and_playlist, task_id=log_final_report, run_id=manual__2025-10-10T10:49:49.940652+00:00, execution_date=20251010T104949, start_date=20251010T104955, end_date=20251010T104955
[2025-10-10T10:49:55.897+0000] {local_task_job_runner.py:266} INFO - Task exited with return code 0
[2025-10-10T10:49:55.902+0000] {taskinstance.py:3895} INFO - 0 downstream tasks scheduled from follow-on schedule check
[2025-10-10T10:49:55.903+0000] {local_task_job_runner.py:245} INFO - ::endgroup::
