[2026-01-29T13:04:59.908+0000] {local_task_job_runner.py:123} INFO - ::group::Pre task execution logs
[2026-01-29T13:04:59.916+0000] {taskinstance.py:2613} INFO - Dependencies all met for dep_context=non-requeueable deps ti=<TaskInstance: garmin_daily_pipeline.fetch_activities scheduled__2026-01-28T02:00:00+00:00 [queued]>
[2026-01-29T13:04:59.920+0000] {taskinstance.py:2613} INFO - Dependencies all met for dep_context=requeueable deps ti=<TaskInstance: garmin_daily_pipeline.fetch_activities scheduled__2026-01-28T02:00:00+00:00 [queued]>
[2026-01-29T13:04:59.920+0000] {taskinstance.py:2866} INFO - Starting attempt 1 of 6
[2026-01-29T13:04:59.926+0000] {taskinstance.py:2889} INFO - Executing <Task(PythonOperator): fetch_activities> on 2026-01-28 02:00:00+00:00
[2026-01-29T13:04:59.931+0000] {warnings.py:112} WARNING - /home/***/.local/lib/python3.12/site-packages/***/task/task_runner/standard_task_runner.py:70: DeprecationWarning: This process (pid=81) is multi-threaded, use of fork() may lead to deadlocks in the child.
  pid = os.fork()

[2026-01-29T13:04:59.933+0000] {standard_task_runner.py:72} INFO - Started process 84 to run task
[2026-01-29T13:04:59.932+0000] {standard_task_runner.py:104} INFO - Running: ['***', 'tasks', 'run', 'garmin_daily_pipeline', 'fetch_activities', 'scheduled__2026-01-28T02:00:00+00:00', '--job-id', '75', '--raw', '--subdir', 'DAGS_FOLDER/garmin_daily_pipeline.py', '--cfg-path', '/tmp/tmp6uncr51w']
[2026-01-29T13:04:59.934+0000] {standard_task_runner.py:105} INFO - Job 75: Subtask fetch_activities
[2026-01-29T13:04:59.965+0000] {task_command.py:467} INFO - Running <TaskInstance: garmin_daily_pipeline.fetch_activities scheduled__2026-01-28T02:00:00+00:00 [running]> on host 996c176c0a46
[2026-01-29T13:05:00.019+0000] {taskinstance.py:3132} INFO - Exporting env vars: AIRFLOW_CTX_DAG_OWNER='***' AIRFLOW_CTX_DAG_ID='garmin_daily_pipeline' AIRFLOW_CTX_TASK_ID='fetch_activities' AIRFLOW_CTX_EXECUTION_DATE='2026-01-28T02:00:00+00:00' AIRFLOW_CTX_TRY_NUMBER='1' AIRFLOW_CTX_DAG_RUN_ID='scheduled__2026-01-28T02:00:00+00:00'
[2026-01-29T13:05:00.021+0000] {taskinstance.py:731} INFO - ::endgroup::
[2026-01-29T13:05:00.029+0000] {garmin_daily_pipeline.py:142} INFO - 🏃 Fetching Garmin activities up to 2026-01-27
[2026-01-29T13:05:00.079+0000] {garmin_daily_pipeline.py:156} INFO - 🔑 Logging into Garmin Connect...
[2026-01-29T13:05:03.107+0000] {garmin_daily_pipeline.py:159} INFO - ✅ Successfully logged in
[2026-01-29T13:05:03.108+0000] {garmin_daily_pipeline.py:165} INFO - 📋 Fetching activities list...
[2026-01-29T13:05:03.361+0000] {garmin_daily_pipeline.py:173} INFO - ✅ Saved activities list (42 activities)
[2026-01-29T13:05:03.364+0000] {garmin_daily_pipeline.py:204} INFO - 📊 Summary:
[2026-01-29T13:05:03.365+0000] {garmin_daily_pipeline.py:205} INFO -   - New activities fetched: 0
[2026-01-29T13:05:03.365+0000] {garmin_daily_pipeline.py:206} INFO -   - Existing activities (skipped): 42
[2026-01-29T13:05:03.365+0000] {python.py:240} INFO - Done. Returned value was: {'total_activities': 42, 'new_activities': 0, 'existing_activities': 42}
[2026-01-29T13:05:03.376+0000] {taskinstance.py:340} INFO - ::group::Post task execution logs
[2026-01-29T13:05:03.376+0000] {taskinstance.py:352} INFO - Marking task as SUCCESS. dag_id=garmin_daily_pipeline, task_id=fetch_activities, run_id=scheduled__2026-01-28T02:00:00+00:00, execution_date=20260128T020000, start_date=20260129T130459, end_date=20260129T130503
[2026-01-29T13:05:03.411+0000] {local_task_job_runner.py:266} INFO - Task exited with return code 0
[2026-01-29T13:05:03.421+0000] {taskinstance.py:3895} INFO - 0 downstream tasks scheduled from follow-on schedule check
[2026-01-29T13:05:03.423+0000] {local_task_job_runner.py:245} INFO - ::endgroup::
