[2025-10-10T10:36:16.409+0000] {local_task_job_runner.py:123} INFO - ::group::Pre task execution logs
[2025-10-10T10:36:16.416+0000] {taskinstance.py:2613} INFO - Dependencies all met for dep_context=non-requeueable deps ti=<TaskInstance: daily_weather_and_motivation.log_final_report scheduled__2025-10-09T08:00:00+00:00 [queued]>
[2025-10-10T10:36:16.420+0000] {taskinstance.py:2613} INFO - Dependencies all met for dep_context=requeueable deps ti=<TaskInstance: daily_weather_and_motivation.log_final_report scheduled__2025-10-09T08:00:00+00:00 [queued]>
[2025-10-10T10:36:16.420+0000] {taskinstance.py:2866} INFO - Starting attempt 1 of 1
[2025-10-10T10:36:16.426+0000] {taskinstance.py:2889} INFO - Executing <Task(PythonOperator): log_final_report> on 2025-10-09 08:00:00+00:00
[2025-10-10T10:36:16.428+0000] {warnings.py:112} WARNING - /home/***/.local/lib/python3.12/site-packages/***/task/task_runner/standard_task_runner.py:70: DeprecationWarning: This process (pid=732) is multi-threaded, use of fork() may lead to deadlocks in the child.
  pid = os.fork()

[2025-10-10T10:36:16.429+0000] {standard_task_runner.py:72} INFO - Started process 733 to run task
[2025-10-10T10:36:16.429+0000] {standard_task_runner.py:104} INFO - Running: ['***', 'tasks', 'run', 'daily_weather_and_motivation', 'log_final_report', 'scheduled__2025-10-09T08:00:00+00:00', '--job-id', '22', '--raw', '--subdir', 'DAGS_FOLDER/daily_weather_report_dag.py', '--cfg-path', '/tmp/tmp5z9oqbm2']
[2025-10-10T10:36:16.430+0000] {standard_task_runner.py:105} INFO - Job 22: Subtask log_final_report
[2025-10-10T10:36:16.452+0000] {task_command.py:467} INFO - Running <TaskInstance: daily_weather_and_motivation.log_final_report scheduled__2025-10-09T08:00:00+00:00 [running]> on host edc3617ecc7f
[2025-10-10T10:36:16.479+0000] {taskinstance.py:3132} INFO - Exporting env vars: AIRFLOW_CTX_DAG_OWNER='***' AIRFLOW_CTX_DAG_ID='daily_weather_and_motivation' AIRFLOW_CTX_TASK_ID='log_final_report' AIRFLOW_CTX_EXECUTION_DATE='2025-10-09T08:00:00+00:00' AIRFLOW_CTX_TRY_NUMBER='1' AIRFLOW_CTX_DAG_RUN_ID='scheduled__2025-10-09T08:00:00+00:00'
[2025-10-10T10:36:16.480+0000] {taskinstance.py:731} INFO - ::endgroup::
[2025-10-10T10:36:16.493+0000] {daily_weather_report_dag.py:85} INFO - --- FINAL DAILY REPORT ---
[2025-10-10T10:36:16.493+0000] {daily_weather_report_dag.py:86} INFO - 1. Weather Report for Berlin: Temp is 20°C with Warm and clear skies ☀️.
[2025-10-10T10:36:16.493+0000] {daily_weather_report_dag.py:87} INFO - 2. Daily Motivation: Your hard work today determines your success tomorrow. Keep going!
[2025-10-10T10:36:16.494+0000] {daily_weather_report_dag.py:88} INFO - --------------------------
[2025-10-10T10:36:16.494+0000] {daily_weather_report_dag.py:90} INFO - Final Report logged successfully.
[2025-10-10T10:36:16.494+0000] {python.py:240} INFO - Done. Returned value was: None
[2025-10-10T10:36:16.497+0000] {taskinstance.py:340} INFO - ::group::Post task execution logs
[2025-10-10T10:36:16.497+0000] {taskinstance.py:352} INFO - Marking task as SUCCESS. dag_id=daily_weather_and_motivation, task_id=log_final_report, run_id=scheduled__2025-10-09T08:00:00+00:00, execution_date=20251009T080000, start_date=20251010T103616, end_date=20251010T103616
[2025-10-10T10:36:16.529+0000] {local_task_job_runner.py:266} INFO - Task exited with return code 0
[2025-10-10T10:36:16.536+0000] {taskinstance.py:3895} INFO - 0 downstream tasks scheduled from follow-on schedule check
[2025-10-10T10:36:16.537+0000] {local_task_job_runner.py:245} INFO - ::endgroup::
