[2026-01-28T09:59:55.835+0000] {local_task_job_runner.py:123} INFO - ::group::Pre task execution logs
[2026-01-28T09:59:55.840+0000] {taskinstance.py:2613} INFO - Dependencies all met for dep_context=non-requeueable deps ti=<TaskInstance: garmin_daily_pipeline.deploy_transformation_views manual__2026-01-28T09:59:43+00:00 [queued]>
[2026-01-28T09:59:55.843+0000] {taskinstance.py:2613} INFO - Dependencies all met for dep_context=requeueable deps ti=<TaskInstance: garmin_daily_pipeline.deploy_transformation_views manual__2026-01-28T09:59:43+00:00 [queued]>
[2026-01-28T09:59:55.843+0000] {taskinstance.py:2866} INFO - Starting attempt 1 of 2
[2026-01-28T09:59:55.846+0000] {taskinstance.py:2889} INFO - Executing <Task(PythonOperator): deploy_transformation_views> on 2026-01-28 09:59:43+00:00
[2026-01-28T09:59:55.848+0000] {warnings.py:112} WARNING - /home/***/.local/lib/python3.12/site-packages/***/task/task_runner/standard_task_runner.py:70: DeprecationWarning: This process (pid=121) is multi-threaded, use of fork() may lead to deadlocks in the child.
  pid = os.fork()

[2026-01-28T09:59:55.849+0000] {standard_task_runner.py:72} INFO - Started process 122 to run task
[2026-01-28T09:59:55.849+0000] {standard_task_runner.py:104} INFO - Running: ['***', 'tasks', 'run', 'garmin_daily_pipeline', 'deploy_transformation_views', 'manual__2026-01-28T09:59:43+00:00', '--job-id', '68', '--raw', '--subdir', 'DAGS_FOLDER/garmin_daily_pipeline.py', '--cfg-path', '/tmp/tmphf7vtpbw']
[2026-01-28T09:59:55.849+0000] {standard_task_runner.py:105} INFO - Job 68: Subtask deploy_transformation_views
[2026-01-28T09:59:55.863+0000] {task_command.py:467} INFO - Running <TaskInstance: garmin_daily_pipeline.deploy_transformation_views manual__2026-01-28T09:59:43+00:00 [running]> on host 996c176c0a46
[2026-01-28T09:59:55.883+0000] {taskinstance.py:3132} INFO - Exporting env vars: AIRFLOW_CTX_DAG_OWNER='***' AIRFLOW_CTX_DAG_ID='garmin_daily_pipeline' AIRFLOW_CTX_TASK_ID='deploy_transformation_views' AIRFLOW_CTX_EXECUTION_DATE='2026-01-28T09:59:43+00:00' AIRFLOW_CTX_TRY_NUMBER='1' AIRFLOW_CTX_DAG_RUN_ID='manual__2026-01-28T09:59:43+00:00'
[2026-01-28T09:59:55.883+0000] {taskinstance.py:731} INFO - ::endgroup::
[2026-01-28T09:59:55.888+0000] {garmin_daily_pipeline.py:326} INFO - 🔧 Deploying transformation views...
[2026-01-28T09:59:56.115+0000] {garmin_daily_pipeline.py:333} INFO - 📄 Reading SQL file: /opt/***/spatiotemporal/garmin/sql/views.sql
[2026-01-28T09:59:56.116+0000] {garmin_daily_pipeline.py:354} INFO - 🔨 Deploying 7 views...
[2026-01-28T09:59:56.116+0000] {garmin_daily_pipeline.py:366} INFO -   [1/7] Deploying garmin_data.v_steps_daily...
[2026-01-28T09:59:57.213+0000] {garmin_daily_pipeline.py:371} INFO -     ✅ Success
[2026-01-28T09:59:57.214+0000] {garmin_daily_pipeline.py:366} INFO -   [2/7] Deploying garmin_data.v_body_battery_daily...
[2026-01-28T09:59:58.058+0000] {garmin_daily_pipeline.py:371} INFO -     ✅ Success
[2026-01-28T09:59:58.058+0000] {garmin_daily_pipeline.py:366} INFO -   [3/7] Deploying garmin_data.v_heart_rate_daily...
[2026-01-28T09:59:58.945+0000] {garmin_daily_pipeline.py:371} INFO -     ✅ Success
[2026-01-28T09:59:58.946+0000] {garmin_daily_pipeline.py:366} INFO -   [4/7] Deploying garmin_data.v_stress_daily...
[2026-01-28T09:59:59.949+0000] {garmin_daily_pipeline.py:371} INFO -     ✅ Success
[2026-01-28T09:59:59.950+0000] {garmin_daily_pipeline.py:366} INFO -   [5/7] Deploying garmin_data.v_sleep_daily...
[2026-01-28T10:00:00.828+0000] {garmin_daily_pipeline.py:371} INFO -     ✅ Success
[2026-01-28T10:00:00.830+0000] {garmin_daily_pipeline.py:366} INFO -   [6/7] Deploying garmin_data.v_daily_metrics...
[2026-01-28T10:00:01.945+0000] {garmin_daily_pipeline.py:371} INFO -     ✅ Success
[2026-01-28T10:00:01.946+0000] {garmin_daily_pipeline.py:366} INFO -   [7/7] Deploying garmin_data.v_data_quality_summary...
[2026-01-28T10:00:03.252+0000] {garmin_daily_pipeline.py:371} INFO -     ✅ Success
[2026-01-28T10:00:03.255+0000] {garmin_daily_pipeline.py:378} INFO - 📊 Summary:
[2026-01-28T10:00:03.255+0000] {garmin_daily_pipeline.py:379} INFO -   - Views deployed: 7
[2026-01-28T10:00:03.256+0000] {garmin_daily_pipeline.py:380} INFO -   - Views failed: 0
[2026-01-28T10:00:03.256+0000] {python.py:240} INFO - Done. Returned value was: {'views_deployed': 7, 'views_failed': 0, 'deployed_views': ['garmin_data.v_steps_daily', 'garmin_data.v_body_battery_daily', 'garmin_data.v_heart_rate_daily', 'garmin_data.v_stress_daily', 'garmin_data.v_sleep_daily', 'garmin_data.v_daily_metrics', 'garmin_data.v_data_quality_summary']}
[2026-01-28T10:00:03.284+0000] {taskinstance.py:340} INFO - ::group::Post task execution logs
[2026-01-28T10:00:03.285+0000] {taskinstance.py:352} INFO - Marking task as SUCCESS. dag_id=garmin_daily_pipeline, task_id=deploy_transformation_views, run_id=manual__2026-01-28T09:59:43+00:00, execution_date=20260128T095943, start_date=20260128T095955, end_date=20260128T100003
[2026-01-28T10:00:03.328+0000] {local_task_job_runner.py:266} INFO - Task exited with return code 0
[2026-01-28T10:00:03.344+0000] {taskinstance.py:3895} INFO - 1 downstream tasks scheduled from follow-on schedule check
[2026-01-28T10:00:03.345+0000] {local_task_job_runner.py:245} INFO - ::endgroup::
