[2025-10-10T10:28:00.378+0000] {local_task_job_runner.py:123} INFO - ::group::Pre task execution logs
[2025-10-10T10:28:00.385+0000] {taskinstance.py:2613} INFO - Dependencies all met for dep_context=non-requeueable deps ti=<TaskInstance: daily_weather_report_dag.pipeline_complete_message manual__2025-10-10T10:27:57.789273+00:00 [queued]>
[2025-10-10T10:28:00.388+0000] {taskinstance.py:2613} INFO - Dependencies all met for dep_context=requeueable deps ti=<TaskInstance: daily_weather_report_dag.pipeline_complete_message manual__2025-10-10T10:27:57.789273+00:00 [queued]>
[2025-10-10T10:28:00.388+0000] {taskinstance.py:2866} INFO - Starting attempt 1 of 1
[2025-10-10T10:28:00.394+0000] {taskinstance.py:2889} INFO - Executing <Task(BashOperator): pipeline_complete_message> on 2025-10-10 10:27:57.789273+00:00
[2025-10-10T10:28:00.396+0000] {warnings.py:112} WARNING - /home/***/.local/lib/python3.12/site-packages/***/task/task_runner/standard_task_runner.py:70: DeprecationWarning: This process (pid=600) is multi-threaded, use of fork() may lead to deadlocks in the child.
  pid = os.fork()

[2025-10-10T10:28:00.397+0000] {standard_task_runner.py:72} INFO - Started process 601 to run task
[2025-10-10T10:28:00.397+0000] {standard_task_runner.py:104} INFO - Running: ['***', 'tasks', 'run', 'daily_weather_report_dag', 'pipeline_complete_message', 'manual__2025-10-10T10:27:57.789273+00:00', '--job-id', '13', '--raw', '--subdir', 'DAGS_FOLDER/daily_weather_report_dag.py', '--cfg-path', '/tmp/tmp8_e9nv7_']
[2025-10-10T10:28:00.398+0000] {standard_task_runner.py:105} INFO - Job 13: Subtask pipeline_complete_message
[2025-10-10T10:28:00.415+0000] {task_command.py:467} INFO - Running <TaskInstance: daily_weather_report_dag.pipeline_complete_message manual__2025-10-10T10:27:57.789273+00:00 [running]> on host edc3617ecc7f
[2025-10-10T10:28:00.442+0000] {taskinstance.py:3132} INFO - Exporting env vars: AIRFLOW_CTX_DAG_OWNER='***' AIRFLOW_CTX_DAG_ID='daily_weather_report_dag' AIRFLOW_CTX_TASK_ID='pipeline_complete_message' AIRFLOW_CTX_EXECUTION_DATE='2025-10-10T10:27:57.789273+00:00' AIRFLOW_CTX_TRY_NUMBER='1' AIRFLOW_CTX_DAG_RUN_ID='manual__2025-10-10T10:27:57.789273+00:00'
[2025-10-10T10:28:00.443+0000] {taskinstance.py:731} INFO - ::endgroup::
[2025-10-10T10:28:00.448+0000] {subprocess.py:78} INFO - Tmp dir root location: /tmp
[2025-10-10T10:28:00.450+0000] {subprocess.py:88} INFO - Running command: ['/usr/bin/bash', '-c', 'echo "Daily Weather Pipeline Finished!"']
[2025-10-10T10:28:00.454+0000] {subprocess.py:99} INFO - Output:
[2025-10-10T10:28:00.455+0000] {subprocess.py:106} INFO - Daily Weather Pipeline Finished!
[2025-10-10T10:28:00.455+0000] {subprocess.py:110} INFO - Command exited with return code 0
[2025-10-10T10:28:00.464+0000] {taskinstance.py:340} INFO - ::group::Post task execution logs
[2025-10-10T10:28:00.464+0000] {taskinstance.py:352} INFO - Marking task as SUCCESS. dag_id=daily_weather_report_dag, task_id=pipeline_complete_message, run_id=manual__2025-10-10T10:27:57.789273+00:00, execution_date=20251010T102757, start_date=20251010T102800, end_date=20251010T102800
[2025-10-10T10:28:00.498+0000] {local_task_job_runner.py:266} INFO - Task exited with return code 0
[2025-10-10T10:28:00.505+0000] {taskinstance.py:3895} INFO - 0 downstream tasks scheduled from follow-on schedule check
[2025-10-10T10:28:00.506+0000] {local_task_job_runner.py:245} INFO - ::endgroup::
