[2026-02-03T12:41:55.889+0000] {local_task_job_runner.py:123} INFO - ::group::Pre task execution logs
[2026-02-03T12:41:55.902+0000] {taskinstance.py:2613} INFO - Dependencies all met for dep_context=non-requeueable deps ti=<TaskInstance: garmin_daily_pipeline.fetch_activities manual__2026-02-03T12:41:55+00:00 [queued]>
[2026-02-03T12:41:55.907+0000] {taskinstance.py:2613} INFO - Dependencies all met for dep_context=requeueable deps ti=<TaskInstance: garmin_daily_pipeline.fetch_activities manual__2026-02-03T12:41:55+00:00 [queued]>
[2026-02-03T12:41:55.907+0000] {taskinstance.py:2866} INFO - Starting attempt 1 of 6
[2026-02-03T12:41:55.913+0000] {taskinstance.py:2889} INFO - Executing <Task(PythonOperator): fetch_activities> on 2026-02-03 12:41:55+00:00
[2026-02-03T12:41:55.915+0000] {warnings.py:112} WARNING - /home/***/.local/lib/python3.12/site-packages/***/task/task_runner/standard_task_runner.py:70: DeprecationWarning: This process (pid=147) is multi-threaded, use of fork() may lead to deadlocks in the child.
  pid = os.fork()

[2026-02-03T12:41:55.915+0000] {standard_task_runner.py:72} INFO - Started process 148 to run task
[2026-02-03T12:41:55.916+0000] {standard_task_runner.py:104} INFO - Running: ['***', 'tasks', 'run', 'garmin_daily_pipeline', 'fetch_activities', 'manual__2026-02-03T12:41:55+00:00', '--job-id', '107', '--raw', '--subdir', 'DAGS_FOLDER/garmin_daily_pipeline.py', '--cfg-path', '/tmp/tmpv4ouwsu7']
[2026-02-03T12:41:55.916+0000] {standard_task_runner.py:105} INFO - Job 107: Subtask fetch_activities
[2026-02-03T12:41:55.933+0000] {task_command.py:467} INFO - Running <TaskInstance: garmin_daily_pipeline.fetch_activities manual__2026-02-03T12:41:55+00:00 [running]> on host 996c176c0a46
[2026-02-03T12:41:55.958+0000] {taskinstance.py:3132} INFO - Exporting env vars: AIRFLOW_CTX_DAG_OWNER='***' AIRFLOW_CTX_DAG_ID='garmin_daily_pipeline' AIRFLOW_CTX_TASK_ID='fetch_activities' AIRFLOW_CTX_EXECUTION_DATE='2026-02-03T12:41:55+00:00' AIRFLOW_CTX_TRY_NUMBER='1' AIRFLOW_CTX_DAG_RUN_ID='manual__2026-02-03T12:41:55+00:00'
[2026-02-03T12:41:55.959+0000] {taskinstance.py:731} INFO - ::endgroup::
[2026-02-03T12:41:55.963+0000] {garmin_daily_pipeline.py:142} INFO - 🏃 Fetching Garmin activities up to 2026-02-02
[2026-02-03T12:41:56.001+0000] {garmin_daily_pipeline.py:156} INFO - 🔑 Logging into Garmin Connect...
[2026-02-03T12:41:58.777+0000] {garmin_daily_pipeline.py:159} INFO - ✅ Successfully logged in
[2026-02-03T12:41:58.778+0000] {garmin_daily_pipeline.py:165} INFO - 📋 Fetching activities list...
[2026-02-03T12:41:59.170+0000] {garmin_daily_pipeline.py:173} INFO - ✅ Saved activities list (42 activities)
[2026-02-03T12:41:59.171+0000] {garmin_daily_pipeline.py:204} INFO - 📊 Summary:
[2026-02-03T12:41:59.172+0000] {garmin_daily_pipeline.py:205} INFO -   - New activities fetched: 0
[2026-02-03T12:41:59.172+0000] {garmin_daily_pipeline.py:206} INFO -   - Existing activities (skipped): 42
[2026-02-03T12:41:59.173+0000] {python.py:240} INFO - Done. Returned value was: {'total_activities': 42, 'new_activities': 0, 'existing_activities': 42}
[2026-02-03T12:41:59.188+0000] {taskinstance.py:340} INFO - ::group::Post task execution logs
[2026-02-03T12:41:59.188+0000] {taskinstance.py:352} INFO - Marking task as SUCCESS. dag_id=garmin_daily_pipeline, task_id=fetch_activities, run_id=manual__2026-02-03T12:41:55+00:00, execution_date=20260203T124155, start_date=20260203T124155, end_date=20260203T124159
[2026-02-03T12:41:59.203+0000] {local_task_job_runner.py:266} INFO - Task exited with return code 0
[2026-02-03T12:41:59.214+0000] {taskinstance.py:3895} INFO - 0 downstream tasks scheduled from follow-on schedule check
[2026-02-03T12:41:59.214+0000] {local_task_job_runner.py:245} INFO - ::endgroup::
