[2026-02-03T12:41:14.045+0000] {local_task_job_runner.py:123} INFO - ::group::Pre task execution logs
[2026-02-03T12:41:14.054+0000] {taskinstance.py:2613} INFO - Dependencies all met for dep_context=non-requeueable deps ti=<TaskInstance: garmin_daily_pipeline.fetch_garmin_metrics scheduled__2026-02-02T02:00:00+00:00 [queued]>
[2026-02-03T12:41:14.072+0000] {taskinstance.py:2613} INFO - Dependencies all met for dep_context=requeueable deps ti=<TaskInstance: garmin_daily_pipeline.fetch_garmin_metrics scheduled__2026-02-02T02:00:00+00:00 [queued]>
[2026-02-03T12:41:14.074+0000] {taskinstance.py:2866} INFO - Starting attempt 1 of 6
[2026-02-03T12:41:14.089+0000] {taskinstance.py:2889} INFO - Executing <Task(PythonOperator): fetch_garmin_metrics> on 2026-02-02 02:00:00+00:00
[2026-02-03T12:41:14.099+0000] {warnings.py:112} WARNING - /home/***/.local/lib/python3.12/site-packages/***/task/task_runner/standard_task_runner.py:70: DeprecationWarning: This process (pid=81) is multi-threaded, use of fork() may lead to deadlocks in the child.
  pid = os.fork()

[2026-02-03T12:41:14.103+0000] {standard_task_runner.py:104} INFO - Running: ['***', 'tasks', 'run', 'garmin_daily_pipeline', 'fetch_garmin_metrics', 'scheduled__2026-02-02T02:00:00+00:00', '--job-id', '92', '--raw', '--subdir', 'DAGS_FOLDER/garmin_daily_pipeline.py', '--cfg-path', '/tmp/tmpehemkgd0']
[2026-02-03T12:41:14.105+0000] {standard_task_runner.py:105} INFO - Job 92: Subtask fetch_garmin_metrics
[2026-02-03T12:41:14.104+0000] {standard_task_runner.py:72} INFO - Started process 97 to run task
[2026-02-03T12:41:14.153+0000] {task_command.py:467} INFO - Running <TaskInstance: garmin_daily_pipeline.fetch_garmin_metrics scheduled__2026-02-02T02:00:00+00:00 [running]> on host 996c176c0a46
[2026-02-03T12:41:14.228+0000] {taskinstance.py:3132} INFO - Exporting env vars: AIRFLOW_CTX_DAG_OWNER='***' AIRFLOW_CTX_DAG_ID='garmin_daily_pipeline' AIRFLOW_CTX_TASK_ID='fetch_garmin_metrics' AIRFLOW_CTX_EXECUTION_DATE='2026-02-02T02:00:00+00:00' AIRFLOW_CTX_TRY_NUMBER='1' AIRFLOW_CTX_DAG_RUN_ID='scheduled__2026-02-02T02:00:00+00:00'
[2026-02-03T12:41:14.230+0000] {taskinstance.py:731} INFO - ::endgroup::
[2026-02-03T12:41:14.239+0000] {garmin_daily_pipeline.py:48} INFO - 📅 Fetching Garmin metrics for 2026-02-01
[2026-02-03T12:41:14.320+0000] {garmin_daily_pipeline.py:66} INFO - 🔑 Logging into Garmin Connect...
[2026-02-03T12:41:17.393+0000] {garmin_daily_pipeline.py:69} INFO - ✅ Successfully logged in
[2026-02-03T12:41:17.394+0000] {garmin_daily_pipeline.py:97} INFO - 📦 Fetching steps...
[2026-02-03T12:41:17.627+0000] {garmin_daily_pipeline.py:110} INFO - ✅ Saved steps
[2026-02-03T12:41:18.628+0000] {garmin_daily_pipeline.py:97} INFO - 📦 Fetching sleep...
[2026-02-03T12:41:19.246+0000] {garmin_daily_pipeline.py:110} INFO - ✅ Saved sleep
[2026-02-03T12:41:20.250+0000] {garmin_daily_pipeline.py:97} INFO - 📦 Fetching stress...
[2026-02-03T12:41:20.471+0000] {garmin_daily_pipeline.py:110} INFO - ✅ Saved stress
[2026-02-03T12:41:21.475+0000] {garmin_daily_pipeline.py:97} INFO - 📦 Fetching body_battery...
[2026-02-03T12:41:21.671+0000] {garmin_daily_pipeline.py:110} INFO - ✅ Saved body_battery
[2026-02-03T12:41:22.675+0000] {garmin_daily_pipeline.py:97} INFO - 📦 Fetching heart_rate...
[2026-02-03T12:41:22.870+0000] {garmin_daily_pipeline.py:110} INFO - ✅ Saved heart_rate
[2026-02-03T12:41:23.871+0000] {garmin_daily_pipeline.py:122} INFO - 📊 Summary:
[2026-02-03T12:41:23.873+0000] {garmin_daily_pipeline.py:123} INFO -   - Fetched: 5 (steps, sleep, stress, body_battery, heart_rate)
[2026-02-03T12:41:23.873+0000] {garmin_daily_pipeline.py:124} INFO -   - Skipped: 0 (none)
[2026-02-03T12:41:23.873+0000] {garmin_daily_pipeline.py:125} INFO -   - Failed: 0 (none)
[2026-02-03T12:41:23.875+0000] {python.py:240} INFO - Done. Returned value was: {'date': '2026-02-01', 'metrics_fetched': ['steps', 'sleep', 'stress', 'body_battery', 'heart_rate'], 'metrics_skipped': [], 'metrics_failed': []}
[2026-02-03T12:41:23.902+0000] {taskinstance.py:340} INFO - ::group::Post task execution logs
[2026-02-03T12:41:23.902+0000] {taskinstance.py:352} INFO - Marking task as SUCCESS. dag_id=garmin_daily_pipeline, task_id=fetch_garmin_metrics, run_id=scheduled__2026-02-02T02:00:00+00:00, execution_date=20260202T020000, start_date=20260203T124114, end_date=20260203T124123
[2026-02-03T12:41:23.955+0000] {local_task_job_runner.py:266} INFO - Task exited with return code 0
[2026-02-03T12:41:23.968+0000] {taskinstance.py:3895} INFO - 1 downstream tasks scheduled from follow-on schedule check
[2026-02-03T12:41:23.969+0000] {local_task_job_runner.py:245} INFO - ::endgroup::
