[2025-10-10T10:49:55.820+0000] {local_task_job_runner.py:123} INFO - ::group::Pre task execution logs
[2025-10-10T10:49:55.827+0000] {taskinstance.py:2613} INFO - Dependencies all met for dep_context=non-requeueable deps ti=<TaskInstance: daily_motivation_and_playlist.log_final_report scheduled__2025-10-09T07:00:00+00:00 [queued]>
[2025-10-10T10:49:55.830+0000] {taskinstance.py:2613} INFO - Dependencies all met for dep_context=requeueable deps ti=<TaskInstance: daily_motivation_and_playlist.log_final_report scheduled__2025-10-09T07:00:00+00:00 [queued]>
[2025-10-10T10:49:55.831+0000] {taskinstance.py:2866} INFO - Starting attempt 1 of 1
[2025-10-10T10:49:55.836+0000] {taskinstance.py:2889} INFO - Executing <Task(PythonOperator): log_final_report> on 2025-10-09 07:00:00+00:00
[2025-10-10T10:49:55.838+0000] {warnings.py:112} WARNING - /home/***/.local/lib/python3.12/site-packages/***/task/task_runner/standard_task_runner.py:70: DeprecationWarning: This process (pid=932) is multi-threaded, use of fork() may lead to deadlocks in the child.
  pid = os.fork()

[2025-10-10T10:49:55.838+0000] {standard_task_runner.py:72} INFO - Started process 935 to run task
[2025-10-10T10:49:55.839+0000] {standard_task_runner.py:104} INFO - Running: ['***', 'tasks', 'run', 'daily_motivation_and_playlist', 'log_final_report', 'scheduled__2025-10-09T07:00:00+00:00', '--job-id', '30', '--raw', '--subdir', 'DAGS_FOLDER/daily_motivation_playlist.py', '--cfg-path', '/tmp/tmpzpy10_6b']
[2025-10-10T10:49:55.839+0000] {standard_task_runner.py:105} INFO - Job 30: Subtask log_final_report
[2025-10-10T10:49:55.856+0000] {task_command.py:467} INFO - Running <TaskInstance: daily_motivation_and_playlist.log_final_report scheduled__2025-10-09T07:00:00+00:00 [running]> on host edc3617ecc7f
[2025-10-10T10:49:55.882+0000] {taskinstance.py:3132} INFO - Exporting env vars: AIRFLOW_CTX_DAG_OWNER='***' AIRFLOW_CTX_DAG_ID='daily_motivation_and_playlist' AIRFLOW_CTX_TASK_ID='log_final_report' AIRFLOW_CTX_EXECUTION_DATE='2025-10-09T07:00:00+00:00' AIRFLOW_CTX_TRY_NUMBER='1' AIRFLOW_CTX_DAG_RUN_ID='scheduled__2025-10-09T07:00:00+00:00'
[2025-10-10T10:49:55.883+0000] {taskinstance.py:731} INFO - ::endgroup::
[2025-10-10T10:49:55.894+0000] {daily_motivation_playlist.py:196} INFO - ====================================
[2025-10-10T10:49:55.894+0000] {daily_motivation_playlist.py:197} INFO - ====== YOUR DAILY MORNING REPORT =====
[2025-10-10T10:49:55.894+0000] {daily_motivation_playlist.py:198} INFO - ====================================
[2025-10-10T10:49:55.894+0000] {daily_motivation_playlist.py:200} INFO - MOTIVATION:
[2025-10-10T10:49:55.894+0000] {daily_motivation_playlist.py:201} INFO - -> Greet this fresh day with energy, making every focused goal a powerful stride toward your best self.
[2025-10-10T10:49:55.894+0000] {daily_motivation_playlist.py:202} INFO - 
[2025-10-10T10:49:55.894+0000] {daily_motivation_playlist.py:204} INFO - MUSIC SUGGESTION:
[2025-10-10T10:49:55.895+0000] {daily_motivation_playlist.py:206} INFO - Seasonal Vibe: Autumn
[2025-10-10T10:49:55.895+0000] {daily_motivation_playlist.py:207} INFO - Album: Kind of Blue
[2025-10-10T10:49:55.895+0000] {daily_motivation_playlist.py:208} INFO - Artist: Miles Davis
[2025-10-10T10:49:55.895+0000] {daily_motivation_playlist.py:209} INFO - Recommendation Reason: Its modal jazz provides a complex yet soothing backdrop, perfect for deep thought on a cool autumn day.
[2025-10-10T10:49:55.895+0000] {daily_motivation_playlist.py:213} INFO - ====================================
[2025-10-10T10:49:55.895+0000] {daily_motivation_playlist.py:215} INFO - Final Report logged successfully.
[2025-10-10T10:49:55.895+0000] {python.py:240} INFO - Done. Returned value was: None
[2025-10-10T10:49:55.898+0000] {taskinstance.py:340} INFO - ::group::Post task execution logs
[2025-10-10T10:49:55.898+0000] {taskinstance.py:352} INFO - Marking task as SUCCESS. dag_id=daily_motivation_and_playlist, task_id=log_final_report, run_id=scheduled__2025-10-09T07:00:00+00:00, execution_date=20251009T070000, start_date=20251010T104955, end_date=20251010T104955
[2025-10-10T10:49:55.940+0000] {local_task_job_runner.py:266} INFO - Task exited with return code 0
[2025-10-10T10:49:55.945+0000] {taskinstance.py:3895} INFO - 0 downstream tasks scheduled from follow-on schedule check
[2025-10-10T10:49:55.946+0000] {local_task_job_runner.py:245} INFO - ::endgroup::
