[2026-01-29T13:04:59.904+0000] {local_task_job_runner.py:123} INFO - ::group::Pre task execution logs
[2026-01-29T13:04:59.916+0000] {taskinstance.py:2613} INFO - Dependencies all met for dep_context=non-requeueable deps ti=<TaskInstance: garmin_daily_pipeline.fetch_garmin_metrics scheduled__2026-01-28T02:00:00+00:00 [queued]>
[2026-01-29T13:04:59.922+0000] {taskinstance.py:2613} INFO - Dependencies all met for dep_context=requeueable deps ti=<TaskInstance: garmin_daily_pipeline.fetch_garmin_metrics scheduled__2026-01-28T02:00:00+00:00 [queued]>
[2026-01-29T13:04:59.922+0000] {taskinstance.py:2866} INFO - Starting attempt 1 of 6
[2026-01-29T13:04:59.929+0000] {taskinstance.py:2889} INFO - Executing <Task(PythonOperator): fetch_garmin_metrics> on 2026-01-28 02:00:00+00:00
[2026-01-29T13:04:59.933+0000] {warnings.py:112} WARNING - /home/***/.local/lib/python3.12/site-packages/***/task/task_runner/standard_task_runner.py:70: DeprecationWarning: This process (pid=80) is multi-threaded, use of fork() may lead to deadlocks in the child.
  pid = os.fork()

[2026-01-29T13:04:59.934+0000] {standard_task_runner.py:72} INFO - Started process 86 to run task
[2026-01-29T13:04:59.935+0000] {standard_task_runner.py:104} INFO - Running: ['***', 'tasks', 'run', 'garmin_daily_pipeline', 'fetch_garmin_metrics', 'scheduled__2026-01-28T02:00:00+00:00', '--job-id', '74', '--raw', '--subdir', 'DAGS_FOLDER/garmin_daily_pipeline.py', '--cfg-path', '/tmp/tmpmpdp_5fj']
[2026-01-29T13:04:59.936+0000] {standard_task_runner.py:105} INFO - Job 74: Subtask fetch_garmin_metrics
[2026-01-29T13:04:59.971+0000] {task_command.py:467} INFO - Running <TaskInstance: garmin_daily_pipeline.fetch_garmin_metrics scheduled__2026-01-28T02:00:00+00:00 [running]> on host 996c176c0a46
[2026-01-29T13:05:00.017+0000] {taskinstance.py:3132} INFO - Exporting env vars: AIRFLOW_CTX_DAG_OWNER='***' AIRFLOW_CTX_DAG_ID='garmin_daily_pipeline' AIRFLOW_CTX_TASK_ID='fetch_garmin_metrics' AIRFLOW_CTX_EXECUTION_DATE='2026-01-28T02:00:00+00:00' AIRFLOW_CTX_TRY_NUMBER='1' AIRFLOW_CTX_DAG_RUN_ID='scheduled__2026-01-28T02:00:00+00:00'
[2026-01-29T13:05:00.019+0000] {taskinstance.py:731} INFO - ::endgroup::
[2026-01-29T13:05:00.029+0000] {garmin_daily_pipeline.py:48} INFO - 📅 Fetching Garmin metrics for 2026-01-27
[2026-01-29T13:05:00.079+0000] {garmin_daily_pipeline.py:66} INFO - 🔑 Logging into Garmin Connect...
[2026-01-29T13:05:03.426+0000] {garmin_daily_pipeline.py:69} INFO - ✅ Successfully logged in
[2026-01-29T13:05:03.428+0000] {garmin_daily_pipeline.py:92} INFO - ⏭️  Skipping steps (already exists)
[2026-01-29T13:05:03.429+0000] {garmin_daily_pipeline.py:92} INFO - ⏭️  Skipping sleep (already exists)
[2026-01-29T13:05:03.430+0000] {garmin_daily_pipeline.py:92} INFO - ⏭️  Skipping stress (already exists)
[2026-01-29T13:05:03.431+0000] {garmin_daily_pipeline.py:92} INFO - ⏭️  Skipping body_battery (already exists)
[2026-01-29T13:05:03.432+0000] {garmin_daily_pipeline.py:92} INFO - ⏭️  Skipping heart_rate (already exists)
[2026-01-29T13:05:03.432+0000] {garmin_daily_pipeline.py:122} INFO - 📊 Summary:
[2026-01-29T13:05:03.433+0000] {garmin_daily_pipeline.py:123} INFO -   - Fetched: 0 (none)
[2026-01-29T13:05:03.433+0000] {garmin_daily_pipeline.py:124} INFO -   - Skipped: 5 (steps, sleep, stress, body_battery, heart_rate)
[2026-01-29T13:05:03.433+0000] {garmin_daily_pipeline.py:125} INFO -   - Failed: 0 (none)
[2026-01-29T13:05:03.434+0000] {python.py:240} INFO - Done. Returned value was: {'date': '2026-01-27', 'metrics_fetched': [], 'metrics_skipped': ['steps', 'sleep', 'stress', 'body_battery', 'heart_rate'], 'metrics_failed': []}
[2026-01-29T13:05:03.452+0000] {taskinstance.py:340} INFO - ::group::Post task execution logs
[2026-01-29T13:05:03.452+0000] {taskinstance.py:352} INFO - Marking task as SUCCESS. dag_id=garmin_daily_pipeline, task_id=fetch_garmin_metrics, run_id=scheduled__2026-01-28T02:00:00+00:00, execution_date=20260128T020000, start_date=20260129T130459, end_date=20260129T130503
[2026-01-29T13:05:03.461+0000] {local_task_job_runner.py:266} INFO - Task exited with return code 0
[2026-01-29T13:05:03.472+0000] {taskinstance.py:3895} INFO - 1 downstream tasks scheduled from follow-on schedule check
[2026-01-29T13:05:03.473+0000] {local_task_job_runner.py:245} INFO - ::endgroup::
