[2025-10-10T10:28:00.381+0000] {local_task_job_runner.py:123} INFO - ::group::Pre task execution logs
[2025-10-10T10:28:00.387+0000] {taskinstance.py:2613} INFO - Dependencies all met for dep_context=non-requeueable deps ti=<TaskInstance: daily_weather_report_dag.pipeline_complete_message scheduled__2025-10-09T08:00:00+00:00 [queued]>
[2025-10-10T10:28:00.391+0000] {taskinstance.py:2613} INFO - Dependencies all met for dep_context=requeueable deps ti=<TaskInstance: daily_weather_report_dag.pipeline_complete_message scheduled__2025-10-09T08:00:00+00:00 [queued]>
[2025-10-10T10:28:00.392+0000] {taskinstance.py:2866} INFO - Starting attempt 1 of 1
[2025-10-10T10:28:00.397+0000] {taskinstance.py:2889} INFO - Executing <Task(BashOperator): pipeline_complete_message> on 2025-10-09 08:00:00+00:00
[2025-10-10T10:28:00.400+0000] {warnings.py:112} WARNING - /home/***/.local/lib/python3.12/site-packages/***/task/task_runner/standard_task_runner.py:70: DeprecationWarning: This process (pid=599) is multi-threaded, use of fork() may lead to deadlocks in the child.
  pid = os.fork()

[2025-10-10T10:28:00.400+0000] {standard_task_runner.py:72} INFO - Started process 603 to run task
[2025-10-10T10:28:00.401+0000] {standard_task_runner.py:104} INFO - Running: ['***', 'tasks', 'run', 'daily_weather_report_dag', 'pipeline_complete_message', 'scheduled__2025-10-09T08:00:00+00:00', '--job-id', '14', '--raw', '--subdir', 'DAGS_FOLDER/daily_weather_report_dag.py', '--cfg-path', '/tmp/tmptv1jow1s']
[2025-10-10T10:28:00.401+0000] {standard_task_runner.py:105} INFO - Job 14: Subtask pipeline_complete_message
[2025-10-10T10:28:00.417+0000] {task_command.py:467} INFO - Running <TaskInstance: daily_weather_report_dag.pipeline_complete_message scheduled__2025-10-09T08:00:00+00:00 [running]> on host edc3617ecc7f
[2025-10-10T10:28:00.443+0000] {taskinstance.py:3132} INFO - Exporting env vars: AIRFLOW_CTX_DAG_OWNER='***' AIRFLOW_CTX_DAG_ID='daily_weather_report_dag' AIRFLOW_CTX_TASK_ID='pipeline_complete_message' AIRFLOW_CTX_EXECUTION_DATE='2025-10-09T08:00:00+00:00' AIRFLOW_CTX_TRY_NUMBER='1' AIRFLOW_CTX_DAG_RUN_ID='scheduled__2025-10-09T08:00:00+00:00'
[2025-10-10T10:28:00.443+0000] {taskinstance.py:731} INFO - ::endgroup::
[2025-10-10T10:28:00.449+0000] {subprocess.py:78} INFO - Tmp dir root location: /tmp
[2025-10-10T10:28:00.450+0000] {subprocess.py:88} INFO - Running command: ['/usr/bin/bash', '-c', 'echo "Daily Weather Pipeline Finished!"']
[2025-10-10T10:28:00.453+0000] {subprocess.py:99} INFO - Output:
[2025-10-10T10:28:00.453+0000] {subprocess.py:106} INFO - Daily Weather Pipeline Finished!
[2025-10-10T10:28:00.454+0000] {subprocess.py:110} INFO - Command exited with return code 0
[2025-10-10T10:28:00.463+0000] {taskinstance.py:340} INFO - ::group::Post task execution logs
[2025-10-10T10:28:00.464+0000] {taskinstance.py:352} INFO - Marking task as SUCCESS. dag_id=daily_weather_report_dag, task_id=pipeline_complete_message, run_id=scheduled__2025-10-09T08:00:00+00:00, execution_date=20251009T080000, start_date=20251010T102800, end_date=20251010T102800
[2025-10-10T10:28:00.498+0000] {local_task_job_runner.py:266} INFO - Task exited with return code 0
[2025-10-10T10:28:00.505+0000] {taskinstance.py:3895} INFO - 0 downstream tasks scheduled from follow-on schedule check
[2025-10-10T10:28:00.506+0000] {local_task_job_runner.py:245} INFO - ::endgroup::
