[2025-10-10T10:36:05.233+0000] {local_task_job_runner.py:123} INFO - ::group::Pre task execution logs
[2025-10-10T10:36:05.241+0000] {taskinstance.py:2613} INFO - Dependencies all met for dep_context=non-requeueable deps ti=<TaskInstance: daily_weather_and_motivation.fetch_and_log_weather scheduled__2025-10-09T08:00:00+00:00 [queued]>
[2025-10-10T10:36:05.245+0000] {taskinstance.py:2613} INFO - Dependencies all met for dep_context=requeueable deps ti=<TaskInstance: daily_weather_and_motivation.fetch_and_log_weather scheduled__2025-10-09T08:00:00+00:00 [queued]>
[2025-10-10T10:36:05.245+0000] {taskinstance.py:2866} INFO - Starting attempt 1 of 1
[2025-10-10T10:36:05.250+0000] {taskinstance.py:2889} INFO - Executing <Task(PythonOperator): fetch_and_log_weather> on 2025-10-09 08:00:00+00:00
[2025-10-10T10:36:05.253+0000] {warnings.py:112} WARNING - /home/***/.local/lib/python3.12/site-packages/***/task/task_runner/standard_task_runner.py:70: DeprecationWarning: This process (pid=714) is multi-threaded, use of fork() may lead to deadlocks in the child.
  pid = os.fork()

[2025-10-10T10:36:05.254+0000] {standard_task_runner.py:72} INFO - Started process 720 to run task
[2025-10-10T10:36:05.254+0000] {standard_task_runner.py:104} INFO - Running: ['***', 'tasks', 'run', 'daily_weather_and_motivation', 'fetch_and_log_weather', 'scheduled__2025-10-09T08:00:00+00:00', '--job-id', '20', '--raw', '--subdir', 'DAGS_FOLDER/daily_weather_report_dag.py', '--cfg-path', '/tmp/tmps6mg68na']
[2025-10-10T10:36:05.255+0000] {standard_task_runner.py:105} INFO - Job 20: Subtask fetch_and_log_weather
[2025-10-10T10:36:05.284+0000] {task_command.py:467} INFO - Running <TaskInstance: daily_weather_and_motivation.fetch_and_log_weather scheduled__2025-10-09T08:00:00+00:00 [running]> on host edc3617ecc7f
[2025-10-10T10:36:05.324+0000] {taskinstance.py:3132} INFO - Exporting env vars: AIRFLOW_CTX_DAG_OWNER='***' AIRFLOW_CTX_DAG_ID='daily_weather_and_motivation' AIRFLOW_CTX_TASK_ID='fetch_and_log_weather' AIRFLOW_CTX_EXECUTION_DATE='2025-10-09T08:00:00+00:00' AIRFLOW_CTX_TRY_NUMBER='1' AIRFLOW_CTX_DAG_RUN_ID='scheduled__2025-10-09T08:00:00+00:00'
[2025-10-10T10:36:05.324+0000] {taskinstance.py:731} INFO - ::endgroup::
[2025-10-10T10:36:05.331+0000] {daily_weather_report_dag.py:18} INFO - --- Starting weather fetch process for Berlin ---
[2025-10-10T10:36:05.331+0000] {daily_weather_report_dag.py:21} INFO - Phase 1: Connecting to weather service... (Waiting 3 seconds)
[2025-10-10T10:36:08.332+0000] {daily_weather_report_dag.py:25} INFO - Phase 2: Data received. Processing and generating report... (Waiting 7 seconds)
[2025-10-10T10:36:15.333+0000] {daily_weather_report_dag.py:46} INFO - Phase 3: Weather Report generated successfully.
[2025-10-10T10:36:15.335+0000] {daily_weather_report_dag.py:47} INFO - Weather Report for Berlin: Temp is 20°C with Warm and clear skies ☀️.
[2025-10-10T10:36:15.336+0000] {daily_weather_report_dag.py:48} INFO - --- Weather fetch complete ---
[2025-10-10T10:36:15.337+0000] {python.py:240} INFO - Done. Returned value was: Weather Report for Berlin: Temp is 20°C with Warm and clear skies ☀️.
[2025-10-10T10:36:15.359+0000] {taskinstance.py:340} INFO - ::group::Post task execution logs
[2025-10-10T10:36:15.360+0000] {taskinstance.py:352} INFO - Marking task as SUCCESS. dag_id=daily_weather_and_motivation, task_id=fetch_and_log_weather, run_id=scheduled__2025-10-09T08:00:00+00:00, execution_date=20251009T080000, start_date=20251010T103605, end_date=20251010T103615
[2025-10-10T10:36:15.378+0000] {local_task_job_runner.py:266} INFO - Task exited with return code 0
[2025-10-10T10:36:15.389+0000] {taskinstance.py:3895} INFO - 1 downstream tasks scheduled from follow-on schedule check
[2025-10-10T10:36:15.389+0000] {local_task_job_runner.py:245} INFO - ::endgroup::
