[2026-02-03T12:41:36.644+0000] {local_task_job_runner.py:123} INFO - ::group::Pre task execution logs
[2026-02-03T12:41:36.650+0000] {taskinstance.py:2613} INFO - Dependencies all met for dep_context=non-requeueable deps ti=<TaskInstance: garmin_daily_pipeline.deploy_dashboard_views scheduled__2026-02-02T02:00:00+00:00 [queued]>
[2026-02-03T12:41:36.653+0000] {taskinstance.py:2613} INFO - Dependencies all met for dep_context=requeueable deps ti=<TaskInstance: garmin_daily_pipeline.deploy_dashboard_views scheduled__2026-02-02T02:00:00+00:00 [queued]>
[2026-02-03T12:41:36.653+0000] {taskinstance.py:2866} INFO - Starting attempt 1 of 2
[2026-02-03T12:41:36.657+0000] {taskinstance.py:2889} INFO - Executing <Task(PythonOperator): deploy_dashboard_views> on 2026-02-02 02:00:00+00:00
[2026-02-03T12:41:36.659+0000] {warnings.py:112} WARNING - /home/***/.local/lib/python3.12/site-packages/***/task/task_runner/standard_task_runner.py:70: DeprecationWarning: This process (pid=136) is multi-threaded, use of fork() may lead to deadlocks in the child.
  pid = os.fork()

[2026-02-03T12:41:36.660+0000] {standard_task_runner.py:72} INFO - Started process 137 to run task
[2026-02-03T12:41:36.660+0000] {standard_task_runner.py:104} INFO - Running: ['***', 'tasks', 'run', 'garmin_daily_pipeline', 'deploy_dashboard_views', 'scheduled__2026-02-02T02:00:00+00:00', '--job-id', '106', '--raw', '--subdir', 'DAGS_FOLDER/garmin_daily_pipeline.py', '--cfg-path', '/tmp/tmpnh6hn_5z']
[2026-02-03T12:41:36.661+0000] {standard_task_runner.py:105} INFO - Job 106: Subtask deploy_dashboard_views
[2026-02-03T12:41:36.677+0000] {task_command.py:467} INFO - Running <TaskInstance: garmin_daily_pipeline.deploy_dashboard_views scheduled__2026-02-02T02:00:00+00:00 [running]> on host 996c176c0a46
[2026-02-03T12:41:36.707+0000] {taskinstance.py:3132} INFO - Exporting env vars: AIRFLOW_CTX_DAG_OWNER='***' AIRFLOW_CTX_DAG_ID='garmin_daily_pipeline' AIRFLOW_CTX_TASK_ID='deploy_dashboard_views' AIRFLOW_CTX_EXECUTION_DATE='2026-02-02T02:00:00+00:00' AIRFLOW_CTX_TRY_NUMBER='1' AIRFLOW_CTX_DAG_RUN_ID='scheduled__2026-02-02T02:00:00+00:00'
[2026-02-03T12:41:36.707+0000] {taskinstance.py:731} INFO - ::endgroup::
[2026-02-03T12:41:36.712+0000] {garmin_daily_pipeline.py:394} INFO - 📊 Deploying dashboard views...
[2026-02-03T12:41:36.952+0000] {garmin_daily_pipeline.py:401} INFO - 📄 Reading SQL file: /opt/***/spatiotemporal/dashboard/looker_views.sql
[2026-02-03T12:41:36.952+0000] {garmin_daily_pipeline.py:421} INFO - 🔨 Deploying 5 dashboard views...
[2026-02-03T12:41:36.952+0000] {garmin_daily_pipeline.py:432} INFO -   [1/5] Deploying garmin_data.v_dashboard_daily...
[2026-02-03T12:41:38.413+0000] {garmin_daily_pipeline.py:437} INFO -     ✅ Success
[2026-02-03T12:41:38.414+0000] {garmin_daily_pipeline.py:432} INFO -   [2/5] Deploying garmin_data.v_dashboard_weekly...
[2026-02-03T12:41:39.410+0000] {garmin_daily_pipeline.py:437} INFO -     ✅ Success
[2026-02-03T12:41:39.410+0000] {garmin_daily_pipeline.py:432} INFO -   [3/5] Deploying garmin_data.v_dashboard_monthly...
[2026-02-03T12:41:40.397+0000] {garmin_daily_pipeline.py:437} INFO -     ✅ Success
[2026-02-03T12:41:40.397+0000] {garmin_daily_pipeline.py:432} INFO -   [4/5] Deploying garmin_data.v_dashboard_correlations...
[2026-02-03T12:41:41.559+0000] {garmin_daily_pipeline.py:437} INFO -     ✅ Success
[2026-02-03T12:41:41.559+0000] {garmin_daily_pipeline.py:432} INFO -   [5/5] Deploying garmin_data.v_dashboard_trends...
[2026-02-03T12:41:42.616+0000] {garmin_daily_pipeline.py:437} INFO -     ✅ Success
[2026-02-03T12:41:42.616+0000] {garmin_daily_pipeline.py:444} INFO - 📊 Summary:
[2026-02-03T12:41:42.617+0000] {garmin_daily_pipeline.py:445} INFO -   - Dashboard views deployed: 5
[2026-02-03T12:41:42.617+0000] {garmin_daily_pipeline.py:446} INFO -   - Dashboard views failed: 0
[2026-02-03T12:41:42.617+0000] {python.py:240} INFO - Done. Returned value was: {'dashboard_views_deployed': 5, 'dashboard_views_failed': 0, 'deployed_views': ['garmin_data.v_dashboard_daily', 'garmin_data.v_dashboard_weekly', 'garmin_data.v_dashboard_monthly', 'garmin_data.v_dashboard_correlations', 'garmin_data.v_dashboard_trends']}
[2026-02-03T12:41:42.630+0000] {taskinstance.py:340} INFO - ::group::Post task execution logs
[2026-02-03T12:41:42.630+0000] {taskinstance.py:352} INFO - Marking task as SUCCESS. dag_id=garmin_daily_pipeline, task_id=deploy_dashboard_views, run_id=scheduled__2026-02-02T02:00:00+00:00, execution_date=20260202T020000, start_date=20260203T124136, end_date=20260203T124142
[2026-02-03T12:41:42.668+0000] {local_task_job_runner.py:266} INFO - Task exited with return code 0
[2026-02-03T12:41:42.677+0000] {taskinstance.py:3895} INFO - 0 downstream tasks scheduled from follow-on schedule check
[2026-02-03T12:41:42.677+0000] {local_task_job_runner.py:245} INFO - ::endgroup::
