[2025-10-10T12:38:51.206+0000] {local_task_job_runner.py:123} INFO - ::group::Pre task execution logs
[2025-10-10T12:38:51.213+0000] {taskinstance.py:2613} INFO - Dependencies all met for dep_context=non-requeueable deps ti=<TaskInstance: daily_motivation_and_playlist.log_final_report manual__2025-10-10T12:38:42.307611+00:00 [queued]>
[2025-10-10T12:38:51.217+0000] {taskinstance.py:2613} INFO - Dependencies all met for dep_context=requeueable deps ti=<TaskInstance: daily_motivation_and_playlist.log_final_report manual__2025-10-10T12:38:42.307611+00:00 [queued]>
[2025-10-10T12:38:51.217+0000] {taskinstance.py:2866} INFO - Starting attempt 1 of 1
[2025-10-10T12:38:51.225+0000] {taskinstance.py:2889} INFO - Executing <Task(PythonOperator): log_final_report> on 2025-10-10 12:38:42.307611+00:00
[2025-10-10T12:38:51.227+0000] {warnings.py:112} WARNING - /home/***/.local/lib/python3.12/site-packages/***/task/task_runner/standard_task_runner.py:70: DeprecationWarning: This process (pid=905) is multi-threaded, use of fork() may lead to deadlocks in the child.
  pid = os.fork()

[2025-10-10T12:38:51.227+0000] {standard_task_runner.py:72} INFO - Started process 906 to run task
[2025-10-10T12:38:51.228+0000] {standard_task_runner.py:104} INFO - Running: ['***', 'tasks', 'run', 'daily_motivation_and_playlist', 'log_final_report', 'manual__2025-10-10T12:38:42.307611+00:00', '--job-id', '48', '--raw', '--subdir', 'DAGS_FOLDER/daily_motivation_playlist.py', '--cfg-path', '/tmp/tmpkidm9_59']
[2025-10-10T12:38:51.228+0000] {standard_task_runner.py:105} INFO - Job 48: Subtask log_final_report
[2025-10-10T12:38:51.242+0000] {task_command.py:467} INFO - Running <TaskInstance: daily_motivation_and_playlist.log_final_report manual__2025-10-10T12:38:42.307611+00:00 [running]> on host 66b33d323620
[2025-10-10T12:38:51.265+0000] {taskinstance.py:3132} INFO - Exporting env vars: AIRFLOW_CTX_DAG_OWNER='***' AIRFLOW_CTX_DAG_ID='daily_motivation_and_playlist' AIRFLOW_CTX_TASK_ID='log_final_report' AIRFLOW_CTX_EXECUTION_DATE='2025-10-10T12:38:42.307611+00:00' AIRFLOW_CTX_TRY_NUMBER='1' AIRFLOW_CTX_DAG_RUN_ID='manual__2025-10-10T12:38:42.307611+00:00'
[2025-10-10T12:38:51.265+0000] {taskinstance.py:731} INFO - ::endgroup::
[2025-10-10T12:38:51.276+0000] {daily_motivation_playlist.py:299} INFO - ====================================
[2025-10-10T12:38:51.276+0000] {daily_motivation_playlist.py:300} INFO - ====== YOUR DAILY MORNING REPORT (Autumn) =====
[2025-10-10T12:38:51.277+0000] {daily_motivation_playlist.py:301} INFO - ====================================
[2025-10-10T12:38:51.277+0000] {daily_motivation_playlist.py:304} INFO - MOTIVATION:
[2025-10-10T12:38:51.277+0000] {daily_motivation_playlist.py:305} INFO - -> Ignite your focus and seize today's victories with a powerful start!
[2025-10-10T12:38:51.277+0000] {daily_motivation_playlist.py:306} INFO - 
[2025-10-10T12:38:51.277+0000] {daily_motivation_playlist.py:309} INFO - DAILY BEVERAGE SUGGESTION:
[2025-10-10T12:38:51.277+0000] {daily_motivation_playlist.py:311} INFO - Drink: Pumpkin King's Elixir
[2025-10-10T12:38:51.277+0000] {daily_motivation_playlist.py:312} INFO - Style: Hot
[2025-10-10T12:38:51.277+0000] {daily_motivation_playlist.py:313} INFO - Flavour: Rich pumpkin, a symphony of autumn spices, and a subtly sweet finish.
[2025-10-10T12:38:51.277+0000] {daily_motivation_playlist.py:316} INFO - 
[2025-10-10T12:38:51.277+0000] {daily_motivation_playlist.py:319} INFO - MUSIC SUGGESTION:
[2025-10-10T12:38:51.277+0000] {daily_motivation_playlist.py:321} INFO - Album: Seven Days of Falling
[2025-10-10T12:38:51.277+0000] {daily_motivation_playlist.py:322} INFO - Artist: Esbjörn Svensson Trio
[2025-10-10T12:38:51.278+0000] {daily_motivation_playlist.py:323} INFO - Reason: Its intricate melodies, warm piano, and contemplative modern jazz evoke the perfect atmosphere for crisp autumn air and deep reflection.
[2025-10-10T12:38:51.278+0000] {daily_motivation_playlist.py:327} INFO - ====================================
[2025-10-10T12:38:51.278+0000] {daily_motivation_playlist.py:329} INFO - Final Report logged successfully.
[2025-10-10T12:38:51.278+0000] {python.py:240} INFO - Done. Returned value was: None
[2025-10-10T12:38:51.280+0000] {taskinstance.py:340} INFO - ::group::Post task execution logs
[2025-10-10T12:38:51.280+0000] {taskinstance.py:352} INFO - Marking task as SUCCESS. dag_id=daily_motivation_and_playlist, task_id=log_final_report, run_id=manual__2025-10-10T12:38:42.307611+00:00, execution_date=20251010T123842, start_date=20251010T123851, end_date=20251010T123851
[2025-10-10T12:38:51.327+0000] {local_task_job_runner.py:266} INFO - Task exited with return code 0
[2025-10-10T12:38:51.336+0000] {taskinstance.py:3895} INFO - 0 downstream tasks scheduled from follow-on schedule check
[2025-10-10T12:38:51.336+0000] {local_task_job_runner.py:245} INFO - ::endgroup::
