[2025-10-10T09:36:21.722+0000] {processor.py:186} INFO - Started process (PID=77) to work on /home/airflow/.local/lib/python3.12/site-packages/airflow/example_dags/example_latest_only.py
[2025-10-10T09:36:21.722+0000] {processor.py:914} INFO - Processing file /home/airflow/.local/lib/python3.12/site-packages/airflow/example_dags/example_latest_only.py for tasks to queue
[2025-10-10T09:36:21.723+0000] {logging_mixin.py:190} INFO - [2025-10-10T09:36:21.723+0000] {dagbag.py:588} INFO - Filling up the DagBag from /home/airflow/.local/lib/python3.12/site-packages/airflow/example_dags/example_latest_only.py
[2025-10-10T09:36:21.727+0000] {processor.py:925} INFO - DAG(s) 'latest_only' retrieved from /home/airflow/.local/lib/python3.12/site-packages/airflow/example_dags/example_latest_only.py
[2025-10-10T09:36:21.764+0000] {logging_mixin.py:190} INFO - [2025-10-10T09:36:21.763+0000] {override.py:1911} INFO - Created Permission View: can edit on DAG:latest_only
[2025-10-10T09:36:21.767+0000] {logging_mixin.py:190} INFO - [2025-10-10T09:36:21.767+0000] {override.py:1911} INFO - Created Permission View: can read on DAG:latest_only
[2025-10-10T09:36:21.769+0000] {logging_mixin.py:190} INFO - [2025-10-10T09:36:21.769+0000] {override.py:1911} INFO - Created Permission View: can delete on DAG:latest_only
[2025-10-10T09:36:21.772+0000] {logging_mixin.py:190} INFO - [2025-10-10T09:36:21.772+0000] {override.py:1911} INFO - Created Permission View: can read on DAG Run:latest_only
[2025-10-10T09:36:21.775+0000] {logging_mixin.py:190} INFO - [2025-10-10T09:36:21.775+0000] {override.py:1911} INFO - Created Permission View: menu access on DAG Run:latest_only
[2025-10-10T09:36:21.776+0000] {logging_mixin.py:190} INFO - [2025-10-10T09:36:21.776+0000] {override.py:1911} INFO - Created Permission View: can delete on DAG Run:latest_only
[2025-10-10T09:36:21.778+0000] {logging_mixin.py:190} INFO - [2025-10-10T09:36:21.778+0000] {override.py:1911} INFO - Created Permission View: can create on DAG Run:latest_only
[2025-10-10T09:36:21.778+0000] {logging_mixin.py:190} INFO - [2025-10-10T09:36:21.778+0000] {dag.py:3239} INFO - Sync 1 DAGs
[2025-10-10T09:36:21.783+0000] {logging_mixin.py:190} INFO - [2025-10-10T09:36:21.782+0000] {dag.py:3262} INFO - Creating ORM DAG for latest_only
[2025-10-10T09:36:21.789+0000] {logging_mixin.py:190} INFO - [2025-10-10T09:36:21.789+0000] {dag.py:4180} INFO - Setting next_dagrun for latest_only to 2025-10-10 04:00:00+00:00, run_after=2025-10-10 08:00:00+00:00
[2025-10-10T09:36:21.802+0000] {processor.py:208} INFO - Processing /home/airflow/.local/lib/python3.12/site-packages/airflow/example_dags/example_latest_only.py took 0.082 seconds
[2025-10-10T09:36:52.635+0000] {processor.py:186} INFO - Started process (PID=140) to work on /home/airflow/.local/lib/python3.12/site-packages/airflow/example_dags/example_latest_only.py
[2025-10-10T09:36:52.635+0000] {processor.py:914} INFO - Processing file /home/airflow/.local/lib/python3.12/site-packages/airflow/example_dags/example_latest_only.py for tasks to queue
[2025-10-10T09:36:52.636+0000] {logging_mixin.py:190} INFO - [2025-10-10T09:36:52.636+0000] {dagbag.py:588} INFO - Filling up the DagBag from /home/airflow/.local/lib/python3.12/site-packages/airflow/example_dags/example_latest_only.py
[2025-10-10T09:36:52.642+0000] {processor.py:925} INFO - DAG(s) 'latest_only' retrieved from /home/airflow/.local/lib/python3.12/site-packages/airflow/example_dags/example_latest_only.py
[2025-10-10T09:36:52.648+0000] {logging_mixin.py:190} INFO - [2025-10-10T09:36:52.648+0000] {dag.py:3239} INFO - Sync 1 DAGs
[2025-10-10T09:36:52.657+0000] {logging_mixin.py:190} INFO - [2025-10-10T09:36:52.657+0000] {dag.py:4180} INFO - Setting next_dagrun for latest_only to 2025-10-10 04:00:00+00:00, run_after=2025-10-10 08:00:00+00:00
[2025-10-10T09:36:52.662+0000] {processor.py:208} INFO - Processing /home/airflow/.local/lib/python3.12/site-packages/airflow/example_dags/example_latest_only.py took 0.030 seconds
[2025-10-10T09:37:22.847+0000] {processor.py:186} INFO - Started process (PID=203) to work on /home/airflow/.local/lib/python3.12/site-packages/airflow/example_dags/example_latest_only.py
[2025-10-10T09:37:22.848+0000] {processor.py:914} INFO - Processing file /home/airflow/.local/lib/python3.12/site-packages/airflow/example_dags/example_latest_only.py for tasks to queue
[2025-10-10T09:37:22.849+0000] {logging_mixin.py:190} INFO - [2025-10-10T09:37:22.849+0000] {dagbag.py:588} INFO - Filling up the DagBag from /home/airflow/.local/lib/python3.12/site-packages/airflow/example_dags/example_latest_only.py
[2025-10-10T09:37:22.852+0000] {processor.py:925} INFO - DAG(s) 'latest_only' retrieved from /home/airflow/.local/lib/python3.12/site-packages/airflow/example_dags/example_latest_only.py
[2025-10-10T09:37:22.861+0000] {logging_mixin.py:190} INFO - [2025-10-10T09:37:22.861+0000] {dag.py:3239} INFO - Sync 1 DAGs
[2025-10-10T09:37:22.869+0000] {logging_mixin.py:190} INFO - [2025-10-10T09:37:22.869+0000] {dag.py:4180} INFO - Setting next_dagrun for latest_only to 2025-10-10 04:00:00+00:00, run_after=2025-10-10 08:00:00+00:00
[2025-10-10T09:37:22.875+0000] {processor.py:208} INFO - Processing /home/airflow/.local/lib/python3.12/site-packages/airflow/example_dags/example_latest_only.py took 0.031 seconds
[2025-10-10T09:37:52.915+0000] {processor.py:186} INFO - Started process (PID=265) to work on /home/airflow/.local/lib/python3.12/site-packages/airflow/example_dags/example_latest_only.py
[2025-10-10T09:37:52.915+0000] {processor.py:914} INFO - Processing file /home/airflow/.local/lib/python3.12/site-packages/airflow/example_dags/example_latest_only.py for tasks to queue
[2025-10-10T09:37:52.916+0000] {logging_mixin.py:190} INFO - [2025-10-10T09:37:52.916+0000] {dagbag.py:588} INFO - Filling up the DagBag from /home/airflow/.local/lib/python3.12/site-packages/airflow/example_dags/example_latest_only.py
[2025-10-10T09:37:52.919+0000] {processor.py:925} INFO - DAG(s) 'latest_only' retrieved from /home/airflow/.local/lib/python3.12/site-packages/airflow/example_dags/example_latest_only.py
[2025-10-10T09:37:52.925+0000] {logging_mixin.py:190} INFO - [2025-10-10T09:37:52.925+0000] {dag.py:3239} INFO - Sync 1 DAGs
[2025-10-10T09:37:52.932+0000] {logging_mixin.py:190} INFO - [2025-10-10T09:37:52.931+0000] {dag.py:4180} INFO - Setting next_dagrun for latest_only to 2025-10-10 04:00:00+00:00, run_after=2025-10-10 08:00:00+00:00
[2025-10-10T09:37:52.936+0000] {processor.py:208} INFO - Processing /home/airflow/.local/lib/python3.12/site-packages/airflow/example_dags/example_latest_only.py took 0.023 seconds
[2025-10-10T09:38:17.556+0000] {processor.py:186} INFO - Started process (PID=73) to work on /home/airflow/.local/lib/python3.12/site-packages/airflow/example_dags/example_latest_only.py
[2025-10-10T09:38:17.556+0000] {processor.py:914} INFO - Processing file /home/airflow/.local/lib/python3.12/site-packages/airflow/example_dags/example_latest_only.py for tasks to queue
[2025-10-10T09:38:17.557+0000] {logging_mixin.py:190} INFO - [2025-10-10T09:38:17.557+0000] {dagbag.py:588} INFO - Filling up the DagBag from /home/airflow/.local/lib/python3.12/site-packages/airflow/example_dags/example_latest_only.py
[2025-10-10T09:38:17.560+0000] {processor.py:925} INFO - DAG(s) 'latest_only' retrieved from /home/airflow/.local/lib/python3.12/site-packages/airflow/example_dags/example_latest_only.py
[2025-10-10T09:38:17.567+0000] {logging_mixin.py:190} INFO - [2025-10-10T09:38:17.567+0000] {dag.py:3239} INFO - Sync 1 DAGs
[2025-10-10T09:38:17.574+0000] {logging_mixin.py:190} INFO - [2025-10-10T09:38:17.574+0000] {dag.py:4180} INFO - Setting next_dagrun for latest_only to 2025-10-10 04:00:00+00:00, run_after=2025-10-10 08:00:00+00:00
[2025-10-10T09:38:17.580+0000] {processor.py:208} INFO - Processing /home/airflow/.local/lib/python3.12/site-packages/airflow/example_dags/example_latest_only.py took 0.026 seconds
[2025-10-10T09:38:48.654+0000] {processor.py:186} INFO - Started process (PID=137) to work on /home/airflow/.local/lib/python3.12/site-packages/airflow/example_dags/example_latest_only.py
[2025-10-10T09:38:48.655+0000] {processor.py:914} INFO - Processing file /home/airflow/.local/lib/python3.12/site-packages/airflow/example_dags/example_latest_only.py for tasks to queue
[2025-10-10T09:38:48.659+0000] {logging_mixin.py:190} INFO - [2025-10-10T09:38:48.659+0000] {dagbag.py:588} INFO - Filling up the DagBag from /home/airflow/.local/lib/python3.12/site-packages/airflow/example_dags/example_latest_only.py
[2025-10-10T09:38:48.663+0000] {processor.py:925} INFO - DAG(s) 'latest_only' retrieved from /home/airflow/.local/lib/python3.12/site-packages/airflow/example_dags/example_latest_only.py
[2025-10-10T09:38:48.671+0000] {logging_mixin.py:190} INFO - [2025-10-10T09:38:48.671+0000] {dag.py:3239} INFO - Sync 1 DAGs
[2025-10-10T09:38:48.679+0000] {logging_mixin.py:190} INFO - [2025-10-10T09:38:48.679+0000] {dag.py:4180} INFO - Setting next_dagrun for latest_only to 2025-10-10 04:00:00+00:00, run_after=2025-10-10 08:00:00+00:00
[2025-10-10T09:38:48.686+0000] {processor.py:208} INFO - Processing /home/airflow/.local/lib/python3.12/site-packages/airflow/example_dags/example_latest_only.py took 0.033 seconds
[2025-10-10T09:39:19.842+0000] {processor.py:186} INFO - Started process (PID=201) to work on /home/airflow/.local/lib/python3.12/site-packages/airflow/example_dags/example_latest_only.py
[2025-10-10T09:39:19.842+0000] {processor.py:914} INFO - Processing file /home/airflow/.local/lib/python3.12/site-packages/airflow/example_dags/example_latest_only.py for tasks to queue
[2025-10-10T09:39:19.843+0000] {logging_mixin.py:190} INFO - [2025-10-10T09:39:19.843+0000] {dagbag.py:588} INFO - Filling up the DagBag from /home/airflow/.local/lib/python3.12/site-packages/airflow/example_dags/example_latest_only.py
[2025-10-10T09:39:19.845+0000] {processor.py:925} INFO - DAG(s) 'latest_only' retrieved from /home/airflow/.local/lib/python3.12/site-packages/airflow/example_dags/example_latest_only.py
[2025-10-10T09:39:19.856+0000] {logging_mixin.py:190} INFO - [2025-10-10T09:39:19.856+0000] {dag.py:3239} INFO - Sync 1 DAGs
[2025-10-10T09:39:19.866+0000] {logging_mixin.py:190} INFO - [2025-10-10T09:39:19.866+0000] {dag.py:4180} INFO - Setting next_dagrun for latest_only to 2025-10-10 04:00:00+00:00, run_after=2025-10-10 08:00:00+00:00
[2025-10-10T09:39:19.875+0000] {processor.py:208} INFO - Processing /home/airflow/.local/lib/python3.12/site-packages/airflow/example_dags/example_latest_only.py took 0.036 seconds
[2025-10-10T09:39:50.923+0000] {processor.py:186} INFO - Started process (PID=265) to work on /home/airflow/.local/lib/python3.12/site-packages/airflow/example_dags/example_latest_only.py
[2025-10-10T09:39:50.924+0000] {processor.py:914} INFO - Processing file /home/airflow/.local/lib/python3.12/site-packages/airflow/example_dags/example_latest_only.py for tasks to queue
[2025-10-10T09:39:50.924+0000] {logging_mixin.py:190} INFO - [2025-10-10T09:39:50.924+0000] {dagbag.py:588} INFO - Filling up the DagBag from /home/airflow/.local/lib/python3.12/site-packages/airflow/example_dags/example_latest_only.py
[2025-10-10T09:39:50.927+0000] {processor.py:925} INFO - DAG(s) 'latest_only' retrieved from /home/airflow/.local/lib/python3.12/site-packages/airflow/example_dags/example_latest_only.py
[2025-10-10T09:39:50.933+0000] {logging_mixin.py:190} INFO - [2025-10-10T09:39:50.933+0000] {dag.py:3239} INFO - Sync 1 DAGs
[2025-10-10T09:39:50.941+0000] {logging_mixin.py:190} INFO - [2025-10-10T09:39:50.941+0000] {dag.py:4180} INFO - Setting next_dagrun for latest_only to 2025-10-10 04:00:00+00:00, run_after=2025-10-10 08:00:00+00:00
[2025-10-10T09:39:50.948+0000] {processor.py:208} INFO - Processing /home/airflow/.local/lib/python3.12/site-packages/airflow/example_dags/example_latest_only.py took 0.027 seconds
[2025-10-10T09:40:22.136+0000] {processor.py:186} INFO - Started process (PID=329) to work on /home/airflow/.local/lib/python3.12/site-packages/airflow/example_dags/example_latest_only.py
[2025-10-10T09:40:22.136+0000] {processor.py:914} INFO - Processing file /home/airflow/.local/lib/python3.12/site-packages/airflow/example_dags/example_latest_only.py for tasks to queue
[2025-10-10T09:40:22.137+0000] {logging_mixin.py:190} INFO - [2025-10-10T09:40:22.137+0000] {dagbag.py:588} INFO - Filling up the DagBag from /home/airflow/.local/lib/python3.12/site-packages/airflow/example_dags/example_latest_only.py
[2025-10-10T09:40:22.139+0000] {processor.py:925} INFO - DAG(s) 'latest_only' retrieved from /home/airflow/.local/lib/python3.12/site-packages/airflow/example_dags/example_latest_only.py
[2025-10-10T09:40:22.152+0000] {logging_mixin.py:190} INFO - [2025-10-10T09:40:22.152+0000] {dag.py:3239} INFO - Sync 1 DAGs
[2025-10-10T09:40:22.160+0000] {logging_mixin.py:190} INFO - [2025-10-10T09:40:22.160+0000] {dag.py:4180} INFO - Setting next_dagrun for latest_only to 2025-10-10 04:00:00+00:00, run_after=2025-10-10 08:00:00+00:00
[2025-10-10T09:40:22.165+0000] {processor.py:208} INFO - Processing /home/airflow/.local/lib/python3.12/site-packages/airflow/example_dags/example_latest_only.py took 0.032 seconds
[2025-10-10T09:40:53.377+0000] {processor.py:186} INFO - Started process (PID=393) to work on /home/airflow/.local/lib/python3.12/site-packages/airflow/example_dags/example_latest_only.py
[2025-10-10T09:40:53.377+0000] {processor.py:914} INFO - Processing file /home/airflow/.local/lib/python3.12/site-packages/airflow/example_dags/example_latest_only.py for tasks to queue
[2025-10-10T09:40:53.378+0000] {logging_mixin.py:190} INFO - [2025-10-10T09:40:53.378+0000] {dagbag.py:588} INFO - Filling up the DagBag from /home/airflow/.local/lib/python3.12/site-packages/airflow/example_dags/example_latest_only.py
[2025-10-10T09:40:53.381+0000] {processor.py:925} INFO - DAG(s) 'latest_only' retrieved from /home/airflow/.local/lib/python3.12/site-packages/airflow/example_dags/example_latest_only.py
[2025-10-10T09:40:53.397+0000] {logging_mixin.py:190} INFO - [2025-10-10T09:40:53.397+0000] {dag.py:3239} INFO - Sync 1 DAGs
[2025-10-10T09:40:53.404+0000] {logging_mixin.py:190} INFO - [2025-10-10T09:40:53.404+0000] {dag.py:4180} INFO - Setting next_dagrun for latest_only to 2025-10-10 04:00:00+00:00, run_after=2025-10-10 08:00:00+00:00
[2025-10-10T09:40:53.409+0000] {processor.py:208} INFO - Processing /home/airflow/.local/lib/python3.12/site-packages/airflow/example_dags/example_latest_only.py took 0.034 seconds
[2025-10-10T09:41:24.540+0000] {processor.py:186} INFO - Started process (PID=457) to work on /home/airflow/.local/lib/python3.12/site-packages/airflow/example_dags/example_latest_only.py
[2025-10-10T09:41:24.540+0000] {processor.py:914} INFO - Processing file /home/airflow/.local/lib/python3.12/site-packages/airflow/example_dags/example_latest_only.py for tasks to queue
[2025-10-10T09:41:24.541+0000] {logging_mixin.py:190} INFO - [2025-10-10T09:41:24.541+0000] {dagbag.py:588} INFO - Filling up the DagBag from /home/airflow/.local/lib/python3.12/site-packages/airflow/example_dags/example_latest_only.py
[2025-10-10T09:41:24.543+0000] {processor.py:925} INFO - DAG(s) 'latest_only' retrieved from /home/airflow/.local/lib/python3.12/site-packages/airflow/example_dags/example_latest_only.py
[2025-10-10T09:41:24.550+0000] {logging_mixin.py:190} INFO - [2025-10-10T09:41:24.550+0000] {dag.py:3239} INFO - Sync 1 DAGs
[2025-10-10T09:41:24.557+0000] {logging_mixin.py:190} INFO - [2025-10-10T09:41:24.557+0000] {dag.py:4180} INFO - Setting next_dagrun for latest_only to 2025-10-10 04:00:00+00:00, run_after=2025-10-10 08:00:00+00:00
[2025-10-10T09:41:24.562+0000] {processor.py:208} INFO - Processing /home/airflow/.local/lib/python3.12/site-packages/airflow/example_dags/example_latest_only.py took 0.025 seconds
[2025-10-10T09:41:55.753+0000] {processor.py:186} INFO - Started process (PID=521) to work on /home/airflow/.local/lib/python3.12/site-packages/airflow/example_dags/example_latest_only.py
[2025-10-10T09:41:55.753+0000] {processor.py:914} INFO - Processing file /home/airflow/.local/lib/python3.12/site-packages/airflow/example_dags/example_latest_only.py for tasks to queue
[2025-10-10T09:41:55.754+0000] {logging_mixin.py:190} INFO - [2025-10-10T09:41:55.754+0000] {dagbag.py:588} INFO - Filling up the DagBag from /home/airflow/.local/lib/python3.12/site-packages/airflow/example_dags/example_latest_only.py
[2025-10-10T09:41:55.757+0000] {processor.py:925} INFO - DAG(s) 'latest_only' retrieved from /home/airflow/.local/lib/python3.12/site-packages/airflow/example_dags/example_latest_only.py
[2025-10-10T09:41:55.764+0000] {logging_mixin.py:190} INFO - [2025-10-10T09:41:55.764+0000] {dag.py:3239} INFO - Sync 1 DAGs
[2025-10-10T09:41:55.772+0000] {logging_mixin.py:190} INFO - [2025-10-10T09:41:55.772+0000] {dag.py:4180} INFO - Setting next_dagrun for latest_only to 2025-10-10 04:00:00+00:00, run_after=2025-10-10 08:00:00+00:00
[2025-10-10T09:41:55.779+0000] {processor.py:208} INFO - Processing /home/airflow/.local/lib/python3.12/site-packages/airflow/example_dags/example_latest_only.py took 0.029 seconds
[2025-10-10T09:42:26.828+0000] {processor.py:186} INFO - Started process (PID=585) to work on /home/airflow/.local/lib/python3.12/site-packages/airflow/example_dags/example_latest_only.py
[2025-10-10T09:42:26.830+0000] {processor.py:914} INFO - Processing file /home/airflow/.local/lib/python3.12/site-packages/airflow/example_dags/example_latest_only.py for tasks to queue
[2025-10-10T09:42:26.830+0000] {logging_mixin.py:190} INFO - [2025-10-10T09:42:26.830+0000] {dagbag.py:588} INFO - Filling up the DagBag from /home/airflow/.local/lib/python3.12/site-packages/airflow/example_dags/example_latest_only.py
[2025-10-10T09:42:26.833+0000] {processor.py:925} INFO - DAG(s) 'latest_only' retrieved from /home/airflow/.local/lib/python3.12/site-packages/airflow/example_dags/example_latest_only.py
[2025-10-10T09:42:26.840+0000] {logging_mixin.py:190} INFO - [2025-10-10T09:42:26.840+0000] {dag.py:3239} INFO - Sync 1 DAGs
[2025-10-10T09:42:26.847+0000] {logging_mixin.py:190} INFO - [2025-10-10T09:42:26.847+0000] {dag.py:4180} INFO - Setting next_dagrun for latest_only to 2025-10-10 04:00:00+00:00, run_after=2025-10-10 08:00:00+00:00
[2025-10-10T09:42:26.852+0000] {processor.py:208} INFO - Processing /home/airflow/.local/lib/python3.12/site-packages/airflow/example_dags/example_latest_only.py took 0.026 seconds
[2025-10-10T09:42:58.093+0000] {processor.py:186} INFO - Started process (PID=649) to work on /home/airflow/.local/lib/python3.12/site-packages/airflow/example_dags/example_latest_only.py
[2025-10-10T09:42:58.093+0000] {processor.py:914} INFO - Processing file /home/airflow/.local/lib/python3.12/site-packages/airflow/example_dags/example_latest_only.py for tasks to queue
[2025-10-10T09:42:58.095+0000] {logging_mixin.py:190} INFO - [2025-10-10T09:42:58.094+0000] {dagbag.py:588} INFO - Filling up the DagBag from /home/airflow/.local/lib/python3.12/site-packages/airflow/example_dags/example_latest_only.py
[2025-10-10T09:42:58.097+0000] {processor.py:925} INFO - DAG(s) 'latest_only' retrieved from /home/airflow/.local/lib/python3.12/site-packages/airflow/example_dags/example_latest_only.py
[2025-10-10T09:42:58.104+0000] {logging_mixin.py:190} INFO - [2025-10-10T09:42:58.104+0000] {dag.py:3239} INFO - Sync 1 DAGs
[2025-10-10T09:42:58.112+0000] {logging_mixin.py:190} INFO - [2025-10-10T09:42:58.112+0000] {dag.py:4180} INFO - Setting next_dagrun for latest_only to 2025-10-10 04:00:00+00:00, run_after=2025-10-10 08:00:00+00:00
[2025-10-10T09:42:58.118+0000] {processor.py:208} INFO - Processing /home/airflow/.local/lib/python3.12/site-packages/airflow/example_dags/example_latest_only.py took 0.027 seconds
[2025-10-10T09:43:29.182+0000] {processor.py:186} INFO - Started process (PID=713) to work on /home/airflow/.local/lib/python3.12/site-packages/airflow/example_dags/example_latest_only.py
[2025-10-10T09:43:29.183+0000] {processor.py:914} INFO - Processing file /home/airflow/.local/lib/python3.12/site-packages/airflow/example_dags/example_latest_only.py for tasks to queue
[2025-10-10T09:43:29.184+0000] {logging_mixin.py:190} INFO - [2025-10-10T09:43:29.184+0000] {dagbag.py:588} INFO - Filling up the DagBag from /home/airflow/.local/lib/python3.12/site-packages/airflow/example_dags/example_latest_only.py
[2025-10-10T09:43:29.187+0000] {processor.py:925} INFO - DAG(s) 'latest_only' retrieved from /home/airflow/.local/lib/python3.12/site-packages/airflow/example_dags/example_latest_only.py
[2025-10-10T09:43:29.195+0000] {logging_mixin.py:190} INFO - [2025-10-10T09:43:29.195+0000] {dag.py:3239} INFO - Sync 1 DAGs
[2025-10-10T09:43:29.203+0000] {logging_mixin.py:190} INFO - [2025-10-10T09:43:29.203+0000] {dag.py:4180} INFO - Setting next_dagrun for latest_only to 2025-10-10 04:00:00+00:00, run_after=2025-10-10 08:00:00+00:00
[2025-10-10T09:43:29.212+0000] {processor.py:208} INFO - Processing /home/airflow/.local/lib/python3.12/site-packages/airflow/example_dags/example_latest_only.py took 0.032 seconds
[2025-10-10T09:44:09.806+0000] {processor.py:186} INFO - Started process (PID=80) to work on /home/airflow/.local/lib/python3.12/site-packages/airflow/example_dags/example_latest_only.py
[2025-10-10T09:44:09.806+0000] {processor.py:914} INFO - Processing file /home/airflow/.local/lib/python3.12/site-packages/airflow/example_dags/example_latest_only.py for tasks to queue
[2025-10-10T09:44:09.807+0000] {logging_mixin.py:190} INFO - [2025-10-10T09:44:09.807+0000] {dagbag.py:588} INFO - Filling up the DagBag from /home/airflow/.local/lib/python3.12/site-packages/airflow/example_dags/example_latest_only.py
[2025-10-10T09:44:09.810+0000] {processor.py:925} INFO - DAG(s) 'latest_only' retrieved from /home/airflow/.local/lib/python3.12/site-packages/airflow/example_dags/example_latest_only.py
[2025-10-10T09:44:09.819+0000] {logging_mixin.py:190} INFO - [2025-10-10T09:44:09.819+0000] {dag.py:3239} INFO - Sync 1 DAGs
[2025-10-10T09:44:09.827+0000] {logging_mixin.py:190} INFO - [2025-10-10T09:44:09.827+0000] {dag.py:4180} INFO - Setting next_dagrun for latest_only to 2025-10-10 04:00:00+00:00, run_after=2025-10-10 08:00:00+00:00
[2025-10-10T09:44:09.838+0000] {processor.py:208} INFO - Processing /home/airflow/.local/lib/python3.12/site-packages/airflow/example_dags/example_latest_only.py took 0.035 seconds
[2025-10-10T09:44:39.976+0000] {processor.py:186} INFO - Started process (PID=144) to work on /home/airflow/.local/lib/python3.12/site-packages/airflow/example_dags/example_latest_only.py
[2025-10-10T09:44:39.977+0000] {processor.py:914} INFO - Processing file /home/airflow/.local/lib/python3.12/site-packages/airflow/example_dags/example_latest_only.py for tasks to queue
[2025-10-10T09:44:39.978+0000] {logging_mixin.py:190} INFO - [2025-10-10T09:44:39.978+0000] {dagbag.py:588} INFO - Filling up the DagBag from /home/airflow/.local/lib/python3.12/site-packages/airflow/example_dags/example_latest_only.py
[2025-10-10T09:44:39.981+0000] {processor.py:925} INFO - DAG(s) 'latest_only' retrieved from /home/airflow/.local/lib/python3.12/site-packages/airflow/example_dags/example_latest_only.py
[2025-10-10T09:44:39.989+0000] {logging_mixin.py:190} INFO - [2025-10-10T09:44:39.989+0000] {dag.py:3239} INFO - Sync 1 DAGs
[2025-10-10T09:44:39.996+0000] {logging_mixin.py:190} INFO - [2025-10-10T09:44:39.996+0000] {dag.py:4180} INFO - Setting next_dagrun for latest_only to 2025-10-10 04:00:00+00:00, run_after=2025-10-10 08:00:00+00:00
[2025-10-10T09:44:40.002+0000] {processor.py:208} INFO - Processing /home/airflow/.local/lib/python3.12/site-packages/airflow/example_dags/example_latest_only.py took 0.028 seconds
[2025-10-10T09:45:10.958+0000] {processor.py:186} INFO - Started process (PID=207) to work on /home/airflow/.local/lib/python3.12/site-packages/airflow/example_dags/example_latest_only.py
[2025-10-10T09:45:10.960+0000] {processor.py:914} INFO - Processing file /home/airflow/.local/lib/python3.12/site-packages/airflow/example_dags/example_latest_only.py for tasks to queue
[2025-10-10T09:45:10.961+0000] {logging_mixin.py:190} INFO - [2025-10-10T09:45:10.961+0000] {dagbag.py:588} INFO - Filling up the DagBag from /home/airflow/.local/lib/python3.12/site-packages/airflow/example_dags/example_latest_only.py
[2025-10-10T09:45:10.964+0000] {processor.py:925} INFO - DAG(s) 'latest_only' retrieved from /home/airflow/.local/lib/python3.12/site-packages/airflow/example_dags/example_latest_only.py
[2025-10-10T09:45:10.972+0000] {logging_mixin.py:190} INFO - [2025-10-10T09:45:10.972+0000] {dag.py:3239} INFO - Sync 1 DAGs
[2025-10-10T09:45:10.980+0000] {logging_mixin.py:190} INFO - [2025-10-10T09:45:10.980+0000] {dag.py:4180} INFO - Setting next_dagrun for latest_only to 2025-10-10 04:00:00+00:00, run_after=2025-10-10 08:00:00+00:00
[2025-10-10T09:45:10.985+0000] {processor.py:208} INFO - Processing /home/airflow/.local/lib/python3.12/site-packages/airflow/example_dags/example_latest_only.py took 0.029 seconds
[2025-10-10T09:45:41.932+0000] {processor.py:186} INFO - Started process (PID=279) to work on /home/airflow/.local/lib/python3.12/site-packages/airflow/example_dags/example_latest_only.py
[2025-10-10T09:45:41.932+0000] {processor.py:914} INFO - Processing file /home/airflow/.local/lib/python3.12/site-packages/airflow/example_dags/example_latest_only.py for tasks to queue
[2025-10-10T09:45:41.933+0000] {logging_mixin.py:190} INFO - [2025-10-10T09:45:41.933+0000] {dagbag.py:588} INFO - Filling up the DagBag from /home/airflow/.local/lib/python3.12/site-packages/airflow/example_dags/example_latest_only.py
[2025-10-10T09:45:41.936+0000] {processor.py:925} INFO - DAG(s) 'latest_only' retrieved from /home/airflow/.local/lib/python3.12/site-packages/airflow/example_dags/example_latest_only.py
[2025-10-10T09:45:41.943+0000] {logging_mixin.py:190} INFO - [2025-10-10T09:45:41.943+0000] {dag.py:3239} INFO - Sync 1 DAGs
[2025-10-10T09:45:41.950+0000] {logging_mixin.py:190} INFO - [2025-10-10T09:45:41.950+0000] {dag.py:4180} INFO - Setting next_dagrun for latest_only to 2025-10-10 04:00:00+00:00, run_after=2025-10-10 08:00:00+00:00
[2025-10-10T09:45:41.956+0000] {processor.py:208} INFO - Processing /home/airflow/.local/lib/python3.12/site-packages/airflow/example_dags/example_latest_only.py took 0.026 seconds
[2025-10-10T09:46:12.994+0000] {processor.py:186} INFO - Started process (PID=343) to work on /home/airflow/.local/lib/python3.12/site-packages/airflow/example_dags/example_latest_only.py
[2025-10-10T09:46:12.995+0000] {processor.py:914} INFO - Processing file /home/airflow/.local/lib/python3.12/site-packages/airflow/example_dags/example_latest_only.py for tasks to queue
[2025-10-10T09:46:12.996+0000] {logging_mixin.py:190} INFO - [2025-10-10T09:46:12.996+0000] {dagbag.py:588} INFO - Filling up the DagBag from /home/airflow/.local/lib/python3.12/site-packages/airflow/example_dags/example_latest_only.py
[2025-10-10T09:46:13.002+0000] {processor.py:925} INFO - DAG(s) 'latest_only' retrieved from /home/airflow/.local/lib/python3.12/site-packages/airflow/example_dags/example_latest_only.py
[2025-10-10T09:46:13.010+0000] {logging_mixin.py:190} INFO - [2025-10-10T09:46:13.010+0000] {dag.py:3239} INFO - Sync 1 DAGs
[2025-10-10T09:46:13.019+0000] {logging_mixin.py:190} INFO - [2025-10-10T09:46:13.019+0000] {dag.py:4180} INFO - Setting next_dagrun for latest_only to 2025-10-10 04:00:00+00:00, run_after=2025-10-10 08:00:00+00:00
[2025-10-10T09:46:13.027+0000] {processor.py:208} INFO - Processing /home/airflow/.local/lib/python3.12/site-packages/airflow/example_dags/example_latest_only.py took 0.035 seconds
[2025-10-10T09:46:44.047+0000] {processor.py:186} INFO - Started process (PID=407) to work on /home/airflow/.local/lib/python3.12/site-packages/airflow/example_dags/example_latest_only.py
[2025-10-10T09:46:44.048+0000] {processor.py:914} INFO - Processing file /home/airflow/.local/lib/python3.12/site-packages/airflow/example_dags/example_latest_only.py for tasks to queue
[2025-10-10T09:46:44.049+0000] {logging_mixin.py:190} INFO - [2025-10-10T09:46:44.049+0000] {dagbag.py:588} INFO - Filling up the DagBag from /home/airflow/.local/lib/python3.12/site-packages/airflow/example_dags/example_latest_only.py
[2025-10-10T09:46:44.051+0000] {processor.py:925} INFO - DAG(s) 'latest_only' retrieved from /home/airflow/.local/lib/python3.12/site-packages/airflow/example_dags/example_latest_only.py
[2025-10-10T09:46:44.059+0000] {logging_mixin.py:190} INFO - [2025-10-10T09:46:44.058+0000] {dag.py:3239} INFO - Sync 1 DAGs
[2025-10-10T09:46:44.066+0000] {logging_mixin.py:190} INFO - [2025-10-10T09:46:44.066+0000] {dag.py:4180} INFO - Setting next_dagrun for latest_only to 2025-10-10 04:00:00+00:00, run_after=2025-10-10 08:00:00+00:00
[2025-10-10T09:46:44.071+0000] {processor.py:208} INFO - Processing /home/airflow/.local/lib/python3.12/site-packages/airflow/example_dags/example_latest_only.py took 0.026 seconds
[2025-10-10T09:47:15.069+0000] {processor.py:186} INFO - Started process (PID=471) to work on /home/airflow/.local/lib/python3.12/site-packages/airflow/example_dags/example_latest_only.py
[2025-10-10T09:47:15.069+0000] {processor.py:914} INFO - Processing file /home/airflow/.local/lib/python3.12/site-packages/airflow/example_dags/example_latest_only.py for tasks to queue
[2025-10-10T09:47:15.070+0000] {logging_mixin.py:190} INFO - [2025-10-10T09:47:15.070+0000] {dagbag.py:588} INFO - Filling up the DagBag from /home/airflow/.local/lib/python3.12/site-packages/airflow/example_dags/example_latest_only.py
[2025-10-10T09:47:15.073+0000] {processor.py:925} INFO - DAG(s) 'latest_only' retrieved from /home/airflow/.local/lib/python3.12/site-packages/airflow/example_dags/example_latest_only.py
[2025-10-10T09:47:15.080+0000] {logging_mixin.py:190} INFO - [2025-10-10T09:47:15.080+0000] {dag.py:3239} INFO - Sync 1 DAGs
[2025-10-10T09:47:15.089+0000] {logging_mixin.py:190} INFO - [2025-10-10T09:47:15.089+0000] {dag.py:4180} INFO - Setting next_dagrun for latest_only to 2025-10-10 04:00:00+00:00, run_after=2025-10-10 08:00:00+00:00
[2025-10-10T09:47:15.096+0000] {processor.py:208} INFO - Processing /home/airflow/.local/lib/python3.12/site-packages/airflow/example_dags/example_latest_only.py took 0.029 seconds
[2025-10-10T09:47:46.135+0000] {processor.py:186} INFO - Started process (PID=535) to work on /home/airflow/.local/lib/python3.12/site-packages/airflow/example_dags/example_latest_only.py
[2025-10-10T09:47:46.136+0000] {processor.py:914} INFO - Processing file /home/airflow/.local/lib/python3.12/site-packages/airflow/example_dags/example_latest_only.py for tasks to queue
[2025-10-10T09:47:46.137+0000] {logging_mixin.py:190} INFO - [2025-10-10T09:47:46.137+0000] {dagbag.py:588} INFO - Filling up the DagBag from /home/airflow/.local/lib/python3.12/site-packages/airflow/example_dags/example_latest_only.py
[2025-10-10T09:47:46.141+0000] {processor.py:925} INFO - DAG(s) 'latest_only' retrieved from /home/airflow/.local/lib/python3.12/site-packages/airflow/example_dags/example_latest_only.py
[2025-10-10T09:47:46.149+0000] {logging_mixin.py:190} INFO - [2025-10-10T09:47:46.149+0000] {dag.py:3239} INFO - Sync 1 DAGs
[2025-10-10T09:47:46.157+0000] {logging_mixin.py:190} INFO - [2025-10-10T09:47:46.157+0000] {dag.py:4180} INFO - Setting next_dagrun for latest_only to 2025-10-10 04:00:00+00:00, run_after=2025-10-10 08:00:00+00:00
[2025-10-10T09:47:46.162+0000] {processor.py:208} INFO - Processing /home/airflow/.local/lib/python3.12/site-packages/airflow/example_dags/example_latest_only.py took 0.030 seconds
[2025-10-10T09:48:17.367+0000] {processor.py:186} INFO - Started process (PID=599) to work on /home/airflow/.local/lib/python3.12/site-packages/airflow/example_dags/example_latest_only.py
[2025-10-10T09:48:17.367+0000] {processor.py:914} INFO - Processing file /home/airflow/.local/lib/python3.12/site-packages/airflow/example_dags/example_latest_only.py for tasks to queue
[2025-10-10T09:48:17.368+0000] {logging_mixin.py:190} INFO - [2025-10-10T09:48:17.368+0000] {dagbag.py:588} INFO - Filling up the DagBag from /home/airflow/.local/lib/python3.12/site-packages/airflow/example_dags/example_latest_only.py
[2025-10-10T09:48:17.371+0000] {processor.py:925} INFO - DAG(s) 'latest_only' retrieved from /home/airflow/.local/lib/python3.12/site-packages/airflow/example_dags/example_latest_only.py
[2025-10-10T09:48:17.383+0000] {logging_mixin.py:190} INFO - [2025-10-10T09:48:17.383+0000] {dag.py:3239} INFO - Sync 1 DAGs
[2025-10-10T09:48:17.394+0000] {logging_mixin.py:190} INFO - [2025-10-10T09:48:17.394+0000] {dag.py:4180} INFO - Setting next_dagrun for latest_only to 2025-10-10 04:00:00+00:00, run_after=2025-10-10 08:00:00+00:00
[2025-10-10T09:48:17.407+0000] {processor.py:208} INFO - Processing /home/airflow/.local/lib/python3.12/site-packages/airflow/example_dags/example_latest_only.py took 0.042 seconds
[2025-10-10T09:48:47.643+0000] {processor.py:186} INFO - Started process (PID=663) to work on /home/airflow/.local/lib/python3.12/site-packages/airflow/example_dags/example_latest_only.py
[2025-10-10T09:48:47.644+0000] {processor.py:914} INFO - Processing file /home/airflow/.local/lib/python3.12/site-packages/airflow/example_dags/example_latest_only.py for tasks to queue
[2025-10-10T09:48:47.649+0000] {logging_mixin.py:190} INFO - [2025-10-10T09:48:47.649+0000] {dagbag.py:588} INFO - Filling up the DagBag from /home/airflow/.local/lib/python3.12/site-packages/airflow/example_dags/example_latest_only.py
[2025-10-10T09:48:47.652+0000] {processor.py:925} INFO - DAG(s) 'latest_only' retrieved from /home/airflow/.local/lib/python3.12/site-packages/airflow/example_dags/example_latest_only.py
[2025-10-10T09:48:47.664+0000] {logging_mixin.py:190} INFO - [2025-10-10T09:48:47.664+0000] {dag.py:3239} INFO - Sync 1 DAGs
[2025-10-10T09:48:47.680+0000] {logging_mixin.py:190} INFO - [2025-10-10T09:48:47.680+0000] {dag.py:4180} INFO - Setting next_dagrun for latest_only to 2025-10-10 04:00:00+00:00, run_after=2025-10-10 08:00:00+00:00
[2025-10-10T09:48:47.691+0000] {processor.py:208} INFO - Processing /home/airflow/.local/lib/python3.12/site-packages/airflow/example_dags/example_latest_only.py took 0.051 seconds
