[2025-10-10T09:36:19.981+0000] {processor.py:186} INFO - Started process (PID=51) to work on /home/airflow/.local/lib/python3.12/site-packages/airflow/example_dags/example_task_group.py
[2025-10-10T09:36:19.981+0000] {processor.py:914} INFO - Processing file /home/airflow/.local/lib/python3.12/site-packages/airflow/example_dags/example_task_group.py for tasks to queue
[2025-10-10T09:36:19.982+0000] {logging_mixin.py:190} INFO - [2025-10-10T09:36:19.982+0000] {dagbag.py:588} INFO - Filling up the DagBag from /home/airflow/.local/lib/python3.12/site-packages/airflow/example_dags/example_task_group.py
[2025-10-10T09:36:19.986+0000] {processor.py:925} INFO - DAG(s) 'example_task_group' retrieved from /home/airflow/.local/lib/python3.12/site-packages/airflow/example_dags/example_task_group.py
[2025-10-10T09:36:20.050+0000] {logging_mixin.py:190} INFO - [2025-10-10T09:36:20.049+0000] {override.py:1911} INFO - Created Permission View: can edit on DAG:example_task_group
[2025-10-10T09:36:20.054+0000] {logging_mixin.py:190} INFO - [2025-10-10T09:36:20.054+0000] {override.py:1911} INFO - Created Permission View: can read on DAG:example_task_group
[2025-10-10T09:36:20.061+0000] {logging_mixin.py:190} INFO - [2025-10-10T09:36:20.061+0000] {override.py:1911} INFO - Created Permission View: can delete on DAG:example_task_group
[2025-10-10T09:36:20.064+0000] {logging_mixin.py:190} INFO - [2025-10-10T09:36:20.064+0000] {override.py:1911} INFO - Created Permission View: can read on DAG Run:example_task_group
[2025-10-10T09:36:20.067+0000] {logging_mixin.py:190} INFO - [2025-10-10T09:36:20.067+0000] {override.py:1911} INFO - Created Permission View: menu access on DAG Run:example_task_group
[2025-10-10T09:36:20.069+0000] {logging_mixin.py:190} INFO - [2025-10-10T09:36:20.069+0000] {override.py:1911} INFO - Created Permission View: can delete on DAG Run:example_task_group
[2025-10-10T09:36:20.071+0000] {logging_mixin.py:190} INFO - [2025-10-10T09:36:20.071+0000] {override.py:1911} INFO - Created Permission View: can create on DAG Run:example_task_group
[2025-10-10T09:36:20.071+0000] {logging_mixin.py:190} INFO - [2025-10-10T09:36:20.071+0000] {dag.py:3239} INFO - Sync 1 DAGs
[2025-10-10T09:36:20.081+0000] {logging_mixin.py:190} INFO - [2025-10-10T09:36:20.081+0000] {dag.py:3262} INFO - Creating ORM DAG for example_task_group
[2025-10-10T09:36:20.081+0000] {logging_mixin.py:190} INFO - [2025-10-10T09:36:20.081+0000] {dag.py:4180} INFO - Setting next_dagrun for example_task_group to None, run_after=None
[2025-10-10T09:36:20.091+0000] {processor.py:208} INFO - Processing /home/airflow/.local/lib/python3.12/site-packages/airflow/example_dags/example_task_group.py took 0.113 seconds
[2025-10-10T09:36:50.615+0000] {processor.py:186} INFO - Started process (PID=113) to work on /home/airflow/.local/lib/python3.12/site-packages/airflow/example_dags/example_task_group.py
[2025-10-10T09:36:50.615+0000] {processor.py:914} INFO - Processing file /home/airflow/.local/lib/python3.12/site-packages/airflow/example_dags/example_task_group.py for tasks to queue
[2025-10-10T09:36:50.616+0000] {logging_mixin.py:190} INFO - [2025-10-10T09:36:50.616+0000] {dagbag.py:588} INFO - Filling up the DagBag from /home/airflow/.local/lib/python3.12/site-packages/airflow/example_dags/example_task_group.py
[2025-10-10T09:36:50.620+0000] {processor.py:925} INFO - DAG(s) 'example_task_group' retrieved from /home/airflow/.local/lib/python3.12/site-packages/airflow/example_dags/example_task_group.py
[2025-10-10T09:36:50.628+0000] {logging_mixin.py:190} INFO - [2025-10-10T09:36:50.628+0000] {dag.py:3239} INFO - Sync 1 DAGs
[2025-10-10T09:36:50.633+0000] {logging_mixin.py:190} INFO - [2025-10-10T09:36:50.633+0000] {dag.py:4180} INFO - Setting next_dagrun for example_task_group to None, run_after=None
[2025-10-10T09:36:50.638+0000] {processor.py:208} INFO - Processing /home/airflow/.local/lib/python3.12/site-packages/airflow/example_dags/example_task_group.py took 0.026 seconds
[2025-10-10T09:37:20.750+0000] {processor.py:186} INFO - Started process (PID=176) to work on /home/airflow/.local/lib/python3.12/site-packages/airflow/example_dags/example_task_group.py
[2025-10-10T09:37:20.751+0000] {processor.py:914} INFO - Processing file /home/airflow/.local/lib/python3.12/site-packages/airflow/example_dags/example_task_group.py for tasks to queue
[2025-10-10T09:37:20.752+0000] {logging_mixin.py:190} INFO - [2025-10-10T09:37:20.752+0000] {dagbag.py:588} INFO - Filling up the DagBag from /home/airflow/.local/lib/python3.12/site-packages/airflow/example_dags/example_task_group.py
[2025-10-10T09:37:20.755+0000] {processor.py:925} INFO - DAG(s) 'example_task_group' retrieved from /home/airflow/.local/lib/python3.12/site-packages/airflow/example_dags/example_task_group.py
[2025-10-10T09:37:20.764+0000] {logging_mixin.py:190} INFO - [2025-10-10T09:37:20.764+0000] {dag.py:3239} INFO - Sync 1 DAGs
[2025-10-10T09:37:20.769+0000] {logging_mixin.py:190} INFO - [2025-10-10T09:37:20.769+0000] {dag.py:4180} INFO - Setting next_dagrun for example_task_group to None, run_after=None
[2025-10-10T09:37:20.775+0000] {processor.py:208} INFO - Processing /home/airflow/.local/lib/python3.12/site-packages/airflow/example_dags/example_task_group.py took 0.027 seconds
[2025-10-10T09:37:51.053+0000] {processor.py:186} INFO - Started process (PID=239) to work on /home/airflow/.local/lib/python3.12/site-packages/airflow/example_dags/example_task_group.py
[2025-10-10T09:37:51.054+0000] {processor.py:914} INFO - Processing file /home/airflow/.local/lib/python3.12/site-packages/airflow/example_dags/example_task_group.py for tasks to queue
[2025-10-10T09:37:51.055+0000] {logging_mixin.py:190} INFO - [2025-10-10T09:37:51.055+0000] {dagbag.py:588} INFO - Filling up the DagBag from /home/airflow/.local/lib/python3.12/site-packages/airflow/example_dags/example_task_group.py
[2025-10-10T09:37:51.058+0000] {processor.py:925} INFO - DAG(s) 'example_task_group' retrieved from /home/airflow/.local/lib/python3.12/site-packages/airflow/example_dags/example_task_group.py
[2025-10-10T09:37:51.066+0000] {logging_mixin.py:190} INFO - [2025-10-10T09:37:51.066+0000] {dag.py:3239} INFO - Sync 1 DAGs
[2025-10-10T09:37:51.071+0000] {logging_mixin.py:190} INFO - [2025-10-10T09:37:51.071+0000] {dag.py:4180} INFO - Setting next_dagrun for example_task_group to None, run_after=None
[2025-10-10T09:37:51.076+0000] {processor.py:208} INFO - Processing /home/airflow/.local/lib/python3.12/site-packages/airflow/example_dags/example_task_group.py took 0.025 seconds
[2025-10-10T09:38:16.766+0000] {processor.py:186} INFO - Started process (PID=41) to work on /home/airflow/.local/lib/python3.12/site-packages/airflow/example_dags/example_task_group.py
[2025-10-10T09:38:16.768+0000] {processor.py:914} INFO - Processing file /home/airflow/.local/lib/python3.12/site-packages/airflow/example_dags/example_task_group.py for tasks to queue
[2025-10-10T09:38:16.769+0000] {logging_mixin.py:190} INFO - [2025-10-10T09:38:16.768+0000] {dagbag.py:588} INFO - Filling up the DagBag from /home/airflow/.local/lib/python3.12/site-packages/airflow/example_dags/example_task_group.py
[2025-10-10T09:38:16.772+0000] {processor.py:925} INFO - DAG(s) 'example_task_group' retrieved from /home/airflow/.local/lib/python3.12/site-packages/airflow/example_dags/example_task_group.py
[2025-10-10T09:38:16.784+0000] {logging_mixin.py:190} INFO - [2025-10-10T09:38:16.784+0000] {dag.py:3239} INFO - Sync 1 DAGs
[2025-10-10T09:38:16.788+0000] {logging_mixin.py:190} INFO - [2025-10-10T09:38:16.788+0000] {dag.py:4180} INFO - Setting next_dagrun for example_task_group to None, run_after=None
[2025-10-10T09:38:16.796+0000] {processor.py:208} INFO - Processing /home/airflow/.local/lib/python3.12/site-packages/airflow/example_dags/example_task_group.py took 0.032 seconds
[2025-10-10T09:38:47.829+0000] {processor.py:186} INFO - Started process (PID=111) to work on /home/airflow/.local/lib/python3.12/site-packages/airflow/example_dags/example_task_group.py
[2025-10-10T09:38:47.829+0000] {processor.py:914} INFO - Processing file /home/airflow/.local/lib/python3.12/site-packages/airflow/example_dags/example_task_group.py for tasks to queue
[2025-10-10T09:38:47.830+0000] {logging_mixin.py:190} INFO - [2025-10-10T09:38:47.830+0000] {dagbag.py:588} INFO - Filling up the DagBag from /home/airflow/.local/lib/python3.12/site-packages/airflow/example_dags/example_task_group.py
[2025-10-10T09:38:47.833+0000] {processor.py:925} INFO - DAG(s) 'example_task_group' retrieved from /home/airflow/.local/lib/python3.12/site-packages/airflow/example_dags/example_task_group.py
[2025-10-10T09:38:47.841+0000] {logging_mixin.py:190} INFO - [2025-10-10T09:38:47.840+0000] {dag.py:3239} INFO - Sync 1 DAGs
[2025-10-10T09:38:47.845+0000] {logging_mixin.py:190} INFO - [2025-10-10T09:38:47.845+0000] {dag.py:4180} INFO - Setting next_dagrun for example_task_group to None, run_after=None
[2025-10-10T09:38:47.851+0000] {processor.py:208} INFO - Processing /home/airflow/.local/lib/python3.12/site-packages/airflow/example_dags/example_task_group.py took 0.025 seconds
[2025-10-10T09:39:18.899+0000] {processor.py:186} INFO - Started process (PID=175) to work on /home/airflow/.local/lib/python3.12/site-packages/airflow/example_dags/example_task_group.py
[2025-10-10T09:39:18.899+0000] {processor.py:914} INFO - Processing file /home/airflow/.local/lib/python3.12/site-packages/airflow/example_dags/example_task_group.py for tasks to queue
[2025-10-10T09:39:18.900+0000] {logging_mixin.py:190} INFO - [2025-10-10T09:39:18.900+0000] {dagbag.py:588} INFO - Filling up the DagBag from /home/airflow/.local/lib/python3.12/site-packages/airflow/example_dags/example_task_group.py
[2025-10-10T09:39:18.904+0000] {processor.py:925} INFO - DAG(s) 'example_task_group' retrieved from /home/airflow/.local/lib/python3.12/site-packages/airflow/example_dags/example_task_group.py
[2025-10-10T09:39:18.912+0000] {logging_mixin.py:190} INFO - [2025-10-10T09:39:18.911+0000] {dag.py:3239} INFO - Sync 1 DAGs
[2025-10-10T09:39:18.917+0000] {logging_mixin.py:190} INFO - [2025-10-10T09:39:18.917+0000] {dag.py:4180} INFO - Setting next_dagrun for example_task_group to None, run_after=None
[2025-10-10T09:39:18.923+0000] {processor.py:208} INFO - Processing /home/airflow/.local/lib/python3.12/site-packages/airflow/example_dags/example_task_group.py took 0.027 seconds
[2025-10-10T09:39:48.959+0000] {processor.py:186} INFO - Started process (PID=238) to work on /home/airflow/.local/lib/python3.12/site-packages/airflow/example_dags/example_task_group.py
[2025-10-10T09:39:48.960+0000] {processor.py:914} INFO - Processing file /home/airflow/.local/lib/python3.12/site-packages/airflow/example_dags/example_task_group.py for tasks to queue
[2025-10-10T09:39:48.961+0000] {logging_mixin.py:190} INFO - [2025-10-10T09:39:48.961+0000] {dagbag.py:588} INFO - Filling up the DagBag from /home/airflow/.local/lib/python3.12/site-packages/airflow/example_dags/example_task_group.py
[2025-10-10T09:39:48.968+0000] {processor.py:925} INFO - DAG(s) 'example_task_group' retrieved from /home/airflow/.local/lib/python3.12/site-packages/airflow/example_dags/example_task_group.py
[2025-10-10T09:39:48.979+0000] {logging_mixin.py:190} INFO - [2025-10-10T09:39:48.979+0000] {dag.py:3239} INFO - Sync 1 DAGs
[2025-10-10T09:39:48.986+0000] {logging_mixin.py:190} INFO - [2025-10-10T09:39:48.986+0000] {dag.py:4180} INFO - Setting next_dagrun for example_task_group to None, run_after=None
[2025-10-10T09:39:48.998+0000] {processor.py:208} INFO - Processing /home/airflow/.local/lib/python3.12/site-packages/airflow/example_dags/example_task_group.py took 0.043 seconds
[2025-10-10T09:40:19.121+0000] {processor.py:186} INFO - Started process (PID=302) to work on /home/airflow/.local/lib/python3.12/site-packages/airflow/example_dags/example_task_group.py
[2025-10-10T09:40:19.122+0000] {processor.py:914} INFO - Processing file /home/airflow/.local/lib/python3.12/site-packages/airflow/example_dags/example_task_group.py for tasks to queue
[2025-10-10T09:40:19.124+0000] {logging_mixin.py:190} INFO - [2025-10-10T09:40:19.124+0000] {dagbag.py:588} INFO - Filling up the DagBag from /home/airflow/.local/lib/python3.12/site-packages/airflow/example_dags/example_task_group.py
[2025-10-10T09:40:19.130+0000] {processor.py:925} INFO - DAG(s) 'example_task_group' retrieved from /home/airflow/.local/lib/python3.12/site-packages/airflow/example_dags/example_task_group.py
[2025-10-10T09:40:19.143+0000] {logging_mixin.py:190} INFO - [2025-10-10T09:40:19.143+0000] {dag.py:3239} INFO - Sync 1 DAGs
[2025-10-10T09:40:19.150+0000] {logging_mixin.py:190} INFO - [2025-10-10T09:40:19.149+0000] {dag.py:4180} INFO - Setting next_dagrun for example_task_group to None, run_after=None
[2025-10-10T09:40:19.162+0000] {processor.py:208} INFO - Processing /home/airflow/.local/lib/python3.12/site-packages/airflow/example_dags/example_task_group.py took 0.046 seconds
[2025-10-10T09:40:49.352+0000] {processor.py:186} INFO - Started process (PID=366) to work on /home/airflow/.local/lib/python3.12/site-packages/airflow/example_dags/example_task_group.py
[2025-10-10T09:40:49.353+0000] {processor.py:914} INFO - Processing file /home/airflow/.local/lib/python3.12/site-packages/airflow/example_dags/example_task_group.py for tasks to queue
[2025-10-10T09:40:49.357+0000] {logging_mixin.py:190} INFO - [2025-10-10T09:40:49.356+0000] {dagbag.py:588} INFO - Filling up the DagBag from /home/airflow/.local/lib/python3.12/site-packages/airflow/example_dags/example_task_group.py
[2025-10-10T09:40:49.364+0000] {processor.py:925} INFO - DAG(s) 'example_task_group' retrieved from /home/airflow/.local/lib/python3.12/site-packages/airflow/example_dags/example_task_group.py
[2025-10-10T09:40:49.380+0000] {logging_mixin.py:190} INFO - [2025-10-10T09:40:49.380+0000] {dag.py:3239} INFO - Sync 1 DAGs
[2025-10-10T09:40:49.386+0000] {logging_mixin.py:190} INFO - [2025-10-10T09:40:49.386+0000] {dag.py:4180} INFO - Setting next_dagrun for example_task_group to None, run_after=None
[2025-10-10T09:40:49.394+0000] {processor.py:208} INFO - Processing /home/airflow/.local/lib/python3.12/site-packages/airflow/example_dags/example_task_group.py took 0.046 seconds
[2025-10-10T09:41:19.541+0000] {processor.py:186} INFO - Started process (PID=430) to work on /home/airflow/.local/lib/python3.12/site-packages/airflow/example_dags/example_task_group.py
[2025-10-10T09:41:19.546+0000] {processor.py:914} INFO - Processing file /home/airflow/.local/lib/python3.12/site-packages/airflow/example_dags/example_task_group.py for tasks to queue
[2025-10-10T09:41:19.548+0000] {logging_mixin.py:190} INFO - [2025-10-10T09:41:19.548+0000] {dagbag.py:588} INFO - Filling up the DagBag from /home/airflow/.local/lib/python3.12/site-packages/airflow/example_dags/example_task_group.py
[2025-10-10T09:41:19.553+0000] {processor.py:925} INFO - DAG(s) 'example_task_group' retrieved from /home/airflow/.local/lib/python3.12/site-packages/airflow/example_dags/example_task_group.py
[2025-10-10T09:41:19.565+0000] {logging_mixin.py:190} INFO - [2025-10-10T09:41:19.565+0000] {dag.py:3239} INFO - Sync 1 DAGs
[2025-10-10T09:41:19.572+0000] {logging_mixin.py:190} INFO - [2025-10-10T09:41:19.572+0000] {dag.py:4180} INFO - Setting next_dagrun for example_task_group to None, run_after=None
[2025-10-10T09:41:19.582+0000] {processor.py:208} INFO - Processing /home/airflow/.local/lib/python3.12/site-packages/airflow/example_dags/example_task_group.py took 0.046 seconds
[2025-10-10T09:41:49.658+0000] {processor.py:186} INFO - Started process (PID=494) to work on /home/airflow/.local/lib/python3.12/site-packages/airflow/example_dags/example_task_group.py
[2025-10-10T09:41:49.663+0000] {processor.py:914} INFO - Processing file /home/airflow/.local/lib/python3.12/site-packages/airflow/example_dags/example_task_group.py for tasks to queue
[2025-10-10T09:41:49.665+0000] {logging_mixin.py:190} INFO - [2025-10-10T09:41:49.665+0000] {dagbag.py:588} INFO - Filling up the DagBag from /home/airflow/.local/lib/python3.12/site-packages/airflow/example_dags/example_task_group.py
[2025-10-10T09:41:49.672+0000] {processor.py:925} INFO - DAG(s) 'example_task_group' retrieved from /home/airflow/.local/lib/python3.12/site-packages/airflow/example_dags/example_task_group.py
[2025-10-10T09:41:49.684+0000] {logging_mixin.py:190} INFO - [2025-10-10T09:41:49.684+0000] {dag.py:3239} INFO - Sync 1 DAGs
[2025-10-10T09:41:49.692+0000] {logging_mixin.py:190} INFO - [2025-10-10T09:41:49.692+0000] {dag.py:4180} INFO - Setting next_dagrun for example_task_group to None, run_after=None
[2025-10-10T09:41:49.702+0000] {processor.py:208} INFO - Processing /home/airflow/.local/lib/python3.12/site-packages/airflow/example_dags/example_task_group.py took 0.049 seconds
[2025-10-10T09:42:19.863+0000] {processor.py:186} INFO - Started process (PID=558) to work on /home/airflow/.local/lib/python3.12/site-packages/airflow/example_dags/example_task_group.py
[2025-10-10T09:42:19.864+0000] {processor.py:914} INFO - Processing file /home/airflow/.local/lib/python3.12/site-packages/airflow/example_dags/example_task_group.py for tasks to queue
[2025-10-10T09:42:19.867+0000] {logging_mixin.py:190} INFO - [2025-10-10T09:42:19.867+0000] {dagbag.py:588} INFO - Filling up the DagBag from /home/airflow/.local/lib/python3.12/site-packages/airflow/example_dags/example_task_group.py
[2025-10-10T09:42:19.875+0000] {processor.py:925} INFO - DAG(s) 'example_task_group' retrieved from /home/airflow/.local/lib/python3.12/site-packages/airflow/example_dags/example_task_group.py
[2025-10-10T09:42:19.888+0000] {logging_mixin.py:190} INFO - [2025-10-10T09:42:19.887+0000] {dag.py:3239} INFO - Sync 1 DAGs
[2025-10-10T09:42:19.895+0000] {logging_mixin.py:190} INFO - [2025-10-10T09:42:19.895+0000] {dag.py:4180} INFO - Setting next_dagrun for example_task_group to None, run_after=None
[2025-10-10T09:42:19.903+0000] {processor.py:208} INFO - Processing /home/airflow/.local/lib/python3.12/site-packages/airflow/example_dags/example_task_group.py took 0.045 seconds
[2025-10-10T09:42:50.916+0000] {processor.py:186} INFO - Started process (PID=622) to work on /home/airflow/.local/lib/python3.12/site-packages/airflow/example_dags/example_task_group.py
[2025-10-10T09:42:50.917+0000] {processor.py:914} INFO - Processing file /home/airflow/.local/lib/python3.12/site-packages/airflow/example_dags/example_task_group.py for tasks to queue
[2025-10-10T09:42:50.920+0000] {logging_mixin.py:190} INFO - [2025-10-10T09:42:50.920+0000] {dagbag.py:588} INFO - Filling up the DagBag from /home/airflow/.local/lib/python3.12/site-packages/airflow/example_dags/example_task_group.py
[2025-10-10T09:42:50.926+0000] {processor.py:925} INFO - DAG(s) 'example_task_group' retrieved from /home/airflow/.local/lib/python3.12/site-packages/airflow/example_dags/example_task_group.py
[2025-10-10T09:42:50.939+0000] {logging_mixin.py:190} INFO - [2025-10-10T09:42:50.939+0000] {dag.py:3239} INFO - Sync 1 DAGs
[2025-10-10T09:42:50.945+0000] {logging_mixin.py:190} INFO - [2025-10-10T09:42:50.945+0000] {dag.py:4180} INFO - Setting next_dagrun for example_task_group to None, run_after=None
[2025-10-10T09:42:50.953+0000] {processor.py:208} INFO - Processing /home/airflow/.local/lib/python3.12/site-packages/airflow/example_dags/example_task_group.py took 0.042 seconds
[2025-10-10T09:43:21.212+0000] {processor.py:186} INFO - Started process (PID=686) to work on /home/airflow/.local/lib/python3.12/site-packages/airflow/example_dags/example_task_group.py
[2025-10-10T09:43:21.216+0000] {processor.py:914} INFO - Processing file /home/airflow/.local/lib/python3.12/site-packages/airflow/example_dags/example_task_group.py for tasks to queue
[2025-10-10T09:43:21.220+0000] {logging_mixin.py:190} INFO - [2025-10-10T09:43:21.220+0000] {dagbag.py:588} INFO - Filling up the DagBag from /home/airflow/.local/lib/python3.12/site-packages/airflow/example_dags/example_task_group.py
[2025-10-10T09:43:21.225+0000] {processor.py:925} INFO - DAG(s) 'example_task_group' retrieved from /home/airflow/.local/lib/python3.12/site-packages/airflow/example_dags/example_task_group.py
[2025-10-10T09:43:21.237+0000] {logging_mixin.py:190} INFO - [2025-10-10T09:43:21.237+0000] {dag.py:3239} INFO - Sync 1 DAGs
[2025-10-10T09:43:21.245+0000] {logging_mixin.py:190} INFO - [2025-10-10T09:43:21.245+0000] {dag.py:4180} INFO - Setting next_dagrun for example_task_group to None, run_after=None
[2025-10-10T09:43:21.255+0000] {processor.py:208} INFO - Processing /home/airflow/.local/lib/python3.12/site-packages/airflow/example_dags/example_task_group.py took 0.047 seconds
[2025-10-10T09:44:08.537+0000] {processor.py:186} INFO - Started process (PID=47) to work on /home/airflow/.local/lib/python3.12/site-packages/airflow/example_dags/example_task_group.py
[2025-10-10T09:44:08.538+0000] {processor.py:914} INFO - Processing file /home/airflow/.local/lib/python3.12/site-packages/airflow/example_dags/example_task_group.py for tasks to queue
[2025-10-10T09:44:08.539+0000] {logging_mixin.py:190} INFO - [2025-10-10T09:44:08.538+0000] {dagbag.py:588} INFO - Filling up the DagBag from /home/airflow/.local/lib/python3.12/site-packages/airflow/example_dags/example_task_group.py
[2025-10-10T09:44:08.545+0000] {processor.py:925} INFO - DAG(s) 'example_task_group' retrieved from /home/airflow/.local/lib/python3.12/site-packages/airflow/example_dags/example_task_group.py
[2025-10-10T09:44:08.560+0000] {logging_mixin.py:190} INFO - [2025-10-10T09:44:08.559+0000] {dag.py:3239} INFO - Sync 1 DAGs
[2025-10-10T09:44:08.565+0000] {logging_mixin.py:190} INFO - [2025-10-10T09:44:08.564+0000] {dag.py:4180} INFO - Setting next_dagrun for example_task_group to None, run_after=None
[2025-10-10T09:44:08.570+0000] {processor.py:208} INFO - Processing /home/airflow/.local/lib/python3.12/site-packages/airflow/example_dags/example_task_group.py took 0.035 seconds
[2025-10-10T09:44:39.103+0000] {processor.py:186} INFO - Started process (PID=117) to work on /home/airflow/.local/lib/python3.12/site-packages/airflow/example_dags/example_task_group.py
[2025-10-10T09:44:39.105+0000] {processor.py:914} INFO - Processing file /home/airflow/.local/lib/python3.12/site-packages/airflow/example_dags/example_task_group.py for tasks to queue
[2025-10-10T09:44:39.107+0000] {logging_mixin.py:190} INFO - [2025-10-10T09:44:39.106+0000] {dagbag.py:588} INFO - Filling up the DagBag from /home/airflow/.local/lib/python3.12/site-packages/airflow/example_dags/example_task_group.py
[2025-10-10T09:44:39.110+0000] {processor.py:925} INFO - DAG(s) 'example_task_group' retrieved from /home/airflow/.local/lib/python3.12/site-packages/airflow/example_dags/example_task_group.py
[2025-10-10T09:44:39.118+0000] {logging_mixin.py:190} INFO - [2025-10-10T09:44:39.118+0000] {dag.py:3239} INFO - Sync 1 DAGs
[2025-10-10T09:44:39.123+0000] {logging_mixin.py:190} INFO - [2025-10-10T09:44:39.123+0000] {dag.py:4180} INFO - Setting next_dagrun for example_task_group to None, run_after=None
[2025-10-10T09:44:39.132+0000] {processor.py:208} INFO - Processing /home/airflow/.local/lib/python3.12/site-packages/airflow/example_dags/example_task_group.py took 0.031 seconds
[2025-10-10T09:45:10.257+0000] {processor.py:186} INFO - Started process (PID=182) to work on /home/airflow/.local/lib/python3.12/site-packages/airflow/example_dags/example_task_group.py
[2025-10-10T09:45:10.257+0000] {processor.py:914} INFO - Processing file /home/airflow/.local/lib/python3.12/site-packages/airflow/example_dags/example_task_group.py for tasks to queue
[2025-10-10T09:45:10.258+0000] {logging_mixin.py:190} INFO - [2025-10-10T09:45:10.258+0000] {dagbag.py:588} INFO - Filling up the DagBag from /home/airflow/.local/lib/python3.12/site-packages/airflow/example_dags/example_task_group.py
[2025-10-10T09:45:10.262+0000] {processor.py:925} INFO - DAG(s) 'example_task_group' retrieved from /home/airflow/.local/lib/python3.12/site-packages/airflow/example_dags/example_task_group.py
[2025-10-10T09:45:10.271+0000] {logging_mixin.py:190} INFO - [2025-10-10T09:45:10.271+0000] {dag.py:3239} INFO - Sync 1 DAGs
[2025-10-10T09:45:10.276+0000] {logging_mixin.py:190} INFO - [2025-10-10T09:45:10.276+0000] {dag.py:4180} INFO - Setting next_dagrun for example_task_group to None, run_after=None
[2025-10-10T09:45:10.282+0000] {processor.py:208} INFO - Processing /home/airflow/.local/lib/python3.12/site-packages/airflow/example_dags/example_task_group.py took 0.027 seconds
[2025-10-10T09:45:41.288+0000] {processor.py:186} INFO - Started process (PID=254) to work on /home/airflow/.local/lib/python3.12/site-packages/airflow/example_dags/example_task_group.py
[2025-10-10T09:45:41.288+0000] {processor.py:914} INFO - Processing file /home/airflow/.local/lib/python3.12/site-packages/airflow/example_dags/example_task_group.py for tasks to queue
[2025-10-10T09:45:41.289+0000] {logging_mixin.py:190} INFO - [2025-10-10T09:45:41.289+0000] {dagbag.py:588} INFO - Filling up the DagBag from /home/airflow/.local/lib/python3.12/site-packages/airflow/example_dags/example_task_group.py
[2025-10-10T09:45:41.292+0000] {processor.py:925} INFO - DAG(s) 'example_task_group' retrieved from /home/airflow/.local/lib/python3.12/site-packages/airflow/example_dags/example_task_group.py
[2025-10-10T09:45:41.301+0000] {logging_mixin.py:190} INFO - [2025-10-10T09:45:41.301+0000] {dag.py:3239} INFO - Sync 1 DAGs
[2025-10-10T09:45:41.306+0000] {logging_mixin.py:190} INFO - [2025-10-10T09:45:41.306+0000] {dag.py:4180} INFO - Setting next_dagrun for example_task_group to None, run_after=None
[2025-10-10T09:45:41.312+0000] {processor.py:208} INFO - Processing /home/airflow/.local/lib/python3.12/site-packages/airflow/example_dags/example_task_group.py took 0.026 seconds
[2025-10-10T09:46:12.283+0000] {processor.py:186} INFO - Started process (PID=318) to work on /home/airflow/.local/lib/python3.12/site-packages/airflow/example_dags/example_task_group.py
[2025-10-10T09:46:12.283+0000] {processor.py:914} INFO - Processing file /home/airflow/.local/lib/python3.12/site-packages/airflow/example_dags/example_task_group.py for tasks to queue
[2025-10-10T09:46:12.285+0000] {logging_mixin.py:190} INFO - [2025-10-10T09:46:12.284+0000] {dagbag.py:588} INFO - Filling up the DagBag from /home/airflow/.local/lib/python3.12/site-packages/airflow/example_dags/example_task_group.py
[2025-10-10T09:46:12.289+0000] {processor.py:925} INFO - DAG(s) 'example_task_group' retrieved from /home/airflow/.local/lib/python3.12/site-packages/airflow/example_dags/example_task_group.py
[2025-10-10T09:46:12.299+0000] {logging_mixin.py:190} INFO - [2025-10-10T09:46:12.299+0000] {dag.py:3239} INFO - Sync 1 DAGs
[2025-10-10T09:46:12.304+0000] {logging_mixin.py:190} INFO - [2025-10-10T09:46:12.304+0000] {dag.py:4180} INFO - Setting next_dagrun for example_task_group to None, run_after=None
[2025-10-10T09:46:12.310+0000] {processor.py:208} INFO - Processing /home/airflow/.local/lib/python3.12/site-packages/airflow/example_dags/example_task_group.py took 0.032 seconds
[2025-10-10T09:46:43.304+0000] {processor.py:186} INFO - Started process (PID=382) to work on /home/airflow/.local/lib/python3.12/site-packages/airflow/example_dags/example_task_group.py
[2025-10-10T09:46:43.308+0000] {processor.py:914} INFO - Processing file /home/airflow/.local/lib/python3.12/site-packages/airflow/example_dags/example_task_group.py for tasks to queue
[2025-10-10T09:46:43.310+0000] {logging_mixin.py:190} INFO - [2025-10-10T09:46:43.310+0000] {dagbag.py:588} INFO - Filling up the DagBag from /home/airflow/.local/lib/python3.12/site-packages/airflow/example_dags/example_task_group.py
[2025-10-10T09:46:43.316+0000] {processor.py:925} INFO - DAG(s) 'example_task_group' retrieved from /home/airflow/.local/lib/python3.12/site-packages/airflow/example_dags/example_task_group.py
[2025-10-10T09:46:43.326+0000] {logging_mixin.py:190} INFO - [2025-10-10T09:46:43.326+0000] {dag.py:3239} INFO - Sync 1 DAGs
[2025-10-10T09:46:43.333+0000] {logging_mixin.py:190} INFO - [2025-10-10T09:46:43.333+0000] {dag.py:4180} INFO - Setting next_dagrun for example_task_group to None, run_after=None
[2025-10-10T09:46:43.340+0000] {processor.py:208} INFO - Processing /home/airflow/.local/lib/python3.12/site-packages/airflow/example_dags/example_task_group.py took 0.040 seconds
[2025-10-10T09:47:14.243+0000] {processor.py:186} INFO - Started process (PID=446) to work on /home/airflow/.local/lib/python3.12/site-packages/airflow/example_dags/example_task_group.py
[2025-10-10T09:47:14.245+0000] {processor.py:914} INFO - Processing file /home/airflow/.local/lib/python3.12/site-packages/airflow/example_dags/example_task_group.py for tasks to queue
[2025-10-10T09:47:14.248+0000] {logging_mixin.py:190} INFO - [2025-10-10T09:47:14.247+0000] {dagbag.py:588} INFO - Filling up the DagBag from /home/airflow/.local/lib/python3.12/site-packages/airflow/example_dags/example_task_group.py
[2025-10-10T09:47:14.254+0000] {processor.py:925} INFO - DAG(s) 'example_task_group' retrieved from /home/airflow/.local/lib/python3.12/site-packages/airflow/example_dags/example_task_group.py
[2025-10-10T09:47:14.268+0000] {logging_mixin.py:190} INFO - [2025-10-10T09:47:14.268+0000] {dag.py:3239} INFO - Sync 1 DAGs
[2025-10-10T09:47:14.274+0000] {logging_mixin.py:190} INFO - [2025-10-10T09:47:14.274+0000] {dag.py:4180} INFO - Setting next_dagrun for example_task_group to None, run_after=None
[2025-10-10T09:47:14.281+0000] {processor.py:208} INFO - Processing /home/airflow/.local/lib/python3.12/site-packages/airflow/example_dags/example_task_group.py took 0.042 seconds
[2025-10-10T09:47:44.343+0000] {processor.py:186} INFO - Started process (PID=509) to work on /home/airflow/.local/lib/python3.12/site-packages/airflow/example_dags/example_task_group.py
[2025-10-10T09:47:44.344+0000] {processor.py:914} INFO - Processing file /home/airflow/.local/lib/python3.12/site-packages/airflow/example_dags/example_task_group.py for tasks to queue
[2025-10-10T09:47:44.346+0000] {logging_mixin.py:190} INFO - [2025-10-10T09:47:44.346+0000] {dagbag.py:588} INFO - Filling up the DagBag from /home/airflow/.local/lib/python3.12/site-packages/airflow/example_dags/example_task_group.py
[2025-10-10T09:47:44.353+0000] {processor.py:925} INFO - DAG(s) 'example_task_group' retrieved from /home/airflow/.local/lib/python3.12/site-packages/airflow/example_dags/example_task_group.py
[2025-10-10T09:47:44.366+0000] {logging_mixin.py:190} INFO - [2025-10-10T09:47:44.366+0000] {dag.py:3239} INFO - Sync 1 DAGs
[2025-10-10T09:47:44.372+0000] {logging_mixin.py:190} INFO - [2025-10-10T09:47:44.372+0000] {dag.py:4180} INFO - Setting next_dagrun for example_task_group to None, run_after=None
[2025-10-10T09:47:44.382+0000] {processor.py:208} INFO - Processing /home/airflow/.local/lib/python3.12/site-packages/airflow/example_dags/example_task_group.py took 0.045 seconds
[2025-10-10T09:48:15.370+0000] {processor.py:186} INFO - Started process (PID=573) to work on /home/airflow/.local/lib/python3.12/site-packages/airflow/example_dags/example_task_group.py
[2025-10-10T09:48:15.375+0000] {processor.py:914} INFO - Processing file /home/airflow/.local/lib/python3.12/site-packages/airflow/example_dags/example_task_group.py for tasks to queue
[2025-10-10T09:48:15.377+0000] {logging_mixin.py:190} INFO - [2025-10-10T09:48:15.377+0000] {dagbag.py:588} INFO - Filling up the DagBag from /home/airflow/.local/lib/python3.12/site-packages/airflow/example_dags/example_task_group.py
[2025-10-10T09:48:15.385+0000] {processor.py:925} INFO - DAG(s) 'example_task_group' retrieved from /home/airflow/.local/lib/python3.12/site-packages/airflow/example_dags/example_task_group.py
[2025-10-10T09:48:15.400+0000] {logging_mixin.py:190} INFO - [2025-10-10T09:48:15.400+0000] {dag.py:3239} INFO - Sync 1 DAGs
[2025-10-10T09:48:15.405+0000] {logging_mixin.py:190} INFO - [2025-10-10T09:48:15.405+0000] {dag.py:4180} INFO - Setting next_dagrun for example_task_group to None, run_after=None
[2025-10-10T09:48:15.417+0000] {processor.py:208} INFO - Processing /home/airflow/.local/lib/python3.12/site-packages/airflow/example_dags/example_task_group.py took 0.054 seconds
[2025-10-10T09:48:45.822+0000] {processor.py:186} INFO - Started process (PID=637) to work on /home/airflow/.local/lib/python3.12/site-packages/airflow/example_dags/example_task_group.py
[2025-10-10T09:48:45.823+0000] {processor.py:914} INFO - Processing file /home/airflow/.local/lib/python3.12/site-packages/airflow/example_dags/example_task_group.py for tasks to queue
[2025-10-10T09:48:45.826+0000] {logging_mixin.py:190} INFO - [2025-10-10T09:48:45.825+0000] {dagbag.py:588} INFO - Filling up the DagBag from /home/airflow/.local/lib/python3.12/site-packages/airflow/example_dags/example_task_group.py
[2025-10-10T09:48:45.833+0000] {processor.py:925} INFO - DAG(s) 'example_task_group' retrieved from /home/airflow/.local/lib/python3.12/site-packages/airflow/example_dags/example_task_group.py
[2025-10-10T09:48:45.850+0000] {logging_mixin.py:190} INFO - [2025-10-10T09:48:45.850+0000] {dag.py:3239} INFO - Sync 1 DAGs
[2025-10-10T09:48:45.856+0000] {logging_mixin.py:190} INFO - [2025-10-10T09:48:45.856+0000] {dag.py:4180} INFO - Setting next_dagrun for example_task_group to None, run_after=None
[2025-10-10T09:48:45.868+0000] {processor.py:208} INFO - Processing /home/airflow/.local/lib/python3.12/site-packages/airflow/example_dags/example_task_group.py took 0.052 seconds
