[2025-10-10T09:36:22.541+0000] {processor.py:186} INFO - Started process (PID=87) to work on /home/airflow/.local/lib/python3.12/site-packages/airflow/example_dags/example_xcomargs.py
[2025-10-10T09:36:22.542+0000] {processor.py:914} INFO - Processing file /home/airflow/.local/lib/python3.12/site-packages/airflow/example_dags/example_xcomargs.py for tasks to queue
[2025-10-10T09:36:22.543+0000] {logging_mixin.py:190} INFO - [2025-10-10T09:36:22.543+0000] {dagbag.py:588} INFO - Filling up the DagBag from /home/airflow/.local/lib/python3.12/site-packages/airflow/example_dags/example_xcomargs.py
[2025-10-10T09:36:22.552+0000] {processor.py:925} INFO - DAG(s) 'example_xcom_args', 'example_xcom_args_with_operators' retrieved from /home/airflow/.local/lib/python3.12/site-packages/airflow/example_dags/example_xcomargs.py
[2025-10-10T09:36:22.625+0000] {logging_mixin.py:190} INFO - [2025-10-10T09:36:22.624+0000] {override.py:1911} INFO - Created Permission View: can edit on DAG:example_xcom_args
[2025-10-10T09:36:22.633+0000] {logging_mixin.py:190} INFO - [2025-10-10T09:36:22.633+0000] {override.py:1911} INFO - Created Permission View: can read on DAG:example_xcom_args
[2025-10-10T09:36:22.636+0000] {logging_mixin.py:190} INFO - [2025-10-10T09:36:22.636+0000] {override.py:1911} INFO - Created Permission View: can delete on DAG:example_xcom_args
[2025-10-10T09:36:22.640+0000] {logging_mixin.py:190} INFO - [2025-10-10T09:36:22.640+0000] {override.py:1911} INFO - Created Permission View: can read on DAG Run:example_xcom_args
[2025-10-10T09:36:22.643+0000] {logging_mixin.py:190} INFO - [2025-10-10T09:36:22.643+0000] {override.py:1911} INFO - Created Permission View: menu access on DAG Run:example_xcom_args
[2025-10-10T09:36:22.647+0000] {logging_mixin.py:190} INFO - [2025-10-10T09:36:22.647+0000] {override.py:1911} INFO - Created Permission View: can delete on DAG Run:example_xcom_args
[2025-10-10T09:36:22.651+0000] {logging_mixin.py:190} INFO - [2025-10-10T09:36:22.651+0000] {override.py:1911} INFO - Created Permission View: can create on DAG Run:example_xcom_args
[2025-10-10T09:36:22.660+0000] {logging_mixin.py:190} INFO - [2025-10-10T09:36:22.660+0000] {override.py:1911} INFO - Created Permission View: can edit on DAG:example_xcom_args_with_operators
[2025-10-10T09:36:22.663+0000] {logging_mixin.py:190} INFO - [2025-10-10T09:36:22.663+0000] {override.py:1911} INFO - Created Permission View: can read on DAG:example_xcom_args_with_operators
[2025-10-10T09:36:22.668+0000] {logging_mixin.py:190} INFO - [2025-10-10T09:36:22.668+0000] {override.py:1911} INFO - Created Permission View: can delete on DAG:example_xcom_args_with_operators
[2025-10-10T09:36:22.672+0000] {logging_mixin.py:190} INFO - [2025-10-10T09:36:22.672+0000] {override.py:1911} INFO - Created Permission View: can read on DAG Run:example_xcom_args_with_operators
[2025-10-10T09:36:22.676+0000] {logging_mixin.py:190} INFO - [2025-10-10T09:36:22.676+0000] {override.py:1911} INFO - Created Permission View: menu access on DAG Run:example_xcom_args_with_operators
[2025-10-10T09:36:22.681+0000] {logging_mixin.py:190} INFO - [2025-10-10T09:36:22.681+0000] {override.py:1911} INFO - Created Permission View: can delete on DAG Run:example_xcom_args_with_operators
[2025-10-10T09:36:22.683+0000] {logging_mixin.py:190} INFO - [2025-10-10T09:36:22.683+0000] {override.py:1911} INFO - Created Permission View: can create on DAG Run:example_xcom_args_with_operators
[2025-10-10T09:36:22.683+0000] {logging_mixin.py:190} INFO - [2025-10-10T09:36:22.683+0000] {dag.py:3239} INFO - Sync 2 DAGs
[2025-10-10T09:36:22.689+0000] {logging_mixin.py:190} INFO - [2025-10-10T09:36:22.689+0000] {dag.py:3262} INFO - Creating ORM DAG for example_xcom_args_with_operators
[2025-10-10T09:36:22.690+0000] {logging_mixin.py:190} INFO - [2025-10-10T09:36:22.690+0000] {dag.py:3262} INFO - Creating ORM DAG for example_xcom_args
[2025-10-10T09:36:22.690+0000] {logging_mixin.py:190} INFO - [2025-10-10T09:36:22.690+0000] {dag.py:4180} INFO - Setting next_dagrun for example_xcom_args to None, run_after=None
[2025-10-10T09:36:22.690+0000] {logging_mixin.py:190} INFO - [2025-10-10T09:36:22.690+0000] {dag.py:4180} INFO - Setting next_dagrun for example_xcom_args_with_operators to None, run_after=None
[2025-10-10T09:36:22.700+0000] {processor.py:208} INFO - Processing /home/airflow/.local/lib/python3.12/site-packages/airflow/example_dags/example_xcomargs.py took 0.164 seconds
[2025-10-10T09:36:53.048+0000] {processor.py:186} INFO - Started process (PID=150) to work on /home/airflow/.local/lib/python3.12/site-packages/airflow/example_dags/example_xcomargs.py
[2025-10-10T09:36:53.049+0000] {processor.py:914} INFO - Processing file /home/airflow/.local/lib/python3.12/site-packages/airflow/example_dags/example_xcomargs.py for tasks to queue
[2025-10-10T09:36:53.051+0000] {logging_mixin.py:190} INFO - [2025-10-10T09:36:53.051+0000] {dagbag.py:588} INFO - Filling up the DagBag from /home/airflow/.local/lib/python3.12/site-packages/airflow/example_dags/example_xcomargs.py
[2025-10-10T09:36:53.055+0000] {processor.py:925} INFO - DAG(s) 'example_xcom_args_with_operators', 'example_xcom_args' retrieved from /home/airflow/.local/lib/python3.12/site-packages/airflow/example_dags/example_xcomargs.py
[2025-10-10T09:36:53.063+0000] {logging_mixin.py:190} INFO - [2025-10-10T09:36:53.063+0000] {dag.py:3239} INFO - Sync 2 DAGs
[2025-10-10T09:36:53.068+0000] {logging_mixin.py:190} INFO - [2025-10-10T09:36:53.068+0000] {dag.py:4180} INFO - Setting next_dagrun for example_xcom_args to None, run_after=None
[2025-10-10T09:36:53.069+0000] {logging_mixin.py:190} INFO - [2025-10-10T09:36:53.069+0000] {dag.py:4180} INFO - Setting next_dagrun for example_xcom_args_with_operators to None, run_after=None
[2025-10-10T09:36:53.074+0000] {processor.py:208} INFO - Processing /home/airflow/.local/lib/python3.12/site-packages/airflow/example_dags/example_xcomargs.py took 0.028 seconds
[2025-10-10T09:37:23.346+0000] {processor.py:186} INFO - Started process (PID=213) to work on /home/airflow/.local/lib/python3.12/site-packages/airflow/example_dags/example_xcomargs.py
[2025-10-10T09:37:23.347+0000] {processor.py:914} INFO - Processing file /home/airflow/.local/lib/python3.12/site-packages/airflow/example_dags/example_xcomargs.py for tasks to queue
[2025-10-10T09:37:23.348+0000] {logging_mixin.py:190} INFO - [2025-10-10T09:37:23.348+0000] {dagbag.py:588} INFO - Filling up the DagBag from /home/airflow/.local/lib/python3.12/site-packages/airflow/example_dags/example_xcomargs.py
[2025-10-10T09:37:23.353+0000] {processor.py:925} INFO - DAG(s) 'example_xcom_args', 'example_xcom_args_with_operators' retrieved from /home/airflow/.local/lib/python3.12/site-packages/airflow/example_dags/example_xcomargs.py
[2025-10-10T09:37:23.364+0000] {logging_mixin.py:190} INFO - [2025-10-10T09:37:23.364+0000] {dag.py:3239} INFO - Sync 2 DAGs
[2025-10-10T09:37:23.369+0000] {logging_mixin.py:190} INFO - [2025-10-10T09:37:23.369+0000] {dag.py:4180} INFO - Setting next_dagrun for example_xcom_args to None, run_after=None
[2025-10-10T09:37:23.371+0000] {logging_mixin.py:190} INFO - [2025-10-10T09:37:23.371+0000] {dag.py:4180} INFO - Setting next_dagrun for example_xcom_args_with_operators to None, run_after=None
[2025-10-10T09:37:23.376+0000] {processor.py:208} INFO - Processing /home/airflow/.local/lib/python3.12/site-packages/airflow/example_dags/example_xcomargs.py took 0.032 seconds
[2025-10-10T09:37:54.449+0000] {processor.py:186} INFO - Started process (PID=276) to work on /home/airflow/.local/lib/python3.12/site-packages/airflow/example_dags/example_xcomargs.py
[2025-10-10T09:37:54.449+0000] {processor.py:914} INFO - Processing file /home/airflow/.local/lib/python3.12/site-packages/airflow/example_dags/example_xcomargs.py for tasks to queue
[2025-10-10T09:37:54.450+0000] {logging_mixin.py:190} INFO - [2025-10-10T09:37:54.450+0000] {dagbag.py:588} INFO - Filling up the DagBag from /home/airflow/.local/lib/python3.12/site-packages/airflow/example_dags/example_xcomargs.py
[2025-10-10T09:37:54.455+0000] {processor.py:925} INFO - DAG(s) 'example_xcom_args_with_operators', 'example_xcom_args' retrieved from /home/airflow/.local/lib/python3.12/site-packages/airflow/example_dags/example_xcomargs.py
[2025-10-10T09:37:54.464+0000] {logging_mixin.py:190} INFO - [2025-10-10T09:37:54.463+0000] {dag.py:3239} INFO - Sync 2 DAGs
[2025-10-10T09:37:54.469+0000] {logging_mixin.py:190} INFO - [2025-10-10T09:37:54.469+0000] {dag.py:4180} INFO - Setting next_dagrun for example_xcom_args to None, run_after=None
[2025-10-10T09:37:54.470+0000] {logging_mixin.py:190} INFO - [2025-10-10T09:37:54.470+0000] {dag.py:4180} INFO - Setting next_dagrun for example_xcom_args_with_operators to None, run_after=None
[2025-10-10T09:37:54.476+0000] {processor.py:208} INFO - Processing /home/airflow/.local/lib/python3.12/site-packages/airflow/example_dags/example_xcomargs.py took 0.029 seconds
[2025-10-10T09:38:17.950+0000] {processor.py:186} INFO - Started process (PID=83) to work on /home/airflow/.local/lib/python3.12/site-packages/airflow/example_dags/example_xcomargs.py
[2025-10-10T09:38:17.950+0000] {processor.py:914} INFO - Processing file /home/airflow/.local/lib/python3.12/site-packages/airflow/example_dags/example_xcomargs.py for tasks to queue
[2025-10-10T09:38:17.951+0000] {logging_mixin.py:190} INFO - [2025-10-10T09:38:17.951+0000] {dagbag.py:588} INFO - Filling up the DagBag from /home/airflow/.local/lib/python3.12/site-packages/airflow/example_dags/example_xcomargs.py
[2025-10-10T09:38:17.955+0000] {processor.py:925} INFO - DAG(s) 'example_xcom_args_with_operators', 'example_xcom_args' retrieved from /home/airflow/.local/lib/python3.12/site-packages/airflow/example_dags/example_xcomargs.py
[2025-10-10T09:38:17.963+0000] {logging_mixin.py:190} INFO - [2025-10-10T09:38:17.963+0000] {dag.py:3239} INFO - Sync 2 DAGs
[2025-10-10T09:38:17.968+0000] {logging_mixin.py:190} INFO - [2025-10-10T09:38:17.967+0000] {dag.py:4180} INFO - Setting next_dagrun for example_xcom_args to None, run_after=None
[2025-10-10T09:38:17.969+0000] {logging_mixin.py:190} INFO - [2025-10-10T09:38:17.969+0000] {dag.py:4180} INFO - Setting next_dagrun for example_xcom_args_with_operators to None, run_after=None
[2025-10-10T09:38:17.973+0000] {processor.py:208} INFO - Processing /home/airflow/.local/lib/python3.12/site-packages/airflow/example_dags/example_xcomargs.py took 0.026 seconds
[2025-10-10T09:38:49.123+0000] {processor.py:186} INFO - Started process (PID=147) to work on /home/airflow/.local/lib/python3.12/site-packages/airflow/example_dags/example_xcomargs.py
[2025-10-10T09:38:49.125+0000] {processor.py:914} INFO - Processing file /home/airflow/.local/lib/python3.12/site-packages/airflow/example_dags/example_xcomargs.py for tasks to queue
[2025-10-10T09:38:49.126+0000] {logging_mixin.py:190} INFO - [2025-10-10T09:38:49.126+0000] {dagbag.py:588} INFO - Filling up the DagBag from /home/airflow/.local/lib/python3.12/site-packages/airflow/example_dags/example_xcomargs.py
[2025-10-10T09:38:49.131+0000] {processor.py:925} INFO - DAG(s) 'example_xcom_args', 'example_xcom_args_with_operators' retrieved from /home/airflow/.local/lib/python3.12/site-packages/airflow/example_dags/example_xcomargs.py
[2025-10-10T09:38:49.139+0000] {logging_mixin.py:190} INFO - [2025-10-10T09:38:49.139+0000] {dag.py:3239} INFO - Sync 2 DAGs
[2025-10-10T09:38:49.147+0000] {logging_mixin.py:190} INFO - [2025-10-10T09:38:49.147+0000] {dag.py:4180} INFO - Setting next_dagrun for example_xcom_args to None, run_after=None
[2025-10-10T09:38:49.150+0000] {logging_mixin.py:190} INFO - [2025-10-10T09:38:49.150+0000] {dag.py:4180} INFO - Setting next_dagrun for example_xcom_args_with_operators to None, run_after=None
[2025-10-10T09:38:49.159+0000] {processor.py:208} INFO - Processing /home/airflow/.local/lib/python3.12/site-packages/airflow/example_dags/example_xcomargs.py took 0.039 seconds
[2025-10-10T09:39:20.260+0000] {processor.py:186} INFO - Started process (PID=211) to work on /home/airflow/.local/lib/python3.12/site-packages/airflow/example_dags/example_xcomargs.py
[2025-10-10T09:39:20.261+0000] {processor.py:914} INFO - Processing file /home/airflow/.local/lib/python3.12/site-packages/airflow/example_dags/example_xcomargs.py for tasks to queue
[2025-10-10T09:39:20.263+0000] {logging_mixin.py:190} INFO - [2025-10-10T09:39:20.263+0000] {dagbag.py:588} INFO - Filling up the DagBag from /home/airflow/.local/lib/python3.12/site-packages/airflow/example_dags/example_xcomargs.py
[2025-10-10T09:39:20.269+0000] {processor.py:925} INFO - DAG(s) 'example_xcom_args', 'example_xcom_args_with_operators' retrieved from /home/airflow/.local/lib/python3.12/site-packages/airflow/example_dags/example_xcomargs.py
[2025-10-10T09:39:20.279+0000] {logging_mixin.py:190} INFO - [2025-10-10T09:39:20.279+0000] {dag.py:3239} INFO - Sync 2 DAGs
[2025-10-10T09:39:20.284+0000] {logging_mixin.py:190} INFO - [2025-10-10T09:39:20.284+0000] {dag.py:4180} INFO - Setting next_dagrun for example_xcom_args to None, run_after=None
[2025-10-10T09:39:20.289+0000] {logging_mixin.py:190} INFO - [2025-10-10T09:39:20.289+0000] {dag.py:4180} INFO - Setting next_dagrun for example_xcom_args_with_operators to None, run_after=None
[2025-10-10T09:39:20.296+0000] {processor.py:208} INFO - Processing /home/airflow/.local/lib/python3.12/site-packages/airflow/example_dags/example_xcomargs.py took 0.038 seconds
[2025-10-10T09:39:51.408+0000] {processor.py:186} INFO - Started process (PID=275) to work on /home/airflow/.local/lib/python3.12/site-packages/airflow/example_dags/example_xcomargs.py
[2025-10-10T09:39:51.408+0000] {processor.py:914} INFO - Processing file /home/airflow/.local/lib/python3.12/site-packages/airflow/example_dags/example_xcomargs.py for tasks to queue
[2025-10-10T09:39:51.409+0000] {logging_mixin.py:190} INFO - [2025-10-10T09:39:51.409+0000] {dagbag.py:588} INFO - Filling up the DagBag from /home/airflow/.local/lib/python3.12/site-packages/airflow/example_dags/example_xcomargs.py
[2025-10-10T09:39:51.412+0000] {processor.py:925} INFO - DAG(s) 'example_xcom_args_with_operators', 'example_xcom_args' retrieved from /home/airflow/.local/lib/python3.12/site-packages/airflow/example_dags/example_xcomargs.py
[2025-10-10T09:39:51.419+0000] {logging_mixin.py:190} INFO - [2025-10-10T09:39:51.419+0000] {dag.py:3239} INFO - Sync 2 DAGs
[2025-10-10T09:39:51.424+0000] {logging_mixin.py:190} INFO - [2025-10-10T09:39:51.424+0000] {dag.py:4180} INFO - Setting next_dagrun for example_xcom_args to None, run_after=None
[2025-10-10T09:39:51.425+0000] {logging_mixin.py:190} INFO - [2025-10-10T09:39:51.425+0000] {dag.py:4180} INFO - Setting next_dagrun for example_xcom_args_with_operators to None, run_after=None
[2025-10-10T09:39:51.429+0000] {processor.py:208} INFO - Processing /home/airflow/.local/lib/python3.12/site-packages/airflow/example_dags/example_xcomargs.py took 0.023 seconds
[2025-10-10T09:40:22.639+0000] {processor.py:186} INFO - Started process (PID=339) to work on /home/airflow/.local/lib/python3.12/site-packages/airflow/example_dags/example_xcomargs.py
[2025-10-10T09:40:22.639+0000] {processor.py:914} INFO - Processing file /home/airflow/.local/lib/python3.12/site-packages/airflow/example_dags/example_xcomargs.py for tasks to queue
[2025-10-10T09:40:22.641+0000] {logging_mixin.py:190} INFO - [2025-10-10T09:40:22.641+0000] {dagbag.py:588} INFO - Filling up the DagBag from /home/airflow/.local/lib/python3.12/site-packages/airflow/example_dags/example_xcomargs.py
[2025-10-10T09:40:22.646+0000] {processor.py:925} INFO - DAG(s) 'example_xcom_args_with_operators', 'example_xcom_args' retrieved from /home/airflow/.local/lib/python3.12/site-packages/airflow/example_dags/example_xcomargs.py
[2025-10-10T09:40:22.656+0000] {logging_mixin.py:190} INFO - [2025-10-10T09:40:22.656+0000] {dag.py:3239} INFO - Sync 2 DAGs
[2025-10-10T09:40:22.662+0000] {logging_mixin.py:190} INFO - [2025-10-10T09:40:22.662+0000] {dag.py:4180} INFO - Setting next_dagrun for example_xcom_args to None, run_after=None
[2025-10-10T09:40:22.664+0000] {logging_mixin.py:190} INFO - [2025-10-10T09:40:22.664+0000] {dag.py:4180} INFO - Setting next_dagrun for example_xcom_args_with_operators to None, run_after=None
[2025-10-10T09:40:22.677+0000] {processor.py:208} INFO - Processing /home/airflow/.local/lib/python3.12/site-packages/airflow/example_dags/example_xcomargs.py took 0.040 seconds
[2025-10-10T09:40:53.841+0000] {processor.py:186} INFO - Started process (PID=403) to work on /home/airflow/.local/lib/python3.12/site-packages/airflow/example_dags/example_xcomargs.py
[2025-10-10T09:40:53.842+0000] {processor.py:914} INFO - Processing file /home/airflow/.local/lib/python3.12/site-packages/airflow/example_dags/example_xcomargs.py for tasks to queue
[2025-10-10T09:40:53.843+0000] {logging_mixin.py:190} INFO - [2025-10-10T09:40:53.843+0000] {dagbag.py:588} INFO - Filling up the DagBag from /home/airflow/.local/lib/python3.12/site-packages/airflow/example_dags/example_xcomargs.py
[2025-10-10T09:40:53.848+0000] {processor.py:925} INFO - DAG(s) 'example_xcom_args_with_operators', 'example_xcom_args' retrieved from /home/airflow/.local/lib/python3.12/site-packages/airflow/example_dags/example_xcomargs.py
[2025-10-10T09:40:53.857+0000] {logging_mixin.py:190} INFO - [2025-10-10T09:40:53.856+0000] {dag.py:3239} INFO - Sync 2 DAGs
[2025-10-10T09:40:53.862+0000] {logging_mixin.py:190} INFO - [2025-10-10T09:40:53.861+0000] {dag.py:4180} INFO - Setting next_dagrun for example_xcom_args to None, run_after=None
[2025-10-10T09:40:53.866+0000] {logging_mixin.py:190} INFO - [2025-10-10T09:40:53.866+0000] {dag.py:4180} INFO - Setting next_dagrun for example_xcom_args_with_operators to None, run_after=None
[2025-10-10T09:40:53.876+0000] {processor.py:208} INFO - Processing /home/airflow/.local/lib/python3.12/site-packages/airflow/example_dags/example_xcomargs.py took 0.038 seconds
[2025-10-10T09:41:24.960+0000] {processor.py:186} INFO - Started process (PID=467) to work on /home/airflow/.local/lib/python3.12/site-packages/airflow/example_dags/example_xcomargs.py
[2025-10-10T09:41:24.961+0000] {processor.py:914} INFO - Processing file /home/airflow/.local/lib/python3.12/site-packages/airflow/example_dags/example_xcomargs.py for tasks to queue
[2025-10-10T09:41:24.962+0000] {logging_mixin.py:190} INFO - [2025-10-10T09:41:24.962+0000] {dagbag.py:588} INFO - Filling up the DagBag from /home/airflow/.local/lib/python3.12/site-packages/airflow/example_dags/example_xcomargs.py
[2025-10-10T09:41:24.967+0000] {processor.py:925} INFO - DAG(s) 'example_xcom_args', 'example_xcom_args_with_operators' retrieved from /home/airflow/.local/lib/python3.12/site-packages/airflow/example_dags/example_xcomargs.py
[2025-10-10T09:41:24.977+0000] {logging_mixin.py:190} INFO - [2025-10-10T09:41:24.977+0000] {dag.py:3239} INFO - Sync 2 DAGs
[2025-10-10T09:41:24.983+0000] {logging_mixin.py:190} INFO - [2025-10-10T09:41:24.982+0000] {dag.py:4180} INFO - Setting next_dagrun for example_xcom_args to None, run_after=None
[2025-10-10T09:41:24.987+0000] {logging_mixin.py:190} INFO - [2025-10-10T09:41:24.987+0000] {dag.py:4180} INFO - Setting next_dagrun for example_xcom_args_with_operators to None, run_after=None
[2025-10-10T09:41:24.993+0000] {processor.py:208} INFO - Processing /home/airflow/.local/lib/python3.12/site-packages/airflow/example_dags/example_xcomargs.py took 0.036 seconds
[2025-10-10T09:41:56.203+0000] {processor.py:186} INFO - Started process (PID=531) to work on /home/airflow/.local/lib/python3.12/site-packages/airflow/example_dags/example_xcomargs.py
[2025-10-10T09:41:56.207+0000] {processor.py:914} INFO - Processing file /home/airflow/.local/lib/python3.12/site-packages/airflow/example_dags/example_xcomargs.py for tasks to queue
[2025-10-10T09:41:56.208+0000] {logging_mixin.py:190} INFO - [2025-10-10T09:41:56.208+0000] {dagbag.py:588} INFO - Filling up the DagBag from /home/airflow/.local/lib/python3.12/site-packages/airflow/example_dags/example_xcomargs.py
[2025-10-10T09:41:56.213+0000] {processor.py:925} INFO - DAG(s) 'example_xcom_args', 'example_xcom_args_with_operators' retrieved from /home/airflow/.local/lib/python3.12/site-packages/airflow/example_dags/example_xcomargs.py
[2025-10-10T09:41:56.221+0000] {logging_mixin.py:190} INFO - [2025-10-10T09:41:56.220+0000] {dag.py:3239} INFO - Sync 2 DAGs
[2025-10-10T09:41:56.226+0000] {logging_mixin.py:190} INFO - [2025-10-10T09:41:56.226+0000] {dag.py:4180} INFO - Setting next_dagrun for example_xcom_args to None, run_after=None
[2025-10-10T09:41:56.227+0000] {logging_mixin.py:190} INFO - [2025-10-10T09:41:56.227+0000] {dag.py:4180} INFO - Setting next_dagrun for example_xcom_args_with_operators to None, run_after=None
[2025-10-10T09:41:56.232+0000] {processor.py:208} INFO - Processing /home/airflow/.local/lib/python3.12/site-packages/airflow/example_dags/example_xcomargs.py took 0.031 seconds
[2025-10-10T09:42:27.273+0000] {processor.py:186} INFO - Started process (PID=595) to work on /home/airflow/.local/lib/python3.12/site-packages/airflow/example_dags/example_xcomargs.py
[2025-10-10T09:42:27.274+0000] {processor.py:914} INFO - Processing file /home/airflow/.local/lib/python3.12/site-packages/airflow/example_dags/example_xcomargs.py for tasks to queue
[2025-10-10T09:42:27.274+0000] {logging_mixin.py:190} INFO - [2025-10-10T09:42:27.274+0000] {dagbag.py:588} INFO - Filling up the DagBag from /home/airflow/.local/lib/python3.12/site-packages/airflow/example_dags/example_xcomargs.py
[2025-10-10T09:42:27.278+0000] {processor.py:925} INFO - DAG(s) 'example_xcom_args', 'example_xcom_args_with_operators' retrieved from /home/airflow/.local/lib/python3.12/site-packages/airflow/example_dags/example_xcomargs.py
[2025-10-10T09:42:27.285+0000] {logging_mixin.py:190} INFO - [2025-10-10T09:42:27.285+0000] {dag.py:3239} INFO - Sync 2 DAGs
[2025-10-10T09:42:27.289+0000] {logging_mixin.py:190} INFO - [2025-10-10T09:42:27.289+0000] {dag.py:4180} INFO - Setting next_dagrun for example_xcom_args to None, run_after=None
[2025-10-10T09:42:27.290+0000] {logging_mixin.py:190} INFO - [2025-10-10T09:42:27.290+0000] {dag.py:4180} INFO - Setting next_dagrun for example_xcom_args_with_operators to None, run_after=None
[2025-10-10T09:42:27.295+0000] {processor.py:208} INFO - Processing /home/airflow/.local/lib/python3.12/site-packages/airflow/example_dags/example_xcomargs.py took 0.024 seconds
[2025-10-10T09:42:58.543+0000] {processor.py:186} INFO - Started process (PID=659) to work on /home/airflow/.local/lib/python3.12/site-packages/airflow/example_dags/example_xcomargs.py
[2025-10-10T09:42:58.543+0000] {processor.py:914} INFO - Processing file /home/airflow/.local/lib/python3.12/site-packages/airflow/example_dags/example_xcomargs.py for tasks to queue
[2025-10-10T09:42:58.544+0000] {logging_mixin.py:190} INFO - [2025-10-10T09:42:58.544+0000] {dagbag.py:588} INFO - Filling up the DagBag from /home/airflow/.local/lib/python3.12/site-packages/airflow/example_dags/example_xcomargs.py
[2025-10-10T09:42:58.548+0000] {processor.py:925} INFO - DAG(s) 'example_xcom_args_with_operators', 'example_xcom_args' retrieved from /home/airflow/.local/lib/python3.12/site-packages/airflow/example_dags/example_xcomargs.py
[2025-10-10T09:42:58.557+0000] {logging_mixin.py:190} INFO - [2025-10-10T09:42:58.557+0000] {dag.py:3239} INFO - Sync 2 DAGs
[2025-10-10T09:42:58.562+0000] {logging_mixin.py:190} INFO - [2025-10-10T09:42:58.562+0000] {dag.py:4180} INFO - Setting next_dagrun for example_xcom_args to None, run_after=None
[2025-10-10T09:42:58.563+0000] {logging_mixin.py:190} INFO - [2025-10-10T09:42:58.563+0000] {dag.py:4180} INFO - Setting next_dagrun for example_xcom_args_with_operators to None, run_after=None
[2025-10-10T09:42:58.570+0000] {processor.py:208} INFO - Processing /home/airflow/.local/lib/python3.12/site-packages/airflow/example_dags/example_xcomargs.py took 0.029 seconds
[2025-10-10T09:43:29.615+0000] {processor.py:186} INFO - Started process (PID=723) to work on /home/airflow/.local/lib/python3.12/site-packages/airflow/example_dags/example_xcomargs.py
[2025-10-10T09:43:29.616+0000] {processor.py:914} INFO - Processing file /home/airflow/.local/lib/python3.12/site-packages/airflow/example_dags/example_xcomargs.py for tasks to queue
[2025-10-10T09:43:29.617+0000] {logging_mixin.py:190} INFO - [2025-10-10T09:43:29.616+0000] {dagbag.py:588} INFO - Filling up the DagBag from /home/airflow/.local/lib/python3.12/site-packages/airflow/example_dags/example_xcomargs.py
[2025-10-10T09:43:29.620+0000] {processor.py:925} INFO - DAG(s) 'example_xcom_args_with_operators', 'example_xcom_args' retrieved from /home/airflow/.local/lib/python3.12/site-packages/airflow/example_dags/example_xcomargs.py
[2025-10-10T09:43:29.628+0000] {logging_mixin.py:190} INFO - [2025-10-10T09:43:29.628+0000] {dag.py:3239} INFO - Sync 2 DAGs
[2025-10-10T09:43:29.632+0000] {logging_mixin.py:190} INFO - [2025-10-10T09:43:29.632+0000] {dag.py:4180} INFO - Setting next_dagrun for example_xcom_args to None, run_after=None
[2025-10-10T09:43:29.633+0000] {logging_mixin.py:190} INFO - [2025-10-10T09:43:29.633+0000] {dag.py:4180} INFO - Setting next_dagrun for example_xcom_args_with_operators to None, run_after=None
[2025-10-10T09:43:29.638+0000] {processor.py:208} INFO - Processing /home/airflow/.local/lib/python3.12/site-packages/airflow/example_dags/example_xcomargs.py took 0.024 seconds
[2025-10-10T09:44:10.298+0000] {processor.py:186} INFO - Started process (PID=90) to work on /home/airflow/.local/lib/python3.12/site-packages/airflow/example_dags/example_xcomargs.py
[2025-10-10T09:44:10.299+0000] {processor.py:914} INFO - Processing file /home/airflow/.local/lib/python3.12/site-packages/airflow/example_dags/example_xcomargs.py for tasks to queue
[2025-10-10T09:44:10.300+0000] {logging_mixin.py:190} INFO - [2025-10-10T09:44:10.300+0000] {dagbag.py:588} INFO - Filling up the DagBag from /home/airflow/.local/lib/python3.12/site-packages/airflow/example_dags/example_xcomargs.py
[2025-10-10T09:44:10.306+0000] {processor.py:925} INFO - DAG(s) 'example_xcom_args', 'example_xcom_args_with_operators' retrieved from /home/airflow/.local/lib/python3.12/site-packages/airflow/example_dags/example_xcomargs.py
[2025-10-10T09:44:10.317+0000] {logging_mixin.py:190} INFO - [2025-10-10T09:44:10.317+0000] {dag.py:3239} INFO - Sync 2 DAGs
[2025-10-10T09:44:10.324+0000] {logging_mixin.py:190} INFO - [2025-10-10T09:44:10.324+0000] {dag.py:4180} INFO - Setting next_dagrun for example_xcom_args to None, run_after=None
[2025-10-10T09:44:10.325+0000] {logging_mixin.py:190} INFO - [2025-10-10T09:44:10.325+0000] {dag.py:4180} INFO - Setting next_dagrun for example_xcom_args_with_operators to None, run_after=None
[2025-10-10T09:44:10.330+0000] {processor.py:208} INFO - Processing /home/airflow/.local/lib/python3.12/site-packages/airflow/example_dags/example_xcomargs.py took 0.035 seconds
[2025-10-10T09:44:41.459+0000] {processor.py:186} INFO - Started process (PID=154) to work on /home/airflow/.local/lib/python3.12/site-packages/airflow/example_dags/example_xcomargs.py
[2025-10-10T09:44:41.459+0000] {processor.py:914} INFO - Processing file /home/airflow/.local/lib/python3.12/site-packages/airflow/example_dags/example_xcomargs.py for tasks to queue
[2025-10-10T09:44:41.460+0000] {logging_mixin.py:190} INFO - [2025-10-10T09:44:41.460+0000] {dagbag.py:588} INFO - Filling up the DagBag from /home/airflow/.local/lib/python3.12/site-packages/airflow/example_dags/example_xcomargs.py
[2025-10-10T09:44:41.465+0000] {processor.py:925} INFO - DAG(s) 'example_xcom_args_with_operators', 'example_xcom_args' retrieved from /home/airflow/.local/lib/python3.12/site-packages/airflow/example_dags/example_xcomargs.py
[2025-10-10T09:44:41.475+0000] {logging_mixin.py:190} INFO - [2025-10-10T09:44:41.475+0000] {dag.py:3239} INFO - Sync 2 DAGs
[2025-10-10T09:44:41.480+0000] {logging_mixin.py:190} INFO - [2025-10-10T09:44:41.480+0000] {dag.py:4180} INFO - Setting next_dagrun for example_xcom_args to None, run_after=None
[2025-10-10T09:44:41.481+0000] {logging_mixin.py:190} INFO - [2025-10-10T09:44:41.481+0000] {dag.py:4180} INFO - Setting next_dagrun for example_xcom_args_with_operators to None, run_after=None
[2025-10-10T09:44:41.486+0000] {processor.py:208} INFO - Processing /home/airflow/.local/lib/python3.12/site-packages/airflow/example_dags/example_xcomargs.py took 0.030 seconds
[2025-10-10T09:45:12.507+0000] {processor.py:186} INFO - Started process (PID=218) to work on /home/airflow/.local/lib/python3.12/site-packages/airflow/example_dags/example_xcomargs.py
[2025-10-10T09:45:12.507+0000] {processor.py:914} INFO - Processing file /home/airflow/.local/lib/python3.12/site-packages/airflow/example_dags/example_xcomargs.py for tasks to queue
[2025-10-10T09:45:12.508+0000] {logging_mixin.py:190} INFO - [2025-10-10T09:45:12.508+0000] {dagbag.py:588} INFO - Filling up the DagBag from /home/airflow/.local/lib/python3.12/site-packages/airflow/example_dags/example_xcomargs.py
[2025-10-10T09:45:12.512+0000] {processor.py:925} INFO - DAG(s) 'example_xcom_args_with_operators', 'example_xcom_args' retrieved from /home/airflow/.local/lib/python3.12/site-packages/airflow/example_dags/example_xcomargs.py
[2025-10-10T09:45:12.525+0000] {logging_mixin.py:190} INFO - [2025-10-10T09:45:12.525+0000] {dag.py:3239} INFO - Sync 2 DAGs
[2025-10-10T09:45:12.530+0000] {logging_mixin.py:190} INFO - [2025-10-10T09:45:12.530+0000] {dag.py:4180} INFO - Setting next_dagrun for example_xcom_args to None, run_after=None
[2025-10-10T09:45:12.532+0000] {logging_mixin.py:190} INFO - [2025-10-10T09:45:12.532+0000] {dag.py:4180} INFO - Setting next_dagrun for example_xcom_args_with_operators to None, run_after=None
[2025-10-10T09:45:12.538+0000] {processor.py:208} INFO - Processing /home/airflow/.local/lib/python3.12/site-packages/airflow/example_dags/example_xcomargs.py took 0.034 seconds
[2025-10-10T09:45:43.468+0000] {processor.py:186} INFO - Started process (PID=290) to work on /home/airflow/.local/lib/python3.12/site-packages/airflow/example_dags/example_xcomargs.py
[2025-10-10T09:45:43.469+0000] {processor.py:914} INFO - Processing file /home/airflow/.local/lib/python3.12/site-packages/airflow/example_dags/example_xcomargs.py for tasks to queue
[2025-10-10T09:45:43.470+0000] {logging_mixin.py:190} INFO - [2025-10-10T09:45:43.470+0000] {dagbag.py:588} INFO - Filling up the DagBag from /home/airflow/.local/lib/python3.12/site-packages/airflow/example_dags/example_xcomargs.py
[2025-10-10T09:45:43.475+0000] {processor.py:925} INFO - DAG(s) 'example_xcom_args_with_operators', 'example_xcom_args' retrieved from /home/airflow/.local/lib/python3.12/site-packages/airflow/example_dags/example_xcomargs.py
[2025-10-10T09:45:43.486+0000] {logging_mixin.py:190} INFO - [2025-10-10T09:45:43.486+0000] {dag.py:3239} INFO - Sync 2 DAGs
[2025-10-10T09:45:43.492+0000] {logging_mixin.py:190} INFO - [2025-10-10T09:45:43.491+0000] {dag.py:4180} INFO - Setting next_dagrun for example_xcom_args to None, run_after=None
[2025-10-10T09:45:43.493+0000] {logging_mixin.py:190} INFO - [2025-10-10T09:45:43.493+0000] {dag.py:4180} INFO - Setting next_dagrun for example_xcom_args_with_operators to None, run_after=None
[2025-10-10T09:45:43.500+0000] {processor.py:208} INFO - Processing /home/airflow/.local/lib/python3.12/site-packages/airflow/example_dags/example_xcomargs.py took 0.034 seconds
[2025-10-10T09:46:14.581+0000] {processor.py:186} INFO - Started process (PID=354) to work on /home/airflow/.local/lib/python3.12/site-packages/airflow/example_dags/example_xcomargs.py
[2025-10-10T09:46:14.581+0000] {processor.py:914} INFO - Processing file /home/airflow/.local/lib/python3.12/site-packages/airflow/example_dags/example_xcomargs.py for tasks to queue
[2025-10-10T09:46:14.583+0000] {logging_mixin.py:190} INFO - [2025-10-10T09:46:14.583+0000] {dagbag.py:588} INFO - Filling up the DagBag from /home/airflow/.local/lib/python3.12/site-packages/airflow/example_dags/example_xcomargs.py
[2025-10-10T09:46:14.589+0000] {processor.py:925} INFO - DAG(s) 'example_xcom_args', 'example_xcom_args_with_operators' retrieved from /home/airflow/.local/lib/python3.12/site-packages/airflow/example_dags/example_xcomargs.py
[2025-10-10T09:46:14.599+0000] {logging_mixin.py:190} INFO - [2025-10-10T09:46:14.599+0000] {dag.py:3239} INFO - Sync 2 DAGs
[2025-10-10T09:46:14.604+0000] {logging_mixin.py:190} INFO - [2025-10-10T09:46:14.604+0000] {dag.py:4180} INFO - Setting next_dagrun for example_xcom_args to None, run_after=None
[2025-10-10T09:46:14.609+0000] {logging_mixin.py:190} INFO - [2025-10-10T09:46:14.609+0000] {dag.py:4180} INFO - Setting next_dagrun for example_xcom_args_with_operators to None, run_after=None
[2025-10-10T09:46:14.616+0000] {processor.py:208} INFO - Processing /home/airflow/.local/lib/python3.12/site-packages/airflow/example_dags/example_xcomargs.py took 0.037 seconds
[2025-10-10T09:46:45.513+0000] {processor.py:186} INFO - Started process (PID=418) to work on /home/airflow/.local/lib/python3.12/site-packages/airflow/example_dags/example_xcomargs.py
[2025-10-10T09:46:45.514+0000] {processor.py:914} INFO - Processing file /home/airflow/.local/lib/python3.12/site-packages/airflow/example_dags/example_xcomargs.py for tasks to queue
[2025-10-10T09:46:45.515+0000] {logging_mixin.py:190} INFO - [2025-10-10T09:46:45.515+0000] {dagbag.py:588} INFO - Filling up the DagBag from /home/airflow/.local/lib/python3.12/site-packages/airflow/example_dags/example_xcomargs.py
[2025-10-10T09:46:45.520+0000] {processor.py:925} INFO - DAG(s) 'example_xcom_args', 'example_xcom_args_with_operators' retrieved from /home/airflow/.local/lib/python3.12/site-packages/airflow/example_dags/example_xcomargs.py
[2025-10-10T09:46:45.530+0000] {logging_mixin.py:190} INFO - [2025-10-10T09:46:45.530+0000] {dag.py:3239} INFO - Sync 2 DAGs
[2025-10-10T09:46:45.534+0000] {logging_mixin.py:190} INFO - [2025-10-10T09:46:45.534+0000] {dag.py:4180} INFO - Setting next_dagrun for example_xcom_args to None, run_after=None
[2025-10-10T09:46:45.536+0000] {logging_mixin.py:190} INFO - [2025-10-10T09:46:45.535+0000] {dag.py:4180} INFO - Setting next_dagrun for example_xcom_args_with_operators to None, run_after=None
[2025-10-10T09:46:45.540+0000] {processor.py:208} INFO - Processing /home/airflow/.local/lib/python3.12/site-packages/airflow/example_dags/example_xcomargs.py took 0.030 seconds
[2025-10-10T09:47:16.606+0000] {processor.py:186} INFO - Started process (PID=482) to work on /home/airflow/.local/lib/python3.12/site-packages/airflow/example_dags/example_xcomargs.py
[2025-10-10T09:47:16.608+0000] {processor.py:914} INFO - Processing file /home/airflow/.local/lib/python3.12/site-packages/airflow/example_dags/example_xcomargs.py for tasks to queue
[2025-10-10T09:47:16.609+0000] {logging_mixin.py:190} INFO - [2025-10-10T09:47:16.609+0000] {dagbag.py:588} INFO - Filling up the DagBag from /home/airflow/.local/lib/python3.12/site-packages/airflow/example_dags/example_xcomargs.py
[2025-10-10T09:47:16.613+0000] {processor.py:925} INFO - DAG(s) 'example_xcom_args_with_operators', 'example_xcom_args' retrieved from /home/airflow/.local/lib/python3.12/site-packages/airflow/example_dags/example_xcomargs.py
[2025-10-10T09:47:16.621+0000] {logging_mixin.py:190} INFO - [2025-10-10T09:47:16.621+0000] {dag.py:3239} INFO - Sync 2 DAGs
[2025-10-10T09:47:16.627+0000] {logging_mixin.py:190} INFO - [2025-10-10T09:47:16.626+0000] {dag.py:4180} INFO - Setting next_dagrun for example_xcom_args to None, run_after=None
[2025-10-10T09:47:16.628+0000] {logging_mixin.py:190} INFO - [2025-10-10T09:47:16.628+0000] {dag.py:4180} INFO - Setting next_dagrun for example_xcom_args_with_operators to None, run_after=None
[2025-10-10T09:47:16.633+0000] {processor.py:208} INFO - Processing /home/airflow/.local/lib/python3.12/site-packages/airflow/example_dags/example_xcomargs.py took 0.029 seconds
[2025-10-10T09:47:47.635+0000] {processor.py:186} INFO - Started process (PID=546) to work on /home/airflow/.local/lib/python3.12/site-packages/airflow/example_dags/example_xcomargs.py
[2025-10-10T09:47:47.635+0000] {processor.py:914} INFO - Processing file /home/airflow/.local/lib/python3.12/site-packages/airflow/example_dags/example_xcomargs.py for tasks to queue
[2025-10-10T09:47:47.636+0000] {logging_mixin.py:190} INFO - [2025-10-10T09:47:47.636+0000] {dagbag.py:588} INFO - Filling up the DagBag from /home/airflow/.local/lib/python3.12/site-packages/airflow/example_dags/example_xcomargs.py
[2025-10-10T09:47:47.640+0000] {processor.py:925} INFO - DAG(s) 'example_xcom_args', 'example_xcom_args_with_operators' retrieved from /home/airflow/.local/lib/python3.12/site-packages/airflow/example_dags/example_xcomargs.py
[2025-10-10T09:47:47.651+0000] {logging_mixin.py:190} INFO - [2025-10-10T09:47:47.651+0000] {dag.py:3239} INFO - Sync 2 DAGs
[2025-10-10T09:47:47.656+0000] {logging_mixin.py:190} INFO - [2025-10-10T09:47:47.656+0000] {dag.py:4180} INFO - Setting next_dagrun for example_xcom_args to None, run_after=None
[2025-10-10T09:47:47.658+0000] {logging_mixin.py:190} INFO - [2025-10-10T09:47:47.658+0000] {dag.py:4180} INFO - Setting next_dagrun for example_xcom_args_with_operators to None, run_after=None
[2025-10-10T09:47:47.666+0000] {processor.py:208} INFO - Processing /home/airflow/.local/lib/python3.12/site-packages/airflow/example_dags/example_xcomargs.py took 0.033 seconds
[2025-10-10T09:48:18.050+0000] {processor.py:186} INFO - Started process (PID=610) to work on /home/airflow/.local/lib/python3.12/site-packages/airflow/example_dags/example_xcomargs.py
[2025-10-10T09:48:18.051+0000] {processor.py:914} INFO - Processing file /home/airflow/.local/lib/python3.12/site-packages/airflow/example_dags/example_xcomargs.py for tasks to queue
[2025-10-10T09:48:18.051+0000] {logging_mixin.py:190} INFO - [2025-10-10T09:48:18.051+0000] {dagbag.py:588} INFO - Filling up the DagBag from /home/airflow/.local/lib/python3.12/site-packages/airflow/example_dags/example_xcomargs.py
[2025-10-10T09:48:18.058+0000] {processor.py:925} INFO - DAG(s) 'example_xcom_args_with_operators', 'example_xcom_args' retrieved from /home/airflow/.local/lib/python3.12/site-packages/airflow/example_dags/example_xcomargs.py
[2025-10-10T09:48:18.069+0000] {logging_mixin.py:190} INFO - [2025-10-10T09:48:18.069+0000] {dag.py:3239} INFO - Sync 2 DAGs
[2025-10-10T09:48:18.075+0000] {logging_mixin.py:190} INFO - [2025-10-10T09:48:18.075+0000] {dag.py:4180} INFO - Setting next_dagrun for example_xcom_args to None, run_after=None
[2025-10-10T09:48:18.079+0000] {logging_mixin.py:190} INFO - [2025-10-10T09:48:18.079+0000] {dag.py:4180} INFO - Setting next_dagrun for example_xcom_args_with_operators to None, run_after=None
[2025-10-10T09:48:18.094+0000] {processor.py:208} INFO - Processing /home/airflow/.local/lib/python3.12/site-packages/airflow/example_dags/example_xcomargs.py took 0.047 seconds
[2025-10-10T09:48:48.344+0000] {processor.py:186} INFO - Started process (PID=674) to work on /home/airflow/.local/lib/python3.12/site-packages/airflow/example_dags/example_xcomargs.py
[2025-10-10T09:48:48.344+0000] {processor.py:914} INFO - Processing file /home/airflow/.local/lib/python3.12/site-packages/airflow/example_dags/example_xcomargs.py for tasks to queue
[2025-10-10T09:48:48.345+0000] {logging_mixin.py:190} INFO - [2025-10-10T09:48:48.345+0000] {dagbag.py:588} INFO - Filling up the DagBag from /home/airflow/.local/lib/python3.12/site-packages/airflow/example_dags/example_xcomargs.py
[2025-10-10T09:48:48.349+0000] {processor.py:925} INFO - DAG(s) 'example_xcom_args_with_operators', 'example_xcom_args' retrieved from /home/airflow/.local/lib/python3.12/site-packages/airflow/example_dags/example_xcomargs.py
[2025-10-10T09:48:48.363+0000] {logging_mixin.py:190} INFO - [2025-10-10T09:48:48.363+0000] {dag.py:3239} INFO - Sync 2 DAGs
[2025-10-10T09:48:48.367+0000] {logging_mixin.py:190} INFO - [2025-10-10T09:48:48.367+0000] {dag.py:4180} INFO - Setting next_dagrun for example_xcom_args to None, run_after=None
[2025-10-10T09:48:48.369+0000] {logging_mixin.py:190} INFO - [2025-10-10T09:48:48.369+0000] {dag.py:4180} INFO - Setting next_dagrun for example_xcom_args_with_operators to None, run_after=None
[2025-10-10T09:48:48.375+0000] {processor.py:208} INFO - Processing /home/airflow/.local/lib/python3.12/site-packages/airflow/example_dags/example_xcomargs.py took 0.034 seconds
