[2025-10-10T09:36:20.933+0000] {processor.py:186} INFO - Started process (PID=62) to work on /home/airflow/.local/lib/python3.12/site-packages/airflow/example_dags/example_subdag_operator.py
[2025-10-10T09:36:20.934+0000] {processor.py:914} INFO - Processing file /home/airflow/.local/lib/python3.12/site-packages/airflow/example_dags/example_subdag_operator.py for tasks to queue
[2025-10-10T09:36:20.935+0000] {logging_mixin.py:190} INFO - [2025-10-10T09:36:20.935+0000] {dagbag.py:588} INFO - Filling up the DagBag from /home/airflow/.local/lib/python3.12/site-packages/airflow/example_dags/example_subdag_operator.py
[2025-10-10T09:36:20.951+0000] {processor.py:925} INFO - DAG(s) 'example_subdag_operator.section-1', 'example_subdag_operator.section-2', 'example_subdag_operator' retrieved from /home/airflow/.local/lib/python3.12/site-packages/airflow/example_dags/example_subdag_operator.py
[2025-10-10T09:36:20.989+0000] {logging_mixin.py:190} INFO - [2025-10-10T09:36:20.988+0000] {override.py:1911} INFO - Created Permission View: can edit on DAG:example_subdag_operator
[2025-10-10T09:36:20.991+0000] {logging_mixin.py:190} INFO - [2025-10-10T09:36:20.991+0000] {override.py:1911} INFO - Created Permission View: can read on DAG:example_subdag_operator
[2025-10-10T09:36:20.993+0000] {logging_mixin.py:190} INFO - [2025-10-10T09:36:20.993+0000] {override.py:1911} INFO - Created Permission View: can delete on DAG:example_subdag_operator
[2025-10-10T09:36:20.994+0000] {logging_mixin.py:190} INFO - [2025-10-10T09:36:20.994+0000] {override.py:1911} INFO - Created Permission View: can read on DAG Run:example_subdag_operator
[2025-10-10T09:36:20.996+0000] {logging_mixin.py:190} INFO - [2025-10-10T09:36:20.996+0000] {override.py:1911} INFO - Created Permission View: menu access on DAG Run:example_subdag_operator
[2025-10-10T09:36:20.999+0000] {logging_mixin.py:190} INFO - [2025-10-10T09:36:20.999+0000] {override.py:1911} INFO - Created Permission View: can delete on DAG Run:example_subdag_operator
[2025-10-10T09:36:21.002+0000] {logging_mixin.py:190} INFO - [2025-10-10T09:36:21.002+0000] {override.py:1911} INFO - Created Permission View: can create on DAG Run:example_subdag_operator
[2025-10-10T09:36:21.002+0000] {logging_mixin.py:190} INFO - [2025-10-10T09:36:21.002+0000] {dag.py:3239} INFO - Sync 3 DAGs
[2025-10-10T09:36:21.006+0000] {logging_mixin.py:190} INFO - [2025-10-10T09:36:21.006+0000] {dag.py:3262} INFO - Creating ORM DAG for example_subdag_operator
[2025-10-10T09:36:21.006+0000] {logging_mixin.py:190} INFO - [2025-10-10T09:36:21.006+0000] {dag.py:3262} INFO - Creating ORM DAG for example_subdag_operator.section-1
[2025-10-10T09:36:21.007+0000] {logging_mixin.py:190} INFO - [2025-10-10T09:36:21.007+0000] {dag.py:3262} INFO - Creating ORM DAG for example_subdag_operator.section-2
[2025-10-10T09:36:21.010+0000] {logging_mixin.py:190} INFO - [2025-10-10T09:36:21.010+0000] {dag.py:4180} INFO - Setting next_dagrun for example_subdag_operator to 2022-01-01 00:00:00+00:00, run_after=2022-01-01 00:00:00+00:00
[2025-10-10T09:36:21.010+0000] {logging_mixin.py:190} INFO - [2025-10-10T09:36:21.010+0000] {dag.py:4180} INFO - Setting next_dagrun for example_subdag_operator.section-1 to None, run_after=None
[2025-10-10T09:36:21.010+0000] {logging_mixin.py:190} INFO - [2025-10-10T09:36:21.010+0000] {dag.py:4180} INFO - Setting next_dagrun for example_subdag_operator.section-2 to None, run_after=None
[2025-10-10T09:36:21.013+0000] {logging_mixin.py:190} INFO - [2025-10-10T09:36:21.013+0000] {dag.py:3239} INFO - Sync 2 DAGs
[2025-10-10T09:36:21.015+0000] {logging_mixin.py:190} INFO - [2025-10-10T09:36:21.015+0000] {dag.py:4180} INFO - Setting next_dagrun for example_subdag_operator.section-1 to None, run_after=None
[2025-10-10T09:36:21.016+0000] {logging_mixin.py:190} INFO - [2025-10-10T09:36:21.016+0000] {dag.py:4180} INFO - Setting next_dagrun for example_subdag_operator.section-2 to None, run_after=None
[2025-10-10T09:36:21.021+0000] {processor.py:208} INFO - Processing /home/airflow/.local/lib/python3.12/site-packages/airflow/example_dags/example_subdag_operator.py took 0.091 seconds
[2025-10-10T09:36:51.161+0000] {processor.py:186} INFO - Started process (PID=125) to work on /home/airflow/.local/lib/python3.12/site-packages/airflow/example_dags/example_subdag_operator.py
[2025-10-10T09:36:51.161+0000] {processor.py:914} INFO - Processing file /home/airflow/.local/lib/python3.12/site-packages/airflow/example_dags/example_subdag_operator.py for tasks to queue
[2025-10-10T09:36:51.162+0000] {logging_mixin.py:190} INFO - [2025-10-10T09:36:51.162+0000] {dagbag.py:588} INFO - Filling up the DagBag from /home/airflow/.local/lib/python3.12/site-packages/airflow/example_dags/example_subdag_operator.py
[2025-10-10T09:36:51.172+0000] {processor.py:925} INFO - DAG(s) 'example_subdag_operator.section-1', 'example_subdag_operator.section-2', 'example_subdag_operator' retrieved from /home/airflow/.local/lib/python3.12/site-packages/airflow/example_dags/example_subdag_operator.py
[2025-10-10T09:36:51.176+0000] {logging_mixin.py:190} INFO - [2025-10-10T09:36:51.176+0000] {dag.py:3239} INFO - Sync 3 DAGs
[2025-10-10T09:36:51.183+0000] {logging_mixin.py:190} INFO - [2025-10-10T09:36:51.183+0000] {dag.py:4180} INFO - Setting next_dagrun for example_subdag_operator to 2022-01-01 00:00:00+00:00, run_after=2022-01-01 00:00:00+00:00
[2025-10-10T09:36:51.184+0000] {logging_mixin.py:190} INFO - [2025-10-10T09:36:51.184+0000] {dag.py:4180} INFO - Setting next_dagrun for example_subdag_operator.section-1 to None, run_after=None
[2025-10-10T09:36:51.184+0000] {logging_mixin.py:190} INFO - [2025-10-10T09:36:51.184+0000] {dag.py:4180} INFO - Setting next_dagrun for example_subdag_operator.section-2 to None, run_after=None
[2025-10-10T09:36:51.186+0000] {logging_mixin.py:190} INFO - [2025-10-10T09:36:51.186+0000] {dag.py:3239} INFO - Sync 2 DAGs
[2025-10-10T09:36:51.187+0000] {logging_mixin.py:190} INFO - [2025-10-10T09:36:51.187+0000] {dag.py:4180} INFO - Setting next_dagrun for example_subdag_operator.section-1 to None, run_after=None
[2025-10-10T09:36:51.187+0000] {logging_mixin.py:190} INFO - [2025-10-10T09:36:51.187+0000] {dag.py:4180} INFO - Setting next_dagrun for example_subdag_operator.section-2 to None, run_after=None
[2025-10-10T09:36:51.190+0000] {processor.py:208} INFO - Processing /home/airflow/.local/lib/python3.12/site-packages/airflow/example_dags/example_subdag_operator.py took 0.031 seconds
[2025-10-10T09:37:22.320+0000] {processor.py:186} INFO - Started process (PID=188) to work on /home/airflow/.local/lib/python3.12/site-packages/airflow/example_dags/example_subdag_operator.py
[2025-10-10T09:37:22.321+0000] {processor.py:914} INFO - Processing file /home/airflow/.local/lib/python3.12/site-packages/airflow/example_dags/example_subdag_operator.py for tasks to queue
[2025-10-10T09:37:22.322+0000] {logging_mixin.py:190} INFO - [2025-10-10T09:37:22.322+0000] {dagbag.py:588} INFO - Filling up the DagBag from /home/airflow/.local/lib/python3.12/site-packages/airflow/example_dags/example_subdag_operator.py
[2025-10-10T09:37:22.332+0000] {processor.py:925} INFO - DAG(s) 'example_subdag_operator.section-1', 'example_subdag_operator.section-2', 'example_subdag_operator' retrieved from /home/airflow/.local/lib/python3.12/site-packages/airflow/example_dags/example_subdag_operator.py
[2025-10-10T09:37:22.337+0000] {logging_mixin.py:190} INFO - [2025-10-10T09:37:22.337+0000] {dag.py:3239} INFO - Sync 3 DAGs
[2025-10-10T09:37:22.344+0000] {logging_mixin.py:190} INFO - [2025-10-10T09:37:22.344+0000] {dag.py:4180} INFO - Setting next_dagrun for example_subdag_operator to 2022-01-01 00:00:00+00:00, run_after=2022-01-01 00:00:00+00:00
[2025-10-10T09:37:22.345+0000] {logging_mixin.py:190} INFO - [2025-10-10T09:37:22.345+0000] {dag.py:4180} INFO - Setting next_dagrun for example_subdag_operator.section-1 to None, run_after=None
[2025-10-10T09:37:22.346+0000] {logging_mixin.py:190} INFO - [2025-10-10T09:37:22.346+0000] {dag.py:4180} INFO - Setting next_dagrun for example_subdag_operator.section-2 to None, run_after=None
[2025-10-10T09:37:22.348+0000] {logging_mixin.py:190} INFO - [2025-10-10T09:37:22.348+0000] {dag.py:3239} INFO - Sync 2 DAGs
[2025-10-10T09:37:22.350+0000] {logging_mixin.py:190} INFO - [2025-10-10T09:37:22.350+0000] {dag.py:4180} INFO - Setting next_dagrun for example_subdag_operator.section-1 to None, run_after=None
[2025-10-10T09:37:22.350+0000] {logging_mixin.py:190} INFO - [2025-10-10T09:37:22.350+0000] {dag.py:4180} INFO - Setting next_dagrun for example_subdag_operator.section-2 to None, run_after=None
[2025-10-10T09:37:22.353+0000] {processor.py:208} INFO - Processing /home/airflow/.local/lib/python3.12/site-packages/airflow/example_dags/example_subdag_operator.py took 0.035 seconds
[2025-10-10T09:37:52.581+0000] {processor.py:186} INFO - Started process (PID=251) to work on /home/airflow/.local/lib/python3.12/site-packages/airflow/example_dags/example_subdag_operator.py
[2025-10-10T09:37:52.582+0000] {processor.py:914} INFO - Processing file /home/airflow/.local/lib/python3.12/site-packages/airflow/example_dags/example_subdag_operator.py for tasks to queue
[2025-10-10T09:37:52.584+0000] {logging_mixin.py:190} INFO - [2025-10-10T09:37:52.584+0000] {dagbag.py:588} INFO - Filling up the DagBag from /home/airflow/.local/lib/python3.12/site-packages/airflow/example_dags/example_subdag_operator.py
[2025-10-10T09:37:52.594+0000] {processor.py:925} INFO - DAG(s) 'example_subdag_operator.section-1', 'example_subdag_operator.section-2', 'example_subdag_operator' retrieved from /home/airflow/.local/lib/python3.12/site-packages/airflow/example_dags/example_subdag_operator.py
[2025-10-10T09:37:52.600+0000] {logging_mixin.py:190} INFO - [2025-10-10T09:37:52.600+0000] {dag.py:3239} INFO - Sync 3 DAGs
[2025-10-10T09:37:52.607+0000] {logging_mixin.py:190} INFO - [2025-10-10T09:37:52.607+0000] {dag.py:4180} INFO - Setting next_dagrun for example_subdag_operator to 2022-01-01 00:00:00+00:00, run_after=2022-01-01 00:00:00+00:00
[2025-10-10T09:37:52.609+0000] {logging_mixin.py:190} INFO - [2025-10-10T09:37:52.609+0000] {dag.py:4180} INFO - Setting next_dagrun for example_subdag_operator.section-1 to None, run_after=None
[2025-10-10T09:37:52.609+0000] {logging_mixin.py:190} INFO - [2025-10-10T09:37:52.609+0000] {dag.py:4180} INFO - Setting next_dagrun for example_subdag_operator.section-2 to None, run_after=None
[2025-10-10T09:37:52.611+0000] {logging_mixin.py:190} INFO - [2025-10-10T09:37:52.611+0000] {dag.py:3239} INFO - Sync 2 DAGs
[2025-10-10T09:37:52.613+0000] {logging_mixin.py:190} INFO - [2025-10-10T09:37:52.613+0000] {dag.py:4180} INFO - Setting next_dagrun for example_subdag_operator.section-1 to None, run_after=None
[2025-10-10T09:37:52.615+0000] {logging_mixin.py:190} INFO - [2025-10-10T09:37:52.615+0000] {dag.py:4180} INFO - Setting next_dagrun for example_subdag_operator.section-2 to None, run_after=None
[2025-10-10T09:37:52.618+0000] {processor.py:208} INFO - Processing /home/airflow/.local/lib/python3.12/site-packages/airflow/example_dags/example_subdag_operator.py took 0.040 seconds
[2025-10-10T09:38:17.132+0000] {processor.py:186} INFO - Started process (PID=58) to work on /home/airflow/.local/lib/python3.12/site-packages/airflow/example_dags/example_subdag_operator.py
[2025-10-10T09:38:17.133+0000] {processor.py:914} INFO - Processing file /home/airflow/.local/lib/python3.12/site-packages/airflow/example_dags/example_subdag_operator.py for tasks to queue
[2025-10-10T09:38:17.134+0000] {logging_mixin.py:190} INFO - [2025-10-10T09:38:17.134+0000] {dagbag.py:588} INFO - Filling up the DagBag from /home/airflow/.local/lib/python3.12/site-packages/airflow/example_dags/example_subdag_operator.py
[2025-10-10T09:38:17.145+0000] {processor.py:925} INFO - DAG(s) 'example_subdag_operator.section-1', 'example_subdag_operator.section-2', 'example_subdag_operator' retrieved from /home/airflow/.local/lib/python3.12/site-packages/airflow/example_dags/example_subdag_operator.py
[2025-10-10T09:38:17.153+0000] {logging_mixin.py:190} INFO - [2025-10-10T09:38:17.153+0000] {dag.py:3239} INFO - Sync 3 DAGs
[2025-10-10T09:38:17.161+0000] {logging_mixin.py:190} INFO - [2025-10-10T09:38:17.160+0000] {dag.py:4180} INFO - Setting next_dagrun for example_subdag_operator to 2022-01-01 00:00:00+00:00, run_after=2022-01-01 00:00:00+00:00
[2025-10-10T09:38:17.162+0000] {logging_mixin.py:190} INFO - [2025-10-10T09:38:17.162+0000] {dag.py:4180} INFO - Setting next_dagrun for example_subdag_operator.section-1 to None, run_after=None
[2025-10-10T09:38:17.163+0000] {logging_mixin.py:190} INFO - [2025-10-10T09:38:17.163+0000] {dag.py:4180} INFO - Setting next_dagrun for example_subdag_operator.section-2 to None, run_after=None
[2025-10-10T09:38:17.166+0000] {logging_mixin.py:190} INFO - [2025-10-10T09:38:17.166+0000] {dag.py:3239} INFO - Sync 2 DAGs
[2025-10-10T09:38:17.169+0000] {logging_mixin.py:190} INFO - [2025-10-10T09:38:17.169+0000] {dag.py:4180} INFO - Setting next_dagrun for example_subdag_operator.section-1 to None, run_after=None
[2025-10-10T09:38:17.169+0000] {logging_mixin.py:190} INFO - [2025-10-10T09:38:17.169+0000] {dag.py:4180} INFO - Setting next_dagrun for example_subdag_operator.section-2 to None, run_after=None
[2025-10-10T09:38:17.173+0000] {processor.py:208} INFO - Processing /home/airflow/.local/lib/python3.12/site-packages/airflow/example_dags/example_subdag_operator.py took 0.042 seconds
[2025-10-10T09:38:48.246+0000] {processor.py:186} INFO - Started process (PID=122) to work on /home/airflow/.local/lib/python3.12/site-packages/airflow/example_dags/example_subdag_operator.py
[2025-10-10T09:38:48.247+0000] {processor.py:914} INFO - Processing file /home/airflow/.local/lib/python3.12/site-packages/airflow/example_dags/example_subdag_operator.py for tasks to queue
[2025-10-10T09:38:48.248+0000] {logging_mixin.py:190} INFO - [2025-10-10T09:38:48.248+0000] {dagbag.py:588} INFO - Filling up the DagBag from /home/airflow/.local/lib/python3.12/site-packages/airflow/example_dags/example_subdag_operator.py
[2025-10-10T09:38:48.259+0000] {processor.py:925} INFO - DAG(s) 'example_subdag_operator.section-1', 'example_subdag_operator.section-2', 'example_subdag_operator' retrieved from /home/airflow/.local/lib/python3.12/site-packages/airflow/example_dags/example_subdag_operator.py
[2025-10-10T09:38:48.265+0000] {logging_mixin.py:190} INFO - [2025-10-10T09:38:48.265+0000] {dag.py:3239} INFO - Sync 3 DAGs
[2025-10-10T09:38:48.272+0000] {logging_mixin.py:190} INFO - [2025-10-10T09:38:48.272+0000] {dag.py:4180} INFO - Setting next_dagrun for example_subdag_operator to 2022-01-01 00:00:00+00:00, run_after=2022-01-01 00:00:00+00:00
[2025-10-10T09:38:48.273+0000] {logging_mixin.py:190} INFO - [2025-10-10T09:38:48.273+0000] {dag.py:4180} INFO - Setting next_dagrun for example_subdag_operator.section-1 to None, run_after=None
[2025-10-10T09:38:48.274+0000] {logging_mixin.py:190} INFO - [2025-10-10T09:38:48.274+0000] {dag.py:4180} INFO - Setting next_dagrun for example_subdag_operator.section-2 to None, run_after=None
[2025-10-10T09:38:48.276+0000] {logging_mixin.py:190} INFO - [2025-10-10T09:38:48.276+0000] {dag.py:3239} INFO - Sync 2 DAGs
[2025-10-10T09:38:48.278+0000] {logging_mixin.py:190} INFO - [2025-10-10T09:38:48.278+0000] {dag.py:4180} INFO - Setting next_dagrun for example_subdag_operator.section-1 to None, run_after=None
[2025-10-10T09:38:48.278+0000] {logging_mixin.py:190} INFO - [2025-10-10T09:38:48.278+0000] {dag.py:4180} INFO - Setting next_dagrun for example_subdag_operator.section-2 to None, run_after=None
[2025-10-10T09:38:48.283+0000] {processor.py:208} INFO - Processing /home/airflow/.local/lib/python3.12/site-packages/airflow/example_dags/example_subdag_operator.py took 0.039 seconds
[2025-10-10T09:39:19.381+0000] {processor.py:186} INFO - Started process (PID=186) to work on /home/airflow/.local/lib/python3.12/site-packages/airflow/example_dags/example_subdag_operator.py
[2025-10-10T09:39:19.382+0000] {processor.py:914} INFO - Processing file /home/airflow/.local/lib/python3.12/site-packages/airflow/example_dags/example_subdag_operator.py for tasks to queue
[2025-10-10T09:39:19.383+0000] {logging_mixin.py:190} INFO - [2025-10-10T09:39:19.383+0000] {dagbag.py:588} INFO - Filling up the DagBag from /home/airflow/.local/lib/python3.12/site-packages/airflow/example_dags/example_subdag_operator.py
[2025-10-10T09:39:19.392+0000] {processor.py:925} INFO - DAG(s) 'example_subdag_operator.section-1', 'example_subdag_operator.section-2', 'example_subdag_operator' retrieved from /home/airflow/.local/lib/python3.12/site-packages/airflow/example_dags/example_subdag_operator.py
[2025-10-10T09:39:19.397+0000] {logging_mixin.py:190} INFO - [2025-10-10T09:39:19.397+0000] {dag.py:3239} INFO - Sync 3 DAGs
[2025-10-10T09:39:19.404+0000] {logging_mixin.py:190} INFO - [2025-10-10T09:39:19.404+0000] {dag.py:4180} INFO - Setting next_dagrun for example_subdag_operator to 2022-01-01 00:00:00+00:00, run_after=2022-01-01 00:00:00+00:00
[2025-10-10T09:39:19.406+0000] {logging_mixin.py:190} INFO - [2025-10-10T09:39:19.406+0000] {dag.py:4180} INFO - Setting next_dagrun for example_subdag_operator.section-1 to None, run_after=None
[2025-10-10T09:39:19.406+0000] {logging_mixin.py:190} INFO - [2025-10-10T09:39:19.406+0000] {dag.py:4180} INFO - Setting next_dagrun for example_subdag_operator.section-2 to None, run_after=None
[2025-10-10T09:39:19.409+0000] {logging_mixin.py:190} INFO - [2025-10-10T09:39:19.409+0000] {dag.py:3239} INFO - Sync 2 DAGs
[2025-10-10T09:39:19.412+0000] {logging_mixin.py:190} INFO - [2025-10-10T09:39:19.412+0000] {dag.py:4180} INFO - Setting next_dagrun for example_subdag_operator.section-1 to None, run_after=None
[2025-10-10T09:39:19.412+0000] {logging_mixin.py:190} INFO - [2025-10-10T09:39:19.412+0000] {dag.py:4180} INFO - Setting next_dagrun for example_subdag_operator.section-2 to None, run_after=None
[2025-10-10T09:39:19.416+0000] {processor.py:208} INFO - Processing /home/airflow/.local/lib/python3.12/site-packages/airflow/example_dags/example_subdag_operator.py took 0.037 seconds
[2025-10-10T09:39:50.507+0000] {processor.py:186} INFO - Started process (PID=250) to work on /home/airflow/.local/lib/python3.12/site-packages/airflow/example_dags/example_subdag_operator.py
[2025-10-10T09:39:50.507+0000] {processor.py:914} INFO - Processing file /home/airflow/.local/lib/python3.12/site-packages/airflow/example_dags/example_subdag_operator.py for tasks to queue
[2025-10-10T09:39:50.508+0000] {logging_mixin.py:190} INFO - [2025-10-10T09:39:50.508+0000] {dagbag.py:588} INFO - Filling up the DagBag from /home/airflow/.local/lib/python3.12/site-packages/airflow/example_dags/example_subdag_operator.py
[2025-10-10T09:39:50.516+0000] {processor.py:925} INFO - DAG(s) 'example_subdag_operator.section-1', 'example_subdag_operator.section-2', 'example_subdag_operator' retrieved from /home/airflow/.local/lib/python3.12/site-packages/airflow/example_dags/example_subdag_operator.py
[2025-10-10T09:39:50.520+0000] {logging_mixin.py:190} INFO - [2025-10-10T09:39:50.520+0000] {dag.py:3239} INFO - Sync 3 DAGs
[2025-10-10T09:39:50.527+0000] {logging_mixin.py:190} INFO - [2025-10-10T09:39:50.527+0000] {dag.py:4180} INFO - Setting next_dagrun for example_subdag_operator to 2022-01-01 00:00:00+00:00, run_after=2022-01-01 00:00:00+00:00
[2025-10-10T09:39:50.528+0000] {logging_mixin.py:190} INFO - [2025-10-10T09:39:50.528+0000] {dag.py:4180} INFO - Setting next_dagrun for example_subdag_operator.section-1 to None, run_after=None
[2025-10-10T09:39:50.528+0000] {logging_mixin.py:190} INFO - [2025-10-10T09:39:50.528+0000] {dag.py:4180} INFO - Setting next_dagrun for example_subdag_operator.section-2 to None, run_after=None
[2025-10-10T09:39:50.530+0000] {logging_mixin.py:190} INFO - [2025-10-10T09:39:50.530+0000] {dag.py:3239} INFO - Sync 2 DAGs
[2025-10-10T09:39:50.531+0000] {logging_mixin.py:190} INFO - [2025-10-10T09:39:50.531+0000] {dag.py:4180} INFO - Setting next_dagrun for example_subdag_operator.section-1 to None, run_after=None
[2025-10-10T09:39:50.531+0000] {logging_mixin.py:190} INFO - [2025-10-10T09:39:50.531+0000] {dag.py:4180} INFO - Setting next_dagrun for example_subdag_operator.section-2 to None, run_after=None
[2025-10-10T09:39:50.534+0000] {processor.py:208} INFO - Processing /home/airflow/.local/lib/python3.12/site-packages/airflow/example_dags/example_subdag_operator.py took 0.029 seconds
[2025-10-10T09:40:21.725+0000] {processor.py:186} INFO - Started process (PID=314) to work on /home/airflow/.local/lib/python3.12/site-packages/airflow/example_dags/example_subdag_operator.py
[2025-10-10T09:40:21.725+0000] {processor.py:914} INFO - Processing file /home/airflow/.local/lib/python3.12/site-packages/airflow/example_dags/example_subdag_operator.py for tasks to queue
[2025-10-10T09:40:21.726+0000] {logging_mixin.py:190} INFO - [2025-10-10T09:40:21.726+0000] {dagbag.py:588} INFO - Filling up the DagBag from /home/airflow/.local/lib/python3.12/site-packages/airflow/example_dags/example_subdag_operator.py
[2025-10-10T09:40:21.734+0000] {processor.py:925} INFO - DAG(s) 'example_subdag_operator.section-1', 'example_subdag_operator.section-2', 'example_subdag_operator' retrieved from /home/airflow/.local/lib/python3.12/site-packages/airflow/example_dags/example_subdag_operator.py
[2025-10-10T09:40:21.739+0000] {logging_mixin.py:190} INFO - [2025-10-10T09:40:21.739+0000] {dag.py:3239} INFO - Sync 3 DAGs
[2025-10-10T09:40:21.745+0000] {logging_mixin.py:190} INFO - [2025-10-10T09:40:21.745+0000] {dag.py:4180} INFO - Setting next_dagrun for example_subdag_operator to 2022-01-01 00:00:00+00:00, run_after=2022-01-01 00:00:00+00:00
[2025-10-10T09:40:21.746+0000] {logging_mixin.py:190} INFO - [2025-10-10T09:40:21.746+0000] {dag.py:4180} INFO - Setting next_dagrun for example_subdag_operator.section-1 to None, run_after=None
[2025-10-10T09:40:21.747+0000] {logging_mixin.py:190} INFO - [2025-10-10T09:40:21.747+0000] {dag.py:4180} INFO - Setting next_dagrun for example_subdag_operator.section-2 to None, run_after=None
[2025-10-10T09:40:21.749+0000] {logging_mixin.py:190} INFO - [2025-10-10T09:40:21.749+0000] {dag.py:3239} INFO - Sync 2 DAGs
[2025-10-10T09:40:21.750+0000] {logging_mixin.py:190} INFO - [2025-10-10T09:40:21.750+0000] {dag.py:4180} INFO - Setting next_dagrun for example_subdag_operator.section-1 to None, run_after=None
[2025-10-10T09:40:21.750+0000] {logging_mixin.py:190} INFO - [2025-10-10T09:40:21.750+0000] {dag.py:4180} INFO - Setting next_dagrun for example_subdag_operator.section-2 to None, run_after=None
[2025-10-10T09:40:21.753+0000] {processor.py:208} INFO - Processing /home/airflow/.local/lib/python3.12/site-packages/airflow/example_dags/example_subdag_operator.py took 0.030 seconds
[2025-10-10T09:40:52.974+0000] {processor.py:186} INFO - Started process (PID=378) to work on /home/airflow/.local/lib/python3.12/site-packages/airflow/example_dags/example_subdag_operator.py
[2025-10-10T09:40:52.975+0000] {processor.py:914} INFO - Processing file /home/airflow/.local/lib/python3.12/site-packages/airflow/example_dags/example_subdag_operator.py for tasks to queue
[2025-10-10T09:40:52.976+0000] {logging_mixin.py:190} INFO - [2025-10-10T09:40:52.976+0000] {dagbag.py:588} INFO - Filling up the DagBag from /home/airflow/.local/lib/python3.12/site-packages/airflow/example_dags/example_subdag_operator.py
[2025-10-10T09:40:52.987+0000] {processor.py:925} INFO - DAG(s) 'example_subdag_operator.section-1', 'example_subdag_operator.section-2', 'example_subdag_operator' retrieved from /home/airflow/.local/lib/python3.12/site-packages/airflow/example_dags/example_subdag_operator.py
[2025-10-10T09:40:52.993+0000] {logging_mixin.py:190} INFO - [2025-10-10T09:40:52.993+0000] {dag.py:3239} INFO - Sync 3 DAGs
[2025-10-10T09:40:53.002+0000] {logging_mixin.py:190} INFO - [2025-10-10T09:40:53.002+0000] {dag.py:4180} INFO - Setting next_dagrun for example_subdag_operator to 2022-01-01 00:00:00+00:00, run_after=2022-01-01 00:00:00+00:00
[2025-10-10T09:40:53.004+0000] {logging_mixin.py:190} INFO - [2025-10-10T09:40:53.004+0000] {dag.py:4180} INFO - Setting next_dagrun for example_subdag_operator.section-1 to None, run_after=None
[2025-10-10T09:40:53.005+0000] {logging_mixin.py:190} INFO - [2025-10-10T09:40:53.005+0000] {dag.py:4180} INFO - Setting next_dagrun for example_subdag_operator.section-2 to None, run_after=None
[2025-10-10T09:40:53.008+0000] {logging_mixin.py:190} INFO - [2025-10-10T09:40:53.008+0000] {dag.py:3239} INFO - Sync 2 DAGs
[2025-10-10T09:40:53.012+0000] {logging_mixin.py:190} INFO - [2025-10-10T09:40:53.011+0000] {dag.py:4180} INFO - Setting next_dagrun for example_subdag_operator.section-1 to None, run_after=None
[2025-10-10T09:40:53.012+0000] {logging_mixin.py:190} INFO - [2025-10-10T09:40:53.012+0000] {dag.py:4180} INFO - Setting next_dagrun for example_subdag_operator.section-2 to None, run_after=None
[2025-10-10T09:40:53.016+0000] {processor.py:208} INFO - Processing /home/airflow/.local/lib/python3.12/site-packages/airflow/example_dags/example_subdag_operator.py took 0.044 seconds
[2025-10-10T09:41:24.133+0000] {processor.py:186} INFO - Started process (PID=442) to work on /home/airflow/.local/lib/python3.12/site-packages/airflow/example_dags/example_subdag_operator.py
[2025-10-10T09:41:24.133+0000] {processor.py:914} INFO - Processing file /home/airflow/.local/lib/python3.12/site-packages/airflow/example_dags/example_subdag_operator.py for tasks to queue
[2025-10-10T09:41:24.137+0000] {logging_mixin.py:190} INFO - [2025-10-10T09:41:24.137+0000] {dagbag.py:588} INFO - Filling up the DagBag from /home/airflow/.local/lib/python3.12/site-packages/airflow/example_dags/example_subdag_operator.py
[2025-10-10T09:41:24.150+0000] {processor.py:925} INFO - DAG(s) 'example_subdag_operator.section-1', 'example_subdag_operator.section-2', 'example_subdag_operator' retrieved from /home/airflow/.local/lib/python3.12/site-packages/airflow/example_dags/example_subdag_operator.py
[2025-10-10T09:41:24.156+0000] {logging_mixin.py:190} INFO - [2025-10-10T09:41:24.156+0000] {dag.py:3239} INFO - Sync 3 DAGs
[2025-10-10T09:41:24.164+0000] {logging_mixin.py:190} INFO - [2025-10-10T09:41:24.164+0000] {dag.py:4180} INFO - Setting next_dagrun for example_subdag_operator to 2022-01-01 00:00:00+00:00, run_after=2022-01-01 00:00:00+00:00
[2025-10-10T09:41:24.169+0000] {logging_mixin.py:190} INFO - [2025-10-10T09:41:24.169+0000] {dag.py:4180} INFO - Setting next_dagrun for example_subdag_operator.section-1 to None, run_after=None
[2025-10-10T09:41:24.169+0000] {logging_mixin.py:190} INFO - [2025-10-10T09:41:24.169+0000] {dag.py:4180} INFO - Setting next_dagrun for example_subdag_operator.section-2 to None, run_after=None
[2025-10-10T09:41:24.172+0000] {logging_mixin.py:190} INFO - [2025-10-10T09:41:24.172+0000] {dag.py:3239} INFO - Sync 2 DAGs
[2025-10-10T09:41:24.175+0000] {logging_mixin.py:190} INFO - [2025-10-10T09:41:24.175+0000] {dag.py:4180} INFO - Setting next_dagrun for example_subdag_operator.section-1 to None, run_after=None
[2025-10-10T09:41:24.176+0000] {logging_mixin.py:190} INFO - [2025-10-10T09:41:24.175+0000] {dag.py:4180} INFO - Setting next_dagrun for example_subdag_operator.section-2 to None, run_after=None
[2025-10-10T09:41:24.182+0000] {processor.py:208} INFO - Processing /home/airflow/.local/lib/python3.12/site-packages/airflow/example_dags/example_subdag_operator.py took 0.051 seconds
[2025-10-10T09:41:55.318+0000] {processor.py:186} INFO - Started process (PID=506) to work on /home/airflow/.local/lib/python3.12/site-packages/airflow/example_dags/example_subdag_operator.py
[2025-10-10T09:41:55.319+0000] {processor.py:914} INFO - Processing file /home/airflow/.local/lib/python3.12/site-packages/airflow/example_dags/example_subdag_operator.py for tasks to queue
[2025-10-10T09:41:55.320+0000] {logging_mixin.py:190} INFO - [2025-10-10T09:41:55.320+0000] {dagbag.py:588} INFO - Filling up the DagBag from /home/airflow/.local/lib/python3.12/site-packages/airflow/example_dags/example_subdag_operator.py
[2025-10-10T09:41:55.333+0000] {processor.py:925} INFO - DAG(s) 'example_subdag_operator.section-1', 'example_subdag_operator.section-2', 'example_subdag_operator' retrieved from /home/airflow/.local/lib/python3.12/site-packages/airflow/example_dags/example_subdag_operator.py
[2025-10-10T09:41:55.339+0000] {logging_mixin.py:190} INFO - [2025-10-10T09:41:55.339+0000] {dag.py:3239} INFO - Sync 3 DAGs
[2025-10-10T09:41:55.348+0000] {logging_mixin.py:190} INFO - [2025-10-10T09:41:55.348+0000] {dag.py:4180} INFO - Setting next_dagrun for example_subdag_operator to 2022-01-01 00:00:00+00:00, run_after=2022-01-01 00:00:00+00:00
[2025-10-10T09:41:55.350+0000] {logging_mixin.py:190} INFO - [2025-10-10T09:41:55.349+0000] {dag.py:4180} INFO - Setting next_dagrun for example_subdag_operator.section-1 to None, run_after=None
[2025-10-10T09:41:55.350+0000] {logging_mixin.py:190} INFO - [2025-10-10T09:41:55.350+0000] {dag.py:4180} INFO - Setting next_dagrun for example_subdag_operator.section-2 to None, run_after=None
[2025-10-10T09:41:55.352+0000] {logging_mixin.py:190} INFO - [2025-10-10T09:41:55.352+0000] {dag.py:3239} INFO - Sync 2 DAGs
[2025-10-10T09:41:55.354+0000] {logging_mixin.py:190} INFO - [2025-10-10T09:41:55.354+0000] {dag.py:4180} INFO - Setting next_dagrun for example_subdag_operator.section-1 to None, run_after=None
[2025-10-10T09:41:55.354+0000] {logging_mixin.py:190} INFO - [2025-10-10T09:41:55.354+0000] {dag.py:4180} INFO - Setting next_dagrun for example_subdag_operator.section-2 to None, run_after=None
[2025-10-10T09:41:55.360+0000] {processor.py:208} INFO - Processing /home/airflow/.local/lib/python3.12/site-packages/airflow/example_dags/example_subdag_operator.py took 0.044 seconds
[2025-10-10T09:42:26.413+0000] {processor.py:186} INFO - Started process (PID=570) to work on /home/airflow/.local/lib/python3.12/site-packages/airflow/example_dags/example_subdag_operator.py
[2025-10-10T09:42:26.413+0000] {processor.py:914} INFO - Processing file /home/airflow/.local/lib/python3.12/site-packages/airflow/example_dags/example_subdag_operator.py for tasks to queue
[2025-10-10T09:42:26.414+0000] {logging_mixin.py:190} INFO - [2025-10-10T09:42:26.414+0000] {dagbag.py:588} INFO - Filling up the DagBag from /home/airflow/.local/lib/python3.12/site-packages/airflow/example_dags/example_subdag_operator.py
[2025-10-10T09:42:26.422+0000] {processor.py:925} INFO - DAG(s) 'example_subdag_operator.section-1', 'example_subdag_operator.section-2', 'example_subdag_operator' retrieved from /home/airflow/.local/lib/python3.12/site-packages/airflow/example_dags/example_subdag_operator.py
[2025-10-10T09:42:26.426+0000] {logging_mixin.py:190} INFO - [2025-10-10T09:42:26.426+0000] {dag.py:3239} INFO - Sync 3 DAGs
[2025-10-10T09:42:26.433+0000] {logging_mixin.py:190} INFO - [2025-10-10T09:42:26.433+0000] {dag.py:4180} INFO - Setting next_dagrun for example_subdag_operator to 2022-01-01 00:00:00+00:00, run_after=2022-01-01 00:00:00+00:00
[2025-10-10T09:42:26.434+0000] {logging_mixin.py:190} INFO - [2025-10-10T09:42:26.434+0000] {dag.py:4180} INFO - Setting next_dagrun for example_subdag_operator.section-1 to None, run_after=None
[2025-10-10T09:42:26.434+0000] {logging_mixin.py:190} INFO - [2025-10-10T09:42:26.434+0000] {dag.py:4180} INFO - Setting next_dagrun for example_subdag_operator.section-2 to None, run_after=None
[2025-10-10T09:42:26.436+0000] {logging_mixin.py:190} INFO - [2025-10-10T09:42:26.436+0000] {dag.py:3239} INFO - Sync 2 DAGs
[2025-10-10T09:42:26.438+0000] {logging_mixin.py:190} INFO - [2025-10-10T09:42:26.438+0000] {dag.py:4180} INFO - Setting next_dagrun for example_subdag_operator.section-1 to None, run_after=None
[2025-10-10T09:42:26.438+0000] {logging_mixin.py:190} INFO - [2025-10-10T09:42:26.438+0000] {dag.py:4180} INFO - Setting next_dagrun for example_subdag_operator.section-2 to None, run_after=None
[2025-10-10T09:42:26.440+0000] {processor.py:208} INFO - Processing /home/airflow/.local/lib/python3.12/site-packages/airflow/example_dags/example_subdag_operator.py took 0.030 seconds
[2025-10-10T09:42:57.660+0000] {processor.py:186} INFO - Started process (PID=634) to work on /home/airflow/.local/lib/python3.12/site-packages/airflow/example_dags/example_subdag_operator.py
[2025-10-10T09:42:57.660+0000] {processor.py:914} INFO - Processing file /home/airflow/.local/lib/python3.12/site-packages/airflow/example_dags/example_subdag_operator.py for tasks to queue
[2025-10-10T09:42:57.661+0000] {logging_mixin.py:190} INFO - [2025-10-10T09:42:57.661+0000] {dagbag.py:588} INFO - Filling up the DagBag from /home/airflow/.local/lib/python3.12/site-packages/airflow/example_dags/example_subdag_operator.py
[2025-10-10T09:42:57.670+0000] {processor.py:925} INFO - DAG(s) 'example_subdag_operator.section-1', 'example_subdag_operator.section-2', 'example_subdag_operator' retrieved from /home/airflow/.local/lib/python3.12/site-packages/airflow/example_dags/example_subdag_operator.py
[2025-10-10T09:42:57.674+0000] {logging_mixin.py:190} INFO - [2025-10-10T09:42:57.674+0000] {dag.py:3239} INFO - Sync 3 DAGs
[2025-10-10T09:42:57.681+0000] {logging_mixin.py:190} INFO - [2025-10-10T09:42:57.681+0000] {dag.py:4180} INFO - Setting next_dagrun for example_subdag_operator to 2022-01-01 00:00:00+00:00, run_after=2022-01-01 00:00:00+00:00
[2025-10-10T09:42:57.683+0000] {logging_mixin.py:190} INFO - [2025-10-10T09:42:57.683+0000] {dag.py:4180} INFO - Setting next_dagrun for example_subdag_operator.section-1 to None, run_after=None
[2025-10-10T09:42:57.683+0000] {logging_mixin.py:190} INFO - [2025-10-10T09:42:57.683+0000] {dag.py:4180} INFO - Setting next_dagrun for example_subdag_operator.section-2 to None, run_after=None
[2025-10-10T09:42:57.685+0000] {logging_mixin.py:190} INFO - [2025-10-10T09:42:57.685+0000] {dag.py:3239} INFO - Sync 2 DAGs
[2025-10-10T09:42:57.687+0000] {logging_mixin.py:190} INFO - [2025-10-10T09:42:57.687+0000] {dag.py:4180} INFO - Setting next_dagrun for example_subdag_operator.section-1 to None, run_after=None
[2025-10-10T09:42:57.687+0000] {logging_mixin.py:190} INFO - [2025-10-10T09:42:57.687+0000] {dag.py:4180} INFO - Setting next_dagrun for example_subdag_operator.section-2 to None, run_after=None
[2025-10-10T09:42:57.691+0000] {processor.py:208} INFO - Processing /home/airflow/.local/lib/python3.12/site-packages/airflow/example_dags/example_subdag_operator.py took 0.033 seconds
[2025-10-10T09:43:28.763+0000] {processor.py:186} INFO - Started process (PID=698) to work on /home/airflow/.local/lib/python3.12/site-packages/airflow/example_dags/example_subdag_operator.py
[2025-10-10T09:43:28.763+0000] {processor.py:914} INFO - Processing file /home/airflow/.local/lib/python3.12/site-packages/airflow/example_dags/example_subdag_operator.py for tasks to queue
[2025-10-10T09:43:28.764+0000] {logging_mixin.py:190} INFO - [2025-10-10T09:43:28.764+0000] {dagbag.py:588} INFO - Filling up the DagBag from /home/airflow/.local/lib/python3.12/site-packages/airflow/example_dags/example_subdag_operator.py
[2025-10-10T09:43:28.774+0000] {processor.py:925} INFO - DAG(s) 'example_subdag_operator.section-1', 'example_subdag_operator.section-2', 'example_subdag_operator' retrieved from /home/airflow/.local/lib/python3.12/site-packages/airflow/example_dags/example_subdag_operator.py
[2025-10-10T09:43:28.779+0000] {logging_mixin.py:190} INFO - [2025-10-10T09:43:28.779+0000] {dag.py:3239} INFO - Sync 3 DAGs
[2025-10-10T09:43:28.789+0000] {logging_mixin.py:190} INFO - [2025-10-10T09:43:28.788+0000] {dag.py:4180} INFO - Setting next_dagrun for example_subdag_operator to 2022-01-01 00:00:00+00:00, run_after=2022-01-01 00:00:00+00:00
[2025-10-10T09:43:28.790+0000] {logging_mixin.py:190} INFO - [2025-10-10T09:43:28.790+0000] {dag.py:4180} INFO - Setting next_dagrun for example_subdag_operator.section-1 to None, run_after=None
[2025-10-10T09:43:28.791+0000] {logging_mixin.py:190} INFO - [2025-10-10T09:43:28.791+0000] {dag.py:4180} INFO - Setting next_dagrun for example_subdag_operator.section-2 to None, run_after=None
[2025-10-10T09:43:28.793+0000] {logging_mixin.py:190} INFO - [2025-10-10T09:43:28.793+0000] {dag.py:3239} INFO - Sync 2 DAGs
[2025-10-10T09:43:28.796+0000] {logging_mixin.py:190} INFO - [2025-10-10T09:43:28.796+0000] {dag.py:4180} INFO - Setting next_dagrun for example_subdag_operator.section-1 to None, run_after=None
[2025-10-10T09:43:28.796+0000] {logging_mixin.py:190} INFO - [2025-10-10T09:43:28.796+0000] {dag.py:4180} INFO - Setting next_dagrun for example_subdag_operator.section-2 to None, run_after=None
[2025-10-10T09:43:28.799+0000] {processor.py:208} INFO - Processing /home/airflow/.local/lib/python3.12/site-packages/airflow/example_dags/example_subdag_operator.py took 0.038 seconds
[2025-10-10T09:44:09.318+0000] {processor.py:186} INFO - Started process (PID=65) to work on /home/airflow/.local/lib/python3.12/site-packages/airflow/example_dags/example_subdag_operator.py
[2025-10-10T09:44:09.319+0000] {processor.py:914} INFO - Processing file /home/airflow/.local/lib/python3.12/site-packages/airflow/example_dags/example_subdag_operator.py for tasks to queue
[2025-10-10T09:44:09.319+0000] {logging_mixin.py:190} INFO - [2025-10-10T09:44:09.319+0000] {dagbag.py:588} INFO - Filling up the DagBag from /home/airflow/.local/lib/python3.12/site-packages/airflow/example_dags/example_subdag_operator.py
[2025-10-10T09:44:09.334+0000] {processor.py:925} INFO - DAG(s) 'example_subdag_operator.section-1', 'example_subdag_operator.section-2', 'example_subdag_operator' retrieved from /home/airflow/.local/lib/python3.12/site-packages/airflow/example_dags/example_subdag_operator.py
[2025-10-10T09:44:09.342+0000] {logging_mixin.py:190} INFO - [2025-10-10T09:44:09.342+0000] {dag.py:3239} INFO - Sync 3 DAGs
[2025-10-10T09:44:09.350+0000] {logging_mixin.py:190} INFO - [2025-10-10T09:44:09.350+0000] {dag.py:4180} INFO - Setting next_dagrun for example_subdag_operator to 2022-01-01 00:00:00+00:00, run_after=2022-01-01 00:00:00+00:00
[2025-10-10T09:44:09.352+0000] {logging_mixin.py:190} INFO - [2025-10-10T09:44:09.352+0000] {dag.py:4180} INFO - Setting next_dagrun for example_subdag_operator.section-1 to None, run_after=None
[2025-10-10T09:44:09.355+0000] {logging_mixin.py:190} INFO - [2025-10-10T09:44:09.355+0000] {dag.py:4180} INFO - Setting next_dagrun for example_subdag_operator.section-2 to None, run_after=None
[2025-10-10T09:44:09.358+0000] {logging_mixin.py:190} INFO - [2025-10-10T09:44:09.358+0000] {dag.py:3239} INFO - Sync 2 DAGs
[2025-10-10T09:44:09.360+0000] {logging_mixin.py:190} INFO - [2025-10-10T09:44:09.360+0000] {dag.py:4180} INFO - Setting next_dagrun for example_subdag_operator.section-1 to None, run_after=None
[2025-10-10T09:44:09.360+0000] {logging_mixin.py:190} INFO - [2025-10-10T09:44:09.360+0000] {dag.py:4180} INFO - Setting next_dagrun for example_subdag_operator.section-2 to None, run_after=None
[2025-10-10T09:44:09.365+0000] {processor.py:208} INFO - Processing /home/airflow/.local/lib/python3.12/site-packages/airflow/example_dags/example_subdag_operator.py took 0.049 seconds
[2025-10-10T09:44:39.594+0000] {processor.py:186} INFO - Started process (PID=129) to work on /home/airflow/.local/lib/python3.12/site-packages/airflow/example_dags/example_subdag_operator.py
[2025-10-10T09:44:39.594+0000] {processor.py:914} INFO - Processing file /home/airflow/.local/lib/python3.12/site-packages/airflow/example_dags/example_subdag_operator.py for tasks to queue
[2025-10-10T09:44:39.596+0000] {logging_mixin.py:190} INFO - [2025-10-10T09:44:39.596+0000] {dagbag.py:588} INFO - Filling up the DagBag from /home/airflow/.local/lib/python3.12/site-packages/airflow/example_dags/example_subdag_operator.py
[2025-10-10T09:44:39.607+0000] {processor.py:925} INFO - DAG(s) 'example_subdag_operator.section-1', 'example_subdag_operator.section-2', 'example_subdag_operator' retrieved from /home/airflow/.local/lib/python3.12/site-packages/airflow/example_dags/example_subdag_operator.py
[2025-10-10T09:44:39.613+0000] {logging_mixin.py:190} INFO - [2025-10-10T09:44:39.613+0000] {dag.py:3239} INFO - Sync 3 DAGs
[2025-10-10T09:44:39.621+0000] {logging_mixin.py:190} INFO - [2025-10-10T09:44:39.621+0000] {dag.py:4180} INFO - Setting next_dagrun for example_subdag_operator to 2022-01-01 00:00:00+00:00, run_after=2022-01-01 00:00:00+00:00
[2025-10-10T09:44:39.623+0000] {logging_mixin.py:190} INFO - [2025-10-10T09:44:39.622+0000] {dag.py:4180} INFO - Setting next_dagrun for example_subdag_operator.section-1 to None, run_after=None
[2025-10-10T09:44:39.623+0000] {logging_mixin.py:190} INFO - [2025-10-10T09:44:39.623+0000] {dag.py:4180} INFO - Setting next_dagrun for example_subdag_operator.section-2 to None, run_after=None
[2025-10-10T09:44:39.625+0000] {logging_mixin.py:190} INFO - [2025-10-10T09:44:39.625+0000] {dag.py:3239} INFO - Sync 2 DAGs
[2025-10-10T09:44:39.627+0000] {logging_mixin.py:190} INFO - [2025-10-10T09:44:39.627+0000] {dag.py:4180} INFO - Setting next_dagrun for example_subdag_operator.section-1 to None, run_after=None
[2025-10-10T09:44:39.628+0000] {logging_mixin.py:190} INFO - [2025-10-10T09:44:39.628+0000] {dag.py:4180} INFO - Setting next_dagrun for example_subdag_operator.section-2 to None, run_after=None
[2025-10-10T09:44:39.632+0000] {processor.py:208} INFO - Processing /home/airflow/.local/lib/python3.12/site-packages/airflow/example_dags/example_subdag_operator.py took 0.041 seconds
[2025-10-10T09:45:10.671+0000] {processor.py:186} INFO - Started process (PID=193) to work on /home/airflow/.local/lib/python3.12/site-packages/airflow/example_dags/example_subdag_operator.py
[2025-10-10T09:45:10.674+0000] {processor.py:914} INFO - Processing file /home/airflow/.local/lib/python3.12/site-packages/airflow/example_dags/example_subdag_operator.py for tasks to queue
[2025-10-10T09:45:10.675+0000] {logging_mixin.py:190} INFO - [2025-10-10T09:45:10.675+0000] {dagbag.py:588} INFO - Filling up the DagBag from /home/airflow/.local/lib/python3.12/site-packages/airflow/example_dags/example_subdag_operator.py
[2025-10-10T09:45:10.686+0000] {processor.py:925} INFO - DAG(s) 'example_subdag_operator.section-1', 'example_subdag_operator.section-2', 'example_subdag_operator' retrieved from /home/airflow/.local/lib/python3.12/site-packages/airflow/example_dags/example_subdag_operator.py
[2025-10-10T09:45:10.692+0000] {logging_mixin.py:190} INFO - [2025-10-10T09:45:10.692+0000] {dag.py:3239} INFO - Sync 3 DAGs
[2025-10-10T09:45:10.699+0000] {logging_mixin.py:190} INFO - [2025-10-10T09:45:10.699+0000] {dag.py:4180} INFO - Setting next_dagrun for example_subdag_operator to 2022-01-01 00:00:00+00:00, run_after=2022-01-01 00:00:00+00:00
[2025-10-10T09:45:10.701+0000] {logging_mixin.py:190} INFO - [2025-10-10T09:45:10.701+0000] {dag.py:4180} INFO - Setting next_dagrun for example_subdag_operator.section-1 to None, run_after=None
[2025-10-10T09:45:10.704+0000] {logging_mixin.py:190} INFO - [2025-10-10T09:45:10.704+0000] {dag.py:4180} INFO - Setting next_dagrun for example_subdag_operator.section-2 to None, run_after=None
[2025-10-10T09:45:10.707+0000] {logging_mixin.py:190} INFO - [2025-10-10T09:45:10.707+0000] {dag.py:3239} INFO - Sync 2 DAGs
[2025-10-10T09:45:10.709+0000] {logging_mixin.py:190} INFO - [2025-10-10T09:45:10.709+0000] {dag.py:4180} INFO - Setting next_dagrun for example_subdag_operator.section-1 to None, run_after=None
[2025-10-10T09:45:10.711+0000] {logging_mixin.py:190} INFO - [2025-10-10T09:45:10.711+0000] {dag.py:4180} INFO - Setting next_dagrun for example_subdag_operator.section-2 to None, run_after=None
[2025-10-10T09:45:10.715+0000] {processor.py:208} INFO - Processing /home/airflow/.local/lib/python3.12/site-packages/airflow/example_dags/example_subdag_operator.py took 0.046 seconds
[2025-10-10T09:45:41.646+0000] {processor.py:186} INFO - Started process (PID=265) to work on /home/airflow/.local/lib/python3.12/site-packages/airflow/example_dags/example_subdag_operator.py
[2025-10-10T09:45:41.649+0000] {processor.py:914} INFO - Processing file /home/airflow/.local/lib/python3.12/site-packages/airflow/example_dags/example_subdag_operator.py for tasks to queue
[2025-10-10T09:45:41.652+0000] {logging_mixin.py:190} INFO - [2025-10-10T09:45:41.652+0000] {dagbag.py:588} INFO - Filling up the DagBag from /home/airflow/.local/lib/python3.12/site-packages/airflow/example_dags/example_subdag_operator.py
[2025-10-10T09:45:41.664+0000] {processor.py:925} INFO - DAG(s) 'example_subdag_operator.section-1', 'example_subdag_operator.section-2', 'example_subdag_operator' retrieved from /home/airflow/.local/lib/python3.12/site-packages/airflow/example_dags/example_subdag_operator.py
[2025-10-10T09:45:41.670+0000] {logging_mixin.py:190} INFO - [2025-10-10T09:45:41.670+0000] {dag.py:3239} INFO - Sync 3 DAGs
[2025-10-10T09:45:41.677+0000] {logging_mixin.py:190} INFO - [2025-10-10T09:45:41.677+0000] {dag.py:4180} INFO - Setting next_dagrun for example_subdag_operator to 2022-01-01 00:00:00+00:00, run_after=2022-01-01 00:00:00+00:00
[2025-10-10T09:45:41.680+0000] {logging_mixin.py:190} INFO - [2025-10-10T09:45:41.680+0000] {dag.py:4180} INFO - Setting next_dagrun for example_subdag_operator.section-1 to None, run_after=None
[2025-10-10T09:45:41.681+0000] {logging_mixin.py:190} INFO - [2025-10-10T09:45:41.681+0000] {dag.py:4180} INFO - Setting next_dagrun for example_subdag_operator.section-2 to None, run_after=None
[2025-10-10T09:45:41.684+0000] {logging_mixin.py:190} INFO - [2025-10-10T09:45:41.684+0000] {dag.py:3239} INFO - Sync 2 DAGs
[2025-10-10T09:45:41.687+0000] {logging_mixin.py:190} INFO - [2025-10-10T09:45:41.687+0000] {dag.py:4180} INFO - Setting next_dagrun for example_subdag_operator.section-1 to None, run_after=None
[2025-10-10T09:45:41.688+0000] {logging_mixin.py:190} INFO - [2025-10-10T09:45:41.688+0000] {dag.py:4180} INFO - Setting next_dagrun for example_subdag_operator.section-2 to None, run_after=None
[2025-10-10T09:45:41.693+0000] {processor.py:208} INFO - Processing /home/airflow/.local/lib/python3.12/site-packages/airflow/example_dags/example_subdag_operator.py took 0.049 seconds
[2025-10-10T09:46:12.670+0000] {processor.py:186} INFO - Started process (PID=329) to work on /home/airflow/.local/lib/python3.12/site-packages/airflow/example_dags/example_subdag_operator.py
[2025-10-10T09:46:12.670+0000] {processor.py:914} INFO - Processing file /home/airflow/.local/lib/python3.12/site-packages/airflow/example_dags/example_subdag_operator.py for tasks to queue
[2025-10-10T09:46:12.675+0000] {logging_mixin.py:190} INFO - [2025-10-10T09:46:12.675+0000] {dagbag.py:588} INFO - Filling up the DagBag from /home/airflow/.local/lib/python3.12/site-packages/airflow/example_dags/example_subdag_operator.py
[2025-10-10T09:46:12.687+0000] {processor.py:925} INFO - DAG(s) 'example_subdag_operator.section-1', 'example_subdag_operator.section-2', 'example_subdag_operator' retrieved from /home/airflow/.local/lib/python3.12/site-packages/airflow/example_dags/example_subdag_operator.py
[2025-10-10T09:46:12.694+0000] {logging_mixin.py:190} INFO - [2025-10-10T09:46:12.693+0000] {dag.py:3239} INFO - Sync 3 DAGs
[2025-10-10T09:46:12.703+0000] {logging_mixin.py:190} INFO - [2025-10-10T09:46:12.703+0000] {dag.py:4180} INFO - Setting next_dagrun for example_subdag_operator to 2022-01-01 00:00:00+00:00, run_after=2022-01-01 00:00:00+00:00
[2025-10-10T09:46:12.706+0000] {logging_mixin.py:190} INFO - [2025-10-10T09:46:12.706+0000] {dag.py:4180} INFO - Setting next_dagrun for example_subdag_operator.section-1 to None, run_after=None
[2025-10-10T09:46:12.707+0000] {logging_mixin.py:190} INFO - [2025-10-10T09:46:12.707+0000] {dag.py:4180} INFO - Setting next_dagrun for example_subdag_operator.section-2 to None, run_after=None
[2025-10-10T09:46:12.709+0000] {logging_mixin.py:190} INFO - [2025-10-10T09:46:12.709+0000] {dag.py:3239} INFO - Sync 2 DAGs
[2025-10-10T09:46:12.712+0000] {logging_mixin.py:190} INFO - [2025-10-10T09:46:12.712+0000] {dag.py:4180} INFO - Setting next_dagrun for example_subdag_operator.section-1 to None, run_after=None
[2025-10-10T09:46:12.712+0000] {logging_mixin.py:190} INFO - [2025-10-10T09:46:12.712+0000] {dag.py:4180} INFO - Setting next_dagrun for example_subdag_operator.section-2 to None, run_after=None
[2025-10-10T09:46:12.716+0000] {processor.py:208} INFO - Processing /home/airflow/.local/lib/python3.12/site-packages/airflow/example_dags/example_subdag_operator.py took 0.049 seconds
[2025-10-10T09:46:43.770+0000] {processor.py:186} INFO - Started process (PID=393) to work on /home/airflow/.local/lib/python3.12/site-packages/airflow/example_dags/example_subdag_operator.py
[2025-10-10T09:46:43.771+0000] {processor.py:914} INFO - Processing file /home/airflow/.local/lib/python3.12/site-packages/airflow/example_dags/example_subdag_operator.py for tasks to queue
[2025-10-10T09:46:43.772+0000] {logging_mixin.py:190} INFO - [2025-10-10T09:46:43.771+0000] {dagbag.py:588} INFO - Filling up the DagBag from /home/airflow/.local/lib/python3.12/site-packages/airflow/example_dags/example_subdag_operator.py
[2025-10-10T09:46:43.782+0000] {processor.py:925} INFO - DAG(s) 'example_subdag_operator.section-1', 'example_subdag_operator.section-2', 'example_subdag_operator' retrieved from /home/airflow/.local/lib/python3.12/site-packages/airflow/example_dags/example_subdag_operator.py
[2025-10-10T09:46:43.787+0000] {logging_mixin.py:190} INFO - [2025-10-10T09:46:43.787+0000] {dag.py:3239} INFO - Sync 3 DAGs
[2025-10-10T09:46:43.795+0000] {logging_mixin.py:190} INFO - [2025-10-10T09:46:43.794+0000] {dag.py:4180} INFO - Setting next_dagrun for example_subdag_operator to 2022-01-01 00:00:00+00:00, run_after=2022-01-01 00:00:00+00:00
[2025-10-10T09:46:43.797+0000] {logging_mixin.py:190} INFO - [2025-10-10T09:46:43.797+0000] {dag.py:4180} INFO - Setting next_dagrun for example_subdag_operator.section-1 to None, run_after=None
[2025-10-10T09:46:43.798+0000] {logging_mixin.py:190} INFO - [2025-10-10T09:46:43.798+0000] {dag.py:4180} INFO - Setting next_dagrun for example_subdag_operator.section-2 to None, run_after=None
[2025-10-10T09:46:43.801+0000] {logging_mixin.py:190} INFO - [2025-10-10T09:46:43.801+0000] {dag.py:3239} INFO - Sync 2 DAGs
[2025-10-10T09:46:43.803+0000] {logging_mixin.py:190} INFO - [2025-10-10T09:46:43.803+0000] {dag.py:4180} INFO - Setting next_dagrun for example_subdag_operator.section-1 to None, run_after=None
[2025-10-10T09:46:43.803+0000] {logging_mixin.py:190} INFO - [2025-10-10T09:46:43.803+0000] {dag.py:4180} INFO - Setting next_dagrun for example_subdag_operator.section-2 to None, run_after=None
[2025-10-10T09:46:43.806+0000] {processor.py:208} INFO - Processing /home/airflow/.local/lib/python3.12/site-packages/airflow/example_dags/example_subdag_operator.py took 0.038 seconds
[2025-10-10T09:47:14.771+0000] {processor.py:186} INFO - Started process (PID=457) to work on /home/airflow/.local/lib/python3.12/site-packages/airflow/example_dags/example_subdag_operator.py
[2025-10-10T09:47:14.771+0000] {processor.py:914} INFO - Processing file /home/airflow/.local/lib/python3.12/site-packages/airflow/example_dags/example_subdag_operator.py for tasks to queue
[2025-10-10T09:47:14.773+0000] {logging_mixin.py:190} INFO - [2025-10-10T09:47:14.772+0000] {dagbag.py:588} INFO - Filling up the DagBag from /home/airflow/.local/lib/python3.12/site-packages/airflow/example_dags/example_subdag_operator.py
[2025-10-10T09:47:14.783+0000] {processor.py:925} INFO - DAG(s) 'example_subdag_operator.section-1', 'example_subdag_operator.section-2', 'example_subdag_operator' retrieved from /home/airflow/.local/lib/python3.12/site-packages/airflow/example_dags/example_subdag_operator.py
[2025-10-10T09:47:14.787+0000] {logging_mixin.py:190} INFO - [2025-10-10T09:47:14.787+0000] {dag.py:3239} INFO - Sync 3 DAGs
[2025-10-10T09:47:14.794+0000] {logging_mixin.py:190} INFO - [2025-10-10T09:47:14.794+0000] {dag.py:4180} INFO - Setting next_dagrun for example_subdag_operator to 2022-01-01 00:00:00+00:00, run_after=2022-01-01 00:00:00+00:00
[2025-10-10T09:47:14.795+0000] {logging_mixin.py:190} INFO - [2025-10-10T09:47:14.795+0000] {dag.py:4180} INFO - Setting next_dagrun for example_subdag_operator.section-1 to None, run_after=None
[2025-10-10T09:47:14.796+0000] {logging_mixin.py:190} INFO - [2025-10-10T09:47:14.796+0000] {dag.py:4180} INFO - Setting next_dagrun for example_subdag_operator.section-2 to None, run_after=None
[2025-10-10T09:47:14.798+0000] {logging_mixin.py:190} INFO - [2025-10-10T09:47:14.798+0000] {dag.py:3239} INFO - Sync 2 DAGs
[2025-10-10T09:47:14.799+0000] {logging_mixin.py:190} INFO - [2025-10-10T09:47:14.799+0000] {dag.py:4180} INFO - Setting next_dagrun for example_subdag_operator.section-1 to None, run_after=None
[2025-10-10T09:47:14.799+0000] {logging_mixin.py:190} INFO - [2025-10-10T09:47:14.799+0000] {dag.py:4180} INFO - Setting next_dagrun for example_subdag_operator.section-2 to None, run_after=None
[2025-10-10T09:47:14.802+0000] {processor.py:208} INFO - Processing /home/airflow/.local/lib/python3.12/site-packages/airflow/example_dags/example_subdag_operator.py took 0.033 seconds
[2025-10-10T09:47:45.815+0000] {processor.py:186} INFO - Started process (PID=521) to work on /home/airflow/.local/lib/python3.12/site-packages/airflow/example_dags/example_subdag_operator.py
[2025-10-10T09:47:45.815+0000] {processor.py:914} INFO - Processing file /home/airflow/.local/lib/python3.12/site-packages/airflow/example_dags/example_subdag_operator.py for tasks to queue
[2025-10-10T09:47:45.816+0000] {logging_mixin.py:190} INFO - [2025-10-10T09:47:45.816+0000] {dagbag.py:588} INFO - Filling up the DagBag from /home/airflow/.local/lib/python3.12/site-packages/airflow/example_dags/example_subdag_operator.py
[2025-10-10T09:47:45.830+0000] {processor.py:925} INFO - DAG(s) 'example_subdag_operator.section-1', 'example_subdag_operator.section-2', 'example_subdag_operator' retrieved from /home/airflow/.local/lib/python3.12/site-packages/airflow/example_dags/example_subdag_operator.py
[2025-10-10T09:47:45.837+0000] {logging_mixin.py:190} INFO - [2025-10-10T09:47:45.836+0000] {dag.py:3239} INFO - Sync 3 DAGs
[2025-10-10T09:47:45.848+0000] {logging_mixin.py:190} INFO - [2025-10-10T09:47:45.848+0000] {dag.py:4180} INFO - Setting next_dagrun for example_subdag_operator to 2022-01-01 00:00:00+00:00, run_after=2022-01-01 00:00:00+00:00
[2025-10-10T09:47:45.850+0000] {logging_mixin.py:190} INFO - [2025-10-10T09:47:45.850+0000] {dag.py:4180} INFO - Setting next_dagrun for example_subdag_operator.section-1 to None, run_after=None
[2025-10-10T09:47:45.856+0000] {logging_mixin.py:190} INFO - [2025-10-10T09:47:45.856+0000] {dag.py:4180} INFO - Setting next_dagrun for example_subdag_operator.section-2 to None, run_after=None
[2025-10-10T09:47:45.859+0000] {logging_mixin.py:190} INFO - [2025-10-10T09:47:45.859+0000] {dag.py:3239} INFO - Sync 2 DAGs
[2025-10-10T09:47:45.862+0000] {logging_mixin.py:190} INFO - [2025-10-10T09:47:45.862+0000] {dag.py:4180} INFO - Setting next_dagrun for example_subdag_operator.section-1 to None, run_after=None
[2025-10-10T09:47:45.862+0000] {logging_mixin.py:190} INFO - [2025-10-10T09:47:45.862+0000] {dag.py:4180} INFO - Setting next_dagrun for example_subdag_operator.section-2 to None, run_after=None
[2025-10-10T09:47:45.870+0000] {processor.py:208} INFO - Processing /home/airflow/.local/lib/python3.12/site-packages/airflow/example_dags/example_subdag_operator.py took 0.057 seconds
[2025-10-10T09:48:17.054+0000] {processor.py:186} INFO - Started process (PID=585) to work on /home/airflow/.local/lib/python3.12/site-packages/airflow/example_dags/example_subdag_operator.py
[2025-10-10T09:48:17.054+0000] {processor.py:914} INFO - Processing file /home/airflow/.local/lib/python3.12/site-packages/airflow/example_dags/example_subdag_operator.py for tasks to queue
[2025-10-10T09:48:17.056+0000] {logging_mixin.py:190} INFO - [2025-10-10T09:48:17.056+0000] {dagbag.py:588} INFO - Filling up the DagBag from /home/airflow/.local/lib/python3.12/site-packages/airflow/example_dags/example_subdag_operator.py
[2025-10-10T09:48:17.069+0000] {processor.py:925} INFO - DAG(s) 'example_subdag_operator.section-1', 'example_subdag_operator.section-2', 'example_subdag_operator' retrieved from /home/airflow/.local/lib/python3.12/site-packages/airflow/example_dags/example_subdag_operator.py
[2025-10-10T09:48:17.075+0000] {logging_mixin.py:190} INFO - [2025-10-10T09:48:17.075+0000] {dag.py:3239} INFO - Sync 3 DAGs
[2025-10-10T09:48:17.083+0000] {logging_mixin.py:190} INFO - [2025-10-10T09:48:17.083+0000] {dag.py:4180} INFO - Setting next_dagrun for example_subdag_operator to 2022-01-01 00:00:00+00:00, run_after=2022-01-01 00:00:00+00:00
[2025-10-10T09:48:17.084+0000] {logging_mixin.py:190} INFO - [2025-10-10T09:48:17.084+0000] {dag.py:4180} INFO - Setting next_dagrun for example_subdag_operator.section-1 to None, run_after=None
[2025-10-10T09:48:17.085+0000] {logging_mixin.py:190} INFO - [2025-10-10T09:48:17.085+0000] {dag.py:4180} INFO - Setting next_dagrun for example_subdag_operator.section-2 to None, run_after=None
[2025-10-10T09:48:17.087+0000] {logging_mixin.py:190} INFO - [2025-10-10T09:48:17.087+0000] {dag.py:3239} INFO - Sync 2 DAGs
[2025-10-10T09:48:17.089+0000] {logging_mixin.py:190} INFO - [2025-10-10T09:48:17.089+0000] {dag.py:4180} INFO - Setting next_dagrun for example_subdag_operator.section-1 to None, run_after=None
[2025-10-10T09:48:17.089+0000] {logging_mixin.py:190} INFO - [2025-10-10T09:48:17.089+0000] {dag.py:4180} INFO - Setting next_dagrun for example_subdag_operator.section-2 to None, run_after=None
[2025-10-10T09:48:17.092+0000] {processor.py:208} INFO - Processing /home/airflow/.local/lib/python3.12/site-packages/airflow/example_dags/example_subdag_operator.py took 0.040 seconds
[2025-10-10T09:48:47.325+0000] {processor.py:186} INFO - Started process (PID=649) to work on /home/airflow/.local/lib/python3.12/site-packages/airflow/example_dags/example_subdag_operator.py
[2025-10-10T09:48:47.325+0000] {processor.py:914} INFO - Processing file /home/airflow/.local/lib/python3.12/site-packages/airflow/example_dags/example_subdag_operator.py for tasks to queue
[2025-10-10T09:48:47.326+0000] {logging_mixin.py:190} INFO - [2025-10-10T09:48:47.326+0000] {dagbag.py:588} INFO - Filling up the DagBag from /home/airflow/.local/lib/python3.12/site-packages/airflow/example_dags/example_subdag_operator.py
[2025-10-10T09:48:47.335+0000] {processor.py:925} INFO - DAG(s) 'example_subdag_operator.section-1', 'example_subdag_operator.section-2', 'example_subdag_operator' retrieved from /home/airflow/.local/lib/python3.12/site-packages/airflow/example_dags/example_subdag_operator.py
[2025-10-10T09:48:47.340+0000] {logging_mixin.py:190} INFO - [2025-10-10T09:48:47.340+0000] {dag.py:3239} INFO - Sync 3 DAGs
[2025-10-10T09:48:47.346+0000] {logging_mixin.py:190} INFO - [2025-10-10T09:48:47.346+0000] {dag.py:4180} INFO - Setting next_dagrun for example_subdag_operator to 2022-01-01 00:00:00+00:00, run_after=2022-01-01 00:00:00+00:00
[2025-10-10T09:48:47.347+0000] {logging_mixin.py:190} INFO - [2025-10-10T09:48:47.347+0000] {dag.py:4180} INFO - Setting next_dagrun for example_subdag_operator.section-1 to None, run_after=None
[2025-10-10T09:48:47.348+0000] {logging_mixin.py:190} INFO - [2025-10-10T09:48:47.348+0000] {dag.py:4180} INFO - Setting next_dagrun for example_subdag_operator.section-2 to None, run_after=None
[2025-10-10T09:48:47.350+0000] {logging_mixin.py:190} INFO - [2025-10-10T09:48:47.350+0000] {dag.py:3239} INFO - Sync 2 DAGs
[2025-10-10T09:48:47.351+0000] {logging_mixin.py:190} INFO - [2025-10-10T09:48:47.351+0000] {dag.py:4180} INFO - Setting next_dagrun for example_subdag_operator.section-1 to None, run_after=None
[2025-10-10T09:48:47.351+0000] {logging_mixin.py:190} INFO - [2025-10-10T09:48:47.351+0000] {dag.py:4180} INFO - Setting next_dagrun for example_subdag_operator.section-2 to None, run_after=None
[2025-10-10T09:48:47.354+0000] {processor.py:208} INFO - Processing /home/airflow/.local/lib/python3.12/site-packages/airflow/example_dags/example_subdag_operator.py took 0.031 seconds
