[2025-10-10T09:36:21.008+0000] {processor.py:186} INFO - Started process (PID=63) to work on /home/airflow/.local/lib/python3.12/site-packages/airflow/example_dags/example_sensor_decorator.py
[2025-10-10T09:36:21.009+0000] {processor.py:914} INFO - Processing file /home/airflow/.local/lib/python3.12/site-packages/airflow/example_dags/example_sensor_decorator.py for tasks to queue
[2025-10-10T09:36:21.010+0000] {logging_mixin.py:190} INFO - [2025-10-10T09:36:21.010+0000] {dagbag.py:588} INFO - Filling up the DagBag from /home/airflow/.local/lib/python3.12/site-packages/airflow/example_dags/example_sensor_decorator.py
[2025-10-10T09:36:21.016+0000] {processor.py:925} INFO - DAG(s) 'example_sensor_decorator' retrieved from /home/airflow/.local/lib/python3.12/site-packages/airflow/example_dags/example_sensor_decorator.py
[2025-10-10T09:36:21.053+0000] {logging_mixin.py:190} INFO - [2025-10-10T09:36:21.053+0000] {override.py:1911} INFO - Created Permission View: can edit on DAG:example_sensor_decorator
[2025-10-10T09:36:21.058+0000] {logging_mixin.py:190} INFO - [2025-10-10T09:36:21.058+0000] {override.py:1911} INFO - Created Permission View: can read on DAG:example_sensor_decorator
[2025-10-10T09:36:21.059+0000] {logging_mixin.py:190} INFO - [2025-10-10T09:36:21.059+0000] {override.py:1911} INFO - Created Permission View: can delete on DAG:example_sensor_decorator
[2025-10-10T09:36:21.060+0000] {logging_mixin.py:190} INFO - [2025-10-10T09:36:21.060+0000] {override.py:1911} INFO - Created Permission View: can read on DAG Run:example_sensor_decorator
[2025-10-10T09:36:21.062+0000] {logging_mixin.py:190} INFO - [2025-10-10T09:36:21.062+0000] {override.py:1911} INFO - Created Permission View: menu access on DAG Run:example_sensor_decorator
[2025-10-10T09:36:21.063+0000] {logging_mixin.py:190} INFO - [2025-10-10T09:36:21.063+0000] {override.py:1911} INFO - Created Permission View: can delete on DAG Run:example_sensor_decorator
[2025-10-10T09:36:21.064+0000] {logging_mixin.py:190} INFO - [2025-10-10T09:36:21.064+0000] {override.py:1911} INFO - Created Permission View: can create on DAG Run:example_sensor_decorator
[2025-10-10T09:36:21.064+0000] {logging_mixin.py:190} INFO - [2025-10-10T09:36:21.064+0000] {dag.py:3239} INFO - Sync 1 DAGs
[2025-10-10T09:36:21.068+0000] {logging_mixin.py:190} INFO - [2025-10-10T09:36:21.068+0000] {dag.py:3262} INFO - Creating ORM DAG for example_sensor_decorator
[2025-10-10T09:36:21.069+0000] {logging_mixin.py:190} INFO - [2025-10-10T09:36:21.069+0000] {dag.py:4180} INFO - Setting next_dagrun for example_sensor_decorator to None, run_after=None
[2025-10-10T09:36:21.073+0000] {processor.py:208} INFO - Processing /home/airflow/.local/lib/python3.12/site-packages/airflow/example_dags/example_sensor_decorator.py took 0.068 seconds
[2025-10-10T09:36:51.200+0000] {processor.py:186} INFO - Started process (PID=126) to work on /home/airflow/.local/lib/python3.12/site-packages/airflow/example_dags/example_sensor_decorator.py
[2025-10-10T09:36:51.200+0000] {processor.py:914} INFO - Processing file /home/airflow/.local/lib/python3.12/site-packages/airflow/example_dags/example_sensor_decorator.py for tasks to queue
[2025-10-10T09:36:51.201+0000] {logging_mixin.py:190} INFO - [2025-10-10T09:36:51.201+0000] {dagbag.py:588} INFO - Filling up the DagBag from /home/airflow/.local/lib/python3.12/site-packages/airflow/example_dags/example_sensor_decorator.py
[2025-10-10T09:36:51.204+0000] {processor.py:925} INFO - DAG(s) 'example_sensor_decorator' retrieved from /home/airflow/.local/lib/python3.12/site-packages/airflow/example_dags/example_sensor_decorator.py
[2025-10-10T09:36:51.211+0000] {logging_mixin.py:190} INFO - [2025-10-10T09:36:51.211+0000] {dag.py:3239} INFO - Sync 1 DAGs
[2025-10-10T09:36:51.216+0000] {logging_mixin.py:190} INFO - [2025-10-10T09:36:51.216+0000] {dag.py:4180} INFO - Setting next_dagrun for example_sensor_decorator to None, run_after=None
[2025-10-10T09:36:51.221+0000] {processor.py:208} INFO - Processing /home/airflow/.local/lib/python3.12/site-packages/airflow/example_dags/example_sensor_decorator.py took 0.025 seconds
[2025-10-10T09:37:22.328+0000] {processor.py:186} INFO - Started process (PID=189) to work on /home/airflow/.local/lib/python3.12/site-packages/airflow/example_dags/example_sensor_decorator.py
[2025-10-10T09:37:22.329+0000] {processor.py:914} INFO - Processing file /home/airflow/.local/lib/python3.12/site-packages/airflow/example_dags/example_sensor_decorator.py for tasks to queue
[2025-10-10T09:37:22.330+0000] {logging_mixin.py:190} INFO - [2025-10-10T09:37:22.330+0000] {dagbag.py:588} INFO - Filling up the DagBag from /home/airflow/.local/lib/python3.12/site-packages/airflow/example_dags/example_sensor_decorator.py
[2025-10-10T09:37:22.333+0000] {processor.py:925} INFO - DAG(s) 'example_sensor_decorator' retrieved from /home/airflow/.local/lib/python3.12/site-packages/airflow/example_dags/example_sensor_decorator.py
[2025-10-10T09:37:22.342+0000] {logging_mixin.py:190} INFO - [2025-10-10T09:37:22.342+0000] {dag.py:3239} INFO - Sync 1 DAGs
[2025-10-10T09:37:22.347+0000] {logging_mixin.py:190} INFO - [2025-10-10T09:37:22.347+0000] {dag.py:4180} INFO - Setting next_dagrun for example_sensor_decorator to None, run_after=None
[2025-10-10T09:37:22.353+0000] {processor.py:208} INFO - Processing /home/airflow/.local/lib/python3.12/site-packages/airflow/example_dags/example_sensor_decorator.py took 0.027 seconds
[2025-10-10T09:37:52.599+0000] {processor.py:186} INFO - Started process (PID=252) to work on /home/airflow/.local/lib/python3.12/site-packages/airflow/example_dags/example_sensor_decorator.py
[2025-10-10T09:37:52.599+0000] {processor.py:914} INFO - Processing file /home/airflow/.local/lib/python3.12/site-packages/airflow/example_dags/example_sensor_decorator.py for tasks to queue
[2025-10-10T09:37:52.601+0000] {logging_mixin.py:190} INFO - [2025-10-10T09:37:52.601+0000] {dagbag.py:588} INFO - Filling up the DagBag from /home/airflow/.local/lib/python3.12/site-packages/airflow/example_dags/example_sensor_decorator.py
[2025-10-10T09:37:52.605+0000] {processor.py:925} INFO - DAG(s) 'example_sensor_decorator' retrieved from /home/airflow/.local/lib/python3.12/site-packages/airflow/example_dags/example_sensor_decorator.py
[2025-10-10T09:37:52.612+0000] {logging_mixin.py:190} INFO - [2025-10-10T09:37:52.612+0000] {dag.py:3239} INFO - Sync 1 DAGs
[2025-10-10T09:37:52.616+0000] {logging_mixin.py:190} INFO - [2025-10-10T09:37:52.616+0000] {dag.py:4180} INFO - Setting next_dagrun for example_sensor_decorator to None, run_after=None
[2025-10-10T09:37:52.622+0000] {processor.py:208} INFO - Processing /home/airflow/.local/lib/python3.12/site-packages/airflow/example_dags/example_sensor_decorator.py took 0.026 seconds
[2025-10-10T09:38:17.135+0000] {processor.py:186} INFO - Started process (PID=59) to work on /home/airflow/.local/lib/python3.12/site-packages/airflow/example_dags/example_sensor_decorator.py
[2025-10-10T09:38:17.137+0000] {processor.py:914} INFO - Processing file /home/airflow/.local/lib/python3.12/site-packages/airflow/example_dags/example_sensor_decorator.py for tasks to queue
[2025-10-10T09:38:17.138+0000] {logging_mixin.py:190} INFO - [2025-10-10T09:38:17.138+0000] {dagbag.py:588} INFO - Filling up the DagBag from /home/airflow/.local/lib/python3.12/site-packages/airflow/example_dags/example_sensor_decorator.py
[2025-10-10T09:38:17.142+0000] {processor.py:925} INFO - DAG(s) 'example_sensor_decorator' retrieved from /home/airflow/.local/lib/python3.12/site-packages/airflow/example_dags/example_sensor_decorator.py
[2025-10-10T09:38:17.154+0000] {logging_mixin.py:190} INFO - [2025-10-10T09:38:17.154+0000] {dag.py:3239} INFO - Sync 1 DAGs
[2025-10-10T09:38:17.161+0000] {logging_mixin.py:190} INFO - [2025-10-10T09:38:17.160+0000] {dag.py:4180} INFO - Setting next_dagrun for example_sensor_decorator to None, run_after=None
[2025-10-10T09:38:17.168+0000] {processor.py:208} INFO - Processing /home/airflow/.local/lib/python3.12/site-packages/airflow/example_dags/example_sensor_decorator.py took 0.034 seconds
[2025-10-10T09:38:48.271+0000] {processor.py:186} INFO - Started process (PID=123) to work on /home/airflow/.local/lib/python3.12/site-packages/airflow/example_dags/example_sensor_decorator.py
[2025-10-10T09:38:48.272+0000] {processor.py:914} INFO - Processing file /home/airflow/.local/lib/python3.12/site-packages/airflow/example_dags/example_sensor_decorator.py for tasks to queue
[2025-10-10T09:38:48.273+0000] {logging_mixin.py:190} INFO - [2025-10-10T09:38:48.273+0000] {dagbag.py:588} INFO - Filling up the DagBag from /home/airflow/.local/lib/python3.12/site-packages/airflow/example_dags/example_sensor_decorator.py
[2025-10-10T09:38:48.276+0000] {processor.py:925} INFO - DAG(s) 'example_sensor_decorator' retrieved from /home/airflow/.local/lib/python3.12/site-packages/airflow/example_dags/example_sensor_decorator.py
[2025-10-10T09:38:48.285+0000] {logging_mixin.py:190} INFO - [2025-10-10T09:38:48.285+0000] {dag.py:3239} INFO - Sync 1 DAGs
[2025-10-10T09:38:48.290+0000] {logging_mixin.py:190} INFO - [2025-10-10T09:38:48.290+0000] {dag.py:4180} INFO - Setting next_dagrun for example_sensor_decorator to None, run_after=None
[2025-10-10T09:38:48.295+0000] {processor.py:208} INFO - Processing /home/airflow/.local/lib/python3.12/site-packages/airflow/example_dags/example_sensor_decorator.py took 0.027 seconds
[2025-10-10T09:39:19.385+0000] {processor.py:186} INFO - Started process (PID=187) to work on /home/airflow/.local/lib/python3.12/site-packages/airflow/example_dags/example_sensor_decorator.py
[2025-10-10T09:39:19.387+0000] {processor.py:914} INFO - Processing file /home/airflow/.local/lib/python3.12/site-packages/airflow/example_dags/example_sensor_decorator.py for tasks to queue
[2025-10-10T09:39:19.388+0000] {logging_mixin.py:190} INFO - [2025-10-10T09:39:19.387+0000] {dagbag.py:588} INFO - Filling up the DagBag from /home/airflow/.local/lib/python3.12/site-packages/airflow/example_dags/example_sensor_decorator.py
[2025-10-10T09:39:19.391+0000] {processor.py:925} INFO - DAG(s) 'example_sensor_decorator' retrieved from /home/airflow/.local/lib/python3.12/site-packages/airflow/example_dags/example_sensor_decorator.py
[2025-10-10T09:39:19.398+0000] {logging_mixin.py:190} INFO - [2025-10-10T09:39:19.398+0000] {dag.py:3239} INFO - Sync 1 DAGs
[2025-10-10T09:39:19.404+0000] {logging_mixin.py:190} INFO - [2025-10-10T09:39:19.404+0000] {dag.py:4180} INFO - Setting next_dagrun for example_sensor_decorator to None, run_after=None
[2025-10-10T09:39:19.413+0000] {processor.py:208} INFO - Processing /home/airflow/.local/lib/python3.12/site-packages/airflow/example_dags/example_sensor_decorator.py took 0.031 seconds
[2025-10-10T09:39:50.543+0000] {processor.py:186} INFO - Started process (PID=251) to work on /home/airflow/.local/lib/python3.12/site-packages/airflow/example_dags/example_sensor_decorator.py
[2025-10-10T09:39:50.544+0000] {processor.py:914} INFO - Processing file /home/airflow/.local/lib/python3.12/site-packages/airflow/example_dags/example_sensor_decorator.py for tasks to queue
[2025-10-10T09:39:50.546+0000] {logging_mixin.py:190} INFO - [2025-10-10T09:39:50.545+0000] {dagbag.py:588} INFO - Filling up the DagBag from /home/airflow/.local/lib/python3.12/site-packages/airflow/example_dags/example_sensor_decorator.py
[2025-10-10T09:39:50.551+0000] {processor.py:925} INFO - DAG(s) 'example_sensor_decorator' retrieved from /home/airflow/.local/lib/python3.12/site-packages/airflow/example_dags/example_sensor_decorator.py
[2025-10-10T09:39:50.561+0000] {logging_mixin.py:190} INFO - [2025-10-10T09:39:50.561+0000] {dag.py:3239} INFO - Sync 1 DAGs
[2025-10-10T09:39:50.568+0000] {logging_mixin.py:190} INFO - [2025-10-10T09:39:50.568+0000] {dag.py:4180} INFO - Setting next_dagrun for example_sensor_decorator to None, run_after=None
[2025-10-10T09:39:50.575+0000] {processor.py:208} INFO - Processing /home/airflow/.local/lib/python3.12/site-packages/airflow/example_dags/example_sensor_decorator.py took 0.035 seconds
[2025-10-10T09:40:21.761+0000] {processor.py:186} INFO - Started process (PID=315) to work on /home/airflow/.local/lib/python3.12/site-packages/airflow/example_dags/example_sensor_decorator.py
[2025-10-10T09:40:21.762+0000] {processor.py:914} INFO - Processing file /home/airflow/.local/lib/python3.12/site-packages/airflow/example_dags/example_sensor_decorator.py for tasks to queue
[2025-10-10T09:40:21.762+0000] {logging_mixin.py:190} INFO - [2025-10-10T09:40:21.762+0000] {dagbag.py:588} INFO - Filling up the DagBag from /home/airflow/.local/lib/python3.12/site-packages/airflow/example_dags/example_sensor_decorator.py
[2025-10-10T09:40:21.765+0000] {processor.py:925} INFO - DAG(s) 'example_sensor_decorator' retrieved from /home/airflow/.local/lib/python3.12/site-packages/airflow/example_dags/example_sensor_decorator.py
[2025-10-10T09:40:21.776+0000] {logging_mixin.py:190} INFO - [2025-10-10T09:40:21.775+0000] {dag.py:3239} INFO - Sync 1 DAGs
[2025-10-10T09:40:21.781+0000] {logging_mixin.py:190} INFO - [2025-10-10T09:40:21.781+0000] {dag.py:4180} INFO - Setting next_dagrun for example_sensor_decorator to None, run_after=None
[2025-10-10T09:40:21.793+0000] {processor.py:208} INFO - Processing /home/airflow/.local/lib/python3.12/site-packages/airflow/example_dags/example_sensor_decorator.py took 0.034 seconds
[2025-10-10T09:40:52.986+0000] {processor.py:186} INFO - Started process (PID=379) to work on /home/airflow/.local/lib/python3.12/site-packages/airflow/example_dags/example_sensor_decorator.py
[2025-10-10T09:40:52.987+0000] {processor.py:914} INFO - Processing file /home/airflow/.local/lib/python3.12/site-packages/airflow/example_dags/example_sensor_decorator.py for tasks to queue
[2025-10-10T09:40:52.988+0000] {logging_mixin.py:190} INFO - [2025-10-10T09:40:52.988+0000] {dagbag.py:588} INFO - Filling up the DagBag from /home/airflow/.local/lib/python3.12/site-packages/airflow/example_dags/example_sensor_decorator.py
[2025-10-10T09:40:52.991+0000] {processor.py:925} INFO - DAG(s) 'example_sensor_decorator' retrieved from /home/airflow/.local/lib/python3.12/site-packages/airflow/example_dags/example_sensor_decorator.py
[2025-10-10T09:40:53.000+0000] {logging_mixin.py:190} INFO - [2025-10-10T09:40:53.000+0000] {dag.py:3239} INFO - Sync 1 DAGs
[2025-10-10T09:40:53.004+0000] {logging_mixin.py:190} INFO - [2025-10-10T09:40:53.004+0000] {dag.py:4180} INFO - Setting next_dagrun for example_sensor_decorator to None, run_after=None
[2025-10-10T09:40:53.012+0000] {processor.py:208} INFO - Processing /home/airflow/.local/lib/python3.12/site-packages/airflow/example_dags/example_sensor_decorator.py took 0.028 seconds
[2025-10-10T09:41:24.162+0000] {processor.py:186} INFO - Started process (PID=443) to work on /home/airflow/.local/lib/python3.12/site-packages/airflow/example_dags/example_sensor_decorator.py
[2025-10-10T09:41:24.163+0000] {processor.py:914} INFO - Processing file /home/airflow/.local/lib/python3.12/site-packages/airflow/example_dags/example_sensor_decorator.py for tasks to queue
[2025-10-10T09:41:24.164+0000] {logging_mixin.py:190} INFO - [2025-10-10T09:41:24.163+0000] {dagbag.py:588} INFO - Filling up the DagBag from /home/airflow/.local/lib/python3.12/site-packages/airflow/example_dags/example_sensor_decorator.py
[2025-10-10T09:41:24.167+0000] {processor.py:925} INFO - DAG(s) 'example_sensor_decorator' retrieved from /home/airflow/.local/lib/python3.12/site-packages/airflow/example_dags/example_sensor_decorator.py
[2025-10-10T09:41:24.175+0000] {logging_mixin.py:190} INFO - [2025-10-10T09:41:24.175+0000] {dag.py:3239} INFO - Sync 1 DAGs
[2025-10-10T09:41:24.180+0000] {logging_mixin.py:190} INFO - [2025-10-10T09:41:24.180+0000] {dag.py:4180} INFO - Setting next_dagrun for example_sensor_decorator to None, run_after=None
[2025-10-10T09:41:24.188+0000] {processor.py:208} INFO - Processing /home/airflow/.local/lib/python3.12/site-packages/airflow/example_dags/example_sensor_decorator.py took 0.027 seconds
[2025-10-10T09:41:55.341+0000] {processor.py:186} INFO - Started process (PID=507) to work on /home/airflow/.local/lib/python3.12/site-packages/airflow/example_dags/example_sensor_decorator.py
[2025-10-10T09:41:55.343+0000] {processor.py:914} INFO - Processing file /home/airflow/.local/lib/python3.12/site-packages/airflow/example_dags/example_sensor_decorator.py for tasks to queue
[2025-10-10T09:41:55.344+0000] {logging_mixin.py:190} INFO - [2025-10-10T09:41:55.344+0000] {dagbag.py:588} INFO - Filling up the DagBag from /home/airflow/.local/lib/python3.12/site-packages/airflow/example_dags/example_sensor_decorator.py
[2025-10-10T09:41:55.347+0000] {processor.py:925} INFO - DAG(s) 'example_sensor_decorator' retrieved from /home/airflow/.local/lib/python3.12/site-packages/airflow/example_dags/example_sensor_decorator.py
[2025-10-10T09:41:55.354+0000] {logging_mixin.py:190} INFO - [2025-10-10T09:41:55.354+0000] {dag.py:3239} INFO - Sync 1 DAGs
[2025-10-10T09:41:55.360+0000] {logging_mixin.py:190} INFO - [2025-10-10T09:41:55.359+0000] {dag.py:4180} INFO - Setting next_dagrun for example_sensor_decorator to None, run_after=None
[2025-10-10T09:41:55.367+0000] {processor.py:208} INFO - Processing /home/airflow/.local/lib/python3.12/site-packages/airflow/example_dags/example_sensor_decorator.py took 0.028 seconds
[2025-10-10T09:42:26.449+0000] {processor.py:186} INFO - Started process (PID=571) to work on /home/airflow/.local/lib/python3.12/site-packages/airflow/example_dags/example_sensor_decorator.py
[2025-10-10T09:42:26.451+0000] {processor.py:914} INFO - Processing file /home/airflow/.local/lib/python3.12/site-packages/airflow/example_dags/example_sensor_decorator.py for tasks to queue
[2025-10-10T09:42:26.452+0000] {logging_mixin.py:190} INFO - [2025-10-10T09:42:26.452+0000] {dagbag.py:588} INFO - Filling up the DagBag from /home/airflow/.local/lib/python3.12/site-packages/airflow/example_dags/example_sensor_decorator.py
[2025-10-10T09:42:26.457+0000] {processor.py:925} INFO - DAG(s) 'example_sensor_decorator' retrieved from /home/airflow/.local/lib/python3.12/site-packages/airflow/example_dags/example_sensor_decorator.py
[2025-10-10T09:42:26.466+0000] {logging_mixin.py:190} INFO - [2025-10-10T09:42:26.465+0000] {dag.py:3239} INFO - Sync 1 DAGs
[2025-10-10T09:42:26.471+0000] {logging_mixin.py:190} INFO - [2025-10-10T09:42:26.471+0000] {dag.py:4180} INFO - Setting next_dagrun for example_sensor_decorator to None, run_after=None
[2025-10-10T09:42:26.481+0000] {processor.py:208} INFO - Processing /home/airflow/.local/lib/python3.12/site-packages/airflow/example_dags/example_sensor_decorator.py took 0.035 seconds
[2025-10-10T09:42:57.700+0000] {processor.py:186} INFO - Started process (PID=635) to work on /home/airflow/.local/lib/python3.12/site-packages/airflow/example_dags/example_sensor_decorator.py
[2025-10-10T09:42:57.702+0000] {processor.py:914} INFO - Processing file /home/airflow/.local/lib/python3.12/site-packages/airflow/example_dags/example_sensor_decorator.py for tasks to queue
[2025-10-10T09:42:57.704+0000] {logging_mixin.py:190} INFO - [2025-10-10T09:42:57.704+0000] {dagbag.py:588} INFO - Filling up the DagBag from /home/airflow/.local/lib/python3.12/site-packages/airflow/example_dags/example_sensor_decorator.py
[2025-10-10T09:42:57.708+0000] {processor.py:925} INFO - DAG(s) 'example_sensor_decorator' retrieved from /home/airflow/.local/lib/python3.12/site-packages/airflow/example_dags/example_sensor_decorator.py
[2025-10-10T09:42:57.716+0000] {logging_mixin.py:190} INFO - [2025-10-10T09:42:57.716+0000] {dag.py:3239} INFO - Sync 1 DAGs
[2025-10-10T09:42:57.721+0000] {logging_mixin.py:190} INFO - [2025-10-10T09:42:57.721+0000] {dag.py:4180} INFO - Setting next_dagrun for example_sensor_decorator to None, run_after=None
[2025-10-10T09:42:57.727+0000] {processor.py:208} INFO - Processing /home/airflow/.local/lib/python3.12/site-packages/airflow/example_dags/example_sensor_decorator.py took 0.029 seconds
[2025-10-10T09:43:28.770+0000] {processor.py:186} INFO - Started process (PID=699) to work on /home/airflow/.local/lib/python3.12/site-packages/airflow/example_dags/example_sensor_decorator.py
[2025-10-10T09:43:28.771+0000] {processor.py:914} INFO - Processing file /home/airflow/.local/lib/python3.12/site-packages/airflow/example_dags/example_sensor_decorator.py for tasks to queue
[2025-10-10T09:43:28.772+0000] {logging_mixin.py:190} INFO - [2025-10-10T09:43:28.772+0000] {dagbag.py:588} INFO - Filling up the DagBag from /home/airflow/.local/lib/python3.12/site-packages/airflow/example_dags/example_sensor_decorator.py
[2025-10-10T09:43:28.776+0000] {processor.py:925} INFO - DAG(s) 'example_sensor_decorator' retrieved from /home/airflow/.local/lib/python3.12/site-packages/airflow/example_dags/example_sensor_decorator.py
[2025-10-10T09:43:28.783+0000] {logging_mixin.py:190} INFO - [2025-10-10T09:43:28.783+0000] {dag.py:3239} INFO - Sync 1 DAGs
[2025-10-10T09:43:28.788+0000] {logging_mixin.py:190} INFO - [2025-10-10T09:43:28.788+0000] {dag.py:4180} INFO - Setting next_dagrun for example_sensor_decorator to None, run_after=None
[2025-10-10T09:43:28.796+0000] {processor.py:208} INFO - Processing /home/airflow/.local/lib/python3.12/site-packages/airflow/example_dags/example_sensor_decorator.py took 0.028 seconds
[2025-10-10T09:44:09.349+0000] {processor.py:186} INFO - Started process (PID=66) to work on /home/airflow/.local/lib/python3.12/site-packages/airflow/example_dags/example_sensor_decorator.py
[2025-10-10T09:44:09.349+0000] {processor.py:914} INFO - Processing file /home/airflow/.local/lib/python3.12/site-packages/airflow/example_dags/example_sensor_decorator.py for tasks to queue
[2025-10-10T09:44:09.350+0000] {logging_mixin.py:190} INFO - [2025-10-10T09:44:09.350+0000] {dagbag.py:588} INFO - Filling up the DagBag from /home/airflow/.local/lib/python3.12/site-packages/airflow/example_dags/example_sensor_decorator.py
[2025-10-10T09:44:09.354+0000] {processor.py:925} INFO - DAG(s) 'example_sensor_decorator' retrieved from /home/airflow/.local/lib/python3.12/site-packages/airflow/example_dags/example_sensor_decorator.py
[2025-10-10T09:44:09.367+0000] {logging_mixin.py:190} INFO - [2025-10-10T09:44:09.367+0000] {dag.py:3239} INFO - Sync 1 DAGs
[2025-10-10T09:44:09.373+0000] {logging_mixin.py:190} INFO - [2025-10-10T09:44:09.372+0000] {dag.py:4180} INFO - Setting next_dagrun for example_sensor_decorator to None, run_after=None
[2025-10-10T09:44:09.379+0000] {processor.py:208} INFO - Processing /home/airflow/.local/lib/python3.12/site-packages/airflow/example_dags/example_sensor_decorator.py took 0.033 seconds
[2025-10-10T09:44:39.624+0000] {processor.py:186} INFO - Started process (PID=130) to work on /home/airflow/.local/lib/python3.12/site-packages/airflow/example_dags/example_sensor_decorator.py
[2025-10-10T09:44:39.625+0000] {processor.py:914} INFO - Processing file /home/airflow/.local/lib/python3.12/site-packages/airflow/example_dags/example_sensor_decorator.py for tasks to queue
[2025-10-10T09:44:39.625+0000] {logging_mixin.py:190} INFO - [2025-10-10T09:44:39.625+0000] {dagbag.py:588} INFO - Filling up the DagBag from /home/airflow/.local/lib/python3.12/site-packages/airflow/example_dags/example_sensor_decorator.py
[2025-10-10T09:44:39.629+0000] {processor.py:925} INFO - DAG(s) 'example_sensor_decorator' retrieved from /home/airflow/.local/lib/python3.12/site-packages/airflow/example_dags/example_sensor_decorator.py
[2025-10-10T09:44:39.637+0000] {logging_mixin.py:190} INFO - [2025-10-10T09:44:39.637+0000] {dag.py:3239} INFO - Sync 1 DAGs
[2025-10-10T09:44:39.642+0000] {logging_mixin.py:190} INFO - [2025-10-10T09:44:39.642+0000] {dag.py:4180} INFO - Setting next_dagrun for example_sensor_decorator to None, run_after=None
[2025-10-10T09:44:39.647+0000] {processor.py:208} INFO - Processing /home/airflow/.local/lib/python3.12/site-packages/airflow/example_dags/example_sensor_decorator.py took 0.026 seconds
[2025-10-10T09:45:10.698+0000] {processor.py:186} INFO - Started process (PID=194) to work on /home/airflow/.local/lib/python3.12/site-packages/airflow/example_dags/example_sensor_decorator.py
[2025-10-10T09:45:10.699+0000] {processor.py:914} INFO - Processing file /home/airflow/.local/lib/python3.12/site-packages/airflow/example_dags/example_sensor_decorator.py for tasks to queue
[2025-10-10T09:45:10.700+0000] {logging_mixin.py:190} INFO - [2025-10-10T09:45:10.700+0000] {dagbag.py:588} INFO - Filling up the DagBag from /home/airflow/.local/lib/python3.12/site-packages/airflow/example_dags/example_sensor_decorator.py
[2025-10-10T09:45:10.703+0000] {processor.py:925} INFO - DAG(s) 'example_sensor_decorator' retrieved from /home/airflow/.local/lib/python3.12/site-packages/airflow/example_dags/example_sensor_decorator.py
[2025-10-10T09:45:10.711+0000] {logging_mixin.py:190} INFO - [2025-10-10T09:45:10.711+0000] {dag.py:3239} INFO - Sync 1 DAGs
[2025-10-10T09:45:10.716+0000] {logging_mixin.py:190} INFO - [2025-10-10T09:45:10.716+0000] {dag.py:4180} INFO - Setting next_dagrun for example_sensor_decorator to None, run_after=None
[2025-10-10T09:45:10.723+0000] {processor.py:208} INFO - Processing /home/airflow/.local/lib/python3.12/site-packages/airflow/example_dags/example_sensor_decorator.py took 0.027 seconds
[2025-10-10T09:45:41.676+0000] {processor.py:186} INFO - Started process (PID=266) to work on /home/airflow/.local/lib/python3.12/site-packages/airflow/example_dags/example_sensor_decorator.py
[2025-10-10T09:45:41.677+0000] {processor.py:914} INFO - Processing file /home/airflow/.local/lib/python3.12/site-packages/airflow/example_dags/example_sensor_decorator.py for tasks to queue
[2025-10-10T09:45:41.678+0000] {logging_mixin.py:190} INFO - [2025-10-10T09:45:41.678+0000] {dagbag.py:588} INFO - Filling up the DagBag from /home/airflow/.local/lib/python3.12/site-packages/airflow/example_dags/example_sensor_decorator.py
[2025-10-10T09:45:41.682+0000] {processor.py:925} INFO - DAG(s) 'example_sensor_decorator' retrieved from /home/airflow/.local/lib/python3.12/site-packages/airflow/example_dags/example_sensor_decorator.py
[2025-10-10T09:45:41.689+0000] {logging_mixin.py:190} INFO - [2025-10-10T09:45:41.689+0000] {dag.py:3239} INFO - Sync 1 DAGs
[2025-10-10T09:45:41.694+0000] {logging_mixin.py:190} INFO - [2025-10-10T09:45:41.694+0000] {dag.py:4180} INFO - Setting next_dagrun for example_sensor_decorator to None, run_after=None
[2025-10-10T09:45:41.700+0000] {processor.py:208} INFO - Processing /home/airflow/.local/lib/python3.12/site-packages/airflow/example_dags/example_sensor_decorator.py took 0.026 seconds
[2025-10-10T09:46:12.697+0000] {processor.py:186} INFO - Started process (PID=330) to work on /home/airflow/.local/lib/python3.12/site-packages/airflow/example_dags/example_sensor_decorator.py
[2025-10-10T09:46:12.698+0000] {processor.py:914} INFO - Processing file /home/airflow/.local/lib/python3.12/site-packages/airflow/example_dags/example_sensor_decorator.py for tasks to queue
[2025-10-10T09:46:12.699+0000] {logging_mixin.py:190} INFO - [2025-10-10T09:46:12.699+0000] {dagbag.py:588} INFO - Filling up the DagBag from /home/airflow/.local/lib/python3.12/site-packages/airflow/example_dags/example_sensor_decorator.py
[2025-10-10T09:46:12.704+0000] {processor.py:925} INFO - DAG(s) 'example_sensor_decorator' retrieved from /home/airflow/.local/lib/python3.12/site-packages/airflow/example_dags/example_sensor_decorator.py
[2025-10-10T09:46:12.714+0000] {logging_mixin.py:190} INFO - [2025-10-10T09:46:12.714+0000] {dag.py:3239} INFO - Sync 1 DAGs
[2025-10-10T09:46:12.719+0000] {logging_mixin.py:190} INFO - [2025-10-10T09:46:12.718+0000] {dag.py:4180} INFO - Setting next_dagrun for example_sensor_decorator to None, run_after=None
[2025-10-10T09:46:12.724+0000] {processor.py:208} INFO - Processing /home/airflow/.local/lib/python3.12/site-packages/airflow/example_dags/example_sensor_decorator.py took 0.030 seconds
[2025-10-10T09:46:43.771+0000] {processor.py:186} INFO - Started process (PID=394) to work on /home/airflow/.local/lib/python3.12/site-packages/airflow/example_dags/example_sensor_decorator.py
[2025-10-10T09:46:43.772+0000] {processor.py:914} INFO - Processing file /home/airflow/.local/lib/python3.12/site-packages/airflow/example_dags/example_sensor_decorator.py for tasks to queue
[2025-10-10T09:46:43.772+0000] {logging_mixin.py:190} INFO - [2025-10-10T09:46:43.772+0000] {dagbag.py:588} INFO - Filling up the DagBag from /home/airflow/.local/lib/python3.12/site-packages/airflow/example_dags/example_sensor_decorator.py
[2025-10-10T09:46:43.776+0000] {processor.py:925} INFO - DAG(s) 'example_sensor_decorator' retrieved from /home/airflow/.local/lib/python3.12/site-packages/airflow/example_dags/example_sensor_decorator.py
[2025-10-10T09:46:43.785+0000] {logging_mixin.py:190} INFO - [2025-10-10T09:46:43.785+0000] {dag.py:3239} INFO - Sync 1 DAGs
[2025-10-10T09:46:43.791+0000] {logging_mixin.py:190} INFO - [2025-10-10T09:46:43.791+0000] {dag.py:4180} INFO - Setting next_dagrun for example_sensor_decorator to None, run_after=None
[2025-10-10T09:46:43.797+0000] {processor.py:208} INFO - Processing /home/airflow/.local/lib/python3.12/site-packages/airflow/example_dags/example_sensor_decorator.py took 0.028 seconds
[2025-10-10T09:47:14.810+0000] {processor.py:186} INFO - Started process (PID=458) to work on /home/airflow/.local/lib/python3.12/site-packages/airflow/example_dags/example_sensor_decorator.py
[2025-10-10T09:47:14.811+0000] {processor.py:914} INFO - Processing file /home/airflow/.local/lib/python3.12/site-packages/airflow/example_dags/example_sensor_decorator.py for tasks to queue
[2025-10-10T09:47:14.812+0000] {logging_mixin.py:190} INFO - [2025-10-10T09:47:14.812+0000] {dagbag.py:588} INFO - Filling up the DagBag from /home/airflow/.local/lib/python3.12/site-packages/airflow/example_dags/example_sensor_decorator.py
[2025-10-10T09:47:14.815+0000] {processor.py:925} INFO - DAG(s) 'example_sensor_decorator' retrieved from /home/airflow/.local/lib/python3.12/site-packages/airflow/example_dags/example_sensor_decorator.py
[2025-10-10T09:47:14.822+0000] {logging_mixin.py:190} INFO - [2025-10-10T09:47:14.822+0000] {dag.py:3239} INFO - Sync 1 DAGs
[2025-10-10T09:47:14.827+0000] {logging_mixin.py:190} INFO - [2025-10-10T09:47:14.827+0000] {dag.py:4180} INFO - Setting next_dagrun for example_sensor_decorator to None, run_after=None
[2025-10-10T09:47:14.832+0000] {processor.py:208} INFO - Processing /home/airflow/.local/lib/python3.12/site-packages/airflow/example_dags/example_sensor_decorator.py took 0.024 seconds
[2025-10-10T09:47:45.848+0000] {processor.py:186} INFO - Started process (PID=522) to work on /home/airflow/.local/lib/python3.12/site-packages/airflow/example_dags/example_sensor_decorator.py
[2025-10-10T09:47:45.849+0000] {processor.py:914} INFO - Processing file /home/airflow/.local/lib/python3.12/site-packages/airflow/example_dags/example_sensor_decorator.py for tasks to queue
[2025-10-10T09:47:45.851+0000] {logging_mixin.py:190} INFO - [2025-10-10T09:47:45.850+0000] {dagbag.py:588} INFO - Filling up the DagBag from /home/airflow/.local/lib/python3.12/site-packages/airflow/example_dags/example_sensor_decorator.py
[2025-10-10T09:47:45.856+0000] {processor.py:925} INFO - DAG(s) 'example_sensor_decorator' retrieved from /home/airflow/.local/lib/python3.12/site-packages/airflow/example_dags/example_sensor_decorator.py
[2025-10-10T09:47:45.866+0000] {logging_mixin.py:190} INFO - [2025-10-10T09:47:45.865+0000] {dag.py:3239} INFO - Sync 1 DAGs
[2025-10-10T09:47:45.870+0000] {logging_mixin.py:190} INFO - [2025-10-10T09:47:45.870+0000] {dag.py:4180} INFO - Setting next_dagrun for example_sensor_decorator to None, run_after=None
[2025-10-10T09:47:45.877+0000] {processor.py:208} INFO - Processing /home/airflow/.local/lib/python3.12/site-packages/airflow/example_dags/example_sensor_decorator.py took 0.032 seconds
[2025-10-10T09:48:17.090+0000] {processor.py:186} INFO - Started process (PID=586) to work on /home/airflow/.local/lib/python3.12/site-packages/airflow/example_dags/example_sensor_decorator.py
[2025-10-10T09:48:17.090+0000] {processor.py:914} INFO - Processing file /home/airflow/.local/lib/python3.12/site-packages/airflow/example_dags/example_sensor_decorator.py for tasks to queue
[2025-10-10T09:48:17.091+0000] {logging_mixin.py:190} INFO - [2025-10-10T09:48:17.091+0000] {dagbag.py:588} INFO - Filling up the DagBag from /home/airflow/.local/lib/python3.12/site-packages/airflow/example_dags/example_sensor_decorator.py
[2025-10-10T09:48:17.094+0000] {processor.py:925} INFO - DAG(s) 'example_sensor_decorator' retrieved from /home/airflow/.local/lib/python3.12/site-packages/airflow/example_dags/example_sensor_decorator.py
[2025-10-10T09:48:17.103+0000] {logging_mixin.py:190} INFO - [2025-10-10T09:48:17.103+0000] {dag.py:3239} INFO - Sync 1 DAGs
[2025-10-10T09:48:17.108+0000] {logging_mixin.py:190} INFO - [2025-10-10T09:48:17.108+0000] {dag.py:4180} INFO - Setting next_dagrun for example_sensor_decorator to None, run_after=None
[2025-10-10T09:48:17.124+0000] {processor.py:208} INFO - Processing /home/airflow/.local/lib/python3.12/site-packages/airflow/example_dags/example_sensor_decorator.py took 0.037 seconds
[2025-10-10T09:48:47.363+0000] {processor.py:186} INFO - Started process (PID=650) to work on /home/airflow/.local/lib/python3.12/site-packages/airflow/example_dags/example_sensor_decorator.py
[2025-10-10T09:48:47.364+0000] {processor.py:914} INFO - Processing file /home/airflow/.local/lib/python3.12/site-packages/airflow/example_dags/example_sensor_decorator.py for tasks to queue
[2025-10-10T09:48:47.366+0000] {logging_mixin.py:190} INFO - [2025-10-10T09:48:47.366+0000] {dagbag.py:588} INFO - Filling up the DagBag from /home/airflow/.local/lib/python3.12/site-packages/airflow/example_dags/example_sensor_decorator.py
[2025-10-10T09:48:47.370+0000] {processor.py:925} INFO - DAG(s) 'example_sensor_decorator' retrieved from /home/airflow/.local/lib/python3.12/site-packages/airflow/example_dags/example_sensor_decorator.py
[2025-10-10T09:48:47.379+0000] {logging_mixin.py:190} INFO - [2025-10-10T09:48:47.379+0000] {dag.py:3239} INFO - Sync 1 DAGs
[2025-10-10T09:48:47.383+0000] {logging_mixin.py:190} INFO - [2025-10-10T09:48:47.383+0000] {dag.py:4180} INFO - Setting next_dagrun for example_sensor_decorator to None, run_after=None
[2025-10-10T09:48:47.389+0000] {processor.py:208} INFO - Processing /home/airflow/.local/lib/python3.12/site-packages/airflow/example_dags/example_sensor_decorator.py took 0.028 seconds
