[2025-10-10T09:36:20.822+0000] {processor.py:186} INFO - Started process (PID=59) to work on /home/airflow/.local/lib/python3.12/site-packages/airflow/example_dags/example_short_circuit_operator.py
[2025-10-10T09:36:20.822+0000] {processor.py:914} INFO - Processing file /home/airflow/.local/lib/python3.12/site-packages/airflow/example_dags/example_short_circuit_operator.py for tasks to queue
[2025-10-10T09:36:20.825+0000] {logging_mixin.py:190} INFO - [2025-10-10T09:36:20.825+0000] {dagbag.py:588} INFO - Filling up the DagBag from /home/airflow/.local/lib/python3.12/site-packages/airflow/example_dags/example_short_circuit_operator.py
[2025-10-10T09:36:20.835+0000] {processor.py:925} INFO - DAG(s) 'example_short_circuit_operator' retrieved from /home/airflow/.local/lib/python3.12/site-packages/airflow/example_dags/example_short_circuit_operator.py
[2025-10-10T09:36:20.874+0000] {logging_mixin.py:190} INFO - [2025-10-10T09:36:20.874+0000] {override.py:1911} INFO - Created Permission View: can edit on DAG:example_short_circuit_operator
[2025-10-10T09:36:20.877+0000] {logging_mixin.py:190} INFO - [2025-10-10T09:36:20.877+0000] {override.py:1911} INFO - Created Permission View: can read on DAG:example_short_circuit_operator
[2025-10-10T09:36:20.879+0000] {logging_mixin.py:190} INFO - [2025-10-10T09:36:20.879+0000] {override.py:1911} INFO - Created Permission View: can delete on DAG:example_short_circuit_operator
[2025-10-10T09:36:20.883+0000] {logging_mixin.py:190} INFO - [2025-10-10T09:36:20.883+0000] {override.py:1911} INFO - Created Permission View: can read on DAG Run:example_short_circuit_operator
[2025-10-10T09:36:20.885+0000] {logging_mixin.py:190} INFO - [2025-10-10T09:36:20.885+0000] {override.py:1911} INFO - Created Permission View: menu access on DAG Run:example_short_circuit_operator
[2025-10-10T09:36:20.886+0000] {logging_mixin.py:190} INFO - [2025-10-10T09:36:20.886+0000] {override.py:1911} INFO - Created Permission View: can delete on DAG Run:example_short_circuit_operator
[2025-10-10T09:36:20.888+0000] {logging_mixin.py:190} INFO - [2025-10-10T09:36:20.888+0000] {override.py:1911} INFO - Created Permission View: can create on DAG Run:example_short_circuit_operator
[2025-10-10T09:36:20.889+0000] {logging_mixin.py:190} INFO - [2025-10-10T09:36:20.889+0000] {dag.py:3239} INFO - Sync 1 DAGs
[2025-10-10T09:36:20.895+0000] {logging_mixin.py:190} INFO - [2025-10-10T09:36:20.894+0000] {dag.py:3262} INFO - Creating ORM DAG for example_short_circuit_operator
[2025-10-10T09:36:20.895+0000] {logging_mixin.py:190} INFO - [2025-10-10T09:36:20.895+0000] {dag.py:4180} INFO - Setting next_dagrun for example_short_circuit_operator to None, run_after=None
[2025-10-10T09:36:20.900+0000] {processor.py:208} INFO - Processing /home/airflow/.local/lib/python3.12/site-packages/airflow/example_dags/example_short_circuit_operator.py took 0.080 seconds
[2025-10-10T09:36:51.094+0000] {processor.py:186} INFO - Started process (PID=122) to work on /home/airflow/.local/lib/python3.12/site-packages/airflow/example_dags/example_short_circuit_operator.py
[2025-10-10T09:36:51.095+0000] {processor.py:914} INFO - Processing file /home/airflow/.local/lib/python3.12/site-packages/airflow/example_dags/example_short_circuit_operator.py for tasks to queue
[2025-10-10T09:36:51.096+0000] {logging_mixin.py:190} INFO - [2025-10-10T09:36:51.095+0000] {dagbag.py:588} INFO - Filling up the DagBag from /home/airflow/.local/lib/python3.12/site-packages/airflow/example_dags/example_short_circuit_operator.py
[2025-10-10T09:36:51.099+0000] {processor.py:925} INFO - DAG(s) 'example_short_circuit_operator' retrieved from /home/airflow/.local/lib/python3.12/site-packages/airflow/example_dags/example_short_circuit_operator.py
[2025-10-10T09:36:51.106+0000] {logging_mixin.py:190} INFO - [2025-10-10T09:36:51.106+0000] {dag.py:3239} INFO - Sync 1 DAGs
[2025-10-10T09:36:51.110+0000] {logging_mixin.py:190} INFO - [2025-10-10T09:36:51.110+0000] {dag.py:4180} INFO - Setting next_dagrun for example_short_circuit_operator to None, run_after=None
[2025-10-10T09:36:51.115+0000] {processor.py:208} INFO - Processing /home/airflow/.local/lib/python3.12/site-packages/airflow/example_dags/example_short_circuit_operator.py took 0.023 seconds
[2025-10-10T09:37:22.190+0000] {processor.py:186} INFO - Started process (PID=185) to work on /home/airflow/.local/lib/python3.12/site-packages/airflow/example_dags/example_short_circuit_operator.py
[2025-10-10T09:37:22.194+0000] {processor.py:914} INFO - Processing file /home/airflow/.local/lib/python3.12/site-packages/airflow/example_dags/example_short_circuit_operator.py for tasks to queue
[2025-10-10T09:37:22.195+0000] {logging_mixin.py:190} INFO - [2025-10-10T09:37:22.195+0000] {dagbag.py:588} INFO - Filling up the DagBag from /home/airflow/.local/lib/python3.12/site-packages/airflow/example_dags/example_short_circuit_operator.py
[2025-10-10T09:37:22.201+0000] {processor.py:925} INFO - DAG(s) 'example_short_circuit_operator' retrieved from /home/airflow/.local/lib/python3.12/site-packages/airflow/example_dags/example_short_circuit_operator.py
[2025-10-10T09:37:22.223+0000] {logging_mixin.py:190} INFO - [2025-10-10T09:37:22.223+0000] {dag.py:3239} INFO - Sync 1 DAGs
[2025-10-10T09:37:22.242+0000] {logging_mixin.py:190} INFO - [2025-10-10T09:37:22.242+0000] {dag.py:4180} INFO - Setting next_dagrun for example_short_circuit_operator to None, run_after=None
[2025-10-10T09:37:22.278+0000] {processor.py:208} INFO - Processing /home/airflow/.local/lib/python3.12/site-packages/airflow/example_dags/example_short_circuit_operator.py took 0.091 seconds
[2025-10-10T09:37:52.506+0000] {processor.py:186} INFO - Started process (PID=248) to work on /home/airflow/.local/lib/python3.12/site-packages/airflow/example_dags/example_short_circuit_operator.py
[2025-10-10T09:37:52.510+0000] {processor.py:914} INFO - Processing file /home/airflow/.local/lib/python3.12/site-packages/airflow/example_dags/example_short_circuit_operator.py for tasks to queue
[2025-10-10T09:37:52.513+0000] {logging_mixin.py:190} INFO - [2025-10-10T09:37:52.512+0000] {dagbag.py:588} INFO - Filling up the DagBag from /home/airflow/.local/lib/python3.12/site-packages/airflow/example_dags/example_short_circuit_operator.py
[2025-10-10T09:37:52.519+0000] {processor.py:925} INFO - DAG(s) 'example_short_circuit_operator' retrieved from /home/airflow/.local/lib/python3.12/site-packages/airflow/example_dags/example_short_circuit_operator.py
[2025-10-10T09:37:52.528+0000] {logging_mixin.py:190} INFO - [2025-10-10T09:37:52.528+0000] {dag.py:3239} INFO - Sync 1 DAGs
[2025-10-10T09:37:52.534+0000] {logging_mixin.py:190} INFO - [2025-10-10T09:37:52.534+0000] {dag.py:4180} INFO - Setting next_dagrun for example_short_circuit_operator to None, run_after=None
[2025-10-10T09:37:52.541+0000] {processor.py:208} INFO - Processing /home/airflow/.local/lib/python3.12/site-packages/airflow/example_dags/example_short_circuit_operator.py took 0.041 seconds
[2025-10-10T09:38:16.993+0000] {processor.py:186} INFO - Started process (PID=49) to work on /home/airflow/.local/lib/python3.12/site-packages/airflow/example_dags/example_short_circuit_operator.py
[2025-10-10T09:38:16.993+0000] {processor.py:914} INFO - Processing file /home/airflow/.local/lib/python3.12/site-packages/airflow/example_dags/example_short_circuit_operator.py for tasks to queue
[2025-10-10T09:38:16.994+0000] {logging_mixin.py:190} INFO - [2025-10-10T09:38:16.994+0000] {dagbag.py:588} INFO - Filling up the DagBag from /home/airflow/.local/lib/python3.12/site-packages/airflow/example_dags/example_short_circuit_operator.py
[2025-10-10T09:38:16.997+0000] {processor.py:925} INFO - DAG(s) 'example_short_circuit_operator' retrieved from /home/airflow/.local/lib/python3.12/site-packages/airflow/example_dags/example_short_circuit_operator.py
[2025-10-10T09:38:17.009+0000] {logging_mixin.py:190} INFO - [2025-10-10T09:38:17.009+0000] {dag.py:3239} INFO - Sync 1 DAGs
[2025-10-10T09:38:17.014+0000] {logging_mixin.py:190} INFO - [2025-10-10T09:38:17.014+0000] {dag.py:4180} INFO - Setting next_dagrun for example_short_circuit_operator to None, run_after=None
[2025-10-10T09:38:17.019+0000] {processor.py:208} INFO - Processing /home/airflow/.local/lib/python3.12/site-packages/airflow/example_dags/example_short_circuit_operator.py took 0.029 seconds
[2025-10-10T09:38:48.193+0000] {processor.py:186} INFO - Started process (PID=119) to work on /home/airflow/.local/lib/python3.12/site-packages/airflow/example_dags/example_short_circuit_operator.py
[2025-10-10T09:38:48.195+0000] {processor.py:914} INFO - Processing file /home/airflow/.local/lib/python3.12/site-packages/airflow/example_dags/example_short_circuit_operator.py for tasks to queue
[2025-10-10T09:38:48.196+0000] {logging_mixin.py:190} INFO - [2025-10-10T09:38:48.196+0000] {dagbag.py:588} INFO - Filling up the DagBag from /home/airflow/.local/lib/python3.12/site-packages/airflow/example_dags/example_short_circuit_operator.py
[2025-10-10T09:38:48.199+0000] {processor.py:925} INFO - DAG(s) 'example_short_circuit_operator' retrieved from /home/airflow/.local/lib/python3.12/site-packages/airflow/example_dags/example_short_circuit_operator.py
[2025-10-10T09:38:48.207+0000] {logging_mixin.py:190} INFO - [2025-10-10T09:38:48.207+0000] {dag.py:3239} INFO - Sync 1 DAGs
[2025-10-10T09:38:48.211+0000] {logging_mixin.py:190} INFO - [2025-10-10T09:38:48.211+0000] {dag.py:4180} INFO - Setting next_dagrun for example_short_circuit_operator to None, run_after=None
[2025-10-10T09:38:48.218+0000] {processor.py:208} INFO - Processing /home/airflow/.local/lib/python3.12/site-packages/airflow/example_dags/example_short_circuit_operator.py took 0.027 seconds
[2025-10-10T09:39:19.309+0000] {processor.py:186} INFO - Started process (PID=183) to work on /home/airflow/.local/lib/python3.12/site-packages/airflow/example_dags/example_short_circuit_operator.py
[2025-10-10T09:39:19.309+0000] {processor.py:914} INFO - Processing file /home/airflow/.local/lib/python3.12/site-packages/airflow/example_dags/example_short_circuit_operator.py for tasks to queue
[2025-10-10T09:39:19.310+0000] {logging_mixin.py:190} INFO - [2025-10-10T09:39:19.310+0000] {dagbag.py:588} INFO - Filling up the DagBag from /home/airflow/.local/lib/python3.12/site-packages/airflow/example_dags/example_short_circuit_operator.py
[2025-10-10T09:39:19.313+0000] {processor.py:925} INFO - DAG(s) 'example_short_circuit_operator' retrieved from /home/airflow/.local/lib/python3.12/site-packages/airflow/example_dags/example_short_circuit_operator.py
[2025-10-10T09:39:19.320+0000] {logging_mixin.py:190} INFO - [2025-10-10T09:39:19.320+0000] {dag.py:3239} INFO - Sync 1 DAGs
[2025-10-10T09:39:19.325+0000] {logging_mixin.py:190} INFO - [2025-10-10T09:39:19.325+0000] {dag.py:4180} INFO - Setting next_dagrun for example_short_circuit_operator to None, run_after=None
[2025-10-10T09:39:19.330+0000] {processor.py:208} INFO - Processing /home/airflow/.local/lib/python3.12/site-packages/airflow/example_dags/example_short_circuit_operator.py took 0.023 seconds
[2025-10-10T09:39:50.442+0000] {processor.py:186} INFO - Started process (PID=247) to work on /home/airflow/.local/lib/python3.12/site-packages/airflow/example_dags/example_short_circuit_operator.py
[2025-10-10T09:39:50.443+0000] {processor.py:914} INFO - Processing file /home/airflow/.local/lib/python3.12/site-packages/airflow/example_dags/example_short_circuit_operator.py for tasks to queue
[2025-10-10T09:39:50.444+0000] {logging_mixin.py:190} INFO - [2025-10-10T09:39:50.443+0000] {dagbag.py:588} INFO - Filling up the DagBag from /home/airflow/.local/lib/python3.12/site-packages/airflow/example_dags/example_short_circuit_operator.py
[2025-10-10T09:39:50.446+0000] {processor.py:925} INFO - DAG(s) 'example_short_circuit_operator' retrieved from /home/airflow/.local/lib/python3.12/site-packages/airflow/example_dags/example_short_circuit_operator.py
[2025-10-10T09:39:50.453+0000] {logging_mixin.py:190} INFO - [2025-10-10T09:39:50.453+0000] {dag.py:3239} INFO - Sync 1 DAGs
[2025-10-10T09:39:50.458+0000] {logging_mixin.py:190} INFO - [2025-10-10T09:39:50.458+0000] {dag.py:4180} INFO - Setting next_dagrun for example_short_circuit_operator to None, run_after=None
[2025-10-10T09:39:50.462+0000] {processor.py:208} INFO - Processing /home/airflow/.local/lib/python3.12/site-packages/airflow/example_dags/example_short_circuit_operator.py took 0.022 seconds
[2025-10-10T09:40:21.658+0000] {processor.py:186} INFO - Started process (PID=311) to work on /home/airflow/.local/lib/python3.12/site-packages/airflow/example_dags/example_short_circuit_operator.py
[2025-10-10T09:40:21.658+0000] {processor.py:914} INFO - Processing file /home/airflow/.local/lib/python3.12/site-packages/airflow/example_dags/example_short_circuit_operator.py for tasks to queue
[2025-10-10T09:40:21.659+0000] {logging_mixin.py:190} INFO - [2025-10-10T09:40:21.659+0000] {dagbag.py:588} INFO - Filling up the DagBag from /home/airflow/.local/lib/python3.12/site-packages/airflow/example_dags/example_short_circuit_operator.py
[2025-10-10T09:40:21.662+0000] {processor.py:925} INFO - DAG(s) 'example_short_circuit_operator' retrieved from /home/airflow/.local/lib/python3.12/site-packages/airflow/example_dags/example_short_circuit_operator.py
[2025-10-10T09:40:21.670+0000] {logging_mixin.py:190} INFO - [2025-10-10T09:40:21.670+0000] {dag.py:3239} INFO - Sync 1 DAGs
[2025-10-10T09:40:21.674+0000] {logging_mixin.py:190} INFO - [2025-10-10T09:40:21.674+0000] {dag.py:4180} INFO - Setting next_dagrun for example_short_circuit_operator to None, run_after=None
[2025-10-10T09:40:21.679+0000] {processor.py:208} INFO - Processing /home/airflow/.local/lib/python3.12/site-packages/airflow/example_dags/example_short_circuit_operator.py took 0.022 seconds
[2025-10-10T09:40:52.907+0000] {processor.py:186} INFO - Started process (PID=375) to work on /home/airflow/.local/lib/python3.12/site-packages/airflow/example_dags/example_short_circuit_operator.py
[2025-10-10T09:40:52.907+0000] {processor.py:914} INFO - Processing file /home/airflow/.local/lib/python3.12/site-packages/airflow/example_dags/example_short_circuit_operator.py for tasks to queue
[2025-10-10T09:40:52.910+0000] {logging_mixin.py:190} INFO - [2025-10-10T09:40:52.910+0000] {dagbag.py:588} INFO - Filling up the DagBag from /home/airflow/.local/lib/python3.12/site-packages/airflow/example_dags/example_short_circuit_operator.py
[2025-10-10T09:40:52.916+0000] {processor.py:925} INFO - DAG(s) 'example_short_circuit_operator' retrieved from /home/airflow/.local/lib/python3.12/site-packages/airflow/example_dags/example_short_circuit_operator.py
[2025-10-10T09:40:52.926+0000] {logging_mixin.py:190} INFO - [2025-10-10T09:40:52.926+0000] {dag.py:3239} INFO - Sync 1 DAGs
[2025-10-10T09:40:52.931+0000] {logging_mixin.py:190} INFO - [2025-10-10T09:40:52.931+0000] {dag.py:4180} INFO - Setting next_dagrun for example_short_circuit_operator to None, run_after=None
[2025-10-10T09:40:52.936+0000] {processor.py:208} INFO - Processing /home/airflow/.local/lib/python3.12/site-packages/airflow/example_dags/example_short_circuit_operator.py took 0.032 seconds
[2025-10-10T09:41:24.084+0000] {processor.py:186} INFO - Started process (PID=439) to work on /home/airflow/.local/lib/python3.12/site-packages/airflow/example_dags/example_short_circuit_operator.py
[2025-10-10T09:41:24.084+0000] {processor.py:914} INFO - Processing file /home/airflow/.local/lib/python3.12/site-packages/airflow/example_dags/example_short_circuit_operator.py for tasks to queue
[2025-10-10T09:41:24.085+0000] {logging_mixin.py:190} INFO - [2025-10-10T09:41:24.085+0000] {dagbag.py:588} INFO - Filling up the DagBag from /home/airflow/.local/lib/python3.12/site-packages/airflow/example_dags/example_short_circuit_operator.py
[2025-10-10T09:41:24.088+0000] {processor.py:925} INFO - DAG(s) 'example_short_circuit_operator' retrieved from /home/airflow/.local/lib/python3.12/site-packages/airflow/example_dags/example_short_circuit_operator.py
[2025-10-10T09:41:24.098+0000] {logging_mixin.py:190} INFO - [2025-10-10T09:41:24.098+0000] {dag.py:3239} INFO - Sync 1 DAGs
[2025-10-10T09:41:24.103+0000] {logging_mixin.py:190} INFO - [2025-10-10T09:41:24.103+0000] {dag.py:4180} INFO - Setting next_dagrun for example_short_circuit_operator to None, run_after=None
[2025-10-10T09:41:24.113+0000] {processor.py:208} INFO - Processing /home/airflow/.local/lib/python3.12/site-packages/airflow/example_dags/example_short_circuit_operator.py took 0.032 seconds
[2025-10-10T09:41:55.256+0000] {processor.py:186} INFO - Started process (PID=503) to work on /home/airflow/.local/lib/python3.12/site-packages/airflow/example_dags/example_short_circuit_operator.py
[2025-10-10T09:41:55.257+0000] {processor.py:914} INFO - Processing file /home/airflow/.local/lib/python3.12/site-packages/airflow/example_dags/example_short_circuit_operator.py for tasks to queue
[2025-10-10T09:41:55.258+0000] {logging_mixin.py:190} INFO - [2025-10-10T09:41:55.258+0000] {dagbag.py:588} INFO - Filling up the DagBag from /home/airflow/.local/lib/python3.12/site-packages/airflow/example_dags/example_short_circuit_operator.py
[2025-10-10T09:41:55.263+0000] {processor.py:925} INFO - DAG(s) 'example_short_circuit_operator' retrieved from /home/airflow/.local/lib/python3.12/site-packages/airflow/example_dags/example_short_circuit_operator.py
[2025-10-10T09:41:55.273+0000] {logging_mixin.py:190} INFO - [2025-10-10T09:41:55.273+0000] {dag.py:3239} INFO - Sync 1 DAGs
[2025-10-10T09:41:55.278+0000] {logging_mixin.py:190} INFO - [2025-10-10T09:41:55.278+0000] {dag.py:4180} INFO - Setting next_dagrun for example_short_circuit_operator to None, run_after=None
[2025-10-10T09:41:55.288+0000] {processor.py:208} INFO - Processing /home/airflow/.local/lib/python3.12/site-packages/airflow/example_dags/example_short_circuit_operator.py took 0.034 seconds
[2025-10-10T09:42:26.344+0000] {processor.py:186} INFO - Started process (PID=567) to work on /home/airflow/.local/lib/python3.12/site-packages/airflow/example_dags/example_short_circuit_operator.py
[2025-10-10T09:42:26.344+0000] {processor.py:914} INFO - Processing file /home/airflow/.local/lib/python3.12/site-packages/airflow/example_dags/example_short_circuit_operator.py for tasks to queue
[2025-10-10T09:42:26.345+0000] {logging_mixin.py:190} INFO - [2025-10-10T09:42:26.345+0000] {dagbag.py:588} INFO - Filling up the DagBag from /home/airflow/.local/lib/python3.12/site-packages/airflow/example_dags/example_short_circuit_operator.py
[2025-10-10T09:42:26.348+0000] {processor.py:925} INFO - DAG(s) 'example_short_circuit_operator' retrieved from /home/airflow/.local/lib/python3.12/site-packages/airflow/example_dags/example_short_circuit_operator.py
[2025-10-10T09:42:26.355+0000] {logging_mixin.py:190} INFO - [2025-10-10T09:42:26.355+0000] {dag.py:3239} INFO - Sync 1 DAGs
[2025-10-10T09:42:26.359+0000] {logging_mixin.py:190} INFO - [2025-10-10T09:42:26.359+0000] {dag.py:4180} INFO - Setting next_dagrun for example_short_circuit_operator to None, run_after=None
[2025-10-10T09:42:26.365+0000] {processor.py:208} INFO - Processing /home/airflow/.local/lib/python3.12/site-packages/airflow/example_dags/example_short_circuit_operator.py took 0.023 seconds
[2025-10-10T09:42:57.593+0000] {processor.py:186} INFO - Started process (PID=631) to work on /home/airflow/.local/lib/python3.12/site-packages/airflow/example_dags/example_short_circuit_operator.py
[2025-10-10T09:42:57.594+0000] {processor.py:914} INFO - Processing file /home/airflow/.local/lib/python3.12/site-packages/airflow/example_dags/example_short_circuit_operator.py for tasks to queue
[2025-10-10T09:42:57.594+0000] {logging_mixin.py:190} INFO - [2025-10-10T09:42:57.594+0000] {dagbag.py:588} INFO - Filling up the DagBag from /home/airflow/.local/lib/python3.12/site-packages/airflow/example_dags/example_short_circuit_operator.py
[2025-10-10T09:42:57.598+0000] {processor.py:925} INFO - DAG(s) 'example_short_circuit_operator' retrieved from /home/airflow/.local/lib/python3.12/site-packages/airflow/example_dags/example_short_circuit_operator.py
[2025-10-10T09:42:57.605+0000] {logging_mixin.py:190} INFO - [2025-10-10T09:42:57.605+0000] {dag.py:3239} INFO - Sync 1 DAGs
[2025-10-10T09:42:57.609+0000] {logging_mixin.py:190} INFO - [2025-10-10T09:42:57.609+0000] {dag.py:4180} INFO - Setting next_dagrun for example_short_circuit_operator to None, run_after=None
[2025-10-10T09:42:57.614+0000] {processor.py:208} INFO - Processing /home/airflow/.local/lib/python3.12/site-packages/airflow/example_dags/example_short_circuit_operator.py took 0.023 seconds
[2025-10-10T09:43:28.700+0000] {processor.py:186} INFO - Started process (PID=695) to work on /home/airflow/.local/lib/python3.12/site-packages/airflow/example_dags/example_short_circuit_operator.py
[2025-10-10T09:43:28.702+0000] {processor.py:914} INFO - Processing file /home/airflow/.local/lib/python3.12/site-packages/airflow/example_dags/example_short_circuit_operator.py for tasks to queue
[2025-10-10T09:43:28.703+0000] {logging_mixin.py:190} INFO - [2025-10-10T09:43:28.703+0000] {dagbag.py:588} INFO - Filling up the DagBag from /home/airflow/.local/lib/python3.12/site-packages/airflow/example_dags/example_short_circuit_operator.py
[2025-10-10T09:43:28.707+0000] {processor.py:925} INFO - DAG(s) 'example_short_circuit_operator' retrieved from /home/airflow/.local/lib/python3.12/site-packages/airflow/example_dags/example_short_circuit_operator.py
[2025-10-10T09:43:28.717+0000] {logging_mixin.py:190} INFO - [2025-10-10T09:43:28.717+0000] {dag.py:3239} INFO - Sync 1 DAGs
[2025-10-10T09:43:28.721+0000] {logging_mixin.py:190} INFO - [2025-10-10T09:43:28.721+0000] {dag.py:4180} INFO - Setting next_dagrun for example_short_circuit_operator to None, run_after=None
[2025-10-10T09:43:28.727+0000] {processor.py:208} INFO - Processing /home/airflow/.local/lib/python3.12/site-packages/airflow/example_dags/example_short_circuit_operator.py took 0.029 seconds
[2025-10-10T09:44:09.215+0000] {processor.py:186} INFO - Started process (PID=62) to work on /home/airflow/.local/lib/python3.12/site-packages/airflow/example_dags/example_short_circuit_operator.py
[2025-10-10T09:44:09.219+0000] {processor.py:914} INFO - Processing file /home/airflow/.local/lib/python3.12/site-packages/airflow/example_dags/example_short_circuit_operator.py for tasks to queue
[2025-10-10T09:44:09.220+0000] {logging_mixin.py:190} INFO - [2025-10-10T09:44:09.220+0000] {dagbag.py:588} INFO - Filling up the DagBag from /home/airflow/.local/lib/python3.12/site-packages/airflow/example_dags/example_short_circuit_operator.py
[2025-10-10T09:44:09.225+0000] {processor.py:925} INFO - DAG(s) 'example_short_circuit_operator' retrieved from /home/airflow/.local/lib/python3.12/site-packages/airflow/example_dags/example_short_circuit_operator.py
[2025-10-10T09:44:09.239+0000] {logging_mixin.py:190} INFO - [2025-10-10T09:44:09.238+0000] {dag.py:3239} INFO - Sync 1 DAGs
[2025-10-10T09:44:09.244+0000] {logging_mixin.py:190} INFO - [2025-10-10T09:44:09.244+0000] {dag.py:4180} INFO - Setting next_dagrun for example_short_circuit_operator to None, run_after=None
[2025-10-10T09:44:09.253+0000] {processor.py:208} INFO - Processing /home/airflow/.local/lib/python3.12/site-packages/airflow/example_dags/example_short_circuit_operator.py took 0.040 seconds
[2025-10-10T09:44:39.551+0000] {processor.py:186} INFO - Started process (PID=126) to work on /home/airflow/.local/lib/python3.12/site-packages/airflow/example_dags/example_short_circuit_operator.py
[2025-10-10T09:44:39.551+0000] {processor.py:914} INFO - Processing file /home/airflow/.local/lib/python3.12/site-packages/airflow/example_dags/example_short_circuit_operator.py for tasks to queue
[2025-10-10T09:44:39.552+0000] {logging_mixin.py:190} INFO - [2025-10-10T09:44:39.552+0000] {dagbag.py:588} INFO - Filling up the DagBag from /home/airflow/.local/lib/python3.12/site-packages/airflow/example_dags/example_short_circuit_operator.py
[2025-10-10T09:44:39.555+0000] {processor.py:925} INFO - DAG(s) 'example_short_circuit_operator' retrieved from /home/airflow/.local/lib/python3.12/site-packages/airflow/example_dags/example_short_circuit_operator.py
[2025-10-10T09:44:39.563+0000] {logging_mixin.py:190} INFO - [2025-10-10T09:44:39.563+0000] {dag.py:3239} INFO - Sync 1 DAGs
[2025-10-10T09:44:39.570+0000] {logging_mixin.py:190} INFO - [2025-10-10T09:44:39.570+0000] {dag.py:4180} INFO - Setting next_dagrun for example_short_circuit_operator to None, run_after=None
[2025-10-10T09:44:39.576+0000] {processor.py:208} INFO - Processing /home/airflow/.local/lib/python3.12/site-packages/airflow/example_dags/example_short_circuit_operator.py took 0.028 seconds
[2025-10-10T09:45:10.592+0000] {processor.py:186} INFO - Started process (PID=190) to work on /home/airflow/.local/lib/python3.12/site-packages/airflow/example_dags/example_short_circuit_operator.py
[2025-10-10T09:45:10.592+0000] {processor.py:914} INFO - Processing file /home/airflow/.local/lib/python3.12/site-packages/airflow/example_dags/example_short_circuit_operator.py for tasks to queue
[2025-10-10T09:45:10.593+0000] {logging_mixin.py:190} INFO - [2025-10-10T09:45:10.593+0000] {dagbag.py:588} INFO - Filling up the DagBag from /home/airflow/.local/lib/python3.12/site-packages/airflow/example_dags/example_short_circuit_operator.py
[2025-10-10T09:45:10.596+0000] {processor.py:925} INFO - DAG(s) 'example_short_circuit_operator' retrieved from /home/airflow/.local/lib/python3.12/site-packages/airflow/example_dags/example_short_circuit_operator.py
[2025-10-10T09:45:10.604+0000] {logging_mixin.py:190} INFO - [2025-10-10T09:45:10.604+0000] {dag.py:3239} INFO - Sync 1 DAGs
[2025-10-10T09:45:10.609+0000] {logging_mixin.py:190} INFO - [2025-10-10T09:45:10.609+0000] {dag.py:4180} INFO - Setting next_dagrun for example_short_circuit_operator to None, run_after=None
[2025-10-10T09:45:10.614+0000] {processor.py:208} INFO - Processing /home/airflow/.local/lib/python3.12/site-packages/airflow/example_dags/example_short_circuit_operator.py took 0.025 seconds
[2025-10-10T09:45:41.568+0000] {processor.py:186} INFO - Started process (PID=262) to work on /home/airflow/.local/lib/python3.12/site-packages/airflow/example_dags/example_short_circuit_operator.py
[2025-10-10T09:45:41.568+0000] {processor.py:914} INFO - Processing file /home/airflow/.local/lib/python3.12/site-packages/airflow/example_dags/example_short_circuit_operator.py for tasks to queue
[2025-10-10T09:45:41.569+0000] {logging_mixin.py:190} INFO - [2025-10-10T09:45:41.569+0000] {dagbag.py:588} INFO - Filling up the DagBag from /home/airflow/.local/lib/python3.12/site-packages/airflow/example_dags/example_short_circuit_operator.py
[2025-10-10T09:45:41.572+0000] {processor.py:925} INFO - DAG(s) 'example_short_circuit_operator' retrieved from /home/airflow/.local/lib/python3.12/site-packages/airflow/example_dags/example_short_circuit_operator.py
[2025-10-10T09:45:41.580+0000] {logging_mixin.py:190} INFO - [2025-10-10T09:45:41.580+0000] {dag.py:3239} INFO - Sync 1 DAGs
[2025-10-10T09:45:41.585+0000] {logging_mixin.py:190} INFO - [2025-10-10T09:45:41.585+0000] {dag.py:4180} INFO - Setting next_dagrun for example_short_circuit_operator to None, run_after=None
[2025-10-10T09:45:41.590+0000] {processor.py:208} INFO - Processing /home/airflow/.local/lib/python3.12/site-packages/airflow/example_dags/example_short_circuit_operator.py took 0.025 seconds
[2025-10-10T09:46:12.587+0000] {processor.py:186} INFO - Started process (PID=326) to work on /home/airflow/.local/lib/python3.12/site-packages/airflow/example_dags/example_short_circuit_operator.py
[2025-10-10T09:46:12.588+0000] {processor.py:914} INFO - Processing file /home/airflow/.local/lib/python3.12/site-packages/airflow/example_dags/example_short_circuit_operator.py for tasks to queue
[2025-10-10T09:46:12.589+0000] {logging_mixin.py:190} INFO - [2025-10-10T09:46:12.589+0000] {dagbag.py:588} INFO - Filling up the DagBag from /home/airflow/.local/lib/python3.12/site-packages/airflow/example_dags/example_short_circuit_operator.py
[2025-10-10T09:46:12.593+0000] {processor.py:925} INFO - DAG(s) 'example_short_circuit_operator' retrieved from /home/airflow/.local/lib/python3.12/site-packages/airflow/example_dags/example_short_circuit_operator.py
[2025-10-10T09:46:12.601+0000] {logging_mixin.py:190} INFO - [2025-10-10T09:46:12.601+0000] {dag.py:3239} INFO - Sync 1 DAGs
[2025-10-10T09:46:12.606+0000] {logging_mixin.py:190} INFO - [2025-10-10T09:46:12.606+0000] {dag.py:4180} INFO - Setting next_dagrun for example_short_circuit_operator to None, run_after=None
[2025-10-10T09:46:12.611+0000] {processor.py:208} INFO - Processing /home/airflow/.local/lib/python3.12/site-packages/airflow/example_dags/example_short_circuit_operator.py took 0.026 seconds
[2025-10-10T09:46:43.701+0000] {processor.py:186} INFO - Started process (PID=390) to work on /home/airflow/.local/lib/python3.12/site-packages/airflow/example_dags/example_short_circuit_operator.py
[2025-10-10T09:46:43.702+0000] {processor.py:914} INFO - Processing file /home/airflow/.local/lib/python3.12/site-packages/airflow/example_dags/example_short_circuit_operator.py for tasks to queue
[2025-10-10T09:46:43.703+0000] {logging_mixin.py:190} INFO - [2025-10-10T09:46:43.703+0000] {dagbag.py:588} INFO - Filling up the DagBag from /home/airflow/.local/lib/python3.12/site-packages/airflow/example_dags/example_short_circuit_operator.py
[2025-10-10T09:46:43.707+0000] {processor.py:925} INFO - DAG(s) 'example_short_circuit_operator' retrieved from /home/airflow/.local/lib/python3.12/site-packages/airflow/example_dags/example_short_circuit_operator.py
[2025-10-10T09:46:43.719+0000] {logging_mixin.py:190} INFO - [2025-10-10T09:46:43.719+0000] {dag.py:3239} INFO - Sync 1 DAGs
[2025-10-10T09:46:43.725+0000] {logging_mixin.py:190} INFO - [2025-10-10T09:46:43.725+0000] {dag.py:4180} INFO - Setting next_dagrun for example_short_circuit_operator to None, run_after=None
[2025-10-10T09:46:43.732+0000] {processor.py:208} INFO - Processing /home/airflow/.local/lib/python3.12/site-packages/airflow/example_dags/example_short_circuit_operator.py took 0.033 seconds
[2025-10-10T09:47:14.702+0000] {processor.py:186} INFO - Started process (PID=454) to work on /home/airflow/.local/lib/python3.12/site-packages/airflow/example_dags/example_short_circuit_operator.py
[2025-10-10T09:47:14.703+0000] {processor.py:914} INFO - Processing file /home/airflow/.local/lib/python3.12/site-packages/airflow/example_dags/example_short_circuit_operator.py for tasks to queue
[2025-10-10T09:47:14.704+0000] {logging_mixin.py:190} INFO - [2025-10-10T09:47:14.704+0000] {dagbag.py:588} INFO - Filling up the DagBag from /home/airflow/.local/lib/python3.12/site-packages/airflow/example_dags/example_short_circuit_operator.py
[2025-10-10T09:47:14.707+0000] {processor.py:925} INFO - DAG(s) 'example_short_circuit_operator' retrieved from /home/airflow/.local/lib/python3.12/site-packages/airflow/example_dags/example_short_circuit_operator.py
[2025-10-10T09:47:14.714+0000] {logging_mixin.py:190} INFO - [2025-10-10T09:47:14.714+0000] {dag.py:3239} INFO - Sync 1 DAGs
[2025-10-10T09:47:14.718+0000] {logging_mixin.py:190} INFO - [2025-10-10T09:47:14.718+0000] {dag.py:4180} INFO - Setting next_dagrun for example_short_circuit_operator to None, run_after=None
[2025-10-10T09:47:14.724+0000] {processor.py:208} INFO - Processing /home/airflow/.local/lib/python3.12/site-packages/airflow/example_dags/example_short_circuit_operator.py took 0.023 seconds
[2025-10-10T09:47:45.766+0000] {processor.py:186} INFO - Started process (PID=518) to work on /home/airflow/.local/lib/python3.12/site-packages/airflow/example_dags/example_short_circuit_operator.py
[2025-10-10T09:47:45.767+0000] {processor.py:914} INFO - Processing file /home/airflow/.local/lib/python3.12/site-packages/airflow/example_dags/example_short_circuit_operator.py for tasks to queue
[2025-10-10T09:47:45.768+0000] {logging_mixin.py:190} INFO - [2025-10-10T09:47:45.768+0000] {dagbag.py:588} INFO - Filling up the DagBag from /home/airflow/.local/lib/python3.12/site-packages/airflow/example_dags/example_short_circuit_operator.py
[2025-10-10T09:47:45.772+0000] {processor.py:925} INFO - DAG(s) 'example_short_circuit_operator' retrieved from /home/airflow/.local/lib/python3.12/site-packages/airflow/example_dags/example_short_circuit_operator.py
[2025-10-10T09:47:45.783+0000] {logging_mixin.py:190} INFO - [2025-10-10T09:47:45.782+0000] {dag.py:3239} INFO - Sync 1 DAGs
[2025-10-10T09:47:45.787+0000] {logging_mixin.py:190} INFO - [2025-10-10T09:47:45.787+0000] {dag.py:4180} INFO - Setting next_dagrun for example_short_circuit_operator to None, run_after=None
[2025-10-10T09:47:45.797+0000] {processor.py:208} INFO - Processing /home/airflow/.local/lib/python3.12/site-packages/airflow/example_dags/example_short_circuit_operator.py took 0.033 seconds
[2025-10-10T09:48:17.004+0000] {processor.py:186} INFO - Started process (PID=582) to work on /home/airflow/.local/lib/python3.12/site-packages/airflow/example_dags/example_short_circuit_operator.py
[2025-10-10T09:48:17.005+0000] {processor.py:914} INFO - Processing file /home/airflow/.local/lib/python3.12/site-packages/airflow/example_dags/example_short_circuit_operator.py for tasks to queue
[2025-10-10T09:48:17.006+0000] {logging_mixin.py:190} INFO - [2025-10-10T09:48:17.005+0000] {dagbag.py:588} INFO - Filling up the DagBag from /home/airflow/.local/lib/python3.12/site-packages/airflow/example_dags/example_short_circuit_operator.py
[2025-10-10T09:48:17.009+0000] {processor.py:925} INFO - DAG(s) 'example_short_circuit_operator' retrieved from /home/airflow/.local/lib/python3.12/site-packages/airflow/example_dags/example_short_circuit_operator.py
[2025-10-10T09:48:17.017+0000] {logging_mixin.py:190} INFO - [2025-10-10T09:48:17.017+0000] {dag.py:3239} INFO - Sync 1 DAGs
[2025-10-10T09:48:17.025+0000] {logging_mixin.py:190} INFO - [2025-10-10T09:48:17.024+0000] {dag.py:4180} INFO - Setting next_dagrun for example_short_circuit_operator to None, run_after=None
[2025-10-10T09:48:17.034+0000] {processor.py:208} INFO - Processing /home/airflow/.local/lib/python3.12/site-packages/airflow/example_dags/example_short_circuit_operator.py took 0.032 seconds
[2025-10-10T09:48:47.252+0000] {processor.py:186} INFO - Started process (PID=646) to work on /home/airflow/.local/lib/python3.12/site-packages/airflow/example_dags/example_short_circuit_operator.py
[2025-10-10T09:48:47.253+0000] {processor.py:914} INFO - Processing file /home/airflow/.local/lib/python3.12/site-packages/airflow/example_dags/example_short_circuit_operator.py for tasks to queue
[2025-10-10T09:48:47.254+0000] {logging_mixin.py:190} INFO - [2025-10-10T09:48:47.253+0000] {dagbag.py:588} INFO - Filling up the DagBag from /home/airflow/.local/lib/python3.12/site-packages/airflow/example_dags/example_short_circuit_operator.py
[2025-10-10T09:48:47.257+0000] {processor.py:925} INFO - DAG(s) 'example_short_circuit_operator' retrieved from /home/airflow/.local/lib/python3.12/site-packages/airflow/example_dags/example_short_circuit_operator.py
[2025-10-10T09:48:47.268+0000] {logging_mixin.py:190} INFO - [2025-10-10T09:48:47.268+0000] {dag.py:3239} INFO - Sync 1 DAGs
[2025-10-10T09:48:47.272+0000] {logging_mixin.py:190} INFO - [2025-10-10T09:48:47.272+0000] {dag.py:4180} INFO - Setting next_dagrun for example_short_circuit_operator to None, run_after=None
[2025-10-10T09:48:47.279+0000] {processor.py:208} INFO - Processing /home/airflow/.local/lib/python3.12/site-packages/airflow/example_dags/example_short_circuit_operator.py took 0.030 seconds
