[2025-10-10T09:36:21.532+0000] {processor.py:186} INFO - Started process (PID=73) to work on /home/airflow/.local/lib/python3.12/site-packages/airflow/example_dags/example_branch_labels.py
[2025-10-10T09:36:21.532+0000] {processor.py:914} INFO - Processing file /home/airflow/.local/lib/python3.12/site-packages/airflow/example_dags/example_branch_labels.py for tasks to queue
[2025-10-10T09:36:21.534+0000] {logging_mixin.py:190} INFO - [2025-10-10T09:36:21.534+0000] {dagbag.py:588} INFO - Filling up the DagBag from /home/airflow/.local/lib/python3.12/site-packages/airflow/example_dags/example_branch_labels.py
[2025-10-10T09:36:21.539+0000] {processor.py:925} INFO - DAG(s) 'example_branch_labels' retrieved from /home/airflow/.local/lib/python3.12/site-packages/airflow/example_dags/example_branch_labels.py
[2025-10-10T09:36:21.586+0000] {logging_mixin.py:190} INFO - [2025-10-10T09:36:21.585+0000] {override.py:1911} INFO - Created Permission View: can edit on DAG:example_branch_labels
[2025-10-10T09:36:21.589+0000] {logging_mixin.py:190} INFO - [2025-10-10T09:36:21.589+0000] {override.py:1911} INFO - Created Permission View: can read on DAG:example_branch_labels
[2025-10-10T09:36:21.592+0000] {logging_mixin.py:190} INFO - [2025-10-10T09:36:21.592+0000] {override.py:1911} INFO - Created Permission View: can delete on DAG:example_branch_labels
[2025-10-10T09:36:21.595+0000] {logging_mixin.py:190} INFO - [2025-10-10T09:36:21.595+0000] {override.py:1911} INFO - Created Permission View: can read on DAG Run:example_branch_labels
[2025-10-10T09:36:21.600+0000] {logging_mixin.py:190} INFO - [2025-10-10T09:36:21.599+0000] {override.py:1911} INFO - Created Permission View: menu access on DAG Run:example_branch_labels
[2025-10-10T09:36:21.603+0000] {logging_mixin.py:190} INFO - [2025-10-10T09:36:21.603+0000] {override.py:1911} INFO - Created Permission View: can delete on DAG Run:example_branch_labels
[2025-10-10T09:36:21.606+0000] {logging_mixin.py:190} INFO - [2025-10-10T09:36:21.606+0000] {override.py:1911} INFO - Created Permission View: can create on DAG Run:example_branch_labels
[2025-10-10T09:36:21.606+0000] {logging_mixin.py:190} INFO - [2025-10-10T09:36:21.606+0000] {dag.py:3239} INFO - Sync 1 DAGs
[2025-10-10T09:36:21.611+0000] {logging_mixin.py:190} INFO - [2025-10-10T09:36:21.611+0000] {dag.py:3262} INFO - Creating ORM DAG for example_branch_labels
[2025-10-10T09:36:21.616+0000] {logging_mixin.py:190} INFO - [2025-10-10T09:36:21.615+0000] {dag.py:4180} INFO - Setting next_dagrun for example_branch_labels to 2025-10-09 00:00:00+00:00, run_after=2025-10-10 00:00:00+00:00
[2025-10-10T09:36:21.623+0000] {processor.py:208} INFO - Processing /home/airflow/.local/lib/python3.12/site-packages/airflow/example_dags/example_branch_labels.py took 0.094 seconds
[2025-10-10T09:36:52.503+0000] {processor.py:186} INFO - Started process (PID=136) to work on /home/airflow/.local/lib/python3.12/site-packages/airflow/example_dags/example_branch_labels.py
[2025-10-10T09:36:52.504+0000] {processor.py:914} INFO - Processing file /home/airflow/.local/lib/python3.12/site-packages/airflow/example_dags/example_branch_labels.py for tasks to queue
[2025-10-10T09:36:52.506+0000] {logging_mixin.py:190} INFO - [2025-10-10T09:36:52.505+0000] {dagbag.py:588} INFO - Filling up the DagBag from /home/airflow/.local/lib/python3.12/site-packages/airflow/example_dags/example_branch_labels.py
[2025-10-10T09:36:52.511+0000] {processor.py:925} INFO - DAG(s) 'example_branch_labels' retrieved from /home/airflow/.local/lib/python3.12/site-packages/airflow/example_dags/example_branch_labels.py
[2025-10-10T09:36:52.520+0000] {logging_mixin.py:190} INFO - [2025-10-10T09:36:52.520+0000] {dag.py:3239} INFO - Sync 1 DAGs
[2025-10-10T09:36:52.530+0000] {logging_mixin.py:190} INFO - [2025-10-10T09:36:52.530+0000] {dag.py:4180} INFO - Setting next_dagrun for example_branch_labels to 2025-10-09 00:00:00+00:00, run_after=2025-10-10 00:00:00+00:00
[2025-10-10T09:36:52.539+0000] {processor.py:208} INFO - Processing /home/airflow/.local/lib/python3.12/site-packages/airflow/example_dags/example_branch_labels.py took 0.041 seconds
[2025-10-10T09:37:22.620+0000] {processor.py:186} INFO - Started process (PID=198) to work on /home/airflow/.local/lib/python3.12/site-packages/airflow/example_dags/example_branch_labels.py
[2025-10-10T09:37:22.621+0000] {processor.py:914} INFO - Processing file /home/airflow/.local/lib/python3.12/site-packages/airflow/example_dags/example_branch_labels.py for tasks to queue
[2025-10-10T09:37:22.622+0000] {logging_mixin.py:190} INFO - [2025-10-10T09:37:22.622+0000] {dagbag.py:588} INFO - Filling up the DagBag from /home/airflow/.local/lib/python3.12/site-packages/airflow/example_dags/example_branch_labels.py
[2025-10-10T09:37:22.634+0000] {processor.py:925} INFO - DAG(s) 'example_branch_labels' retrieved from /home/airflow/.local/lib/python3.12/site-packages/airflow/example_dags/example_branch_labels.py
[2025-10-10T09:37:22.645+0000] {logging_mixin.py:190} INFO - [2025-10-10T09:37:22.645+0000] {dag.py:3239} INFO - Sync 1 DAGs
[2025-10-10T09:37:22.656+0000] {logging_mixin.py:190} INFO - [2025-10-10T09:37:22.656+0000] {dag.py:4180} INFO - Setting next_dagrun for example_branch_labels to 2025-10-09 00:00:00+00:00, run_after=2025-10-10 00:00:00+00:00
[2025-10-10T09:37:22.665+0000] {processor.py:208} INFO - Processing /home/airflow/.local/lib/python3.12/site-packages/airflow/example_dags/example_branch_labels.py took 0.049 seconds
[2025-10-10T09:37:52.803+0000] {processor.py:186} INFO - Started process (PID=261) to work on /home/airflow/.local/lib/python3.12/site-packages/airflow/example_dags/example_branch_labels.py
[2025-10-10T09:37:52.804+0000] {processor.py:914} INFO - Processing file /home/airflow/.local/lib/python3.12/site-packages/airflow/example_dags/example_branch_labels.py for tasks to queue
[2025-10-10T09:37:52.805+0000] {logging_mixin.py:190} INFO - [2025-10-10T09:37:52.804+0000] {dagbag.py:588} INFO - Filling up the DagBag from /home/airflow/.local/lib/python3.12/site-packages/airflow/example_dags/example_branch_labels.py
[2025-10-10T09:37:52.808+0000] {processor.py:925} INFO - DAG(s) 'example_branch_labels' retrieved from /home/airflow/.local/lib/python3.12/site-packages/airflow/example_dags/example_branch_labels.py
[2025-10-10T09:37:52.816+0000] {logging_mixin.py:190} INFO - [2025-10-10T09:37:52.816+0000] {dag.py:3239} INFO - Sync 1 DAGs
[2025-10-10T09:37:52.823+0000] {logging_mixin.py:190} INFO - [2025-10-10T09:37:52.823+0000] {dag.py:4180} INFO - Setting next_dagrun for example_branch_labels to 2025-10-09 00:00:00+00:00, run_after=2025-10-10 00:00:00+00:00
[2025-10-10T09:37:52.828+0000] {processor.py:208} INFO - Processing /home/airflow/.local/lib/python3.12/site-packages/airflow/example_dags/example_branch_labels.py took 0.028 seconds
[2025-10-10T09:38:17.449+0000] {processor.py:186} INFO - Started process (PID=69) to work on /home/airflow/.local/lib/python3.12/site-packages/airflow/example_dags/example_branch_labels.py
[2025-10-10T09:38:17.451+0000] {processor.py:914} INFO - Processing file /home/airflow/.local/lib/python3.12/site-packages/airflow/example_dags/example_branch_labels.py for tasks to queue
[2025-10-10T09:38:17.452+0000] {logging_mixin.py:190} INFO - [2025-10-10T09:38:17.452+0000] {dagbag.py:588} INFO - Filling up the DagBag from /home/airflow/.local/lib/python3.12/site-packages/airflow/example_dags/example_branch_labels.py
[2025-10-10T09:38:17.457+0000] {processor.py:925} INFO - DAG(s) 'example_branch_labels' retrieved from /home/airflow/.local/lib/python3.12/site-packages/airflow/example_dags/example_branch_labels.py
[2025-10-10T09:38:17.465+0000] {logging_mixin.py:190} INFO - [2025-10-10T09:38:17.465+0000] {dag.py:3239} INFO - Sync 1 DAGs
[2025-10-10T09:38:17.473+0000] {logging_mixin.py:190} INFO - [2025-10-10T09:38:17.472+0000] {dag.py:4180} INFO - Setting next_dagrun for example_branch_labels to 2025-10-09 00:00:00+00:00, run_after=2025-10-10 00:00:00+00:00
[2025-10-10T09:38:17.478+0000] {processor.py:208} INFO - Processing /home/airflow/.local/lib/python3.12/site-packages/airflow/example_dags/example_branch_labels.py took 0.031 seconds
[2025-10-10T09:38:48.551+0000] {processor.py:186} INFO - Started process (PID=133) to work on /home/airflow/.local/lib/python3.12/site-packages/airflow/example_dags/example_branch_labels.py
[2025-10-10T09:38:48.551+0000] {processor.py:914} INFO - Processing file /home/airflow/.local/lib/python3.12/site-packages/airflow/example_dags/example_branch_labels.py for tasks to queue
[2025-10-10T09:38:48.552+0000] {logging_mixin.py:190} INFO - [2025-10-10T09:38:48.552+0000] {dagbag.py:588} INFO - Filling up the DagBag from /home/airflow/.local/lib/python3.12/site-packages/airflow/example_dags/example_branch_labels.py
[2025-10-10T09:38:48.556+0000] {processor.py:925} INFO - DAG(s) 'example_branch_labels' retrieved from /home/airflow/.local/lib/python3.12/site-packages/airflow/example_dags/example_branch_labels.py
[2025-10-10T09:38:48.563+0000] {logging_mixin.py:190} INFO - [2025-10-10T09:38:48.563+0000] {dag.py:3239} INFO - Sync 1 DAGs
[2025-10-10T09:38:48.571+0000] {logging_mixin.py:190} INFO - [2025-10-10T09:38:48.571+0000] {dag.py:4180} INFO - Setting next_dagrun for example_branch_labels to 2025-10-09 00:00:00+00:00, run_after=2025-10-10 00:00:00+00:00
[2025-10-10T09:38:48.576+0000] {processor.py:208} INFO - Processing /home/airflow/.local/lib/python3.12/site-packages/airflow/example_dags/example_branch_labels.py took 0.027 seconds
[2025-10-10T09:39:19.677+0000] {processor.py:186} INFO - Started process (PID=197) to work on /home/airflow/.local/lib/python3.12/site-packages/airflow/example_dags/example_branch_labels.py
[2025-10-10T09:39:19.678+0000] {processor.py:914} INFO - Processing file /home/airflow/.local/lib/python3.12/site-packages/airflow/example_dags/example_branch_labels.py for tasks to queue
[2025-10-10T09:39:19.678+0000] {logging_mixin.py:190} INFO - [2025-10-10T09:39:19.678+0000] {dagbag.py:588} INFO - Filling up the DagBag from /home/airflow/.local/lib/python3.12/site-packages/airflow/example_dags/example_branch_labels.py
[2025-10-10T09:39:19.682+0000] {processor.py:925} INFO - DAG(s) 'example_branch_labels' retrieved from /home/airflow/.local/lib/python3.12/site-packages/airflow/example_dags/example_branch_labels.py
[2025-10-10T09:39:19.690+0000] {logging_mixin.py:190} INFO - [2025-10-10T09:39:19.690+0000] {dag.py:3239} INFO - Sync 1 DAGs
[2025-10-10T09:39:19.698+0000] {logging_mixin.py:190} INFO - [2025-10-10T09:39:19.698+0000] {dag.py:4180} INFO - Setting next_dagrun for example_branch_labels to 2025-10-09 00:00:00+00:00, run_after=2025-10-10 00:00:00+00:00
[2025-10-10T09:39:19.703+0000] {processor.py:208} INFO - Processing /home/airflow/.local/lib/python3.12/site-packages/airflow/example_dags/example_branch_labels.py took 0.028 seconds
[2025-10-10T09:39:50.818+0000] {processor.py:186} INFO - Started process (PID=261) to work on /home/airflow/.local/lib/python3.12/site-packages/airflow/example_dags/example_branch_labels.py
[2025-10-10T09:39:50.818+0000] {processor.py:914} INFO - Processing file /home/airflow/.local/lib/python3.12/site-packages/airflow/example_dags/example_branch_labels.py for tasks to queue
[2025-10-10T09:39:50.819+0000] {logging_mixin.py:190} INFO - [2025-10-10T09:39:50.819+0000] {dagbag.py:588} INFO - Filling up the DagBag from /home/airflow/.local/lib/python3.12/site-packages/airflow/example_dags/example_branch_labels.py
[2025-10-10T09:39:50.823+0000] {processor.py:925} INFO - DAG(s) 'example_branch_labels' retrieved from /home/airflow/.local/lib/python3.12/site-packages/airflow/example_dags/example_branch_labels.py
[2025-10-10T09:39:50.830+0000] {logging_mixin.py:190} INFO - [2025-10-10T09:39:50.830+0000] {dag.py:3239} INFO - Sync 1 DAGs
[2025-10-10T09:39:50.837+0000] {logging_mixin.py:190} INFO - [2025-10-10T09:39:50.837+0000] {dag.py:4180} INFO - Setting next_dagrun for example_branch_labels to 2025-10-09 00:00:00+00:00, run_after=2025-10-10 00:00:00+00:00
[2025-10-10T09:39:50.843+0000] {processor.py:208} INFO - Processing /home/airflow/.local/lib/python3.12/site-packages/airflow/example_dags/example_branch_labels.py took 0.027 seconds
[2025-10-10T09:40:22.033+0000] {processor.py:186} INFO - Started process (PID=325) to work on /home/airflow/.local/lib/python3.12/site-packages/airflow/example_dags/example_branch_labels.py
[2025-10-10T09:40:22.033+0000] {processor.py:914} INFO - Processing file /home/airflow/.local/lib/python3.12/site-packages/airflow/example_dags/example_branch_labels.py for tasks to queue
[2025-10-10T09:40:22.034+0000] {logging_mixin.py:190} INFO - [2025-10-10T09:40:22.034+0000] {dagbag.py:588} INFO - Filling up the DagBag from /home/airflow/.local/lib/python3.12/site-packages/airflow/example_dags/example_branch_labels.py
[2025-10-10T09:40:22.038+0000] {processor.py:925} INFO - DAG(s) 'example_branch_labels' retrieved from /home/airflow/.local/lib/python3.12/site-packages/airflow/example_dags/example_branch_labels.py
[2025-10-10T09:40:22.045+0000] {logging_mixin.py:190} INFO - [2025-10-10T09:40:22.045+0000] {dag.py:3239} INFO - Sync 1 DAGs
[2025-10-10T09:40:22.054+0000] {logging_mixin.py:190} INFO - [2025-10-10T09:40:22.054+0000] {dag.py:4180} INFO - Setting next_dagrun for example_branch_labels to 2025-10-09 00:00:00+00:00, run_after=2025-10-10 00:00:00+00:00
[2025-10-10T09:40:22.059+0000] {processor.py:208} INFO - Processing /home/airflow/.local/lib/python3.12/site-packages/airflow/example_dags/example_branch_labels.py took 0.028 seconds
[2025-10-10T09:40:53.291+0000] {processor.py:186} INFO - Started process (PID=389) to work on /home/airflow/.local/lib/python3.12/site-packages/airflow/example_dags/example_branch_labels.py
[2025-10-10T09:40:53.291+0000] {processor.py:914} INFO - Processing file /home/airflow/.local/lib/python3.12/site-packages/airflow/example_dags/example_branch_labels.py for tasks to queue
[2025-10-10T09:40:53.292+0000] {logging_mixin.py:190} INFO - [2025-10-10T09:40:53.292+0000] {dagbag.py:588} INFO - Filling up the DagBag from /home/airflow/.local/lib/python3.12/site-packages/airflow/example_dags/example_branch_labels.py
[2025-10-10T09:40:53.296+0000] {processor.py:925} INFO - DAG(s) 'example_branch_labels' retrieved from /home/airflow/.local/lib/python3.12/site-packages/airflow/example_dags/example_branch_labels.py
[2025-10-10T09:40:53.303+0000] {logging_mixin.py:190} INFO - [2025-10-10T09:40:53.303+0000] {dag.py:3239} INFO - Sync 1 DAGs
[2025-10-10T09:40:53.310+0000] {logging_mixin.py:190} INFO - [2025-10-10T09:40:53.310+0000] {dag.py:4180} INFO - Setting next_dagrun for example_branch_labels to 2025-10-09 00:00:00+00:00, run_after=2025-10-10 00:00:00+00:00
[2025-10-10T09:40:53.321+0000] {processor.py:208} INFO - Processing /home/airflow/.local/lib/python3.12/site-packages/airflow/example_dags/example_branch_labels.py took 0.032 seconds
[2025-10-10T09:41:24.424+0000] {processor.py:186} INFO - Started process (PID=453) to work on /home/airflow/.local/lib/python3.12/site-packages/airflow/example_dags/example_branch_labels.py
[2025-10-10T09:41:24.424+0000] {processor.py:914} INFO - Processing file /home/airflow/.local/lib/python3.12/site-packages/airflow/example_dags/example_branch_labels.py for tasks to queue
[2025-10-10T09:41:24.425+0000] {logging_mixin.py:190} INFO - [2025-10-10T09:41:24.425+0000] {dagbag.py:588} INFO - Filling up the DagBag from /home/airflow/.local/lib/python3.12/site-packages/airflow/example_dags/example_branch_labels.py
[2025-10-10T09:41:24.429+0000] {processor.py:925} INFO - DAG(s) 'example_branch_labels' retrieved from /home/airflow/.local/lib/python3.12/site-packages/airflow/example_dags/example_branch_labels.py
[2025-10-10T09:41:24.437+0000] {logging_mixin.py:190} INFO - [2025-10-10T09:41:24.437+0000] {dag.py:3239} INFO - Sync 1 DAGs
[2025-10-10T09:41:24.444+0000] {logging_mixin.py:190} INFO - [2025-10-10T09:41:24.444+0000] {dag.py:4180} INFO - Setting next_dagrun for example_branch_labels to 2025-10-09 00:00:00+00:00, run_after=2025-10-10 00:00:00+00:00
[2025-10-10T09:41:24.450+0000] {processor.py:208} INFO - Processing /home/airflow/.local/lib/python3.12/site-packages/airflow/example_dags/example_branch_labels.py took 0.028 seconds
[2025-10-10T09:41:55.642+0000] {processor.py:186} INFO - Started process (PID=517) to work on /home/airflow/.local/lib/python3.12/site-packages/airflow/example_dags/example_branch_labels.py
[2025-10-10T09:41:55.643+0000] {processor.py:914} INFO - Processing file /home/airflow/.local/lib/python3.12/site-packages/airflow/example_dags/example_branch_labels.py for tasks to queue
[2025-10-10T09:41:55.644+0000] {logging_mixin.py:190} INFO - [2025-10-10T09:41:55.643+0000] {dagbag.py:588} INFO - Filling up the DagBag from /home/airflow/.local/lib/python3.12/site-packages/airflow/example_dags/example_branch_labels.py
[2025-10-10T09:41:55.647+0000] {processor.py:925} INFO - DAG(s) 'example_branch_labels' retrieved from /home/airflow/.local/lib/python3.12/site-packages/airflow/example_dags/example_branch_labels.py
[2025-10-10T09:41:55.655+0000] {logging_mixin.py:190} INFO - [2025-10-10T09:41:55.655+0000] {dag.py:3239} INFO - Sync 1 DAGs
[2025-10-10T09:41:55.662+0000] {logging_mixin.py:190} INFO - [2025-10-10T09:41:55.662+0000] {dag.py:4180} INFO - Setting next_dagrun for example_branch_labels to 2025-10-09 00:00:00+00:00, run_after=2025-10-10 00:00:00+00:00
[2025-10-10T09:41:55.667+0000] {processor.py:208} INFO - Processing /home/airflow/.local/lib/python3.12/site-packages/airflow/example_dags/example_branch_labels.py took 0.028 seconds
[2025-10-10T09:42:26.716+0000] {processor.py:186} INFO - Started process (PID=581) to work on /home/airflow/.local/lib/python3.12/site-packages/airflow/example_dags/example_branch_labels.py
[2025-10-10T09:42:26.716+0000] {processor.py:914} INFO - Processing file /home/airflow/.local/lib/python3.12/site-packages/airflow/example_dags/example_branch_labels.py for tasks to queue
[2025-10-10T09:42:26.717+0000] {logging_mixin.py:190} INFO - [2025-10-10T09:42:26.717+0000] {dagbag.py:588} INFO - Filling up the DagBag from /home/airflow/.local/lib/python3.12/site-packages/airflow/example_dags/example_branch_labels.py
[2025-10-10T09:42:26.721+0000] {processor.py:925} INFO - DAG(s) 'example_branch_labels' retrieved from /home/airflow/.local/lib/python3.12/site-packages/airflow/example_dags/example_branch_labels.py
[2025-10-10T09:42:26.728+0000] {logging_mixin.py:190} INFO - [2025-10-10T09:42:26.728+0000] {dag.py:3239} INFO - Sync 1 DAGs
[2025-10-10T09:42:26.736+0000] {logging_mixin.py:190} INFO - [2025-10-10T09:42:26.736+0000] {dag.py:4180} INFO - Setting next_dagrun for example_branch_labels to 2025-10-09 00:00:00+00:00, run_after=2025-10-10 00:00:00+00:00
[2025-10-10T09:42:26.741+0000] {processor.py:208} INFO - Processing /home/airflow/.local/lib/python3.12/site-packages/airflow/example_dags/example_branch_labels.py took 0.028 seconds
[2025-10-10T09:42:57.976+0000] {processor.py:186} INFO - Started process (PID=645) to work on /home/airflow/.local/lib/python3.12/site-packages/airflow/example_dags/example_branch_labels.py
[2025-10-10T09:42:57.976+0000] {processor.py:914} INFO - Processing file /home/airflow/.local/lib/python3.12/site-packages/airflow/example_dags/example_branch_labels.py for tasks to queue
[2025-10-10T09:42:57.977+0000] {logging_mixin.py:190} INFO - [2025-10-10T09:42:57.977+0000] {dagbag.py:588} INFO - Filling up the DagBag from /home/airflow/.local/lib/python3.12/site-packages/airflow/example_dags/example_branch_labels.py
[2025-10-10T09:42:57.981+0000] {processor.py:925} INFO - DAG(s) 'example_branch_labels' retrieved from /home/airflow/.local/lib/python3.12/site-packages/airflow/example_dags/example_branch_labels.py
[2025-10-10T09:42:57.989+0000] {logging_mixin.py:190} INFO - [2025-10-10T09:42:57.989+0000] {dag.py:3239} INFO - Sync 1 DAGs
[2025-10-10T09:42:57.997+0000] {logging_mixin.py:190} INFO - [2025-10-10T09:42:57.997+0000] {dag.py:4180} INFO - Setting next_dagrun for example_branch_labels to 2025-10-09 00:00:00+00:00, run_after=2025-10-10 00:00:00+00:00
[2025-10-10T09:42:58.002+0000] {processor.py:208} INFO - Processing /home/airflow/.local/lib/python3.12/site-packages/airflow/example_dags/example_branch_labels.py took 0.029 seconds
[2025-10-10T09:43:29.072+0000] {processor.py:186} INFO - Started process (PID=709) to work on /home/airflow/.local/lib/python3.12/site-packages/airflow/example_dags/example_branch_labels.py
[2025-10-10T09:43:29.072+0000] {processor.py:914} INFO - Processing file /home/airflow/.local/lib/python3.12/site-packages/airflow/example_dags/example_branch_labels.py for tasks to queue
[2025-10-10T09:43:29.073+0000] {logging_mixin.py:190} INFO - [2025-10-10T09:43:29.073+0000] {dagbag.py:588} INFO - Filling up the DagBag from /home/airflow/.local/lib/python3.12/site-packages/airflow/example_dags/example_branch_labels.py
[2025-10-10T09:43:29.077+0000] {processor.py:925} INFO - DAG(s) 'example_branch_labels' retrieved from /home/airflow/.local/lib/python3.12/site-packages/airflow/example_dags/example_branch_labels.py
[2025-10-10T09:43:29.084+0000] {logging_mixin.py:190} INFO - [2025-10-10T09:43:29.084+0000] {dag.py:3239} INFO - Sync 1 DAGs
[2025-10-10T09:43:29.092+0000] {logging_mixin.py:190} INFO - [2025-10-10T09:43:29.092+0000] {dag.py:4180} INFO - Setting next_dagrun for example_branch_labels to 2025-10-09 00:00:00+00:00, run_after=2025-10-10 00:00:00+00:00
[2025-10-10T09:43:29.097+0000] {processor.py:208} INFO - Processing /home/airflow/.local/lib/python3.12/site-packages/airflow/example_dags/example_branch_labels.py took 0.027 seconds
[2025-10-10T09:44:09.668+0000] {processor.py:186} INFO - Started process (PID=76) to work on /home/airflow/.local/lib/python3.12/site-packages/airflow/example_dags/example_branch_labels.py
[2025-10-10T09:44:09.668+0000] {processor.py:914} INFO - Processing file /home/airflow/.local/lib/python3.12/site-packages/airflow/example_dags/example_branch_labels.py for tasks to queue
[2025-10-10T09:44:09.669+0000] {logging_mixin.py:190} INFO - [2025-10-10T09:44:09.669+0000] {dagbag.py:588} INFO - Filling up the DagBag from /home/airflow/.local/lib/python3.12/site-packages/airflow/example_dags/example_branch_labels.py
[2025-10-10T09:44:09.673+0000] {processor.py:925} INFO - DAG(s) 'example_branch_labels' retrieved from /home/airflow/.local/lib/python3.12/site-packages/airflow/example_dags/example_branch_labels.py
[2025-10-10T09:44:09.682+0000] {logging_mixin.py:190} INFO - [2025-10-10T09:44:09.682+0000] {dag.py:3239} INFO - Sync 1 DAGs
[2025-10-10T09:44:09.691+0000] {logging_mixin.py:190} INFO - [2025-10-10T09:44:09.691+0000] {dag.py:4180} INFO - Setting next_dagrun for example_branch_labels to 2025-10-09 00:00:00+00:00, run_after=2025-10-10 00:00:00+00:00
[2025-10-10T09:44:09.697+0000] {processor.py:208} INFO - Processing /home/airflow/.local/lib/python3.12/site-packages/airflow/example_dags/example_branch_labels.py took 0.032 seconds
[2025-10-10T09:44:39.810+0000] {processor.py:186} INFO - Started process (PID=139) to work on /home/airflow/.local/lib/python3.12/site-packages/airflow/example_dags/example_branch_labels.py
[2025-10-10T09:44:39.810+0000] {processor.py:914} INFO - Processing file /home/airflow/.local/lib/python3.12/site-packages/airflow/example_dags/example_branch_labels.py for tasks to queue
[2025-10-10T09:44:39.811+0000] {logging_mixin.py:190} INFO - [2025-10-10T09:44:39.811+0000] {dagbag.py:588} INFO - Filling up the DagBag from /home/airflow/.local/lib/python3.12/site-packages/airflow/example_dags/example_branch_labels.py
[2025-10-10T09:44:39.815+0000] {processor.py:925} INFO - DAG(s) 'example_branch_labels' retrieved from /home/airflow/.local/lib/python3.12/site-packages/airflow/example_dags/example_branch_labels.py
[2025-10-10T09:44:39.822+0000] {logging_mixin.py:190} INFO - [2025-10-10T09:44:39.822+0000] {dag.py:3239} INFO - Sync 1 DAGs
[2025-10-10T09:44:39.830+0000] {logging_mixin.py:190} INFO - [2025-10-10T09:44:39.830+0000] {dag.py:4180} INFO - Setting next_dagrun for example_branch_labels to 2025-10-09 00:00:00+00:00, run_after=2025-10-10 00:00:00+00:00
[2025-10-10T09:44:39.839+0000] {processor.py:208} INFO - Processing /home/airflow/.local/lib/python3.12/site-packages/airflow/example_dags/example_branch_labels.py took 0.032 seconds
[2025-10-10T09:45:10.881+0000] {processor.py:186} INFO - Started process (PID=203) to work on /home/airflow/.local/lib/python3.12/site-packages/airflow/example_dags/example_branch_labels.py
[2025-10-10T09:45:10.881+0000] {processor.py:914} INFO - Processing file /home/airflow/.local/lib/python3.12/site-packages/airflow/example_dags/example_branch_labels.py for tasks to queue
[2025-10-10T09:45:10.882+0000] {logging_mixin.py:190} INFO - [2025-10-10T09:45:10.882+0000] {dagbag.py:588} INFO - Filling up the DagBag from /home/airflow/.local/lib/python3.12/site-packages/airflow/example_dags/example_branch_labels.py
[2025-10-10T09:45:10.887+0000] {processor.py:925} INFO - DAG(s) 'example_branch_labels' retrieved from /home/airflow/.local/lib/python3.12/site-packages/airflow/example_dags/example_branch_labels.py
[2025-10-10T09:45:10.894+0000] {logging_mixin.py:190} INFO - [2025-10-10T09:45:10.894+0000] {dag.py:3239} INFO - Sync 1 DAGs
[2025-10-10T09:45:10.902+0000] {logging_mixin.py:190} INFO - [2025-10-10T09:45:10.902+0000] {dag.py:4180} INFO - Setting next_dagrun for example_branch_labels to 2025-10-09 00:00:00+00:00, run_after=2025-10-10 00:00:00+00:00
[2025-10-10T09:45:10.910+0000] {processor.py:208} INFO - Processing /home/airflow/.local/lib/python3.12/site-packages/airflow/example_dags/example_branch_labels.py took 0.031 seconds
[2025-10-10T09:45:41.857+0000] {processor.py:186} INFO - Started process (PID=275) to work on /home/airflow/.local/lib/python3.12/site-packages/airflow/example_dags/example_branch_labels.py
[2025-10-10T09:45:41.858+0000] {processor.py:914} INFO - Processing file /home/airflow/.local/lib/python3.12/site-packages/airflow/example_dags/example_branch_labels.py for tasks to queue
[2025-10-10T09:45:41.858+0000] {logging_mixin.py:190} INFO - [2025-10-10T09:45:41.858+0000] {dagbag.py:588} INFO - Filling up the DagBag from /home/airflow/.local/lib/python3.12/site-packages/airflow/example_dags/example_branch_labels.py
[2025-10-10T09:45:41.862+0000] {processor.py:925} INFO - DAG(s) 'example_branch_labels' retrieved from /home/airflow/.local/lib/python3.12/site-packages/airflow/example_dags/example_branch_labels.py
[2025-10-10T09:45:41.871+0000] {logging_mixin.py:190} INFO - [2025-10-10T09:45:41.871+0000] {dag.py:3239} INFO - Sync 1 DAGs
[2025-10-10T09:45:41.880+0000] {logging_mixin.py:190} INFO - [2025-10-10T09:45:41.880+0000] {dag.py:4180} INFO - Setting next_dagrun for example_branch_labels to 2025-10-09 00:00:00+00:00, run_after=2025-10-10 00:00:00+00:00
[2025-10-10T09:45:41.886+0000] {processor.py:208} INFO - Processing /home/airflow/.local/lib/python3.12/site-packages/airflow/example_dags/example_branch_labels.py took 0.031 seconds
[2025-10-10T09:46:12.909+0000] {processor.py:186} INFO - Started process (PID=339) to work on /home/airflow/.local/lib/python3.12/site-packages/airflow/example_dags/example_branch_labels.py
[2025-10-10T09:46:12.909+0000] {processor.py:914} INFO - Processing file /home/airflow/.local/lib/python3.12/site-packages/airflow/example_dags/example_branch_labels.py for tasks to queue
[2025-10-10T09:46:12.910+0000] {logging_mixin.py:190} INFO - [2025-10-10T09:46:12.910+0000] {dagbag.py:588} INFO - Filling up the DagBag from /home/airflow/.local/lib/python3.12/site-packages/airflow/example_dags/example_branch_labels.py
[2025-10-10T09:46:12.914+0000] {processor.py:925} INFO - DAG(s) 'example_branch_labels' retrieved from /home/airflow/.local/lib/python3.12/site-packages/airflow/example_dags/example_branch_labels.py
[2025-10-10T09:46:12.921+0000] {logging_mixin.py:190} INFO - [2025-10-10T09:46:12.921+0000] {dag.py:3239} INFO - Sync 1 DAGs
[2025-10-10T09:46:12.927+0000] {logging_mixin.py:190} INFO - [2025-10-10T09:46:12.927+0000] {dag.py:4180} INFO - Setting next_dagrun for example_branch_labels to 2025-10-09 00:00:00+00:00, run_after=2025-10-10 00:00:00+00:00
[2025-10-10T09:46:12.932+0000] {processor.py:208} INFO - Processing /home/airflow/.local/lib/python3.12/site-packages/airflow/example_dags/example_branch_labels.py took 0.025 seconds
[2025-10-10T09:46:43.967+0000] {processor.py:186} INFO - Started process (PID=403) to work on /home/airflow/.local/lib/python3.12/site-packages/airflow/example_dags/example_branch_labels.py
[2025-10-10T09:46:43.967+0000] {processor.py:914} INFO - Processing file /home/airflow/.local/lib/python3.12/site-packages/airflow/example_dags/example_branch_labels.py for tasks to queue
[2025-10-10T09:46:43.968+0000] {logging_mixin.py:190} INFO - [2025-10-10T09:46:43.968+0000] {dagbag.py:588} INFO - Filling up the DagBag from /home/airflow/.local/lib/python3.12/site-packages/airflow/example_dags/example_branch_labels.py
[2025-10-10T09:46:43.972+0000] {processor.py:925} INFO - DAG(s) 'example_branch_labels' retrieved from /home/airflow/.local/lib/python3.12/site-packages/airflow/example_dags/example_branch_labels.py
[2025-10-10T09:46:43.980+0000] {logging_mixin.py:190} INFO - [2025-10-10T09:46:43.980+0000] {dag.py:3239} INFO - Sync 1 DAGs
[2025-10-10T09:46:43.988+0000] {logging_mixin.py:190} INFO - [2025-10-10T09:46:43.988+0000] {dag.py:4180} INFO - Setting next_dagrun for example_branch_labels to 2025-10-09 00:00:00+00:00, run_after=2025-10-10 00:00:00+00:00
[2025-10-10T09:46:43.995+0000] {processor.py:208} INFO - Processing /home/airflow/.local/lib/python3.12/site-packages/airflow/example_dags/example_branch_labels.py took 0.030 seconds
[2025-10-10T09:47:14.985+0000] {processor.py:186} INFO - Started process (PID=467) to work on /home/airflow/.local/lib/python3.12/site-packages/airflow/example_dags/example_branch_labels.py
[2025-10-10T09:47:14.986+0000] {processor.py:914} INFO - Processing file /home/airflow/.local/lib/python3.12/site-packages/airflow/example_dags/example_branch_labels.py for tasks to queue
[2025-10-10T09:47:14.987+0000] {logging_mixin.py:190} INFO - [2025-10-10T09:47:14.987+0000] {dagbag.py:588} INFO - Filling up the DagBag from /home/airflow/.local/lib/python3.12/site-packages/airflow/example_dags/example_branch_labels.py
[2025-10-10T09:47:14.992+0000] {processor.py:925} INFO - DAG(s) 'example_branch_labels' retrieved from /home/airflow/.local/lib/python3.12/site-packages/airflow/example_dags/example_branch_labels.py
[2025-10-10T09:47:15.002+0000] {logging_mixin.py:190} INFO - [2025-10-10T09:47:15.002+0000] {dag.py:3239} INFO - Sync 1 DAGs
[2025-10-10T09:47:15.011+0000] {logging_mixin.py:190} INFO - [2025-10-10T09:47:15.011+0000] {dag.py:4180} INFO - Setting next_dagrun for example_branch_labels to 2025-10-09 00:00:00+00:00, run_after=2025-10-10 00:00:00+00:00
[2025-10-10T09:47:15.018+0000] {processor.py:208} INFO - Processing /home/airflow/.local/lib/python3.12/site-packages/airflow/example_dags/example_branch_labels.py took 0.035 seconds
[2025-10-10T09:47:46.055+0000] {processor.py:186} INFO - Started process (PID=531) to work on /home/airflow/.local/lib/python3.12/site-packages/airflow/example_dags/example_branch_labels.py
[2025-10-10T09:47:46.055+0000] {processor.py:914} INFO - Processing file /home/airflow/.local/lib/python3.12/site-packages/airflow/example_dags/example_branch_labels.py for tasks to queue
[2025-10-10T09:47:46.056+0000] {logging_mixin.py:190} INFO - [2025-10-10T09:47:46.056+0000] {dagbag.py:588} INFO - Filling up the DagBag from /home/airflow/.local/lib/python3.12/site-packages/airflow/example_dags/example_branch_labels.py
[2025-10-10T09:47:46.060+0000] {processor.py:925} INFO - DAG(s) 'example_branch_labels' retrieved from /home/airflow/.local/lib/python3.12/site-packages/airflow/example_dags/example_branch_labels.py
[2025-10-10T09:47:46.067+0000] {logging_mixin.py:190} INFO - [2025-10-10T09:47:46.067+0000] {dag.py:3239} INFO - Sync 1 DAGs
[2025-10-10T09:47:46.076+0000] {logging_mixin.py:190} INFO - [2025-10-10T09:47:46.076+0000] {dag.py:4180} INFO - Setting next_dagrun for example_branch_labels to 2025-10-09 00:00:00+00:00, run_after=2025-10-10 00:00:00+00:00
[2025-10-10T09:47:46.084+0000] {processor.py:208} INFO - Processing /home/airflow/.local/lib/python3.12/site-packages/airflow/example_dags/example_branch_labels.py took 0.032 seconds
[2025-10-10T09:48:17.283+0000] {processor.py:186} INFO - Started process (PID=595) to work on /home/airflow/.local/lib/python3.12/site-packages/airflow/example_dags/example_branch_labels.py
[2025-10-10T09:48:17.283+0000] {processor.py:914} INFO - Processing file /home/airflow/.local/lib/python3.12/site-packages/airflow/example_dags/example_branch_labels.py for tasks to queue
[2025-10-10T09:48:17.284+0000] {logging_mixin.py:190} INFO - [2025-10-10T09:48:17.284+0000] {dagbag.py:588} INFO - Filling up the DagBag from /home/airflow/.local/lib/python3.12/site-packages/airflow/example_dags/example_branch_labels.py
[2025-10-10T09:48:17.288+0000] {processor.py:925} INFO - DAG(s) 'example_branch_labels' retrieved from /home/airflow/.local/lib/python3.12/site-packages/airflow/example_dags/example_branch_labels.py
[2025-10-10T09:48:17.296+0000] {logging_mixin.py:190} INFO - [2025-10-10T09:48:17.296+0000] {dag.py:3239} INFO - Sync 1 DAGs
[2025-10-10T09:48:17.303+0000] {logging_mixin.py:190} INFO - [2025-10-10T09:48:17.303+0000] {dag.py:4180} INFO - Setting next_dagrun for example_branch_labels to 2025-10-09 00:00:00+00:00, run_after=2025-10-10 00:00:00+00:00
[2025-10-10T09:48:17.309+0000] {processor.py:208} INFO - Processing /home/airflow/.local/lib/python3.12/site-packages/airflow/example_dags/example_branch_labels.py took 0.029 seconds
[2025-10-10T09:48:47.540+0000] {processor.py:186} INFO - Started process (PID=659) to work on /home/airflow/.local/lib/python3.12/site-packages/airflow/example_dags/example_branch_labels.py
[2025-10-10T09:48:47.541+0000] {processor.py:914} INFO - Processing file /home/airflow/.local/lib/python3.12/site-packages/airflow/example_dags/example_branch_labels.py for tasks to queue
[2025-10-10T09:48:47.543+0000] {logging_mixin.py:190} INFO - [2025-10-10T09:48:47.543+0000] {dagbag.py:588} INFO - Filling up the DagBag from /home/airflow/.local/lib/python3.12/site-packages/airflow/example_dags/example_branch_labels.py
[2025-10-10T09:48:47.547+0000] {processor.py:925} INFO - DAG(s) 'example_branch_labels' retrieved from /home/airflow/.local/lib/python3.12/site-packages/airflow/example_dags/example_branch_labels.py
[2025-10-10T09:48:47.555+0000] {logging_mixin.py:190} INFO - [2025-10-10T09:48:47.554+0000] {dag.py:3239} INFO - Sync 1 DAGs
[2025-10-10T09:48:47.564+0000] {logging_mixin.py:190} INFO - [2025-10-10T09:48:47.564+0000] {dag.py:4180} INFO - Setting next_dagrun for example_branch_labels to 2025-10-09 00:00:00+00:00, run_after=2025-10-10 00:00:00+00:00
[2025-10-10T09:48:47.572+0000] {processor.py:208} INFO - Processing /home/airflow/.local/lib/python3.12/site-packages/airflow/example_dags/example_branch_labels.py took 0.035 seconds
