[2025-10-10T09:36:21.986+0000] {processor.py:186} INFO - Started process (PID=82) to work on /home/airflow/.local/lib/python3.12/site-packages/airflow/example_dags/example_task_group_decorator.py
[2025-10-10T09:36:21.986+0000] {processor.py:914} INFO - Processing file /home/airflow/.local/lib/python3.12/site-packages/airflow/example_dags/example_task_group_decorator.py for tasks to queue
[2025-10-10T09:36:21.987+0000] {logging_mixin.py:190} INFO - [2025-10-10T09:36:21.987+0000] {dagbag.py:588} INFO - Filling up the DagBag from /home/airflow/.local/lib/python3.12/site-packages/airflow/example_dags/example_task_group_decorator.py
[2025-10-10T09:36:21.993+0000] {processor.py:925} INFO - DAG(s) 'example_task_group_decorator' retrieved from /home/airflow/.local/lib/python3.12/site-packages/airflow/example_dags/example_task_group_decorator.py
[2025-10-10T09:36:22.032+0000] {logging_mixin.py:190} INFO - [2025-10-10T09:36:22.031+0000] {override.py:1911} INFO - Created Permission View: can edit on DAG:example_task_group_decorator
[2025-10-10T09:36:22.035+0000] {logging_mixin.py:190} INFO - [2025-10-10T09:36:22.035+0000] {override.py:1911} INFO - Created Permission View: can read on DAG:example_task_group_decorator
[2025-10-10T09:36:22.038+0000] {logging_mixin.py:190} INFO - [2025-10-10T09:36:22.038+0000] {override.py:1911} INFO - Created Permission View: can delete on DAG:example_task_group_decorator
[2025-10-10T09:36:22.040+0000] {logging_mixin.py:190} INFO - [2025-10-10T09:36:22.040+0000] {override.py:1911} INFO - Created Permission View: can read on DAG Run:example_task_group_decorator
[2025-10-10T09:36:22.041+0000] {logging_mixin.py:190} INFO - [2025-10-10T09:36:22.041+0000] {override.py:1911} INFO - Created Permission View: menu access on DAG Run:example_task_group_decorator
[2025-10-10T09:36:22.043+0000] {logging_mixin.py:190} INFO - [2025-10-10T09:36:22.042+0000] {override.py:1911} INFO - Created Permission View: can delete on DAG Run:example_task_group_decorator
[2025-10-10T09:36:22.044+0000] {logging_mixin.py:190} INFO - [2025-10-10T09:36:22.044+0000] {override.py:1911} INFO - Created Permission View: can create on DAG Run:example_task_group_decorator
[2025-10-10T09:36:22.044+0000] {logging_mixin.py:190} INFO - [2025-10-10T09:36:22.044+0000] {dag.py:3239} INFO - Sync 1 DAGs
[2025-10-10T09:36:22.048+0000] {logging_mixin.py:190} INFO - [2025-10-10T09:36:22.048+0000] {dag.py:3262} INFO - Creating ORM DAG for example_task_group_decorator
[2025-10-10T09:36:22.048+0000] {logging_mixin.py:190} INFO - [2025-10-10T09:36:22.048+0000] {dag.py:4180} INFO - Setting next_dagrun for example_task_group_decorator to None, run_after=None
[2025-10-10T09:36:22.054+0000] {processor.py:208} INFO - Processing /home/airflow/.local/lib/python3.12/site-packages/airflow/example_dags/example_task_group_decorator.py took 0.071 seconds
[2025-10-10T09:36:52.748+0000] {processor.py:186} INFO - Started process (PID=145) to work on /home/airflow/.local/lib/python3.12/site-packages/airflow/example_dags/example_task_group_decorator.py
[2025-10-10T09:36:52.749+0000] {processor.py:914} INFO - Processing file /home/airflow/.local/lib/python3.12/site-packages/airflow/example_dags/example_task_group_decorator.py for tasks to queue
[2025-10-10T09:36:52.749+0000] {logging_mixin.py:190} INFO - [2025-10-10T09:36:52.749+0000] {dagbag.py:588} INFO - Filling up the DagBag from /home/airflow/.local/lib/python3.12/site-packages/airflow/example_dags/example_task_group_decorator.py
[2025-10-10T09:36:52.755+0000] {processor.py:925} INFO - DAG(s) 'example_task_group_decorator' retrieved from /home/airflow/.local/lib/python3.12/site-packages/airflow/example_dags/example_task_group_decorator.py
[2025-10-10T09:36:52.763+0000] {logging_mixin.py:190} INFO - [2025-10-10T09:36:52.763+0000] {dag.py:3239} INFO - Sync 1 DAGs
[2025-10-10T09:36:52.768+0000] {logging_mixin.py:190} INFO - [2025-10-10T09:36:52.768+0000] {dag.py:4180} INFO - Setting next_dagrun for example_task_group_decorator to None, run_after=None
[2025-10-10T09:36:52.774+0000] {processor.py:208} INFO - Processing /home/airflow/.local/lib/python3.12/site-packages/airflow/example_dags/example_task_group_decorator.py took 0.029 seconds
[2025-10-10T09:37:23.003+0000] {processor.py:186} INFO - Started process (PID=208) to work on /home/airflow/.local/lib/python3.12/site-packages/airflow/example_dags/example_task_group_decorator.py
[2025-10-10T09:37:23.003+0000] {processor.py:914} INFO - Processing file /home/airflow/.local/lib/python3.12/site-packages/airflow/example_dags/example_task_group_decorator.py for tasks to queue
[2025-10-10T09:37:23.005+0000] {logging_mixin.py:190} INFO - [2025-10-10T09:37:23.004+0000] {dagbag.py:588} INFO - Filling up the DagBag from /home/airflow/.local/lib/python3.12/site-packages/airflow/example_dags/example_task_group_decorator.py
[2025-10-10T09:37:23.011+0000] {processor.py:925} INFO - DAG(s) 'example_task_group_decorator' retrieved from /home/airflow/.local/lib/python3.12/site-packages/airflow/example_dags/example_task_group_decorator.py
[2025-10-10T09:37:23.020+0000] {logging_mixin.py:190} INFO - [2025-10-10T09:37:23.020+0000] {dag.py:3239} INFO - Sync 1 DAGs
[2025-10-10T09:37:23.025+0000] {logging_mixin.py:190} INFO - [2025-10-10T09:37:23.025+0000] {dag.py:4180} INFO - Setting next_dagrun for example_task_group_decorator to None, run_after=None
[2025-10-10T09:37:23.031+0000] {processor.py:208} INFO - Processing /home/airflow/.local/lib/python3.12/site-packages/airflow/example_dags/example_task_group_decorator.py took 0.031 seconds
[2025-10-10T09:37:53.084+0000] {processor.py:186} INFO - Started process (PID=271) to work on /home/airflow/.local/lib/python3.12/site-packages/airflow/example_dags/example_task_group_decorator.py
[2025-10-10T09:37:53.085+0000] {processor.py:914} INFO - Processing file /home/airflow/.local/lib/python3.12/site-packages/airflow/example_dags/example_task_group_decorator.py for tasks to queue
[2025-10-10T09:37:53.087+0000] {logging_mixin.py:190} INFO - [2025-10-10T09:37:53.087+0000] {dagbag.py:588} INFO - Filling up the DagBag from /home/airflow/.local/lib/python3.12/site-packages/airflow/example_dags/example_task_group_decorator.py
[2025-10-10T09:37:53.093+0000] {processor.py:925} INFO - DAG(s) 'example_task_group_decorator' retrieved from /home/airflow/.local/lib/python3.12/site-packages/airflow/example_dags/example_task_group_decorator.py
[2025-10-10T09:37:53.102+0000] {logging_mixin.py:190} INFO - [2025-10-10T09:37:53.102+0000] {dag.py:3239} INFO - Sync 1 DAGs
[2025-10-10T09:37:53.107+0000] {logging_mixin.py:190} INFO - [2025-10-10T09:37:53.107+0000] {dag.py:4180} INFO - Setting next_dagrun for example_task_group_decorator to None, run_after=None
[2025-10-10T09:37:53.114+0000] {processor.py:208} INFO - Processing /home/airflow/.local/lib/python3.12/site-packages/airflow/example_dags/example_task_group_decorator.py took 0.032 seconds
[2025-10-10T09:38:17.660+0000] {processor.py:186} INFO - Started process (PID=78) to work on /home/airflow/.local/lib/python3.12/site-packages/airflow/example_dags/example_task_group_decorator.py
[2025-10-10T09:38:17.660+0000] {processor.py:914} INFO - Processing file /home/airflow/.local/lib/python3.12/site-packages/airflow/example_dags/example_task_group_decorator.py for tasks to queue
[2025-10-10T09:38:17.661+0000] {logging_mixin.py:190} INFO - [2025-10-10T09:38:17.661+0000] {dagbag.py:588} INFO - Filling up the DagBag from /home/airflow/.local/lib/python3.12/site-packages/airflow/example_dags/example_task_group_decorator.py
[2025-10-10T09:38:17.666+0000] {processor.py:925} INFO - DAG(s) 'example_task_group_decorator' retrieved from /home/airflow/.local/lib/python3.12/site-packages/airflow/example_dags/example_task_group_decorator.py
[2025-10-10T09:38:17.676+0000] {logging_mixin.py:190} INFO - [2025-10-10T09:38:17.676+0000] {dag.py:3239} INFO - Sync 1 DAGs
[2025-10-10T09:38:17.684+0000] {logging_mixin.py:190} INFO - [2025-10-10T09:38:17.684+0000] {dag.py:4180} INFO - Setting next_dagrun for example_task_group_decorator to None, run_after=None
[2025-10-10T09:38:17.692+0000] {processor.py:208} INFO - Processing /home/airflow/.local/lib/python3.12/site-packages/airflow/example_dags/example_task_group_decorator.py took 0.035 seconds
[2025-10-10T09:38:48.771+0000] {processor.py:186} INFO - Started process (PID=142) to work on /home/airflow/.local/lib/python3.12/site-packages/airflow/example_dags/example_task_group_decorator.py
[2025-10-10T09:38:48.771+0000] {processor.py:914} INFO - Processing file /home/airflow/.local/lib/python3.12/site-packages/airflow/example_dags/example_task_group_decorator.py for tasks to queue
[2025-10-10T09:38:48.772+0000] {logging_mixin.py:190} INFO - [2025-10-10T09:38:48.772+0000] {dagbag.py:588} INFO - Filling up the DagBag from /home/airflow/.local/lib/python3.12/site-packages/airflow/example_dags/example_task_group_decorator.py
[2025-10-10T09:38:48.777+0000] {processor.py:925} INFO - DAG(s) 'example_task_group_decorator' retrieved from /home/airflow/.local/lib/python3.12/site-packages/airflow/example_dags/example_task_group_decorator.py
[2025-10-10T09:38:48.786+0000] {logging_mixin.py:190} INFO - [2025-10-10T09:38:48.786+0000] {dag.py:3239} INFO - Sync 1 DAGs
[2025-10-10T09:38:48.791+0000] {logging_mixin.py:190} INFO - [2025-10-10T09:38:48.791+0000] {dag.py:4180} INFO - Setting next_dagrun for example_task_group_decorator to None, run_after=None
[2025-10-10T09:38:48.799+0000] {processor.py:208} INFO - Processing /home/airflow/.local/lib/python3.12/site-packages/airflow/example_dags/example_task_group_decorator.py took 0.030 seconds
[2025-10-10T09:39:19.951+0000] {processor.py:186} INFO - Started process (PID=206) to work on /home/airflow/.local/lib/python3.12/site-packages/airflow/example_dags/example_task_group_decorator.py
[2025-10-10T09:39:19.951+0000] {processor.py:914} INFO - Processing file /home/airflow/.local/lib/python3.12/site-packages/airflow/example_dags/example_task_group_decorator.py for tasks to queue
[2025-10-10T09:39:19.952+0000] {logging_mixin.py:190} INFO - [2025-10-10T09:39:19.952+0000] {dagbag.py:588} INFO - Filling up the DagBag from /home/airflow/.local/lib/python3.12/site-packages/airflow/example_dags/example_task_group_decorator.py
[2025-10-10T09:39:19.959+0000] {processor.py:925} INFO - DAG(s) 'example_task_group_decorator' retrieved from /home/airflow/.local/lib/python3.12/site-packages/airflow/example_dags/example_task_group_decorator.py
[2025-10-10T09:39:19.970+0000] {logging_mixin.py:190} INFO - [2025-10-10T09:39:19.969+0000] {dag.py:3239} INFO - Sync 1 DAGs
[2025-10-10T09:39:19.974+0000] {logging_mixin.py:190} INFO - [2025-10-10T09:39:19.974+0000] {dag.py:4180} INFO - Setting next_dagrun for example_task_group_decorator to None, run_after=None
[2025-10-10T09:39:19.984+0000] {processor.py:208} INFO - Processing /home/airflow/.local/lib/python3.12/site-packages/airflow/example_dags/example_task_group_decorator.py took 0.035 seconds
[2025-10-10T09:39:51.031+0000] {processor.py:186} INFO - Started process (PID=270) to work on /home/airflow/.local/lib/python3.12/site-packages/airflow/example_dags/example_task_group_decorator.py
[2025-10-10T09:39:51.032+0000] {processor.py:914} INFO - Processing file /home/airflow/.local/lib/python3.12/site-packages/airflow/example_dags/example_task_group_decorator.py for tasks to queue
[2025-10-10T09:39:51.032+0000] {logging_mixin.py:190} INFO - [2025-10-10T09:39:51.032+0000] {dagbag.py:588} INFO - Filling up the DagBag from /home/airflow/.local/lib/python3.12/site-packages/airflow/example_dags/example_task_group_decorator.py
[2025-10-10T09:39:51.038+0000] {processor.py:925} INFO - DAG(s) 'example_task_group_decorator' retrieved from /home/airflow/.local/lib/python3.12/site-packages/airflow/example_dags/example_task_group_decorator.py
[2025-10-10T09:39:51.049+0000] {logging_mixin.py:190} INFO - [2025-10-10T09:39:51.049+0000] {dag.py:3239} INFO - Sync 1 DAGs
[2025-10-10T09:39:51.054+0000] {logging_mixin.py:190} INFO - [2025-10-10T09:39:51.054+0000] {dag.py:4180} INFO - Setting next_dagrun for example_task_group_decorator to None, run_after=None
[2025-10-10T09:39:51.062+0000] {processor.py:208} INFO - Processing /home/airflow/.local/lib/python3.12/site-packages/airflow/example_dags/example_task_group_decorator.py took 0.033 seconds
[2025-10-10T09:40:22.262+0000] {processor.py:186} INFO - Started process (PID=334) to work on /home/airflow/.local/lib/python3.12/site-packages/airflow/example_dags/example_task_group_decorator.py
[2025-10-10T09:40:22.262+0000] {processor.py:914} INFO - Processing file /home/airflow/.local/lib/python3.12/site-packages/airflow/example_dags/example_task_group_decorator.py for tasks to queue
[2025-10-10T09:40:22.263+0000] {logging_mixin.py:190} INFO - [2025-10-10T09:40:22.263+0000] {dagbag.py:588} INFO - Filling up the DagBag from /home/airflow/.local/lib/python3.12/site-packages/airflow/example_dags/example_task_group_decorator.py
[2025-10-10T09:40:22.271+0000] {processor.py:925} INFO - DAG(s) 'example_task_group_decorator' retrieved from /home/airflow/.local/lib/python3.12/site-packages/airflow/example_dags/example_task_group_decorator.py
[2025-10-10T09:40:22.279+0000] {logging_mixin.py:190} INFO - [2025-10-10T09:40:22.278+0000] {dag.py:3239} INFO - Sync 1 DAGs
[2025-10-10T09:40:22.284+0000] {logging_mixin.py:190} INFO - [2025-10-10T09:40:22.284+0000] {dag.py:4180} INFO - Setting next_dagrun for example_task_group_decorator to None, run_after=None
[2025-10-10T09:40:22.297+0000] {processor.py:208} INFO - Processing /home/airflow/.local/lib/python3.12/site-packages/airflow/example_dags/example_task_group_decorator.py took 0.038 seconds
[2025-10-10T09:40:53.507+0000] {processor.py:186} INFO - Started process (PID=398) to work on /home/airflow/.local/lib/python3.12/site-packages/airflow/example_dags/example_task_group_decorator.py
[2025-10-10T09:40:53.507+0000] {processor.py:914} INFO - Processing file /home/airflow/.local/lib/python3.12/site-packages/airflow/example_dags/example_task_group_decorator.py for tasks to queue
[2025-10-10T09:40:53.508+0000] {logging_mixin.py:190} INFO - [2025-10-10T09:40:53.507+0000] {dagbag.py:588} INFO - Filling up the DagBag from /home/airflow/.local/lib/python3.12/site-packages/airflow/example_dags/example_task_group_decorator.py
[2025-10-10T09:40:53.512+0000] {processor.py:925} INFO - DAG(s) 'example_task_group_decorator' retrieved from /home/airflow/.local/lib/python3.12/site-packages/airflow/example_dags/example_task_group_decorator.py
[2025-10-10T09:40:53.520+0000] {logging_mixin.py:190} INFO - [2025-10-10T09:40:53.520+0000] {dag.py:3239} INFO - Sync 1 DAGs
[2025-10-10T09:40:53.524+0000] {logging_mixin.py:190} INFO - [2025-10-10T09:40:53.524+0000] {dag.py:4180} INFO - Setting next_dagrun for example_task_group_decorator to None, run_after=None
[2025-10-10T09:40:53.529+0000] {processor.py:208} INFO - Processing /home/airflow/.local/lib/python3.12/site-packages/airflow/example_dags/example_task_group_decorator.py took 0.024 seconds
[2025-10-10T09:41:24.652+0000] {processor.py:186} INFO - Started process (PID=462) to work on /home/airflow/.local/lib/python3.12/site-packages/airflow/example_dags/example_task_group_decorator.py
[2025-10-10T09:41:24.653+0000] {processor.py:914} INFO - Processing file /home/airflow/.local/lib/python3.12/site-packages/airflow/example_dags/example_task_group_decorator.py for tasks to queue
[2025-10-10T09:41:24.654+0000] {logging_mixin.py:190} INFO - [2025-10-10T09:41:24.654+0000] {dagbag.py:588} INFO - Filling up the DagBag from /home/airflow/.local/lib/python3.12/site-packages/airflow/example_dags/example_task_group_decorator.py
[2025-10-10T09:41:24.659+0000] {processor.py:925} INFO - DAG(s) 'example_task_group_decorator' retrieved from /home/airflow/.local/lib/python3.12/site-packages/airflow/example_dags/example_task_group_decorator.py
[2025-10-10T09:41:24.670+0000] {logging_mixin.py:190} INFO - [2025-10-10T09:41:24.670+0000] {dag.py:3239} INFO - Sync 1 DAGs
[2025-10-10T09:41:24.675+0000] {logging_mixin.py:190} INFO - [2025-10-10T09:41:24.675+0000] {dag.py:4180} INFO - Setting next_dagrun for example_task_group_decorator to None, run_after=None
[2025-10-10T09:41:24.685+0000] {processor.py:208} INFO - Processing /home/airflow/.local/lib/python3.12/site-packages/airflow/example_dags/example_task_group_decorator.py took 0.036 seconds
[2025-10-10T09:41:55.875+0000] {processor.py:186} INFO - Started process (PID=526) to work on /home/airflow/.local/lib/python3.12/site-packages/airflow/example_dags/example_task_group_decorator.py
[2025-10-10T09:41:55.875+0000] {processor.py:914} INFO - Processing file /home/airflow/.local/lib/python3.12/site-packages/airflow/example_dags/example_task_group_decorator.py for tasks to queue
[2025-10-10T09:41:55.876+0000] {logging_mixin.py:190} INFO - [2025-10-10T09:41:55.876+0000] {dagbag.py:588} INFO - Filling up the DagBag from /home/airflow/.local/lib/python3.12/site-packages/airflow/example_dags/example_task_group_decorator.py
[2025-10-10T09:41:55.883+0000] {processor.py:925} INFO - DAG(s) 'example_task_group_decorator' retrieved from /home/airflow/.local/lib/python3.12/site-packages/airflow/example_dags/example_task_group_decorator.py
[2025-10-10T09:41:55.891+0000] {logging_mixin.py:190} INFO - [2025-10-10T09:41:55.891+0000] {dag.py:3239} INFO - Sync 1 DAGs
[2025-10-10T09:41:55.896+0000] {logging_mixin.py:190} INFO - [2025-10-10T09:41:55.896+0000] {dag.py:4180} INFO - Setting next_dagrun for example_task_group_decorator to None, run_after=None
[2025-10-10T09:41:55.902+0000] {processor.py:208} INFO - Processing /home/airflow/.local/lib/python3.12/site-packages/airflow/example_dags/example_task_group_decorator.py took 0.030 seconds
[2025-10-10T09:42:26.936+0000] {processor.py:186} INFO - Started process (PID=590) to work on /home/airflow/.local/lib/python3.12/site-packages/airflow/example_dags/example_task_group_decorator.py
[2025-10-10T09:42:26.936+0000] {processor.py:914} INFO - Processing file /home/airflow/.local/lib/python3.12/site-packages/airflow/example_dags/example_task_group_decorator.py for tasks to queue
[2025-10-10T09:42:26.937+0000] {logging_mixin.py:190} INFO - [2025-10-10T09:42:26.937+0000] {dagbag.py:588} INFO - Filling up the DagBag from /home/airflow/.local/lib/python3.12/site-packages/airflow/example_dags/example_task_group_decorator.py
[2025-10-10T09:42:26.944+0000] {processor.py:925} INFO - DAG(s) 'example_task_group_decorator' retrieved from /home/airflow/.local/lib/python3.12/site-packages/airflow/example_dags/example_task_group_decorator.py
[2025-10-10T09:42:26.954+0000] {logging_mixin.py:190} INFO - [2025-10-10T09:42:26.954+0000] {dag.py:3239} INFO - Sync 1 DAGs
[2025-10-10T09:42:26.960+0000] {logging_mixin.py:190} INFO - [2025-10-10T09:42:26.960+0000] {dag.py:4180} INFO - Setting next_dagrun for example_task_group_decorator to None, run_after=None
[2025-10-10T09:42:26.968+0000] {processor.py:208} INFO - Processing /home/airflow/.local/lib/python3.12/site-packages/airflow/example_dags/example_task_group_decorator.py took 0.034 seconds
[2025-10-10T09:42:58.211+0000] {processor.py:186} INFO - Started process (PID=654) to work on /home/airflow/.local/lib/python3.12/site-packages/airflow/example_dags/example_task_group_decorator.py
[2025-10-10T09:42:58.212+0000] {processor.py:914} INFO - Processing file /home/airflow/.local/lib/python3.12/site-packages/airflow/example_dags/example_task_group_decorator.py for tasks to queue
[2025-10-10T09:42:58.212+0000] {logging_mixin.py:190} INFO - [2025-10-10T09:42:58.212+0000] {dagbag.py:588} INFO - Filling up the DagBag from /home/airflow/.local/lib/python3.12/site-packages/airflow/example_dags/example_task_group_decorator.py
[2025-10-10T09:42:58.218+0000] {processor.py:925} INFO - DAG(s) 'example_task_group_decorator' retrieved from /home/airflow/.local/lib/python3.12/site-packages/airflow/example_dags/example_task_group_decorator.py
[2025-10-10T09:42:58.226+0000] {logging_mixin.py:190} INFO - [2025-10-10T09:42:58.226+0000] {dag.py:3239} INFO - Sync 1 DAGs
[2025-10-10T09:42:58.231+0000] {logging_mixin.py:190} INFO - [2025-10-10T09:42:58.231+0000] {dag.py:4180} INFO - Setting next_dagrun for example_task_group_decorator to None, run_after=None
[2025-10-10T09:42:58.242+0000] {processor.py:208} INFO - Processing /home/airflow/.local/lib/python3.12/site-packages/airflow/example_dags/example_task_group_decorator.py took 0.033 seconds
[2025-10-10T09:43:29.293+0000] {processor.py:186} INFO - Started process (PID=718) to work on /home/airflow/.local/lib/python3.12/site-packages/airflow/example_dags/example_task_group_decorator.py
[2025-10-10T09:43:29.294+0000] {processor.py:914} INFO - Processing file /home/airflow/.local/lib/python3.12/site-packages/airflow/example_dags/example_task_group_decorator.py for tasks to queue
[2025-10-10T09:43:29.294+0000] {logging_mixin.py:190} INFO - [2025-10-10T09:43:29.294+0000] {dagbag.py:588} INFO - Filling up the DagBag from /home/airflow/.local/lib/python3.12/site-packages/airflow/example_dags/example_task_group_decorator.py
[2025-10-10T09:43:29.300+0000] {processor.py:925} INFO - DAG(s) 'example_task_group_decorator' retrieved from /home/airflow/.local/lib/python3.12/site-packages/airflow/example_dags/example_task_group_decorator.py
[2025-10-10T09:43:29.308+0000] {logging_mixin.py:190} INFO - [2025-10-10T09:43:29.308+0000] {dag.py:3239} INFO - Sync 1 DAGs
[2025-10-10T09:43:29.312+0000] {logging_mixin.py:190} INFO - [2025-10-10T09:43:29.312+0000] {dag.py:4180} INFO - Setting next_dagrun for example_task_group_decorator to None, run_after=None
[2025-10-10T09:43:29.323+0000] {processor.py:208} INFO - Processing /home/airflow/.local/lib/python3.12/site-packages/airflow/example_dags/example_task_group_decorator.py took 0.031 seconds
[2025-10-10T09:44:09.935+0000] {processor.py:186} INFO - Started process (PID=85) to work on /home/airflow/.local/lib/python3.12/site-packages/airflow/example_dags/example_task_group_decorator.py
[2025-10-10T09:44:09.936+0000] {processor.py:914} INFO - Processing file /home/airflow/.local/lib/python3.12/site-packages/airflow/example_dags/example_task_group_decorator.py for tasks to queue
[2025-10-10T09:44:09.937+0000] {logging_mixin.py:190} INFO - [2025-10-10T09:44:09.936+0000] {dagbag.py:588} INFO - Filling up the DagBag from /home/airflow/.local/lib/python3.12/site-packages/airflow/example_dags/example_task_group_decorator.py
[2025-10-10T09:44:09.944+0000] {processor.py:925} INFO - DAG(s) 'example_task_group_decorator' retrieved from /home/airflow/.local/lib/python3.12/site-packages/airflow/example_dags/example_task_group_decorator.py
[2025-10-10T09:44:09.954+0000] {logging_mixin.py:190} INFO - [2025-10-10T09:44:09.954+0000] {dag.py:3239} INFO - Sync 1 DAGs
[2025-10-10T09:44:09.959+0000] {logging_mixin.py:190} INFO - [2025-10-10T09:44:09.959+0000] {dag.py:4180} INFO - Setting next_dagrun for example_task_group_decorator to None, run_after=None
[2025-10-10T09:44:09.967+0000] {processor.py:208} INFO - Processing /home/airflow/.local/lib/python3.12/site-packages/airflow/example_dags/example_task_group_decorator.py took 0.034 seconds
[2025-10-10T09:44:40.115+0000] {processor.py:186} INFO - Started process (PID=149) to work on /home/airflow/.local/lib/python3.12/site-packages/airflow/example_dags/example_task_group_decorator.py
[2025-10-10T09:44:40.115+0000] {processor.py:914} INFO - Processing file /home/airflow/.local/lib/python3.12/site-packages/airflow/example_dags/example_task_group_decorator.py for tasks to queue
[2025-10-10T09:44:40.116+0000] {logging_mixin.py:190} INFO - [2025-10-10T09:44:40.116+0000] {dagbag.py:588} INFO - Filling up the DagBag from /home/airflow/.local/lib/python3.12/site-packages/airflow/example_dags/example_task_group_decorator.py
[2025-10-10T09:44:40.121+0000] {processor.py:925} INFO - DAG(s) 'example_task_group_decorator' retrieved from /home/airflow/.local/lib/python3.12/site-packages/airflow/example_dags/example_task_group_decorator.py
[2025-10-10T09:44:40.130+0000] {logging_mixin.py:190} INFO - [2025-10-10T09:44:40.130+0000] {dag.py:3239} INFO - Sync 1 DAGs
[2025-10-10T09:44:40.135+0000] {logging_mixin.py:190} INFO - [2025-10-10T09:44:40.135+0000] {dag.py:4180} INFO - Setting next_dagrun for example_task_group_decorator to None, run_after=None
[2025-10-10T09:44:40.142+0000] {processor.py:208} INFO - Processing /home/airflow/.local/lib/python3.12/site-packages/airflow/example_dags/example_task_group_decorator.py took 0.029 seconds
[2025-10-10T09:45:11.135+0000] {processor.py:186} INFO - Started process (PID=213) to work on /home/airflow/.local/lib/python3.12/site-packages/airflow/example_dags/example_task_group_decorator.py
[2025-10-10T09:45:11.136+0000] {processor.py:914} INFO - Processing file /home/airflow/.local/lib/python3.12/site-packages/airflow/example_dags/example_task_group_decorator.py for tasks to queue
[2025-10-10T09:45:11.137+0000] {logging_mixin.py:190} INFO - [2025-10-10T09:45:11.137+0000] {dagbag.py:588} INFO - Filling up the DagBag from /home/airflow/.local/lib/python3.12/site-packages/airflow/example_dags/example_task_group_decorator.py
[2025-10-10T09:45:11.145+0000] {processor.py:925} INFO - DAG(s) 'example_task_group_decorator' retrieved from /home/airflow/.local/lib/python3.12/site-packages/airflow/example_dags/example_task_group_decorator.py
[2025-10-10T09:45:11.156+0000] {logging_mixin.py:190} INFO - [2025-10-10T09:45:11.156+0000] {dag.py:3239} INFO - Sync 1 DAGs
[2025-10-10T09:45:11.161+0000] {logging_mixin.py:190} INFO - [2025-10-10T09:45:11.161+0000] {dag.py:4180} INFO - Setting next_dagrun for example_task_group_decorator to None, run_after=None
[2025-10-10T09:45:11.167+0000] {processor.py:208} INFO - Processing /home/airflow/.local/lib/python3.12/site-packages/airflow/example_dags/example_task_group_decorator.py took 0.034 seconds
[2025-10-10T09:45:42.078+0000] {processor.py:186} INFO - Started process (PID=285) to work on /home/airflow/.local/lib/python3.12/site-packages/airflow/example_dags/example_task_group_decorator.py
[2025-10-10T09:45:42.081+0000] {processor.py:914} INFO - Processing file /home/airflow/.local/lib/python3.12/site-packages/airflow/example_dags/example_task_group_decorator.py for tasks to queue
[2025-10-10T09:45:42.083+0000] {logging_mixin.py:190} INFO - [2025-10-10T09:45:42.083+0000] {dagbag.py:588} INFO - Filling up the DagBag from /home/airflow/.local/lib/python3.12/site-packages/airflow/example_dags/example_task_group_decorator.py
[2025-10-10T09:45:42.088+0000] {processor.py:925} INFO - DAG(s) 'example_task_group_decorator' retrieved from /home/airflow/.local/lib/python3.12/site-packages/airflow/example_dags/example_task_group_decorator.py
[2025-10-10T09:45:42.097+0000] {logging_mixin.py:190} INFO - [2025-10-10T09:45:42.097+0000] {dag.py:3239} INFO - Sync 1 DAGs
[2025-10-10T09:45:42.101+0000] {logging_mixin.py:190} INFO - [2025-10-10T09:45:42.101+0000] {dag.py:4180} INFO - Setting next_dagrun for example_task_group_decorator to None, run_after=None
[2025-10-10T09:45:42.107+0000] {processor.py:208} INFO - Processing /home/airflow/.local/lib/python3.12/site-packages/airflow/example_dags/example_task_group_decorator.py took 0.030 seconds
[2025-10-10T09:46:13.150+0000] {processor.py:186} INFO - Started process (PID=349) to work on /home/airflow/.local/lib/python3.12/site-packages/airflow/example_dags/example_task_group_decorator.py
[2025-10-10T09:46:13.150+0000] {processor.py:914} INFO - Processing file /home/airflow/.local/lib/python3.12/site-packages/airflow/example_dags/example_task_group_decorator.py for tasks to queue
[2025-10-10T09:46:13.151+0000] {logging_mixin.py:190} INFO - [2025-10-10T09:46:13.151+0000] {dagbag.py:588} INFO - Filling up the DagBag from /home/airflow/.local/lib/python3.12/site-packages/airflow/example_dags/example_task_group_decorator.py
[2025-10-10T09:46:13.157+0000] {processor.py:925} INFO - DAG(s) 'example_task_group_decorator' retrieved from /home/airflow/.local/lib/python3.12/site-packages/airflow/example_dags/example_task_group_decorator.py
[2025-10-10T09:46:13.166+0000] {logging_mixin.py:190} INFO - [2025-10-10T09:46:13.166+0000] {dag.py:3239} INFO - Sync 1 DAGs
[2025-10-10T09:46:13.170+0000] {logging_mixin.py:190} INFO - [2025-10-10T09:46:13.170+0000] {dag.py:4180} INFO - Setting next_dagrun for example_task_group_decorator to None, run_after=None
[2025-10-10T09:46:13.176+0000] {processor.py:208} INFO - Processing /home/airflow/.local/lib/python3.12/site-packages/airflow/example_dags/example_task_group_decorator.py took 0.028 seconds
[2025-10-10T09:46:44.156+0000] {processor.py:186} INFO - Started process (PID=412) to work on /home/airflow/.local/lib/python3.12/site-packages/airflow/example_dags/example_task_group_decorator.py
[2025-10-10T09:46:44.158+0000] {processor.py:914} INFO - Processing file /home/airflow/.local/lib/python3.12/site-packages/airflow/example_dags/example_task_group_decorator.py for tasks to queue
[2025-10-10T09:46:44.159+0000] {logging_mixin.py:190} INFO - [2025-10-10T09:46:44.159+0000] {dagbag.py:588} INFO - Filling up the DagBag from /home/airflow/.local/lib/python3.12/site-packages/airflow/example_dags/example_task_group_decorator.py
[2025-10-10T09:46:44.165+0000] {processor.py:925} INFO - DAG(s) 'example_task_group_decorator' retrieved from /home/airflow/.local/lib/python3.12/site-packages/airflow/example_dags/example_task_group_decorator.py
[2025-10-10T09:46:44.175+0000] {logging_mixin.py:190} INFO - [2025-10-10T09:46:44.175+0000] {dag.py:3239} INFO - Sync 1 DAGs
[2025-10-10T09:46:44.180+0000] {logging_mixin.py:190} INFO - [2025-10-10T09:46:44.179+0000] {dag.py:4180} INFO - Setting next_dagrun for example_task_group_decorator to None, run_after=None
[2025-10-10T09:46:44.186+0000] {processor.py:208} INFO - Processing /home/airflow/.local/lib/python3.12/site-packages/airflow/example_dags/example_task_group_decorator.py took 0.032 seconds
[2025-10-10T09:47:15.191+0000] {processor.py:186} INFO - Started process (PID=476) to work on /home/airflow/.local/lib/python3.12/site-packages/airflow/example_dags/example_task_group_decorator.py
[2025-10-10T09:47:15.191+0000] {processor.py:914} INFO - Processing file /home/airflow/.local/lib/python3.12/site-packages/airflow/example_dags/example_task_group_decorator.py for tasks to queue
[2025-10-10T09:47:15.192+0000] {logging_mixin.py:190} INFO - [2025-10-10T09:47:15.192+0000] {dagbag.py:588} INFO - Filling up the DagBag from /home/airflow/.local/lib/python3.12/site-packages/airflow/example_dags/example_task_group_decorator.py
[2025-10-10T09:47:15.199+0000] {processor.py:925} INFO - DAG(s) 'example_task_group_decorator' retrieved from /home/airflow/.local/lib/python3.12/site-packages/airflow/example_dags/example_task_group_decorator.py
[2025-10-10T09:47:15.211+0000] {logging_mixin.py:190} INFO - [2025-10-10T09:47:15.211+0000] {dag.py:3239} INFO - Sync 1 DAGs
[2025-10-10T09:47:15.216+0000] {logging_mixin.py:190} INFO - [2025-10-10T09:47:15.216+0000] {dag.py:4180} INFO - Setting next_dagrun for example_task_group_decorator to None, run_after=None
[2025-10-10T09:47:15.222+0000] {processor.py:208} INFO - Processing /home/airflow/.local/lib/python3.12/site-packages/airflow/example_dags/example_task_group_decorator.py took 0.034 seconds
[2025-10-10T09:47:46.259+0000] {processor.py:186} INFO - Started process (PID=540) to work on /home/airflow/.local/lib/python3.12/site-packages/airflow/example_dags/example_task_group_decorator.py
[2025-10-10T09:47:46.260+0000] {processor.py:914} INFO - Processing file /home/airflow/.local/lib/python3.12/site-packages/airflow/example_dags/example_task_group_decorator.py for tasks to queue
[2025-10-10T09:47:46.261+0000] {logging_mixin.py:190} INFO - [2025-10-10T09:47:46.261+0000] {dagbag.py:588} INFO - Filling up the DagBag from /home/airflow/.local/lib/python3.12/site-packages/airflow/example_dags/example_task_group_decorator.py
[2025-10-10T09:47:46.266+0000] {processor.py:925} INFO - DAG(s) 'example_task_group_decorator' retrieved from /home/airflow/.local/lib/python3.12/site-packages/airflow/example_dags/example_task_group_decorator.py
[2025-10-10T09:47:46.281+0000] {logging_mixin.py:190} INFO - [2025-10-10T09:47:46.281+0000] {dag.py:3239} INFO - Sync 1 DAGs
[2025-10-10T09:47:46.287+0000] {logging_mixin.py:190} INFO - [2025-10-10T09:47:46.287+0000] {dag.py:4180} INFO - Setting next_dagrun for example_task_group_decorator to None, run_after=None
[2025-10-10T09:47:46.294+0000] {processor.py:208} INFO - Processing /home/airflow/.local/lib/python3.12/site-packages/airflow/example_dags/example_task_group_decorator.py took 0.037 seconds
[2025-10-10T09:48:17.516+0000] {processor.py:186} INFO - Started process (PID=604) to work on /home/airflow/.local/lib/python3.12/site-packages/airflow/example_dags/example_task_group_decorator.py
[2025-10-10T09:48:17.518+0000] {processor.py:914} INFO - Processing file /home/airflow/.local/lib/python3.12/site-packages/airflow/example_dags/example_task_group_decorator.py for tasks to queue
[2025-10-10T09:48:17.519+0000] {logging_mixin.py:190} INFO - [2025-10-10T09:48:17.519+0000] {dagbag.py:588} INFO - Filling up the DagBag from /home/airflow/.local/lib/python3.12/site-packages/airflow/example_dags/example_task_group_decorator.py
[2025-10-10T09:48:17.525+0000] {processor.py:925} INFO - DAG(s) 'example_task_group_decorator' retrieved from /home/airflow/.local/lib/python3.12/site-packages/airflow/example_dags/example_task_group_decorator.py
[2025-10-10T09:48:17.536+0000] {logging_mixin.py:190} INFO - [2025-10-10T09:48:17.536+0000] {dag.py:3239} INFO - Sync 1 DAGs
[2025-10-10T09:48:17.541+0000] {logging_mixin.py:190} INFO - [2025-10-10T09:48:17.541+0000] {dag.py:4180} INFO - Setting next_dagrun for example_task_group_decorator to None, run_after=None
[2025-10-10T09:48:17.549+0000] {processor.py:208} INFO - Processing /home/airflow/.local/lib/python3.12/site-packages/airflow/example_dags/example_task_group_decorator.py took 0.035 seconds
[2025-10-10T09:48:47.791+0000] {processor.py:186} INFO - Started process (PID=668) to work on /home/airflow/.local/lib/python3.12/site-packages/airflow/example_dags/example_task_group_decorator.py
[2025-10-10T09:48:47.792+0000] {processor.py:914} INFO - Processing file /home/airflow/.local/lib/python3.12/site-packages/airflow/example_dags/example_task_group_decorator.py for tasks to queue
[2025-10-10T09:48:47.793+0000] {logging_mixin.py:190} INFO - [2025-10-10T09:48:47.793+0000] {dagbag.py:588} INFO - Filling up the DagBag from /home/airflow/.local/lib/python3.12/site-packages/airflow/example_dags/example_task_group_decorator.py
[2025-10-10T09:48:47.799+0000] {processor.py:925} INFO - DAG(s) 'example_task_group_decorator' retrieved from /home/airflow/.local/lib/python3.12/site-packages/airflow/example_dags/example_task_group_decorator.py
[2025-10-10T09:48:47.813+0000] {logging_mixin.py:190} INFO - [2025-10-10T09:48:47.812+0000] {dag.py:3239} INFO - Sync 1 DAGs
[2025-10-10T09:48:47.817+0000] {logging_mixin.py:190} INFO - [2025-10-10T09:48:47.817+0000] {dag.py:4180} INFO - Setting next_dagrun for example_task_group_decorator to None, run_after=None
[2025-10-10T09:48:47.828+0000] {processor.py:208} INFO - Processing /home/airflow/.local/lib/python3.12/site-packages/airflow/example_dags/example_task_group_decorator.py took 0.040 seconds
