[2025-10-10T09:36:22.639+0000] {processor.py:186} INFO - Started process (PID=88) to work on /home/airflow/.local/lib/python3.12/site-packages/airflow/example_dags/example_trigger_target_dag.py
[2025-10-10T09:36:22.640+0000] {processor.py:914} INFO - Processing file /home/airflow/.local/lib/python3.12/site-packages/airflow/example_dags/example_trigger_target_dag.py for tasks to queue
[2025-10-10T09:36:22.641+0000] {logging_mixin.py:190} INFO - [2025-10-10T09:36:22.641+0000] {dagbag.py:588} INFO - Filling up the DagBag from /home/airflow/.local/lib/python3.12/site-packages/airflow/example_dags/example_trigger_target_dag.py
[2025-10-10T09:36:22.647+0000] {processor.py:925} INFO - DAG(s) 'example_trigger_target_dag' retrieved from /home/airflow/.local/lib/python3.12/site-packages/airflow/example_dags/example_trigger_target_dag.py
[2025-10-10T09:36:22.706+0000] {logging_mixin.py:190} INFO - [2025-10-10T09:36:22.706+0000] {override.py:1911} INFO - Created Permission View: can edit on DAG:example_trigger_target_dag
[2025-10-10T09:36:22.712+0000] {logging_mixin.py:190} INFO - [2025-10-10T09:36:22.712+0000] {override.py:1911} INFO - Created Permission View: can read on DAG:example_trigger_target_dag
[2025-10-10T09:36:22.714+0000] {logging_mixin.py:190} INFO - [2025-10-10T09:36:22.714+0000] {override.py:1911} INFO - Created Permission View: can delete on DAG:example_trigger_target_dag
[2025-10-10T09:36:22.718+0000] {logging_mixin.py:190} INFO - [2025-10-10T09:36:22.718+0000] {override.py:1911} INFO - Created Permission View: can read on DAG Run:example_trigger_target_dag
[2025-10-10T09:36:22.721+0000] {logging_mixin.py:190} INFO - [2025-10-10T09:36:22.721+0000] {override.py:1911} INFO - Created Permission View: menu access on DAG Run:example_trigger_target_dag
[2025-10-10T09:36:22.723+0000] {logging_mixin.py:190} INFO - [2025-10-10T09:36:22.723+0000] {override.py:1911} INFO - Created Permission View: can delete on DAG Run:example_trigger_target_dag
[2025-10-10T09:36:22.725+0000] {logging_mixin.py:190} INFO - [2025-10-10T09:36:22.725+0000] {override.py:1911} INFO - Created Permission View: can create on DAG Run:example_trigger_target_dag
[2025-10-10T09:36:22.725+0000] {logging_mixin.py:190} INFO - [2025-10-10T09:36:22.725+0000] {dag.py:3239} INFO - Sync 1 DAGs
[2025-10-10T09:36:22.731+0000] {logging_mixin.py:190} INFO - [2025-10-10T09:36:22.731+0000] {dag.py:3262} INFO - Creating ORM DAG for example_trigger_target_dag
[2025-10-10T09:36:22.732+0000] {logging_mixin.py:190} INFO - [2025-10-10T09:36:22.732+0000] {dag.py:4180} INFO - Setting next_dagrun for example_trigger_target_dag to None, run_after=None
[2025-10-10T09:36:22.741+0000] {processor.py:208} INFO - Processing /home/airflow/.local/lib/python3.12/site-packages/airflow/example_dags/example_trigger_target_dag.py took 0.105 seconds
[2025-10-10T09:36:53.063+0000] {processor.py:186} INFO - Started process (PID=151) to work on /home/airflow/.local/lib/python3.12/site-packages/airflow/example_dags/example_trigger_target_dag.py
[2025-10-10T09:36:53.063+0000] {processor.py:914} INFO - Processing file /home/airflow/.local/lib/python3.12/site-packages/airflow/example_dags/example_trigger_target_dag.py for tasks to queue
[2025-10-10T09:36:53.064+0000] {logging_mixin.py:190} INFO - [2025-10-10T09:36:53.064+0000] {dagbag.py:588} INFO - Filling up the DagBag from /home/airflow/.local/lib/python3.12/site-packages/airflow/example_dags/example_trigger_target_dag.py
[2025-10-10T09:36:53.067+0000] {processor.py:925} INFO - DAG(s) 'example_trigger_target_dag' retrieved from /home/airflow/.local/lib/python3.12/site-packages/airflow/example_dags/example_trigger_target_dag.py
[2025-10-10T09:36:53.074+0000] {logging_mixin.py:190} INFO - [2025-10-10T09:36:53.073+0000] {dag.py:3239} INFO - Sync 1 DAGs
[2025-10-10T09:36:53.078+0000] {logging_mixin.py:190} INFO - [2025-10-10T09:36:53.078+0000] {dag.py:4180} INFO - Setting next_dagrun for example_trigger_target_dag to None, run_after=None
[2025-10-10T09:36:53.086+0000] {processor.py:208} INFO - Processing /home/airflow/.local/lib/python3.12/site-packages/airflow/example_dags/example_trigger_target_dag.py took 0.025 seconds
[2025-10-10T09:37:23.370+0000] {processor.py:186} INFO - Started process (PID=214) to work on /home/airflow/.local/lib/python3.12/site-packages/airflow/example_dags/example_trigger_target_dag.py
[2025-10-10T09:37:23.371+0000] {processor.py:914} INFO - Processing file /home/airflow/.local/lib/python3.12/site-packages/airflow/example_dags/example_trigger_target_dag.py for tasks to queue
[2025-10-10T09:37:23.372+0000] {logging_mixin.py:190} INFO - [2025-10-10T09:37:23.372+0000] {dagbag.py:588} INFO - Filling up the DagBag from /home/airflow/.local/lib/python3.12/site-packages/airflow/example_dags/example_trigger_target_dag.py
[2025-10-10T09:37:23.375+0000] {processor.py:925} INFO - DAG(s) 'example_trigger_target_dag' retrieved from /home/airflow/.local/lib/python3.12/site-packages/airflow/example_dags/example_trigger_target_dag.py
[2025-10-10T09:37:23.382+0000] {logging_mixin.py:190} INFO - [2025-10-10T09:37:23.382+0000] {dag.py:3239} INFO - Sync 1 DAGs
[2025-10-10T09:37:23.388+0000] {logging_mixin.py:190} INFO - [2025-10-10T09:37:23.387+0000] {dag.py:4180} INFO - Setting next_dagrun for example_trigger_target_dag to None, run_after=None
[2025-10-10T09:37:23.394+0000] {processor.py:208} INFO - Processing /home/airflow/.local/lib/python3.12/site-packages/airflow/example_dags/example_trigger_target_dag.py took 0.026 seconds
[2025-10-10T09:37:54.463+0000] {processor.py:186} INFO - Started process (PID=277) to work on /home/airflow/.local/lib/python3.12/site-packages/airflow/example_dags/example_trigger_target_dag.py
[2025-10-10T09:37:54.463+0000] {processor.py:914} INFO - Processing file /home/airflow/.local/lib/python3.12/site-packages/airflow/example_dags/example_trigger_target_dag.py for tasks to queue
[2025-10-10T09:37:54.464+0000] {logging_mixin.py:190} INFO - [2025-10-10T09:37:54.464+0000] {dagbag.py:588} INFO - Filling up the DagBag from /home/airflow/.local/lib/python3.12/site-packages/airflow/example_dags/example_trigger_target_dag.py
[2025-10-10T09:37:54.467+0000] {processor.py:925} INFO - DAG(s) 'example_trigger_target_dag' retrieved from /home/airflow/.local/lib/python3.12/site-packages/airflow/example_dags/example_trigger_target_dag.py
[2025-10-10T09:37:54.474+0000] {logging_mixin.py:190} INFO - [2025-10-10T09:37:54.474+0000] {dag.py:3239} INFO - Sync 1 DAGs
[2025-10-10T09:37:54.478+0000] {logging_mixin.py:190} INFO - [2025-10-10T09:37:54.478+0000] {dag.py:4180} INFO - Setting next_dagrun for example_trigger_target_dag to None, run_after=None
[2025-10-10T09:37:54.485+0000] {processor.py:208} INFO - Processing /home/airflow/.local/lib/python3.12/site-packages/airflow/example_dags/example_trigger_target_dag.py took 0.025 seconds
[2025-10-10T09:38:17.982+0000] {processor.py:186} INFO - Started process (PID=84) to work on /home/airflow/.local/lib/python3.12/site-packages/airflow/example_dags/example_trigger_target_dag.py
[2025-10-10T09:38:17.982+0000] {processor.py:914} INFO - Processing file /home/airflow/.local/lib/python3.12/site-packages/airflow/example_dags/example_trigger_target_dag.py for tasks to queue
[2025-10-10T09:38:17.983+0000] {logging_mixin.py:190} INFO - [2025-10-10T09:38:17.983+0000] {dagbag.py:588} INFO - Filling up the DagBag from /home/airflow/.local/lib/python3.12/site-packages/airflow/example_dags/example_trigger_target_dag.py
[2025-10-10T09:38:17.986+0000] {processor.py:925} INFO - DAG(s) 'example_trigger_target_dag' retrieved from /home/airflow/.local/lib/python3.12/site-packages/airflow/example_dags/example_trigger_target_dag.py
[2025-10-10T09:38:17.993+0000] {logging_mixin.py:190} INFO - [2025-10-10T09:38:17.993+0000] {dag.py:3239} INFO - Sync 1 DAGs
[2025-10-10T09:38:17.997+0000] {logging_mixin.py:190} INFO - [2025-10-10T09:38:17.997+0000] {dag.py:4180} INFO - Setting next_dagrun for example_trigger_target_dag to None, run_after=None
[2025-10-10T09:38:18.003+0000] {processor.py:208} INFO - Processing /home/airflow/.local/lib/python3.12/site-packages/airflow/example_dags/example_trigger_target_dag.py took 0.023 seconds
[2025-10-10T09:38:49.135+0000] {processor.py:186} INFO - Started process (PID=148) to work on /home/airflow/.local/lib/python3.12/site-packages/airflow/example_dags/example_trigger_target_dag.py
[2025-10-10T09:38:49.138+0000] {processor.py:914} INFO - Processing file /home/airflow/.local/lib/python3.12/site-packages/airflow/example_dags/example_trigger_target_dag.py for tasks to queue
[2025-10-10T09:38:49.139+0000] {logging_mixin.py:190} INFO - [2025-10-10T09:38:49.139+0000] {dagbag.py:588} INFO - Filling up the DagBag from /home/airflow/.local/lib/python3.12/site-packages/airflow/example_dags/example_trigger_target_dag.py
[2025-10-10T09:38:49.142+0000] {processor.py:925} INFO - DAG(s) 'example_trigger_target_dag' retrieved from /home/airflow/.local/lib/python3.12/site-packages/airflow/example_dags/example_trigger_target_dag.py
[2025-10-10T09:38:49.150+0000] {logging_mixin.py:190} INFO - [2025-10-10T09:38:49.149+0000] {dag.py:3239} INFO - Sync 1 DAGs
[2025-10-10T09:38:49.154+0000] {logging_mixin.py:190} INFO - [2025-10-10T09:38:49.154+0000] {dag.py:4180} INFO - Setting next_dagrun for example_trigger_target_dag to None, run_after=None
[2025-10-10T09:38:49.161+0000] {processor.py:208} INFO - Processing /home/airflow/.local/lib/python3.12/site-packages/airflow/example_dags/example_trigger_target_dag.py took 0.028 seconds
[2025-10-10T09:39:20.281+0000] {processor.py:186} INFO - Started process (PID=212) to work on /home/airflow/.local/lib/python3.12/site-packages/airflow/example_dags/example_trigger_target_dag.py
[2025-10-10T09:39:20.283+0000] {processor.py:914} INFO - Processing file /home/airflow/.local/lib/python3.12/site-packages/airflow/example_dags/example_trigger_target_dag.py for tasks to queue
[2025-10-10T09:39:20.283+0000] {logging_mixin.py:190} INFO - [2025-10-10T09:39:20.283+0000] {dagbag.py:588} INFO - Filling up the DagBag from /home/airflow/.local/lib/python3.12/site-packages/airflow/example_dags/example_trigger_target_dag.py
[2025-10-10T09:39:20.286+0000] {processor.py:925} INFO - DAG(s) 'example_trigger_target_dag' retrieved from /home/airflow/.local/lib/python3.12/site-packages/airflow/example_dags/example_trigger_target_dag.py
[2025-10-10T09:39:20.296+0000] {logging_mixin.py:190} INFO - [2025-10-10T09:39:20.296+0000] {dag.py:3239} INFO - Sync 1 DAGs
[2025-10-10T09:39:20.302+0000] {logging_mixin.py:190} INFO - [2025-10-10T09:39:20.301+0000] {dag.py:4180} INFO - Setting next_dagrun for example_trigger_target_dag to None, run_after=None
[2025-10-10T09:39:20.307+0000] {processor.py:208} INFO - Processing /home/airflow/.local/lib/python3.12/site-packages/airflow/example_dags/example_trigger_target_dag.py took 0.028 seconds
[2025-10-10T09:39:51.438+0000] {processor.py:186} INFO - Started process (PID=276) to work on /home/airflow/.local/lib/python3.12/site-packages/airflow/example_dags/example_trigger_target_dag.py
[2025-10-10T09:39:51.440+0000] {processor.py:914} INFO - Processing file /home/airflow/.local/lib/python3.12/site-packages/airflow/example_dags/example_trigger_target_dag.py for tasks to queue
[2025-10-10T09:39:51.441+0000] {logging_mixin.py:190} INFO - [2025-10-10T09:39:51.441+0000] {dagbag.py:588} INFO - Filling up the DagBag from /home/airflow/.local/lib/python3.12/site-packages/airflow/example_dags/example_trigger_target_dag.py
[2025-10-10T09:39:51.445+0000] {processor.py:925} INFO - DAG(s) 'example_trigger_target_dag' retrieved from /home/airflow/.local/lib/python3.12/site-packages/airflow/example_dags/example_trigger_target_dag.py
[2025-10-10T09:39:51.453+0000] {logging_mixin.py:190} INFO - [2025-10-10T09:39:51.453+0000] {dag.py:3239} INFO - Sync 1 DAGs
[2025-10-10T09:39:51.458+0000] {logging_mixin.py:190} INFO - [2025-10-10T09:39:51.458+0000] {dag.py:4180} INFO - Setting next_dagrun for example_trigger_target_dag to None, run_after=None
[2025-10-10T09:39:51.467+0000] {processor.py:208} INFO - Processing /home/airflow/.local/lib/python3.12/site-packages/airflow/example_dags/example_trigger_target_dag.py took 0.032 seconds
[2025-10-10T09:40:22.656+0000] {processor.py:186} INFO - Started process (PID=340) to work on /home/airflow/.local/lib/python3.12/site-packages/airflow/example_dags/example_trigger_target_dag.py
[2025-10-10T09:40:22.656+0000] {processor.py:914} INFO - Processing file /home/airflow/.local/lib/python3.12/site-packages/airflow/example_dags/example_trigger_target_dag.py for tasks to queue
[2025-10-10T09:40:22.660+0000] {logging_mixin.py:190} INFO - [2025-10-10T09:40:22.660+0000] {dagbag.py:588} INFO - Filling up the DagBag from /home/airflow/.local/lib/python3.12/site-packages/airflow/example_dags/example_trigger_target_dag.py
[2025-10-10T09:40:22.664+0000] {processor.py:925} INFO - DAG(s) 'example_trigger_target_dag' retrieved from /home/airflow/.local/lib/python3.12/site-packages/airflow/example_dags/example_trigger_target_dag.py
[2025-10-10T09:40:22.679+0000] {logging_mixin.py:190} INFO - [2025-10-10T09:40:22.678+0000] {dag.py:3239} INFO - Sync 1 DAGs
[2025-10-10T09:40:22.685+0000] {logging_mixin.py:190} INFO - [2025-10-10T09:40:22.684+0000] {dag.py:4180} INFO - Setting next_dagrun for example_trigger_target_dag to None, run_after=None
[2025-10-10T09:40:22.690+0000] {processor.py:208} INFO - Processing /home/airflow/.local/lib/python3.12/site-packages/airflow/example_dags/example_trigger_target_dag.py took 0.037 seconds
[2025-10-10T09:40:53.857+0000] {processor.py:186} INFO - Started process (PID=404) to work on /home/airflow/.local/lib/python3.12/site-packages/airflow/example_dags/example_trigger_target_dag.py
[2025-10-10T09:40:53.860+0000] {processor.py:914} INFO - Processing file /home/airflow/.local/lib/python3.12/site-packages/airflow/example_dags/example_trigger_target_dag.py for tasks to queue
[2025-10-10T09:40:53.861+0000] {logging_mixin.py:190} INFO - [2025-10-10T09:40:53.861+0000] {dagbag.py:588} INFO - Filling up the DagBag from /home/airflow/.local/lib/python3.12/site-packages/airflow/example_dags/example_trigger_target_dag.py
[2025-10-10T09:40:53.864+0000] {processor.py:925} INFO - DAG(s) 'example_trigger_target_dag' retrieved from /home/airflow/.local/lib/python3.12/site-packages/airflow/example_dags/example_trigger_target_dag.py
[2025-10-10T09:40:53.872+0000] {logging_mixin.py:190} INFO - [2025-10-10T09:40:53.872+0000] {dag.py:3239} INFO - Sync 1 DAGs
[2025-10-10T09:40:53.877+0000] {logging_mixin.py:190} INFO - [2025-10-10T09:40:53.877+0000] {dag.py:4180} INFO - Setting next_dagrun for example_trigger_target_dag to None, run_after=None
[2025-10-10T09:40:53.884+0000] {processor.py:208} INFO - Processing /home/airflow/.local/lib/python3.12/site-packages/airflow/example_dags/example_trigger_target_dag.py took 0.029 seconds
[2025-10-10T09:41:24.980+0000] {processor.py:186} INFO - Started process (PID=468) to work on /home/airflow/.local/lib/python3.12/site-packages/airflow/example_dags/example_trigger_target_dag.py
[2025-10-10T09:41:24.981+0000] {processor.py:914} INFO - Processing file /home/airflow/.local/lib/python3.12/site-packages/airflow/example_dags/example_trigger_target_dag.py for tasks to queue
[2025-10-10T09:41:24.982+0000] {logging_mixin.py:190} INFO - [2025-10-10T09:41:24.982+0000] {dagbag.py:588} INFO - Filling up the DagBag from /home/airflow/.local/lib/python3.12/site-packages/airflow/example_dags/example_trigger_target_dag.py
[2025-10-10T09:41:24.985+0000] {processor.py:925} INFO - DAG(s) 'example_trigger_target_dag' retrieved from /home/airflow/.local/lib/python3.12/site-packages/airflow/example_dags/example_trigger_target_dag.py
[2025-10-10T09:41:24.995+0000] {logging_mixin.py:190} INFO - [2025-10-10T09:41:24.995+0000] {dag.py:3239} INFO - Sync 1 DAGs
[2025-10-10T09:41:25.000+0000] {logging_mixin.py:190} INFO - [2025-10-10T09:41:25.000+0000] {dag.py:4180} INFO - Setting next_dagrun for example_trigger_target_dag to None, run_after=None
[2025-10-10T09:41:25.007+0000] {processor.py:208} INFO - Processing /home/airflow/.local/lib/python3.12/site-packages/airflow/example_dags/example_trigger_target_dag.py took 0.029 seconds
[2025-10-10T09:41:56.216+0000] {processor.py:186} INFO - Started process (PID=532) to work on /home/airflow/.local/lib/python3.12/site-packages/airflow/example_dags/example_trigger_target_dag.py
[2025-10-10T09:41:56.216+0000] {processor.py:914} INFO - Processing file /home/airflow/.local/lib/python3.12/site-packages/airflow/example_dags/example_trigger_target_dag.py for tasks to queue
[2025-10-10T09:41:56.217+0000] {logging_mixin.py:190} INFO - [2025-10-10T09:41:56.217+0000] {dagbag.py:588} INFO - Filling up the DagBag from /home/airflow/.local/lib/python3.12/site-packages/airflow/example_dags/example_trigger_target_dag.py
[2025-10-10T09:41:56.221+0000] {processor.py:925} INFO - DAG(s) 'example_trigger_target_dag' retrieved from /home/airflow/.local/lib/python3.12/site-packages/airflow/example_dags/example_trigger_target_dag.py
[2025-10-10T09:41:56.227+0000] {logging_mixin.py:190} INFO - [2025-10-10T09:41:56.227+0000] {dag.py:3239} INFO - Sync 1 DAGs
[2025-10-10T09:41:56.232+0000] {logging_mixin.py:190} INFO - [2025-10-10T09:41:56.232+0000] {dag.py:4180} INFO - Setting next_dagrun for example_trigger_target_dag to None, run_after=None
[2025-10-10T09:41:56.238+0000] {processor.py:208} INFO - Processing /home/airflow/.local/lib/python3.12/site-packages/airflow/example_dags/example_trigger_target_dag.py took 0.024 seconds
[2025-10-10T09:42:27.303+0000] {processor.py:186} INFO - Started process (PID=596) to work on /home/airflow/.local/lib/python3.12/site-packages/airflow/example_dags/example_trigger_target_dag.py
[2025-10-10T09:42:27.303+0000] {processor.py:914} INFO - Processing file /home/airflow/.local/lib/python3.12/site-packages/airflow/example_dags/example_trigger_target_dag.py for tasks to queue
[2025-10-10T09:42:27.304+0000] {logging_mixin.py:190} INFO - [2025-10-10T09:42:27.304+0000] {dagbag.py:588} INFO - Filling up the DagBag from /home/airflow/.local/lib/python3.12/site-packages/airflow/example_dags/example_trigger_target_dag.py
[2025-10-10T09:42:27.307+0000] {processor.py:925} INFO - DAG(s) 'example_trigger_target_dag' retrieved from /home/airflow/.local/lib/python3.12/site-packages/airflow/example_dags/example_trigger_target_dag.py
[2025-10-10T09:42:27.316+0000] {logging_mixin.py:190} INFO - [2025-10-10T09:42:27.316+0000] {dag.py:3239} INFO - Sync 1 DAGs
[2025-10-10T09:42:27.321+0000] {logging_mixin.py:190} INFO - [2025-10-10T09:42:27.320+0000] {dag.py:4180} INFO - Setting next_dagrun for example_trigger_target_dag to None, run_after=None
[2025-10-10T09:42:27.330+0000] {processor.py:208} INFO - Processing /home/airflow/.local/lib/python3.12/site-packages/airflow/example_dags/example_trigger_target_dag.py took 0.029 seconds
[2025-10-10T09:42:58.550+0000] {processor.py:186} INFO - Started process (PID=660) to work on /home/airflow/.local/lib/python3.12/site-packages/airflow/example_dags/example_trigger_target_dag.py
[2025-10-10T09:42:58.551+0000] {processor.py:914} INFO - Processing file /home/airflow/.local/lib/python3.12/site-packages/airflow/example_dags/example_trigger_target_dag.py for tasks to queue
[2025-10-10T09:42:58.552+0000] {logging_mixin.py:190} INFO - [2025-10-10T09:42:58.552+0000] {dagbag.py:588} INFO - Filling up the DagBag from /home/airflow/.local/lib/python3.12/site-packages/airflow/example_dags/example_trigger_target_dag.py
[2025-10-10T09:42:58.555+0000] {processor.py:925} INFO - DAG(s) 'example_trigger_target_dag' retrieved from /home/airflow/.local/lib/python3.12/site-packages/airflow/example_dags/example_trigger_target_dag.py
[2025-10-10T09:42:58.564+0000] {logging_mixin.py:190} INFO - [2025-10-10T09:42:58.564+0000] {dag.py:3239} INFO - Sync 1 DAGs
[2025-10-10T09:42:58.569+0000] {logging_mixin.py:190} INFO - [2025-10-10T09:42:58.569+0000] {dag.py:4180} INFO - Setting next_dagrun for example_trigger_target_dag to None, run_after=None
[2025-10-10T09:42:58.575+0000] {processor.py:208} INFO - Processing /home/airflow/.local/lib/python3.12/site-packages/airflow/example_dags/example_trigger_target_dag.py took 0.027 seconds
[2025-10-10T09:43:29.646+0000] {processor.py:186} INFO - Started process (PID=724) to work on /home/airflow/.local/lib/python3.12/site-packages/airflow/example_dags/example_trigger_target_dag.py
[2025-10-10T09:43:29.646+0000] {processor.py:914} INFO - Processing file /home/airflow/.local/lib/python3.12/site-packages/airflow/example_dags/example_trigger_target_dag.py for tasks to queue
[2025-10-10T09:43:29.647+0000] {logging_mixin.py:190} INFO - [2025-10-10T09:43:29.647+0000] {dagbag.py:588} INFO - Filling up the DagBag from /home/airflow/.local/lib/python3.12/site-packages/airflow/example_dags/example_trigger_target_dag.py
[2025-10-10T09:43:29.650+0000] {processor.py:925} INFO - DAG(s) 'example_trigger_target_dag' retrieved from /home/airflow/.local/lib/python3.12/site-packages/airflow/example_dags/example_trigger_target_dag.py
[2025-10-10T09:43:29.661+0000] {logging_mixin.py:190} INFO - [2025-10-10T09:43:29.661+0000] {dag.py:3239} INFO - Sync 1 DAGs
[2025-10-10T09:43:29.665+0000] {logging_mixin.py:190} INFO - [2025-10-10T09:43:29.665+0000] {dag.py:4180} INFO - Setting next_dagrun for example_trigger_target_dag to None, run_after=None
[2025-10-10T09:43:29.672+0000] {processor.py:208} INFO - Processing /home/airflow/.local/lib/python3.12/site-packages/airflow/example_dags/example_trigger_target_dag.py took 0.028 seconds
[2025-10-10T09:44:10.326+0000] {processor.py:186} INFO - Started process (PID=91) to work on /home/airflow/.local/lib/python3.12/site-packages/airflow/example_dags/example_trigger_target_dag.py
[2025-10-10T09:44:10.327+0000] {processor.py:914} INFO - Processing file /home/airflow/.local/lib/python3.12/site-packages/airflow/example_dags/example_trigger_target_dag.py for tasks to queue
[2025-10-10T09:44:10.328+0000] {logging_mixin.py:190} INFO - [2025-10-10T09:44:10.328+0000] {dagbag.py:588} INFO - Filling up the DagBag from /home/airflow/.local/lib/python3.12/site-packages/airflow/example_dags/example_trigger_target_dag.py
[2025-10-10T09:44:10.334+0000] {processor.py:925} INFO - DAG(s) 'example_trigger_target_dag' retrieved from /home/airflow/.local/lib/python3.12/site-packages/airflow/example_dags/example_trigger_target_dag.py
[2025-10-10T09:44:10.342+0000] {logging_mixin.py:190} INFO - [2025-10-10T09:44:10.342+0000] {dag.py:3239} INFO - Sync 1 DAGs
[2025-10-10T09:44:10.349+0000] {logging_mixin.py:190} INFO - [2025-10-10T09:44:10.349+0000] {dag.py:4180} INFO - Setting next_dagrun for example_trigger_target_dag to None, run_after=None
[2025-10-10T09:44:10.359+0000] {processor.py:208} INFO - Processing /home/airflow/.local/lib/python3.12/site-packages/airflow/example_dags/example_trigger_target_dag.py took 0.035 seconds
[2025-10-10T09:44:41.484+0000] {processor.py:186} INFO - Started process (PID=155) to work on /home/airflow/.local/lib/python3.12/site-packages/airflow/example_dags/example_trigger_target_dag.py
[2025-10-10T09:44:41.485+0000] {processor.py:914} INFO - Processing file /home/airflow/.local/lib/python3.12/site-packages/airflow/example_dags/example_trigger_target_dag.py for tasks to queue
[2025-10-10T09:44:41.485+0000] {logging_mixin.py:190} INFO - [2025-10-10T09:44:41.485+0000] {dagbag.py:588} INFO - Filling up the DagBag from /home/airflow/.local/lib/python3.12/site-packages/airflow/example_dags/example_trigger_target_dag.py
[2025-10-10T09:44:41.488+0000] {processor.py:925} INFO - DAG(s) 'example_trigger_target_dag' retrieved from /home/airflow/.local/lib/python3.12/site-packages/airflow/example_dags/example_trigger_target_dag.py
[2025-10-10T09:44:41.496+0000] {logging_mixin.py:190} INFO - [2025-10-10T09:44:41.496+0000] {dag.py:3239} INFO - Sync 1 DAGs
[2025-10-10T09:44:41.501+0000] {logging_mixin.py:190} INFO - [2025-10-10T09:44:41.500+0000] {dag.py:4180} INFO - Setting next_dagrun for example_trigger_target_dag to None, run_after=None
[2025-10-10T09:44:41.510+0000] {processor.py:208} INFO - Processing /home/airflow/.local/lib/python3.12/site-packages/airflow/example_dags/example_trigger_target_dag.py took 0.028 seconds
[2025-10-10T09:45:12.531+0000] {processor.py:186} INFO - Started process (PID=219) to work on /home/airflow/.local/lib/python3.12/site-packages/airflow/example_dags/example_trigger_target_dag.py
[2025-10-10T09:45:12.532+0000] {processor.py:914} INFO - Processing file /home/airflow/.local/lib/python3.12/site-packages/airflow/example_dags/example_trigger_target_dag.py for tasks to queue
[2025-10-10T09:45:12.533+0000] {logging_mixin.py:190} INFO - [2025-10-10T09:45:12.533+0000] {dagbag.py:588} INFO - Filling up the DagBag from /home/airflow/.local/lib/python3.12/site-packages/airflow/example_dags/example_trigger_target_dag.py
[2025-10-10T09:45:12.537+0000] {processor.py:925} INFO - DAG(s) 'example_trigger_target_dag' retrieved from /home/airflow/.local/lib/python3.12/site-packages/airflow/example_dags/example_trigger_target_dag.py
[2025-10-10T09:45:12.545+0000] {logging_mixin.py:190} INFO - [2025-10-10T09:45:12.545+0000] {dag.py:3239} INFO - Sync 1 DAGs
[2025-10-10T09:45:12.549+0000] {logging_mixin.py:190} INFO - [2025-10-10T09:45:12.549+0000] {dag.py:4180} INFO - Setting next_dagrun for example_trigger_target_dag to None, run_after=None
[2025-10-10T09:45:12.555+0000] {processor.py:208} INFO - Processing /home/airflow/.local/lib/python3.12/site-packages/airflow/example_dags/example_trigger_target_dag.py took 0.026 seconds
[2025-10-10T09:45:43.493+0000] {processor.py:186} INFO - Started process (PID=291) to work on /home/airflow/.local/lib/python3.12/site-packages/airflow/example_dags/example_trigger_target_dag.py
[2025-10-10T09:45:43.493+0000] {processor.py:914} INFO - Processing file /home/airflow/.local/lib/python3.12/site-packages/airflow/example_dags/example_trigger_target_dag.py for tasks to queue
[2025-10-10T09:45:43.494+0000] {logging_mixin.py:190} INFO - [2025-10-10T09:45:43.494+0000] {dagbag.py:588} INFO - Filling up the DagBag from /home/airflow/.local/lib/python3.12/site-packages/airflow/example_dags/example_trigger_target_dag.py
[2025-10-10T09:45:43.498+0000] {processor.py:925} INFO - DAG(s) 'example_trigger_target_dag' retrieved from /home/airflow/.local/lib/python3.12/site-packages/airflow/example_dags/example_trigger_target_dag.py
[2025-10-10T09:45:43.506+0000] {logging_mixin.py:190} INFO - [2025-10-10T09:45:43.506+0000] {dag.py:3239} INFO - Sync 1 DAGs
[2025-10-10T09:45:43.510+0000] {logging_mixin.py:190} INFO - [2025-10-10T09:45:43.510+0000] {dag.py:4180} INFO - Setting next_dagrun for example_trigger_target_dag to None, run_after=None
[2025-10-10T09:45:43.516+0000] {processor.py:208} INFO - Processing /home/airflow/.local/lib/python3.12/site-packages/airflow/example_dags/example_trigger_target_dag.py took 0.026 seconds
[2025-10-10T09:46:14.602+0000] {processor.py:186} INFO - Started process (PID=355) to work on /home/airflow/.local/lib/python3.12/site-packages/airflow/example_dags/example_trigger_target_dag.py
[2025-10-10T09:46:14.603+0000] {processor.py:914} INFO - Processing file /home/airflow/.local/lib/python3.12/site-packages/airflow/example_dags/example_trigger_target_dag.py for tasks to queue
[2025-10-10T09:46:14.604+0000] {logging_mixin.py:190} INFO - [2025-10-10T09:46:14.604+0000] {dagbag.py:588} INFO - Filling up the DagBag from /home/airflow/.local/lib/python3.12/site-packages/airflow/example_dags/example_trigger_target_dag.py
[2025-10-10T09:46:14.607+0000] {processor.py:925} INFO - DAG(s) 'example_trigger_target_dag' retrieved from /home/airflow/.local/lib/python3.12/site-packages/airflow/example_dags/example_trigger_target_dag.py
[2025-10-10T09:46:14.615+0000] {logging_mixin.py:190} INFO - [2025-10-10T09:46:14.615+0000] {dag.py:3239} INFO - Sync 1 DAGs
[2025-10-10T09:46:14.621+0000] {logging_mixin.py:190} INFO - [2025-10-10T09:46:14.620+0000] {dag.py:4180} INFO - Setting next_dagrun for example_trigger_target_dag to None, run_after=None
[2025-10-10T09:46:14.626+0000] {processor.py:208} INFO - Processing /home/airflow/.local/lib/python3.12/site-packages/airflow/example_dags/example_trigger_target_dag.py took 0.026 seconds
[2025-10-10T09:46:45.536+0000] {processor.py:186} INFO - Started process (PID=419) to work on /home/airflow/.local/lib/python3.12/site-packages/airflow/example_dags/example_trigger_target_dag.py
[2025-10-10T09:46:45.536+0000] {processor.py:914} INFO - Processing file /home/airflow/.local/lib/python3.12/site-packages/airflow/example_dags/example_trigger_target_dag.py for tasks to queue
[2025-10-10T09:46:45.537+0000] {logging_mixin.py:190} INFO - [2025-10-10T09:46:45.537+0000] {dagbag.py:588} INFO - Filling up the DagBag from /home/airflow/.local/lib/python3.12/site-packages/airflow/example_dags/example_trigger_target_dag.py
[2025-10-10T09:46:45.540+0000] {processor.py:925} INFO - DAG(s) 'example_trigger_target_dag' retrieved from /home/airflow/.local/lib/python3.12/site-packages/airflow/example_dags/example_trigger_target_dag.py
[2025-10-10T09:46:45.547+0000] {logging_mixin.py:190} INFO - [2025-10-10T09:46:45.547+0000] {dag.py:3239} INFO - Sync 1 DAGs
[2025-10-10T09:46:45.552+0000] {logging_mixin.py:190} INFO - [2025-10-10T09:46:45.552+0000] {dag.py:4180} INFO - Setting next_dagrun for example_trigger_target_dag to None, run_after=None
[2025-10-10T09:46:45.561+0000] {processor.py:208} INFO - Processing /home/airflow/.local/lib/python3.12/site-packages/airflow/example_dags/example_trigger_target_dag.py took 0.027 seconds
[2025-10-10T09:47:16.629+0000] {processor.py:186} INFO - Started process (PID=483) to work on /home/airflow/.local/lib/python3.12/site-packages/airflow/example_dags/example_trigger_target_dag.py
[2025-10-10T09:47:16.630+0000] {processor.py:914} INFO - Processing file /home/airflow/.local/lib/python3.12/site-packages/airflow/example_dags/example_trigger_target_dag.py for tasks to queue
[2025-10-10T09:47:16.630+0000] {logging_mixin.py:190} INFO - [2025-10-10T09:47:16.630+0000] {dagbag.py:588} INFO - Filling up the DagBag from /home/airflow/.local/lib/python3.12/site-packages/airflow/example_dags/example_trigger_target_dag.py
[2025-10-10T09:47:16.634+0000] {processor.py:925} INFO - DAG(s) 'example_trigger_target_dag' retrieved from /home/airflow/.local/lib/python3.12/site-packages/airflow/example_dags/example_trigger_target_dag.py
[2025-10-10T09:47:16.641+0000] {logging_mixin.py:190} INFO - [2025-10-10T09:47:16.641+0000] {dag.py:3239} INFO - Sync 1 DAGs
[2025-10-10T09:47:16.649+0000] {logging_mixin.py:190} INFO - [2025-10-10T09:47:16.649+0000] {dag.py:4180} INFO - Setting next_dagrun for example_trigger_target_dag to None, run_after=None
[2025-10-10T09:47:16.658+0000] {processor.py:208} INFO - Processing /home/airflow/.local/lib/python3.12/site-packages/airflow/example_dags/example_trigger_target_dag.py took 0.031 seconds
[2025-10-10T09:47:47.643+0000] {processor.py:186} INFO - Started process (PID=547) to work on /home/airflow/.local/lib/python3.12/site-packages/airflow/example_dags/example_trigger_target_dag.py
[2025-10-10T09:47:47.643+0000] {processor.py:914} INFO - Processing file /home/airflow/.local/lib/python3.12/site-packages/airflow/example_dags/example_trigger_target_dag.py for tasks to queue
[2025-10-10T09:47:47.644+0000] {logging_mixin.py:190} INFO - [2025-10-10T09:47:47.644+0000] {dagbag.py:588} INFO - Filling up the DagBag from /home/airflow/.local/lib/python3.12/site-packages/airflow/example_dags/example_trigger_target_dag.py
[2025-10-10T09:47:47.647+0000] {processor.py:925} INFO - DAG(s) 'example_trigger_target_dag' retrieved from /home/airflow/.local/lib/python3.12/site-packages/airflow/example_dags/example_trigger_target_dag.py
[2025-10-10T09:47:47.658+0000] {logging_mixin.py:190} INFO - [2025-10-10T09:47:47.658+0000] {dag.py:3239} INFO - Sync 1 DAGs
[2025-10-10T09:47:47.663+0000] {logging_mixin.py:190} INFO - [2025-10-10T09:47:47.662+0000] {dag.py:4180} INFO - Setting next_dagrun for example_trigger_target_dag to None, run_after=None
[2025-10-10T09:47:47.671+0000] {processor.py:208} INFO - Processing /home/airflow/.local/lib/python3.12/site-packages/airflow/example_dags/example_trigger_target_dag.py took 0.030 seconds
[2025-10-10T09:48:18.078+0000] {processor.py:186} INFO - Started process (PID=611) to work on /home/airflow/.local/lib/python3.12/site-packages/airflow/example_dags/example_trigger_target_dag.py
[2025-10-10T09:48:18.078+0000] {processor.py:914} INFO - Processing file /home/airflow/.local/lib/python3.12/site-packages/airflow/example_dags/example_trigger_target_dag.py for tasks to queue
[2025-10-10T09:48:18.079+0000] {logging_mixin.py:190} INFO - [2025-10-10T09:48:18.079+0000] {dagbag.py:588} INFO - Filling up the DagBag from /home/airflow/.local/lib/python3.12/site-packages/airflow/example_dags/example_trigger_target_dag.py
[2025-10-10T09:48:18.082+0000] {processor.py:925} INFO - DAG(s) 'example_trigger_target_dag' retrieved from /home/airflow/.local/lib/python3.12/site-packages/airflow/example_dags/example_trigger_target_dag.py
[2025-10-10T09:48:18.090+0000] {logging_mixin.py:190} INFO - [2025-10-10T09:48:18.090+0000] {dag.py:3239} INFO - Sync 1 DAGs
[2025-10-10T09:48:18.095+0000] {logging_mixin.py:190} INFO - [2025-10-10T09:48:18.095+0000] {dag.py:4180} INFO - Setting next_dagrun for example_trigger_target_dag to None, run_after=None
[2025-10-10T09:48:18.102+0000] {processor.py:208} INFO - Processing /home/airflow/.local/lib/python3.12/site-packages/airflow/example_dags/example_trigger_target_dag.py took 0.026 seconds
[2025-10-10T09:48:48.380+0000] {processor.py:186} INFO - Started process (PID=675) to work on /home/airflow/.local/lib/python3.12/site-packages/airflow/example_dags/example_trigger_target_dag.py
[2025-10-10T09:48:48.380+0000] {processor.py:914} INFO - Processing file /home/airflow/.local/lib/python3.12/site-packages/airflow/example_dags/example_trigger_target_dag.py for tasks to queue
[2025-10-10T09:48:48.381+0000] {logging_mixin.py:190} INFO - [2025-10-10T09:48:48.381+0000] {dagbag.py:588} INFO - Filling up the DagBag from /home/airflow/.local/lib/python3.12/site-packages/airflow/example_dags/example_trigger_target_dag.py
[2025-10-10T09:48:48.384+0000] {processor.py:925} INFO - DAG(s) 'example_trigger_target_dag' retrieved from /home/airflow/.local/lib/python3.12/site-packages/airflow/example_dags/example_trigger_target_dag.py
[2025-10-10T09:48:48.392+0000] {logging_mixin.py:190} INFO - [2025-10-10T09:48:48.392+0000] {dag.py:3239} INFO - Sync 1 DAGs
[2025-10-10T09:48:48.399+0000] {logging_mixin.py:190} INFO - [2025-10-10T09:48:48.399+0000] {dag.py:4180} INFO - Setting next_dagrun for example_trigger_target_dag to None, run_after=None
[2025-10-10T09:48:48.405+0000] {processor.py:208} INFO - Processing /home/airflow/.local/lib/python3.12/site-packages/airflow/example_dags/example_trigger_target_dag.py took 0.027 seconds
