[2025-10-10T09:36:22.812+0000] {processor.py:186} INFO - Started process (PID=91) to work on /home/airflow/.local/lib/python3.12/site-packages/airflow/example_dags/example_xcom.py
[2025-10-10T09:36:22.812+0000] {processor.py:914} INFO - Processing file /home/airflow/.local/lib/python3.12/site-packages/airflow/example_dags/example_xcom.py for tasks to queue
[2025-10-10T09:36:22.813+0000] {logging_mixin.py:190} INFO - [2025-10-10T09:36:22.813+0000] {dagbag.py:588} INFO - Filling up the DagBag from /home/airflow/.local/lib/python3.12/site-packages/airflow/example_dags/example_xcom.py
[2025-10-10T09:36:22.819+0000] {processor.py:925} INFO - DAG(s) 'example_xcom' retrieved from /home/airflow/.local/lib/python3.12/site-packages/airflow/example_dags/example_xcom.py
[2025-10-10T09:36:22.858+0000] {logging_mixin.py:190} INFO - [2025-10-10T09:36:22.858+0000] {override.py:1911} INFO - Created Permission View: can edit on DAG:example_xcom
[2025-10-10T09:36:22.863+0000] {logging_mixin.py:190} INFO - [2025-10-10T09:36:22.863+0000] {override.py:1911} INFO - Created Permission View: can read on DAG:example_xcom
[2025-10-10T09:36:22.865+0000] {logging_mixin.py:190} INFO - [2025-10-10T09:36:22.865+0000] {override.py:1911} INFO - Created Permission View: can delete on DAG:example_xcom
[2025-10-10T09:36:22.867+0000] {logging_mixin.py:190} INFO - [2025-10-10T09:36:22.867+0000] {override.py:1911} INFO - Created Permission View: can read on DAG Run:example_xcom
[2025-10-10T09:36:22.868+0000] {logging_mixin.py:190} INFO - [2025-10-10T09:36:22.868+0000] {override.py:1911} INFO - Created Permission View: menu access on DAG Run:example_xcom
[2025-10-10T09:36:22.870+0000] {logging_mixin.py:190} INFO - [2025-10-10T09:36:22.870+0000] {override.py:1911} INFO - Created Permission View: can delete on DAG Run:example_xcom
[2025-10-10T09:36:22.871+0000] {logging_mixin.py:190} INFO - [2025-10-10T09:36:22.871+0000] {override.py:1911} INFO - Created Permission View: can create on DAG Run:example_xcom
[2025-10-10T09:36:22.872+0000] {logging_mixin.py:190} INFO - [2025-10-10T09:36:22.871+0000] {dag.py:3239} INFO - Sync 1 DAGs
[2025-10-10T09:36:22.877+0000] {logging_mixin.py:190} INFO - [2025-10-10T09:36:22.877+0000] {dag.py:3262} INFO - Creating ORM DAG for example_xcom
[2025-10-10T09:36:22.881+0000] {logging_mixin.py:190} INFO - [2025-10-10T09:36:22.881+0000] {dag.py:4180} INFO - Setting next_dagrun for example_xcom to 2021-01-01 00:00:00+00:00, run_after=2021-01-01 00:00:00+00:00
[2025-10-10T09:36:22.886+0000] {processor.py:208} INFO - Processing /home/airflow/.local/lib/python3.12/site-packages/airflow/example_dags/example_xcom.py took 0.077 seconds
[2025-10-10T09:36:53.123+0000] {processor.py:186} INFO - Started process (PID=154) to work on /home/airflow/.local/lib/python3.12/site-packages/airflow/example_dags/example_xcom.py
[2025-10-10T09:36:53.124+0000] {processor.py:914} INFO - Processing file /home/airflow/.local/lib/python3.12/site-packages/airflow/example_dags/example_xcom.py for tasks to queue
[2025-10-10T09:36:53.124+0000] {logging_mixin.py:190} INFO - [2025-10-10T09:36:53.124+0000] {dagbag.py:588} INFO - Filling up the DagBag from /home/airflow/.local/lib/python3.12/site-packages/airflow/example_dags/example_xcom.py
[2025-10-10T09:36:53.128+0000] {processor.py:925} INFO - DAG(s) 'example_xcom' retrieved from /home/airflow/.local/lib/python3.12/site-packages/airflow/example_dags/example_xcom.py
[2025-10-10T09:36:53.134+0000] {logging_mixin.py:190} INFO - [2025-10-10T09:36:53.134+0000] {dag.py:3239} INFO - Sync 1 DAGs
[2025-10-10T09:36:53.141+0000] {logging_mixin.py:190} INFO - [2025-10-10T09:36:53.140+0000] {dag.py:4180} INFO - Setting next_dagrun for example_xcom to 2021-01-01 00:00:00+00:00, run_after=2021-01-01 00:00:00+00:00
[2025-10-10T09:36:53.145+0000] {processor.py:208} INFO - Processing /home/airflow/.local/lib/python3.12/site-packages/airflow/example_dags/example_xcom.py took 0.024 seconds
[2025-10-10T09:37:23.431+0000] {processor.py:186} INFO - Started process (PID=217) to work on /home/airflow/.local/lib/python3.12/site-packages/airflow/example_dags/example_xcom.py
[2025-10-10T09:37:23.431+0000] {processor.py:914} INFO - Processing file /home/airflow/.local/lib/python3.12/site-packages/airflow/example_dags/example_xcom.py for tasks to queue
[2025-10-10T09:37:23.432+0000] {logging_mixin.py:190} INFO - [2025-10-10T09:37:23.432+0000] {dagbag.py:588} INFO - Filling up the DagBag from /home/airflow/.local/lib/python3.12/site-packages/airflow/example_dags/example_xcom.py
[2025-10-10T09:37:23.437+0000] {processor.py:925} INFO - DAG(s) 'example_xcom' retrieved from /home/airflow/.local/lib/python3.12/site-packages/airflow/example_dags/example_xcom.py
[2025-10-10T09:37:23.446+0000] {logging_mixin.py:190} INFO - [2025-10-10T09:37:23.446+0000] {dag.py:3239} INFO - Sync 1 DAGs
[2025-10-10T09:37:23.453+0000] {logging_mixin.py:190} INFO - [2025-10-10T09:37:23.453+0000] {dag.py:4180} INFO - Setting next_dagrun for example_xcom to 2021-01-01 00:00:00+00:00, run_after=2021-01-01 00:00:00+00:00
[2025-10-10T09:37:23.459+0000] {processor.py:208} INFO - Processing /home/airflow/.local/lib/python3.12/site-packages/airflow/example_dags/example_xcom.py took 0.030 seconds
[2025-10-10T09:37:54.524+0000] {processor.py:186} INFO - Started process (PID=280) to work on /home/airflow/.local/lib/python3.12/site-packages/airflow/example_dags/example_xcom.py
[2025-10-10T09:37:54.524+0000] {processor.py:914} INFO - Processing file /home/airflow/.local/lib/python3.12/site-packages/airflow/example_dags/example_xcom.py for tasks to queue
[2025-10-10T09:37:54.525+0000] {logging_mixin.py:190} INFO - [2025-10-10T09:37:54.525+0000] {dagbag.py:588} INFO - Filling up the DagBag from /home/airflow/.local/lib/python3.12/site-packages/airflow/example_dags/example_xcom.py
[2025-10-10T09:37:54.528+0000] {processor.py:925} INFO - DAG(s) 'example_xcom' retrieved from /home/airflow/.local/lib/python3.12/site-packages/airflow/example_dags/example_xcom.py
[2025-10-10T09:37:54.535+0000] {logging_mixin.py:190} INFO - [2025-10-10T09:37:54.535+0000] {dag.py:3239} INFO - Sync 1 DAGs
[2025-10-10T09:37:54.541+0000] {logging_mixin.py:190} INFO - [2025-10-10T09:37:54.541+0000] {dag.py:4180} INFO - Setting next_dagrun for example_xcom to 2021-01-01 00:00:00+00:00, run_after=2021-01-01 00:00:00+00:00
[2025-10-10T09:37:54.546+0000] {processor.py:208} INFO - Processing /home/airflow/.local/lib/python3.12/site-packages/airflow/example_dags/example_xcom.py took 0.024 seconds
[2025-10-10T09:38:18.089+0000] {processor.py:186} INFO - Started process (PID=87) to work on /home/airflow/.local/lib/python3.12/site-packages/airflow/example_dags/example_xcom.py
[2025-10-10T09:38:18.090+0000] {processor.py:914} INFO - Processing file /home/airflow/.local/lib/python3.12/site-packages/airflow/example_dags/example_xcom.py for tasks to queue
[2025-10-10T09:38:18.090+0000] {logging_mixin.py:190} INFO - [2025-10-10T09:38:18.090+0000] {dagbag.py:588} INFO - Filling up the DagBag from /home/airflow/.local/lib/python3.12/site-packages/airflow/example_dags/example_xcom.py
[2025-10-10T09:38:18.094+0000] {processor.py:925} INFO - DAG(s) 'example_xcom' retrieved from /home/airflow/.local/lib/python3.12/site-packages/airflow/example_dags/example_xcom.py
[2025-10-10T09:38:18.102+0000] {logging_mixin.py:190} INFO - [2025-10-10T09:38:18.102+0000] {dag.py:3239} INFO - Sync 1 DAGs
[2025-10-10T09:38:18.109+0000] {logging_mixin.py:190} INFO - [2025-10-10T09:38:18.109+0000] {dag.py:4180} INFO - Setting next_dagrun for example_xcom to 2021-01-01 00:00:00+00:00, run_after=2021-01-01 00:00:00+00:00
[2025-10-10T09:38:18.114+0000] {processor.py:208} INFO - Processing /home/airflow/.local/lib/python3.12/site-packages/airflow/example_dags/example_xcom.py took 0.027 seconds
[2025-10-10T09:38:49.202+0000] {processor.py:186} INFO - Started process (PID=151) to work on /home/airflow/.local/lib/python3.12/site-packages/airflow/example_dags/example_xcom.py
[2025-10-10T09:38:49.202+0000] {processor.py:914} INFO - Processing file /home/airflow/.local/lib/python3.12/site-packages/airflow/example_dags/example_xcom.py for tasks to queue
[2025-10-10T09:38:49.204+0000] {logging_mixin.py:190} INFO - [2025-10-10T09:38:49.204+0000] {dagbag.py:588} INFO - Filling up the DagBag from /home/airflow/.local/lib/python3.12/site-packages/airflow/example_dags/example_xcom.py
[2025-10-10T09:38:49.209+0000] {processor.py:925} INFO - DAG(s) 'example_xcom' retrieved from /home/airflow/.local/lib/python3.12/site-packages/airflow/example_dags/example_xcom.py
[2025-10-10T09:38:49.217+0000] {logging_mixin.py:190} INFO - [2025-10-10T09:38:49.216+0000] {dag.py:3239} INFO - Sync 1 DAGs
[2025-10-10T09:38:49.223+0000] {logging_mixin.py:190} INFO - [2025-10-10T09:38:49.223+0000] {dag.py:4180} INFO - Setting next_dagrun for example_xcom to 2021-01-01 00:00:00+00:00, run_after=2021-01-01 00:00:00+00:00
[2025-10-10T09:38:49.231+0000] {processor.py:208} INFO - Processing /home/airflow/.local/lib/python3.12/site-packages/airflow/example_dags/example_xcom.py took 0.032 seconds
[2025-10-10T09:39:20.348+0000] {processor.py:186} INFO - Started process (PID=215) to work on /home/airflow/.local/lib/python3.12/site-packages/airflow/example_dags/example_xcom.py
[2025-10-10T09:39:20.348+0000] {processor.py:914} INFO - Processing file /home/airflow/.local/lib/python3.12/site-packages/airflow/example_dags/example_xcom.py for tasks to queue
[2025-10-10T09:39:20.349+0000] {logging_mixin.py:190} INFO - [2025-10-10T09:39:20.349+0000] {dagbag.py:588} INFO - Filling up the DagBag from /home/airflow/.local/lib/python3.12/site-packages/airflow/example_dags/example_xcom.py
[2025-10-10T09:39:20.355+0000] {processor.py:925} INFO - DAG(s) 'example_xcom' retrieved from /home/airflow/.local/lib/python3.12/site-packages/airflow/example_dags/example_xcom.py
[2025-10-10T09:39:20.362+0000] {logging_mixin.py:190} INFO - [2025-10-10T09:39:20.362+0000] {dag.py:3239} INFO - Sync 1 DAGs
[2025-10-10T09:39:20.369+0000] {logging_mixin.py:190} INFO - [2025-10-10T09:39:20.369+0000] {dag.py:4180} INFO - Setting next_dagrun for example_xcom to 2021-01-01 00:00:00+00:00, run_after=2021-01-01 00:00:00+00:00
[2025-10-10T09:39:20.375+0000] {processor.py:208} INFO - Processing /home/airflow/.local/lib/python3.12/site-packages/airflow/example_dags/example_xcom.py took 0.029 seconds
[2025-10-10T09:39:51.502+0000] {processor.py:186} INFO - Started process (PID=279) to work on /home/airflow/.local/lib/python3.12/site-packages/airflow/example_dags/example_xcom.py
[2025-10-10T09:39:51.504+0000] {processor.py:914} INFO - Processing file /home/airflow/.local/lib/python3.12/site-packages/airflow/example_dags/example_xcom.py for tasks to queue
[2025-10-10T09:39:51.505+0000] {logging_mixin.py:190} INFO - [2025-10-10T09:39:51.505+0000] {dagbag.py:588} INFO - Filling up the DagBag from /home/airflow/.local/lib/python3.12/site-packages/airflow/example_dags/example_xcom.py
[2025-10-10T09:39:51.510+0000] {processor.py:925} INFO - DAG(s) 'example_xcom' retrieved from /home/airflow/.local/lib/python3.12/site-packages/airflow/example_dags/example_xcom.py
[2025-10-10T09:39:51.518+0000] {logging_mixin.py:190} INFO - [2025-10-10T09:39:51.517+0000] {dag.py:3239} INFO - Sync 1 DAGs
[2025-10-10T09:39:51.527+0000] {logging_mixin.py:190} INFO - [2025-10-10T09:39:51.527+0000] {dag.py:4180} INFO - Setting next_dagrun for example_xcom to 2021-01-01 00:00:00+00:00, run_after=2021-01-01 00:00:00+00:00
[2025-10-10T09:39:51.533+0000] {processor.py:208} INFO - Processing /home/airflow/.local/lib/python3.12/site-packages/airflow/example_dags/example_xcom.py took 0.033 seconds
[2025-10-10T09:40:22.734+0000] {processor.py:186} INFO - Started process (PID=343) to work on /home/airflow/.local/lib/python3.12/site-packages/airflow/example_dags/example_xcom.py
[2025-10-10T09:40:22.734+0000] {processor.py:914} INFO - Processing file /home/airflow/.local/lib/python3.12/site-packages/airflow/example_dags/example_xcom.py for tasks to queue
[2025-10-10T09:40:22.735+0000] {logging_mixin.py:190} INFO - [2025-10-10T09:40:22.735+0000] {dagbag.py:588} INFO - Filling up the DagBag from /home/airflow/.local/lib/python3.12/site-packages/airflow/example_dags/example_xcom.py
[2025-10-10T09:40:22.738+0000] {processor.py:925} INFO - DAG(s) 'example_xcom' retrieved from /home/airflow/.local/lib/python3.12/site-packages/airflow/example_dags/example_xcom.py
[2025-10-10T09:40:22.746+0000] {logging_mixin.py:190} INFO - [2025-10-10T09:40:22.746+0000] {dag.py:3239} INFO - Sync 1 DAGs
[2025-10-10T09:40:22.753+0000] {logging_mixin.py:190} INFO - [2025-10-10T09:40:22.753+0000] {dag.py:4180} INFO - Setting next_dagrun for example_xcom to 2021-01-01 00:00:00+00:00, run_after=2021-01-01 00:00:00+00:00
[2025-10-10T09:40:22.762+0000] {processor.py:208} INFO - Processing /home/airflow/.local/lib/python3.12/site-packages/airflow/example_dags/example_xcom.py took 0.031 seconds
[2025-10-10T09:40:53.932+0000] {processor.py:186} INFO - Started process (PID=407) to work on /home/airflow/.local/lib/python3.12/site-packages/airflow/example_dags/example_xcom.py
[2025-10-10T09:40:53.933+0000] {processor.py:914} INFO - Processing file /home/airflow/.local/lib/python3.12/site-packages/airflow/example_dags/example_xcom.py for tasks to queue
[2025-10-10T09:40:53.934+0000] {logging_mixin.py:190} INFO - [2025-10-10T09:40:53.934+0000] {dagbag.py:588} INFO - Filling up the DagBag from /home/airflow/.local/lib/python3.12/site-packages/airflow/example_dags/example_xcom.py
[2025-10-10T09:40:53.937+0000] {processor.py:925} INFO - DAG(s) 'example_xcom' retrieved from /home/airflow/.local/lib/python3.12/site-packages/airflow/example_dags/example_xcom.py
[2025-10-10T09:40:53.949+0000] {logging_mixin.py:190} INFO - [2025-10-10T09:40:53.949+0000] {dag.py:3239} INFO - Sync 1 DAGs
[2025-10-10T09:40:53.960+0000] {logging_mixin.py:190} INFO - [2025-10-10T09:40:53.959+0000] {dag.py:4180} INFO - Setting next_dagrun for example_xcom to 2021-01-01 00:00:00+00:00, run_after=2021-01-01 00:00:00+00:00
[2025-10-10T09:40:53.967+0000] {processor.py:208} INFO - Processing /home/airflow/.local/lib/python3.12/site-packages/airflow/example_dags/example_xcom.py took 0.037 seconds
[2025-10-10T09:41:25.048+0000] {processor.py:186} INFO - Started process (PID=471) to work on /home/airflow/.local/lib/python3.12/site-packages/airflow/example_dags/example_xcom.py
[2025-10-10T09:41:25.048+0000] {processor.py:914} INFO - Processing file /home/airflow/.local/lib/python3.12/site-packages/airflow/example_dags/example_xcom.py for tasks to queue
[2025-10-10T09:41:25.049+0000] {logging_mixin.py:190} INFO - [2025-10-10T09:41:25.049+0000] {dagbag.py:588} INFO - Filling up the DagBag from /home/airflow/.local/lib/python3.12/site-packages/airflow/example_dags/example_xcom.py
[2025-10-10T09:41:25.053+0000] {processor.py:925} INFO - DAG(s) 'example_xcom' retrieved from /home/airflow/.local/lib/python3.12/site-packages/airflow/example_dags/example_xcom.py
[2025-10-10T09:41:25.063+0000] {logging_mixin.py:190} INFO - [2025-10-10T09:41:25.063+0000] {dag.py:3239} INFO - Sync 1 DAGs
[2025-10-10T09:41:25.071+0000] {logging_mixin.py:190} INFO - [2025-10-10T09:41:25.071+0000] {dag.py:4180} INFO - Setting next_dagrun for example_xcom to 2021-01-01 00:00:00+00:00, run_after=2021-01-01 00:00:00+00:00
[2025-10-10T09:41:25.078+0000] {processor.py:208} INFO - Processing /home/airflow/.local/lib/python3.12/site-packages/airflow/example_dags/example_xcom.py took 0.033 seconds
[2025-10-10T09:41:56.281+0000] {processor.py:186} INFO - Started process (PID=535) to work on /home/airflow/.local/lib/python3.12/site-packages/airflow/example_dags/example_xcom.py
[2025-10-10T09:41:56.282+0000] {processor.py:914} INFO - Processing file /home/airflow/.local/lib/python3.12/site-packages/airflow/example_dags/example_xcom.py for tasks to queue
[2025-10-10T09:41:56.282+0000] {logging_mixin.py:190} INFO - [2025-10-10T09:41:56.282+0000] {dagbag.py:588} INFO - Filling up the DagBag from /home/airflow/.local/lib/python3.12/site-packages/airflow/example_dags/example_xcom.py
[2025-10-10T09:41:56.286+0000] {processor.py:925} INFO - DAG(s) 'example_xcom' retrieved from /home/airflow/.local/lib/python3.12/site-packages/airflow/example_dags/example_xcom.py
[2025-10-10T09:41:56.292+0000] {logging_mixin.py:190} INFO - [2025-10-10T09:41:56.292+0000] {dag.py:3239} INFO - Sync 1 DAGs
[2025-10-10T09:41:56.299+0000] {logging_mixin.py:190} INFO - [2025-10-10T09:41:56.299+0000] {dag.py:4180} INFO - Setting next_dagrun for example_xcom to 2021-01-01 00:00:00+00:00, run_after=2021-01-01 00:00:00+00:00
[2025-10-10T09:41:56.304+0000] {processor.py:208} INFO - Processing /home/airflow/.local/lib/python3.12/site-packages/airflow/example_dags/example_xcom.py took 0.025 seconds
[2025-10-10T09:42:27.348+0000] {processor.py:186} INFO - Started process (PID=599) to work on /home/airflow/.local/lib/python3.12/site-packages/airflow/example_dags/example_xcom.py
[2025-10-10T09:42:27.349+0000] {processor.py:914} INFO - Processing file /home/airflow/.local/lib/python3.12/site-packages/airflow/example_dags/example_xcom.py for tasks to queue
[2025-10-10T09:42:27.349+0000] {logging_mixin.py:190} INFO - [2025-10-10T09:42:27.349+0000] {dagbag.py:588} INFO - Filling up the DagBag from /home/airflow/.local/lib/python3.12/site-packages/airflow/example_dags/example_xcom.py
[2025-10-10T09:42:27.353+0000] {processor.py:925} INFO - DAG(s) 'example_xcom' retrieved from /home/airflow/.local/lib/python3.12/site-packages/airflow/example_dags/example_xcom.py
[2025-10-10T09:42:27.364+0000] {logging_mixin.py:190} INFO - [2025-10-10T09:42:27.363+0000] {dag.py:3239} INFO - Sync 1 DAGs
[2025-10-10T09:42:27.370+0000] {logging_mixin.py:190} INFO - [2025-10-10T09:42:27.370+0000] {dag.py:4180} INFO - Setting next_dagrun for example_xcom to 2021-01-01 00:00:00+00:00, run_after=2021-01-01 00:00:00+00:00
[2025-10-10T09:42:27.376+0000] {processor.py:208} INFO - Processing /home/airflow/.local/lib/python3.12/site-packages/airflow/example_dags/example_xcom.py took 0.030 seconds
[2025-10-10T09:42:58.620+0000] {processor.py:186} INFO - Started process (PID=663) to work on /home/airflow/.local/lib/python3.12/site-packages/airflow/example_dags/example_xcom.py
[2025-10-10T09:42:58.620+0000] {processor.py:914} INFO - Processing file /home/airflow/.local/lib/python3.12/site-packages/airflow/example_dags/example_xcom.py for tasks to queue
[2025-10-10T09:42:58.621+0000] {logging_mixin.py:190} INFO - [2025-10-10T09:42:58.621+0000] {dagbag.py:588} INFO - Filling up the DagBag from /home/airflow/.local/lib/python3.12/site-packages/airflow/example_dags/example_xcom.py
[2025-10-10T09:42:58.624+0000] {processor.py:925} INFO - DAG(s) 'example_xcom' retrieved from /home/airflow/.local/lib/python3.12/site-packages/airflow/example_dags/example_xcom.py
[2025-10-10T09:42:58.631+0000] {logging_mixin.py:190} INFO - [2025-10-10T09:42:58.631+0000] {dag.py:3239} INFO - Sync 1 DAGs
[2025-10-10T09:42:58.640+0000] {logging_mixin.py:190} INFO - [2025-10-10T09:42:58.640+0000] {dag.py:4180} INFO - Setting next_dagrun for example_xcom to 2021-01-01 00:00:00+00:00, run_after=2021-01-01 00:00:00+00:00
[2025-10-10T09:42:58.648+0000] {processor.py:208} INFO - Processing /home/airflow/.local/lib/python3.12/site-packages/airflow/example_dags/example_xcom.py took 0.031 seconds
[2025-10-10T09:43:29.691+0000] {processor.py:186} INFO - Started process (PID=727) to work on /home/airflow/.local/lib/python3.12/site-packages/airflow/example_dags/example_xcom.py
[2025-10-10T09:43:29.693+0000] {processor.py:914} INFO - Processing file /home/airflow/.local/lib/python3.12/site-packages/airflow/example_dags/example_xcom.py for tasks to queue
[2025-10-10T09:43:29.695+0000] {logging_mixin.py:190} INFO - [2025-10-10T09:43:29.695+0000] {dagbag.py:588} INFO - Filling up the DagBag from /home/airflow/.local/lib/python3.12/site-packages/airflow/example_dags/example_xcom.py
[2025-10-10T09:43:29.701+0000] {processor.py:925} INFO - DAG(s) 'example_xcom' retrieved from /home/airflow/.local/lib/python3.12/site-packages/airflow/example_dags/example_xcom.py
[2025-10-10T09:43:29.711+0000] {logging_mixin.py:190} INFO - [2025-10-10T09:43:29.711+0000] {dag.py:3239} INFO - Sync 1 DAGs
[2025-10-10T09:43:29.719+0000] {logging_mixin.py:190} INFO - [2025-10-10T09:43:29.719+0000] {dag.py:4180} INFO - Setting next_dagrun for example_xcom to 2021-01-01 00:00:00+00:00, run_after=2021-01-01 00:00:00+00:00
[2025-10-10T09:43:29.728+0000] {processor.py:208} INFO - Processing /home/airflow/.local/lib/python3.12/site-packages/airflow/example_dags/example_xcom.py took 0.039 seconds
[2025-10-10T09:44:10.391+0000] {processor.py:186} INFO - Started process (PID=94) to work on /home/airflow/.local/lib/python3.12/site-packages/airflow/example_dags/example_xcom.py
[2025-10-10T09:44:10.392+0000] {processor.py:914} INFO - Processing file /home/airflow/.local/lib/python3.12/site-packages/airflow/example_dags/example_xcom.py for tasks to queue
[2025-10-10T09:44:10.393+0000] {logging_mixin.py:190} INFO - [2025-10-10T09:44:10.393+0000] {dagbag.py:588} INFO - Filling up the DagBag from /home/airflow/.local/lib/python3.12/site-packages/airflow/example_dags/example_xcom.py
[2025-10-10T09:44:10.397+0000] {processor.py:925} INFO - DAG(s) 'example_xcom' retrieved from /home/airflow/.local/lib/python3.12/site-packages/airflow/example_dags/example_xcom.py
[2025-10-10T09:44:10.406+0000] {logging_mixin.py:190} INFO - [2025-10-10T09:44:10.406+0000] {dag.py:3239} INFO - Sync 1 DAGs
[2025-10-10T09:44:10.415+0000] {logging_mixin.py:190} INFO - [2025-10-10T09:44:10.415+0000] {dag.py:4180} INFO - Setting next_dagrun for example_xcom to 2021-01-01 00:00:00+00:00, run_after=2021-01-01 00:00:00+00:00
[2025-10-10T09:44:10.422+0000] {processor.py:208} INFO - Processing /home/airflow/.local/lib/python3.12/site-packages/airflow/example_dags/example_xcom.py took 0.033 seconds
[2025-10-10T09:44:41.537+0000] {processor.py:186} INFO - Started process (PID=158) to work on /home/airflow/.local/lib/python3.12/site-packages/airflow/example_dags/example_xcom.py
[2025-10-10T09:44:41.538+0000] {processor.py:914} INFO - Processing file /home/airflow/.local/lib/python3.12/site-packages/airflow/example_dags/example_xcom.py for tasks to queue
[2025-10-10T09:44:41.539+0000] {logging_mixin.py:190} INFO - [2025-10-10T09:44:41.539+0000] {dagbag.py:588} INFO - Filling up the DagBag from /home/airflow/.local/lib/python3.12/site-packages/airflow/example_dags/example_xcom.py
[2025-10-10T09:44:41.542+0000] {processor.py:925} INFO - DAG(s) 'example_xcom' retrieved from /home/airflow/.local/lib/python3.12/site-packages/airflow/example_dags/example_xcom.py
[2025-10-10T09:44:41.551+0000] {logging_mixin.py:190} INFO - [2025-10-10T09:44:41.551+0000] {dag.py:3239} INFO - Sync 1 DAGs
[2025-10-10T09:44:41.558+0000] {logging_mixin.py:190} INFO - [2025-10-10T09:44:41.558+0000] {dag.py:4180} INFO - Setting next_dagrun for example_xcom to 2021-01-01 00:00:00+00:00, run_after=2021-01-01 00:00:00+00:00
[2025-10-10T09:44:41.564+0000] {processor.py:208} INFO - Processing /home/airflow/.local/lib/python3.12/site-packages/airflow/example_dags/example_xcom.py took 0.028 seconds
[2025-10-10T09:45:12.594+0000] {processor.py:186} INFO - Started process (PID=222) to work on /home/airflow/.local/lib/python3.12/site-packages/airflow/example_dags/example_xcom.py
[2025-10-10T09:45:12.595+0000] {processor.py:914} INFO - Processing file /home/airflow/.local/lib/python3.12/site-packages/airflow/example_dags/example_xcom.py for tasks to queue
[2025-10-10T09:45:12.596+0000] {logging_mixin.py:190} INFO - [2025-10-10T09:45:12.596+0000] {dagbag.py:588} INFO - Filling up the DagBag from /home/airflow/.local/lib/python3.12/site-packages/airflow/example_dags/example_xcom.py
[2025-10-10T09:45:12.600+0000] {processor.py:925} INFO - DAG(s) 'example_xcom' retrieved from /home/airflow/.local/lib/python3.12/site-packages/airflow/example_dags/example_xcom.py
[2025-10-10T09:45:12.606+0000] {logging_mixin.py:190} INFO - [2025-10-10T09:45:12.606+0000] {dag.py:3239} INFO - Sync 1 DAGs
[2025-10-10T09:45:12.615+0000] {logging_mixin.py:190} INFO - [2025-10-10T09:45:12.614+0000] {dag.py:4180} INFO - Setting next_dagrun for example_xcom to 2021-01-01 00:00:00+00:00, run_after=2021-01-01 00:00:00+00:00
[2025-10-10T09:45:12.622+0000] {processor.py:208} INFO - Processing /home/airflow/.local/lib/python3.12/site-packages/airflow/example_dags/example_xcom.py took 0.031 seconds
[2025-10-10T09:45:43.576+0000] {processor.py:186} INFO - Started process (PID=294) to work on /home/airflow/.local/lib/python3.12/site-packages/airflow/example_dags/example_xcom.py
[2025-10-10T09:45:43.577+0000] {processor.py:914} INFO - Processing file /home/airflow/.local/lib/python3.12/site-packages/airflow/example_dags/example_xcom.py for tasks to queue
[2025-10-10T09:45:43.584+0000] {logging_mixin.py:190} INFO - [2025-10-10T09:45:43.584+0000] {dagbag.py:588} INFO - Filling up the DagBag from /home/airflow/.local/lib/python3.12/site-packages/airflow/example_dags/example_xcom.py
[2025-10-10T09:45:43.590+0000] {processor.py:925} INFO - DAG(s) 'example_xcom' retrieved from /home/airflow/.local/lib/python3.12/site-packages/airflow/example_dags/example_xcom.py
[2025-10-10T09:45:43.600+0000] {logging_mixin.py:190} INFO - [2025-10-10T09:45:43.600+0000] {dag.py:3239} INFO - Sync 1 DAGs
[2025-10-10T09:45:43.609+0000] {logging_mixin.py:190} INFO - [2025-10-10T09:45:43.609+0000] {dag.py:4180} INFO - Setting next_dagrun for example_xcom to 2021-01-01 00:00:00+00:00, run_after=2021-01-01 00:00:00+00:00
[2025-10-10T09:45:43.616+0000] {processor.py:208} INFO - Processing /home/airflow/.local/lib/python3.12/site-packages/airflow/example_dags/example_xcom.py took 0.048 seconds
[2025-10-10T09:46:14.682+0000] {processor.py:186} INFO - Started process (PID=358) to work on /home/airflow/.local/lib/python3.12/site-packages/airflow/example_dags/example_xcom.py
[2025-10-10T09:46:14.682+0000] {processor.py:914} INFO - Processing file /home/airflow/.local/lib/python3.12/site-packages/airflow/example_dags/example_xcom.py for tasks to queue
[2025-10-10T09:46:14.683+0000] {logging_mixin.py:190} INFO - [2025-10-10T09:46:14.683+0000] {dagbag.py:588} INFO - Filling up the DagBag from /home/airflow/.local/lib/python3.12/site-packages/airflow/example_dags/example_xcom.py
[2025-10-10T09:46:14.687+0000] {processor.py:925} INFO - DAG(s) 'example_xcom' retrieved from /home/airflow/.local/lib/python3.12/site-packages/airflow/example_dags/example_xcom.py
[2025-10-10T09:46:14.695+0000] {logging_mixin.py:190} INFO - [2025-10-10T09:46:14.695+0000] {dag.py:3239} INFO - Sync 1 DAGs
[2025-10-10T09:46:14.703+0000] {logging_mixin.py:190} INFO - [2025-10-10T09:46:14.703+0000] {dag.py:4180} INFO - Setting next_dagrun for example_xcom to 2021-01-01 00:00:00+00:00, run_after=2021-01-01 00:00:00+00:00
[2025-10-10T09:46:14.709+0000] {processor.py:208} INFO - Processing /home/airflow/.local/lib/python3.12/site-packages/airflow/example_dags/example_xcom.py took 0.030 seconds
[2025-10-10T09:46:45.595+0000] {processor.py:186} INFO - Started process (PID=422) to work on /home/airflow/.local/lib/python3.12/site-packages/airflow/example_dags/example_xcom.py
[2025-10-10T09:46:45.595+0000] {processor.py:914} INFO - Processing file /home/airflow/.local/lib/python3.12/site-packages/airflow/example_dags/example_xcom.py for tasks to queue
[2025-10-10T09:46:45.596+0000] {logging_mixin.py:190} INFO - [2025-10-10T09:46:45.596+0000] {dagbag.py:588} INFO - Filling up the DagBag from /home/airflow/.local/lib/python3.12/site-packages/airflow/example_dags/example_xcom.py
[2025-10-10T09:46:45.600+0000] {processor.py:925} INFO - DAG(s) 'example_xcom' retrieved from /home/airflow/.local/lib/python3.12/site-packages/airflow/example_dags/example_xcom.py
[2025-10-10T09:46:45.607+0000] {logging_mixin.py:190} INFO - [2025-10-10T09:46:45.607+0000] {dag.py:3239} INFO - Sync 1 DAGs
[2025-10-10T09:46:45.614+0000] {logging_mixin.py:190} INFO - [2025-10-10T09:46:45.614+0000] {dag.py:4180} INFO - Setting next_dagrun for example_xcom to 2021-01-01 00:00:00+00:00, run_after=2021-01-01 00:00:00+00:00
[2025-10-10T09:46:45.621+0000] {processor.py:208} INFO - Processing /home/airflow/.local/lib/python3.12/site-packages/airflow/example_dags/example_xcom.py took 0.029 seconds
[2025-10-10T09:47:16.686+0000] {processor.py:186} INFO - Started process (PID=486) to work on /home/airflow/.local/lib/python3.12/site-packages/airflow/example_dags/example_xcom.py
[2025-10-10T09:47:16.687+0000] {processor.py:914} INFO - Processing file /home/airflow/.local/lib/python3.12/site-packages/airflow/example_dags/example_xcom.py for tasks to queue
[2025-10-10T09:47:16.688+0000] {logging_mixin.py:190} INFO - [2025-10-10T09:47:16.688+0000] {dagbag.py:588} INFO - Filling up the DagBag from /home/airflow/.local/lib/python3.12/site-packages/airflow/example_dags/example_xcom.py
[2025-10-10T09:47:16.692+0000] {processor.py:925} INFO - DAG(s) 'example_xcom' retrieved from /home/airflow/.local/lib/python3.12/site-packages/airflow/example_dags/example_xcom.py
[2025-10-10T09:47:16.701+0000] {logging_mixin.py:190} INFO - [2025-10-10T09:47:16.701+0000] {dag.py:3239} INFO - Sync 1 DAGs
[2025-10-10T09:47:16.710+0000] {logging_mixin.py:190} INFO - [2025-10-10T09:47:16.710+0000] {dag.py:4180} INFO - Setting next_dagrun for example_xcom to 2021-01-01 00:00:00+00:00, run_after=2021-01-01 00:00:00+00:00
[2025-10-10T09:47:16.715+0000] {processor.py:208} INFO - Processing /home/airflow/.local/lib/python3.12/site-packages/airflow/example_dags/example_xcom.py took 0.031 seconds
[2025-10-10T09:47:47.717+0000] {processor.py:186} INFO - Started process (PID=550) to work on /home/airflow/.local/lib/python3.12/site-packages/airflow/example_dags/example_xcom.py
[2025-10-10T09:47:47.717+0000] {processor.py:914} INFO - Processing file /home/airflow/.local/lib/python3.12/site-packages/airflow/example_dags/example_xcom.py for tasks to queue
[2025-10-10T09:47:47.718+0000] {logging_mixin.py:190} INFO - [2025-10-10T09:47:47.718+0000] {dagbag.py:588} INFO - Filling up the DagBag from /home/airflow/.local/lib/python3.12/site-packages/airflow/example_dags/example_xcom.py
[2025-10-10T09:47:47.721+0000] {processor.py:925} INFO - DAG(s) 'example_xcom' retrieved from /home/airflow/.local/lib/python3.12/site-packages/airflow/example_dags/example_xcom.py
[2025-10-10T09:47:47.728+0000] {logging_mixin.py:190} INFO - [2025-10-10T09:47:47.728+0000] {dag.py:3239} INFO - Sync 1 DAGs
[2025-10-10T09:47:47.734+0000] {logging_mixin.py:190} INFO - [2025-10-10T09:47:47.734+0000] {dag.py:4180} INFO - Setting next_dagrun for example_xcom to 2021-01-01 00:00:00+00:00, run_after=2021-01-01 00:00:00+00:00
[2025-10-10T09:47:47.739+0000] {processor.py:208} INFO - Processing /home/airflow/.local/lib/python3.12/site-packages/airflow/example_dags/example_xcom.py took 0.024 seconds
[2025-10-10T09:48:18.147+0000] {processor.py:186} INFO - Started process (PID=614) to work on /home/airflow/.local/lib/python3.12/site-packages/airflow/example_dags/example_xcom.py
[2025-10-10T09:48:18.147+0000] {processor.py:914} INFO - Processing file /home/airflow/.local/lib/python3.12/site-packages/airflow/example_dags/example_xcom.py for tasks to queue
[2025-10-10T09:48:18.148+0000] {logging_mixin.py:190} INFO - [2025-10-10T09:48:18.148+0000] {dagbag.py:588} INFO - Filling up the DagBag from /home/airflow/.local/lib/python3.12/site-packages/airflow/example_dags/example_xcom.py
[2025-10-10T09:48:18.151+0000] {processor.py:925} INFO - DAG(s) 'example_xcom' retrieved from /home/airflow/.local/lib/python3.12/site-packages/airflow/example_dags/example_xcom.py
[2025-10-10T09:48:18.158+0000] {logging_mixin.py:190} INFO - [2025-10-10T09:48:18.158+0000] {dag.py:3239} INFO - Sync 1 DAGs
[2025-10-10T09:48:18.165+0000] {logging_mixin.py:190} INFO - [2025-10-10T09:48:18.165+0000] {dag.py:4180} INFO - Setting next_dagrun for example_xcom to 2021-01-01 00:00:00+00:00, run_after=2021-01-01 00:00:00+00:00
[2025-10-10T09:48:18.170+0000] {processor.py:208} INFO - Processing /home/airflow/.local/lib/python3.12/site-packages/airflow/example_dags/example_xcom.py took 0.025 seconds
[2025-10-10T09:48:48.429+0000] {processor.py:186} INFO - Started process (PID=678) to work on /home/airflow/.local/lib/python3.12/site-packages/airflow/example_dags/example_xcom.py
[2025-10-10T09:48:48.429+0000] {processor.py:914} INFO - Processing file /home/airflow/.local/lib/python3.12/site-packages/airflow/example_dags/example_xcom.py for tasks to queue
[2025-10-10T09:48:48.430+0000] {logging_mixin.py:190} INFO - [2025-10-10T09:48:48.430+0000] {dagbag.py:588} INFO - Filling up the DagBag from /home/airflow/.local/lib/python3.12/site-packages/airflow/example_dags/example_xcom.py
[2025-10-10T09:48:48.436+0000] {processor.py:925} INFO - DAG(s) 'example_xcom' retrieved from /home/airflow/.local/lib/python3.12/site-packages/airflow/example_dags/example_xcom.py
[2025-10-10T09:48:48.448+0000] {logging_mixin.py:190} INFO - [2025-10-10T09:48:48.448+0000] {dag.py:3239} INFO - Sync 1 DAGs
[2025-10-10T09:48:48.456+0000] {logging_mixin.py:190} INFO - [2025-10-10T09:48:48.456+0000] {dag.py:4180} INFO - Setting next_dagrun for example_xcom to 2021-01-01 00:00:00+00:00, run_after=2021-01-01 00:00:00+00:00
[2025-10-10T09:48:48.462+0000] {processor.py:208} INFO - Processing /home/airflow/.local/lib/python3.12/site-packages/airflow/example_dags/example_xcom.py took 0.036 seconds
