[2025-10-10T09:36:21.116+0000] {processor.py:186} INFO - Started process (PID=66) to work on /home/airflow/.local/lib/python3.12/site-packages/airflow/example_dags/example_bash_decorator.py
[2025-10-10T09:36:21.117+0000] {processor.py:914} INFO - Processing file /home/airflow/.local/lib/python3.12/site-packages/airflow/example_dags/example_bash_decorator.py for tasks to queue
[2025-10-10T09:36:21.117+0000] {logging_mixin.py:190} INFO - [2025-10-10T09:36:21.117+0000] {dagbag.py:588} INFO - Filling up the DagBag from /home/airflow/.local/lib/python3.12/site-packages/airflow/example_dags/example_bash_decorator.py
[2025-10-10T09:36:21.124+0000] {processor.py:925} INFO - DAG(s) 'example_bash_decorator' retrieved from /home/airflow/.local/lib/python3.12/site-packages/airflow/example_dags/example_bash_decorator.py
[2025-10-10T09:36:21.163+0000] {logging_mixin.py:190} INFO - [2025-10-10T09:36:21.163+0000] {override.py:1911} INFO - Created Permission View: can edit on DAG:example_bash_decorator
[2025-10-10T09:36:21.166+0000] {logging_mixin.py:190} INFO - [2025-10-10T09:36:21.166+0000] {override.py:1911} INFO - Created Permission View: can read on DAG:example_bash_decorator
[2025-10-10T09:36:21.168+0000] {logging_mixin.py:190} INFO - [2025-10-10T09:36:21.167+0000] {override.py:1911} INFO - Created Permission View: can delete on DAG:example_bash_decorator
[2025-10-10T09:36:21.170+0000] {logging_mixin.py:190} INFO - [2025-10-10T09:36:21.170+0000] {override.py:1911} INFO - Created Permission View: can read on DAG Run:example_bash_decorator
[2025-10-10T09:36:21.171+0000] {logging_mixin.py:190} INFO - [2025-10-10T09:36:21.171+0000] {override.py:1911} INFO - Created Permission View: menu access on DAG Run:example_bash_decorator
[2025-10-10T09:36:21.172+0000] {logging_mixin.py:190} INFO - [2025-10-10T09:36:21.172+0000] {override.py:1911} INFO - Created Permission View: can delete on DAG Run:example_bash_decorator
[2025-10-10T09:36:21.174+0000] {logging_mixin.py:190} INFO - [2025-10-10T09:36:21.174+0000] {override.py:1911} INFO - Created Permission View: can create on DAG Run:example_bash_decorator
[2025-10-10T09:36:21.174+0000] {logging_mixin.py:190} INFO - [2025-10-10T09:36:21.174+0000] {dag.py:3239} INFO - Sync 1 DAGs
[2025-10-10T09:36:21.178+0000] {logging_mixin.py:190} INFO - [2025-10-10T09:36:21.178+0000] {dag.py:3262} INFO - Creating ORM DAG for example_bash_decorator
[2025-10-10T09:36:21.178+0000] {logging_mixin.py:190} INFO - [2025-10-10T09:36:21.178+0000] {dag.py:4180} INFO - Setting next_dagrun for example_bash_decorator to None, run_after=None
[2025-10-10T09:36:21.183+0000] {processor.py:208} INFO - Processing /home/airflow/.local/lib/python3.12/site-packages/airflow/example_dags/example_bash_decorator.py took 0.069 seconds
[2025-10-10T09:36:51.248+0000] {processor.py:186} INFO - Started process (PID=129) to work on /home/airflow/.local/lib/python3.12/site-packages/airflow/example_dags/example_bash_decorator.py
[2025-10-10T09:36:51.251+0000] {processor.py:914} INFO - Processing file /home/airflow/.local/lib/python3.12/site-packages/airflow/example_dags/example_bash_decorator.py for tasks to queue
[2025-10-10T09:36:51.252+0000] {logging_mixin.py:190} INFO - [2025-10-10T09:36:51.252+0000] {dagbag.py:588} INFO - Filling up the DagBag from /home/airflow/.local/lib/python3.12/site-packages/airflow/example_dags/example_bash_decorator.py
[2025-10-10T09:36:51.258+0000] {processor.py:925} INFO - DAG(s) 'example_bash_decorator' retrieved from /home/airflow/.local/lib/python3.12/site-packages/airflow/example_dags/example_bash_decorator.py
[2025-10-10T09:36:51.267+0000] {logging_mixin.py:190} INFO - [2025-10-10T09:36:51.267+0000] {dag.py:3239} INFO - Sync 1 DAGs
[2025-10-10T09:36:51.272+0000] {logging_mixin.py:190} INFO - [2025-10-10T09:36:51.272+0000] {dag.py:4180} INFO - Setting next_dagrun for example_bash_decorator to None, run_after=None
[2025-10-10T09:36:51.278+0000] {processor.py:208} INFO - Processing /home/airflow/.local/lib/python3.12/site-packages/airflow/example_dags/example_bash_decorator.py took 0.032 seconds
[2025-10-10T09:37:22.399+0000] {processor.py:186} INFO - Started process (PID=192) to work on /home/airflow/.local/lib/python3.12/site-packages/airflow/example_dags/example_bash_decorator.py
[2025-10-10T09:37:22.402+0000] {processor.py:914} INFO - Processing file /home/airflow/.local/lib/python3.12/site-packages/airflow/example_dags/example_bash_decorator.py for tasks to queue
[2025-10-10T09:37:22.403+0000] {logging_mixin.py:190} INFO - [2025-10-10T09:37:22.403+0000] {dagbag.py:588} INFO - Filling up the DagBag from /home/airflow/.local/lib/python3.12/site-packages/airflow/example_dags/example_bash_decorator.py
[2025-10-10T09:37:22.410+0000] {processor.py:925} INFO - DAG(s) 'example_bash_decorator' retrieved from /home/airflow/.local/lib/python3.12/site-packages/airflow/example_dags/example_bash_decorator.py
[2025-10-10T09:37:22.421+0000] {logging_mixin.py:190} INFO - [2025-10-10T09:37:22.421+0000] {dag.py:3239} INFO - Sync 1 DAGs
[2025-10-10T09:37:22.429+0000] {logging_mixin.py:190} INFO - [2025-10-10T09:37:22.428+0000] {dag.py:4180} INFO - Setting next_dagrun for example_bash_decorator to None, run_after=None
[2025-10-10T09:37:22.435+0000] {processor.py:208} INFO - Processing /home/airflow/.local/lib/python3.12/site-packages/airflow/example_dags/example_bash_decorator.py took 0.038 seconds
[2025-10-10T09:37:52.700+0000] {processor.py:186} INFO - Started process (PID=255) to work on /home/airflow/.local/lib/python3.12/site-packages/airflow/example_dags/example_bash_decorator.py
[2025-10-10T09:37:52.700+0000] {processor.py:914} INFO - Processing file /home/airflow/.local/lib/python3.12/site-packages/airflow/example_dags/example_bash_decorator.py for tasks to queue
[2025-10-10T09:37:52.701+0000] {logging_mixin.py:190} INFO - [2025-10-10T09:37:52.701+0000] {dagbag.py:588} INFO - Filling up the DagBag from /home/airflow/.local/lib/python3.12/site-packages/airflow/example_dags/example_bash_decorator.py
[2025-10-10T09:37:52.707+0000] {processor.py:925} INFO - DAG(s) 'example_bash_decorator' retrieved from /home/airflow/.local/lib/python3.12/site-packages/airflow/example_dags/example_bash_decorator.py
[2025-10-10T09:37:52.715+0000] {logging_mixin.py:190} INFO - [2025-10-10T09:37:52.714+0000] {dag.py:3239} INFO - Sync 1 DAGs
[2025-10-10T09:37:52.719+0000] {logging_mixin.py:190} INFO - [2025-10-10T09:37:52.719+0000] {dag.py:4180} INFO - Setting next_dagrun for example_bash_decorator to None, run_after=None
[2025-10-10T09:37:52.724+0000] {processor.py:208} INFO - Processing /home/airflow/.local/lib/python3.12/site-packages/airflow/example_dags/example_bash_decorator.py took 0.027 seconds
[2025-10-10T09:38:17.228+0000] {processor.py:186} INFO - Started process (PID=62) to work on /home/airflow/.local/lib/python3.12/site-packages/airflow/example_dags/example_bash_decorator.py
[2025-10-10T09:38:17.228+0000] {processor.py:914} INFO - Processing file /home/airflow/.local/lib/python3.12/site-packages/airflow/example_dags/example_bash_decorator.py for tasks to queue
[2025-10-10T09:38:17.229+0000] {logging_mixin.py:190} INFO - [2025-10-10T09:38:17.229+0000] {dagbag.py:588} INFO - Filling up the DagBag from /home/airflow/.local/lib/python3.12/site-packages/airflow/example_dags/example_bash_decorator.py
[2025-10-10T09:38:17.235+0000] {processor.py:925} INFO - DAG(s) 'example_bash_decorator' retrieved from /home/airflow/.local/lib/python3.12/site-packages/airflow/example_dags/example_bash_decorator.py
[2025-10-10T09:38:17.272+0000] {logging_mixin.py:190} INFO - [2025-10-10T09:38:17.272+0000] {dag.py:3239} INFO - Sync 1 DAGs
[2025-10-10T09:38:17.275+0000] {logging_mixin.py:190} INFO - [2025-10-10T09:38:17.275+0000] {dag.py:4180} INFO - Setting next_dagrun for example_bash_decorator to None, run_after=None
[2025-10-10T09:38:17.283+0000] {processor.py:208} INFO - Processing /home/airflow/.local/lib/python3.12/site-packages/airflow/example_dags/example_bash_decorator.py took 0.057 seconds
[2025-10-10T09:38:48.339+0000] {processor.py:186} INFO - Started process (PID=126) to work on /home/airflow/.local/lib/python3.12/site-packages/airflow/example_dags/example_bash_decorator.py
[2025-10-10T09:38:48.340+0000] {processor.py:914} INFO - Processing file /home/airflow/.local/lib/python3.12/site-packages/airflow/example_dags/example_bash_decorator.py for tasks to queue
[2025-10-10T09:38:48.342+0000] {logging_mixin.py:190} INFO - [2025-10-10T09:38:48.341+0000] {dagbag.py:588} INFO - Filling up the DagBag from /home/airflow/.local/lib/python3.12/site-packages/airflow/example_dags/example_bash_decorator.py
[2025-10-10T09:38:48.348+0000] {processor.py:925} INFO - DAG(s) 'example_bash_decorator' retrieved from /home/airflow/.local/lib/python3.12/site-packages/airflow/example_dags/example_bash_decorator.py
[2025-10-10T09:38:48.355+0000] {logging_mixin.py:190} INFO - [2025-10-10T09:38:48.355+0000] {dag.py:3239} INFO - Sync 1 DAGs
[2025-10-10T09:38:48.360+0000] {logging_mixin.py:190} INFO - [2025-10-10T09:38:48.360+0000] {dag.py:4180} INFO - Setting next_dagrun for example_bash_decorator to None, run_after=None
[2025-10-10T09:38:48.370+0000] {processor.py:208} INFO - Processing /home/airflow/.local/lib/python3.12/site-packages/airflow/example_dags/example_bash_decorator.py took 0.033 seconds
[2025-10-10T09:39:19.458+0000] {processor.py:186} INFO - Started process (PID=190) to work on /home/airflow/.local/lib/python3.12/site-packages/airflow/example_dags/example_bash_decorator.py
[2025-10-10T09:39:19.462+0000] {processor.py:914} INFO - Processing file /home/airflow/.local/lib/python3.12/site-packages/airflow/example_dags/example_bash_decorator.py for tasks to queue
[2025-10-10T09:39:19.464+0000] {logging_mixin.py:190} INFO - [2025-10-10T09:39:19.464+0000] {dagbag.py:588} INFO - Filling up the DagBag from /home/airflow/.local/lib/python3.12/site-packages/airflow/example_dags/example_bash_decorator.py
[2025-10-10T09:39:19.471+0000] {processor.py:925} INFO - DAG(s) 'example_bash_decorator' retrieved from /home/airflow/.local/lib/python3.12/site-packages/airflow/example_dags/example_bash_decorator.py
[2025-10-10T09:39:19.481+0000] {logging_mixin.py:190} INFO - [2025-10-10T09:39:19.480+0000] {dag.py:3239} INFO - Sync 1 DAGs
[2025-10-10T09:39:19.485+0000] {logging_mixin.py:190} INFO - [2025-10-10T09:39:19.485+0000] {dag.py:4180} INFO - Setting next_dagrun for example_bash_decorator to None, run_after=None
[2025-10-10T09:39:19.493+0000] {processor.py:208} INFO - Processing /home/airflow/.local/lib/python3.12/site-packages/airflow/example_dags/example_bash_decorator.py took 0.037 seconds
[2025-10-10T09:39:50.592+0000] {processor.py:186} INFO - Started process (PID=254) to work on /home/airflow/.local/lib/python3.12/site-packages/airflow/example_dags/example_bash_decorator.py
[2025-10-10T09:39:50.593+0000] {processor.py:914} INFO - Processing file /home/airflow/.local/lib/python3.12/site-packages/airflow/example_dags/example_bash_decorator.py for tasks to queue
[2025-10-10T09:39:50.594+0000] {logging_mixin.py:190} INFO - [2025-10-10T09:39:50.593+0000] {dagbag.py:588} INFO - Filling up the DagBag from /home/airflow/.local/lib/python3.12/site-packages/airflow/example_dags/example_bash_decorator.py
[2025-10-10T09:39:50.601+0000] {processor.py:925} INFO - DAG(s) 'example_bash_decorator' retrieved from /home/airflow/.local/lib/python3.12/site-packages/airflow/example_dags/example_bash_decorator.py
[2025-10-10T09:39:50.611+0000] {logging_mixin.py:190} INFO - [2025-10-10T09:39:50.611+0000] {dag.py:3239} INFO - Sync 1 DAGs
[2025-10-10T09:39:50.616+0000] {logging_mixin.py:190} INFO - [2025-10-10T09:39:50.616+0000] {dag.py:4180} INFO - Setting next_dagrun for example_bash_decorator to None, run_after=None
[2025-10-10T09:39:50.622+0000] {processor.py:208} INFO - Processing /home/airflow/.local/lib/python3.12/site-packages/airflow/example_dags/example_bash_decorator.py took 0.032 seconds
[2025-10-10T09:40:21.816+0000] {processor.py:186} INFO - Started process (PID=318) to work on /home/airflow/.local/lib/python3.12/site-packages/airflow/example_dags/example_bash_decorator.py
[2025-10-10T09:40:21.817+0000] {processor.py:914} INFO - Processing file /home/airflow/.local/lib/python3.12/site-packages/airflow/example_dags/example_bash_decorator.py for tasks to queue
[2025-10-10T09:40:21.817+0000] {logging_mixin.py:190} INFO - [2025-10-10T09:40:21.817+0000] {dagbag.py:588} INFO - Filling up the DagBag from /home/airflow/.local/lib/python3.12/site-packages/airflow/example_dags/example_bash_decorator.py
[2025-10-10T09:40:21.823+0000] {processor.py:925} INFO - DAG(s) 'example_bash_decorator' retrieved from /home/airflow/.local/lib/python3.12/site-packages/airflow/example_dags/example_bash_decorator.py
[2025-10-10T09:40:21.834+0000] {logging_mixin.py:190} INFO - [2025-10-10T09:40:21.834+0000] {dag.py:3239} INFO - Sync 1 DAGs
[2025-10-10T09:40:21.840+0000] {logging_mixin.py:190} INFO - [2025-10-10T09:40:21.840+0000] {dag.py:4180} INFO - Setting next_dagrun for example_bash_decorator to None, run_after=None
[2025-10-10T09:40:21.847+0000] {processor.py:208} INFO - Processing /home/airflow/.local/lib/python3.12/site-packages/airflow/example_dags/example_bash_decorator.py took 0.034 seconds
[2025-10-10T09:40:53.065+0000] {processor.py:186} INFO - Started process (PID=382) to work on /home/airflow/.local/lib/python3.12/site-packages/airflow/example_dags/example_bash_decorator.py
[2025-10-10T09:40:53.066+0000] {processor.py:914} INFO - Processing file /home/airflow/.local/lib/python3.12/site-packages/airflow/example_dags/example_bash_decorator.py for tasks to queue
[2025-10-10T09:40:53.066+0000] {logging_mixin.py:190} INFO - [2025-10-10T09:40:53.066+0000] {dagbag.py:588} INFO - Filling up the DagBag from /home/airflow/.local/lib/python3.12/site-packages/airflow/example_dags/example_bash_decorator.py
[2025-10-10T09:40:53.071+0000] {processor.py:925} INFO - DAG(s) 'example_bash_decorator' retrieved from /home/airflow/.local/lib/python3.12/site-packages/airflow/example_dags/example_bash_decorator.py
[2025-10-10T09:40:53.078+0000] {logging_mixin.py:190} INFO - [2025-10-10T09:40:53.078+0000] {dag.py:3239} INFO - Sync 1 DAGs
[2025-10-10T09:40:53.083+0000] {logging_mixin.py:190} INFO - [2025-10-10T09:40:53.083+0000] {dag.py:4180} INFO - Setting next_dagrun for example_bash_decorator to None, run_after=None
[2025-10-10T09:40:53.087+0000] {processor.py:208} INFO - Processing /home/airflow/.local/lib/python3.12/site-packages/airflow/example_dags/example_bash_decorator.py took 0.024 seconds
[2025-10-10T09:41:24.232+0000] {processor.py:186} INFO - Started process (PID=446) to work on /home/airflow/.local/lib/python3.12/site-packages/airflow/example_dags/example_bash_decorator.py
[2025-10-10T09:41:24.233+0000] {processor.py:914} INFO - Processing file /home/airflow/.local/lib/python3.12/site-packages/airflow/example_dags/example_bash_decorator.py for tasks to queue
[2025-10-10T09:41:24.233+0000] {logging_mixin.py:190} INFO - [2025-10-10T09:41:24.233+0000] {dagbag.py:588} INFO - Filling up the DagBag from /home/airflow/.local/lib/python3.12/site-packages/airflow/example_dags/example_bash_decorator.py
[2025-10-10T09:41:24.239+0000] {processor.py:925} INFO - DAG(s) 'example_bash_decorator' retrieved from /home/airflow/.local/lib/python3.12/site-packages/airflow/example_dags/example_bash_decorator.py
[2025-10-10T09:41:24.250+0000] {logging_mixin.py:190} INFO - [2025-10-10T09:41:24.250+0000] {dag.py:3239} INFO - Sync 1 DAGs
[2025-10-10T09:41:24.254+0000] {logging_mixin.py:190} INFO - [2025-10-10T09:41:24.254+0000] {dag.py:4180} INFO - Setting next_dagrun for example_bash_decorator to None, run_after=None
[2025-10-10T09:41:24.260+0000] {processor.py:208} INFO - Processing /home/airflow/.local/lib/python3.12/site-packages/airflow/example_dags/example_bash_decorator.py took 0.029 seconds
[2025-10-10T09:41:55.417+0000] {processor.py:186} INFO - Started process (PID=510) to work on /home/airflow/.local/lib/python3.12/site-packages/airflow/example_dags/example_bash_decorator.py
[2025-10-10T09:41:55.417+0000] {processor.py:914} INFO - Processing file /home/airflow/.local/lib/python3.12/site-packages/airflow/example_dags/example_bash_decorator.py for tasks to queue
[2025-10-10T09:41:55.418+0000] {logging_mixin.py:190} INFO - [2025-10-10T09:41:55.418+0000] {dagbag.py:588} INFO - Filling up the DagBag from /home/airflow/.local/lib/python3.12/site-packages/airflow/example_dags/example_bash_decorator.py
[2025-10-10T09:41:55.423+0000] {processor.py:925} INFO - DAG(s) 'example_bash_decorator' retrieved from /home/airflow/.local/lib/python3.12/site-packages/airflow/example_dags/example_bash_decorator.py
[2025-10-10T09:41:55.430+0000] {logging_mixin.py:190} INFO - [2025-10-10T09:41:55.430+0000] {dag.py:3239} INFO - Sync 1 DAGs
[2025-10-10T09:41:55.434+0000] {logging_mixin.py:190} INFO - [2025-10-10T09:41:55.434+0000] {dag.py:4180} INFO - Setting next_dagrun for example_bash_decorator to None, run_after=None
[2025-10-10T09:41:55.439+0000] {processor.py:208} INFO - Processing /home/airflow/.local/lib/python3.12/site-packages/airflow/example_dags/example_bash_decorator.py took 0.024 seconds
[2025-10-10T09:42:26.523+0000] {processor.py:186} INFO - Started process (PID=574) to work on /home/airflow/.local/lib/python3.12/site-packages/airflow/example_dags/example_bash_decorator.py
[2025-10-10T09:42:26.523+0000] {processor.py:914} INFO - Processing file /home/airflow/.local/lib/python3.12/site-packages/airflow/example_dags/example_bash_decorator.py for tasks to queue
[2025-10-10T09:42:26.524+0000] {logging_mixin.py:190} INFO - [2025-10-10T09:42:26.524+0000] {dagbag.py:588} INFO - Filling up the DagBag from /home/airflow/.local/lib/python3.12/site-packages/airflow/example_dags/example_bash_decorator.py
[2025-10-10T09:42:26.530+0000] {processor.py:925} INFO - DAG(s) 'example_bash_decorator' retrieved from /home/airflow/.local/lib/python3.12/site-packages/airflow/example_dags/example_bash_decorator.py
[2025-10-10T09:42:26.539+0000] {logging_mixin.py:190} INFO - [2025-10-10T09:42:26.539+0000] {dag.py:3239} INFO - Sync 1 DAGs
[2025-10-10T09:42:26.544+0000] {logging_mixin.py:190} INFO - [2025-10-10T09:42:26.544+0000] {dag.py:4180} INFO - Setting next_dagrun for example_bash_decorator to None, run_after=None
[2025-10-10T09:42:26.553+0000] {processor.py:208} INFO - Processing /home/airflow/.local/lib/python3.12/site-packages/airflow/example_dags/example_bash_decorator.py took 0.032 seconds
[2025-10-10T09:42:57.748+0000] {processor.py:186} INFO - Started process (PID=638) to work on /home/airflow/.local/lib/python3.12/site-packages/airflow/example_dags/example_bash_decorator.py
[2025-10-10T09:42:57.748+0000] {processor.py:914} INFO - Processing file /home/airflow/.local/lib/python3.12/site-packages/airflow/example_dags/example_bash_decorator.py for tasks to queue
[2025-10-10T09:42:57.750+0000] {logging_mixin.py:190} INFO - [2025-10-10T09:42:57.750+0000] {dagbag.py:588} INFO - Filling up the DagBag from /home/airflow/.local/lib/python3.12/site-packages/airflow/example_dags/example_bash_decorator.py
[2025-10-10T09:42:57.755+0000] {processor.py:925} INFO - DAG(s) 'example_bash_decorator' retrieved from /home/airflow/.local/lib/python3.12/site-packages/airflow/example_dags/example_bash_decorator.py
[2025-10-10T09:42:57.763+0000] {logging_mixin.py:190} INFO - [2025-10-10T09:42:57.763+0000] {dag.py:3239} INFO - Sync 1 DAGs
[2025-10-10T09:42:57.767+0000] {logging_mixin.py:190} INFO - [2025-10-10T09:42:57.767+0000] {dag.py:4180} INFO - Setting next_dagrun for example_bash_decorator to None, run_after=None
[2025-10-10T09:42:57.775+0000] {processor.py:208} INFO - Processing /home/airflow/.local/lib/python3.12/site-packages/airflow/example_dags/example_bash_decorator.py took 0.029 seconds
[2025-10-10T09:43:28.840+0000] {processor.py:186} INFO - Started process (PID=702) to work on /home/airflow/.local/lib/python3.12/site-packages/airflow/example_dags/example_bash_decorator.py
[2025-10-10T09:43:28.843+0000] {processor.py:914} INFO - Processing file /home/airflow/.local/lib/python3.12/site-packages/airflow/example_dags/example_bash_decorator.py for tasks to queue
[2025-10-10T09:43:28.845+0000] {logging_mixin.py:190} INFO - [2025-10-10T09:43:28.845+0000] {dagbag.py:588} INFO - Filling up the DagBag from /home/airflow/.local/lib/python3.12/site-packages/airflow/example_dags/example_bash_decorator.py
[2025-10-10T09:43:28.850+0000] {processor.py:925} INFO - DAG(s) 'example_bash_decorator' retrieved from /home/airflow/.local/lib/python3.12/site-packages/airflow/example_dags/example_bash_decorator.py
[2025-10-10T09:43:28.858+0000] {logging_mixin.py:190} INFO - [2025-10-10T09:43:28.858+0000] {dag.py:3239} INFO - Sync 1 DAGs
[2025-10-10T09:43:28.863+0000] {logging_mixin.py:190} INFO - [2025-10-10T09:43:28.863+0000] {dag.py:4180} INFO - Setting next_dagrun for example_bash_decorator to None, run_after=None
[2025-10-10T09:43:28.871+0000] {processor.py:208} INFO - Processing /home/airflow/.local/lib/python3.12/site-packages/airflow/example_dags/example_bash_decorator.py took 0.033 seconds
[2025-10-10T09:44:09.433+0000] {processor.py:186} INFO - Started process (PID=69) to work on /home/airflow/.local/lib/python3.12/site-packages/airflow/example_dags/example_bash_decorator.py
[2025-10-10T09:44:09.436+0000] {processor.py:914} INFO - Processing file /home/airflow/.local/lib/python3.12/site-packages/airflow/example_dags/example_bash_decorator.py for tasks to queue
[2025-10-10T09:44:09.437+0000] {logging_mixin.py:190} INFO - [2025-10-10T09:44:09.437+0000] {dagbag.py:588} INFO - Filling up the DagBag from /home/airflow/.local/lib/python3.12/site-packages/airflow/example_dags/example_bash_decorator.py
[2025-10-10T09:44:09.444+0000] {processor.py:925} INFO - DAG(s) 'example_bash_decorator' retrieved from /home/airflow/.local/lib/python3.12/site-packages/airflow/example_dags/example_bash_decorator.py
[2025-10-10T09:44:09.483+0000] {logging_mixin.py:190} INFO - [2025-10-10T09:44:09.483+0000] {dag.py:3239} INFO - Sync 1 DAGs
[2025-10-10T09:44:09.488+0000] {logging_mixin.py:190} INFO - [2025-10-10T09:44:09.488+0000] {dag.py:4180} INFO - Setting next_dagrun for example_bash_decorator to None, run_after=None
[2025-10-10T09:44:09.495+0000] {processor.py:208} INFO - Processing /home/airflow/.local/lib/python3.12/site-packages/airflow/example_dags/example_bash_decorator.py took 0.064 seconds
[2025-10-10T09:44:39.687+0000] {processor.py:186} INFO - Started process (PID=133) to work on /home/airflow/.local/lib/python3.12/site-packages/airflow/example_dags/example_bash_decorator.py
[2025-10-10T09:44:39.688+0000] {processor.py:914} INFO - Processing file /home/airflow/.local/lib/python3.12/site-packages/airflow/example_dags/example_bash_decorator.py for tasks to queue
[2025-10-10T09:44:39.689+0000] {logging_mixin.py:190} INFO - [2025-10-10T09:44:39.689+0000] {dagbag.py:588} INFO - Filling up the DagBag from /home/airflow/.local/lib/python3.12/site-packages/airflow/example_dags/example_bash_decorator.py
[2025-10-10T09:44:39.696+0000] {processor.py:925} INFO - DAG(s) 'example_bash_decorator' retrieved from /home/airflow/.local/lib/python3.12/site-packages/airflow/example_dags/example_bash_decorator.py
[2025-10-10T09:44:39.704+0000] {logging_mixin.py:190} INFO - [2025-10-10T09:44:39.704+0000] {dag.py:3239} INFO - Sync 1 DAGs
[2025-10-10T09:44:39.708+0000] {logging_mixin.py:190} INFO - [2025-10-10T09:44:39.708+0000] {dag.py:4180} INFO - Setting next_dagrun for example_bash_decorator to None, run_after=None
[2025-10-10T09:44:39.715+0000] {processor.py:208} INFO - Processing /home/airflow/.local/lib/python3.12/site-packages/airflow/example_dags/example_bash_decorator.py took 0.030 seconds
[2025-10-10T09:45:10.768+0000] {processor.py:186} INFO - Started process (PID=197) to work on /home/airflow/.local/lib/python3.12/site-packages/airflow/example_dags/example_bash_decorator.py
[2025-10-10T09:45:10.769+0000] {processor.py:914} INFO - Processing file /home/airflow/.local/lib/python3.12/site-packages/airflow/example_dags/example_bash_decorator.py for tasks to queue
[2025-10-10T09:45:10.770+0000] {logging_mixin.py:190} INFO - [2025-10-10T09:45:10.769+0000] {dagbag.py:588} INFO - Filling up the DagBag from /home/airflow/.local/lib/python3.12/site-packages/airflow/example_dags/example_bash_decorator.py
[2025-10-10T09:45:10.775+0000] {processor.py:925} INFO - DAG(s) 'example_bash_decorator' retrieved from /home/airflow/.local/lib/python3.12/site-packages/airflow/example_dags/example_bash_decorator.py
[2025-10-10T09:45:10.783+0000] {logging_mixin.py:190} INFO - [2025-10-10T09:45:10.783+0000] {dag.py:3239} INFO - Sync 1 DAGs
[2025-10-10T09:45:10.788+0000] {logging_mixin.py:190} INFO - [2025-10-10T09:45:10.788+0000] {dag.py:4180} INFO - Setting next_dagrun for example_bash_decorator to None, run_after=None
[2025-10-10T09:45:10.793+0000] {processor.py:208} INFO - Processing /home/airflow/.local/lib/python3.12/site-packages/airflow/example_dags/example_bash_decorator.py took 0.027 seconds
[2025-10-10T09:45:41.745+0000] {processor.py:186} INFO - Started process (PID=269) to work on /home/airflow/.local/lib/python3.12/site-packages/airflow/example_dags/example_bash_decorator.py
[2025-10-10T09:45:41.745+0000] {processor.py:914} INFO - Processing file /home/airflow/.local/lib/python3.12/site-packages/airflow/example_dags/example_bash_decorator.py for tasks to queue
[2025-10-10T09:45:41.746+0000] {logging_mixin.py:190} INFO - [2025-10-10T09:45:41.746+0000] {dagbag.py:588} INFO - Filling up the DagBag from /home/airflow/.local/lib/python3.12/site-packages/airflow/example_dags/example_bash_decorator.py
[2025-10-10T09:45:41.751+0000] {processor.py:925} INFO - DAG(s) 'example_bash_decorator' retrieved from /home/airflow/.local/lib/python3.12/site-packages/airflow/example_dags/example_bash_decorator.py
[2025-10-10T09:45:41.760+0000] {logging_mixin.py:190} INFO - [2025-10-10T09:45:41.760+0000] {dag.py:3239} INFO - Sync 1 DAGs
[2025-10-10T09:45:41.765+0000] {logging_mixin.py:190} INFO - [2025-10-10T09:45:41.765+0000] {dag.py:4180} INFO - Setting next_dagrun for example_bash_decorator to None, run_after=None
[2025-10-10T09:45:41.770+0000] {processor.py:208} INFO - Processing /home/airflow/.local/lib/python3.12/site-packages/airflow/example_dags/example_bash_decorator.py took 0.028 seconds
[2025-10-10T09:46:12.770+0000] {processor.py:186} INFO - Started process (PID=333) to work on /home/airflow/.local/lib/python3.12/site-packages/airflow/example_dags/example_bash_decorator.py
[2025-10-10T09:46:12.771+0000] {processor.py:914} INFO - Processing file /home/airflow/.local/lib/python3.12/site-packages/airflow/example_dags/example_bash_decorator.py for tasks to queue
[2025-10-10T09:46:12.772+0000] {logging_mixin.py:190} INFO - [2025-10-10T09:46:12.772+0000] {dagbag.py:588} INFO - Filling up the DagBag from /home/airflow/.local/lib/python3.12/site-packages/airflow/example_dags/example_bash_decorator.py
[2025-10-10T09:46:12.777+0000] {processor.py:925} INFO - DAG(s) 'example_bash_decorator' retrieved from /home/airflow/.local/lib/python3.12/site-packages/airflow/example_dags/example_bash_decorator.py
[2025-10-10T09:46:12.784+0000] {logging_mixin.py:190} INFO - [2025-10-10T09:46:12.784+0000] {dag.py:3239} INFO - Sync 1 DAGs
[2025-10-10T09:46:12.788+0000] {logging_mixin.py:190} INFO - [2025-10-10T09:46:12.788+0000] {dag.py:4180} INFO - Setting next_dagrun for example_bash_decorator to None, run_after=None
[2025-10-10T09:46:12.793+0000] {processor.py:208} INFO - Processing /home/airflow/.local/lib/python3.12/site-packages/airflow/example_dags/example_bash_decorator.py took 0.025 seconds
[2025-10-10T09:46:43.853+0000] {processor.py:186} INFO - Started process (PID=397) to work on /home/airflow/.local/lib/python3.12/site-packages/airflow/example_dags/example_bash_decorator.py
[2025-10-10T09:46:43.854+0000] {processor.py:914} INFO - Processing file /home/airflow/.local/lib/python3.12/site-packages/airflow/example_dags/example_bash_decorator.py for tasks to queue
[2025-10-10T09:46:43.854+0000] {logging_mixin.py:190} INFO - [2025-10-10T09:46:43.854+0000] {dagbag.py:588} INFO - Filling up the DagBag from /home/airflow/.local/lib/python3.12/site-packages/airflow/example_dags/example_bash_decorator.py
[2025-10-10T09:46:43.860+0000] {processor.py:925} INFO - DAG(s) 'example_bash_decorator' retrieved from /home/airflow/.local/lib/python3.12/site-packages/airflow/example_dags/example_bash_decorator.py
[2025-10-10T09:46:43.869+0000] {logging_mixin.py:190} INFO - [2025-10-10T09:46:43.869+0000] {dag.py:3239} INFO - Sync 1 DAGs
[2025-10-10T09:46:43.874+0000] {logging_mixin.py:190} INFO - [2025-10-10T09:46:43.874+0000] {dag.py:4180} INFO - Setting next_dagrun for example_bash_decorator to None, run_after=None
[2025-10-10T09:46:43.879+0000] {processor.py:208} INFO - Processing /home/airflow/.local/lib/python3.12/site-packages/airflow/example_dags/example_bash_decorator.py took 0.028 seconds
[2025-10-10T09:47:14.860+0000] {processor.py:186} INFO - Started process (PID=461) to work on /home/airflow/.local/lib/python3.12/site-packages/airflow/example_dags/example_bash_decorator.py
[2025-10-10T09:47:14.860+0000] {processor.py:914} INFO - Processing file /home/airflow/.local/lib/python3.12/site-packages/airflow/example_dags/example_bash_decorator.py for tasks to queue
[2025-10-10T09:47:14.861+0000] {logging_mixin.py:190} INFO - [2025-10-10T09:47:14.861+0000] {dagbag.py:588} INFO - Filling up the DagBag from /home/airflow/.local/lib/python3.12/site-packages/airflow/example_dags/example_bash_decorator.py
[2025-10-10T09:47:14.868+0000] {processor.py:925} INFO - DAG(s) 'example_bash_decorator' retrieved from /home/airflow/.local/lib/python3.12/site-packages/airflow/example_dags/example_bash_decorator.py
[2025-10-10T09:47:14.879+0000] {logging_mixin.py:190} INFO - [2025-10-10T09:47:14.878+0000] {dag.py:3239} INFO - Sync 1 DAGs
[2025-10-10T09:47:14.884+0000] {logging_mixin.py:190} INFO - [2025-10-10T09:47:14.884+0000] {dag.py:4180} INFO - Setting next_dagrun for example_bash_decorator to None, run_after=None
[2025-10-10T09:47:14.889+0000] {processor.py:208} INFO - Processing /home/airflow/.local/lib/python3.12/site-packages/airflow/example_dags/example_bash_decorator.py took 0.031 seconds
[2025-10-10T09:47:45.928+0000] {processor.py:186} INFO - Started process (PID=525) to work on /home/airflow/.local/lib/python3.12/site-packages/airflow/example_dags/example_bash_decorator.py
[2025-10-10T09:47:45.929+0000] {processor.py:914} INFO - Processing file /home/airflow/.local/lib/python3.12/site-packages/airflow/example_dags/example_bash_decorator.py for tasks to queue
[2025-10-10T09:47:45.930+0000] {logging_mixin.py:190} INFO - [2025-10-10T09:47:45.930+0000] {dagbag.py:588} INFO - Filling up the DagBag from /home/airflow/.local/lib/python3.12/site-packages/airflow/example_dags/example_bash_decorator.py
[2025-10-10T09:47:45.935+0000] {processor.py:925} INFO - DAG(s) 'example_bash_decorator' retrieved from /home/airflow/.local/lib/python3.12/site-packages/airflow/example_dags/example_bash_decorator.py
[2025-10-10T09:47:45.947+0000] {logging_mixin.py:190} INFO - [2025-10-10T09:47:45.947+0000] {dag.py:3239} INFO - Sync 1 DAGs
[2025-10-10T09:47:45.953+0000] {logging_mixin.py:190} INFO - [2025-10-10T09:47:45.952+0000] {dag.py:4180} INFO - Setting next_dagrun for example_bash_decorator to None, run_after=None
[2025-10-10T09:47:45.961+0000] {processor.py:208} INFO - Processing /home/airflow/.local/lib/python3.12/site-packages/airflow/example_dags/example_bash_decorator.py took 0.035 seconds
[2025-10-10T09:48:17.151+0000] {processor.py:186} INFO - Started process (PID=589) to work on /home/airflow/.local/lib/python3.12/site-packages/airflow/example_dags/example_bash_decorator.py
[2025-10-10T09:48:17.153+0000] {processor.py:914} INFO - Processing file /home/airflow/.local/lib/python3.12/site-packages/airflow/example_dags/example_bash_decorator.py for tasks to queue
[2025-10-10T09:48:17.155+0000] {logging_mixin.py:190} INFO - [2025-10-10T09:48:17.155+0000] {dagbag.py:588} INFO - Filling up the DagBag from /home/airflow/.local/lib/python3.12/site-packages/airflow/example_dags/example_bash_decorator.py
[2025-10-10T09:48:17.163+0000] {processor.py:925} INFO - DAG(s) 'example_bash_decorator' retrieved from /home/airflow/.local/lib/python3.12/site-packages/airflow/example_dags/example_bash_decorator.py
[2025-10-10T09:48:17.174+0000] {logging_mixin.py:190} INFO - [2025-10-10T09:48:17.174+0000] {dag.py:3239} INFO - Sync 1 DAGs
[2025-10-10T09:48:17.179+0000] {logging_mixin.py:190} INFO - [2025-10-10T09:48:17.179+0000] {dag.py:4180} INFO - Setting next_dagrun for example_bash_decorator to None, run_after=None
[2025-10-10T09:48:17.184+0000] {processor.py:208} INFO - Processing /home/airflow/.local/lib/python3.12/site-packages/airflow/example_dags/example_bash_decorator.py took 0.036 seconds
[2025-10-10T09:48:47.413+0000] {processor.py:186} INFO - Started process (PID=653) to work on /home/airflow/.local/lib/python3.12/site-packages/airflow/example_dags/example_bash_decorator.py
[2025-10-10T09:48:47.413+0000] {processor.py:914} INFO - Processing file /home/airflow/.local/lib/python3.12/site-packages/airflow/example_dags/example_bash_decorator.py for tasks to queue
[2025-10-10T09:48:47.414+0000] {logging_mixin.py:190} INFO - [2025-10-10T09:48:47.414+0000] {dagbag.py:588} INFO - Filling up the DagBag from /home/airflow/.local/lib/python3.12/site-packages/airflow/example_dags/example_bash_decorator.py
[2025-10-10T09:48:47.419+0000] {processor.py:925} INFO - DAG(s) 'example_bash_decorator' retrieved from /home/airflow/.local/lib/python3.12/site-packages/airflow/example_dags/example_bash_decorator.py
[2025-10-10T09:48:47.431+0000] {logging_mixin.py:190} INFO - [2025-10-10T09:48:47.431+0000] {dag.py:3239} INFO - Sync 1 DAGs
[2025-10-10T09:48:47.435+0000] {logging_mixin.py:190} INFO - [2025-10-10T09:48:47.435+0000] {dag.py:4180} INFO - Setting next_dagrun for example_bash_decorator to None, run_after=None
[2025-10-10T09:48:47.442+0000] {processor.py:208} INFO - Processing /home/airflow/.local/lib/python3.12/site-packages/airflow/example_dags/example_bash_decorator.py took 0.031 seconds
