[2025-10-10T09:36:21.777+0000] {processor.py:186} INFO - Started process (PID=78) to work on /home/airflow/.local/lib/python3.12/site-packages/airflow/example_dags/example_nested_branch_dag.py
[2025-10-10T09:36:21.777+0000] {processor.py:914} INFO - Processing file /home/airflow/.local/lib/python3.12/site-packages/airflow/example_dags/example_nested_branch_dag.py for tasks to queue
[2025-10-10T09:36:21.779+0000] {logging_mixin.py:190} INFO - [2025-10-10T09:36:21.779+0000] {dagbag.py:588} INFO - Filling up the DagBag from /home/airflow/.local/lib/python3.12/site-packages/airflow/example_dags/example_nested_branch_dag.py
[2025-10-10T09:36:21.788+0000] {processor.py:925} INFO - DAG(s) 'example_nested_branch_dag' retrieved from /home/airflow/.local/lib/python3.12/site-packages/airflow/example_dags/example_nested_branch_dag.py
[2025-10-10T09:36:21.845+0000] {logging_mixin.py:190} INFO - [2025-10-10T09:36:21.844+0000] {override.py:1911} INFO - Created Permission View: can edit on DAG:example_nested_branch_dag
[2025-10-10T09:36:21.850+0000] {logging_mixin.py:190} INFO - [2025-10-10T09:36:21.850+0000] {override.py:1911} INFO - Created Permission View: can read on DAG:example_nested_branch_dag
[2025-10-10T09:36:21.854+0000] {logging_mixin.py:190} INFO - [2025-10-10T09:36:21.854+0000] {override.py:1911} INFO - Created Permission View: can delete on DAG:example_nested_branch_dag
[2025-10-10T09:36:21.857+0000] {logging_mixin.py:190} INFO - [2025-10-10T09:36:21.857+0000] {override.py:1911} INFO - Created Permission View: can read on DAG Run:example_nested_branch_dag
[2025-10-10T09:36:21.861+0000] {logging_mixin.py:190} INFO - [2025-10-10T09:36:21.861+0000] {override.py:1911} INFO - Created Permission View: menu access on DAG Run:example_nested_branch_dag
[2025-10-10T09:36:21.864+0000] {logging_mixin.py:190} INFO - [2025-10-10T09:36:21.864+0000] {override.py:1911} INFO - Created Permission View: can delete on DAG Run:example_nested_branch_dag
[2025-10-10T09:36:21.867+0000] {logging_mixin.py:190} INFO - [2025-10-10T09:36:21.866+0000] {override.py:1911} INFO - Created Permission View: can create on DAG Run:example_nested_branch_dag
[2025-10-10T09:36:21.867+0000] {logging_mixin.py:190} INFO - [2025-10-10T09:36:21.867+0000] {dag.py:3239} INFO - Sync 1 DAGs
[2025-10-10T09:36:21.872+0000] {logging_mixin.py:190} INFO - [2025-10-10T09:36:21.872+0000] {dag.py:3262} INFO - Creating ORM DAG for example_nested_branch_dag
[2025-10-10T09:36:21.879+0000] {logging_mixin.py:190} INFO - [2025-10-10T09:36:21.879+0000] {dag.py:4180} INFO - Setting next_dagrun for example_nested_branch_dag to 2025-10-09 00:00:00+00:00, run_after=2025-10-10 00:00:00+00:00
[2025-10-10T09:36:21.887+0000] {processor.py:208} INFO - Processing /home/airflow/.local/lib/python3.12/site-packages/airflow/example_dags/example_nested_branch_dag.py took 0.112 seconds
[2025-10-10T09:36:52.672+0000] {processor.py:186} INFO - Started process (PID=141) to work on /home/airflow/.local/lib/python3.12/site-packages/airflow/example_dags/example_nested_branch_dag.py
[2025-10-10T09:36:52.673+0000] {processor.py:914} INFO - Processing file /home/airflow/.local/lib/python3.12/site-packages/airflow/example_dags/example_nested_branch_dag.py for tasks to queue
[2025-10-10T09:36:52.674+0000] {logging_mixin.py:190} INFO - [2025-10-10T09:36:52.674+0000] {dagbag.py:588} INFO - Filling up the DagBag from /home/airflow/.local/lib/python3.12/site-packages/airflow/example_dags/example_nested_branch_dag.py
[2025-10-10T09:36:52.679+0000] {processor.py:925} INFO - DAG(s) 'example_nested_branch_dag' retrieved from /home/airflow/.local/lib/python3.12/site-packages/airflow/example_dags/example_nested_branch_dag.py
[2025-10-10T09:36:52.686+0000] {logging_mixin.py:190} INFO - [2025-10-10T09:36:52.686+0000] {dag.py:3239} INFO - Sync 1 DAGs
[2025-10-10T09:36:52.694+0000] {logging_mixin.py:190} INFO - [2025-10-10T09:36:52.694+0000] {dag.py:4180} INFO - Setting next_dagrun for example_nested_branch_dag to 2025-10-09 00:00:00+00:00, run_after=2025-10-10 00:00:00+00:00
[2025-10-10T09:36:52.700+0000] {processor.py:208} INFO - Processing /home/airflow/.local/lib/python3.12/site-packages/airflow/example_dags/example_nested_branch_dag.py took 0.030 seconds
[2025-10-10T09:37:22.887+0000] {processor.py:186} INFO - Started process (PID=204) to work on /home/airflow/.local/lib/python3.12/site-packages/airflow/example_dags/example_nested_branch_dag.py
[2025-10-10T09:37:22.888+0000] {processor.py:914} INFO - Processing file /home/airflow/.local/lib/python3.12/site-packages/airflow/example_dags/example_nested_branch_dag.py for tasks to queue
[2025-10-10T09:37:22.890+0000] {logging_mixin.py:190} INFO - [2025-10-10T09:37:22.890+0000] {dagbag.py:588} INFO - Filling up the DagBag from /home/airflow/.local/lib/python3.12/site-packages/airflow/example_dags/example_nested_branch_dag.py
[2025-10-10T09:37:22.894+0000] {processor.py:925} INFO - DAG(s) 'example_nested_branch_dag' retrieved from /home/airflow/.local/lib/python3.12/site-packages/airflow/example_dags/example_nested_branch_dag.py
[2025-10-10T09:37:22.903+0000] {logging_mixin.py:190} INFO - [2025-10-10T09:37:22.903+0000] {dag.py:3239} INFO - Sync 1 DAGs
[2025-10-10T09:37:22.912+0000] {logging_mixin.py:190} INFO - [2025-10-10T09:37:22.912+0000] {dag.py:4180} INFO - Setting next_dagrun for example_nested_branch_dag to 2025-10-09 00:00:00+00:00, run_after=2025-10-10 00:00:00+00:00
[2025-10-10T09:37:22.921+0000] {processor.py:208} INFO - Processing /home/airflow/.local/lib/python3.12/site-packages/airflow/example_dags/example_nested_branch_dag.py took 0.036 seconds
[2025-10-10T09:37:52.945+0000] {processor.py:186} INFO - Started process (PID=266) to work on /home/airflow/.local/lib/python3.12/site-packages/airflow/example_dags/example_nested_branch_dag.py
[2025-10-10T09:37:52.945+0000] {processor.py:914} INFO - Processing file /home/airflow/.local/lib/python3.12/site-packages/airflow/example_dags/example_nested_branch_dag.py for tasks to queue
[2025-10-10T09:37:52.946+0000] {logging_mixin.py:190} INFO - [2025-10-10T09:37:52.946+0000] {dagbag.py:588} INFO - Filling up the DagBag from /home/airflow/.local/lib/python3.12/site-packages/airflow/example_dags/example_nested_branch_dag.py
[2025-10-10T09:37:52.950+0000] {processor.py:925} INFO - DAG(s) 'example_nested_branch_dag' retrieved from /home/airflow/.local/lib/python3.12/site-packages/airflow/example_dags/example_nested_branch_dag.py
[2025-10-10T09:37:52.957+0000] {logging_mixin.py:190} INFO - [2025-10-10T09:37:52.956+0000] {dag.py:3239} INFO - Sync 1 DAGs
[2025-10-10T09:37:52.963+0000] {logging_mixin.py:190} INFO - [2025-10-10T09:37:52.963+0000] {dag.py:4180} INFO - Setting next_dagrun for example_nested_branch_dag to 2025-10-09 00:00:00+00:00, run_after=2025-10-10 00:00:00+00:00
[2025-10-10T09:37:52.968+0000] {processor.py:208} INFO - Processing /home/airflow/.local/lib/python3.12/site-packages/airflow/example_dags/example_nested_branch_dag.py took 0.026 seconds
[2025-10-10T09:38:17.581+0000] {processor.py:186} INFO - Started process (PID=74) to work on /home/airflow/.local/lib/python3.12/site-packages/airflow/example_dags/example_nested_branch_dag.py
[2025-10-10T09:38:17.582+0000] {processor.py:914} INFO - Processing file /home/airflow/.local/lib/python3.12/site-packages/airflow/example_dags/example_nested_branch_dag.py for tasks to queue
[2025-10-10T09:38:17.583+0000] {logging_mixin.py:190} INFO - [2025-10-10T09:38:17.583+0000] {dagbag.py:588} INFO - Filling up the DagBag from /home/airflow/.local/lib/python3.12/site-packages/airflow/example_dags/example_nested_branch_dag.py
[2025-10-10T09:38:17.587+0000] {processor.py:925} INFO - DAG(s) 'example_nested_branch_dag' retrieved from /home/airflow/.local/lib/python3.12/site-packages/airflow/example_dags/example_nested_branch_dag.py
[2025-10-10T09:38:17.595+0000] {logging_mixin.py:190} INFO - [2025-10-10T09:38:17.595+0000] {dag.py:3239} INFO - Sync 1 DAGs
[2025-10-10T09:38:17.603+0000] {logging_mixin.py:190} INFO - [2025-10-10T09:38:17.602+0000] {dag.py:4180} INFO - Setting next_dagrun for example_nested_branch_dag to 2025-10-09 00:00:00+00:00, run_after=2025-10-10 00:00:00+00:00
[2025-10-10T09:38:17.608+0000] {processor.py:208} INFO - Processing /home/airflow/.local/lib/python3.12/site-packages/airflow/example_dags/example_nested_branch_dag.py took 0.029 seconds
[2025-10-10T09:38:48.695+0000] {processor.py:186} INFO - Started process (PID=138) to work on /home/airflow/.local/lib/python3.12/site-packages/airflow/example_dags/example_nested_branch_dag.py
[2025-10-10T09:38:48.695+0000] {processor.py:914} INFO - Processing file /home/airflow/.local/lib/python3.12/site-packages/airflow/example_dags/example_nested_branch_dag.py for tasks to queue
[2025-10-10T09:38:48.696+0000] {logging_mixin.py:190} INFO - [2025-10-10T09:38:48.696+0000] {dagbag.py:588} INFO - Filling up the DagBag from /home/airflow/.local/lib/python3.12/site-packages/airflow/example_dags/example_nested_branch_dag.py
[2025-10-10T09:38:48.700+0000] {processor.py:925} INFO - DAG(s) 'example_nested_branch_dag' retrieved from /home/airflow/.local/lib/python3.12/site-packages/airflow/example_dags/example_nested_branch_dag.py
[2025-10-10T09:38:48.707+0000] {logging_mixin.py:190} INFO - [2025-10-10T09:38:48.707+0000] {dag.py:3239} INFO - Sync 1 DAGs
[2025-10-10T09:38:48.714+0000] {logging_mixin.py:190} INFO - [2025-10-10T09:38:48.714+0000] {dag.py:4180} INFO - Setting next_dagrun for example_nested_branch_dag to 2025-10-09 00:00:00+00:00, run_after=2025-10-10 00:00:00+00:00
[2025-10-10T09:38:48.719+0000] {processor.py:208} INFO - Processing /home/airflow/.local/lib/python3.12/site-packages/airflow/example_dags/example_nested_branch_dag.py took 0.026 seconds
[2025-10-10T09:39:19.844+0000] {processor.py:186} INFO - Started process (PID=202) to work on /home/airflow/.local/lib/python3.12/site-packages/airflow/example_dags/example_nested_branch_dag.py
[2025-10-10T09:39:19.846+0000] {processor.py:914} INFO - Processing file /home/airflow/.local/lib/python3.12/site-packages/airflow/example_dags/example_nested_branch_dag.py for tasks to queue
[2025-10-10T09:39:19.847+0000] {logging_mixin.py:190} INFO - [2025-10-10T09:39:19.847+0000] {dagbag.py:588} INFO - Filling up the DagBag from /home/airflow/.local/lib/python3.12/site-packages/airflow/example_dags/example_nested_branch_dag.py
[2025-10-10T09:39:19.852+0000] {processor.py:925} INFO - DAG(s) 'example_nested_branch_dag' retrieved from /home/airflow/.local/lib/python3.12/site-packages/airflow/example_dags/example_nested_branch_dag.py
[2025-10-10T09:39:19.861+0000] {logging_mixin.py:190} INFO - [2025-10-10T09:39:19.861+0000] {dag.py:3239} INFO - Sync 1 DAGs
[2025-10-10T09:39:19.870+0000] {logging_mixin.py:190} INFO - [2025-10-10T09:39:19.870+0000] {dag.py:4180} INFO - Setting next_dagrun for example_nested_branch_dag to 2025-10-09 00:00:00+00:00, run_after=2025-10-10 00:00:00+00:00
[2025-10-10T09:39:19.877+0000] {processor.py:208} INFO - Processing /home/airflow/.local/lib/python3.12/site-packages/airflow/example_dags/example_nested_branch_dag.py took 0.034 seconds
[2025-10-10T09:39:50.957+0000] {processor.py:186} INFO - Started process (PID=266) to work on /home/airflow/.local/lib/python3.12/site-packages/airflow/example_dags/example_nested_branch_dag.py
[2025-10-10T09:39:50.958+0000] {processor.py:914} INFO - Processing file /home/airflow/.local/lib/python3.12/site-packages/airflow/example_dags/example_nested_branch_dag.py for tasks to queue
[2025-10-10T09:39:50.959+0000] {logging_mixin.py:190} INFO - [2025-10-10T09:39:50.959+0000] {dagbag.py:588} INFO - Filling up the DagBag from /home/airflow/.local/lib/python3.12/site-packages/airflow/example_dags/example_nested_branch_dag.py
[2025-10-10T09:39:50.963+0000] {processor.py:925} INFO - DAG(s) 'example_nested_branch_dag' retrieved from /home/airflow/.local/lib/python3.12/site-packages/airflow/example_dags/example_nested_branch_dag.py
[2025-10-10T09:39:50.972+0000] {logging_mixin.py:190} INFO - [2025-10-10T09:39:50.972+0000] {dag.py:3239} INFO - Sync 1 DAGs
[2025-10-10T09:39:50.982+0000] {logging_mixin.py:190} INFO - [2025-10-10T09:39:50.982+0000] {dag.py:4180} INFO - Setting next_dagrun for example_nested_branch_dag to 2025-10-09 00:00:00+00:00, run_after=2025-10-10 00:00:00+00:00
[2025-10-10T09:39:50.990+0000] {processor.py:208} INFO - Processing /home/airflow/.local/lib/python3.12/site-packages/airflow/example_dags/example_nested_branch_dag.py took 0.035 seconds
[2025-10-10T09:40:22.175+0000] {processor.py:186} INFO - Started process (PID=330) to work on /home/airflow/.local/lib/python3.12/site-packages/airflow/example_dags/example_nested_branch_dag.py
[2025-10-10T09:40:22.177+0000] {processor.py:914} INFO - Processing file /home/airflow/.local/lib/python3.12/site-packages/airflow/example_dags/example_nested_branch_dag.py for tasks to queue
[2025-10-10T09:40:22.179+0000] {logging_mixin.py:190} INFO - [2025-10-10T09:40:22.179+0000] {dagbag.py:588} INFO - Filling up the DagBag from /home/airflow/.local/lib/python3.12/site-packages/airflow/example_dags/example_nested_branch_dag.py
[2025-10-10T09:40:22.184+0000] {processor.py:925} INFO - DAG(s) 'example_nested_branch_dag' retrieved from /home/airflow/.local/lib/python3.12/site-packages/airflow/example_dags/example_nested_branch_dag.py
[2025-10-10T09:40:22.193+0000] {logging_mixin.py:190} INFO - [2025-10-10T09:40:22.193+0000] {dag.py:3239} INFO - Sync 1 DAGs
[2025-10-10T09:40:22.201+0000] {logging_mixin.py:190} INFO - [2025-10-10T09:40:22.201+0000] {dag.py:4180} INFO - Setting next_dagrun for example_nested_branch_dag to 2025-10-09 00:00:00+00:00, run_after=2025-10-10 00:00:00+00:00
[2025-10-10T09:40:22.209+0000] {processor.py:208} INFO - Processing /home/airflow/.local/lib/python3.12/site-packages/airflow/example_dags/example_nested_branch_dag.py took 0.037 seconds
[2025-10-10T09:40:53.420+0000] {processor.py:186} INFO - Started process (PID=394) to work on /home/airflow/.local/lib/python3.12/site-packages/airflow/example_dags/example_nested_branch_dag.py
[2025-10-10T09:40:53.421+0000] {processor.py:914} INFO - Processing file /home/airflow/.local/lib/python3.12/site-packages/airflow/example_dags/example_nested_branch_dag.py for tasks to queue
[2025-10-10T09:40:53.422+0000] {logging_mixin.py:190} INFO - [2025-10-10T09:40:53.422+0000] {dagbag.py:588} INFO - Filling up the DagBag from /home/airflow/.local/lib/python3.12/site-packages/airflow/example_dags/example_nested_branch_dag.py
[2025-10-10T09:40:53.427+0000] {processor.py:925} INFO - DAG(s) 'example_nested_branch_dag' retrieved from /home/airflow/.local/lib/python3.12/site-packages/airflow/example_dags/example_nested_branch_dag.py
[2025-10-10T09:40:53.437+0000] {logging_mixin.py:190} INFO - [2025-10-10T09:40:53.437+0000] {dag.py:3239} INFO - Sync 1 DAGs
[2025-10-10T09:40:53.445+0000] {logging_mixin.py:190} INFO - [2025-10-10T09:40:53.445+0000] {dag.py:4180} INFO - Setting next_dagrun for example_nested_branch_dag to 2025-10-09 00:00:00+00:00, run_after=2025-10-10 00:00:00+00:00
[2025-10-10T09:40:53.452+0000] {processor.py:208} INFO - Processing /home/airflow/.local/lib/python3.12/site-packages/airflow/example_dags/example_nested_branch_dag.py took 0.034 seconds
[2025-10-10T09:41:24.572+0000] {processor.py:186} INFO - Started process (PID=458) to work on /home/airflow/.local/lib/python3.12/site-packages/airflow/example_dags/example_nested_branch_dag.py
[2025-10-10T09:41:24.573+0000] {processor.py:914} INFO - Processing file /home/airflow/.local/lib/python3.12/site-packages/airflow/example_dags/example_nested_branch_dag.py for tasks to queue
[2025-10-10T09:41:24.574+0000] {logging_mixin.py:190} INFO - [2025-10-10T09:41:24.574+0000] {dagbag.py:588} INFO - Filling up the DagBag from /home/airflow/.local/lib/python3.12/site-packages/airflow/example_dags/example_nested_branch_dag.py
[2025-10-10T09:41:24.578+0000] {processor.py:925} INFO - DAG(s) 'example_nested_branch_dag' retrieved from /home/airflow/.local/lib/python3.12/site-packages/airflow/example_dags/example_nested_branch_dag.py
[2025-10-10T09:41:24.585+0000] {logging_mixin.py:190} INFO - [2025-10-10T09:41:24.585+0000] {dag.py:3239} INFO - Sync 1 DAGs
[2025-10-10T09:41:24.593+0000] {logging_mixin.py:190} INFO - [2025-10-10T09:41:24.593+0000] {dag.py:4180} INFO - Setting next_dagrun for example_nested_branch_dag to 2025-10-09 00:00:00+00:00, run_after=2025-10-10 00:00:00+00:00
[2025-10-10T09:41:24.600+0000] {processor.py:208} INFO - Processing /home/airflow/.local/lib/python3.12/site-packages/airflow/example_dags/example_nested_branch_dag.py took 0.030 seconds
[2025-10-10T09:41:55.789+0000] {processor.py:186} INFO - Started process (PID=522) to work on /home/airflow/.local/lib/python3.12/site-packages/airflow/example_dags/example_nested_branch_dag.py
[2025-10-10T09:41:55.789+0000] {processor.py:914} INFO - Processing file /home/airflow/.local/lib/python3.12/site-packages/airflow/example_dags/example_nested_branch_dag.py for tasks to queue
[2025-10-10T09:41:55.790+0000] {logging_mixin.py:190} INFO - [2025-10-10T09:41:55.790+0000] {dagbag.py:588} INFO - Filling up the DagBag from /home/airflow/.local/lib/python3.12/site-packages/airflow/example_dags/example_nested_branch_dag.py
[2025-10-10T09:41:55.794+0000] {processor.py:925} INFO - DAG(s) 'example_nested_branch_dag' retrieved from /home/airflow/.local/lib/python3.12/site-packages/airflow/example_dags/example_nested_branch_dag.py
[2025-10-10T09:41:55.804+0000] {logging_mixin.py:190} INFO - [2025-10-10T09:41:55.804+0000] {dag.py:3239} INFO - Sync 1 DAGs
[2025-10-10T09:41:55.815+0000] {logging_mixin.py:190} INFO - [2025-10-10T09:41:55.815+0000] {dag.py:4180} INFO - Setting next_dagrun for example_nested_branch_dag to 2025-10-09 00:00:00+00:00, run_after=2025-10-10 00:00:00+00:00
[2025-10-10T09:41:55.820+0000] {processor.py:208} INFO - Processing /home/airflow/.local/lib/python3.12/site-packages/airflow/example_dags/example_nested_branch_dag.py took 0.033 seconds
[2025-10-10T09:42:26.862+0000] {processor.py:186} INFO - Started process (PID=586) to work on /home/airflow/.local/lib/python3.12/site-packages/airflow/example_dags/example_nested_branch_dag.py
[2025-10-10T09:42:26.863+0000] {processor.py:914} INFO - Processing file /home/airflow/.local/lib/python3.12/site-packages/airflow/example_dags/example_nested_branch_dag.py for tasks to queue
[2025-10-10T09:42:26.864+0000] {logging_mixin.py:190} INFO - [2025-10-10T09:42:26.863+0000] {dagbag.py:588} INFO - Filling up the DagBag from /home/airflow/.local/lib/python3.12/site-packages/airflow/example_dags/example_nested_branch_dag.py
[2025-10-10T09:42:26.868+0000] {processor.py:925} INFO - DAG(s) 'example_nested_branch_dag' retrieved from /home/airflow/.local/lib/python3.12/site-packages/airflow/example_dags/example_nested_branch_dag.py
[2025-10-10T09:42:26.879+0000] {logging_mixin.py:190} INFO - [2025-10-10T09:42:26.879+0000] {dag.py:3239} INFO - Sync 1 DAGs
[2025-10-10T09:42:26.888+0000] {logging_mixin.py:190} INFO - [2025-10-10T09:42:26.888+0000] {dag.py:4180} INFO - Setting next_dagrun for example_nested_branch_dag to 2025-10-09 00:00:00+00:00, run_after=2025-10-10 00:00:00+00:00
[2025-10-10T09:42:26.895+0000] {processor.py:208} INFO - Processing /home/airflow/.local/lib/python3.12/site-packages/airflow/example_dags/example_nested_branch_dag.py took 0.035 seconds
[2025-10-10T09:42:58.130+0000] {processor.py:186} INFO - Started process (PID=650) to work on /home/airflow/.local/lib/python3.12/site-packages/airflow/example_dags/example_nested_branch_dag.py
[2025-10-10T09:42:58.130+0000] {processor.py:914} INFO - Processing file /home/airflow/.local/lib/python3.12/site-packages/airflow/example_dags/example_nested_branch_dag.py for tasks to queue
[2025-10-10T09:42:58.132+0000] {logging_mixin.py:190} INFO - [2025-10-10T09:42:58.132+0000] {dagbag.py:588} INFO - Filling up the DagBag from /home/airflow/.local/lib/python3.12/site-packages/airflow/example_dags/example_nested_branch_dag.py
[2025-10-10T09:42:58.137+0000] {processor.py:925} INFO - DAG(s) 'example_nested_branch_dag' retrieved from /home/airflow/.local/lib/python3.12/site-packages/airflow/example_dags/example_nested_branch_dag.py
[2025-10-10T09:42:58.144+0000] {logging_mixin.py:190} INFO - [2025-10-10T09:42:58.144+0000] {dag.py:3239} INFO - Sync 1 DAGs
[2025-10-10T09:42:58.153+0000] {logging_mixin.py:190} INFO - [2025-10-10T09:42:58.153+0000] {dag.py:4180} INFO - Setting next_dagrun for example_nested_branch_dag to 2025-10-09 00:00:00+00:00, run_after=2025-10-10 00:00:00+00:00
[2025-10-10T09:42:58.162+0000] {processor.py:208} INFO - Processing /home/airflow/.local/lib/python3.12/site-packages/airflow/example_dags/example_nested_branch_dag.py took 0.035 seconds
[2025-10-10T09:43:29.221+0000] {processor.py:186} INFO - Started process (PID=714) to work on /home/airflow/.local/lib/python3.12/site-packages/airflow/example_dags/example_nested_branch_dag.py
[2025-10-10T09:43:29.221+0000] {processor.py:914} INFO - Processing file /home/airflow/.local/lib/python3.12/site-packages/airflow/example_dags/example_nested_branch_dag.py for tasks to queue
[2025-10-10T09:43:29.222+0000] {logging_mixin.py:190} INFO - [2025-10-10T09:43:29.222+0000] {dagbag.py:588} INFO - Filling up the DagBag from /home/airflow/.local/lib/python3.12/site-packages/airflow/example_dags/example_nested_branch_dag.py
[2025-10-10T09:43:29.226+0000] {processor.py:925} INFO - DAG(s) 'example_nested_branch_dag' retrieved from /home/airflow/.local/lib/python3.12/site-packages/airflow/example_dags/example_nested_branch_dag.py
[2025-10-10T09:43:29.233+0000] {logging_mixin.py:190} INFO - [2025-10-10T09:43:29.233+0000] {dag.py:3239} INFO - Sync 1 DAGs
[2025-10-10T09:43:29.241+0000] {logging_mixin.py:190} INFO - [2025-10-10T09:43:29.241+0000] {dag.py:4180} INFO - Setting next_dagrun for example_nested_branch_dag to 2025-10-09 00:00:00+00:00, run_after=2025-10-10 00:00:00+00:00
[2025-10-10T09:43:29.248+0000] {processor.py:208} INFO - Processing /home/airflow/.local/lib/python3.12/site-packages/airflow/example_dags/example_nested_branch_dag.py took 0.030 seconds
[2025-10-10T09:44:09.848+0000] {processor.py:186} INFO - Started process (PID=81) to work on /home/airflow/.local/lib/python3.12/site-packages/airflow/example_dags/example_nested_branch_dag.py
[2025-10-10T09:44:09.848+0000] {processor.py:914} INFO - Processing file /home/airflow/.local/lib/python3.12/site-packages/airflow/example_dags/example_nested_branch_dag.py for tasks to queue
[2025-10-10T09:44:09.849+0000] {logging_mixin.py:190} INFO - [2025-10-10T09:44:09.849+0000] {dagbag.py:588} INFO - Filling up the DagBag from /home/airflow/.local/lib/python3.12/site-packages/airflow/example_dags/example_nested_branch_dag.py
[2025-10-10T09:44:09.854+0000] {processor.py:925} INFO - DAG(s) 'example_nested_branch_dag' retrieved from /home/airflow/.local/lib/python3.12/site-packages/airflow/example_dags/example_nested_branch_dag.py
[2025-10-10T09:44:09.863+0000] {logging_mixin.py:190} INFO - [2025-10-10T09:44:09.863+0000] {dag.py:3239} INFO - Sync 1 DAGs
[2025-10-10T09:44:09.870+0000] {logging_mixin.py:190} INFO - [2025-10-10T09:44:09.870+0000] {dag.py:4180} INFO - Setting next_dagrun for example_nested_branch_dag to 2025-10-09 00:00:00+00:00, run_after=2025-10-10 00:00:00+00:00
[2025-10-10T09:44:09.876+0000] {processor.py:208} INFO - Processing /home/airflow/.local/lib/python3.12/site-packages/airflow/example_dags/example_nested_branch_dag.py took 0.031 seconds
[2025-10-10T09:44:40.012+0000] {processor.py:186} INFO - Started process (PID=145) to work on /home/airflow/.local/lib/python3.12/site-packages/airflow/example_dags/example_nested_branch_dag.py
[2025-10-10T09:44:40.012+0000] {processor.py:914} INFO - Processing file /home/airflow/.local/lib/python3.12/site-packages/airflow/example_dags/example_nested_branch_dag.py for tasks to queue
[2025-10-10T09:44:40.013+0000] {logging_mixin.py:190} INFO - [2025-10-10T09:44:40.013+0000] {dagbag.py:588} INFO - Filling up the DagBag from /home/airflow/.local/lib/python3.12/site-packages/airflow/example_dags/example_nested_branch_dag.py
[2025-10-10T09:44:40.018+0000] {processor.py:925} INFO - DAG(s) 'example_nested_branch_dag' retrieved from /home/airflow/.local/lib/python3.12/site-packages/airflow/example_dags/example_nested_branch_dag.py
[2025-10-10T09:44:40.025+0000] {logging_mixin.py:190} INFO - [2025-10-10T09:44:40.025+0000] {dag.py:3239} INFO - Sync 1 DAGs
[2025-10-10T09:44:40.032+0000] {logging_mixin.py:190} INFO - [2025-10-10T09:44:40.032+0000] {dag.py:4180} INFO - Setting next_dagrun for example_nested_branch_dag to 2025-10-09 00:00:00+00:00, run_after=2025-10-10 00:00:00+00:00
[2025-10-10T09:44:40.038+0000] {processor.py:208} INFO - Processing /home/airflow/.local/lib/python3.12/site-packages/airflow/example_dags/example_nested_branch_dag.py took 0.029 seconds
[2025-10-10T09:45:10.994+0000] {processor.py:186} INFO - Started process (PID=208) to work on /home/airflow/.local/lib/python3.12/site-packages/airflow/example_dags/example_nested_branch_dag.py
[2025-10-10T09:45:10.994+0000] {processor.py:914} INFO - Processing file /home/airflow/.local/lib/python3.12/site-packages/airflow/example_dags/example_nested_branch_dag.py for tasks to queue
[2025-10-10T09:45:10.995+0000] {logging_mixin.py:190} INFO - [2025-10-10T09:45:10.995+0000] {dagbag.py:588} INFO - Filling up the DagBag from /home/airflow/.local/lib/python3.12/site-packages/airflow/example_dags/example_nested_branch_dag.py
[2025-10-10T09:45:10.999+0000] {processor.py:925} INFO - DAG(s) 'example_nested_branch_dag' retrieved from /home/airflow/.local/lib/python3.12/site-packages/airflow/example_dags/example_nested_branch_dag.py
[2025-10-10T09:45:11.006+0000] {logging_mixin.py:190} INFO - [2025-10-10T09:45:11.006+0000] {dag.py:3239} INFO - Sync 1 DAGs
[2025-10-10T09:45:11.013+0000] {logging_mixin.py:190} INFO - [2025-10-10T09:45:11.013+0000] {dag.py:4180} INFO - Setting next_dagrun for example_nested_branch_dag to 2025-10-09 00:00:00+00:00, run_after=2025-10-10 00:00:00+00:00
[2025-10-10T09:45:11.017+0000] {processor.py:208} INFO - Processing /home/airflow/.local/lib/python3.12/site-packages/airflow/example_dags/example_nested_branch_dag.py took 0.026 seconds
[2025-10-10T09:45:41.966+0000] {processor.py:186} INFO - Started process (PID=280) to work on /home/airflow/.local/lib/python3.12/site-packages/airflow/example_dags/example_nested_branch_dag.py
[2025-10-10T09:45:41.966+0000] {processor.py:914} INFO - Processing file /home/airflow/.local/lib/python3.12/site-packages/airflow/example_dags/example_nested_branch_dag.py for tasks to queue
[2025-10-10T09:45:41.967+0000] {logging_mixin.py:190} INFO - [2025-10-10T09:45:41.967+0000] {dagbag.py:588} INFO - Filling up the DagBag from /home/airflow/.local/lib/python3.12/site-packages/airflow/example_dags/example_nested_branch_dag.py
[2025-10-10T09:45:41.972+0000] {processor.py:925} INFO - DAG(s) 'example_nested_branch_dag' retrieved from /home/airflow/.local/lib/python3.12/site-packages/airflow/example_dags/example_nested_branch_dag.py
[2025-10-10T09:45:41.981+0000] {logging_mixin.py:190} INFO - [2025-10-10T09:45:41.981+0000] {dag.py:3239} INFO - Sync 1 DAGs
[2025-10-10T09:45:41.990+0000] {logging_mixin.py:190} INFO - [2025-10-10T09:45:41.990+0000] {dag.py:4180} INFO - Setting next_dagrun for example_nested_branch_dag to 2025-10-09 00:00:00+00:00, run_after=2025-10-10 00:00:00+00:00
[2025-10-10T09:45:41.997+0000] {processor.py:208} INFO - Processing /home/airflow/.local/lib/python3.12/site-packages/airflow/example_dags/example_nested_branch_dag.py took 0.033 seconds
[2025-10-10T09:46:13.037+0000] {processor.py:186} INFO - Started process (PID=344) to work on /home/airflow/.local/lib/python3.12/site-packages/airflow/example_dags/example_nested_branch_dag.py
[2025-10-10T09:46:13.037+0000] {processor.py:914} INFO - Processing file /home/airflow/.local/lib/python3.12/site-packages/airflow/example_dags/example_nested_branch_dag.py for tasks to queue
[2025-10-10T09:46:13.039+0000] {logging_mixin.py:190} INFO - [2025-10-10T09:46:13.039+0000] {dagbag.py:588} INFO - Filling up the DagBag from /home/airflow/.local/lib/python3.12/site-packages/airflow/example_dags/example_nested_branch_dag.py
[2025-10-10T09:46:13.044+0000] {processor.py:925} INFO - DAG(s) 'example_nested_branch_dag' retrieved from /home/airflow/.local/lib/python3.12/site-packages/airflow/example_dags/example_nested_branch_dag.py
[2025-10-10T09:46:13.055+0000] {logging_mixin.py:190} INFO - [2025-10-10T09:46:13.054+0000] {dag.py:3239} INFO - Sync 1 DAGs
[2025-10-10T09:46:13.065+0000] {logging_mixin.py:190} INFO - [2025-10-10T09:46:13.065+0000] {dag.py:4180} INFO - Setting next_dagrun for example_nested_branch_dag to 2025-10-09 00:00:00+00:00, run_after=2025-10-10 00:00:00+00:00
[2025-10-10T09:46:13.071+0000] {processor.py:208} INFO - Processing /home/airflow/.local/lib/python3.12/site-packages/airflow/example_dags/example_nested_branch_dag.py took 0.036 seconds
[2025-10-10T09:46:44.081+0000] {processor.py:186} INFO - Started process (PID=408) to work on /home/airflow/.local/lib/python3.12/site-packages/airflow/example_dags/example_nested_branch_dag.py
[2025-10-10T09:46:44.081+0000] {processor.py:914} INFO - Processing file /home/airflow/.local/lib/python3.12/site-packages/airflow/example_dags/example_nested_branch_dag.py for tasks to queue
[2025-10-10T09:46:44.082+0000] {logging_mixin.py:190} INFO - [2025-10-10T09:46:44.082+0000] {dagbag.py:588} INFO - Filling up the DagBag from /home/airflow/.local/lib/python3.12/site-packages/airflow/example_dags/example_nested_branch_dag.py
[2025-10-10T09:46:44.087+0000] {processor.py:925} INFO - DAG(s) 'example_nested_branch_dag' retrieved from /home/airflow/.local/lib/python3.12/site-packages/airflow/example_dags/example_nested_branch_dag.py
[2025-10-10T09:46:44.095+0000] {logging_mixin.py:190} INFO - [2025-10-10T09:46:44.095+0000] {dag.py:3239} INFO - Sync 1 DAGs
[2025-10-10T09:46:44.103+0000] {logging_mixin.py:190} INFO - [2025-10-10T09:46:44.103+0000] {dag.py:4180} INFO - Setting next_dagrun for example_nested_branch_dag to 2025-10-09 00:00:00+00:00, run_after=2025-10-10 00:00:00+00:00
[2025-10-10T09:46:44.110+0000] {processor.py:208} INFO - Processing /home/airflow/.local/lib/python3.12/site-packages/airflow/example_dags/example_nested_branch_dag.py took 0.032 seconds
[2025-10-10T09:47:15.105+0000] {processor.py:186} INFO - Started process (PID=472) to work on /home/airflow/.local/lib/python3.12/site-packages/airflow/example_dags/example_nested_branch_dag.py
[2025-10-10T09:47:15.106+0000] {processor.py:914} INFO - Processing file /home/airflow/.local/lib/python3.12/site-packages/airflow/example_dags/example_nested_branch_dag.py for tasks to queue
[2025-10-10T09:47:15.107+0000] {logging_mixin.py:190} INFO - [2025-10-10T09:47:15.107+0000] {dagbag.py:588} INFO - Filling up the DagBag from /home/airflow/.local/lib/python3.12/site-packages/airflow/example_dags/example_nested_branch_dag.py
[2025-10-10T09:47:15.111+0000] {processor.py:925} INFO - DAG(s) 'example_nested_branch_dag' retrieved from /home/airflow/.local/lib/python3.12/site-packages/airflow/example_dags/example_nested_branch_dag.py
[2025-10-10T09:47:15.121+0000] {logging_mixin.py:190} INFO - [2025-10-10T09:47:15.121+0000] {dag.py:3239} INFO - Sync 1 DAGs
[2025-10-10T09:47:15.130+0000] {logging_mixin.py:190} INFO - [2025-10-10T09:47:15.130+0000] {dag.py:4180} INFO - Setting next_dagrun for example_nested_branch_dag to 2025-10-09 00:00:00+00:00, run_after=2025-10-10 00:00:00+00:00
[2025-10-10T09:47:15.136+0000] {processor.py:208} INFO - Processing /home/airflow/.local/lib/python3.12/site-packages/airflow/example_dags/example_nested_branch_dag.py took 0.033 seconds
[2025-10-10T09:47:46.173+0000] {processor.py:186} INFO - Started process (PID=536) to work on /home/airflow/.local/lib/python3.12/site-packages/airflow/example_dags/example_nested_branch_dag.py
[2025-10-10T09:47:46.173+0000] {processor.py:914} INFO - Processing file /home/airflow/.local/lib/python3.12/site-packages/airflow/example_dags/example_nested_branch_dag.py for tasks to queue
[2025-10-10T09:47:46.174+0000] {logging_mixin.py:190} INFO - [2025-10-10T09:47:46.174+0000] {dagbag.py:588} INFO - Filling up the DagBag from /home/airflow/.local/lib/python3.12/site-packages/airflow/example_dags/example_nested_branch_dag.py
[2025-10-10T09:47:46.178+0000] {processor.py:925} INFO - DAG(s) 'example_nested_branch_dag' retrieved from /home/airflow/.local/lib/python3.12/site-packages/airflow/example_dags/example_nested_branch_dag.py
[2025-10-10T09:47:46.185+0000] {logging_mixin.py:190} INFO - [2025-10-10T09:47:46.185+0000] {dag.py:3239} INFO - Sync 1 DAGs
[2025-10-10T09:47:46.195+0000] {logging_mixin.py:190} INFO - [2025-10-10T09:47:46.194+0000] {dag.py:4180} INFO - Setting next_dagrun for example_nested_branch_dag to 2025-10-09 00:00:00+00:00, run_after=2025-10-10 00:00:00+00:00
[2025-10-10T09:47:46.206+0000] {processor.py:208} INFO - Processing /home/airflow/.local/lib/python3.12/site-packages/airflow/example_dags/example_nested_branch_dag.py took 0.036 seconds
[2025-10-10T09:48:17.418+0000] {processor.py:186} INFO - Started process (PID=600) to work on /home/airflow/.local/lib/python3.12/site-packages/airflow/example_dags/example_nested_branch_dag.py
[2025-10-10T09:48:17.419+0000] {processor.py:914} INFO - Processing file /home/airflow/.local/lib/python3.12/site-packages/airflow/example_dags/example_nested_branch_dag.py for tasks to queue
[2025-10-10T09:48:17.420+0000] {logging_mixin.py:190} INFO - [2025-10-10T09:48:17.419+0000] {dagbag.py:588} INFO - Filling up the DagBag from /home/airflow/.local/lib/python3.12/site-packages/airflow/example_dags/example_nested_branch_dag.py
[2025-10-10T09:48:17.427+0000] {processor.py:925} INFO - DAG(s) 'example_nested_branch_dag' retrieved from /home/airflow/.local/lib/python3.12/site-packages/airflow/example_dags/example_nested_branch_dag.py
[2025-10-10T09:48:17.443+0000] {logging_mixin.py:190} INFO - [2025-10-10T09:48:17.442+0000] {dag.py:3239} INFO - Sync 1 DAGs
[2025-10-10T09:48:17.454+0000] {logging_mixin.py:190} INFO - [2025-10-10T09:48:17.454+0000] {dag.py:4180} INFO - Setting next_dagrun for example_nested_branch_dag to 2025-10-09 00:00:00+00:00, run_after=2025-10-10 00:00:00+00:00
[2025-10-10T09:48:17.461+0000] {processor.py:208} INFO - Processing /home/airflow/.local/lib/python3.12/site-packages/airflow/example_dags/example_nested_branch_dag.py took 0.045 seconds
[2025-10-10T09:48:47.702+0000] {processor.py:186} INFO - Started process (PID=664) to work on /home/airflow/.local/lib/python3.12/site-packages/airflow/example_dags/example_nested_branch_dag.py
[2025-10-10T09:48:47.703+0000] {processor.py:914} INFO - Processing file /home/airflow/.local/lib/python3.12/site-packages/airflow/example_dags/example_nested_branch_dag.py for tasks to queue
[2025-10-10T09:48:47.705+0000] {logging_mixin.py:190} INFO - [2025-10-10T09:48:47.705+0000] {dagbag.py:588} INFO - Filling up the DagBag from /home/airflow/.local/lib/python3.12/site-packages/airflow/example_dags/example_nested_branch_dag.py
[2025-10-10T09:48:47.710+0000] {processor.py:925} INFO - DAG(s) 'example_nested_branch_dag' retrieved from /home/airflow/.local/lib/python3.12/site-packages/airflow/example_dags/example_nested_branch_dag.py
[2025-10-10T09:48:47.720+0000] {logging_mixin.py:190} INFO - [2025-10-10T09:48:47.720+0000] {dag.py:3239} INFO - Sync 1 DAGs
[2025-10-10T09:48:47.729+0000] {logging_mixin.py:190} INFO - [2025-10-10T09:48:47.729+0000] {dag.py:4180} INFO - Setting next_dagrun for example_nested_branch_dag to 2025-10-09 00:00:00+00:00, run_after=2025-10-10 00:00:00+00:00
[2025-10-10T09:48:47.736+0000] {processor.py:208} INFO - Processing /home/airflow/.local/lib/python3.12/site-packages/airflow/example_dags/example_nested_branch_dag.py took 0.036 seconds
