[2025-10-10T09:36:21.503+0000] {processor.py:186} INFO - Started process (PID=72) to work on /home/airflow/.local/lib/python3.12/site-packages/airflow/example_dags/example_latest_only_with_trigger.py
[2025-10-10T09:36:21.504+0000] {processor.py:914} INFO - Processing file /home/airflow/.local/lib/python3.12/site-packages/airflow/example_dags/example_latest_only_with_trigger.py for tasks to queue
[2025-10-10T09:36:21.505+0000] {logging_mixin.py:190} INFO - [2025-10-10T09:36:21.504+0000] {dagbag.py:588} INFO - Filling up the DagBag from /home/airflow/.local/lib/python3.12/site-packages/airflow/example_dags/example_latest_only_with_trigger.py
[2025-10-10T09:36:21.508+0000] {processor.py:925} INFO - DAG(s) 'latest_only_with_trigger' retrieved from /home/airflow/.local/lib/python3.12/site-packages/airflow/example_dags/example_latest_only_with_trigger.py
[2025-10-10T09:36:21.559+0000] {logging_mixin.py:190} INFO - [2025-10-10T09:36:21.558+0000] {override.py:1911} INFO - Created Permission View: can edit on DAG:latest_only_with_trigger
[2025-10-10T09:36:21.564+0000] {logging_mixin.py:190} INFO - [2025-10-10T09:36:21.564+0000] {override.py:1911} INFO - Created Permission View: can read on DAG:latest_only_with_trigger
[2025-10-10T09:36:21.566+0000] {logging_mixin.py:190} INFO - [2025-10-10T09:36:21.566+0000] {override.py:1911} INFO - Created Permission View: can delete on DAG:latest_only_with_trigger
[2025-10-10T09:36:21.569+0000] {logging_mixin.py:190} INFO - [2025-10-10T09:36:21.568+0000] {override.py:1911} INFO - Created Permission View: can read on DAG Run:latest_only_with_trigger
[2025-10-10T09:36:21.571+0000] {logging_mixin.py:190} INFO - [2025-10-10T09:36:21.571+0000] {override.py:1911} INFO - Created Permission View: menu access on DAG Run:latest_only_with_trigger
[2025-10-10T09:36:21.573+0000] {logging_mixin.py:190} INFO - [2025-10-10T09:36:21.573+0000] {override.py:1911} INFO - Created Permission View: can delete on DAG Run:latest_only_with_trigger
[2025-10-10T09:36:21.575+0000] {logging_mixin.py:190} INFO - [2025-10-10T09:36:21.575+0000] {override.py:1911} INFO - Created Permission View: can create on DAG Run:latest_only_with_trigger
[2025-10-10T09:36:21.575+0000] {logging_mixin.py:190} INFO - [2025-10-10T09:36:21.575+0000] {dag.py:3239} INFO - Sync 1 DAGs
[2025-10-10T09:36:21.580+0000] {logging_mixin.py:190} INFO - [2025-10-10T09:36:21.580+0000] {dag.py:3262} INFO - Creating ORM DAG for latest_only_with_trigger
[2025-10-10T09:36:21.583+0000] {logging_mixin.py:190} INFO - [2025-10-10T09:36:21.583+0000] {dag.py:4180} INFO - Setting next_dagrun for latest_only_with_trigger to 2025-10-10 04:00:00+00:00, run_after=2025-10-10 08:00:00+00:00
[2025-10-10T09:36:21.590+0000] {processor.py:208} INFO - Processing /home/airflow/.local/lib/python3.12/site-packages/airflow/example_dags/example_latest_only_with_trigger.py took 0.089 seconds
[2025-10-10T09:36:52.435+0000] {processor.py:186} INFO - Started process (PID=135) to work on /home/airflow/.local/lib/python3.12/site-packages/airflow/example_dags/example_latest_only_with_trigger.py
[2025-10-10T09:36:52.435+0000] {processor.py:914} INFO - Processing file /home/airflow/.local/lib/python3.12/site-packages/airflow/example_dags/example_latest_only_with_trigger.py for tasks to queue
[2025-10-10T09:36:52.436+0000] {logging_mixin.py:190} INFO - [2025-10-10T09:36:52.436+0000] {dagbag.py:588} INFO - Filling up the DagBag from /home/airflow/.local/lib/python3.12/site-packages/airflow/example_dags/example_latest_only_with_trigger.py
[2025-10-10T09:36:52.439+0000] {processor.py:925} INFO - DAG(s) 'latest_only_with_trigger' retrieved from /home/airflow/.local/lib/python3.12/site-packages/airflow/example_dags/example_latest_only_with_trigger.py
[2025-10-10T09:36:52.447+0000] {logging_mixin.py:190} INFO - [2025-10-10T09:36:52.446+0000] {dag.py:3239} INFO - Sync 1 DAGs
[2025-10-10T09:36:52.455+0000] {logging_mixin.py:190} INFO - [2025-10-10T09:36:52.455+0000] {dag.py:4180} INFO - Setting next_dagrun for latest_only_with_trigger to 2025-10-10 04:00:00+00:00, run_after=2025-10-10 08:00:00+00:00
[2025-10-10T09:36:52.472+0000] {processor.py:208} INFO - Processing /home/airflow/.local/lib/python3.12/site-packages/airflow/example_dags/example_latest_only_with_trigger.py took 0.039 seconds
[2025-10-10T09:37:22.586+0000] {processor.py:186} INFO - Started process (PID=197) to work on /home/airflow/.local/lib/python3.12/site-packages/airflow/example_dags/example_latest_only_with_trigger.py
[2025-10-10T09:37:22.587+0000] {processor.py:914} INFO - Processing file /home/airflow/.local/lib/python3.12/site-packages/airflow/example_dags/example_latest_only_with_trigger.py for tasks to queue
[2025-10-10T09:37:22.590+0000] {logging_mixin.py:190} INFO - [2025-10-10T09:37:22.589+0000] {dagbag.py:588} INFO - Filling up the DagBag from /home/airflow/.local/lib/python3.12/site-packages/airflow/example_dags/example_latest_only_with_trigger.py
[2025-10-10T09:37:22.596+0000] {processor.py:925} INFO - DAG(s) 'latest_only_with_trigger' retrieved from /home/airflow/.local/lib/python3.12/site-packages/airflow/example_dags/example_latest_only_with_trigger.py
[2025-10-10T09:37:22.608+0000] {logging_mixin.py:190} INFO - [2025-10-10T09:37:22.608+0000] {dag.py:3239} INFO - Sync 1 DAGs
[2025-10-10T09:37:22.624+0000] {logging_mixin.py:190} INFO - [2025-10-10T09:37:22.623+0000] {dag.py:4180} INFO - Setting next_dagrun for latest_only_with_trigger to 2025-10-10 04:00:00+00:00, run_after=2025-10-10 08:00:00+00:00
[2025-10-10T09:37:22.638+0000] {processor.py:208} INFO - Processing /home/airflow/.local/lib/python3.12/site-packages/airflow/example_dags/example_latest_only_with_trigger.py took 0.054 seconds
[2025-10-10T09:37:52.781+0000] {processor.py:186} INFO - Started process (PID=260) to work on /home/airflow/.local/lib/python3.12/site-packages/airflow/example_dags/example_latest_only_with_trigger.py
[2025-10-10T09:37:52.783+0000] {processor.py:914} INFO - Processing file /home/airflow/.local/lib/python3.12/site-packages/airflow/example_dags/example_latest_only_with_trigger.py for tasks to queue
[2025-10-10T09:37:52.787+0000] {logging_mixin.py:190} INFO - [2025-10-10T09:37:52.787+0000] {dagbag.py:588} INFO - Filling up the DagBag from /home/airflow/.local/lib/python3.12/site-packages/airflow/example_dags/example_latest_only_with_trigger.py
[2025-10-10T09:37:52.790+0000] {processor.py:925} INFO - DAG(s) 'latest_only_with_trigger' retrieved from /home/airflow/.local/lib/python3.12/site-packages/airflow/example_dags/example_latest_only_with_trigger.py
[2025-10-10T09:37:52.797+0000] {logging_mixin.py:190} INFO - [2025-10-10T09:37:52.797+0000] {dag.py:3239} INFO - Sync 1 DAGs
[2025-10-10T09:37:52.805+0000] {logging_mixin.py:190} INFO - [2025-10-10T09:37:52.805+0000] {dag.py:4180} INFO - Setting next_dagrun for latest_only_with_trigger to 2025-10-10 04:00:00+00:00, run_after=2025-10-10 08:00:00+00:00
[2025-10-10T09:37:52.814+0000] {processor.py:208} INFO - Processing /home/airflow/.local/lib/python3.12/site-packages/airflow/example_dags/example_latest_only_with_trigger.py took 0.036 seconds
[2025-10-10T09:38:17.403+0000] {processor.py:186} INFO - Started process (PID=68) to work on /home/airflow/.local/lib/python3.12/site-packages/airflow/example_dags/example_latest_only_with_trigger.py
[2025-10-10T09:38:17.404+0000] {processor.py:914} INFO - Processing file /home/airflow/.local/lib/python3.12/site-packages/airflow/example_dags/example_latest_only_with_trigger.py for tasks to queue
[2025-10-10T09:38:17.405+0000] {logging_mixin.py:190} INFO - [2025-10-10T09:38:17.405+0000] {dagbag.py:588} INFO - Filling up the DagBag from /home/airflow/.local/lib/python3.12/site-packages/airflow/example_dags/example_latest_only_with_trigger.py
[2025-10-10T09:38:17.409+0000] {processor.py:925} INFO - DAG(s) 'latest_only_with_trigger' retrieved from /home/airflow/.local/lib/python3.12/site-packages/airflow/example_dags/example_latest_only_with_trigger.py
[2025-10-10T09:38:17.420+0000] {logging_mixin.py:190} INFO - [2025-10-10T09:38:17.420+0000] {dag.py:3239} INFO - Sync 1 DAGs
[2025-10-10T09:38:17.429+0000] {logging_mixin.py:190} INFO - [2025-10-10T09:38:17.429+0000] {dag.py:4180} INFO - Setting next_dagrun for latest_only_with_trigger to 2025-10-10 04:00:00+00:00, run_after=2025-10-10 08:00:00+00:00
[2025-10-10T09:38:17.438+0000] {processor.py:208} INFO - Processing /home/airflow/.local/lib/python3.12/site-packages/airflow/example_dags/example_latest_only_with_trigger.py took 0.038 seconds
[2025-10-10T09:38:48.516+0000] {processor.py:186} INFO - Started process (PID=132) to work on /home/airflow/.local/lib/python3.12/site-packages/airflow/example_dags/example_latest_only_with_trigger.py
[2025-10-10T09:38:48.517+0000] {processor.py:914} INFO - Processing file /home/airflow/.local/lib/python3.12/site-packages/airflow/example_dags/example_latest_only_with_trigger.py for tasks to queue
[2025-10-10T09:38:48.517+0000] {logging_mixin.py:190} INFO - [2025-10-10T09:38:48.517+0000] {dagbag.py:588} INFO - Filling up the DagBag from /home/airflow/.local/lib/python3.12/site-packages/airflow/example_dags/example_latest_only_with_trigger.py
[2025-10-10T09:38:48.520+0000] {processor.py:925} INFO - DAG(s) 'latest_only_with_trigger' retrieved from /home/airflow/.local/lib/python3.12/site-packages/airflow/example_dags/example_latest_only_with_trigger.py
[2025-10-10T09:38:48.528+0000] {logging_mixin.py:190} INFO - [2025-10-10T09:38:48.528+0000] {dag.py:3239} INFO - Sync 1 DAGs
[2025-10-10T09:38:48.535+0000] {logging_mixin.py:190} INFO - [2025-10-10T09:38:48.535+0000] {dag.py:4180} INFO - Setting next_dagrun for latest_only_with_trigger to 2025-10-10 04:00:00+00:00, run_after=2025-10-10 08:00:00+00:00
[2025-10-10T09:38:48.541+0000] {processor.py:208} INFO - Processing /home/airflow/.local/lib/python3.12/site-packages/airflow/example_dags/example_latest_only_with_trigger.py took 0.027 seconds
[2025-10-10T09:39:19.643+0000] {processor.py:186} INFO - Started process (PID=196) to work on /home/airflow/.local/lib/python3.12/site-packages/airflow/example_dags/example_latest_only_with_trigger.py
[2025-10-10T09:39:19.644+0000] {processor.py:914} INFO - Processing file /home/airflow/.local/lib/python3.12/site-packages/airflow/example_dags/example_latest_only_with_trigger.py for tasks to queue
[2025-10-10T09:39:19.644+0000] {logging_mixin.py:190} INFO - [2025-10-10T09:39:19.644+0000] {dagbag.py:588} INFO - Filling up the DagBag from /home/airflow/.local/lib/python3.12/site-packages/airflow/example_dags/example_latest_only_with_trigger.py
[2025-10-10T09:39:19.647+0000] {processor.py:925} INFO - DAG(s) 'latest_only_with_trigger' retrieved from /home/airflow/.local/lib/python3.12/site-packages/airflow/example_dags/example_latest_only_with_trigger.py
[2025-10-10T09:39:19.655+0000] {logging_mixin.py:190} INFO - [2025-10-10T09:39:19.655+0000] {dag.py:3239} INFO - Sync 1 DAGs
[2025-10-10T09:39:19.662+0000] {logging_mixin.py:190} INFO - [2025-10-10T09:39:19.662+0000] {dag.py:4180} INFO - Setting next_dagrun for latest_only_with_trigger to 2025-10-10 04:00:00+00:00, run_after=2025-10-10 08:00:00+00:00
[2025-10-10T09:39:19.668+0000] {processor.py:208} INFO - Processing /home/airflow/.local/lib/python3.12/site-packages/airflow/example_dags/example_latest_only_with_trigger.py took 0.027 seconds
[2025-10-10T09:39:50.783+0000] {processor.py:186} INFO - Started process (PID=260) to work on /home/airflow/.local/lib/python3.12/site-packages/airflow/example_dags/example_latest_only_with_trigger.py
[2025-10-10T09:39:50.783+0000] {processor.py:914} INFO - Processing file /home/airflow/.local/lib/python3.12/site-packages/airflow/example_dags/example_latest_only_with_trigger.py for tasks to queue
[2025-10-10T09:39:50.784+0000] {logging_mixin.py:190} INFO - [2025-10-10T09:39:50.784+0000] {dagbag.py:588} INFO - Filling up the DagBag from /home/airflow/.local/lib/python3.12/site-packages/airflow/example_dags/example_latest_only_with_trigger.py
[2025-10-10T09:39:50.787+0000] {processor.py:925} INFO - DAG(s) 'latest_only_with_trigger' retrieved from /home/airflow/.local/lib/python3.12/site-packages/airflow/example_dags/example_latest_only_with_trigger.py
[2025-10-10T09:39:50.795+0000] {logging_mixin.py:190} INFO - [2025-10-10T09:39:50.795+0000] {dag.py:3239} INFO - Sync 1 DAGs
[2025-10-10T09:39:50.803+0000] {logging_mixin.py:190} INFO - [2025-10-10T09:39:50.803+0000] {dag.py:4180} INFO - Setting next_dagrun for latest_only_with_trigger to 2025-10-10 04:00:00+00:00, run_after=2025-10-10 08:00:00+00:00
[2025-10-10T09:39:50.808+0000] {processor.py:208} INFO - Processing /home/airflow/.local/lib/python3.12/site-packages/airflow/example_dags/example_latest_only_with_trigger.py took 0.028 seconds
[2025-10-10T09:40:21.998+0000] {processor.py:186} INFO - Started process (PID=324) to work on /home/airflow/.local/lib/python3.12/site-packages/airflow/example_dags/example_latest_only_with_trigger.py
[2025-10-10T09:40:21.998+0000] {processor.py:914} INFO - Processing file /home/airflow/.local/lib/python3.12/site-packages/airflow/example_dags/example_latest_only_with_trigger.py for tasks to queue
[2025-10-10T09:40:21.999+0000] {logging_mixin.py:190} INFO - [2025-10-10T09:40:21.999+0000] {dagbag.py:588} INFO - Filling up the DagBag from /home/airflow/.local/lib/python3.12/site-packages/airflow/example_dags/example_latest_only_with_trigger.py
[2025-10-10T09:40:22.002+0000] {processor.py:925} INFO - DAG(s) 'latest_only_with_trigger' retrieved from /home/airflow/.local/lib/python3.12/site-packages/airflow/example_dags/example_latest_only_with_trigger.py
[2025-10-10T09:40:22.010+0000] {logging_mixin.py:190} INFO - [2025-10-10T09:40:22.009+0000] {dag.py:3239} INFO - Sync 1 DAGs
[2025-10-10T09:40:22.017+0000] {logging_mixin.py:190} INFO - [2025-10-10T09:40:22.017+0000] {dag.py:4180} INFO - Setting next_dagrun for latest_only_with_trigger to 2025-10-10 04:00:00+00:00, run_after=2025-10-10 08:00:00+00:00
[2025-10-10T09:40:22.023+0000] {processor.py:208} INFO - Processing /home/airflow/.local/lib/python3.12/site-packages/airflow/example_dags/example_latest_only_with_trigger.py took 0.027 seconds
[2025-10-10T09:40:53.258+0000] {processor.py:186} INFO - Started process (PID=388) to work on /home/airflow/.local/lib/python3.12/site-packages/airflow/example_dags/example_latest_only_with_trigger.py
[2025-10-10T09:40:53.258+0000] {processor.py:914} INFO - Processing file /home/airflow/.local/lib/python3.12/site-packages/airflow/example_dags/example_latest_only_with_trigger.py for tasks to queue
[2025-10-10T09:40:53.259+0000] {logging_mixin.py:190} INFO - [2025-10-10T09:40:53.259+0000] {dagbag.py:588} INFO - Filling up the DagBag from /home/airflow/.local/lib/python3.12/site-packages/airflow/example_dags/example_latest_only_with_trigger.py
[2025-10-10T09:40:53.262+0000] {processor.py:925} INFO - DAG(s) 'latest_only_with_trigger' retrieved from /home/airflow/.local/lib/python3.12/site-packages/airflow/example_dags/example_latest_only_with_trigger.py
[2025-10-10T09:40:53.269+0000] {logging_mixin.py:190} INFO - [2025-10-10T09:40:53.269+0000] {dag.py:3239} INFO - Sync 1 DAGs
[2025-10-10T09:40:53.277+0000] {logging_mixin.py:190} INFO - [2025-10-10T09:40:53.277+0000] {dag.py:4180} INFO - Setting next_dagrun for latest_only_with_trigger to 2025-10-10 04:00:00+00:00, run_after=2025-10-10 08:00:00+00:00
[2025-10-10T09:40:53.282+0000] {processor.py:208} INFO - Processing /home/airflow/.local/lib/python3.12/site-packages/airflow/example_dags/example_latest_only_with_trigger.py took 0.027 seconds
[2025-10-10T09:41:24.389+0000] {processor.py:186} INFO - Started process (PID=452) to work on /home/airflow/.local/lib/python3.12/site-packages/airflow/example_dags/example_latest_only_with_trigger.py
[2025-10-10T09:41:24.390+0000] {processor.py:914} INFO - Processing file /home/airflow/.local/lib/python3.12/site-packages/airflow/example_dags/example_latest_only_with_trigger.py for tasks to queue
[2025-10-10T09:41:24.390+0000] {logging_mixin.py:190} INFO - [2025-10-10T09:41:24.390+0000] {dagbag.py:588} INFO - Filling up the DagBag from /home/airflow/.local/lib/python3.12/site-packages/airflow/example_dags/example_latest_only_with_trigger.py
[2025-10-10T09:41:24.393+0000] {processor.py:925} INFO - DAG(s) 'latest_only_with_trigger' retrieved from /home/airflow/.local/lib/python3.12/site-packages/airflow/example_dags/example_latest_only_with_trigger.py
[2025-10-10T09:41:24.401+0000] {logging_mixin.py:190} INFO - [2025-10-10T09:41:24.401+0000] {dag.py:3239} INFO - Sync 1 DAGs
[2025-10-10T09:41:24.409+0000] {logging_mixin.py:190} INFO - [2025-10-10T09:41:24.409+0000] {dag.py:4180} INFO - Setting next_dagrun for latest_only_with_trigger to 2025-10-10 04:00:00+00:00, run_after=2025-10-10 08:00:00+00:00
[2025-10-10T09:41:24.414+0000] {processor.py:208} INFO - Processing /home/airflow/.local/lib/python3.12/site-packages/airflow/example_dags/example_latest_only_with_trigger.py took 0.027 seconds
[2025-10-10T09:41:55.606+0000] {processor.py:186} INFO - Started process (PID=516) to work on /home/airflow/.local/lib/python3.12/site-packages/airflow/example_dags/example_latest_only_with_trigger.py
[2025-10-10T09:41:55.607+0000] {processor.py:914} INFO - Processing file /home/airflow/.local/lib/python3.12/site-packages/airflow/example_dags/example_latest_only_with_trigger.py for tasks to queue
[2025-10-10T09:41:55.607+0000] {logging_mixin.py:190} INFO - [2025-10-10T09:41:55.607+0000] {dagbag.py:588} INFO - Filling up the DagBag from /home/airflow/.local/lib/python3.12/site-packages/airflow/example_dags/example_latest_only_with_trigger.py
[2025-10-10T09:41:55.611+0000] {processor.py:925} INFO - DAG(s) 'latest_only_with_trigger' retrieved from /home/airflow/.local/lib/python3.12/site-packages/airflow/example_dags/example_latest_only_with_trigger.py
[2025-10-10T09:41:55.619+0000] {logging_mixin.py:190} INFO - [2025-10-10T09:41:55.619+0000] {dag.py:3239} INFO - Sync 1 DAGs
[2025-10-10T09:41:55.627+0000] {logging_mixin.py:190} INFO - [2025-10-10T09:41:55.626+0000] {dag.py:4180} INFO - Setting next_dagrun for latest_only_with_trigger to 2025-10-10 04:00:00+00:00, run_after=2025-10-10 08:00:00+00:00
[2025-10-10T09:41:55.632+0000] {processor.py:208} INFO - Processing /home/airflow/.local/lib/python3.12/site-packages/airflow/example_dags/example_latest_only_with_trigger.py took 0.028 seconds
[2025-10-10T09:42:26.680+0000] {processor.py:186} INFO - Started process (PID=580) to work on /home/airflow/.local/lib/python3.12/site-packages/airflow/example_dags/example_latest_only_with_trigger.py
[2025-10-10T09:42:26.681+0000] {processor.py:914} INFO - Processing file /home/airflow/.local/lib/python3.12/site-packages/airflow/example_dags/example_latest_only_with_trigger.py for tasks to queue
[2025-10-10T09:42:26.682+0000] {logging_mixin.py:190} INFO - [2025-10-10T09:42:26.681+0000] {dagbag.py:588} INFO - Filling up the DagBag from /home/airflow/.local/lib/python3.12/site-packages/airflow/example_dags/example_latest_only_with_trigger.py
[2025-10-10T09:42:26.685+0000] {processor.py:925} INFO - DAG(s) 'latest_only_with_trigger' retrieved from /home/airflow/.local/lib/python3.12/site-packages/airflow/example_dags/example_latest_only_with_trigger.py
[2025-10-10T09:42:26.692+0000] {logging_mixin.py:190} INFO - [2025-10-10T09:42:26.692+0000] {dag.py:3239} INFO - Sync 1 DAGs
[2025-10-10T09:42:26.700+0000] {logging_mixin.py:190} INFO - [2025-10-10T09:42:26.700+0000] {dag.py:4180} INFO - Setting next_dagrun for latest_only_with_trigger to 2025-10-10 04:00:00+00:00, run_after=2025-10-10 08:00:00+00:00
[2025-10-10T09:42:26.706+0000] {processor.py:208} INFO - Processing /home/airflow/.local/lib/python3.12/site-packages/airflow/example_dags/example_latest_only_with_trigger.py took 0.028 seconds
[2025-10-10T09:42:57.936+0000] {processor.py:186} INFO - Started process (PID=644) to work on /home/airflow/.local/lib/python3.12/site-packages/airflow/example_dags/example_latest_only_with_trigger.py
[2025-10-10T09:42:57.940+0000] {processor.py:914} INFO - Processing file /home/airflow/.local/lib/python3.12/site-packages/airflow/example_dags/example_latest_only_with_trigger.py for tasks to queue
[2025-10-10T09:42:57.941+0000] {logging_mixin.py:190} INFO - [2025-10-10T09:42:57.941+0000] {dagbag.py:588} INFO - Filling up the DagBag from /home/airflow/.local/lib/python3.12/site-packages/airflow/example_dags/example_latest_only_with_trigger.py
[2025-10-10T09:42:57.944+0000] {processor.py:925} INFO - DAG(s) 'latest_only_with_trigger' retrieved from /home/airflow/.local/lib/python3.12/site-packages/airflow/example_dags/example_latest_only_with_trigger.py
[2025-10-10T09:42:57.952+0000] {logging_mixin.py:190} INFO - [2025-10-10T09:42:57.952+0000] {dag.py:3239} INFO - Sync 1 DAGs
[2025-10-10T09:42:57.960+0000] {logging_mixin.py:190} INFO - [2025-10-10T09:42:57.960+0000] {dag.py:4180} INFO - Setting next_dagrun for latest_only_with_trigger to 2025-10-10 04:00:00+00:00, run_after=2025-10-10 08:00:00+00:00
[2025-10-10T09:42:57.966+0000] {processor.py:208} INFO - Processing /home/airflow/.local/lib/python3.12/site-packages/airflow/example_dags/example_latest_only_with_trigger.py took 0.032 seconds
[2025-10-10T09:43:29.034+0000] {processor.py:186} INFO - Started process (PID=708) to work on /home/airflow/.local/lib/python3.12/site-packages/airflow/example_dags/example_latest_only_with_trigger.py
[2025-10-10T09:43:29.035+0000] {processor.py:914} INFO - Processing file /home/airflow/.local/lib/python3.12/site-packages/airflow/example_dags/example_latest_only_with_trigger.py for tasks to queue
[2025-10-10T09:43:29.036+0000] {logging_mixin.py:190} INFO - [2025-10-10T09:43:29.036+0000] {dagbag.py:588} INFO - Filling up the DagBag from /home/airflow/.local/lib/python3.12/site-packages/airflow/example_dags/example_latest_only_with_trigger.py
[2025-10-10T09:43:29.041+0000] {processor.py:925} INFO - DAG(s) 'latest_only_with_trigger' retrieved from /home/airflow/.local/lib/python3.12/site-packages/airflow/example_dags/example_latest_only_with_trigger.py
[2025-10-10T09:43:29.048+0000] {logging_mixin.py:190} INFO - [2025-10-10T09:43:29.048+0000] {dag.py:3239} INFO - Sync 1 DAGs
[2025-10-10T09:43:29.057+0000] {logging_mixin.py:190} INFO - [2025-10-10T09:43:29.056+0000] {dag.py:4180} INFO - Setting next_dagrun for latest_only_with_trigger to 2025-10-10 04:00:00+00:00, run_after=2025-10-10 08:00:00+00:00
[2025-10-10T09:43:29.062+0000] {processor.py:208} INFO - Processing /home/airflow/.local/lib/python3.12/site-packages/airflow/example_dags/example_latest_only_with_trigger.py took 0.031 seconds
[2025-10-10T09:44:09.624+0000] {processor.py:186} INFO - Started process (PID=75) to work on /home/airflow/.local/lib/python3.12/site-packages/airflow/example_dags/example_latest_only_with_trigger.py
[2025-10-10T09:44:09.625+0000] {processor.py:914} INFO - Processing file /home/airflow/.local/lib/python3.12/site-packages/airflow/example_dags/example_latest_only_with_trigger.py for tasks to queue
[2025-10-10T09:44:09.626+0000] {logging_mixin.py:190} INFO - [2025-10-10T09:44:09.625+0000] {dagbag.py:588} INFO - Filling up the DagBag from /home/airflow/.local/lib/python3.12/site-packages/airflow/example_dags/example_latest_only_with_trigger.py
[2025-10-10T09:44:09.630+0000] {processor.py:925} INFO - DAG(s) 'latest_only_with_trigger' retrieved from /home/airflow/.local/lib/python3.12/site-packages/airflow/example_dags/example_latest_only_with_trigger.py
[2025-10-10T09:44:09.640+0000] {logging_mixin.py:190} INFO - [2025-10-10T09:44:09.640+0000] {dag.py:3239} INFO - Sync 1 DAGs
[2025-10-10T09:44:09.649+0000] {logging_mixin.py:190} INFO - [2025-10-10T09:44:09.649+0000] {dag.py:4180} INFO - Setting next_dagrun for latest_only_with_trigger to 2025-10-10 04:00:00+00:00, run_after=2025-10-10 08:00:00+00:00
[2025-10-10T09:44:09.656+0000] {processor.py:208} INFO - Processing /home/airflow/.local/lib/python3.12/site-packages/airflow/example_dags/example_latest_only_with_trigger.py took 0.035 seconds
[2025-10-10T09:44:39.786+0000] {processor.py:186} INFO - Started process (PID=138) to work on /home/airflow/.local/lib/python3.12/site-packages/airflow/example_dags/example_latest_only_with_trigger.py
[2025-10-10T09:44:39.788+0000] {processor.py:914} INFO - Processing file /home/airflow/.local/lib/python3.12/site-packages/airflow/example_dags/example_latest_only_with_trigger.py for tasks to queue
[2025-10-10T09:44:39.789+0000] {logging_mixin.py:190} INFO - [2025-10-10T09:44:39.789+0000] {dagbag.py:588} INFO - Filling up the DagBag from /home/airflow/.local/lib/python3.12/site-packages/airflow/example_dags/example_latest_only_with_trigger.py
[2025-10-10T09:44:39.792+0000] {processor.py:925} INFO - DAG(s) 'latest_only_with_trigger' retrieved from /home/airflow/.local/lib/python3.12/site-packages/airflow/example_dags/example_latest_only_with_trigger.py
[2025-10-10T09:44:39.802+0000] {logging_mixin.py:190} INFO - [2025-10-10T09:44:39.802+0000] {dag.py:3239} INFO - Sync 1 DAGs
[2025-10-10T09:44:39.810+0000] {logging_mixin.py:190} INFO - [2025-10-10T09:44:39.809+0000] {dag.py:4180} INFO - Setting next_dagrun for latest_only_with_trigger to 2025-10-10 04:00:00+00:00, run_after=2025-10-10 08:00:00+00:00
[2025-10-10T09:44:39.816+0000] {processor.py:208} INFO - Processing /home/airflow/.local/lib/python3.12/site-packages/airflow/example_dags/example_latest_only_with_trigger.py took 0.032 seconds
[2025-10-10T09:45:10.855+0000] {processor.py:186} INFO - Started process (PID=202) to work on /home/airflow/.local/lib/python3.12/site-packages/airflow/example_dags/example_latest_only_with_trigger.py
[2025-10-10T09:45:10.855+0000] {processor.py:914} INFO - Processing file /home/airflow/.local/lib/python3.12/site-packages/airflow/example_dags/example_latest_only_with_trigger.py for tasks to queue
[2025-10-10T09:45:10.856+0000] {logging_mixin.py:190} INFO - [2025-10-10T09:45:10.856+0000] {dagbag.py:588} INFO - Filling up the DagBag from /home/airflow/.local/lib/python3.12/site-packages/airflow/example_dags/example_latest_only_with_trigger.py
[2025-10-10T09:45:10.859+0000] {processor.py:925} INFO - DAG(s) 'latest_only_with_trigger' retrieved from /home/airflow/.local/lib/python3.12/site-packages/airflow/example_dags/example_latest_only_with_trigger.py
[2025-10-10T09:45:10.866+0000] {logging_mixin.py:190} INFO - [2025-10-10T09:45:10.866+0000] {dag.py:3239} INFO - Sync 1 DAGs
[2025-10-10T09:45:10.874+0000] {logging_mixin.py:190} INFO - [2025-10-10T09:45:10.874+0000] {dag.py:4180} INFO - Setting next_dagrun for latest_only_with_trigger to 2025-10-10 04:00:00+00:00, run_after=2025-10-10 08:00:00+00:00
[2025-10-10T09:45:10.879+0000] {processor.py:208} INFO - Processing /home/airflow/.local/lib/python3.12/site-packages/airflow/example_dags/example_latest_only_with_trigger.py took 0.027 seconds
[2025-10-10T09:45:41.830+0000] {processor.py:186} INFO - Started process (PID=274) to work on /home/airflow/.local/lib/python3.12/site-packages/airflow/example_dags/example_latest_only_with_trigger.py
[2025-10-10T09:45:41.830+0000] {processor.py:914} INFO - Processing file /home/airflow/.local/lib/python3.12/site-packages/airflow/example_dags/example_latest_only_with_trigger.py for tasks to queue
[2025-10-10T09:45:41.831+0000] {logging_mixin.py:190} INFO - [2025-10-10T09:45:41.831+0000] {dagbag.py:588} INFO - Filling up the DagBag from /home/airflow/.local/lib/python3.12/site-packages/airflow/example_dags/example_latest_only_with_trigger.py
[2025-10-10T09:45:41.834+0000] {processor.py:925} INFO - DAG(s) 'latest_only_with_trigger' retrieved from /home/airflow/.local/lib/python3.12/site-packages/airflow/example_dags/example_latest_only_with_trigger.py
[2025-10-10T09:45:41.842+0000] {logging_mixin.py:190} INFO - [2025-10-10T09:45:41.842+0000] {dag.py:3239} INFO - Sync 1 DAGs
[2025-10-10T09:45:41.850+0000] {logging_mixin.py:190} INFO - [2025-10-10T09:45:41.850+0000] {dag.py:4180} INFO - Setting next_dagrun for latest_only_with_trigger to 2025-10-10 04:00:00+00:00, run_after=2025-10-10 08:00:00+00:00
[2025-10-10T09:45:41.855+0000] {processor.py:208} INFO - Processing /home/airflow/.local/lib/python3.12/site-packages/airflow/example_dags/example_latest_only_with_trigger.py took 0.028 seconds
[2025-10-10T09:46:12.874+0000] {processor.py:186} INFO - Started process (PID=338) to work on /home/airflow/.local/lib/python3.12/site-packages/airflow/example_dags/example_latest_only_with_trigger.py
[2025-10-10T09:46:12.874+0000] {processor.py:914} INFO - Processing file /home/airflow/.local/lib/python3.12/site-packages/airflow/example_dags/example_latest_only_with_trigger.py for tasks to queue
[2025-10-10T09:46:12.875+0000] {logging_mixin.py:190} INFO - [2025-10-10T09:46:12.875+0000] {dagbag.py:588} INFO - Filling up the DagBag from /home/airflow/.local/lib/python3.12/site-packages/airflow/example_dags/example_latest_only_with_trigger.py
[2025-10-10T09:46:12.879+0000] {processor.py:925} INFO - DAG(s) 'latest_only_with_trigger' retrieved from /home/airflow/.local/lib/python3.12/site-packages/airflow/example_dags/example_latest_only_with_trigger.py
[2025-10-10T09:46:12.887+0000] {logging_mixin.py:190} INFO - [2025-10-10T09:46:12.887+0000] {dag.py:3239} INFO - Sync 1 DAGs
[2025-10-10T09:46:12.894+0000] {logging_mixin.py:190} INFO - [2025-10-10T09:46:12.894+0000] {dag.py:4180} INFO - Setting next_dagrun for latest_only_with_trigger to 2025-10-10 04:00:00+00:00, run_after=2025-10-10 08:00:00+00:00
[2025-10-10T09:46:12.900+0000] {processor.py:208} INFO - Processing /home/airflow/.local/lib/python3.12/site-packages/airflow/example_dags/example_latest_only_with_trigger.py took 0.028 seconds
[2025-10-10T09:46:43.941+0000] {processor.py:186} INFO - Started process (PID=402) to work on /home/airflow/.local/lib/python3.12/site-packages/airflow/example_dags/example_latest_only_with_trigger.py
[2025-10-10T09:46:43.942+0000] {processor.py:914} INFO - Processing file /home/airflow/.local/lib/python3.12/site-packages/airflow/example_dags/example_latest_only_with_trigger.py for tasks to queue
[2025-10-10T09:46:43.943+0000] {logging_mixin.py:190} INFO - [2025-10-10T09:46:43.943+0000] {dagbag.py:588} INFO - Filling up the DagBag from /home/airflow/.local/lib/python3.12/site-packages/airflow/example_dags/example_latest_only_with_trigger.py
[2025-10-10T09:46:43.947+0000] {processor.py:925} INFO - DAG(s) 'latest_only_with_trigger' retrieved from /home/airflow/.local/lib/python3.12/site-packages/airflow/example_dags/example_latest_only_with_trigger.py
[2025-10-10T09:46:43.956+0000] {logging_mixin.py:190} INFO - [2025-10-10T09:46:43.956+0000] {dag.py:3239} INFO - Sync 1 DAGs
[2025-10-10T09:46:43.964+0000] {logging_mixin.py:190} INFO - [2025-10-10T09:46:43.964+0000] {dag.py:4180} INFO - Setting next_dagrun for latest_only_with_trigger to 2025-10-10 04:00:00+00:00, run_after=2025-10-10 08:00:00+00:00
[2025-10-10T09:46:43.969+0000] {processor.py:208} INFO - Processing /home/airflow/.local/lib/python3.12/site-packages/airflow/example_dags/example_latest_only_with_trigger.py took 0.030 seconds
[2025-10-10T09:47:14.978+0000] {processor.py:186} INFO - Started process (PID=466) to work on /home/airflow/.local/lib/python3.12/site-packages/airflow/example_dags/example_latest_only_with_trigger.py
[2025-10-10T09:47:14.978+0000] {processor.py:914} INFO - Processing file /home/airflow/.local/lib/python3.12/site-packages/airflow/example_dags/example_latest_only_with_trigger.py for tasks to queue
[2025-10-10T09:47:14.979+0000] {logging_mixin.py:190} INFO - [2025-10-10T09:47:14.979+0000] {dagbag.py:588} INFO - Filling up the DagBag from /home/airflow/.local/lib/python3.12/site-packages/airflow/example_dags/example_latest_only_with_trigger.py
[2025-10-10T09:47:14.982+0000] {processor.py:925} INFO - DAG(s) 'latest_only_with_trigger' retrieved from /home/airflow/.local/lib/python3.12/site-packages/airflow/example_dags/example_latest_only_with_trigger.py
[2025-10-10T09:47:14.989+0000] {logging_mixin.py:190} INFO - [2025-10-10T09:47:14.989+0000] {dag.py:3239} INFO - Sync 1 DAGs
[2025-10-10T09:47:14.997+0000] {logging_mixin.py:190} INFO - [2025-10-10T09:47:14.997+0000] {dag.py:4180} INFO - Setting next_dagrun for latest_only_with_trigger to 2025-10-10 04:00:00+00:00, run_after=2025-10-10 08:00:00+00:00
[2025-10-10T09:47:15.006+0000] {processor.py:208} INFO - Processing /home/airflow/.local/lib/python3.12/site-packages/airflow/example_dags/example_latest_only_with_trigger.py took 0.030 seconds
[2025-10-10T09:47:46.023+0000] {processor.py:186} INFO - Started process (PID=530) to work on /home/airflow/.local/lib/python3.12/site-packages/airflow/example_dags/example_latest_only_with_trigger.py
[2025-10-10T09:47:46.023+0000] {processor.py:914} INFO - Processing file /home/airflow/.local/lib/python3.12/site-packages/airflow/example_dags/example_latest_only_with_trigger.py for tasks to queue
[2025-10-10T09:47:46.024+0000] {logging_mixin.py:190} INFO - [2025-10-10T09:47:46.024+0000] {dagbag.py:588} INFO - Filling up the DagBag from /home/airflow/.local/lib/python3.12/site-packages/airflow/example_dags/example_latest_only_with_trigger.py
[2025-10-10T09:47:46.030+0000] {processor.py:925} INFO - DAG(s) 'latest_only_with_trigger' retrieved from /home/airflow/.local/lib/python3.12/site-packages/airflow/example_dags/example_latest_only_with_trigger.py
[2025-10-10T09:47:46.039+0000] {logging_mixin.py:190} INFO - [2025-10-10T09:47:46.039+0000] {dag.py:3239} INFO - Sync 1 DAGs
[2025-10-10T09:47:46.048+0000] {logging_mixin.py:190} INFO - [2025-10-10T09:47:46.047+0000] {dag.py:4180} INFO - Setting next_dagrun for latest_only_with_trigger to 2025-10-10 04:00:00+00:00, run_after=2025-10-10 08:00:00+00:00
[2025-10-10T09:47:46.053+0000] {processor.py:208} INFO - Processing /home/airflow/.local/lib/python3.12/site-packages/airflow/example_dags/example_latest_only_with_trigger.py took 0.032 seconds
[2025-10-10T09:48:17.274+0000] {processor.py:186} INFO - Started process (PID=594) to work on /home/airflow/.local/lib/python3.12/site-packages/airflow/example_dags/example_latest_only_with_trigger.py
[2025-10-10T09:48:17.275+0000] {processor.py:914} INFO - Processing file /home/airflow/.local/lib/python3.12/site-packages/airflow/example_dags/example_latest_only_with_trigger.py for tasks to queue
[2025-10-10T09:48:17.276+0000] {logging_mixin.py:190} INFO - [2025-10-10T09:48:17.276+0000] {dagbag.py:588} INFO - Filling up the DagBag from /home/airflow/.local/lib/python3.12/site-packages/airflow/example_dags/example_latest_only_with_trigger.py
[2025-10-10T09:48:17.279+0000] {processor.py:925} INFO - DAG(s) 'latest_only_with_trigger' retrieved from /home/airflow/.local/lib/python3.12/site-packages/airflow/example_dags/example_latest_only_with_trigger.py
[2025-10-10T09:48:17.287+0000] {logging_mixin.py:190} INFO - [2025-10-10T09:48:17.287+0000] {dag.py:3239} INFO - Sync 1 DAGs
[2025-10-10T09:48:17.295+0000] {logging_mixin.py:190} INFO - [2025-10-10T09:48:17.295+0000] {dag.py:4180} INFO - Setting next_dagrun for latest_only_with_trigger to 2025-10-10 04:00:00+00:00, run_after=2025-10-10 08:00:00+00:00
[2025-10-10T09:48:17.301+0000] {processor.py:208} INFO - Processing /home/airflow/.local/lib/python3.12/site-packages/airflow/example_dags/example_latest_only_with_trigger.py took 0.030 seconds
[2025-10-10T09:48:47.536+0000] {processor.py:186} INFO - Started process (PID=658) to work on /home/airflow/.local/lib/python3.12/site-packages/airflow/example_dags/example_latest_only_with_trigger.py
[2025-10-10T09:48:47.537+0000] {processor.py:914} INFO - Processing file /home/airflow/.local/lib/python3.12/site-packages/airflow/example_dags/example_latest_only_with_trigger.py for tasks to queue
[2025-10-10T09:48:47.538+0000] {logging_mixin.py:190} INFO - [2025-10-10T09:48:47.538+0000] {dagbag.py:588} INFO - Filling up the DagBag from /home/airflow/.local/lib/python3.12/site-packages/airflow/example_dags/example_latest_only_with_trigger.py
[2025-10-10T09:48:47.541+0000] {processor.py:925} INFO - DAG(s) 'latest_only_with_trigger' retrieved from /home/airflow/.local/lib/python3.12/site-packages/airflow/example_dags/example_latest_only_with_trigger.py
[2025-10-10T09:48:47.552+0000] {logging_mixin.py:190} INFO - [2025-10-10T09:48:47.552+0000] {dag.py:3239} INFO - Sync 1 DAGs
[2025-10-10T09:48:47.562+0000] {logging_mixin.py:190} INFO - [2025-10-10T09:48:47.561+0000] {dag.py:4180} INFO - Setting next_dagrun for latest_only_with_trigger to 2025-10-10 04:00:00+00:00, run_after=2025-10-10 08:00:00+00:00
[2025-10-10T09:48:47.570+0000] {processor.py:208} INFO - Processing /home/airflow/.local/lib/python3.12/site-packages/airflow/example_dags/example_latest_only_with_trigger.py took 0.037 seconds
