[2025-10-10T09:36:19.409+0000] {processor.py:186} INFO - Started process (PID=42) to work on /home/airflow/.local/lib/python3.12/site-packages/airflow/example_dags/example_dataset_alias.py
[2025-10-10T09:36:19.410+0000] {processor.py:914} INFO - Processing file /home/airflow/.local/lib/python3.12/site-packages/airflow/example_dags/example_dataset_alias.py for tasks to queue
[2025-10-10T09:36:19.413+0000] {logging_mixin.py:190} INFO - [2025-10-10T09:36:19.413+0000] {dagbag.py:588} INFO - Filling up the DagBag from /home/airflow/.local/lib/python3.12/site-packages/airflow/example_dags/example_dataset_alias.py
[2025-10-10T09:36:20.450+0000] {processor.py:925} INFO - DAG(s) 'dataset_alias_example_alias_consumer', 'dataset_s3_bucket_producer', 'dataset_s3_bucket_consumer', 'dataset_alias_example_alias_producer' retrieved from /home/airflow/.local/lib/python3.12/site-packages/airflow/example_dags/example_dataset_alias.py
[2025-10-10T09:36:20.481+0000] {logging_mixin.py:190} INFO - [2025-10-10T09:36:20.481+0000] {override.py:1911} INFO - Created Permission View: can edit on DAG:dataset_alias_example_alias_consumer
[2025-10-10T09:36:20.486+0000] {logging_mixin.py:190} INFO - [2025-10-10T09:36:20.486+0000] {override.py:1911} INFO - Created Permission View: can read on DAG:dataset_alias_example_alias_consumer
[2025-10-10T09:36:20.488+0000] {logging_mixin.py:190} INFO - [2025-10-10T09:36:20.488+0000] {override.py:1911} INFO - Created Permission View: can delete on DAG:dataset_alias_example_alias_consumer
[2025-10-10T09:36:20.489+0000] {logging_mixin.py:190} INFO - [2025-10-10T09:36:20.489+0000] {override.py:1911} INFO - Created Permission View: can read on DAG Run:dataset_alias_example_alias_consumer
[2025-10-10T09:36:20.491+0000] {logging_mixin.py:190} INFO - [2025-10-10T09:36:20.491+0000] {override.py:1911} INFO - Created Permission View: menu access on DAG Run:dataset_alias_example_alias_consumer
[2025-10-10T09:36:20.493+0000] {logging_mixin.py:190} INFO - [2025-10-10T09:36:20.492+0000] {override.py:1911} INFO - Created Permission View: can delete on DAG Run:dataset_alias_example_alias_consumer
[2025-10-10T09:36:20.494+0000] {logging_mixin.py:190} INFO - [2025-10-10T09:36:20.494+0000] {override.py:1911} INFO - Created Permission View: can create on DAG Run:dataset_alias_example_alias_consumer
[2025-10-10T09:36:20.497+0000] {logging_mixin.py:190} INFO - [2025-10-10T09:36:20.497+0000] {override.py:1911} INFO - Created Permission View: can edit on DAG:dataset_s3_bucket_producer
[2025-10-10T09:36:20.499+0000] {logging_mixin.py:190} INFO - [2025-10-10T09:36:20.499+0000] {override.py:1911} INFO - Created Permission View: can read on DAG:dataset_s3_bucket_producer
[2025-10-10T09:36:20.500+0000] {logging_mixin.py:190} INFO - [2025-10-10T09:36:20.500+0000] {override.py:1911} INFO - Created Permission View: can delete on DAG:dataset_s3_bucket_producer
[2025-10-10T09:36:20.502+0000] {logging_mixin.py:190} INFO - [2025-10-10T09:36:20.502+0000] {override.py:1911} INFO - Created Permission View: can read on DAG Run:dataset_s3_bucket_producer
[2025-10-10T09:36:20.504+0000] {logging_mixin.py:190} INFO - [2025-10-10T09:36:20.503+0000] {override.py:1911} INFO - Created Permission View: menu access on DAG Run:dataset_s3_bucket_producer
[2025-10-10T09:36:20.505+0000] {logging_mixin.py:190} INFO - [2025-10-10T09:36:20.505+0000] {override.py:1911} INFO - Created Permission View: can delete on DAG Run:dataset_s3_bucket_producer
[2025-10-10T09:36:20.506+0000] {logging_mixin.py:190} INFO - [2025-10-10T09:36:20.506+0000] {override.py:1911} INFO - Created Permission View: can create on DAG Run:dataset_s3_bucket_producer
[2025-10-10T09:36:20.511+0000] {logging_mixin.py:190} INFO - [2025-10-10T09:36:20.511+0000] {override.py:1911} INFO - Created Permission View: can edit on DAG:dataset_s3_bucket_consumer
[2025-10-10T09:36:20.513+0000] {logging_mixin.py:190} INFO - [2025-10-10T09:36:20.513+0000] {override.py:1911} INFO - Created Permission View: can read on DAG:dataset_s3_bucket_consumer
[2025-10-10T09:36:20.515+0000] {logging_mixin.py:190} INFO - [2025-10-10T09:36:20.515+0000] {override.py:1911} INFO - Created Permission View: can delete on DAG:dataset_s3_bucket_consumer
[2025-10-10T09:36:20.517+0000] {logging_mixin.py:190} INFO - [2025-10-10T09:36:20.516+0000] {override.py:1911} INFO - Created Permission View: can read on DAG Run:dataset_s3_bucket_consumer
[2025-10-10T09:36:20.518+0000] {logging_mixin.py:190} INFO - [2025-10-10T09:36:20.518+0000] {override.py:1911} INFO - Created Permission View: menu access on DAG Run:dataset_s3_bucket_consumer
[2025-10-10T09:36:20.520+0000] {logging_mixin.py:190} INFO - [2025-10-10T09:36:20.520+0000] {override.py:1911} INFO - Created Permission View: can delete on DAG Run:dataset_s3_bucket_consumer
[2025-10-10T09:36:20.522+0000] {logging_mixin.py:190} INFO - [2025-10-10T09:36:20.522+0000] {override.py:1911} INFO - Created Permission View: can create on DAG Run:dataset_s3_bucket_consumer
[2025-10-10T09:36:20.528+0000] {logging_mixin.py:190} INFO - [2025-10-10T09:36:20.527+0000] {override.py:1911} INFO - Created Permission View: can edit on DAG:dataset_alias_example_alias_producer
[2025-10-10T09:36:20.530+0000] {logging_mixin.py:190} INFO - [2025-10-10T09:36:20.530+0000] {override.py:1911} INFO - Created Permission View: can read on DAG:dataset_alias_example_alias_producer
[2025-10-10T09:36:20.533+0000] {logging_mixin.py:190} INFO - [2025-10-10T09:36:20.533+0000] {override.py:1911} INFO - Created Permission View: can delete on DAG:dataset_alias_example_alias_producer
[2025-10-10T09:36:20.536+0000] {logging_mixin.py:190} INFO - [2025-10-10T09:36:20.536+0000] {override.py:1911} INFO - Created Permission View: can read on DAG Run:dataset_alias_example_alias_producer
[2025-10-10T09:36:20.539+0000] {logging_mixin.py:190} INFO - [2025-10-10T09:36:20.539+0000] {override.py:1911} INFO - Created Permission View: menu access on DAG Run:dataset_alias_example_alias_producer
[2025-10-10T09:36:20.541+0000] {logging_mixin.py:190} INFO - [2025-10-10T09:36:20.540+0000] {override.py:1911} INFO - Created Permission View: can delete on DAG Run:dataset_alias_example_alias_producer
[2025-10-10T09:36:20.542+0000] {logging_mixin.py:190} INFO - [2025-10-10T09:36:20.542+0000] {override.py:1911} INFO - Created Permission View: can create on DAG Run:dataset_alias_example_alias_producer
[2025-10-10T09:36:20.543+0000] {logging_mixin.py:190} INFO - [2025-10-10T09:36:20.543+0000] {dag.py:3239} INFO - Sync 4 DAGs
[2025-10-10T09:36:20.548+0000] {logging_mixin.py:190} INFO - [2025-10-10T09:36:20.548+0000] {dag.py:3262} INFO - Creating ORM DAG for dataset_alias_example_alias_producer
[2025-10-10T09:36:20.549+0000] {logging_mixin.py:190} INFO - [2025-10-10T09:36:20.549+0000] {dag.py:3262} INFO - Creating ORM DAG for dataset_alias_example_alias_consumer
[2025-10-10T09:36:20.549+0000] {logging_mixin.py:190} INFO - [2025-10-10T09:36:20.549+0000] {dag.py:3262} INFO - Creating ORM DAG for dataset_s3_bucket_producer
[2025-10-10T09:36:20.549+0000] {logging_mixin.py:190} INFO - [2025-10-10T09:36:20.549+0000] {dag.py:3262} INFO - Creating ORM DAG for dataset_s3_bucket_consumer
[2025-10-10T09:36:20.553+0000] {logging_mixin.py:190} INFO - [2025-10-10T09:36:20.553+0000] {dag.py:4180} INFO - Setting next_dagrun for dataset_alias_example_alias_consumer to None, run_after=None
[2025-10-10T09:36:20.553+0000] {logging_mixin.py:190} INFO - [2025-10-10T09:36:20.553+0000] {dag.py:4180} INFO - Setting next_dagrun for dataset_alias_example_alias_producer to None, run_after=None
[2025-10-10T09:36:20.553+0000] {logging_mixin.py:190} INFO - [2025-10-10T09:36:20.553+0000] {dag.py:4180} INFO - Setting next_dagrun for dataset_s3_bucket_consumer to None, run_after=None
[2025-10-10T09:36:20.553+0000] {logging_mixin.py:190} INFO - [2025-10-10T09:36:20.553+0000] {dag.py:4180} INFO - Setting next_dagrun for dataset_s3_bucket_producer to None, run_after=None
[2025-10-10T09:36:20.563+0000] {processor.py:208} INFO - Processing /home/airflow/.local/lib/python3.12/site-packages/airflow/example_dags/example_dataset_alias.py took 1.158 seconds
[2025-10-10T09:36:50.682+0000] {processor.py:186} INFO - Started process (PID=116) to work on /home/airflow/.local/lib/python3.12/site-packages/airflow/example_dags/example_dataset_alias.py
[2025-10-10T09:36:50.683+0000] {processor.py:914} INFO - Processing file /home/airflow/.local/lib/python3.12/site-packages/airflow/example_dags/example_dataset_alias.py for tasks to queue
[2025-10-10T09:36:50.685+0000] {logging_mixin.py:190} INFO - [2025-10-10T09:36:50.685+0000] {dagbag.py:588} INFO - Filling up the DagBag from /home/airflow/.local/lib/python3.12/site-packages/airflow/example_dags/example_dataset_alias.py
[2025-10-10T09:36:50.982+0000] {processor.py:925} INFO - DAG(s) 'dataset_alias_example_alias_consumer', 'dataset_alias_example_alias_producer', 'dataset_s3_bucket_producer', 'dataset_s3_bucket_consumer' retrieved from /home/airflow/.local/lib/python3.12/site-packages/airflow/example_dags/example_dataset_alias.py
[2025-10-10T09:36:50.988+0000] {logging_mixin.py:190} INFO - [2025-10-10T09:36:50.988+0000] {dag.py:3239} INFO - Sync 4 DAGs
[2025-10-10T09:36:50.995+0000] {logging_mixin.py:190} INFO - [2025-10-10T09:36:50.995+0000] {dag.py:4180} INFO - Setting next_dagrun for dataset_alias_example_alias_consumer to None, run_after=None
[2025-10-10T09:36:50.996+0000] {logging_mixin.py:190} INFO - [2025-10-10T09:36:50.996+0000] {dag.py:4180} INFO - Setting next_dagrun for dataset_alias_example_alias_producer to None, run_after=None
[2025-10-10T09:36:50.997+0000] {logging_mixin.py:190} INFO - [2025-10-10T09:36:50.997+0000] {dag.py:4180} INFO - Setting next_dagrun for dataset_s3_bucket_consumer to None, run_after=None
[2025-10-10T09:36:50.998+0000] {logging_mixin.py:190} INFO - [2025-10-10T09:36:50.998+0000] {dag.py:4180} INFO - Setting next_dagrun for dataset_s3_bucket_producer to None, run_after=None
[2025-10-10T09:36:51.004+0000] {processor.py:208} INFO - Processing /home/airflow/.local/lib/python3.12/site-packages/airflow/example_dags/example_dataset_alias.py took 0.324 seconds
[2025-10-10T09:37:21.827+0000] {processor.py:186} INFO - Started process (PID=180) to work on /home/airflow/.local/lib/python3.12/site-packages/airflow/example_dags/example_dataset_alias.py
[2025-10-10T09:37:21.828+0000] {processor.py:914} INFO - Processing file /home/airflow/.local/lib/python3.12/site-packages/airflow/example_dags/example_dataset_alias.py for tasks to queue
[2025-10-10T09:37:21.829+0000] {logging_mixin.py:190} INFO - [2025-10-10T09:37:21.829+0000] {dagbag.py:588} INFO - Filling up the DagBag from /home/airflow/.local/lib/python3.12/site-packages/airflow/example_dags/example_dataset_alias.py
[2025-10-10T09:37:22.111+0000] {processor.py:925} INFO - DAG(s) 'dataset_s3_bucket_producer', 'dataset_s3_bucket_consumer', 'dataset_alias_example_alias_consumer', 'dataset_alias_example_alias_producer' retrieved from /home/airflow/.local/lib/python3.12/site-packages/airflow/example_dags/example_dataset_alias.py
[2025-10-10T09:37:22.118+0000] {logging_mixin.py:190} INFO - [2025-10-10T09:37:22.117+0000] {dag.py:3239} INFO - Sync 4 DAGs
[2025-10-10T09:37:22.124+0000] {logging_mixin.py:190} INFO - [2025-10-10T09:37:22.124+0000] {dag.py:4180} INFO - Setting next_dagrun for dataset_alias_example_alias_consumer to None, run_after=None
[2025-10-10T09:37:22.125+0000] {logging_mixin.py:190} INFO - [2025-10-10T09:37:22.125+0000] {dag.py:4180} INFO - Setting next_dagrun for dataset_alias_example_alias_producer to None, run_after=None
[2025-10-10T09:37:22.126+0000] {logging_mixin.py:190} INFO - [2025-10-10T09:37:22.126+0000] {dag.py:4180} INFO - Setting next_dagrun for dataset_s3_bucket_consumer to None, run_after=None
[2025-10-10T09:37:22.126+0000] {logging_mixin.py:190} INFO - [2025-10-10T09:37:22.126+0000] {dag.py:4180} INFO - Setting next_dagrun for dataset_s3_bucket_producer to None, run_after=None
[2025-10-10T09:37:22.132+0000] {processor.py:208} INFO - Processing /home/airflow/.local/lib/python3.12/site-packages/airflow/example_dags/example_dataset_alias.py took 0.308 seconds
[2025-10-10T09:37:52.160+0000] {processor.py:186} INFO - Started process (PID=243) to work on /home/airflow/.local/lib/python3.12/site-packages/airflow/example_dags/example_dataset_alias.py
[2025-10-10T09:37:52.160+0000] {processor.py:914} INFO - Processing file /home/airflow/.local/lib/python3.12/site-packages/airflow/example_dags/example_dataset_alias.py for tasks to queue
[2025-10-10T09:37:52.162+0000] {logging_mixin.py:190} INFO - [2025-10-10T09:37:52.162+0000] {dagbag.py:588} INFO - Filling up the DagBag from /home/airflow/.local/lib/python3.12/site-packages/airflow/example_dags/example_dataset_alias.py
[2025-10-10T09:37:52.411+0000] {processor.py:925} INFO - DAG(s) 'dataset_alias_example_alias_consumer', 'dataset_alias_example_alias_producer', 'dataset_s3_bucket_producer', 'dataset_s3_bucket_consumer' retrieved from /home/airflow/.local/lib/python3.12/site-packages/airflow/example_dags/example_dataset_alias.py
[2025-10-10T09:37:52.417+0000] {logging_mixin.py:190} INFO - [2025-10-10T09:37:52.417+0000] {dag.py:3239} INFO - Sync 4 DAGs
[2025-10-10T09:37:52.427+0000] {logging_mixin.py:190} INFO - [2025-10-10T09:37:52.427+0000] {dag.py:4180} INFO - Setting next_dagrun for dataset_alias_example_alias_consumer to None, run_after=None
[2025-10-10T09:37:52.428+0000] {logging_mixin.py:190} INFO - [2025-10-10T09:37:52.428+0000] {dag.py:4180} INFO - Setting next_dagrun for dataset_alias_example_alias_producer to None, run_after=None
[2025-10-10T09:37:52.428+0000] {logging_mixin.py:190} INFO - [2025-10-10T09:37:52.428+0000] {dag.py:4180} INFO - Setting next_dagrun for dataset_s3_bucket_consumer to None, run_after=None
[2025-10-10T09:37:52.429+0000] {logging_mixin.py:190} INFO - [2025-10-10T09:37:52.429+0000] {dag.py:4180} INFO - Setting next_dagrun for dataset_s3_bucket_producer to None, run_after=None
[2025-10-10T09:37:52.435+0000] {processor.py:208} INFO - Processing /home/airflow/.local/lib/python3.12/site-packages/airflow/example_dags/example_dataset_alias.py took 0.281 seconds
[2025-10-10T09:38:16.529+0000] {processor.py:186} INFO - Started process (PID=37) to work on /home/airflow/.local/lib/python3.12/site-packages/airflow/example_dags/example_dataset_alias.py
[2025-10-10T09:38:16.530+0000] {processor.py:914} INFO - Processing file /home/airflow/.local/lib/python3.12/site-packages/airflow/example_dags/example_dataset_alias.py for tasks to queue
[2025-10-10T09:38:16.531+0000] {logging_mixin.py:190} INFO - [2025-10-10T09:38:16.531+0000] {dagbag.py:588} INFO - Filling up the DagBag from /home/airflow/.local/lib/python3.12/site-packages/airflow/example_dags/example_dataset_alias.py
[2025-10-10T09:38:16.764+0000] {processor.py:925} INFO - DAG(s) 'dataset_s3_bucket_producer', 'dataset_alias_example_alias_consumer', 'dataset_alias_example_alias_producer', 'dataset_s3_bucket_consumer' retrieved from /home/airflow/.local/lib/python3.12/site-packages/airflow/example_dags/example_dataset_alias.py
[2025-10-10T09:38:16.771+0000] {logging_mixin.py:190} INFO - [2025-10-10T09:38:16.771+0000] {dag.py:3239} INFO - Sync 4 DAGs
[2025-10-10T09:38:16.779+0000] {logging_mixin.py:190} INFO - [2025-10-10T09:38:16.779+0000] {dag.py:4180} INFO - Setting next_dagrun for dataset_alias_example_alias_consumer to None, run_after=None
[2025-10-10T09:38:16.780+0000] {logging_mixin.py:190} INFO - [2025-10-10T09:38:16.780+0000] {dag.py:4180} INFO - Setting next_dagrun for dataset_alias_example_alias_producer to None, run_after=None
[2025-10-10T09:38:16.780+0000] {logging_mixin.py:190} INFO - [2025-10-10T09:38:16.780+0000] {dag.py:4180} INFO - Setting next_dagrun for dataset_s3_bucket_consumer to None, run_after=None
[2025-10-10T09:38:16.781+0000] {logging_mixin.py:190} INFO - [2025-10-10T09:38:16.780+0000] {dag.py:4180} INFO - Setting next_dagrun for dataset_s3_bucket_producer to None, run_after=None
[2025-10-10T09:38:16.787+0000] {processor.py:208} INFO - Processing /home/airflow/.local/lib/python3.12/site-packages/airflow/example_dags/example_dataset_alias.py took 0.260 seconds
[2025-10-10T09:38:47.758+0000] {processor.py:186} INFO - Started process (PID=109) to work on /home/airflow/.local/lib/python3.12/site-packages/airflow/example_dags/example_dataset_alias.py
[2025-10-10T09:38:47.759+0000] {processor.py:914} INFO - Processing file /home/airflow/.local/lib/python3.12/site-packages/airflow/example_dags/example_dataset_alias.py for tasks to queue
[2025-10-10T09:38:47.761+0000] {logging_mixin.py:190} INFO - [2025-10-10T09:38:47.761+0000] {dagbag.py:588} INFO - Filling up the DagBag from /home/airflow/.local/lib/python3.12/site-packages/airflow/example_dags/example_dataset_alias.py
[2025-10-10T09:38:48.015+0000] {processor.py:925} INFO - DAG(s) 'dataset_alias_example_alias_producer', 'dataset_alias_example_alias_consumer', 'dataset_s3_bucket_consumer', 'dataset_s3_bucket_producer' retrieved from /home/airflow/.local/lib/python3.12/site-packages/airflow/example_dags/example_dataset_alias.py
[2025-10-10T09:38:48.025+0000] {logging_mixin.py:190} INFO - [2025-10-10T09:38:48.025+0000] {dag.py:3239} INFO - Sync 4 DAGs
[2025-10-10T09:38:48.033+0000] {logging_mixin.py:190} INFO - [2025-10-10T09:38:48.033+0000] {dag.py:4180} INFO - Setting next_dagrun for dataset_alias_example_alias_consumer to None, run_after=None
[2025-10-10T09:38:48.034+0000] {logging_mixin.py:190} INFO - [2025-10-10T09:38:48.034+0000] {dag.py:4180} INFO - Setting next_dagrun for dataset_alias_example_alias_producer to None, run_after=None
[2025-10-10T09:38:48.037+0000] {logging_mixin.py:190} INFO - [2025-10-10T09:38:48.037+0000] {dag.py:4180} INFO - Setting next_dagrun for dataset_s3_bucket_consumer to None, run_after=None
[2025-10-10T09:38:48.038+0000] {logging_mixin.py:190} INFO - [2025-10-10T09:38:48.038+0000] {dag.py:4180} INFO - Setting next_dagrun for dataset_s3_bucket_producer to None, run_after=None
[2025-10-10T09:38:48.046+0000] {processor.py:208} INFO - Processing /home/airflow/.local/lib/python3.12/site-packages/airflow/example_dags/example_dataset_alias.py took 0.294 seconds
[2025-10-10T09:39:18.827+0000] {processor.py:186} INFO - Started process (PID=173) to work on /home/airflow/.local/lib/python3.12/site-packages/airflow/example_dags/example_dataset_alias.py
[2025-10-10T09:39:18.828+0000] {processor.py:914} INFO - Processing file /home/airflow/.local/lib/python3.12/site-packages/airflow/example_dags/example_dataset_alias.py for tasks to queue
[2025-10-10T09:39:18.830+0000] {logging_mixin.py:190} INFO - [2025-10-10T09:39:18.830+0000] {dagbag.py:588} INFO - Filling up the DagBag from /home/airflow/.local/lib/python3.12/site-packages/airflow/example_dags/example_dataset_alias.py
[2025-10-10T09:39:19.107+0000] {processor.py:925} INFO - DAG(s) 'dataset_alias_example_alias_producer', 'dataset_s3_bucket_consumer', 'dataset_alias_example_alias_consumer', 'dataset_s3_bucket_producer' retrieved from /home/airflow/.local/lib/python3.12/site-packages/airflow/example_dags/example_dataset_alias.py
[2025-10-10T09:39:19.126+0000] {logging_mixin.py:190} INFO - [2025-10-10T09:39:19.126+0000] {dag.py:3239} INFO - Sync 4 DAGs
[2025-10-10T09:39:19.133+0000] {logging_mixin.py:190} INFO - [2025-10-10T09:39:19.133+0000] {dag.py:4180} INFO - Setting next_dagrun for dataset_alias_example_alias_consumer to None, run_after=None
[2025-10-10T09:39:19.134+0000] {logging_mixin.py:190} INFO - [2025-10-10T09:39:19.134+0000] {dag.py:4180} INFO - Setting next_dagrun for dataset_alias_example_alias_producer to None, run_after=None
[2025-10-10T09:39:19.134+0000] {logging_mixin.py:190} INFO - [2025-10-10T09:39:19.134+0000] {dag.py:4180} INFO - Setting next_dagrun for dataset_s3_bucket_consumer to None, run_after=None
[2025-10-10T09:39:19.135+0000] {logging_mixin.py:190} INFO - [2025-10-10T09:39:19.134+0000] {dag.py:4180} INFO - Setting next_dagrun for dataset_s3_bucket_producer to None, run_after=None
[2025-10-10T09:39:19.144+0000] {processor.py:208} INFO - Processing /home/airflow/.local/lib/python3.12/site-packages/airflow/example_dags/example_dataset_alias.py took 0.323 seconds
[2025-10-10T09:39:50.081+0000] {processor.py:186} INFO - Started process (PID=241) to work on /home/airflow/.local/lib/python3.12/site-packages/airflow/example_dags/example_dataset_alias.py
[2025-10-10T09:39:50.082+0000] {processor.py:914} INFO - Processing file /home/airflow/.local/lib/python3.12/site-packages/airflow/example_dags/example_dataset_alias.py for tasks to queue
[2025-10-10T09:39:50.084+0000] {logging_mixin.py:190} INFO - [2025-10-10T09:39:50.084+0000] {dagbag.py:588} INFO - Filling up the DagBag from /home/airflow/.local/lib/python3.12/site-packages/airflow/example_dags/example_dataset_alias.py
[2025-10-10T09:39:50.319+0000] {processor.py:925} INFO - DAG(s) 'dataset_s3_bucket_producer', 'dataset_alias_example_alias_consumer', 'dataset_s3_bucket_consumer', 'dataset_alias_example_alias_producer' retrieved from /home/airflow/.local/lib/python3.12/site-packages/airflow/example_dags/example_dataset_alias.py
[2025-10-10T09:39:50.325+0000] {logging_mixin.py:190} INFO - [2025-10-10T09:39:50.325+0000] {dag.py:3239} INFO - Sync 4 DAGs
[2025-10-10T09:39:50.332+0000] {logging_mixin.py:190} INFO - [2025-10-10T09:39:50.332+0000] {dag.py:4180} INFO - Setting next_dagrun for dataset_alias_example_alias_consumer to None, run_after=None
[2025-10-10T09:39:50.335+0000] {logging_mixin.py:190} INFO - [2025-10-10T09:39:50.335+0000] {dag.py:4180} INFO - Setting next_dagrun for dataset_alias_example_alias_producer to None, run_after=None
[2025-10-10T09:39:50.336+0000] {logging_mixin.py:190} INFO - [2025-10-10T09:39:50.336+0000] {dag.py:4180} INFO - Setting next_dagrun for dataset_s3_bucket_consumer to None, run_after=None
[2025-10-10T09:39:50.337+0000] {logging_mixin.py:190} INFO - [2025-10-10T09:39:50.337+0000] {dag.py:4180} INFO - Setting next_dagrun for dataset_s3_bucket_producer to None, run_after=None
[2025-10-10T09:39:50.346+0000] {processor.py:208} INFO - Processing /home/airflow/.local/lib/python3.12/site-packages/airflow/example_dags/example_dataset_alias.py took 0.271 seconds
[2025-10-10T09:40:21.264+0000] {processor.py:186} INFO - Started process (PID=305) to work on /home/airflow/.local/lib/python3.12/site-packages/airflow/example_dags/example_dataset_alias.py
[2025-10-10T09:40:21.265+0000] {processor.py:914} INFO - Processing file /home/airflow/.local/lib/python3.12/site-packages/airflow/example_dags/example_dataset_alias.py for tasks to queue
[2025-10-10T09:40:21.267+0000] {logging_mixin.py:190} INFO - [2025-10-10T09:40:21.267+0000] {dagbag.py:588} INFO - Filling up the DagBag from /home/airflow/.local/lib/python3.12/site-packages/airflow/example_dags/example_dataset_alias.py
[2025-10-10T09:40:21.533+0000] {processor.py:925} INFO - DAG(s) 'dataset_s3_bucket_producer', 'dataset_alias_example_alias_producer', 'dataset_alias_example_alias_consumer', 'dataset_s3_bucket_consumer' retrieved from /home/airflow/.local/lib/python3.12/site-packages/airflow/example_dags/example_dataset_alias.py
[2025-10-10T09:40:21.545+0000] {logging_mixin.py:190} INFO - [2025-10-10T09:40:21.545+0000] {dag.py:3239} INFO - Sync 4 DAGs
[2025-10-10T09:40:21.554+0000] {logging_mixin.py:190} INFO - [2025-10-10T09:40:21.554+0000] {dag.py:4180} INFO - Setting next_dagrun for dataset_alias_example_alias_consumer to None, run_after=None
[2025-10-10T09:40:21.556+0000] {logging_mixin.py:190} INFO - [2025-10-10T09:40:21.556+0000] {dag.py:4180} INFO - Setting next_dagrun for dataset_alias_example_alias_producer to None, run_after=None
[2025-10-10T09:40:21.557+0000] {logging_mixin.py:190} INFO - [2025-10-10T09:40:21.557+0000] {dag.py:4180} INFO - Setting next_dagrun for dataset_s3_bucket_consumer to None, run_after=None
[2025-10-10T09:40:21.557+0000] {logging_mixin.py:190} INFO - [2025-10-10T09:40:21.557+0000] {dag.py:4180} INFO - Setting next_dagrun for dataset_s3_bucket_producer to None, run_after=None
[2025-10-10T09:40:21.567+0000] {processor.py:208} INFO - Processing /home/airflow/.local/lib/python3.12/site-packages/airflow/example_dags/example_dataset_alias.py took 0.309 seconds
[2025-10-10T09:40:52.502+0000] {processor.py:186} INFO - Started process (PID=369) to work on /home/airflow/.local/lib/python3.12/site-packages/airflow/example_dags/example_dataset_alias.py
[2025-10-10T09:40:52.504+0000] {processor.py:914} INFO - Processing file /home/airflow/.local/lib/python3.12/site-packages/airflow/example_dags/example_dataset_alias.py for tasks to queue
[2025-10-10T09:40:52.506+0000] {logging_mixin.py:190} INFO - [2025-10-10T09:40:52.506+0000] {dagbag.py:588} INFO - Filling up the DagBag from /home/airflow/.local/lib/python3.12/site-packages/airflow/example_dags/example_dataset_alias.py
[2025-10-10T09:40:52.780+0000] {processor.py:925} INFO - DAG(s) 'dataset_alias_example_alias_producer', 'dataset_s3_bucket_producer', 'dataset_s3_bucket_consumer', 'dataset_alias_example_alias_consumer' retrieved from /home/airflow/.local/lib/python3.12/site-packages/airflow/example_dags/example_dataset_alias.py
[2025-10-10T09:40:52.789+0000] {logging_mixin.py:190} INFO - [2025-10-10T09:40:52.789+0000] {dag.py:3239} INFO - Sync 4 DAGs
[2025-10-10T09:40:52.796+0000] {logging_mixin.py:190} INFO - [2025-10-10T09:40:52.796+0000] {dag.py:4180} INFO - Setting next_dagrun for dataset_alias_example_alias_consumer to None, run_after=None
[2025-10-10T09:40:52.798+0000] {logging_mixin.py:190} INFO - [2025-10-10T09:40:52.797+0000] {dag.py:4180} INFO - Setting next_dagrun for dataset_alias_example_alias_producer to None, run_after=None
[2025-10-10T09:40:52.798+0000] {logging_mixin.py:190} INFO - [2025-10-10T09:40:52.798+0000] {dag.py:4180} INFO - Setting next_dagrun for dataset_s3_bucket_consumer to None, run_after=None
[2025-10-10T09:40:52.799+0000] {logging_mixin.py:190} INFO - [2025-10-10T09:40:52.798+0000] {dag.py:4180} INFO - Setting next_dagrun for dataset_s3_bucket_producer to None, run_after=None
[2025-10-10T09:40:52.808+0000] {processor.py:208} INFO - Processing /home/airflow/.local/lib/python3.12/site-packages/airflow/example_dags/example_dataset_alias.py took 0.313 seconds
[2025-10-10T09:41:23.694+0000] {processor.py:186} INFO - Started process (PID=433) to work on /home/airflow/.local/lib/python3.12/site-packages/airflow/example_dags/example_dataset_alias.py
[2025-10-10T09:41:23.697+0000] {processor.py:914} INFO - Processing file /home/airflow/.local/lib/python3.12/site-packages/airflow/example_dags/example_dataset_alias.py for tasks to queue
[2025-10-10T09:41:23.700+0000] {logging_mixin.py:190} INFO - [2025-10-10T09:41:23.699+0000] {dagbag.py:588} INFO - Filling up the DagBag from /home/airflow/.local/lib/python3.12/site-packages/airflow/example_dags/example_dataset_alias.py
[2025-10-10T09:41:23.951+0000] {processor.py:925} INFO - DAG(s) 'dataset_alias_example_alias_producer', 'dataset_s3_bucket_producer', 'dataset_alias_example_alias_consumer', 'dataset_s3_bucket_consumer' retrieved from /home/airflow/.local/lib/python3.12/site-packages/airflow/example_dags/example_dataset_alias.py
[2025-10-10T09:41:23.959+0000] {logging_mixin.py:190} INFO - [2025-10-10T09:41:23.959+0000] {dag.py:3239} INFO - Sync 4 DAGs
[2025-10-10T09:41:23.966+0000] {logging_mixin.py:190} INFO - [2025-10-10T09:41:23.966+0000] {dag.py:4180} INFO - Setting next_dagrun for dataset_alias_example_alias_consumer to None, run_after=None
[2025-10-10T09:41:23.967+0000] {logging_mixin.py:190} INFO - [2025-10-10T09:41:23.967+0000] {dag.py:4180} INFO - Setting next_dagrun for dataset_alias_example_alias_producer to None, run_after=None
[2025-10-10T09:41:23.968+0000] {logging_mixin.py:190} INFO - [2025-10-10T09:41:23.968+0000] {dag.py:4180} INFO - Setting next_dagrun for dataset_s3_bucket_consumer to None, run_after=None
[2025-10-10T09:41:23.969+0000] {logging_mixin.py:190} INFO - [2025-10-10T09:41:23.969+0000] {dag.py:4180} INFO - Setting next_dagrun for dataset_s3_bucket_producer to None, run_after=None
[2025-10-10T09:41:23.977+0000] {processor.py:208} INFO - Processing /home/airflow/.local/lib/python3.12/site-packages/airflow/example_dags/example_dataset_alias.py took 0.290 seconds
[2025-10-10T09:41:54.799+0000] {processor.py:186} INFO - Started process (PID=497) to work on /home/airflow/.local/lib/python3.12/site-packages/airflow/example_dags/example_dataset_alias.py
[2025-10-10T09:41:54.801+0000] {processor.py:914} INFO - Processing file /home/airflow/.local/lib/python3.12/site-packages/airflow/example_dags/example_dataset_alias.py for tasks to queue
[2025-10-10T09:41:54.804+0000] {logging_mixin.py:190} INFO - [2025-10-10T09:41:54.803+0000] {dagbag.py:588} INFO - Filling up the DagBag from /home/airflow/.local/lib/python3.12/site-packages/airflow/example_dags/example_dataset_alias.py
[2025-10-10T09:41:55.091+0000] {processor.py:925} INFO - DAG(s) 'dataset_s3_bucket_consumer', 'dataset_alias_example_alias_consumer', 'dataset_s3_bucket_producer', 'dataset_alias_example_alias_producer' retrieved from /home/airflow/.local/lib/python3.12/site-packages/airflow/example_dags/example_dataset_alias.py
[2025-10-10T09:41:55.097+0000] {logging_mixin.py:190} INFO - [2025-10-10T09:41:55.097+0000] {dag.py:3239} INFO - Sync 4 DAGs
[2025-10-10T09:41:55.106+0000] {logging_mixin.py:190} INFO - [2025-10-10T09:41:55.106+0000] {dag.py:4180} INFO - Setting next_dagrun for dataset_alias_example_alias_consumer to None, run_after=None
[2025-10-10T09:41:55.110+0000] {logging_mixin.py:190} INFO - [2025-10-10T09:41:55.110+0000] {dag.py:4180} INFO - Setting next_dagrun for dataset_alias_example_alias_producer to None, run_after=None
[2025-10-10T09:41:55.110+0000] {logging_mixin.py:190} INFO - [2025-10-10T09:41:55.110+0000] {dag.py:4180} INFO - Setting next_dagrun for dataset_s3_bucket_consumer to None, run_after=None
[2025-10-10T09:41:55.111+0000] {logging_mixin.py:190} INFO - [2025-10-10T09:41:55.111+0000] {dag.py:4180} INFO - Setting next_dagrun for dataset_s3_bucket_producer to None, run_after=None
[2025-10-10T09:41:55.117+0000] {processor.py:208} INFO - Processing /home/airflow/.local/lib/python3.12/site-packages/airflow/example_dags/example_dataset_alias.py took 0.323 seconds
[2025-10-10T09:42:25.995+0000] {processor.py:186} INFO - Started process (PID=561) to work on /home/airflow/.local/lib/python3.12/site-packages/airflow/example_dags/example_dataset_alias.py
[2025-10-10T09:42:25.996+0000] {processor.py:914} INFO - Processing file /home/airflow/.local/lib/python3.12/site-packages/airflow/example_dags/example_dataset_alias.py for tasks to queue
[2025-10-10T09:42:26.000+0000] {logging_mixin.py:190} INFO - [2025-10-10T09:42:25.999+0000] {dagbag.py:588} INFO - Filling up the DagBag from /home/airflow/.local/lib/python3.12/site-packages/airflow/example_dags/example_dataset_alias.py
[2025-10-10T09:42:26.232+0000] {processor.py:925} INFO - DAG(s) 'dataset_alias_example_alias_producer', 'dataset_alias_example_alias_consumer', 'dataset_s3_bucket_consumer', 'dataset_s3_bucket_producer' retrieved from /home/airflow/.local/lib/python3.12/site-packages/airflow/example_dags/example_dataset_alias.py
[2025-10-10T09:42:26.240+0000] {logging_mixin.py:190} INFO - [2025-10-10T09:42:26.240+0000] {dag.py:3239} INFO - Sync 4 DAGs
[2025-10-10T09:42:26.248+0000] {logging_mixin.py:190} INFO - [2025-10-10T09:42:26.248+0000] {dag.py:4180} INFO - Setting next_dagrun for dataset_alias_example_alias_consumer to None, run_after=None
[2025-10-10T09:42:26.249+0000] {logging_mixin.py:190} INFO - [2025-10-10T09:42:26.249+0000] {dag.py:4180} INFO - Setting next_dagrun for dataset_alias_example_alias_producer to None, run_after=None
[2025-10-10T09:42:26.250+0000] {logging_mixin.py:190} INFO - [2025-10-10T09:42:26.250+0000] {dag.py:4180} INFO - Setting next_dagrun for dataset_s3_bucket_consumer to None, run_after=None
[2025-10-10T09:42:26.251+0000] {logging_mixin.py:190} INFO - [2025-10-10T09:42:26.251+0000] {dag.py:4180} INFO - Setting next_dagrun for dataset_s3_bucket_producer to None, run_after=None
[2025-10-10T09:42:26.258+0000] {processor.py:208} INFO - Processing /home/airflow/.local/lib/python3.12/site-packages/airflow/example_dags/example_dataset_alias.py took 0.268 seconds
[2025-10-10T09:42:57.098+0000] {processor.py:186} INFO - Started process (PID=625) to work on /home/airflow/.local/lib/python3.12/site-packages/airflow/example_dags/example_dataset_alias.py
[2025-10-10T09:42:57.099+0000] {processor.py:914} INFO - Processing file /home/airflow/.local/lib/python3.12/site-packages/airflow/example_dags/example_dataset_alias.py for tasks to queue
[2025-10-10T09:42:57.101+0000] {logging_mixin.py:190} INFO - [2025-10-10T09:42:57.101+0000] {dagbag.py:588} INFO - Filling up the DagBag from /home/airflow/.local/lib/python3.12/site-packages/airflow/example_dags/example_dataset_alias.py
[2025-10-10T09:42:57.464+0000] {processor.py:925} INFO - DAG(s) 'dataset_alias_example_alias_producer', 'dataset_alias_example_alias_consumer', 'dataset_s3_bucket_producer', 'dataset_s3_bucket_consumer' retrieved from /home/airflow/.local/lib/python3.12/site-packages/airflow/example_dags/example_dataset_alias.py
[2025-10-10T09:42:57.474+0000] {logging_mixin.py:190} INFO - [2025-10-10T09:42:57.474+0000] {dag.py:3239} INFO - Sync 4 DAGs
[2025-10-10T09:42:57.482+0000] {logging_mixin.py:190} INFO - [2025-10-10T09:42:57.482+0000] {dag.py:4180} INFO - Setting next_dagrun for dataset_alias_example_alias_consumer to None, run_after=None
[2025-10-10T09:42:57.485+0000] {logging_mixin.py:190} INFO - [2025-10-10T09:42:57.485+0000] {dag.py:4180} INFO - Setting next_dagrun for dataset_alias_example_alias_producer to None, run_after=None
[2025-10-10T09:42:57.486+0000] {logging_mixin.py:190} INFO - [2025-10-10T09:42:57.486+0000] {dag.py:4180} INFO - Setting next_dagrun for dataset_s3_bucket_consumer to None, run_after=None
[2025-10-10T09:42:57.487+0000] {logging_mixin.py:190} INFO - [2025-10-10T09:42:57.487+0000] {dag.py:4180} INFO - Setting next_dagrun for dataset_s3_bucket_producer to None, run_after=None
[2025-10-10T09:42:57.495+0000] {processor.py:208} INFO - Processing /home/airflow/.local/lib/python3.12/site-packages/airflow/example_dags/example_dataset_alias.py took 0.404 seconds
[2025-10-10T09:43:28.365+0000] {processor.py:186} INFO - Started process (PID=689) to work on /home/airflow/.local/lib/python3.12/site-packages/airflow/example_dags/example_dataset_alias.py
[2025-10-10T09:43:28.366+0000] {processor.py:914} INFO - Processing file /home/airflow/.local/lib/python3.12/site-packages/airflow/example_dags/example_dataset_alias.py for tasks to queue
[2025-10-10T09:43:28.368+0000] {logging_mixin.py:190} INFO - [2025-10-10T09:43:28.368+0000] {dagbag.py:588} INFO - Filling up the DagBag from /home/airflow/.local/lib/python3.12/site-packages/airflow/example_dags/example_dataset_alias.py
[2025-10-10T09:43:28.586+0000] {processor.py:925} INFO - DAG(s) 'dataset_s3_bucket_consumer', 'dataset_alias_example_alias_producer', 'dataset_s3_bucket_producer', 'dataset_alias_example_alias_consumer' retrieved from /home/airflow/.local/lib/python3.12/site-packages/airflow/example_dags/example_dataset_alias.py
[2025-10-10T09:43:28.592+0000] {logging_mixin.py:190} INFO - [2025-10-10T09:43:28.592+0000] {dag.py:3239} INFO - Sync 4 DAGs
[2025-10-10T09:43:28.598+0000] {logging_mixin.py:190} INFO - [2025-10-10T09:43:28.598+0000] {dag.py:4180} INFO - Setting next_dagrun for dataset_alias_example_alias_consumer to None, run_after=None
[2025-10-10T09:43:28.600+0000] {logging_mixin.py:190} INFO - [2025-10-10T09:43:28.600+0000] {dag.py:4180} INFO - Setting next_dagrun for dataset_alias_example_alias_producer to None, run_after=None
[2025-10-10T09:43:28.600+0000] {logging_mixin.py:190} INFO - [2025-10-10T09:43:28.600+0000] {dag.py:4180} INFO - Setting next_dagrun for dataset_s3_bucket_consumer to None, run_after=None
[2025-10-10T09:43:28.601+0000] {logging_mixin.py:190} INFO - [2025-10-10T09:43:28.601+0000] {dag.py:4180} INFO - Setting next_dagrun for dataset_s3_bucket_producer to None, run_after=None
[2025-10-10T09:43:28.611+0000] {processor.py:208} INFO - Processing /home/airflow/.local/lib/python3.12/site-packages/airflow/example_dags/example_dataset_alias.py took 0.252 seconds
[2025-10-10T09:44:08.187+0000] {processor.py:186} INFO - Started process (PID=43) to work on /home/airflow/.local/lib/python3.12/site-packages/airflow/example_dags/example_dataset_alias.py
[2025-10-10T09:44:08.188+0000] {processor.py:914} INFO - Processing file /home/airflow/.local/lib/python3.12/site-packages/airflow/example_dags/example_dataset_alias.py for tasks to queue
[2025-10-10T09:44:08.190+0000] {logging_mixin.py:190} INFO - [2025-10-10T09:44:08.190+0000] {dagbag.py:588} INFO - Filling up the DagBag from /home/airflow/.local/lib/python3.12/site-packages/airflow/example_dags/example_dataset_alias.py
[2025-10-10T09:44:09.056+0000] {processor.py:925} INFO - DAG(s) 'dataset_alias_example_alias_producer', 'dataset_s3_bucket_consumer', 'dataset_alias_example_alias_consumer', 'dataset_s3_bucket_producer' retrieved from /home/airflow/.local/lib/python3.12/site-packages/airflow/example_dags/example_dataset_alias.py
[2025-10-10T09:44:09.066+0000] {logging_mixin.py:190} INFO - [2025-10-10T09:44:09.066+0000] {dag.py:3239} INFO - Sync 4 DAGs
[2025-10-10T09:44:09.073+0000] {logging_mixin.py:190} INFO - [2025-10-10T09:44:09.073+0000] {dag.py:4180} INFO - Setting next_dagrun for dataset_alias_example_alias_consumer to None, run_after=None
[2025-10-10T09:44:09.076+0000] {logging_mixin.py:190} INFO - [2025-10-10T09:44:09.076+0000] {dag.py:4180} INFO - Setting next_dagrun for dataset_alias_example_alias_producer to None, run_after=None
[2025-10-10T09:44:09.076+0000] {logging_mixin.py:190} INFO - [2025-10-10T09:44:09.076+0000] {dag.py:4180} INFO - Setting next_dagrun for dataset_s3_bucket_consumer to None, run_after=None
[2025-10-10T09:44:09.077+0000] {logging_mixin.py:190} INFO - [2025-10-10T09:44:09.077+0000] {dag.py:4180} INFO - Setting next_dagrun for dataset_s3_bucket_producer to None, run_after=None
[2025-10-10T09:44:09.085+0000] {processor.py:208} INFO - Processing /home/airflow/.local/lib/python3.12/site-packages/airflow/example_dags/example_dataset_alias.py took 0.904 seconds
[2025-10-10T09:44:39.184+0000] {processor.py:186} INFO - Started process (PID=120) to work on /home/airflow/.local/lib/python3.12/site-packages/airflow/example_dags/example_dataset_alias.py
[2025-10-10T09:44:39.184+0000] {processor.py:914} INFO - Processing file /home/airflow/.local/lib/python3.12/site-packages/airflow/example_dags/example_dataset_alias.py for tasks to queue
[2025-10-10T09:44:39.185+0000] {logging_mixin.py:190} INFO - [2025-10-10T09:44:39.185+0000] {dagbag.py:588} INFO - Filling up the DagBag from /home/airflow/.local/lib/python3.12/site-packages/airflow/example_dags/example_dataset_alias.py
[2025-10-10T09:44:39.428+0000] {processor.py:925} INFO - DAG(s) 'dataset_s3_bucket_producer', 'dataset_s3_bucket_consumer', 'dataset_alias_example_alias_producer', 'dataset_alias_example_alias_consumer' retrieved from /home/airflow/.local/lib/python3.12/site-packages/airflow/example_dags/example_dataset_alias.py
[2025-10-10T09:44:39.435+0000] {logging_mixin.py:190} INFO - [2025-10-10T09:44:39.435+0000] {dag.py:3239} INFO - Sync 4 DAGs
[2025-10-10T09:44:39.442+0000] {logging_mixin.py:190} INFO - [2025-10-10T09:44:39.442+0000] {dag.py:4180} INFO - Setting next_dagrun for dataset_alias_example_alias_consumer to None, run_after=None
[2025-10-10T09:44:39.444+0000] {logging_mixin.py:190} INFO - [2025-10-10T09:44:39.444+0000] {dag.py:4180} INFO - Setting next_dagrun for dataset_alias_example_alias_producer to None, run_after=None
[2025-10-10T09:44:39.446+0000] {logging_mixin.py:190} INFO - [2025-10-10T09:44:39.445+0000] {dag.py:4180} INFO - Setting next_dagrun for dataset_s3_bucket_consumer to None, run_after=None
[2025-10-10T09:44:39.446+0000] {logging_mixin.py:190} INFO - [2025-10-10T09:44:39.446+0000] {dag.py:4180} INFO - Setting next_dagrun for dataset_s3_bucket_producer to None, run_after=None
[2025-10-10T09:44:39.453+0000] {processor.py:208} INFO - Processing /home/airflow/.local/lib/python3.12/site-packages/airflow/example_dags/example_dataset_alias.py took 0.272 seconds
[2025-10-10T09:45:10.077+0000] {processor.py:186} INFO - Started process (PID=178) to work on /home/airflow/.local/lib/python3.12/site-packages/airflow/example_dags/example_dataset_alias.py
[2025-10-10T09:45:10.080+0000] {processor.py:914} INFO - Processing file /home/airflow/.local/lib/python3.12/site-packages/airflow/example_dags/example_dataset_alias.py for tasks to queue
[2025-10-10T09:45:10.083+0000] {logging_mixin.py:190} INFO - [2025-10-10T09:45:10.083+0000] {dagbag.py:588} INFO - Filling up the DagBag from /home/airflow/.local/lib/python3.12/site-packages/airflow/example_dags/example_dataset_alias.py
[2025-10-10T09:45:10.391+0000] {processor.py:925} INFO - DAG(s) 'dataset_s3_bucket_producer', 'dataset_alias_example_alias_producer', 'dataset_s3_bucket_consumer', 'dataset_alias_example_alias_consumer' retrieved from /home/airflow/.local/lib/python3.12/site-packages/airflow/example_dags/example_dataset_alias.py
[2025-10-10T09:45:10.402+0000] {logging_mixin.py:190} INFO - [2025-10-10T09:45:10.402+0000] {dag.py:3239} INFO - Sync 4 DAGs
[2025-10-10T09:45:10.409+0000] {logging_mixin.py:190} INFO - [2025-10-10T09:45:10.409+0000] {dag.py:4180} INFO - Setting next_dagrun for dataset_alias_example_alias_consumer to None, run_after=None
[2025-10-10T09:45:10.410+0000] {logging_mixin.py:190} INFO - [2025-10-10T09:45:10.410+0000] {dag.py:4180} INFO - Setting next_dagrun for dataset_alias_example_alias_producer to None, run_after=None
[2025-10-10T09:45:10.410+0000] {logging_mixin.py:190} INFO - [2025-10-10T09:45:10.410+0000] {dag.py:4180} INFO - Setting next_dagrun for dataset_s3_bucket_consumer to None, run_after=None
[2025-10-10T09:45:10.410+0000] {logging_mixin.py:190} INFO - [2025-10-10T09:45:10.410+0000] {dag.py:4180} INFO - Setting next_dagrun for dataset_s3_bucket_producer to None, run_after=None
[2025-10-10T09:45:10.417+0000] {processor.py:208} INFO - Processing /home/airflow/.local/lib/python3.12/site-packages/airflow/example_dags/example_dataset_alias.py took 0.346 seconds
[2025-10-10T09:45:41.121+0000] {processor.py:186} INFO - Started process (PID=250) to work on /home/airflow/.local/lib/python3.12/site-packages/airflow/example_dags/example_dataset_alias.py
[2025-10-10T09:45:41.122+0000] {processor.py:914} INFO - Processing file /home/airflow/.local/lib/python3.12/site-packages/airflow/example_dags/example_dataset_alias.py for tasks to queue
[2025-10-10T09:45:41.124+0000] {logging_mixin.py:190} INFO - [2025-10-10T09:45:41.124+0000] {dagbag.py:588} INFO - Filling up the DagBag from /home/airflow/.local/lib/python3.12/site-packages/airflow/example_dags/example_dataset_alias.py
[2025-10-10T09:45:41.362+0000] {processor.py:925} INFO - DAG(s) 'dataset_alias_example_alias_consumer', 'dataset_s3_bucket_producer', 'dataset_s3_bucket_consumer', 'dataset_alias_example_alias_producer' retrieved from /home/airflow/.local/lib/python3.12/site-packages/airflow/example_dags/example_dataset_alias.py
[2025-10-10T09:45:41.369+0000] {logging_mixin.py:190} INFO - [2025-10-10T09:45:41.368+0000] {dag.py:3239} INFO - Sync 4 DAGs
[2025-10-10T09:45:41.378+0000] {logging_mixin.py:190} INFO - [2025-10-10T09:45:41.378+0000] {dag.py:4180} INFO - Setting next_dagrun for dataset_alias_example_alias_consumer to None, run_after=None
[2025-10-10T09:45:41.378+0000] {logging_mixin.py:190} INFO - [2025-10-10T09:45:41.378+0000] {dag.py:4180} INFO - Setting next_dagrun for dataset_alias_example_alias_producer to None, run_after=None
[2025-10-10T09:45:41.379+0000] {logging_mixin.py:190} INFO - [2025-10-10T09:45:41.379+0000] {dag.py:4180} INFO - Setting next_dagrun for dataset_s3_bucket_consumer to None, run_after=None
[2025-10-10T09:45:41.379+0000] {logging_mixin.py:190} INFO - [2025-10-10T09:45:41.379+0000] {dag.py:4180} INFO - Setting next_dagrun for dataset_s3_bucket_producer to None, run_after=None
[2025-10-10T09:45:41.387+0000] {processor.py:208} INFO - Processing /home/airflow/.local/lib/python3.12/site-packages/airflow/example_dags/example_dataset_alias.py took 0.271 seconds
[2025-10-10T09:46:12.099+0000] {processor.py:186} INFO - Started process (PID=314) to work on /home/airflow/.local/lib/python3.12/site-packages/airflow/example_dags/example_dataset_alias.py
[2025-10-10T09:46:12.100+0000] {processor.py:914} INFO - Processing file /home/airflow/.local/lib/python3.12/site-packages/airflow/example_dags/example_dataset_alias.py for tasks to queue
[2025-10-10T09:46:12.102+0000] {logging_mixin.py:190} INFO - [2025-10-10T09:46:12.102+0000] {dagbag.py:588} INFO - Filling up the DagBag from /home/airflow/.local/lib/python3.12/site-packages/airflow/example_dags/example_dataset_alias.py
[2025-10-10T09:46:12.399+0000] {processor.py:925} INFO - DAG(s) 'dataset_s3_bucket_consumer', 'dataset_s3_bucket_producer', 'dataset_alias_example_alias_producer', 'dataset_alias_example_alias_consumer' retrieved from /home/airflow/.local/lib/python3.12/site-packages/airflow/example_dags/example_dataset_alias.py
[2025-10-10T09:46:12.407+0000] {logging_mixin.py:190} INFO - [2025-10-10T09:46:12.407+0000] {dag.py:3239} INFO - Sync 4 DAGs
[2025-10-10T09:46:12.415+0000] {logging_mixin.py:190} INFO - [2025-10-10T09:46:12.415+0000] {dag.py:4180} INFO - Setting next_dagrun for dataset_alias_example_alias_consumer to None, run_after=None
[2025-10-10T09:46:12.419+0000] {logging_mixin.py:190} INFO - [2025-10-10T09:46:12.419+0000] {dag.py:4180} INFO - Setting next_dagrun for dataset_alias_example_alias_producer to None, run_after=None
[2025-10-10T09:46:12.420+0000] {logging_mixin.py:190} INFO - [2025-10-10T09:46:12.419+0000] {dag.py:4180} INFO - Setting next_dagrun for dataset_s3_bucket_consumer to None, run_after=None
[2025-10-10T09:46:12.420+0000] {logging_mixin.py:190} INFO - [2025-10-10T09:46:12.420+0000] {dag.py:4180} INFO - Setting next_dagrun for dataset_s3_bucket_producer to None, run_after=None
[2025-10-10T09:46:12.427+0000] {processor.py:208} INFO - Processing /home/airflow/.local/lib/python3.12/site-packages/airflow/example_dags/example_dataset_alias.py took 0.332 seconds
[2025-10-10T09:46:43.301+0000] {processor.py:186} INFO - Started process (PID=381) to work on /home/airflow/.local/lib/python3.12/site-packages/airflow/example_dags/example_dataset_alias.py
[2025-10-10T09:46:43.302+0000] {processor.py:914} INFO - Processing file /home/airflow/.local/lib/python3.12/site-packages/airflow/example_dags/example_dataset_alias.py for tasks to queue
[2025-10-10T09:46:43.304+0000] {logging_mixin.py:190} INFO - [2025-10-10T09:46:43.304+0000] {dagbag.py:588} INFO - Filling up the DagBag from /home/airflow/.local/lib/python3.12/site-packages/airflow/example_dags/example_dataset_alias.py
[2025-10-10T09:46:43.519+0000] {processor.py:925} INFO - DAG(s) 'dataset_alias_example_alias_producer', 'dataset_alias_example_alias_consumer', 'dataset_s3_bucket_producer', 'dataset_s3_bucket_consumer' retrieved from /home/airflow/.local/lib/python3.12/site-packages/airflow/example_dags/example_dataset_alias.py
[2025-10-10T09:46:43.529+0000] {logging_mixin.py:190} INFO - [2025-10-10T09:46:43.529+0000] {dag.py:3239} INFO - Sync 4 DAGs
[2025-10-10T09:46:43.538+0000] {logging_mixin.py:190} INFO - [2025-10-10T09:46:43.537+0000] {dag.py:4180} INFO - Setting next_dagrun for dataset_alias_example_alias_consumer to None, run_after=None
[2025-10-10T09:46:43.539+0000] {logging_mixin.py:190} INFO - [2025-10-10T09:46:43.539+0000] {dag.py:4180} INFO - Setting next_dagrun for dataset_alias_example_alias_producer to None, run_after=None
[2025-10-10T09:46:43.540+0000] {logging_mixin.py:190} INFO - [2025-10-10T09:46:43.540+0000] {dag.py:4180} INFO - Setting next_dagrun for dataset_s3_bucket_consumer to None, run_after=None
[2025-10-10T09:46:43.541+0000] {logging_mixin.py:190} INFO - [2025-10-10T09:46:43.541+0000] {dag.py:4180} INFO - Setting next_dagrun for dataset_s3_bucket_producer to None, run_after=None
[2025-10-10T09:46:43.548+0000] {processor.py:208} INFO - Processing /home/airflow/.local/lib/python3.12/site-packages/airflow/example_dags/example_dataset_alias.py took 0.252 seconds
[2025-10-10T09:47:14.240+0000] {processor.py:186} INFO - Started process (PID=445) to work on /home/airflow/.local/lib/python3.12/site-packages/airflow/example_dags/example_dataset_alias.py
[2025-10-10T09:47:14.243+0000] {processor.py:914} INFO - Processing file /home/airflow/.local/lib/python3.12/site-packages/airflow/example_dags/example_dataset_alias.py for tasks to queue
[2025-10-10T09:47:14.245+0000] {logging_mixin.py:190} INFO - [2025-10-10T09:47:14.245+0000] {dagbag.py:588} INFO - Filling up the DagBag from /home/airflow/.local/lib/python3.12/site-packages/airflow/example_dags/example_dataset_alias.py
[2025-10-10T09:47:14.541+0000] {processor.py:925} INFO - DAG(s) 'dataset_s3_bucket_consumer', 'dataset_alias_example_alias_consumer', 'dataset_alias_example_alias_producer', 'dataset_s3_bucket_producer' retrieved from /home/airflow/.local/lib/python3.12/site-packages/airflow/example_dags/example_dataset_alias.py
[2025-10-10T09:47:14.555+0000] {logging_mixin.py:190} INFO - [2025-10-10T09:47:14.555+0000] {dag.py:3239} INFO - Sync 4 DAGs
[2025-10-10T09:47:14.563+0000] {logging_mixin.py:190} INFO - [2025-10-10T09:47:14.563+0000] {dag.py:4180} INFO - Setting next_dagrun for dataset_alias_example_alias_consumer to None, run_after=None
[2025-10-10T09:47:14.564+0000] {logging_mixin.py:190} INFO - [2025-10-10T09:47:14.564+0000] {dag.py:4180} INFO - Setting next_dagrun for dataset_alias_example_alias_producer to None, run_after=None
[2025-10-10T09:47:14.565+0000] {logging_mixin.py:190} INFO - [2025-10-10T09:47:14.565+0000] {dag.py:4180} INFO - Setting next_dagrun for dataset_s3_bucket_consumer to None, run_after=None
[2025-10-10T09:47:14.565+0000] {logging_mixin.py:190} INFO - [2025-10-10T09:47:14.565+0000] {dag.py:4180} INFO - Setting next_dagrun for dataset_s3_bucket_producer to None, run_after=None
[2025-10-10T09:47:14.572+0000] {processor.py:208} INFO - Processing /home/airflow/.local/lib/python3.12/site-packages/airflow/example_dags/example_dataset_alias.py took 0.338 seconds
[2025-10-10T09:47:45.421+0000] {processor.py:186} INFO - Started process (PID=512) to work on /home/airflow/.local/lib/python3.12/site-packages/airflow/example_dags/example_dataset_alias.py
[2025-10-10T09:47:45.422+0000] {processor.py:914} INFO - Processing file /home/airflow/.local/lib/python3.12/site-packages/airflow/example_dags/example_dataset_alias.py for tasks to queue
[2025-10-10T09:47:45.425+0000] {logging_mixin.py:190} INFO - [2025-10-10T09:47:45.424+0000] {dagbag.py:588} INFO - Filling up the DagBag from /home/airflow/.local/lib/python3.12/site-packages/airflow/example_dags/example_dataset_alias.py
[2025-10-10T09:47:45.640+0000] {processor.py:925} INFO - DAG(s) 'dataset_s3_bucket_consumer', 'dataset_alias_example_alias_producer', 'dataset_s3_bucket_producer', 'dataset_alias_example_alias_consumer' retrieved from /home/airflow/.local/lib/python3.12/site-packages/airflow/example_dags/example_dataset_alias.py
[2025-10-10T09:47:45.647+0000] {logging_mixin.py:190} INFO - [2025-10-10T09:47:45.647+0000] {dag.py:3239} INFO - Sync 4 DAGs
[2025-10-10T09:47:45.655+0000] {logging_mixin.py:190} INFO - [2025-10-10T09:47:45.655+0000] {dag.py:4180} INFO - Setting next_dagrun for dataset_alias_example_alias_consumer to None, run_after=None
[2025-10-10T09:47:45.656+0000] {logging_mixin.py:190} INFO - [2025-10-10T09:47:45.656+0000] {dag.py:4180} INFO - Setting next_dagrun for dataset_alias_example_alias_producer to None, run_after=None
[2025-10-10T09:47:45.656+0000] {logging_mixin.py:190} INFO - [2025-10-10T09:47:45.656+0000] {dag.py:4180} INFO - Setting next_dagrun for dataset_s3_bucket_consumer to None, run_after=None
[2025-10-10T09:47:45.658+0000] {logging_mixin.py:190} INFO - [2025-10-10T09:47:45.658+0000] {dag.py:4180} INFO - Setting next_dagrun for dataset_s3_bucket_producer to None, run_after=None
[2025-10-10T09:47:45.666+0000] {processor.py:208} INFO - Processing /home/airflow/.local/lib/python3.12/site-packages/airflow/example_dags/example_dataset_alias.py took 0.251 seconds
[2025-10-10T09:48:16.478+0000] {processor.py:186} INFO - Started process (PID=576) to work on /home/airflow/.local/lib/python3.12/site-packages/airflow/example_dags/example_dataset_alias.py
[2025-10-10T09:48:16.478+0000] {processor.py:914} INFO - Processing file /home/airflow/.local/lib/python3.12/site-packages/airflow/example_dags/example_dataset_alias.py for tasks to queue
[2025-10-10T09:48:16.481+0000] {logging_mixin.py:190} INFO - [2025-10-10T09:48:16.481+0000] {dagbag.py:588} INFO - Filling up the DagBag from /home/airflow/.local/lib/python3.12/site-packages/airflow/example_dags/example_dataset_alias.py
[2025-10-10T09:48:16.805+0000] {processor.py:925} INFO - DAG(s) 'dataset_s3_bucket_consumer', 'dataset_alias_example_alias_producer', 'dataset_s3_bucket_producer', 'dataset_alias_example_alias_consumer' retrieved from /home/airflow/.local/lib/python3.12/site-packages/airflow/example_dags/example_dataset_alias.py
[2025-10-10T09:48:16.851+0000] {logging_mixin.py:190} INFO - [2025-10-10T09:48:16.851+0000] {dag.py:3239} INFO - Sync 4 DAGs
[2025-10-10T09:48:16.865+0000] {logging_mixin.py:190} INFO - [2025-10-10T09:48:16.865+0000] {dag.py:4180} INFO - Setting next_dagrun for dataset_alias_example_alias_consumer to None, run_after=None
[2025-10-10T09:48:16.867+0000] {logging_mixin.py:190} INFO - [2025-10-10T09:48:16.867+0000] {dag.py:4180} INFO - Setting next_dagrun for dataset_alias_example_alias_producer to None, run_after=None
[2025-10-10T09:48:16.869+0000] {logging_mixin.py:190} INFO - [2025-10-10T09:48:16.869+0000] {dag.py:4180} INFO - Setting next_dagrun for dataset_s3_bucket_consumer to None, run_after=None
[2025-10-10T09:48:16.871+0000] {logging_mixin.py:190} INFO - [2025-10-10T09:48:16.871+0000] {dag.py:4180} INFO - Setting next_dagrun for dataset_s3_bucket_producer to None, run_after=None
[2025-10-10T09:48:16.882+0000] {processor.py:208} INFO - Processing /home/airflow/.local/lib/python3.12/site-packages/airflow/example_dags/example_dataset_alias.py took 0.411 seconds
[2025-10-10T09:48:46.901+0000] {processor.py:186} INFO - Started process (PID=640) to work on /home/airflow/.local/lib/python3.12/site-packages/airflow/example_dags/example_dataset_alias.py
[2025-10-10T09:48:46.903+0000] {processor.py:914} INFO - Processing file /home/airflow/.local/lib/python3.12/site-packages/airflow/example_dags/example_dataset_alias.py for tasks to queue
[2025-10-10T09:48:46.904+0000] {logging_mixin.py:190} INFO - [2025-10-10T09:48:46.904+0000] {dagbag.py:588} INFO - Filling up the DagBag from /home/airflow/.local/lib/python3.12/site-packages/airflow/example_dags/example_dataset_alias.py
[2025-10-10T09:48:47.126+0000] {processor.py:925} INFO - DAG(s) 'dataset_alias_example_alias_producer', 'dataset_s3_bucket_consumer', 'dataset_alias_example_alias_consumer', 'dataset_s3_bucket_producer' retrieved from /home/airflow/.local/lib/python3.12/site-packages/airflow/example_dags/example_dataset_alias.py
[2025-10-10T09:48:47.136+0000] {logging_mixin.py:190} INFO - [2025-10-10T09:48:47.135+0000] {dag.py:3239} INFO - Sync 4 DAGs
[2025-10-10T09:48:47.146+0000] {logging_mixin.py:190} INFO - [2025-10-10T09:48:47.146+0000] {dag.py:4180} INFO - Setting next_dagrun for dataset_alias_example_alias_consumer to None, run_after=None
[2025-10-10T09:48:47.147+0000] {logging_mixin.py:190} INFO - [2025-10-10T09:48:47.147+0000] {dag.py:4180} INFO - Setting next_dagrun for dataset_alias_example_alias_producer to None, run_after=None
[2025-10-10T09:48:47.147+0000] {logging_mixin.py:190} INFO - [2025-10-10T09:48:47.147+0000] {dag.py:4180} INFO - Setting next_dagrun for dataset_s3_bucket_consumer to None, run_after=None
[2025-10-10T09:48:47.148+0000] {logging_mixin.py:190} INFO - [2025-10-10T09:48:47.148+0000] {dag.py:4180} INFO - Setting next_dagrun for dataset_s3_bucket_producer to None, run_after=None
[2025-10-10T09:48:47.156+0000] {processor.py:208} INFO - Processing /home/airflow/.local/lib/python3.12/site-packages/airflow/example_dags/example_dataset_alias.py took 0.259 seconds
