[2025-10-10T09:36:22.015+0000] {processor.py:186} INFO - Started process (PID=83) to work on /home/airflow/.local/lib/python3.12/site-packages/airflow/example_dags/example_sensors.py
[2025-10-10T09:36:22.016+0000] {processor.py:914} INFO - Processing file /home/airflow/.local/lib/python3.12/site-packages/airflow/example_dags/example_sensors.py for tasks to queue
[2025-10-10T09:36:22.017+0000] {logging_mixin.py:190} INFO - [2025-10-10T09:36:22.017+0000] {dagbag.py:588} INFO - Filling up the DagBag from /home/airflow/.local/lib/python3.12/site-packages/airflow/example_dags/example_sensors.py
[2025-10-10T09:36:22.022+0000] {processor.py:925} INFO - DAG(s) 'example_sensors' retrieved from /home/airflow/.local/lib/python3.12/site-packages/airflow/example_dags/example_sensors.py
[2025-10-10T09:36:22.063+0000] {logging_mixin.py:190} INFO - [2025-10-10T09:36:22.063+0000] {override.py:1911} INFO - Created Permission View: can edit on DAG:example_sensors
[2025-10-10T09:36:22.066+0000] {logging_mixin.py:190} INFO - [2025-10-10T09:36:22.066+0000] {override.py:1911} INFO - Created Permission View: can read on DAG:example_sensors
[2025-10-10T09:36:22.068+0000] {logging_mixin.py:190} INFO - [2025-10-10T09:36:22.068+0000] {override.py:1911} INFO - Created Permission View: can delete on DAG:example_sensors
[2025-10-10T09:36:22.070+0000] {logging_mixin.py:190} INFO - [2025-10-10T09:36:22.070+0000] {override.py:1911} INFO - Created Permission View: can read on DAG Run:example_sensors
[2025-10-10T09:36:22.072+0000] {logging_mixin.py:190} INFO - [2025-10-10T09:36:22.071+0000] {override.py:1911} INFO - Created Permission View: menu access on DAG Run:example_sensors
[2025-10-10T09:36:22.073+0000] {logging_mixin.py:190} INFO - [2025-10-10T09:36:22.073+0000] {override.py:1911} INFO - Created Permission View: can delete on DAG Run:example_sensors
[2025-10-10T09:36:22.075+0000] {logging_mixin.py:190} INFO - [2025-10-10T09:36:22.075+0000] {override.py:1911} INFO - Created Permission View: can create on DAG Run:example_sensors
[2025-10-10T09:36:22.075+0000] {logging_mixin.py:190} INFO - [2025-10-10T09:36:22.075+0000] {dag.py:3239} INFO - Sync 1 DAGs
[2025-10-10T09:36:22.080+0000] {logging_mixin.py:190} INFO - [2025-10-10T09:36:22.080+0000] {dag.py:3262} INFO - Creating ORM DAG for example_sensors
[2025-10-10T09:36:22.081+0000] {logging_mixin.py:190} INFO - [2025-10-10T09:36:22.081+0000] {dag.py:4180} INFO - Setting next_dagrun for example_sensors to None, run_after=None
[2025-10-10T09:36:22.086+0000] {processor.py:208} INFO - Processing /home/airflow/.local/lib/python3.12/site-packages/airflow/example_dags/example_sensors.py took 0.073 seconds
[2025-10-10T09:36:52.770+0000] {processor.py:186} INFO - Started process (PID=146) to work on /home/airflow/.local/lib/python3.12/site-packages/airflow/example_dags/example_sensors.py
[2025-10-10T09:36:52.771+0000] {processor.py:914} INFO - Processing file /home/airflow/.local/lib/python3.12/site-packages/airflow/example_dags/example_sensors.py for tasks to queue
[2025-10-10T09:36:52.772+0000] {logging_mixin.py:190} INFO - [2025-10-10T09:36:52.772+0000] {dagbag.py:588} INFO - Filling up the DagBag from /home/airflow/.local/lib/python3.12/site-packages/airflow/example_dags/example_sensors.py
[2025-10-10T09:36:52.777+0000] {processor.py:925} INFO - DAG(s) 'example_sensors' retrieved from /home/airflow/.local/lib/python3.12/site-packages/airflow/example_dags/example_sensors.py
[2025-10-10T09:36:52.787+0000] {logging_mixin.py:190} INFO - [2025-10-10T09:36:52.787+0000] {dag.py:3239} INFO - Sync 1 DAGs
[2025-10-10T09:36:52.791+0000] {logging_mixin.py:190} INFO - [2025-10-10T09:36:52.791+0000] {dag.py:4180} INFO - Setting next_dagrun for example_sensors to None, run_after=None
[2025-10-10T09:36:52.797+0000] {processor.py:208} INFO - Processing /home/airflow/.local/lib/python3.12/site-packages/airflow/example_dags/example_sensors.py took 0.029 seconds
[2025-10-10T09:37:23.023+0000] {processor.py:186} INFO - Started process (PID=209) to work on /home/airflow/.local/lib/python3.12/site-packages/airflow/example_dags/example_sensors.py
[2025-10-10T09:37:23.024+0000] {processor.py:914} INFO - Processing file /home/airflow/.local/lib/python3.12/site-packages/airflow/example_dags/example_sensors.py for tasks to queue
[2025-10-10T09:37:23.026+0000] {logging_mixin.py:190} INFO - [2025-10-10T09:37:23.025+0000] {dagbag.py:588} INFO - Filling up the DagBag from /home/airflow/.local/lib/python3.12/site-packages/airflow/example_dags/example_sensors.py
[2025-10-10T09:37:23.030+0000] {processor.py:925} INFO - DAG(s) 'example_sensors' retrieved from /home/airflow/.local/lib/python3.12/site-packages/airflow/example_dags/example_sensors.py
[2025-10-10T09:37:23.039+0000] {logging_mixin.py:190} INFO - [2025-10-10T09:37:23.039+0000] {dag.py:3239} INFO - Sync 1 DAGs
[2025-10-10T09:37:23.045+0000] {logging_mixin.py:190} INFO - [2025-10-10T09:37:23.045+0000] {dag.py:4180} INFO - Setting next_dagrun for example_sensors to None, run_after=None
[2025-10-10T09:37:23.051+0000] {processor.py:208} INFO - Processing /home/airflow/.local/lib/python3.12/site-packages/airflow/example_dags/example_sensors.py took 0.030 seconds
[2025-10-10T09:37:53.124+0000] {processor.py:186} INFO - Started process (PID=272) to work on /home/airflow/.local/lib/python3.12/site-packages/airflow/example_dags/example_sensors.py
[2025-10-10T09:37:53.124+0000] {processor.py:914} INFO - Processing file /home/airflow/.local/lib/python3.12/site-packages/airflow/example_dags/example_sensors.py for tasks to queue
[2025-10-10T09:37:53.126+0000] {logging_mixin.py:190} INFO - [2025-10-10T09:37:53.126+0000] {dagbag.py:588} INFO - Filling up the DagBag from /home/airflow/.local/lib/python3.12/site-packages/airflow/example_dags/example_sensors.py
[2025-10-10T09:37:53.131+0000] {processor.py:925} INFO - DAG(s) 'example_sensors' retrieved from /home/airflow/.local/lib/python3.12/site-packages/airflow/example_dags/example_sensors.py
[2025-10-10T09:37:53.141+0000] {logging_mixin.py:190} INFO - [2025-10-10T09:37:53.140+0000] {dag.py:3239} INFO - Sync 1 DAGs
[2025-10-10T09:37:53.146+0000] {logging_mixin.py:190} INFO - [2025-10-10T09:37:53.146+0000] {dag.py:4180} INFO - Setting next_dagrun for example_sensors to None, run_after=None
[2025-10-10T09:37:53.153+0000] {processor.py:208} INFO - Processing /home/airflow/.local/lib/python3.12/site-packages/airflow/example_dags/example_sensors.py took 0.031 seconds
[2025-10-10T09:38:17.668+0000] {processor.py:186} INFO - Started process (PID=79) to work on /home/airflow/.local/lib/python3.12/site-packages/airflow/example_dags/example_sensors.py
[2025-10-10T09:38:17.668+0000] {processor.py:914} INFO - Processing file /home/airflow/.local/lib/python3.12/site-packages/airflow/example_dags/example_sensors.py for tasks to queue
[2025-10-10T09:38:17.669+0000] {logging_mixin.py:190} INFO - [2025-10-10T09:38:17.668+0000] {dagbag.py:588} INFO - Filling up the DagBag from /home/airflow/.local/lib/python3.12/site-packages/airflow/example_dags/example_sensors.py
[2025-10-10T09:38:17.672+0000] {processor.py:925} INFO - DAG(s) 'example_sensors' retrieved from /home/airflow/.local/lib/python3.12/site-packages/airflow/example_dags/example_sensors.py
[2025-10-10T09:38:17.681+0000] {logging_mixin.py:190} INFO - [2025-10-10T09:38:17.681+0000] {dag.py:3239} INFO - Sync 1 DAGs
[2025-10-10T09:38:17.685+0000] {logging_mixin.py:190} INFO - [2025-10-10T09:38:17.685+0000] {dag.py:4180} INFO - Setting next_dagrun for example_sensors to None, run_after=None
[2025-10-10T09:38:17.692+0000] {processor.py:208} INFO - Processing /home/airflow/.local/lib/python3.12/site-packages/airflow/example_dags/example_sensors.py took 0.027 seconds
[2025-10-10T09:38:48.805+0000] {processor.py:186} INFO - Started process (PID=143) to work on /home/airflow/.local/lib/python3.12/site-packages/airflow/example_dags/example_sensors.py
[2025-10-10T09:38:48.805+0000] {processor.py:914} INFO - Processing file /home/airflow/.local/lib/python3.12/site-packages/airflow/example_dags/example_sensors.py for tasks to queue
[2025-10-10T09:38:48.807+0000] {logging_mixin.py:190} INFO - [2025-10-10T09:38:48.807+0000] {dagbag.py:588} INFO - Filling up the DagBag from /home/airflow/.local/lib/python3.12/site-packages/airflow/example_dags/example_sensors.py
[2025-10-10T09:38:48.812+0000] {processor.py:925} INFO - DAG(s) 'example_sensors' retrieved from /home/airflow/.local/lib/python3.12/site-packages/airflow/example_dags/example_sensors.py
[2025-10-10T09:38:48.824+0000] {logging_mixin.py:190} INFO - [2025-10-10T09:38:48.824+0000] {dag.py:3239} INFO - Sync 1 DAGs
[2025-10-10T09:38:48.830+0000] {logging_mixin.py:190} INFO - [2025-10-10T09:38:48.830+0000] {dag.py:4180} INFO - Setting next_dagrun for example_sensors to None, run_after=None
[2025-10-10T09:38:48.840+0000] {processor.py:208} INFO - Processing /home/airflow/.local/lib/python3.12/site-packages/airflow/example_dags/example_sensors.py took 0.038 seconds
[2025-10-10T09:39:19.960+0000] {processor.py:186} INFO - Started process (PID=207) to work on /home/airflow/.local/lib/python3.12/site-packages/airflow/example_dags/example_sensors.py
[2025-10-10T09:39:19.960+0000] {processor.py:914} INFO - Processing file /home/airflow/.local/lib/python3.12/site-packages/airflow/example_dags/example_sensors.py for tasks to queue
[2025-10-10T09:39:19.961+0000] {logging_mixin.py:190} INFO - [2025-10-10T09:39:19.961+0000] {dagbag.py:588} INFO - Filling up the DagBag from /home/airflow/.local/lib/python3.12/site-packages/airflow/example_dags/example_sensors.py
[2025-10-10T09:39:19.965+0000] {processor.py:925} INFO - DAG(s) 'example_sensors' retrieved from /home/airflow/.local/lib/python3.12/site-packages/airflow/example_dags/example_sensors.py
[2025-10-10T09:39:19.980+0000] {logging_mixin.py:190} INFO - [2025-10-10T09:39:19.980+0000] {dag.py:3239} INFO - Sync 1 DAGs
[2025-10-10T09:39:19.984+0000] {logging_mixin.py:190} INFO - [2025-10-10T09:39:19.984+0000] {dag.py:4180} INFO - Setting next_dagrun for example_sensors to None, run_after=None
[2025-10-10T09:39:19.991+0000] {processor.py:208} INFO - Processing /home/airflow/.local/lib/python3.12/site-packages/airflow/example_dags/example_sensors.py took 0.034 seconds
[2025-10-10T09:39:51.071+0000] {processor.py:186} INFO - Started process (PID=271) to work on /home/airflow/.local/lib/python3.12/site-packages/airflow/example_dags/example_sensors.py
[2025-10-10T09:39:51.071+0000] {processor.py:914} INFO - Processing file /home/airflow/.local/lib/python3.12/site-packages/airflow/example_dags/example_sensors.py for tasks to queue
[2025-10-10T09:39:51.072+0000] {logging_mixin.py:190} INFO - [2025-10-10T09:39:51.072+0000] {dagbag.py:588} INFO - Filling up the DagBag from /home/airflow/.local/lib/python3.12/site-packages/airflow/example_dags/example_sensors.py
[2025-10-10T09:39:51.075+0000] {processor.py:925} INFO - DAG(s) 'example_sensors' retrieved from /home/airflow/.local/lib/python3.12/site-packages/airflow/example_dags/example_sensors.py
[2025-10-10T09:39:51.083+0000] {logging_mixin.py:190} INFO - [2025-10-10T09:39:51.083+0000] {dag.py:3239} INFO - Sync 1 DAGs
[2025-10-10T09:39:51.087+0000] {logging_mixin.py:190} INFO - [2025-10-10T09:39:51.087+0000] {dag.py:4180} INFO - Setting next_dagrun for example_sensors to None, run_after=None
[2025-10-10T09:39:51.092+0000] {processor.py:208} INFO - Processing /home/airflow/.local/lib/python3.12/site-packages/airflow/example_dags/example_sensors.py took 0.024 seconds
[2025-10-10T09:40:22.281+0000] {processor.py:186} INFO - Started process (PID=335) to work on /home/airflow/.local/lib/python3.12/site-packages/airflow/example_dags/example_sensors.py
[2025-10-10T09:40:22.282+0000] {processor.py:914} INFO - Processing file /home/airflow/.local/lib/python3.12/site-packages/airflow/example_dags/example_sensors.py for tasks to queue
[2025-10-10T09:40:22.283+0000] {logging_mixin.py:190} INFO - [2025-10-10T09:40:22.283+0000] {dagbag.py:588} INFO - Filling up the DagBag from /home/airflow/.local/lib/python3.12/site-packages/airflow/example_dags/example_sensors.py
[2025-10-10T09:40:22.287+0000] {processor.py:925} INFO - DAG(s) 'example_sensors' retrieved from /home/airflow/.local/lib/python3.12/site-packages/airflow/example_dags/example_sensors.py
[2025-10-10T09:40:22.297+0000] {logging_mixin.py:190} INFO - [2025-10-10T09:40:22.297+0000] {dag.py:3239} INFO - Sync 1 DAGs
[2025-10-10T09:40:22.303+0000] {logging_mixin.py:190} INFO - [2025-10-10T09:40:22.303+0000] {dag.py:4180} INFO - Setting next_dagrun for example_sensors to None, run_after=None
[2025-10-10T09:40:22.308+0000] {processor.py:208} INFO - Processing /home/airflow/.local/lib/python3.12/site-packages/airflow/example_dags/example_sensors.py took 0.030 seconds
[2025-10-10T09:40:53.538+0000] {processor.py:186} INFO - Started process (PID=399) to work on /home/airflow/.local/lib/python3.12/site-packages/airflow/example_dags/example_sensors.py
[2025-10-10T09:40:53.538+0000] {processor.py:914} INFO - Processing file /home/airflow/.local/lib/python3.12/site-packages/airflow/example_dags/example_sensors.py for tasks to queue
[2025-10-10T09:40:53.539+0000] {logging_mixin.py:190} INFO - [2025-10-10T09:40:53.538+0000] {dagbag.py:588} INFO - Filling up the DagBag from /home/airflow/.local/lib/python3.12/site-packages/airflow/example_dags/example_sensors.py
[2025-10-10T09:40:53.542+0000] {processor.py:925} INFO - DAG(s) 'example_sensors' retrieved from /home/airflow/.local/lib/python3.12/site-packages/airflow/example_dags/example_sensors.py
[2025-10-10T09:40:53.550+0000] {logging_mixin.py:190} INFO - [2025-10-10T09:40:53.550+0000] {dag.py:3239} INFO - Sync 1 DAGs
[2025-10-10T09:40:53.555+0000] {logging_mixin.py:190} INFO - [2025-10-10T09:40:53.554+0000] {dag.py:4180} INFO - Setting next_dagrun for example_sensors to None, run_after=None
[2025-10-10T09:40:53.559+0000] {processor.py:208} INFO - Processing /home/airflow/.local/lib/python3.12/site-packages/airflow/example_dags/example_sensors.py took 0.024 seconds
[2025-10-10T09:41:24.662+0000] {processor.py:186} INFO - Started process (PID=463) to work on /home/airflow/.local/lib/python3.12/site-packages/airflow/example_dags/example_sensors.py
[2025-10-10T09:41:24.663+0000] {processor.py:914} INFO - Processing file /home/airflow/.local/lib/python3.12/site-packages/airflow/example_dags/example_sensors.py for tasks to queue
[2025-10-10T09:41:24.667+0000] {logging_mixin.py:190} INFO - [2025-10-10T09:41:24.667+0000] {dagbag.py:588} INFO - Filling up the DagBag from /home/airflow/.local/lib/python3.12/site-packages/airflow/example_dags/example_sensors.py
[2025-10-10T09:41:24.671+0000] {processor.py:925} INFO - DAG(s) 'example_sensors' retrieved from /home/airflow/.local/lib/python3.12/site-packages/airflow/example_dags/example_sensors.py
[2025-10-10T09:41:24.682+0000] {logging_mixin.py:190} INFO - [2025-10-10T09:41:24.682+0000] {dag.py:3239} INFO - Sync 1 DAGs
[2025-10-10T09:41:24.687+0000] {logging_mixin.py:190} INFO - [2025-10-10T09:41:24.687+0000] {dag.py:4180} INFO - Setting next_dagrun for example_sensors to None, run_after=None
[2025-10-10T09:41:24.694+0000] {processor.py:208} INFO - Processing /home/airflow/.local/lib/python3.12/site-packages/airflow/example_dags/example_sensors.py took 0.034 seconds
[2025-10-10T09:41:55.907+0000] {processor.py:186} INFO - Started process (PID=527) to work on /home/airflow/.local/lib/python3.12/site-packages/airflow/example_dags/example_sensors.py
[2025-10-10T09:41:55.908+0000] {processor.py:914} INFO - Processing file /home/airflow/.local/lib/python3.12/site-packages/airflow/example_dags/example_sensors.py for tasks to queue
[2025-10-10T09:41:55.909+0000] {logging_mixin.py:190} INFO - [2025-10-10T09:41:55.908+0000] {dagbag.py:588} INFO - Filling up the DagBag from /home/airflow/.local/lib/python3.12/site-packages/airflow/example_dags/example_sensors.py
[2025-10-10T09:41:55.913+0000] {processor.py:925} INFO - DAG(s) 'example_sensors' retrieved from /home/airflow/.local/lib/python3.12/site-packages/airflow/example_dags/example_sensors.py
[2025-10-10T09:41:55.928+0000] {logging_mixin.py:190} INFO - [2025-10-10T09:41:55.928+0000] {dag.py:3239} INFO - Sync 1 DAGs
[2025-10-10T09:41:55.932+0000] {logging_mixin.py:190} INFO - [2025-10-10T09:41:55.932+0000] {dag.py:4180} INFO - Setting next_dagrun for example_sensors to None, run_after=None
[2025-10-10T09:41:55.945+0000] {processor.py:208} INFO - Processing /home/airflow/.local/lib/python3.12/site-packages/airflow/example_dags/example_sensors.py took 0.040 seconds
[2025-10-10T09:42:26.973+0000] {processor.py:186} INFO - Started process (PID=591) to work on /home/airflow/.local/lib/python3.12/site-packages/airflow/example_dags/example_sensors.py
[2025-10-10T09:42:26.973+0000] {processor.py:914} INFO - Processing file /home/airflow/.local/lib/python3.12/site-packages/airflow/example_dags/example_sensors.py for tasks to queue
[2025-10-10T09:42:26.974+0000] {logging_mixin.py:190} INFO - [2025-10-10T09:42:26.974+0000] {dagbag.py:588} INFO - Filling up the DagBag from /home/airflow/.local/lib/python3.12/site-packages/airflow/example_dags/example_sensors.py
[2025-10-10T09:42:26.978+0000] {processor.py:925} INFO - DAG(s) 'example_sensors' retrieved from /home/airflow/.local/lib/python3.12/site-packages/airflow/example_dags/example_sensors.py
[2025-10-10T09:42:26.986+0000] {logging_mixin.py:190} INFO - [2025-10-10T09:42:26.986+0000] {dag.py:3239} INFO - Sync 1 DAGs
[2025-10-10T09:42:26.993+0000] {logging_mixin.py:190} INFO - [2025-10-10T09:42:26.993+0000] {dag.py:4180} INFO - Setting next_dagrun for example_sensors to None, run_after=None
[2025-10-10T09:42:27.006+0000] {processor.py:208} INFO - Processing /home/airflow/.local/lib/python3.12/site-packages/airflow/example_dags/example_sensors.py took 0.035 seconds
[2025-10-10T09:42:58.226+0000] {processor.py:186} INFO - Started process (PID=655) to work on /home/airflow/.local/lib/python3.12/site-packages/airflow/example_dags/example_sensors.py
[2025-10-10T09:42:58.229+0000] {processor.py:914} INFO - Processing file /home/airflow/.local/lib/python3.12/site-packages/airflow/example_dags/example_sensors.py for tasks to queue
[2025-10-10T09:42:58.230+0000] {logging_mixin.py:190} INFO - [2025-10-10T09:42:58.230+0000] {dagbag.py:588} INFO - Filling up the DagBag from /home/airflow/.local/lib/python3.12/site-packages/airflow/example_dags/example_sensors.py
[2025-10-10T09:42:58.234+0000] {processor.py:925} INFO - DAG(s) 'example_sensors' retrieved from /home/airflow/.local/lib/python3.12/site-packages/airflow/example_dags/example_sensors.py
[2025-10-10T09:42:58.245+0000] {logging_mixin.py:190} INFO - [2025-10-10T09:42:58.245+0000] {dag.py:3239} INFO - Sync 1 DAGs
[2025-10-10T09:42:58.249+0000] {logging_mixin.py:190} INFO - [2025-10-10T09:42:58.249+0000] {dag.py:4180} INFO - Setting next_dagrun for example_sensors to None, run_after=None
[2025-10-10T09:42:58.255+0000] {processor.py:208} INFO - Processing /home/airflow/.local/lib/python3.12/site-packages/airflow/example_dags/example_sensors.py took 0.031 seconds
[2025-10-10T09:43:29.309+0000] {processor.py:186} INFO - Started process (PID=719) to work on /home/airflow/.local/lib/python3.12/site-packages/airflow/example_dags/example_sensors.py
[2025-10-10T09:43:29.311+0000] {processor.py:914} INFO - Processing file /home/airflow/.local/lib/python3.12/site-packages/airflow/example_dags/example_sensors.py for tasks to queue
[2025-10-10T09:43:29.312+0000] {logging_mixin.py:190} INFO - [2025-10-10T09:43:29.312+0000] {dagbag.py:588} INFO - Filling up the DagBag from /home/airflow/.local/lib/python3.12/site-packages/airflow/example_dags/example_sensors.py
[2025-10-10T09:43:29.316+0000] {processor.py:925} INFO - DAG(s) 'example_sensors' retrieved from /home/airflow/.local/lib/python3.12/site-packages/airflow/example_dags/example_sensors.py
[2025-10-10T09:43:29.326+0000] {logging_mixin.py:190} INFO - [2025-10-10T09:43:29.326+0000] {dag.py:3239} INFO - Sync 1 DAGs
[2025-10-10T09:43:29.330+0000] {logging_mixin.py:190} INFO - [2025-10-10T09:43:29.330+0000] {dag.py:4180} INFO - Setting next_dagrun for example_sensors to None, run_after=None
[2025-10-10T09:43:29.335+0000] {processor.py:208} INFO - Processing /home/airflow/.local/lib/python3.12/site-packages/airflow/example_dags/example_sensors.py took 0.028 seconds
[2025-10-10T09:44:09.973+0000] {processor.py:186} INFO - Started process (PID=86) to work on /home/airflow/.local/lib/python3.12/site-packages/airflow/example_dags/example_sensors.py
[2025-10-10T09:44:09.973+0000] {processor.py:914} INFO - Processing file /home/airflow/.local/lib/python3.12/site-packages/airflow/example_dags/example_sensors.py for tasks to queue
[2025-10-10T09:44:09.974+0000] {logging_mixin.py:190} INFO - [2025-10-10T09:44:09.974+0000] {dagbag.py:588} INFO - Filling up the DagBag from /home/airflow/.local/lib/python3.12/site-packages/airflow/example_dags/example_sensors.py
[2025-10-10T09:44:09.979+0000] {processor.py:925} INFO - DAG(s) 'example_sensors' retrieved from /home/airflow/.local/lib/python3.12/site-packages/airflow/example_dags/example_sensors.py
[2025-10-10T09:44:09.988+0000] {logging_mixin.py:190} INFO - [2025-10-10T09:44:09.988+0000] {dag.py:3239} INFO - Sync 1 DAGs
[2025-10-10T09:44:09.993+0000] {logging_mixin.py:190} INFO - [2025-10-10T09:44:09.993+0000] {dag.py:4180} INFO - Setting next_dagrun for example_sensors to None, run_after=None
[2025-10-10T09:44:09.999+0000] {processor.py:208} INFO - Processing /home/airflow/.local/lib/python3.12/site-packages/airflow/example_dags/example_sensors.py took 0.028 seconds
[2025-10-10T09:44:40.130+0000] {processor.py:186} INFO - Started process (PID=150) to work on /home/airflow/.local/lib/python3.12/site-packages/airflow/example_dags/example_sensors.py
[2025-10-10T09:44:40.133+0000] {processor.py:914} INFO - Processing file /home/airflow/.local/lib/python3.12/site-packages/airflow/example_dags/example_sensors.py for tasks to queue
[2025-10-10T09:44:40.134+0000] {logging_mixin.py:190} INFO - [2025-10-10T09:44:40.134+0000] {dagbag.py:588} INFO - Filling up the DagBag from /home/airflow/.local/lib/python3.12/site-packages/airflow/example_dags/example_sensors.py
[2025-10-10T09:44:40.139+0000] {processor.py:925} INFO - DAG(s) 'example_sensors' retrieved from /home/airflow/.local/lib/python3.12/site-packages/airflow/example_dags/example_sensors.py
[2025-10-10T09:44:40.149+0000] {logging_mixin.py:190} INFO - [2025-10-10T09:44:40.149+0000] {dag.py:3239} INFO - Sync 1 DAGs
[2025-10-10T09:44:40.153+0000] {logging_mixin.py:190} INFO - [2025-10-10T09:44:40.153+0000] {dag.py:4180} INFO - Setting next_dagrun for example_sensors to None, run_after=None
[2025-10-10T09:44:40.159+0000] {processor.py:208} INFO - Processing /home/airflow/.local/lib/python3.12/site-packages/airflow/example_dags/example_sensors.py took 0.031 seconds
[2025-10-10T09:45:11.177+0000] {processor.py:186} INFO - Started process (PID=214) to work on /home/airflow/.local/lib/python3.12/site-packages/airflow/example_dags/example_sensors.py
[2025-10-10T09:45:11.178+0000] {processor.py:914} INFO - Processing file /home/airflow/.local/lib/python3.12/site-packages/airflow/example_dags/example_sensors.py for tasks to queue
[2025-10-10T09:45:11.178+0000] {logging_mixin.py:190} INFO - [2025-10-10T09:45:11.178+0000] {dagbag.py:588} INFO - Filling up the DagBag from /home/airflow/.local/lib/python3.12/site-packages/airflow/example_dags/example_sensors.py
[2025-10-10T09:45:11.183+0000] {processor.py:925} INFO - DAG(s) 'example_sensors' retrieved from /home/airflow/.local/lib/python3.12/site-packages/airflow/example_dags/example_sensors.py
[2025-10-10T09:45:11.192+0000] {logging_mixin.py:190} INFO - [2025-10-10T09:45:11.192+0000] {dag.py:3239} INFO - Sync 1 DAGs
[2025-10-10T09:45:11.197+0000] {logging_mixin.py:190} INFO - [2025-10-10T09:45:11.197+0000] {dag.py:4180} INFO - Setting next_dagrun for example_sensors to None, run_after=None
[2025-10-10T09:45:11.202+0000] {processor.py:208} INFO - Processing /home/airflow/.local/lib/python3.12/site-packages/airflow/example_dags/example_sensors.py took 0.028 seconds
[2025-10-10T09:45:42.116+0000] {processor.py:186} INFO - Started process (PID=286) to work on /home/airflow/.local/lib/python3.12/site-packages/airflow/example_dags/example_sensors.py
[2025-10-10T09:45:42.116+0000] {processor.py:914} INFO - Processing file /home/airflow/.local/lib/python3.12/site-packages/airflow/example_dags/example_sensors.py for tasks to queue
[2025-10-10T09:45:42.117+0000] {logging_mixin.py:190} INFO - [2025-10-10T09:45:42.117+0000] {dagbag.py:588} INFO - Filling up the DagBag from /home/airflow/.local/lib/python3.12/site-packages/airflow/example_dags/example_sensors.py
[2025-10-10T09:45:42.121+0000] {processor.py:925} INFO - DAG(s) 'example_sensors' retrieved from /home/airflow/.local/lib/python3.12/site-packages/airflow/example_dags/example_sensors.py
[2025-10-10T09:45:42.131+0000] {logging_mixin.py:190} INFO - [2025-10-10T09:45:42.131+0000] {dag.py:3239} INFO - Sync 1 DAGs
[2025-10-10T09:45:42.136+0000] {logging_mixin.py:190} INFO - [2025-10-10T09:45:42.136+0000] {dag.py:4180} INFO - Setting next_dagrun for example_sensors to None, run_after=None
[2025-10-10T09:45:42.142+0000] {processor.py:208} INFO - Processing /home/airflow/.local/lib/python3.12/site-packages/airflow/example_dags/example_sensors.py took 0.028 seconds
[2025-10-10T09:46:13.185+0000] {processor.py:186} INFO - Started process (PID=350) to work on /home/airflow/.local/lib/python3.12/site-packages/airflow/example_dags/example_sensors.py
[2025-10-10T09:46:13.185+0000] {processor.py:914} INFO - Processing file /home/airflow/.local/lib/python3.12/site-packages/airflow/example_dags/example_sensors.py for tasks to queue
[2025-10-10T09:46:13.186+0000] {logging_mixin.py:190} INFO - [2025-10-10T09:46:13.186+0000] {dagbag.py:588} INFO - Filling up the DagBag from /home/airflow/.local/lib/python3.12/site-packages/airflow/example_dags/example_sensors.py
[2025-10-10T09:46:13.190+0000] {processor.py:925} INFO - DAG(s) 'example_sensors' retrieved from /home/airflow/.local/lib/python3.12/site-packages/airflow/example_dags/example_sensors.py
[2025-10-10T09:46:13.200+0000] {logging_mixin.py:190} INFO - [2025-10-10T09:46:13.200+0000] {dag.py:3239} INFO - Sync 1 DAGs
[2025-10-10T09:46:13.204+0000] {logging_mixin.py:190} INFO - [2025-10-10T09:46:13.204+0000] {dag.py:4180} INFO - Setting next_dagrun for example_sensors to None, run_after=None
[2025-10-10T09:46:13.210+0000] {processor.py:208} INFO - Processing /home/airflow/.local/lib/python3.12/site-packages/airflow/example_dags/example_sensors.py took 0.027 seconds
[2025-10-10T09:46:44.191+0000] {processor.py:186} INFO - Started process (PID=413) to work on /home/airflow/.local/lib/python3.12/site-packages/airflow/example_dags/example_sensors.py
[2025-10-10T09:46:44.191+0000] {processor.py:914} INFO - Processing file /home/airflow/.local/lib/python3.12/site-packages/airflow/example_dags/example_sensors.py for tasks to queue
[2025-10-10T09:46:44.192+0000] {logging_mixin.py:190} INFO - [2025-10-10T09:46:44.192+0000] {dagbag.py:588} INFO - Filling up the DagBag from /home/airflow/.local/lib/python3.12/site-packages/airflow/example_dags/example_sensors.py
[2025-10-10T09:46:44.196+0000] {processor.py:925} INFO - DAG(s) 'example_sensors' retrieved from /home/airflow/.local/lib/python3.12/site-packages/airflow/example_dags/example_sensors.py
[2025-10-10T09:46:44.206+0000] {logging_mixin.py:190} INFO - [2025-10-10T09:46:44.206+0000] {dag.py:3239} INFO - Sync 1 DAGs
[2025-10-10T09:46:44.210+0000] {logging_mixin.py:190} INFO - [2025-10-10T09:46:44.210+0000] {dag.py:4180} INFO - Setting next_dagrun for example_sensors to None, run_after=None
[2025-10-10T09:46:44.216+0000] {processor.py:208} INFO - Processing /home/airflow/.local/lib/python3.12/site-packages/airflow/example_dags/example_sensors.py took 0.027 seconds
[2025-10-10T09:47:15.235+0000] {processor.py:186} INFO - Started process (PID=478) to work on /home/airflow/.local/lib/python3.12/site-packages/airflow/example_dags/example_sensors.py
[2025-10-10T09:47:15.238+0000] {processor.py:914} INFO - Processing file /home/airflow/.local/lib/python3.12/site-packages/airflow/example_dags/example_sensors.py for tasks to queue
[2025-10-10T09:47:15.239+0000] {logging_mixin.py:190} INFO - [2025-10-10T09:47:15.239+0000] {dagbag.py:588} INFO - Filling up the DagBag from /home/airflow/.local/lib/python3.12/site-packages/airflow/example_dags/example_sensors.py
[2025-10-10T09:47:15.244+0000] {processor.py:925} INFO - DAG(s) 'example_sensors' retrieved from /home/airflow/.local/lib/python3.12/site-packages/airflow/example_dags/example_sensors.py
[2025-10-10T09:47:15.256+0000] {logging_mixin.py:190} INFO - [2025-10-10T09:47:15.256+0000] {dag.py:3239} INFO - Sync 1 DAGs
[2025-10-10T09:47:15.262+0000] {logging_mixin.py:190} INFO - [2025-10-10T09:47:15.262+0000] {dag.py:4180} INFO - Setting next_dagrun for example_sensors to None, run_after=None
[2025-10-10T09:47:15.272+0000] {processor.py:208} INFO - Processing /home/airflow/.local/lib/python3.12/site-packages/airflow/example_dags/example_sensors.py took 0.040 seconds
[2025-10-10T09:47:46.267+0000] {processor.py:186} INFO - Started process (PID=541) to work on /home/airflow/.local/lib/python3.12/site-packages/airflow/example_dags/example_sensors.py
[2025-10-10T09:47:46.267+0000] {processor.py:914} INFO - Processing file /home/airflow/.local/lib/python3.12/site-packages/airflow/example_dags/example_sensors.py for tasks to queue
[2025-10-10T09:47:46.268+0000] {logging_mixin.py:190} INFO - [2025-10-10T09:47:46.268+0000] {dagbag.py:588} INFO - Filling up the DagBag from /home/airflow/.local/lib/python3.12/site-packages/airflow/example_dags/example_sensors.py
[2025-10-10T09:47:46.272+0000] {processor.py:925} INFO - DAG(s) 'example_sensors' retrieved from /home/airflow/.local/lib/python3.12/site-packages/airflow/example_dags/example_sensors.py
[2025-10-10T09:47:46.285+0000] {logging_mixin.py:190} INFO - [2025-10-10T09:47:46.285+0000] {dag.py:3239} INFO - Sync 1 DAGs
[2025-10-10T09:47:46.290+0000] {logging_mixin.py:190} INFO - [2025-10-10T09:47:46.290+0000] {dag.py:4180} INFO - Setting next_dagrun for example_sensors to None, run_after=None
[2025-10-10T09:47:46.299+0000] {processor.py:208} INFO - Processing /home/airflow/.local/lib/python3.12/site-packages/airflow/example_dags/example_sensors.py took 0.034 seconds
[2025-10-10T09:48:17.544+0000] {processor.py:186} INFO - Started process (PID=605) to work on /home/airflow/.local/lib/python3.12/site-packages/airflow/example_dags/example_sensors.py
[2025-10-10T09:48:17.544+0000] {processor.py:914} INFO - Processing file /home/airflow/.local/lib/python3.12/site-packages/airflow/example_dags/example_sensors.py for tasks to queue
[2025-10-10T09:48:17.545+0000] {logging_mixin.py:190} INFO - [2025-10-10T09:48:17.545+0000] {dagbag.py:588} INFO - Filling up the DagBag from /home/airflow/.local/lib/python3.12/site-packages/airflow/example_dags/example_sensors.py
[2025-10-10T09:48:17.552+0000] {processor.py:925} INFO - DAG(s) 'example_sensors' retrieved from /home/airflow/.local/lib/python3.12/site-packages/airflow/example_dags/example_sensors.py
[2025-10-10T09:48:17.560+0000] {logging_mixin.py:190} INFO - [2025-10-10T09:48:17.560+0000] {dag.py:3239} INFO - Sync 1 DAGs
[2025-10-10T09:48:17.565+0000] {logging_mixin.py:190} INFO - [2025-10-10T09:48:17.565+0000] {dag.py:4180} INFO - Setting next_dagrun for example_sensors to None, run_after=None
[2025-10-10T09:48:17.583+0000] {processor.py:208} INFO - Processing /home/airflow/.local/lib/python3.12/site-packages/airflow/example_dags/example_sensors.py took 0.042 seconds
[2025-10-10T09:48:47.815+0000] {processor.py:186} INFO - Started process (PID=669) to work on /home/airflow/.local/lib/python3.12/site-packages/airflow/example_dags/example_sensors.py
[2025-10-10T09:48:47.816+0000] {processor.py:914} INFO - Processing file /home/airflow/.local/lib/python3.12/site-packages/airflow/example_dags/example_sensors.py for tasks to queue
[2025-10-10T09:48:47.818+0000] {logging_mixin.py:190} INFO - [2025-10-10T09:48:47.818+0000] {dagbag.py:588} INFO - Filling up the DagBag from /home/airflow/.local/lib/python3.12/site-packages/airflow/example_dags/example_sensors.py
[2025-10-10T09:48:47.823+0000] {processor.py:925} INFO - DAG(s) 'example_sensors' retrieved from /home/airflow/.local/lib/python3.12/site-packages/airflow/example_dags/example_sensors.py
[2025-10-10T09:48:47.836+0000] {logging_mixin.py:190} INFO - [2025-10-10T09:48:47.836+0000] {dag.py:3239} INFO - Sync 1 DAGs
[2025-10-10T09:48:47.842+0000] {logging_mixin.py:190} INFO - [2025-10-10T09:48:47.842+0000] {dag.py:4180} INFO - Setting next_dagrun for example_sensors to None, run_after=None
[2025-10-10T09:48:47.860+0000] {processor.py:208} INFO - Processing /home/airflow/.local/lib/python3.12/site-packages/airflow/example_dags/example_sensors.py took 0.047 seconds
