[2025-10-10T09:36:20.653+0000] {processor.py:186} INFO - Started process (PID=56) to work on /home/airflow/.local/lib/python3.12/site-packages/airflow/example_dags/example_skip_dag.py
[2025-10-10T09:36:20.653+0000] {processor.py:914} INFO - Processing file /home/airflow/.local/lib/python3.12/site-packages/airflow/example_dags/example_skip_dag.py for tasks to queue
[2025-10-10T09:36:20.654+0000] {logging_mixin.py:190} INFO - [2025-10-10T09:36:20.654+0000] {dagbag.py:588} INFO - Filling up the DagBag from /home/airflow/.local/lib/python3.12/site-packages/airflow/example_dags/example_skip_dag.py
[2025-10-10T09:36:20.658+0000] {processor.py:925} INFO - DAG(s) 'example_skip_dag' retrieved from /home/airflow/.local/lib/python3.12/site-packages/airflow/example_dags/example_skip_dag.py
[2025-10-10T09:36:20.697+0000] {logging_mixin.py:190} INFO - [2025-10-10T09:36:20.697+0000] {override.py:1911} INFO - Created Permission View: can edit on DAG:example_skip_dag
[2025-10-10T09:36:20.700+0000] {logging_mixin.py:190} INFO - [2025-10-10T09:36:20.700+0000] {override.py:1911} INFO - Created Permission View: can read on DAG:example_skip_dag
[2025-10-10T09:36:20.702+0000] {logging_mixin.py:190} INFO - [2025-10-10T09:36:20.702+0000] {override.py:1911} INFO - Created Permission View: can delete on DAG:example_skip_dag
[2025-10-10T09:36:20.703+0000] {logging_mixin.py:190} INFO - [2025-10-10T09:36:20.703+0000] {override.py:1911} INFO - Created Permission View: can read on DAG Run:example_skip_dag
[2025-10-10T09:36:20.705+0000] {logging_mixin.py:190} INFO - [2025-10-10T09:36:20.705+0000] {override.py:1911} INFO - Created Permission View: menu access on DAG Run:example_skip_dag
[2025-10-10T09:36:20.706+0000] {logging_mixin.py:190} INFO - [2025-10-10T09:36:20.706+0000] {override.py:1911} INFO - Created Permission View: can delete on DAG Run:example_skip_dag
[2025-10-10T09:36:20.707+0000] {logging_mixin.py:190} INFO - [2025-10-10T09:36:20.707+0000] {override.py:1911} INFO - Created Permission View: can create on DAG Run:example_skip_dag
[2025-10-10T09:36:20.708+0000] {logging_mixin.py:190} INFO - [2025-10-10T09:36:20.708+0000] {dag.py:3239} INFO - Sync 1 DAGs
[2025-10-10T09:36:20.712+0000] {logging_mixin.py:190} INFO - [2025-10-10T09:36:20.712+0000] {dag.py:3262} INFO - Creating ORM DAG for example_skip_dag
[2025-10-10T09:36:20.715+0000] {logging_mixin.py:190} INFO - [2025-10-10T09:36:20.715+0000] {dag.py:4180} INFO - Setting next_dagrun for example_skip_dag to 2025-10-09 00:00:00+00:00, run_after=2025-10-10 00:00:00+00:00
[2025-10-10T09:36:20.723+0000] {processor.py:208} INFO - Processing /home/airflow/.local/lib/python3.12/site-packages/airflow/example_dags/example_skip_dag.py took 0.072 seconds
[2025-10-10T09:36:51.013+0000] {processor.py:186} INFO - Started process (PID=119) to work on /home/airflow/.local/lib/python3.12/site-packages/airflow/example_dags/example_skip_dag.py
[2025-10-10T09:36:51.014+0000] {processor.py:914} INFO - Processing file /home/airflow/.local/lib/python3.12/site-packages/airflow/example_dags/example_skip_dag.py for tasks to queue
[2025-10-10T09:36:51.015+0000] {logging_mixin.py:190} INFO - [2025-10-10T09:36:51.015+0000] {dagbag.py:588} INFO - Filling up the DagBag from /home/airflow/.local/lib/python3.12/site-packages/airflow/example_dags/example_skip_dag.py
[2025-10-10T09:36:51.018+0000] {processor.py:925} INFO - DAG(s) 'example_skip_dag' retrieved from /home/airflow/.local/lib/python3.12/site-packages/airflow/example_dags/example_skip_dag.py
[2025-10-10T09:36:51.028+0000] {logging_mixin.py:190} INFO - [2025-10-10T09:36:51.028+0000] {dag.py:3239} INFO - Sync 1 DAGs
[2025-10-10T09:36:51.037+0000] {logging_mixin.py:190} INFO - [2025-10-10T09:36:51.037+0000] {dag.py:4180} INFO - Setting next_dagrun for example_skip_dag to 2025-10-09 00:00:00+00:00, run_after=2025-10-10 00:00:00+00:00
[2025-10-10T09:36:51.043+0000] {processor.py:208} INFO - Processing /home/airflow/.local/lib/python3.12/site-packages/airflow/example_dags/example_skip_dag.py took 0.031 seconds
[2025-10-10T09:37:22.141+0000] {processor.py:186} INFO - Started process (PID=182) to work on /home/airflow/.local/lib/python3.12/site-packages/airflow/example_dags/example_skip_dag.py
[2025-10-10T09:37:22.142+0000] {processor.py:914} INFO - Processing file /home/airflow/.local/lib/python3.12/site-packages/airflow/example_dags/example_skip_dag.py for tasks to queue
[2025-10-10T09:37:22.143+0000] {logging_mixin.py:190} INFO - [2025-10-10T09:37:22.142+0000] {dagbag.py:588} INFO - Filling up the DagBag from /home/airflow/.local/lib/python3.12/site-packages/airflow/example_dags/example_skip_dag.py
[2025-10-10T09:37:22.146+0000] {processor.py:925} INFO - DAG(s) 'example_skip_dag' retrieved from /home/airflow/.local/lib/python3.12/site-packages/airflow/example_dags/example_skip_dag.py
[2025-10-10T09:37:22.153+0000] {logging_mixin.py:190} INFO - [2025-10-10T09:37:22.153+0000] {dag.py:3239} INFO - Sync 1 DAGs
[2025-10-10T09:37:22.161+0000] {logging_mixin.py:190} INFO - [2025-10-10T09:37:22.161+0000] {dag.py:4180} INFO - Setting next_dagrun for example_skip_dag to 2025-10-09 00:00:00+00:00, run_after=2025-10-10 00:00:00+00:00
[2025-10-10T09:37:22.166+0000] {processor.py:208} INFO - Processing /home/airflow/.local/lib/python3.12/site-packages/airflow/example_dags/example_skip_dag.py took 0.027 seconds
[2025-10-10T09:37:52.441+0000] {processor.py:186} INFO - Started process (PID=245) to work on /home/airflow/.local/lib/python3.12/site-packages/airflow/example_dags/example_skip_dag.py
[2025-10-10T09:37:52.441+0000] {processor.py:914} INFO - Processing file /home/airflow/.local/lib/python3.12/site-packages/airflow/example_dags/example_skip_dag.py for tasks to queue
[2025-10-10T09:37:52.443+0000] {logging_mixin.py:190} INFO - [2025-10-10T09:37:52.443+0000] {dagbag.py:588} INFO - Filling up the DagBag from /home/airflow/.local/lib/python3.12/site-packages/airflow/example_dags/example_skip_dag.py
[2025-10-10T09:37:52.446+0000] {processor.py:925} INFO - DAG(s) 'example_skip_dag' retrieved from /home/airflow/.local/lib/python3.12/site-packages/airflow/example_dags/example_skip_dag.py
[2025-10-10T09:37:52.453+0000] {logging_mixin.py:190} INFO - [2025-10-10T09:37:52.453+0000] {dag.py:3239} INFO - Sync 1 DAGs
[2025-10-10T09:37:52.461+0000] {logging_mixin.py:190} INFO - [2025-10-10T09:37:52.461+0000] {dag.py:4180} INFO - Setting next_dagrun for example_skip_dag to 2025-10-09 00:00:00+00:00, run_after=2025-10-10 00:00:00+00:00
[2025-10-10T09:37:52.466+0000] {processor.py:208} INFO - Processing /home/airflow/.local/lib/python3.12/site-packages/airflow/example_dags/example_skip_dag.py took 0.027 seconds
[2025-10-10T09:38:16.883+0000] {processor.py:186} INFO - Started process (PID=46) to work on /home/airflow/.local/lib/python3.12/site-packages/airflow/example_dags/example_skip_dag.py
[2025-10-10T09:38:16.883+0000] {processor.py:914} INFO - Processing file /home/airflow/.local/lib/python3.12/site-packages/airflow/example_dags/example_skip_dag.py for tasks to queue
[2025-10-10T09:38:16.884+0000] {logging_mixin.py:190} INFO - [2025-10-10T09:38:16.884+0000] {dagbag.py:588} INFO - Filling up the DagBag from /home/airflow/.local/lib/python3.12/site-packages/airflow/example_dags/example_skip_dag.py
[2025-10-10T09:38:16.887+0000] {processor.py:925} INFO - DAG(s) 'example_skip_dag' retrieved from /home/airflow/.local/lib/python3.12/site-packages/airflow/example_dags/example_skip_dag.py
[2025-10-10T09:38:16.896+0000] {logging_mixin.py:190} INFO - [2025-10-10T09:38:16.896+0000] {dag.py:3239} INFO - Sync 1 DAGs
[2025-10-10T09:38:16.903+0000] {logging_mixin.py:190} INFO - [2025-10-10T09:38:16.903+0000] {dag.py:4180} INFO - Setting next_dagrun for example_skip_dag to 2025-10-09 00:00:00+00:00, run_after=2025-10-10 00:00:00+00:00
[2025-10-10T09:38:16.908+0000] {processor.py:208} INFO - Processing /home/airflow/.local/lib/python3.12/site-packages/airflow/example_dags/example_skip_dag.py took 0.027 seconds
[2025-10-10T09:38:48.093+0000] {processor.py:186} INFO - Started process (PID=116) to work on /home/airflow/.local/lib/python3.12/site-packages/airflow/example_dags/example_skip_dag.py
[2025-10-10T09:38:48.094+0000] {processor.py:914} INFO - Processing file /home/airflow/.local/lib/python3.12/site-packages/airflow/example_dags/example_skip_dag.py for tasks to queue
[2025-10-10T09:38:48.095+0000] {logging_mixin.py:190} INFO - [2025-10-10T09:38:48.095+0000] {dagbag.py:588} INFO - Filling up the DagBag from /home/airflow/.local/lib/python3.12/site-packages/airflow/example_dags/example_skip_dag.py
[2025-10-10T09:38:48.098+0000] {processor.py:925} INFO - DAG(s) 'example_skip_dag' retrieved from /home/airflow/.local/lib/python3.12/site-packages/airflow/example_dags/example_skip_dag.py
[2025-10-10T09:38:48.106+0000] {logging_mixin.py:190} INFO - [2025-10-10T09:38:48.106+0000] {dag.py:3239} INFO - Sync 1 DAGs
[2025-10-10T09:38:48.114+0000] {logging_mixin.py:190} INFO - [2025-10-10T09:38:48.114+0000] {dag.py:4180} INFO - Setting next_dagrun for example_skip_dag to 2025-10-09 00:00:00+00:00, run_after=2025-10-10 00:00:00+00:00
[2025-10-10T09:38:48.119+0000] {processor.py:208} INFO - Processing /home/airflow/.local/lib/python3.12/site-packages/airflow/example_dags/example_skip_dag.py took 0.028 seconds
[2025-10-10T09:39:19.190+0000] {processor.py:186} INFO - Started process (PID=180) to work on /home/airflow/.local/lib/python3.12/site-packages/airflow/example_dags/example_skip_dag.py
[2025-10-10T09:39:19.190+0000] {processor.py:914} INFO - Processing file /home/airflow/.local/lib/python3.12/site-packages/airflow/example_dags/example_skip_dag.py for tasks to queue
[2025-10-10T09:39:19.191+0000] {logging_mixin.py:190} INFO - [2025-10-10T09:39:19.191+0000] {dagbag.py:588} INFO - Filling up the DagBag from /home/airflow/.local/lib/python3.12/site-packages/airflow/example_dags/example_skip_dag.py
[2025-10-10T09:39:19.194+0000] {processor.py:925} INFO - DAG(s) 'example_skip_dag' retrieved from /home/airflow/.local/lib/python3.12/site-packages/airflow/example_dags/example_skip_dag.py
[2025-10-10T09:39:19.202+0000] {logging_mixin.py:190} INFO - [2025-10-10T09:39:19.202+0000] {dag.py:3239} INFO - Sync 1 DAGs
[2025-10-10T09:39:19.211+0000] {logging_mixin.py:190} INFO - [2025-10-10T09:39:19.210+0000] {dag.py:4180} INFO - Setting next_dagrun for example_skip_dag to 2025-10-09 00:00:00+00:00, run_after=2025-10-10 00:00:00+00:00
[2025-10-10T09:39:19.216+0000] {processor.py:208} INFO - Processing /home/airflow/.local/lib/python3.12/site-packages/airflow/example_dags/example_skip_dag.py took 0.029 seconds
[2025-10-10T09:39:50.367+0000] {processor.py:186} INFO - Started process (PID=244) to work on /home/airflow/.local/lib/python3.12/site-packages/airflow/example_dags/example_skip_dag.py
[2025-10-10T09:39:50.370+0000] {processor.py:914} INFO - Processing file /home/airflow/.local/lib/python3.12/site-packages/airflow/example_dags/example_skip_dag.py for tasks to queue
[2025-10-10T09:39:50.371+0000] {logging_mixin.py:190} INFO - [2025-10-10T09:39:50.370+0000] {dagbag.py:588} INFO - Filling up the DagBag from /home/airflow/.local/lib/python3.12/site-packages/airflow/example_dags/example_skip_dag.py
[2025-10-10T09:39:50.373+0000] {processor.py:925} INFO - DAG(s) 'example_skip_dag' retrieved from /home/airflow/.local/lib/python3.12/site-packages/airflow/example_dags/example_skip_dag.py
[2025-10-10T09:39:50.380+0000] {logging_mixin.py:190} INFO - [2025-10-10T09:39:50.380+0000] {dag.py:3239} INFO - Sync 1 DAGs
[2025-10-10T09:39:50.388+0000] {logging_mixin.py:190} INFO - [2025-10-10T09:39:50.388+0000] {dag.py:4180} INFO - Setting next_dagrun for example_skip_dag to 2025-10-09 00:00:00+00:00, run_after=2025-10-10 00:00:00+00:00
[2025-10-10T09:39:50.394+0000] {processor.py:208} INFO - Processing /home/airflow/.local/lib/python3.12/site-packages/airflow/example_dags/example_skip_dag.py took 0.030 seconds
[2025-10-10T09:40:21.582+0000] {processor.py:186} INFO - Started process (PID=308) to work on /home/airflow/.local/lib/python3.12/site-packages/airflow/example_dags/example_skip_dag.py
[2025-10-10T09:40:21.582+0000] {processor.py:914} INFO - Processing file /home/airflow/.local/lib/python3.12/site-packages/airflow/example_dags/example_skip_dag.py for tasks to queue
[2025-10-10T09:40:21.584+0000] {logging_mixin.py:190} INFO - [2025-10-10T09:40:21.584+0000] {dagbag.py:588} INFO - Filling up the DagBag from /home/airflow/.local/lib/python3.12/site-packages/airflow/example_dags/example_skip_dag.py
[2025-10-10T09:40:21.588+0000] {processor.py:925} INFO - DAG(s) 'example_skip_dag' retrieved from /home/airflow/.local/lib/python3.12/site-packages/airflow/example_dags/example_skip_dag.py
[2025-10-10T09:40:21.596+0000] {logging_mixin.py:190} INFO - [2025-10-10T09:40:21.596+0000] {dag.py:3239} INFO - Sync 1 DAGs
[2025-10-10T09:40:21.604+0000] {logging_mixin.py:190} INFO - [2025-10-10T09:40:21.604+0000] {dag.py:4180} INFO - Setting next_dagrun for example_skip_dag to 2025-10-09 00:00:00+00:00, run_after=2025-10-10 00:00:00+00:00
[2025-10-10T09:40:21.611+0000] {processor.py:208} INFO - Processing /home/airflow/.local/lib/python3.12/site-packages/airflow/example_dags/example_skip_dag.py took 0.031 seconds
[2025-10-10T09:40:52.849+0000] {processor.py:186} INFO - Started process (PID=372) to work on /home/airflow/.local/lib/python3.12/site-packages/airflow/example_dags/example_skip_dag.py
[2025-10-10T09:40:52.850+0000] {processor.py:914} INFO - Processing file /home/airflow/.local/lib/python3.12/site-packages/airflow/example_dags/example_skip_dag.py for tasks to queue
[2025-10-10T09:40:52.852+0000] {logging_mixin.py:190} INFO - [2025-10-10T09:40:52.852+0000] {dagbag.py:588} INFO - Filling up the DagBag from /home/airflow/.local/lib/python3.12/site-packages/airflow/example_dags/example_skip_dag.py
[2025-10-10T09:40:52.855+0000] {processor.py:925} INFO - DAG(s) 'example_skip_dag' retrieved from /home/airflow/.local/lib/python3.12/site-packages/airflow/example_dags/example_skip_dag.py
[2025-10-10T09:40:52.865+0000] {logging_mixin.py:190} INFO - [2025-10-10T09:40:52.865+0000] {dag.py:3239} INFO - Sync 1 DAGs
[2025-10-10T09:40:52.873+0000] {logging_mixin.py:190} INFO - [2025-10-10T09:40:52.873+0000] {dag.py:4180} INFO - Setting next_dagrun for example_skip_dag to 2025-10-09 00:00:00+00:00, run_after=2025-10-10 00:00:00+00:00
[2025-10-10T09:40:52.887+0000] {processor.py:208} INFO - Processing /home/airflow/.local/lib/python3.12/site-packages/airflow/example_dags/example_skip_dag.py took 0.041 seconds
[2025-10-10T09:41:24.015+0000] {processor.py:186} INFO - Started process (PID=436) to work on /home/airflow/.local/lib/python3.12/site-packages/airflow/example_dags/example_skip_dag.py
[2025-10-10T09:41:24.015+0000] {processor.py:914} INFO - Processing file /home/airflow/.local/lib/python3.12/site-packages/airflow/example_dags/example_skip_dag.py for tasks to queue
[2025-10-10T09:41:24.017+0000] {logging_mixin.py:190} INFO - [2025-10-10T09:41:24.016+0000] {dagbag.py:588} INFO - Filling up the DagBag from /home/airflow/.local/lib/python3.12/site-packages/airflow/example_dags/example_skip_dag.py
[2025-10-10T09:41:24.020+0000] {processor.py:925} INFO - DAG(s) 'example_skip_dag' retrieved from /home/airflow/.local/lib/python3.12/site-packages/airflow/example_dags/example_skip_dag.py
[2025-10-10T09:41:24.031+0000] {logging_mixin.py:190} INFO - [2025-10-10T09:41:24.031+0000] {dag.py:3239} INFO - Sync 1 DAGs
[2025-10-10T09:41:24.040+0000] {logging_mixin.py:190} INFO - [2025-10-10T09:41:24.039+0000] {dag.py:4180} INFO - Setting next_dagrun for example_skip_dag to 2025-10-09 00:00:00+00:00, run_after=2025-10-10 00:00:00+00:00
[2025-10-10T09:41:24.047+0000] {processor.py:208} INFO - Processing /home/airflow/.local/lib/python3.12/site-packages/airflow/example_dags/example_skip_dag.py took 0.034 seconds
[2025-10-10T09:41:55.132+0000] {processor.py:186} INFO - Started process (PID=500) to work on /home/airflow/.local/lib/python3.12/site-packages/airflow/example_dags/example_skip_dag.py
[2025-10-10T09:41:55.134+0000] {processor.py:914} INFO - Processing file /home/airflow/.local/lib/python3.12/site-packages/airflow/example_dags/example_skip_dag.py for tasks to queue
[2025-10-10T09:41:55.136+0000] {logging_mixin.py:190} INFO - [2025-10-10T09:41:55.136+0000] {dagbag.py:588} INFO - Filling up the DagBag from /home/airflow/.local/lib/python3.12/site-packages/airflow/example_dags/example_skip_dag.py
[2025-10-10T09:41:55.140+0000] {processor.py:925} INFO - DAG(s) 'example_skip_dag' retrieved from /home/airflow/.local/lib/python3.12/site-packages/airflow/example_dags/example_skip_dag.py
[2025-10-10T09:41:55.151+0000] {logging_mixin.py:190} INFO - [2025-10-10T09:41:55.151+0000] {dag.py:3239} INFO - Sync 1 DAGs
[2025-10-10T09:41:55.163+0000] {logging_mixin.py:190} INFO - [2025-10-10T09:41:55.163+0000] {dag.py:4180} INFO - Setting next_dagrun for example_skip_dag to 2025-10-09 00:00:00+00:00, run_after=2025-10-10 00:00:00+00:00
[2025-10-10T09:41:55.174+0000] {processor.py:208} INFO - Processing /home/airflow/.local/lib/python3.12/site-packages/airflow/example_dags/example_skip_dag.py took 0.045 seconds
[2025-10-10T09:42:26.272+0000] {processor.py:186} INFO - Started process (PID=564) to work on /home/airflow/.local/lib/python3.12/site-packages/airflow/example_dags/example_skip_dag.py
[2025-10-10T09:42:26.275+0000] {processor.py:914} INFO - Processing file /home/airflow/.local/lib/python3.12/site-packages/airflow/example_dags/example_skip_dag.py for tasks to queue
[2025-10-10T09:42:26.276+0000] {logging_mixin.py:190} INFO - [2025-10-10T09:42:26.276+0000] {dagbag.py:588} INFO - Filling up the DagBag from /home/airflow/.local/lib/python3.12/site-packages/airflow/example_dags/example_skip_dag.py
[2025-10-10T09:42:26.279+0000] {processor.py:925} INFO - DAG(s) 'example_skip_dag' retrieved from /home/airflow/.local/lib/python3.12/site-packages/airflow/example_dags/example_skip_dag.py
[2025-10-10T09:42:26.288+0000] {logging_mixin.py:190} INFO - [2025-10-10T09:42:26.288+0000] {dag.py:3239} INFO - Sync 1 DAGs
[2025-10-10T09:42:26.297+0000] {logging_mixin.py:190} INFO - [2025-10-10T09:42:26.297+0000] {dag.py:4180} INFO - Setting next_dagrun for example_skip_dag to 2025-10-09 00:00:00+00:00, run_after=2025-10-10 00:00:00+00:00
[2025-10-10T09:42:26.302+0000] {processor.py:208} INFO - Processing /home/airflow/.local/lib/python3.12/site-packages/airflow/example_dags/example_skip_dag.py took 0.033 seconds
[2025-10-10T09:42:57.513+0000] {processor.py:186} INFO - Started process (PID=628) to work on /home/airflow/.local/lib/python3.12/site-packages/airflow/example_dags/example_skip_dag.py
[2025-10-10T09:42:57.514+0000] {processor.py:914} INFO - Processing file /home/airflow/.local/lib/python3.12/site-packages/airflow/example_dags/example_skip_dag.py for tasks to queue
[2025-10-10T09:42:57.516+0000] {logging_mixin.py:190} INFO - [2025-10-10T09:42:57.516+0000] {dagbag.py:588} INFO - Filling up the DagBag from /home/airflow/.local/lib/python3.12/site-packages/airflow/example_dags/example_skip_dag.py
[2025-10-10T09:42:57.520+0000] {processor.py:925} INFO - DAG(s) 'example_skip_dag' retrieved from /home/airflow/.local/lib/python3.12/site-packages/airflow/example_dags/example_skip_dag.py
[2025-10-10T09:42:57.530+0000] {logging_mixin.py:190} INFO - [2025-10-10T09:42:57.530+0000] {dag.py:3239} INFO - Sync 1 DAGs
[2025-10-10T09:42:57.538+0000] {logging_mixin.py:190} INFO - [2025-10-10T09:42:57.538+0000] {dag.py:4180} INFO - Setting next_dagrun for example_skip_dag to 2025-10-09 00:00:00+00:00, run_after=2025-10-10 00:00:00+00:00
[2025-10-10T09:42:57.545+0000] {processor.py:208} INFO - Processing /home/airflow/.local/lib/python3.12/site-packages/airflow/example_dags/example_skip_dag.py took 0.034 seconds
[2025-10-10T09:43:28.651+0000] {processor.py:186} INFO - Started process (PID=692) to work on /home/airflow/.local/lib/python3.12/site-packages/airflow/example_dags/example_skip_dag.py
[2025-10-10T09:43:28.652+0000] {processor.py:914} INFO - Processing file /home/airflow/.local/lib/python3.12/site-packages/airflow/example_dags/example_skip_dag.py for tasks to queue
[2025-10-10T09:43:28.653+0000] {logging_mixin.py:190} INFO - [2025-10-10T09:43:28.653+0000] {dagbag.py:588} INFO - Filling up the DagBag from /home/airflow/.local/lib/python3.12/site-packages/airflow/example_dags/example_skip_dag.py
[2025-10-10T09:43:28.658+0000] {processor.py:925} INFO - DAG(s) 'example_skip_dag' retrieved from /home/airflow/.local/lib/python3.12/site-packages/airflow/example_dags/example_skip_dag.py
[2025-10-10T09:43:28.667+0000] {logging_mixin.py:190} INFO - [2025-10-10T09:43:28.667+0000] {dag.py:3239} INFO - Sync 1 DAGs
[2025-10-10T09:43:28.676+0000] {logging_mixin.py:190} INFO - [2025-10-10T09:43:28.676+0000] {dag.py:4180} INFO - Setting next_dagrun for example_skip_dag to 2025-10-09 00:00:00+00:00, run_after=2025-10-10 00:00:00+00:00
[2025-10-10T09:43:28.682+0000] {processor.py:208} INFO - Processing /home/airflow/.local/lib/python3.12/site-packages/airflow/example_dags/example_skip_dag.py took 0.033 seconds
[2025-10-10T09:44:09.103+0000] {processor.py:186} INFO - Started process (PID=59) to work on /home/airflow/.local/lib/python3.12/site-packages/airflow/example_dags/example_skip_dag.py
[2025-10-10T09:44:09.104+0000] {processor.py:914} INFO - Processing file /home/airflow/.local/lib/python3.12/site-packages/airflow/example_dags/example_skip_dag.py for tasks to queue
[2025-10-10T09:44:09.106+0000] {logging_mixin.py:190} INFO - [2025-10-10T09:44:09.106+0000] {dagbag.py:588} INFO - Filling up the DagBag from /home/airflow/.local/lib/python3.12/site-packages/airflow/example_dags/example_skip_dag.py
[2025-10-10T09:44:09.117+0000] {processor.py:925} INFO - DAG(s) 'example_skip_dag' retrieved from /home/airflow/.local/lib/python3.12/site-packages/airflow/example_dags/example_skip_dag.py
[2025-10-10T09:44:09.133+0000] {logging_mixin.py:190} INFO - [2025-10-10T09:44:09.133+0000] {dag.py:3239} INFO - Sync 1 DAGs
[2025-10-10T09:44:09.144+0000] {logging_mixin.py:190} INFO - [2025-10-10T09:44:09.144+0000] {dag.py:4180} INFO - Setting next_dagrun for example_skip_dag to 2025-10-09 00:00:00+00:00, run_after=2025-10-10 00:00:00+00:00
[2025-10-10T09:44:09.153+0000] {processor.py:208} INFO - Processing /home/airflow/.local/lib/python3.12/site-packages/airflow/example_dags/example_skip_dag.py took 0.054 seconds
[2025-10-10T09:44:39.476+0000] {processor.py:186} INFO - Started process (PID=123) to work on /home/airflow/.local/lib/python3.12/site-packages/airflow/example_dags/example_skip_dag.py
[2025-10-10T09:44:39.477+0000] {processor.py:914} INFO - Processing file /home/airflow/.local/lib/python3.12/site-packages/airflow/example_dags/example_skip_dag.py for tasks to queue
[2025-10-10T09:44:39.481+0000] {logging_mixin.py:190} INFO - [2025-10-10T09:44:39.481+0000] {dagbag.py:588} INFO - Filling up the DagBag from /home/airflow/.local/lib/python3.12/site-packages/airflow/example_dags/example_skip_dag.py
[2025-10-10T09:44:39.486+0000] {processor.py:925} INFO - DAG(s) 'example_skip_dag' retrieved from /home/airflow/.local/lib/python3.12/site-packages/airflow/example_dags/example_skip_dag.py
[2025-10-10T09:44:39.500+0000] {logging_mixin.py:190} INFO - [2025-10-10T09:44:39.500+0000] {dag.py:3239} INFO - Sync 1 DAGs
[2025-10-10T09:44:39.508+0000] {logging_mixin.py:190} INFO - [2025-10-10T09:44:39.508+0000] {dag.py:4180} INFO - Setting next_dagrun for example_skip_dag to 2025-10-09 00:00:00+00:00, run_after=2025-10-10 00:00:00+00:00
[2025-10-10T09:44:39.513+0000] {processor.py:208} INFO - Processing /home/airflow/.local/lib/python3.12/site-packages/airflow/example_dags/example_skip_dag.py took 0.042 seconds
[2025-10-10T09:45:10.473+0000] {processor.py:186} INFO - Started process (PID=187) to work on /home/airflow/.local/lib/python3.12/site-packages/airflow/example_dags/example_skip_dag.py
[2025-10-10T09:45:10.474+0000] {processor.py:914} INFO - Processing file /home/airflow/.local/lib/python3.12/site-packages/airflow/example_dags/example_skip_dag.py for tasks to queue
[2025-10-10T09:45:10.476+0000] {logging_mixin.py:190} INFO - [2025-10-10T09:45:10.476+0000] {dagbag.py:588} INFO - Filling up the DagBag from /home/airflow/.local/lib/python3.12/site-packages/airflow/example_dags/example_skip_dag.py
[2025-10-10T09:45:10.480+0000] {processor.py:925} INFO - DAG(s) 'example_skip_dag' retrieved from /home/airflow/.local/lib/python3.12/site-packages/airflow/example_dags/example_skip_dag.py
[2025-10-10T09:45:10.488+0000] {logging_mixin.py:190} INFO - [2025-10-10T09:45:10.488+0000] {dag.py:3239} INFO - Sync 1 DAGs
[2025-10-10T09:45:10.497+0000] {logging_mixin.py:190} INFO - [2025-10-10T09:45:10.497+0000] {dag.py:4180} INFO - Setting next_dagrun for example_skip_dag to 2025-10-09 00:00:00+00:00, run_after=2025-10-10 00:00:00+00:00
[2025-10-10T09:45:10.502+0000] {processor.py:208} INFO - Processing /home/airflow/.local/lib/python3.12/site-packages/airflow/example_dags/example_skip_dag.py took 0.031 seconds
[2025-10-10T09:45:41.444+0000] {processor.py:186} INFO - Started process (PID=259) to work on /home/airflow/.local/lib/python3.12/site-packages/airflow/example_dags/example_skip_dag.py
[2025-10-10T09:45:41.445+0000] {processor.py:914} INFO - Processing file /home/airflow/.local/lib/python3.12/site-packages/airflow/example_dags/example_skip_dag.py for tasks to queue
[2025-10-10T09:45:41.446+0000] {logging_mixin.py:190} INFO - [2025-10-10T09:45:41.446+0000] {dagbag.py:588} INFO - Filling up the DagBag from /home/airflow/.local/lib/python3.12/site-packages/airflow/example_dags/example_skip_dag.py
[2025-10-10T09:45:41.450+0000] {processor.py:925} INFO - DAG(s) 'example_skip_dag' retrieved from /home/airflow/.local/lib/python3.12/site-packages/airflow/example_dags/example_skip_dag.py
[2025-10-10T09:45:41.458+0000] {logging_mixin.py:190} INFO - [2025-10-10T09:45:41.458+0000] {dag.py:3239} INFO - Sync 1 DAGs
[2025-10-10T09:45:41.467+0000] {logging_mixin.py:190} INFO - [2025-10-10T09:45:41.467+0000] {dag.py:4180} INFO - Setting next_dagrun for example_skip_dag to 2025-10-09 00:00:00+00:00, run_after=2025-10-10 00:00:00+00:00
[2025-10-10T09:45:41.473+0000] {processor.py:208} INFO - Processing /home/airflow/.local/lib/python3.12/site-packages/airflow/example_dags/example_skip_dag.py took 0.031 seconds
[2025-10-10T09:46:12.479+0000] {processor.py:186} INFO - Started process (PID=323) to work on /home/airflow/.local/lib/python3.12/site-packages/airflow/example_dags/example_skip_dag.py
[2025-10-10T09:46:12.479+0000] {processor.py:914} INFO - Processing file /home/airflow/.local/lib/python3.12/site-packages/airflow/example_dags/example_skip_dag.py for tasks to queue
[2025-10-10T09:46:12.480+0000] {logging_mixin.py:190} INFO - [2025-10-10T09:46:12.480+0000] {dagbag.py:588} INFO - Filling up the DagBag from /home/airflow/.local/lib/python3.12/site-packages/airflow/example_dags/example_skip_dag.py
[2025-10-10T09:46:12.483+0000] {processor.py:925} INFO - DAG(s) 'example_skip_dag' retrieved from /home/airflow/.local/lib/python3.12/site-packages/airflow/example_dags/example_skip_dag.py
[2025-10-10T09:46:12.491+0000] {logging_mixin.py:190} INFO - [2025-10-10T09:46:12.491+0000] {dag.py:3239} INFO - Sync 1 DAGs
[2025-10-10T09:46:12.498+0000] {logging_mixin.py:190} INFO - [2025-10-10T09:46:12.498+0000] {dag.py:4180} INFO - Setting next_dagrun for example_skip_dag to 2025-10-09 00:00:00+00:00, run_after=2025-10-10 00:00:00+00:00
[2025-10-10T09:46:12.504+0000] {processor.py:208} INFO - Processing /home/airflow/.local/lib/python3.12/site-packages/airflow/example_dags/example_skip_dag.py took 0.028 seconds
[2025-10-10T09:46:43.598+0000] {processor.py:186} INFO - Started process (PID=387) to work on /home/airflow/.local/lib/python3.12/site-packages/airflow/example_dags/example_skip_dag.py
[2025-10-10T09:46:43.598+0000] {processor.py:914} INFO - Processing file /home/airflow/.local/lib/python3.12/site-packages/airflow/example_dags/example_skip_dag.py for tasks to queue
[2025-10-10T09:46:43.599+0000] {logging_mixin.py:190} INFO - [2025-10-10T09:46:43.599+0000] {dagbag.py:588} INFO - Filling up the DagBag from /home/airflow/.local/lib/python3.12/site-packages/airflow/example_dags/example_skip_dag.py
[2025-10-10T09:46:43.602+0000] {processor.py:925} INFO - DAG(s) 'example_skip_dag' retrieved from /home/airflow/.local/lib/python3.12/site-packages/airflow/example_dags/example_skip_dag.py
[2025-10-10T09:46:43.610+0000] {logging_mixin.py:190} INFO - [2025-10-10T09:46:43.610+0000] {dag.py:3239} INFO - Sync 1 DAGs
[2025-10-10T09:46:43.617+0000] {logging_mixin.py:190} INFO - [2025-10-10T09:46:43.617+0000] {dag.py:4180} INFO - Setting next_dagrun for example_skip_dag to 2025-10-09 00:00:00+00:00, run_after=2025-10-10 00:00:00+00:00
[2025-10-10T09:46:43.622+0000] {processor.py:208} INFO - Processing /home/airflow/.local/lib/python3.12/site-packages/airflow/example_dags/example_skip_dag.py took 0.027 seconds
[2025-10-10T09:47:14.625+0000] {processor.py:186} INFO - Started process (PID=451) to work on /home/airflow/.local/lib/python3.12/site-packages/airflow/example_dags/example_skip_dag.py
[2025-10-10T09:47:14.625+0000] {processor.py:914} INFO - Processing file /home/airflow/.local/lib/python3.12/site-packages/airflow/example_dags/example_skip_dag.py for tasks to queue
[2025-10-10T09:47:14.626+0000] {logging_mixin.py:190} INFO - [2025-10-10T09:47:14.626+0000] {dagbag.py:588} INFO - Filling up the DagBag from /home/airflow/.local/lib/python3.12/site-packages/airflow/example_dags/example_skip_dag.py
[2025-10-10T09:47:14.630+0000] {processor.py:925} INFO - DAG(s) 'example_skip_dag' retrieved from /home/airflow/.local/lib/python3.12/site-packages/airflow/example_dags/example_skip_dag.py
[2025-10-10T09:47:14.638+0000] {logging_mixin.py:190} INFO - [2025-10-10T09:47:14.638+0000] {dag.py:3239} INFO - Sync 1 DAGs
[2025-10-10T09:47:14.647+0000] {logging_mixin.py:190} INFO - [2025-10-10T09:47:14.647+0000] {dag.py:4180} INFO - Setting next_dagrun for example_skip_dag to 2025-10-09 00:00:00+00:00, run_after=2025-10-10 00:00:00+00:00
[2025-10-10T09:47:14.653+0000] {processor.py:208} INFO - Processing /home/airflow/.local/lib/python3.12/site-packages/airflow/example_dags/example_skip_dag.py took 0.030 seconds
[2025-10-10T09:47:45.682+0000] {processor.py:186} INFO - Started process (PID=515) to work on /home/airflow/.local/lib/python3.12/site-packages/airflow/example_dags/example_skip_dag.py
[2025-10-10T09:47:45.685+0000] {processor.py:914} INFO - Processing file /home/airflow/.local/lib/python3.12/site-packages/airflow/example_dags/example_skip_dag.py for tasks to queue
[2025-10-10T09:47:45.687+0000] {logging_mixin.py:190} INFO - [2025-10-10T09:47:45.686+0000] {dagbag.py:588} INFO - Filling up the DagBag from /home/airflow/.local/lib/python3.12/site-packages/airflow/example_dags/example_skip_dag.py
[2025-10-10T09:47:45.689+0000] {processor.py:925} INFO - DAG(s) 'example_skip_dag' retrieved from /home/airflow/.local/lib/python3.12/site-packages/airflow/example_dags/example_skip_dag.py
[2025-10-10T09:47:45.703+0000] {logging_mixin.py:190} INFO - [2025-10-10T09:47:45.703+0000] {dag.py:3239} INFO - Sync 1 DAGs
[2025-10-10T09:47:45.710+0000] {logging_mixin.py:190} INFO - [2025-10-10T09:47:45.710+0000] {dag.py:4180} INFO - Setting next_dagrun for example_skip_dag to 2025-10-09 00:00:00+00:00, run_after=2025-10-10 00:00:00+00:00
[2025-10-10T09:47:45.717+0000] {processor.py:208} INFO - Processing /home/airflow/.local/lib/python3.12/site-packages/airflow/example_dags/example_skip_dag.py took 0.037 seconds
[2025-10-10T09:48:16.899+0000] {processor.py:186} INFO - Started process (PID=579) to work on /home/airflow/.local/lib/python3.12/site-packages/airflow/example_dags/example_skip_dag.py
[2025-10-10T09:48:16.900+0000] {processor.py:914} INFO - Processing file /home/airflow/.local/lib/python3.12/site-packages/airflow/example_dags/example_skip_dag.py for tasks to queue
[2025-10-10T09:48:16.901+0000] {logging_mixin.py:190} INFO - [2025-10-10T09:48:16.901+0000] {dagbag.py:588} INFO - Filling up the DagBag from /home/airflow/.local/lib/python3.12/site-packages/airflow/example_dags/example_skip_dag.py
[2025-10-10T09:48:16.905+0000] {processor.py:925} INFO - DAG(s) 'example_skip_dag' retrieved from /home/airflow/.local/lib/python3.12/site-packages/airflow/example_dags/example_skip_dag.py
[2025-10-10T09:48:16.915+0000] {logging_mixin.py:190} INFO - [2025-10-10T09:48:16.915+0000] {dag.py:3239} INFO - Sync 1 DAGs
[2025-10-10T09:48:16.924+0000] {logging_mixin.py:190} INFO - [2025-10-10T09:48:16.924+0000] {dag.py:4180} INFO - Setting next_dagrun for example_skip_dag to 2025-10-09 00:00:00+00:00, run_after=2025-10-10 00:00:00+00:00
[2025-10-10T09:48:16.930+0000] {processor.py:208} INFO - Processing /home/airflow/.local/lib/python3.12/site-packages/airflow/example_dags/example_skip_dag.py took 0.034 seconds
[2025-10-10T09:48:47.198+0000] {processor.py:186} INFO - Started process (PID=643) to work on /home/airflow/.local/lib/python3.12/site-packages/airflow/example_dags/example_skip_dag.py
[2025-10-10T09:48:47.198+0000] {processor.py:914} INFO - Processing file /home/airflow/.local/lib/python3.12/site-packages/airflow/example_dags/example_skip_dag.py for tasks to queue
[2025-10-10T09:48:47.199+0000] {logging_mixin.py:190} INFO - [2025-10-10T09:48:47.199+0000] {dagbag.py:588} INFO - Filling up the DagBag from /home/airflow/.local/lib/python3.12/site-packages/airflow/example_dags/example_skip_dag.py
[2025-10-10T09:48:47.202+0000] {processor.py:925} INFO - DAG(s) 'example_skip_dag' retrieved from /home/airflow/.local/lib/python3.12/site-packages/airflow/example_dags/example_skip_dag.py
[2025-10-10T09:48:47.213+0000] {logging_mixin.py:190} INFO - [2025-10-10T09:48:47.213+0000] {dag.py:3239} INFO - Sync 1 DAGs
[2025-10-10T09:48:47.222+0000] {logging_mixin.py:190} INFO - [2025-10-10T09:48:47.222+0000] {dag.py:4180} INFO - Setting next_dagrun for example_skip_dag to 2025-10-09 00:00:00+00:00, run_after=2025-10-10 00:00:00+00:00
[2025-10-10T09:48:47.232+0000] {processor.py:208} INFO - Processing /home/airflow/.local/lib/python3.12/site-packages/airflow/example_dags/example_skip_dag.py took 0.036 seconds
