[2025-10-10T09:36:21.033+0000] {processor.py:186} INFO - Started process (PID=64) to work on /home/airflow/.local/lib/python3.12/site-packages/airflow/example_dags/example_params_trigger_ui.py
[2025-10-10T09:36:21.033+0000] {processor.py:914} INFO - Processing file /home/airflow/.local/lib/python3.12/site-packages/airflow/example_dags/example_params_trigger_ui.py for tasks to queue
[2025-10-10T09:36:21.034+0000] {logging_mixin.py:190} INFO - [2025-10-10T09:36:21.034+0000] {dagbag.py:588} INFO - Filling up the DagBag from /home/airflow/.local/lib/python3.12/site-packages/airflow/example_dags/example_params_trigger_ui.py
[2025-10-10T09:36:21.039+0000] {processor.py:925} INFO - DAG(s) 'example_params_trigger_ui' retrieved from /home/airflow/.local/lib/python3.12/site-packages/airflow/example_dags/example_params_trigger_ui.py
[2025-10-10T09:36:21.085+0000] {logging_mixin.py:190} INFO - [2025-10-10T09:36:21.085+0000] {override.py:1911} INFO - Created Permission View: can edit on DAG:example_params_trigger_ui
[2025-10-10T09:36:21.088+0000] {logging_mixin.py:190} INFO - [2025-10-10T09:36:21.088+0000] {override.py:1911} INFO - Created Permission View: can read on DAG:example_params_trigger_ui
[2025-10-10T09:36:21.090+0000] {logging_mixin.py:190} INFO - [2025-10-10T09:36:21.090+0000] {override.py:1911} INFO - Created Permission View: can delete on DAG:example_params_trigger_ui
[2025-10-10T09:36:21.091+0000] {logging_mixin.py:190} INFO - [2025-10-10T09:36:21.091+0000] {override.py:1911} INFO - Created Permission View: can read on DAG Run:example_params_trigger_ui
[2025-10-10T09:36:21.093+0000] {logging_mixin.py:190} INFO - [2025-10-10T09:36:21.093+0000] {override.py:1911} INFO - Created Permission View: menu access on DAG Run:example_params_trigger_ui
[2025-10-10T09:36:21.095+0000] {logging_mixin.py:190} INFO - [2025-10-10T09:36:21.095+0000] {override.py:1911} INFO - Created Permission View: can delete on DAG Run:example_params_trigger_ui
[2025-10-10T09:36:21.096+0000] {logging_mixin.py:190} INFO - [2025-10-10T09:36:21.096+0000] {override.py:1911} INFO - Created Permission View: can create on DAG Run:example_params_trigger_ui
[2025-10-10T09:36:21.096+0000] {logging_mixin.py:190} INFO - [2025-10-10T09:36:21.096+0000] {dag.py:3239} INFO - Sync 1 DAGs
[2025-10-10T09:36:21.100+0000] {logging_mixin.py:190} INFO - [2025-10-10T09:36:21.100+0000] {dag.py:3262} INFO - Creating ORM DAG for example_params_trigger_ui
[2025-10-10T09:36:21.101+0000] {logging_mixin.py:190} INFO - [2025-10-10T09:36:21.101+0000] {dag.py:4180} INFO - Setting next_dagrun for example_params_trigger_ui to None, run_after=None
[2025-10-10T09:36:21.106+0000] {processor.py:208} INFO - Processing /home/airflow/.local/lib/python3.12/site-packages/airflow/example_dags/example_params_trigger_ui.py took 0.076 seconds
[2025-10-10T09:36:51.201+0000] {processor.py:186} INFO - Started process (PID=127) to work on /home/airflow/.local/lib/python3.12/site-packages/airflow/example_dags/example_params_trigger_ui.py
[2025-10-10T09:36:51.204+0000] {processor.py:914} INFO - Processing file /home/airflow/.local/lib/python3.12/site-packages/airflow/example_dags/example_params_trigger_ui.py for tasks to queue
[2025-10-10T09:36:51.205+0000] {logging_mixin.py:190} INFO - [2025-10-10T09:36:51.205+0000] {dagbag.py:588} INFO - Filling up the DagBag from /home/airflow/.local/lib/python3.12/site-packages/airflow/example_dags/example_params_trigger_ui.py
[2025-10-10T09:36:51.210+0000] {processor.py:925} INFO - DAG(s) 'example_params_trigger_ui' retrieved from /home/airflow/.local/lib/python3.12/site-packages/airflow/example_dags/example_params_trigger_ui.py
[2025-10-10T09:36:51.222+0000] {logging_mixin.py:190} INFO - [2025-10-10T09:36:51.222+0000] {dag.py:3239} INFO - Sync 1 DAGs
[2025-10-10T09:36:51.228+0000] {logging_mixin.py:190} INFO - [2025-10-10T09:36:51.228+0000] {dag.py:4180} INFO - Setting next_dagrun for example_params_trigger_ui to None, run_after=None
[2025-10-10T09:36:51.234+0000] {processor.py:208} INFO - Processing /home/airflow/.local/lib/python3.12/site-packages/airflow/example_dags/example_params_trigger_ui.py took 0.035 seconds
[2025-10-10T09:37:22.362+0000] {processor.py:186} INFO - Started process (PID=190) to work on /home/airflow/.local/lib/python3.12/site-packages/airflow/example_dags/example_params_trigger_ui.py
[2025-10-10T09:37:22.363+0000] {processor.py:914} INFO - Processing file /home/airflow/.local/lib/python3.12/site-packages/airflow/example_dags/example_params_trigger_ui.py for tasks to queue
[2025-10-10T09:37:22.364+0000] {logging_mixin.py:190} INFO - [2025-10-10T09:37:22.363+0000] {dagbag.py:588} INFO - Filling up the DagBag from /home/airflow/.local/lib/python3.12/site-packages/airflow/example_dags/example_params_trigger_ui.py
[2025-10-10T09:37:22.367+0000] {processor.py:925} INFO - DAG(s) 'example_params_trigger_ui' retrieved from /home/airflow/.local/lib/python3.12/site-packages/airflow/example_dags/example_params_trigger_ui.py
[2025-10-10T09:37:22.380+0000] {logging_mixin.py:190} INFO - [2025-10-10T09:37:22.379+0000] {dag.py:3239} INFO - Sync 1 DAGs
[2025-10-10T09:37:22.384+0000] {logging_mixin.py:190} INFO - [2025-10-10T09:37:22.384+0000] {dag.py:4180} INFO - Setting next_dagrun for example_params_trigger_ui to None, run_after=None
[2025-10-10T09:37:22.389+0000] {processor.py:208} INFO - Processing /home/airflow/.local/lib/python3.12/site-packages/airflow/example_dags/example_params_trigger_ui.py took 0.029 seconds
[2025-10-10T09:37:52.629+0000] {processor.py:186} INFO - Started process (PID=253) to work on /home/airflow/.local/lib/python3.12/site-packages/airflow/example_dags/example_params_trigger_ui.py
[2025-10-10T09:37:52.629+0000] {processor.py:914} INFO - Processing file /home/airflow/.local/lib/python3.12/site-packages/airflow/example_dags/example_params_trigger_ui.py for tasks to queue
[2025-10-10T09:37:52.630+0000] {logging_mixin.py:190} INFO - [2025-10-10T09:37:52.630+0000] {dagbag.py:588} INFO - Filling up the DagBag from /home/airflow/.local/lib/python3.12/site-packages/airflow/example_dags/example_params_trigger_ui.py
[2025-10-10T09:37:52.634+0000] {processor.py:925} INFO - DAG(s) 'example_params_trigger_ui' retrieved from /home/airflow/.local/lib/python3.12/site-packages/airflow/example_dags/example_params_trigger_ui.py
[2025-10-10T09:37:52.646+0000] {logging_mixin.py:190} INFO - [2025-10-10T09:37:52.646+0000] {dag.py:3239} INFO - Sync 1 DAGs
[2025-10-10T09:37:52.651+0000] {logging_mixin.py:190} INFO - [2025-10-10T09:37:52.651+0000] {dag.py:4180} INFO - Setting next_dagrun for example_params_trigger_ui to None, run_after=None
[2025-10-10T09:37:52.656+0000] {processor.py:208} INFO - Processing /home/airflow/.local/lib/python3.12/site-packages/airflow/example_dags/example_params_trigger_ui.py took 0.029 seconds
[2025-10-10T09:38:17.178+0000] {processor.py:186} INFO - Started process (PID=60) to work on /home/airflow/.local/lib/python3.12/site-packages/airflow/example_dags/example_params_trigger_ui.py
[2025-10-10T09:38:17.178+0000] {processor.py:914} INFO - Processing file /home/airflow/.local/lib/python3.12/site-packages/airflow/example_dags/example_params_trigger_ui.py for tasks to queue
[2025-10-10T09:38:17.179+0000] {logging_mixin.py:190} INFO - [2025-10-10T09:38:17.179+0000] {dagbag.py:588} INFO - Filling up the DagBag from /home/airflow/.local/lib/python3.12/site-packages/airflow/example_dags/example_params_trigger_ui.py
[2025-10-10T09:38:17.184+0000] {processor.py:925} INFO - DAG(s) 'example_params_trigger_ui' retrieved from /home/airflow/.local/lib/python3.12/site-packages/airflow/example_dags/example_params_trigger_ui.py
[2025-10-10T09:38:17.202+0000] {logging_mixin.py:190} INFO - [2025-10-10T09:38:17.202+0000] {dag.py:3239} INFO - Sync 1 DAGs
[2025-10-10T09:38:17.208+0000] {logging_mixin.py:190} INFO - [2025-10-10T09:38:17.208+0000] {dag.py:4180} INFO - Setting next_dagrun for example_params_trigger_ui to None, run_after=None
[2025-10-10T09:38:17.217+0000] {processor.py:208} INFO - Processing /home/airflow/.local/lib/python3.12/site-packages/airflow/example_dags/example_params_trigger_ui.py took 0.041 seconds
[2025-10-10T09:38:48.295+0000] {processor.py:186} INFO - Started process (PID=124) to work on /home/airflow/.local/lib/python3.12/site-packages/airflow/example_dags/example_params_trigger_ui.py
[2025-10-10T09:38:48.296+0000] {processor.py:914} INFO - Processing file /home/airflow/.local/lib/python3.12/site-packages/airflow/example_dags/example_params_trigger_ui.py for tasks to queue
[2025-10-10T09:38:48.298+0000] {logging_mixin.py:190} INFO - [2025-10-10T09:38:48.298+0000] {dagbag.py:588} INFO - Filling up the DagBag from /home/airflow/.local/lib/python3.12/site-packages/airflow/example_dags/example_params_trigger_ui.py
[2025-10-10T09:38:48.303+0000] {processor.py:925} INFO - DAG(s) 'example_params_trigger_ui' retrieved from /home/airflow/.local/lib/python3.12/site-packages/airflow/example_dags/example_params_trigger_ui.py
[2025-10-10T09:38:48.316+0000] {logging_mixin.py:190} INFO - [2025-10-10T09:38:48.316+0000] {dag.py:3239} INFO - Sync 1 DAGs
[2025-10-10T09:38:48.320+0000] {logging_mixin.py:190} INFO - [2025-10-10T09:38:48.320+0000] {dag.py:4180} INFO - Setting next_dagrun for example_params_trigger_ui to None, run_after=None
[2025-10-10T09:38:48.328+0000] {processor.py:208} INFO - Processing /home/airflow/.local/lib/python3.12/site-packages/airflow/example_dags/example_params_trigger_ui.py took 0.035 seconds
[2025-10-10T09:39:19.422+0000] {processor.py:186} INFO - Started process (PID=188) to work on /home/airflow/.local/lib/python3.12/site-packages/airflow/example_dags/example_params_trigger_ui.py
[2025-10-10T09:39:19.423+0000] {processor.py:914} INFO - Processing file /home/airflow/.local/lib/python3.12/site-packages/airflow/example_dags/example_params_trigger_ui.py for tasks to queue
[2025-10-10T09:39:19.423+0000] {logging_mixin.py:190} INFO - [2025-10-10T09:39:19.423+0000] {dagbag.py:588} INFO - Filling up the DagBag from /home/airflow/.local/lib/python3.12/site-packages/airflow/example_dags/example_params_trigger_ui.py
[2025-10-10T09:39:19.427+0000] {processor.py:925} INFO - DAG(s) 'example_params_trigger_ui' retrieved from /home/airflow/.local/lib/python3.12/site-packages/airflow/example_dags/example_params_trigger_ui.py
[2025-10-10T09:39:19.439+0000] {logging_mixin.py:190} INFO - [2025-10-10T09:39:19.439+0000] {dag.py:3239} INFO - Sync 1 DAGs
[2025-10-10T09:39:19.443+0000] {logging_mixin.py:190} INFO - [2025-10-10T09:39:19.443+0000] {dag.py:4180} INFO - Setting next_dagrun for example_params_trigger_ui to None, run_after=None
[2025-10-10T09:39:19.448+0000] {processor.py:208} INFO - Processing /home/airflow/.local/lib/python3.12/site-packages/airflow/example_dags/example_params_trigger_ui.py took 0.029 seconds
[2025-10-10T09:39:50.544+0000] {processor.py:186} INFO - Started process (PID=252) to work on /home/airflow/.local/lib/python3.12/site-packages/airflow/example_dags/example_params_trigger_ui.py
[2025-10-10T09:39:50.545+0000] {processor.py:914} INFO - Processing file /home/airflow/.local/lib/python3.12/site-packages/airflow/example_dags/example_params_trigger_ui.py for tasks to queue
[2025-10-10T09:39:50.545+0000] {logging_mixin.py:190} INFO - [2025-10-10T09:39:50.545+0000] {dagbag.py:588} INFO - Filling up the DagBag from /home/airflow/.local/lib/python3.12/site-packages/airflow/example_dags/example_params_trigger_ui.py
[2025-10-10T09:39:50.551+0000] {processor.py:925} INFO - DAG(s) 'example_params_trigger_ui' retrieved from /home/airflow/.local/lib/python3.12/site-packages/airflow/example_dags/example_params_trigger_ui.py
[2025-10-10T09:39:50.567+0000] {logging_mixin.py:190} INFO - [2025-10-10T09:39:50.567+0000] {dag.py:3239} INFO - Sync 1 DAGs
[2025-10-10T09:39:50.572+0000] {logging_mixin.py:190} INFO - [2025-10-10T09:39:50.572+0000] {dag.py:4180} INFO - Setting next_dagrun for example_params_trigger_ui to None, run_after=None
[2025-10-10T09:39:50.579+0000] {processor.py:208} INFO - Processing /home/airflow/.local/lib/python3.12/site-packages/airflow/example_dags/example_params_trigger_ui.py took 0.037 seconds
[2025-10-10T09:40:21.764+0000] {processor.py:186} INFO - Started process (PID=316) to work on /home/airflow/.local/lib/python3.12/site-packages/airflow/example_dags/example_params_trigger_ui.py
[2025-10-10T09:40:21.766+0000] {processor.py:914} INFO - Processing file /home/airflow/.local/lib/python3.12/site-packages/airflow/example_dags/example_params_trigger_ui.py for tasks to queue
[2025-10-10T09:40:21.767+0000] {logging_mixin.py:190} INFO - [2025-10-10T09:40:21.767+0000] {dagbag.py:588} INFO - Filling up the DagBag from /home/airflow/.local/lib/python3.12/site-packages/airflow/example_dags/example_params_trigger_ui.py
[2025-10-10T09:40:21.772+0000] {processor.py:925} INFO - DAG(s) 'example_params_trigger_ui' retrieved from /home/airflow/.local/lib/python3.12/site-packages/airflow/example_dags/example_params_trigger_ui.py
[2025-10-10T09:40:21.788+0000] {logging_mixin.py:190} INFO - [2025-10-10T09:40:21.788+0000] {dag.py:3239} INFO - Sync 1 DAGs
[2025-10-10T09:40:21.793+0000] {logging_mixin.py:190} INFO - [2025-10-10T09:40:21.793+0000] {dag.py:4180} INFO - Setting next_dagrun for example_params_trigger_ui to None, run_after=None
[2025-10-10T09:40:21.801+0000] {processor.py:208} INFO - Processing /home/airflow/.local/lib/python3.12/site-packages/airflow/example_dags/example_params_trigger_ui.py took 0.039 seconds
[2025-10-10T09:40:53.021+0000] {processor.py:186} INFO - Started process (PID=380) to work on /home/airflow/.local/lib/python3.12/site-packages/airflow/example_dags/example_params_trigger_ui.py
[2025-10-10T09:40:53.022+0000] {processor.py:914} INFO - Processing file /home/airflow/.local/lib/python3.12/site-packages/airflow/example_dags/example_params_trigger_ui.py for tasks to queue
[2025-10-10T09:40:53.023+0000] {logging_mixin.py:190} INFO - [2025-10-10T09:40:53.022+0000] {dagbag.py:588} INFO - Filling up the DagBag from /home/airflow/.local/lib/python3.12/site-packages/airflow/example_dags/example_params_trigger_ui.py
[2025-10-10T09:40:53.027+0000] {processor.py:925} INFO - DAG(s) 'example_params_trigger_ui' retrieved from /home/airflow/.local/lib/python3.12/site-packages/airflow/example_dags/example_params_trigger_ui.py
[2025-10-10T09:40:53.042+0000] {logging_mixin.py:190} INFO - [2025-10-10T09:40:53.042+0000] {dag.py:3239} INFO - Sync 1 DAGs
[2025-10-10T09:40:53.048+0000] {logging_mixin.py:190} INFO - [2025-10-10T09:40:53.047+0000] {dag.py:4180} INFO - Setting next_dagrun for example_params_trigger_ui to None, run_after=None
[2025-10-10T09:40:53.056+0000] {processor.py:208} INFO - Processing /home/airflow/.local/lib/python3.12/site-packages/airflow/example_dags/example_params_trigger_ui.py took 0.037 seconds
[2025-10-10T09:41:24.192+0000] {processor.py:186} INFO - Started process (PID=444) to work on /home/airflow/.local/lib/python3.12/site-packages/airflow/example_dags/example_params_trigger_ui.py
[2025-10-10T09:41:24.193+0000] {processor.py:914} INFO - Processing file /home/airflow/.local/lib/python3.12/site-packages/airflow/example_dags/example_params_trigger_ui.py for tasks to queue
[2025-10-10T09:41:24.194+0000] {logging_mixin.py:190} INFO - [2025-10-10T09:41:24.194+0000] {dagbag.py:588} INFO - Filling up the DagBag from /home/airflow/.local/lib/python3.12/site-packages/airflow/example_dags/example_params_trigger_ui.py
[2025-10-10T09:41:24.198+0000] {processor.py:925} INFO - DAG(s) 'example_params_trigger_ui' retrieved from /home/airflow/.local/lib/python3.12/site-packages/airflow/example_dags/example_params_trigger_ui.py
[2025-10-10T09:41:24.211+0000] {logging_mixin.py:190} INFO - [2025-10-10T09:41:24.211+0000] {dag.py:3239} INFO - Sync 1 DAGs
[2025-10-10T09:41:24.215+0000] {logging_mixin.py:190} INFO - [2025-10-10T09:41:24.215+0000] {dag.py:4180} INFO - Setting next_dagrun for example_params_trigger_ui to None, run_after=None
[2025-10-10T09:41:24.223+0000] {processor.py:208} INFO - Processing /home/airflow/.local/lib/python3.12/site-packages/airflow/example_dags/example_params_trigger_ui.py took 0.032 seconds
[2025-10-10T09:41:55.372+0000] {processor.py:186} INFO - Started process (PID=508) to work on /home/airflow/.local/lib/python3.12/site-packages/airflow/example_dags/example_params_trigger_ui.py
[2025-10-10T09:41:55.372+0000] {processor.py:914} INFO - Processing file /home/airflow/.local/lib/python3.12/site-packages/airflow/example_dags/example_params_trigger_ui.py for tasks to queue
[2025-10-10T09:41:55.373+0000] {logging_mixin.py:190} INFO - [2025-10-10T09:41:55.373+0000] {dagbag.py:588} INFO - Filling up the DagBag from /home/airflow/.local/lib/python3.12/site-packages/airflow/example_dags/example_params_trigger_ui.py
[2025-10-10T09:41:55.378+0000] {processor.py:925} INFO - DAG(s) 'example_params_trigger_ui' retrieved from /home/airflow/.local/lib/python3.12/site-packages/airflow/example_dags/example_params_trigger_ui.py
[2025-10-10T09:41:55.395+0000] {logging_mixin.py:190} INFO - [2025-10-10T09:41:55.395+0000] {dag.py:3239} INFO - Sync 1 DAGs
[2025-10-10T09:41:55.401+0000] {logging_mixin.py:190} INFO - [2025-10-10T09:41:55.401+0000] {dag.py:4180} INFO - Setting next_dagrun for example_params_trigger_ui to None, run_after=None
[2025-10-10T09:41:55.408+0000] {processor.py:208} INFO - Processing /home/airflow/.local/lib/python3.12/site-packages/airflow/example_dags/example_params_trigger_ui.py took 0.038 seconds
[2025-10-10T09:42:26.450+0000] {processor.py:186} INFO - Started process (PID=572) to work on /home/airflow/.local/lib/python3.12/site-packages/airflow/example_dags/example_params_trigger_ui.py
[2025-10-10T09:42:26.451+0000] {processor.py:914} INFO - Processing file /home/airflow/.local/lib/python3.12/site-packages/airflow/example_dags/example_params_trigger_ui.py for tasks to queue
[2025-10-10T09:42:26.452+0000] {logging_mixin.py:190} INFO - [2025-10-10T09:42:26.452+0000] {dagbag.py:588} INFO - Filling up the DagBag from /home/airflow/.local/lib/python3.12/site-packages/airflow/example_dags/example_params_trigger_ui.py
[2025-10-10T09:42:26.457+0000] {processor.py:925} INFO - DAG(s) 'example_params_trigger_ui' retrieved from /home/airflow/.local/lib/python3.12/site-packages/airflow/example_dags/example_params_trigger_ui.py
[2025-10-10T09:42:26.470+0000] {logging_mixin.py:190} INFO - [2025-10-10T09:42:26.470+0000] {dag.py:3239} INFO - Sync 1 DAGs
[2025-10-10T09:42:26.474+0000] {logging_mixin.py:190} INFO - [2025-10-10T09:42:26.474+0000] {dag.py:4180} INFO - Setting next_dagrun for example_params_trigger_ui to None, run_after=None
[2025-10-10T09:42:26.483+0000] {processor.py:208} INFO - Processing /home/airflow/.local/lib/python3.12/site-packages/airflow/example_dags/example_params_trigger_ui.py took 0.034 seconds
[2025-10-10T09:42:57.702+0000] {processor.py:186} INFO - Started process (PID=636) to work on /home/airflow/.local/lib/python3.12/site-packages/airflow/example_dags/example_params_trigger_ui.py
[2025-10-10T09:42:57.703+0000] {processor.py:914} INFO - Processing file /home/airflow/.local/lib/python3.12/site-packages/airflow/example_dags/example_params_trigger_ui.py for tasks to queue
[2025-10-10T09:42:57.703+0000] {logging_mixin.py:190} INFO - [2025-10-10T09:42:57.703+0000] {dagbag.py:588} INFO - Filling up the DagBag from /home/airflow/.local/lib/python3.12/site-packages/airflow/example_dags/example_params_trigger_ui.py
[2025-10-10T09:42:57.708+0000] {processor.py:925} INFO - DAG(s) 'example_params_trigger_ui' retrieved from /home/airflow/.local/lib/python3.12/site-packages/airflow/example_dags/example_params_trigger_ui.py
[2025-10-10T09:42:57.723+0000] {logging_mixin.py:190} INFO - [2025-10-10T09:42:57.723+0000] {dag.py:3239} INFO - Sync 1 DAGs
[2025-10-10T09:42:57.728+0000] {logging_mixin.py:190} INFO - [2025-10-10T09:42:57.728+0000] {dag.py:4180} INFO - Setting next_dagrun for example_params_trigger_ui to None, run_after=None
[2025-10-10T09:42:57.735+0000] {processor.py:208} INFO - Processing /home/airflow/.local/lib/python3.12/site-packages/airflow/example_dags/example_params_trigger_ui.py took 0.035 seconds
[2025-10-10T09:43:28.805+0000] {processor.py:186} INFO - Started process (PID=700) to work on /home/airflow/.local/lib/python3.12/site-packages/airflow/example_dags/example_params_trigger_ui.py
[2025-10-10T09:43:28.805+0000] {processor.py:914} INFO - Processing file /home/airflow/.local/lib/python3.12/site-packages/airflow/example_dags/example_params_trigger_ui.py for tasks to queue
[2025-10-10T09:43:28.806+0000] {logging_mixin.py:190} INFO - [2025-10-10T09:43:28.806+0000] {dagbag.py:588} INFO - Filling up the DagBag from /home/airflow/.local/lib/python3.12/site-packages/airflow/example_dags/example_params_trigger_ui.py
[2025-10-10T09:43:28.809+0000] {processor.py:925} INFO - DAG(s) 'example_params_trigger_ui' retrieved from /home/airflow/.local/lib/python3.12/site-packages/airflow/example_dags/example_params_trigger_ui.py
[2025-10-10T09:43:28.821+0000] {logging_mixin.py:190} INFO - [2025-10-10T09:43:28.821+0000] {dag.py:3239} INFO - Sync 1 DAGs
[2025-10-10T09:43:28.825+0000] {logging_mixin.py:190} INFO - [2025-10-10T09:43:28.825+0000] {dag.py:4180} INFO - Setting next_dagrun for example_params_trigger_ui to None, run_after=None
[2025-10-10T09:43:28.830+0000] {processor.py:208} INFO - Processing /home/airflow/.local/lib/python3.12/site-packages/airflow/example_dags/example_params_trigger_ui.py took 0.027 seconds
[2025-10-10T09:44:09.377+0000] {processor.py:186} INFO - Started process (PID=67) to work on /home/airflow/.local/lib/python3.12/site-packages/airflow/example_dags/example_params_trigger_ui.py
[2025-10-10T09:44:09.378+0000] {processor.py:914} INFO - Processing file /home/airflow/.local/lib/python3.12/site-packages/airflow/example_dags/example_params_trigger_ui.py for tasks to queue
[2025-10-10T09:44:09.379+0000] {logging_mixin.py:190} INFO - [2025-10-10T09:44:09.378+0000] {dagbag.py:588} INFO - Filling up the DagBag from /home/airflow/.local/lib/python3.12/site-packages/airflow/example_dags/example_params_trigger_ui.py
[2025-10-10T09:44:09.384+0000] {processor.py:925} INFO - DAG(s) 'example_params_trigger_ui' retrieved from /home/airflow/.local/lib/python3.12/site-packages/airflow/example_dags/example_params_trigger_ui.py
[2025-10-10T09:44:09.401+0000] {logging_mixin.py:190} INFO - [2025-10-10T09:44:09.401+0000] {dag.py:3239} INFO - Sync 1 DAGs
[2025-10-10T09:44:09.407+0000] {logging_mixin.py:190} INFO - [2025-10-10T09:44:09.407+0000] {dag.py:4180} INFO - Setting next_dagrun for example_params_trigger_ui to None, run_after=None
[2025-10-10T09:44:09.416+0000] {processor.py:208} INFO - Processing /home/airflow/.local/lib/python3.12/site-packages/airflow/example_dags/example_params_trigger_ui.py took 0.042 seconds
[2025-10-10T09:44:39.643+0000] {processor.py:186} INFO - Started process (PID=131) to work on /home/airflow/.local/lib/python3.12/site-packages/airflow/example_dags/example_params_trigger_ui.py
[2025-10-10T09:44:39.644+0000] {processor.py:914} INFO - Processing file /home/airflow/.local/lib/python3.12/site-packages/airflow/example_dags/example_params_trigger_ui.py for tasks to queue
[2025-10-10T09:44:39.645+0000] {logging_mixin.py:190} INFO - [2025-10-10T09:44:39.645+0000] {dagbag.py:588} INFO - Filling up the DagBag from /home/airflow/.local/lib/python3.12/site-packages/airflow/example_dags/example_params_trigger_ui.py
[2025-10-10T09:44:39.649+0000] {processor.py:925} INFO - DAG(s) 'example_params_trigger_ui' retrieved from /home/airflow/.local/lib/python3.12/site-packages/airflow/example_dags/example_params_trigger_ui.py
[2025-10-10T09:44:39.663+0000] {logging_mixin.py:190} INFO - [2025-10-10T09:44:39.663+0000] {dag.py:3239} INFO - Sync 1 DAGs
[2025-10-10T09:44:39.667+0000] {logging_mixin.py:190} INFO - [2025-10-10T09:44:39.667+0000] {dag.py:4180} INFO - Setting next_dagrun for example_params_trigger_ui to None, run_after=None
[2025-10-10T09:44:39.675+0000] {processor.py:208} INFO - Processing /home/airflow/.local/lib/python3.12/site-packages/airflow/example_dags/example_params_trigger_ui.py took 0.034 seconds
[2025-10-10T09:45:10.727+0000] {processor.py:186} INFO - Started process (PID=195) to work on /home/airflow/.local/lib/python3.12/site-packages/airflow/example_dags/example_params_trigger_ui.py
[2025-10-10T09:45:10.728+0000] {processor.py:914} INFO - Processing file /home/airflow/.local/lib/python3.12/site-packages/airflow/example_dags/example_params_trigger_ui.py for tasks to queue
[2025-10-10T09:45:10.728+0000] {logging_mixin.py:190} INFO - [2025-10-10T09:45:10.728+0000] {dagbag.py:588} INFO - Filling up the DagBag from /home/airflow/.local/lib/python3.12/site-packages/airflow/example_dags/example_params_trigger_ui.py
[2025-10-10T09:45:10.732+0000] {processor.py:925} INFO - DAG(s) 'example_params_trigger_ui' retrieved from /home/airflow/.local/lib/python3.12/site-packages/airflow/example_dags/example_params_trigger_ui.py
[2025-10-10T09:45:10.746+0000] {logging_mixin.py:190} INFO - [2025-10-10T09:45:10.746+0000] {dag.py:3239} INFO - Sync 1 DAGs
[2025-10-10T09:45:10.751+0000] {logging_mixin.py:190} INFO - [2025-10-10T09:45:10.751+0000] {dag.py:4180} INFO - Setting next_dagrun for example_params_trigger_ui to None, run_after=None
[2025-10-10T09:45:10.758+0000] {processor.py:208} INFO - Processing /home/airflow/.local/lib/python3.12/site-packages/airflow/example_dags/example_params_trigger_ui.py took 0.033 seconds
[2025-10-10T09:45:41.703+0000] {processor.py:186} INFO - Started process (PID=267) to work on /home/airflow/.local/lib/python3.12/site-packages/airflow/example_dags/example_params_trigger_ui.py
[2025-10-10T09:45:41.703+0000] {processor.py:914} INFO - Processing file /home/airflow/.local/lib/python3.12/site-packages/airflow/example_dags/example_params_trigger_ui.py for tasks to queue
[2025-10-10T09:45:41.704+0000] {logging_mixin.py:190} INFO - [2025-10-10T09:45:41.704+0000] {dagbag.py:588} INFO - Filling up the DagBag from /home/airflow/.local/lib/python3.12/site-packages/airflow/example_dags/example_params_trigger_ui.py
[2025-10-10T09:45:41.708+0000] {processor.py:925} INFO - DAG(s) 'example_params_trigger_ui' retrieved from /home/airflow/.local/lib/python3.12/site-packages/airflow/example_dags/example_params_trigger_ui.py
[2025-10-10T09:45:41.723+0000] {logging_mixin.py:190} INFO - [2025-10-10T09:45:41.723+0000] {dag.py:3239} INFO - Sync 1 DAGs
[2025-10-10T09:45:41.728+0000] {logging_mixin.py:190} INFO - [2025-10-10T09:45:41.728+0000] {dag.py:4180} INFO - Setting next_dagrun for example_params_trigger_ui to None, run_after=None
[2025-10-10T09:45:41.735+0000] {processor.py:208} INFO - Processing /home/airflow/.local/lib/python3.12/site-packages/airflow/example_dags/example_params_trigger_ui.py took 0.035 seconds
[2025-10-10T09:46:12.726+0000] {processor.py:186} INFO - Started process (PID=331) to work on /home/airflow/.local/lib/python3.12/site-packages/airflow/example_dags/example_params_trigger_ui.py
[2025-10-10T09:46:12.727+0000] {processor.py:914} INFO - Processing file /home/airflow/.local/lib/python3.12/site-packages/airflow/example_dags/example_params_trigger_ui.py for tasks to queue
[2025-10-10T09:46:12.728+0000] {logging_mixin.py:190} INFO - [2025-10-10T09:46:12.728+0000] {dagbag.py:588} INFO - Filling up the DagBag from /home/airflow/.local/lib/python3.12/site-packages/airflow/example_dags/example_params_trigger_ui.py
[2025-10-10T09:46:12.732+0000] {processor.py:925} INFO - DAG(s) 'example_params_trigger_ui' retrieved from /home/airflow/.local/lib/python3.12/site-packages/airflow/example_dags/example_params_trigger_ui.py
[2025-10-10T09:46:12.747+0000] {logging_mixin.py:190} INFO - [2025-10-10T09:46:12.747+0000] {dag.py:3239} INFO - Sync 1 DAGs
[2025-10-10T09:46:12.754+0000] {logging_mixin.py:190} INFO - [2025-10-10T09:46:12.754+0000] {dag.py:4180} INFO - Setting next_dagrun for example_params_trigger_ui to None, run_after=None
[2025-10-10T09:46:12.761+0000] {processor.py:208} INFO - Processing /home/airflow/.local/lib/python3.12/site-packages/airflow/example_dags/example_params_trigger_ui.py took 0.037 seconds
[2025-10-10T09:46:43.809+0000] {processor.py:186} INFO - Started process (PID=395) to work on /home/airflow/.local/lib/python3.12/site-packages/airflow/example_dags/example_params_trigger_ui.py
[2025-10-10T09:46:43.809+0000] {processor.py:914} INFO - Processing file /home/airflow/.local/lib/python3.12/site-packages/airflow/example_dags/example_params_trigger_ui.py for tasks to queue
[2025-10-10T09:46:43.810+0000] {logging_mixin.py:190} INFO - [2025-10-10T09:46:43.810+0000] {dagbag.py:588} INFO - Filling up the DagBag from /home/airflow/.local/lib/python3.12/site-packages/airflow/example_dags/example_params_trigger_ui.py
[2025-10-10T09:46:43.815+0000] {processor.py:925} INFO - DAG(s) 'example_params_trigger_ui' retrieved from /home/airflow/.local/lib/python3.12/site-packages/airflow/example_dags/example_params_trigger_ui.py
[2025-10-10T09:46:43.832+0000] {logging_mixin.py:190} INFO - [2025-10-10T09:46:43.832+0000] {dag.py:3239} INFO - Sync 1 DAGs
[2025-10-10T09:46:43.837+0000] {logging_mixin.py:190} INFO - [2025-10-10T09:46:43.837+0000] {dag.py:4180} INFO - Setting next_dagrun for example_params_trigger_ui to None, run_after=None
[2025-10-10T09:46:43.843+0000] {processor.py:208} INFO - Processing /home/airflow/.local/lib/python3.12/site-packages/airflow/example_dags/example_params_trigger_ui.py took 0.037 seconds
[2025-10-10T09:47:14.813+0000] {processor.py:186} INFO - Started process (PID=459) to work on /home/airflow/.local/lib/python3.12/site-packages/airflow/example_dags/example_params_trigger_ui.py
[2025-10-10T09:47:14.815+0000] {processor.py:914} INFO - Processing file /home/airflow/.local/lib/python3.12/site-packages/airflow/example_dags/example_params_trigger_ui.py for tasks to queue
[2025-10-10T09:47:14.816+0000] {logging_mixin.py:190} INFO - [2025-10-10T09:47:14.816+0000] {dagbag.py:588} INFO - Filling up the DagBag from /home/airflow/.local/lib/python3.12/site-packages/airflow/example_dags/example_params_trigger_ui.py
[2025-10-10T09:47:14.820+0000] {processor.py:925} INFO - DAG(s) 'example_params_trigger_ui' retrieved from /home/airflow/.local/lib/python3.12/site-packages/airflow/example_dags/example_params_trigger_ui.py
[2025-10-10T09:47:14.837+0000] {logging_mixin.py:190} INFO - [2025-10-10T09:47:14.837+0000] {dag.py:3239} INFO - Sync 1 DAGs
[2025-10-10T09:47:14.843+0000] {logging_mixin.py:190} INFO - [2025-10-10T09:47:14.843+0000] {dag.py:4180} INFO - Setting next_dagrun for example_params_trigger_ui to None, run_after=None
[2025-10-10T09:47:14.848+0000] {processor.py:208} INFO - Processing /home/airflow/.local/lib/python3.12/site-packages/airflow/example_dags/example_params_trigger_ui.py took 0.037 seconds
[2025-10-10T09:47:45.880+0000] {processor.py:186} INFO - Started process (PID=523) to work on /home/airflow/.local/lib/python3.12/site-packages/airflow/example_dags/example_params_trigger_ui.py
[2025-10-10T09:47:45.880+0000] {processor.py:914} INFO - Processing file /home/airflow/.local/lib/python3.12/site-packages/airflow/example_dags/example_params_trigger_ui.py for tasks to queue
[2025-10-10T09:47:45.881+0000] {logging_mixin.py:190} INFO - [2025-10-10T09:47:45.881+0000] {dagbag.py:588} INFO - Filling up the DagBag from /home/airflow/.local/lib/python3.12/site-packages/airflow/example_dags/example_params_trigger_ui.py
[2025-10-10T09:47:45.886+0000] {processor.py:925} INFO - DAG(s) 'example_params_trigger_ui' retrieved from /home/airflow/.local/lib/python3.12/site-packages/airflow/example_dags/example_params_trigger_ui.py
[2025-10-10T09:47:45.904+0000] {logging_mixin.py:190} INFO - [2025-10-10T09:47:45.904+0000] {dag.py:3239} INFO - Sync 1 DAGs
[2025-10-10T09:47:45.909+0000] {logging_mixin.py:190} INFO - [2025-10-10T09:47:45.909+0000] {dag.py:4180} INFO - Setting next_dagrun for example_params_trigger_ui to None, run_after=None
[2025-10-10T09:47:45.918+0000] {processor.py:208} INFO - Processing /home/airflow/.local/lib/python3.12/site-packages/airflow/example_dags/example_params_trigger_ui.py took 0.040 seconds
[2025-10-10T09:48:17.106+0000] {processor.py:186} INFO - Started process (PID=587) to work on /home/airflow/.local/lib/python3.12/site-packages/airflow/example_dags/example_params_trigger_ui.py
[2025-10-10T09:48:17.106+0000] {processor.py:914} INFO - Processing file /home/airflow/.local/lib/python3.12/site-packages/airflow/example_dags/example_params_trigger_ui.py for tasks to queue
[2025-10-10T09:48:17.107+0000] {logging_mixin.py:190} INFO - [2025-10-10T09:48:17.107+0000] {dagbag.py:588} INFO - Filling up the DagBag from /home/airflow/.local/lib/python3.12/site-packages/airflow/example_dags/example_params_trigger_ui.py
[2025-10-10T09:48:17.112+0000] {processor.py:925} INFO - DAG(s) 'example_params_trigger_ui' retrieved from /home/airflow/.local/lib/python3.12/site-packages/airflow/example_dags/example_params_trigger_ui.py
[2025-10-10T09:48:17.127+0000] {logging_mixin.py:190} INFO - [2025-10-10T09:48:17.127+0000] {dag.py:3239} INFO - Sync 1 DAGs
[2025-10-10T09:48:17.133+0000] {logging_mixin.py:190} INFO - [2025-10-10T09:48:17.133+0000] {dag.py:4180} INFO - Setting next_dagrun for example_params_trigger_ui to None, run_after=None
[2025-10-10T09:48:17.139+0000] {processor.py:208} INFO - Processing /home/airflow/.local/lib/python3.12/site-packages/airflow/example_dags/example_params_trigger_ui.py took 0.036 seconds
[2025-10-10T09:48:47.364+0000] {processor.py:186} INFO - Started process (PID=651) to work on /home/airflow/.local/lib/python3.12/site-packages/airflow/example_dags/example_params_trigger_ui.py
[2025-10-10T09:48:47.365+0000] {processor.py:914} INFO - Processing file /home/airflow/.local/lib/python3.12/site-packages/airflow/example_dags/example_params_trigger_ui.py for tasks to queue
[2025-10-10T09:48:47.366+0000] {logging_mixin.py:190} INFO - [2025-10-10T09:48:47.366+0000] {dagbag.py:588} INFO - Filling up the DagBag from /home/airflow/.local/lib/python3.12/site-packages/airflow/example_dags/example_params_trigger_ui.py
[2025-10-10T09:48:47.373+0000] {processor.py:925} INFO - DAG(s) 'example_params_trigger_ui' retrieved from /home/airflow/.local/lib/python3.12/site-packages/airflow/example_dags/example_params_trigger_ui.py
[2025-10-10T09:48:47.389+0000] {logging_mixin.py:190} INFO - [2025-10-10T09:48:47.389+0000] {dag.py:3239} INFO - Sync 1 DAGs
[2025-10-10T09:48:47.395+0000] {logging_mixin.py:190} INFO - [2025-10-10T09:48:47.395+0000] {dag.py:4180} INFO - Setting next_dagrun for example_params_trigger_ui to None, run_after=None
[2025-10-10T09:48:47.401+0000] {processor.py:208} INFO - Processing /home/airflow/.local/lib/python3.12/site-packages/airflow/example_dags/example_params_trigger_ui.py took 0.039 seconds
