[2025-10-10T09:36:19.832+0000] {processor.py:186} INFO - Started process (PID=45) to work on /home/airflow/.local/lib/python3.12/site-packages/airflow/example_dags/example_branch_operator.py
[2025-10-10T09:36:19.832+0000] {processor.py:914} INFO - Processing file /home/airflow/.local/lib/python3.12/site-packages/airflow/example_dags/example_branch_operator.py for tasks to queue
[2025-10-10T09:36:19.833+0000] {logging_mixin.py:190} INFO - [2025-10-10T09:36:19.833+0000] {dagbag.py:588} INFO - Filling up the DagBag from /home/airflow/.local/lib/python3.12/site-packages/airflow/example_dags/example_branch_operator.py
[2025-10-10T09:36:19.857+0000] {processor.py:925} INFO - DAG(s) 'example_branch_operator' retrieved from /home/airflow/.local/lib/python3.12/site-packages/airflow/example_dags/example_branch_operator.py
[2025-10-10T09:36:19.932+0000] {logging_mixin.py:190} INFO - [2025-10-10T09:36:19.931+0000] {override.py:1911} INFO - Created Permission View: can edit on DAG:example_branch_operator
[2025-10-10T09:36:19.937+0000] {logging_mixin.py:190} INFO - [2025-10-10T09:36:19.937+0000] {override.py:1911} INFO - Created Permission View: can read on DAG:example_branch_operator
[2025-10-10T09:36:19.940+0000] {logging_mixin.py:190} INFO - [2025-10-10T09:36:19.940+0000] {override.py:1911} INFO - Created Permission View: can delete on DAG:example_branch_operator
[2025-10-10T09:36:19.946+0000] {logging_mixin.py:190} INFO - [2025-10-10T09:36:19.946+0000] {override.py:1911} INFO - Created Permission View: can read on DAG Run:example_branch_operator
[2025-10-10T09:36:19.949+0000] {logging_mixin.py:190} INFO - [2025-10-10T09:36:19.949+0000] {override.py:1911} INFO - Created Permission View: menu access on DAG Run:example_branch_operator
[2025-10-10T09:36:19.951+0000] {logging_mixin.py:190} INFO - [2025-10-10T09:36:19.951+0000] {override.py:1911} INFO - Created Permission View: can delete on DAG Run:example_branch_operator
[2025-10-10T09:36:19.954+0000] {logging_mixin.py:190} INFO - [2025-10-10T09:36:19.954+0000] {override.py:1911} INFO - Created Permission View: can create on DAG Run:example_branch_operator
[2025-10-10T09:36:19.954+0000] {logging_mixin.py:190} INFO - [2025-10-10T09:36:19.954+0000] {dag.py:3239} INFO - Sync 1 DAGs
[2025-10-10T09:36:19.959+0000] {logging_mixin.py:190} INFO - [2025-10-10T09:36:19.959+0000] {dag.py:3262} INFO - Creating ORM DAG for example_branch_operator
[2025-10-10T09:36:19.963+0000] {logging_mixin.py:190} INFO - [2025-10-10T09:36:19.963+0000] {dag.py:4180} INFO - Setting next_dagrun for example_branch_operator to 2025-10-09 00:00:00+00:00, run_after=2025-10-10 00:00:00+00:00
[2025-10-10T09:36:19.970+0000] {processor.py:208} INFO - Processing /home/airflow/.local/lib/python3.12/site-packages/airflow/example_dags/example_branch_operator.py took 0.140 seconds
[2025-10-10T09:36:50.576+0000] {processor.py:186} INFO - Started process (PID=112) to work on /home/airflow/.local/lib/python3.12/site-packages/airflow/example_dags/example_branch_operator.py
[2025-10-10T09:36:50.577+0000] {processor.py:914} INFO - Processing file /home/airflow/.local/lib/python3.12/site-packages/airflow/example_dags/example_branch_operator.py for tasks to queue
[2025-10-10T09:36:50.578+0000] {logging_mixin.py:190} INFO - [2025-10-10T09:36:50.577+0000] {dagbag.py:588} INFO - Filling up the DagBag from /home/airflow/.local/lib/python3.12/site-packages/airflow/example_dags/example_branch_operator.py
[2025-10-10T09:36:50.585+0000] {processor.py:925} INFO - DAG(s) 'example_branch_operator' retrieved from /home/airflow/.local/lib/python3.12/site-packages/airflow/example_dags/example_branch_operator.py
[2025-10-10T09:36:50.595+0000] {logging_mixin.py:190} INFO - [2025-10-10T09:36:50.594+0000] {dag.py:3239} INFO - Sync 1 DAGs
[2025-10-10T09:36:50.601+0000] {logging_mixin.py:190} INFO - [2025-10-10T09:36:50.601+0000] {dag.py:4180} INFO - Setting next_dagrun for example_branch_operator to 2025-10-09 00:00:00+00:00, run_after=2025-10-10 00:00:00+00:00
[2025-10-10T09:36:50.606+0000] {processor.py:208} INFO - Processing /home/airflow/.local/lib/python3.12/site-packages/airflow/example_dags/example_branch_operator.py took 0.032 seconds
[2025-10-10T09:37:20.712+0000] {processor.py:186} INFO - Started process (PID=175) to work on /home/airflow/.local/lib/python3.12/site-packages/airflow/example_dags/example_branch_operator.py
[2025-10-10T09:37:20.713+0000] {processor.py:914} INFO - Processing file /home/airflow/.local/lib/python3.12/site-packages/airflow/example_dags/example_branch_operator.py for tasks to queue
[2025-10-10T09:37:20.714+0000] {logging_mixin.py:190} INFO - [2025-10-10T09:37:20.714+0000] {dagbag.py:588} INFO - Filling up the DagBag from /home/airflow/.local/lib/python3.12/site-packages/airflow/example_dags/example_branch_operator.py
[2025-10-10T09:37:20.720+0000] {processor.py:925} INFO - DAG(s) 'example_branch_operator' retrieved from /home/airflow/.local/lib/python3.12/site-packages/airflow/example_dags/example_branch_operator.py
[2025-10-10T09:37:20.730+0000] {logging_mixin.py:190} INFO - [2025-10-10T09:37:20.729+0000] {dag.py:3239} INFO - Sync 1 DAGs
[2025-10-10T09:37:20.736+0000] {logging_mixin.py:190} INFO - [2025-10-10T09:37:20.736+0000] {dag.py:4180} INFO - Setting next_dagrun for example_branch_operator to 2025-10-09 00:00:00+00:00, run_after=2025-10-10 00:00:00+00:00
[2025-10-10T09:37:20.741+0000] {processor.py:208} INFO - Processing /home/airflow/.local/lib/python3.12/site-packages/airflow/example_dags/example_branch_operator.py took 0.031 seconds
[2025-10-10T09:37:51.015+0000] {processor.py:186} INFO - Started process (PID=238) to work on /home/airflow/.local/lib/python3.12/site-packages/airflow/example_dags/example_branch_operator.py
[2025-10-10T09:37:51.015+0000] {processor.py:914} INFO - Processing file /home/airflow/.local/lib/python3.12/site-packages/airflow/example_dags/example_branch_operator.py for tasks to queue
[2025-10-10T09:37:51.016+0000] {logging_mixin.py:190} INFO - [2025-10-10T09:37:51.016+0000] {dagbag.py:588} INFO - Filling up the DagBag from /home/airflow/.local/lib/python3.12/site-packages/airflow/example_dags/example_branch_operator.py
[2025-10-10T09:37:51.024+0000] {processor.py:925} INFO - DAG(s) 'example_branch_operator' retrieved from /home/airflow/.local/lib/python3.12/site-packages/airflow/example_dags/example_branch_operator.py
[2025-10-10T09:37:51.033+0000] {logging_mixin.py:190} INFO - [2025-10-10T09:37:51.033+0000] {dag.py:3239} INFO - Sync 1 DAGs
[2025-10-10T09:37:51.040+0000] {logging_mixin.py:190} INFO - [2025-10-10T09:37:51.040+0000] {dag.py:4180} INFO - Setting next_dagrun for example_branch_operator to 2025-10-09 00:00:00+00:00, run_after=2025-10-10 00:00:00+00:00
[2025-10-10T09:37:51.045+0000] {processor.py:208} INFO - Processing /home/airflow/.local/lib/python3.12/site-packages/airflow/example_dags/example_branch_operator.py took 0.033 seconds
[2025-10-10T09:38:16.692+0000] {processor.py:186} INFO - Started process (PID=40) to work on /home/airflow/.local/lib/python3.12/site-packages/airflow/example_dags/example_branch_operator.py
[2025-10-10T09:38:16.692+0000] {processor.py:914} INFO - Processing file /home/airflow/.local/lib/python3.12/site-packages/airflow/example_dags/example_branch_operator.py for tasks to queue
[2025-10-10T09:38:16.693+0000] {logging_mixin.py:190} INFO - [2025-10-10T09:38:16.693+0000] {dagbag.py:588} INFO - Filling up the DagBag from /home/airflow/.local/lib/python3.12/site-packages/airflow/example_dags/example_branch_operator.py
[2025-10-10T09:38:16.701+0000] {processor.py:925} INFO - DAG(s) 'example_branch_operator' retrieved from /home/airflow/.local/lib/python3.12/site-packages/airflow/example_dags/example_branch_operator.py
[2025-10-10T09:38:16.744+0000] {logging_mixin.py:190} INFO - [2025-10-10T09:38:16.744+0000] {dag.py:3239} INFO - Sync 1 DAGs
[2025-10-10T09:38:16.750+0000] {logging_mixin.py:190} INFO - [2025-10-10T09:38:16.750+0000] {dag.py:4180} INFO - Setting next_dagrun for example_branch_operator to 2025-10-09 00:00:00+00:00, run_after=2025-10-10 00:00:00+00:00
[2025-10-10T09:38:16.756+0000] {processor.py:208} INFO - Processing /home/airflow/.local/lib/python3.12/site-packages/airflow/example_dags/example_branch_operator.py took 0.067 seconds
[2025-10-10T09:38:47.766+0000] {processor.py:186} INFO - Started process (PID=110) to work on /home/airflow/.local/lib/python3.12/site-packages/airflow/example_dags/example_branch_operator.py
[2025-10-10T09:38:47.769+0000] {processor.py:914} INFO - Processing file /home/airflow/.local/lib/python3.12/site-packages/airflow/example_dags/example_branch_operator.py for tasks to queue
[2025-10-10T09:38:47.773+0000] {logging_mixin.py:190} INFO - [2025-10-10T09:38:47.772+0000] {dagbag.py:588} INFO - Filling up the DagBag from /home/airflow/.local/lib/python3.12/site-packages/airflow/example_dags/example_branch_operator.py
[2025-10-10T09:38:47.783+0000] {processor.py:925} INFO - DAG(s) 'example_branch_operator' retrieved from /home/airflow/.local/lib/python3.12/site-packages/airflow/example_dags/example_branch_operator.py
[2025-10-10T09:38:47.802+0000] {logging_mixin.py:190} INFO - [2025-10-10T09:38:47.802+0000] {dag.py:3239} INFO - Sync 1 DAGs
[2025-10-10T09:38:47.811+0000] {logging_mixin.py:190} INFO - [2025-10-10T09:38:47.811+0000] {dag.py:4180} INFO - Setting next_dagrun for example_branch_operator to 2025-10-09 00:00:00+00:00, run_after=2025-10-10 00:00:00+00:00
[2025-10-10T09:38:47.819+0000] {processor.py:208} INFO - Processing /home/airflow/.local/lib/python3.12/site-packages/airflow/example_dags/example_branch_operator.py took 0.059 seconds
[2025-10-10T09:39:18.834+0000] {processor.py:186} INFO - Started process (PID=174) to work on /home/airflow/.local/lib/python3.12/site-packages/airflow/example_dags/example_branch_operator.py
[2025-10-10T09:39:18.838+0000] {processor.py:914} INFO - Processing file /home/airflow/.local/lib/python3.12/site-packages/airflow/example_dags/example_branch_operator.py for tasks to queue
[2025-10-10T09:39:18.841+0000] {logging_mixin.py:190} INFO - [2025-10-10T09:39:18.841+0000] {dagbag.py:588} INFO - Filling up the DagBag from /home/airflow/.local/lib/python3.12/site-packages/airflow/example_dags/example_branch_operator.py
[2025-10-10T09:39:18.855+0000] {processor.py:925} INFO - DAG(s) 'example_branch_operator' retrieved from /home/airflow/.local/lib/python3.12/site-packages/airflow/example_dags/example_branch_operator.py
[2025-10-10T09:39:18.870+0000] {logging_mixin.py:190} INFO - [2025-10-10T09:39:18.870+0000] {dag.py:3239} INFO - Sync 1 DAGs
[2025-10-10T09:39:18.881+0000] {logging_mixin.py:190} INFO - [2025-10-10T09:39:18.881+0000] {dag.py:4180} INFO - Setting next_dagrun for example_branch_operator to 2025-10-09 00:00:00+00:00, run_after=2025-10-10 00:00:00+00:00
[2025-10-10T09:39:18.888+0000] {processor.py:208} INFO - Processing /home/airflow/.local/lib/python3.12/site-packages/airflow/example_dags/example_branch_operator.py took 0.058 seconds
[2025-10-10T09:39:48.956+0000] {processor.py:186} INFO - Started process (PID=237) to work on /home/airflow/.local/lib/python3.12/site-packages/airflow/example_dags/example_branch_operator.py
[2025-10-10T09:39:48.959+0000] {processor.py:914} INFO - Processing file /home/airflow/.local/lib/python3.12/site-packages/airflow/example_dags/example_branch_operator.py for tasks to queue
[2025-10-10T09:39:48.961+0000] {logging_mixin.py:190} INFO - [2025-10-10T09:39:48.961+0000] {dagbag.py:588} INFO - Filling up the DagBag from /home/airflow/.local/lib/python3.12/site-packages/airflow/example_dags/example_branch_operator.py
[2025-10-10T09:39:48.975+0000] {processor.py:925} INFO - DAG(s) 'example_branch_operator' retrieved from /home/airflow/.local/lib/python3.12/site-packages/airflow/example_dags/example_branch_operator.py
[2025-10-10T09:39:48.990+0000] {logging_mixin.py:190} INFO - [2025-10-10T09:39:48.990+0000] {dag.py:3239} INFO - Sync 1 DAGs
[2025-10-10T09:39:49.001+0000] {logging_mixin.py:190} INFO - [2025-10-10T09:39:49.001+0000] {dag.py:4180} INFO - Setting next_dagrun for example_branch_operator to 2025-10-09 00:00:00+00:00, run_after=2025-10-10 00:00:00+00:00
[2025-10-10T09:39:49.007+0000] {processor.py:208} INFO - Processing /home/airflow/.local/lib/python3.12/site-packages/airflow/example_dags/example_branch_operator.py took 0.058 seconds
[2025-10-10T09:40:19.116+0000] {processor.py:186} INFO - Started process (PID=301) to work on /home/airflow/.local/lib/python3.12/site-packages/airflow/example_dags/example_branch_operator.py
[2025-10-10T09:40:19.119+0000] {processor.py:914} INFO - Processing file /home/airflow/.local/lib/python3.12/site-packages/airflow/example_dags/example_branch_operator.py for tasks to queue
[2025-10-10T09:40:19.121+0000] {logging_mixin.py:190} INFO - [2025-10-10T09:40:19.121+0000] {dagbag.py:588} INFO - Filling up the DagBag from /home/airflow/.local/lib/python3.12/site-packages/airflow/example_dags/example_branch_operator.py
[2025-10-10T09:40:19.134+0000] {processor.py:925} INFO - DAG(s) 'example_branch_operator' retrieved from /home/airflow/.local/lib/python3.12/site-packages/airflow/example_dags/example_branch_operator.py
[2025-10-10T09:40:19.150+0000] {logging_mixin.py:190} INFO - [2025-10-10T09:40:19.150+0000] {dag.py:3239} INFO - Sync 1 DAGs
[2025-10-10T09:40:19.160+0000] {logging_mixin.py:190} INFO - [2025-10-10T09:40:19.160+0000] {dag.py:4180} INFO - Setting next_dagrun for example_branch_operator to 2025-10-09 00:00:00+00:00, run_after=2025-10-10 00:00:00+00:00
[2025-10-10T09:40:19.167+0000] {processor.py:208} INFO - Processing /home/airflow/.local/lib/python3.12/site-packages/airflow/example_dags/example_branch_operator.py took 0.057 seconds
[2025-10-10T09:40:49.348+0000] {processor.py:186} INFO - Started process (PID=365) to work on /home/airflow/.local/lib/python3.12/site-packages/airflow/example_dags/example_branch_operator.py
[2025-10-10T09:40:49.351+0000] {processor.py:914} INFO - Processing file /home/airflow/.local/lib/python3.12/site-packages/airflow/example_dags/example_branch_operator.py for tasks to queue
[2025-10-10T09:40:49.353+0000] {logging_mixin.py:190} INFO - [2025-10-10T09:40:49.353+0000] {dagbag.py:588} INFO - Filling up the DagBag from /home/airflow/.local/lib/python3.12/site-packages/airflow/example_dags/example_branch_operator.py
[2025-10-10T09:40:49.368+0000] {processor.py:925} INFO - DAG(s) 'example_branch_operator' retrieved from /home/airflow/.local/lib/python3.12/site-packages/airflow/example_dags/example_branch_operator.py
[2025-10-10T09:40:49.383+0000] {logging_mixin.py:190} INFO - [2025-10-10T09:40:49.383+0000] {dag.py:3239} INFO - Sync 1 DAGs
[2025-10-10T09:40:49.392+0000] {logging_mixin.py:190} INFO - [2025-10-10T09:40:49.392+0000] {dag.py:4180} INFO - Setting next_dagrun for example_branch_operator to 2025-10-09 00:00:00+00:00, run_after=2025-10-10 00:00:00+00:00
[2025-10-10T09:40:49.400+0000] {processor.py:208} INFO - Processing /home/airflow/.local/lib/python3.12/site-packages/airflow/example_dags/example_branch_operator.py took 0.059 seconds
[2025-10-10T09:41:19.537+0000] {processor.py:186} INFO - Started process (PID=429) to work on /home/airflow/.local/lib/python3.12/site-packages/airflow/example_dags/example_branch_operator.py
[2025-10-10T09:41:19.538+0000] {processor.py:914} INFO - Processing file /home/airflow/.local/lib/python3.12/site-packages/airflow/example_dags/example_branch_operator.py for tasks to queue
[2025-10-10T09:41:19.540+0000] {logging_mixin.py:190} INFO - [2025-10-10T09:41:19.540+0000] {dagbag.py:588} INFO - Filling up the DagBag from /home/airflow/.local/lib/python3.12/site-packages/airflow/example_dags/example_branch_operator.py
[2025-10-10T09:41:19.553+0000] {processor.py:925} INFO - DAG(s) 'example_branch_operator' retrieved from /home/airflow/.local/lib/python3.12/site-packages/airflow/example_dags/example_branch_operator.py
[2025-10-10T09:41:19.567+0000] {logging_mixin.py:190} INFO - [2025-10-10T09:41:19.567+0000] {dag.py:3239} INFO - Sync 1 DAGs
[2025-10-10T09:41:19.577+0000] {logging_mixin.py:190} INFO - [2025-10-10T09:41:19.576+0000] {dag.py:4180} INFO - Setting next_dagrun for example_branch_operator to 2025-10-09 00:00:00+00:00, run_after=2025-10-10 00:00:00+00:00
[2025-10-10T09:41:19.586+0000] {processor.py:208} INFO - Processing /home/airflow/.local/lib/python3.12/site-packages/airflow/example_dags/example_branch_operator.py took 0.055 seconds
[2025-10-10T09:41:49.651+0000] {processor.py:186} INFO - Started process (PID=493) to work on /home/airflow/.local/lib/python3.12/site-packages/airflow/example_dags/example_branch_operator.py
[2025-10-10T09:41:49.652+0000] {processor.py:914} INFO - Processing file /home/airflow/.local/lib/python3.12/site-packages/airflow/example_dags/example_branch_operator.py for tasks to queue
[2025-10-10T09:41:49.655+0000] {logging_mixin.py:190} INFO - [2025-10-10T09:41:49.654+0000] {dagbag.py:588} INFO - Filling up the DagBag from /home/airflow/.local/lib/python3.12/site-packages/airflow/example_dags/example_branch_operator.py
[2025-10-10T09:41:49.668+0000] {processor.py:925} INFO - DAG(s) 'example_branch_operator' retrieved from /home/airflow/.local/lib/python3.12/site-packages/airflow/example_dags/example_branch_operator.py
[2025-10-10T09:41:49.682+0000] {logging_mixin.py:190} INFO - [2025-10-10T09:41:49.682+0000] {dag.py:3239} INFO - Sync 1 DAGs
[2025-10-10T09:41:49.692+0000] {logging_mixin.py:190} INFO - [2025-10-10T09:41:49.692+0000] {dag.py:4180} INFO - Setting next_dagrun for example_branch_operator to 2025-10-09 00:00:00+00:00, run_after=2025-10-10 00:00:00+00:00
[2025-10-10T09:41:49.702+0000] {processor.py:208} INFO - Processing /home/airflow/.local/lib/python3.12/site-packages/airflow/example_dags/example_branch_operator.py took 0.057 seconds
[2025-10-10T09:42:19.858+0000] {processor.py:186} INFO - Started process (PID=557) to work on /home/airflow/.local/lib/python3.12/site-packages/airflow/example_dags/example_branch_operator.py
[2025-10-10T09:42:19.858+0000] {processor.py:914} INFO - Processing file /home/airflow/.local/lib/python3.12/site-packages/airflow/example_dags/example_branch_operator.py for tasks to queue
[2025-10-10T09:42:19.860+0000] {logging_mixin.py:190} INFO - [2025-10-10T09:42:19.860+0000] {dagbag.py:588} INFO - Filling up the DagBag from /home/airflow/.local/lib/python3.12/site-packages/airflow/example_dags/example_branch_operator.py
[2025-10-10T09:42:19.874+0000] {processor.py:925} INFO - DAG(s) 'example_branch_operator' retrieved from /home/airflow/.local/lib/python3.12/site-packages/airflow/example_dags/example_branch_operator.py
[2025-10-10T09:42:19.891+0000] {logging_mixin.py:190} INFO - [2025-10-10T09:42:19.891+0000] {dag.py:3239} INFO - Sync 1 DAGs
[2025-10-10T09:42:19.904+0000] {logging_mixin.py:190} INFO - [2025-10-10T09:42:19.904+0000] {dag.py:4180} INFO - Setting next_dagrun for example_branch_operator to 2025-10-09 00:00:00+00:00, run_after=2025-10-10 00:00:00+00:00
[2025-10-10T09:42:19.914+0000] {processor.py:208} INFO - Processing /home/airflow/.local/lib/python3.12/site-packages/airflow/example_dags/example_branch_operator.py took 0.062 seconds
[2025-10-10T09:42:50.912+0000] {processor.py:186} INFO - Started process (PID=621) to work on /home/airflow/.local/lib/python3.12/site-packages/airflow/example_dags/example_branch_operator.py
[2025-10-10T09:42:50.915+0000] {processor.py:914} INFO - Processing file /home/airflow/.local/lib/python3.12/site-packages/airflow/example_dags/example_branch_operator.py for tasks to queue
[2025-10-10T09:42:50.917+0000] {logging_mixin.py:190} INFO - [2025-10-10T09:42:50.917+0000] {dagbag.py:588} INFO - Filling up the DagBag from /home/airflow/.local/lib/python3.12/site-packages/airflow/example_dags/example_branch_operator.py
[2025-10-10T09:42:50.931+0000] {processor.py:925} INFO - DAG(s) 'example_branch_operator' retrieved from /home/airflow/.local/lib/python3.12/site-packages/airflow/example_dags/example_branch_operator.py
[2025-10-10T09:42:50.946+0000] {logging_mixin.py:190} INFO - [2025-10-10T09:42:50.946+0000] {dag.py:3239} INFO - Sync 1 DAGs
[2025-10-10T09:42:50.956+0000] {logging_mixin.py:190} INFO - [2025-10-10T09:42:50.956+0000] {dag.py:4180} INFO - Setting next_dagrun for example_branch_operator to 2025-10-09 00:00:00+00:00, run_after=2025-10-10 00:00:00+00:00
[2025-10-10T09:42:50.962+0000] {processor.py:208} INFO - Processing /home/airflow/.local/lib/python3.12/site-packages/airflow/example_dags/example_branch_operator.py took 0.057 seconds
[2025-10-10T09:43:21.205+0000] {processor.py:186} INFO - Started process (PID=685) to work on /home/airflow/.local/lib/python3.12/site-packages/airflow/example_dags/example_branch_operator.py
[2025-10-10T09:43:21.206+0000] {processor.py:914} INFO - Processing file /home/airflow/.local/lib/python3.12/site-packages/airflow/example_dags/example_branch_operator.py for tasks to queue
[2025-10-10T09:43:21.208+0000] {logging_mixin.py:190} INFO - [2025-10-10T09:43:21.208+0000] {dagbag.py:588} INFO - Filling up the DagBag from /home/airflow/.local/lib/python3.12/site-packages/airflow/example_dags/example_branch_operator.py
[2025-10-10T09:43:21.224+0000] {processor.py:925} INFO - DAG(s) 'example_branch_operator' retrieved from /home/airflow/.local/lib/python3.12/site-packages/airflow/example_dags/example_branch_operator.py
[2025-10-10T09:43:21.240+0000] {logging_mixin.py:190} INFO - [2025-10-10T09:43:21.240+0000] {dag.py:3239} INFO - Sync 1 DAGs
[2025-10-10T09:43:21.250+0000] {logging_mixin.py:190} INFO - [2025-10-10T09:43:21.250+0000] {dag.py:4180} INFO - Setting next_dagrun for example_branch_operator to 2025-10-09 00:00:00+00:00, run_after=2025-10-10 00:00:00+00:00
[2025-10-10T09:43:21.258+0000] {processor.py:208} INFO - Processing /home/airflow/.local/lib/python3.12/site-packages/airflow/example_dags/example_branch_operator.py took 0.059 seconds
[2025-10-10T09:44:08.373+0000] {processor.py:186} INFO - Started process (PID=46) to work on /home/airflow/.local/lib/python3.12/site-packages/airflow/example_dags/example_branch_operator.py
[2025-10-10T09:44:08.373+0000] {processor.py:914} INFO - Processing file /home/airflow/.local/lib/python3.12/site-packages/airflow/example_dags/example_branch_operator.py for tasks to queue
[2025-10-10T09:44:08.374+0000] {logging_mixin.py:190} INFO - [2025-10-10T09:44:08.374+0000] {dagbag.py:588} INFO - Filling up the DagBag from /home/airflow/.local/lib/python3.12/site-packages/airflow/example_dags/example_branch_operator.py
[2025-10-10T09:44:08.386+0000] {processor.py:925} INFO - DAG(s) 'example_branch_operator' retrieved from /home/airflow/.local/lib/python3.12/site-packages/airflow/example_dags/example_branch_operator.py
[2025-10-10T09:44:08.511+0000] {logging_mixin.py:190} INFO - [2025-10-10T09:44:08.511+0000] {dag.py:3239} INFO - Sync 1 DAGs
[2025-10-10T09:44:08.520+0000] {logging_mixin.py:190} INFO - [2025-10-10T09:44:08.520+0000] {dag.py:4180} INFO - Setting next_dagrun for example_branch_operator to 2025-10-09 00:00:00+00:00, run_after=2025-10-10 00:00:00+00:00
[2025-10-10T09:44:08.527+0000] {processor.py:208} INFO - Processing /home/airflow/.local/lib/python3.12/site-packages/airflow/example_dags/example_branch_operator.py took 0.157 seconds
[2025-10-10T09:44:39.100+0000] {processor.py:186} INFO - Started process (PID=116) to work on /home/airflow/.local/lib/python3.12/site-packages/airflow/example_dags/example_branch_operator.py
[2025-10-10T09:44:39.100+0000] {processor.py:914} INFO - Processing file /home/airflow/.local/lib/python3.12/site-packages/airflow/example_dags/example_branch_operator.py for tasks to queue
[2025-10-10T09:44:39.101+0000] {logging_mixin.py:190} INFO - [2025-10-10T09:44:39.101+0000] {dagbag.py:588} INFO - Filling up the DagBag from /home/airflow/.local/lib/python3.12/site-packages/airflow/example_dags/example_branch_operator.py
[2025-10-10T09:44:39.108+0000] {processor.py:925} INFO - DAG(s) 'example_branch_operator' retrieved from /home/airflow/.local/lib/python3.12/site-packages/airflow/example_dags/example_branch_operator.py
[2025-10-10T09:44:39.119+0000] {logging_mixin.py:190} INFO - [2025-10-10T09:44:39.119+0000] {dag.py:3239} INFO - Sync 1 DAGs
[2025-10-10T09:44:39.131+0000] {logging_mixin.py:190} INFO - [2025-10-10T09:44:39.131+0000] {dag.py:4180} INFO - Setting next_dagrun for example_branch_operator to 2025-10-09 00:00:00+00:00, run_after=2025-10-10 00:00:00+00:00
[2025-10-10T09:44:39.138+0000] {processor.py:208} INFO - Processing /home/airflow/.local/lib/python3.12/site-packages/airflow/example_dags/example_branch_operator.py took 0.040 seconds
[2025-10-10T09:45:10.213+0000] {processor.py:186} INFO - Started process (PID=181) to work on /home/airflow/.local/lib/python3.12/site-packages/airflow/example_dags/example_branch_operator.py
[2025-10-10T09:45:10.214+0000] {processor.py:914} INFO - Processing file /home/airflow/.local/lib/python3.12/site-packages/airflow/example_dags/example_branch_operator.py for tasks to queue
[2025-10-10T09:45:10.215+0000] {logging_mixin.py:190} INFO - [2025-10-10T09:45:10.214+0000] {dagbag.py:588} INFO - Filling up the DagBag from /home/airflow/.local/lib/python3.12/site-packages/airflow/example_dags/example_branch_operator.py
[2025-10-10T09:45:10.222+0000] {processor.py:925} INFO - DAG(s) 'example_branch_operator' retrieved from /home/airflow/.local/lib/python3.12/site-packages/airflow/example_dags/example_branch_operator.py
[2025-10-10T09:45:10.233+0000] {logging_mixin.py:190} INFO - [2025-10-10T09:45:10.232+0000] {dag.py:3239} INFO - Sync 1 DAGs
[2025-10-10T09:45:10.241+0000] {logging_mixin.py:190} INFO - [2025-10-10T09:45:10.240+0000] {dag.py:4180} INFO - Setting next_dagrun for example_branch_operator to 2025-10-09 00:00:00+00:00, run_after=2025-10-10 00:00:00+00:00
[2025-10-10T09:45:10.247+0000] {processor.py:208} INFO - Processing /home/airflow/.local/lib/python3.12/site-packages/airflow/example_dags/example_branch_operator.py took 0.036 seconds
[2025-10-10T09:45:41.245+0000] {processor.py:186} INFO - Started process (PID=253) to work on /home/airflow/.local/lib/python3.12/site-packages/airflow/example_dags/example_branch_operator.py
[2025-10-10T09:45:41.245+0000] {processor.py:914} INFO - Processing file /home/airflow/.local/lib/python3.12/site-packages/airflow/example_dags/example_branch_operator.py for tasks to queue
[2025-10-10T09:45:41.246+0000] {logging_mixin.py:190} INFO - [2025-10-10T09:45:41.246+0000] {dagbag.py:588} INFO - Filling up the DagBag from /home/airflow/.local/lib/python3.12/site-packages/airflow/example_dags/example_branch_operator.py
[2025-10-10T09:45:41.253+0000] {processor.py:925} INFO - DAG(s) 'example_branch_operator' retrieved from /home/airflow/.local/lib/python3.12/site-packages/airflow/example_dags/example_branch_operator.py
[2025-10-10T09:45:41.263+0000] {logging_mixin.py:190} INFO - [2025-10-10T09:45:41.263+0000] {dag.py:3239} INFO - Sync 1 DAGs
[2025-10-10T09:45:41.272+0000] {logging_mixin.py:190} INFO - [2025-10-10T09:45:41.272+0000] {dag.py:4180} INFO - Setting next_dagrun for example_branch_operator to 2025-10-09 00:00:00+00:00, run_after=2025-10-10 00:00:00+00:00
[2025-10-10T09:45:41.278+0000] {processor.py:208} INFO - Processing /home/airflow/.local/lib/python3.12/site-packages/airflow/example_dags/example_branch_operator.py took 0.035 seconds
[2025-10-10T09:46:12.233+0000] {processor.py:186} INFO - Started process (PID=317) to work on /home/airflow/.local/lib/python3.12/site-packages/airflow/example_dags/example_branch_operator.py
[2025-10-10T09:46:12.234+0000] {processor.py:914} INFO - Processing file /home/airflow/.local/lib/python3.12/site-packages/airflow/example_dags/example_branch_operator.py for tasks to queue
[2025-10-10T09:46:12.234+0000] {logging_mixin.py:190} INFO - [2025-10-10T09:46:12.234+0000] {dagbag.py:588} INFO - Filling up the DagBag from /home/airflow/.local/lib/python3.12/site-packages/airflow/example_dags/example_branch_operator.py
[2025-10-10T09:46:12.243+0000] {processor.py:925} INFO - DAG(s) 'example_branch_operator' retrieved from /home/airflow/.local/lib/python3.12/site-packages/airflow/example_dags/example_branch_operator.py
[2025-10-10T09:46:12.254+0000] {logging_mixin.py:190} INFO - [2025-10-10T09:46:12.254+0000] {dag.py:3239} INFO - Sync 1 DAGs
[2025-10-10T09:46:12.262+0000] {logging_mixin.py:190} INFO - [2025-10-10T09:46:12.262+0000] {dag.py:4180} INFO - Setting next_dagrun for example_branch_operator to 2025-10-09 00:00:00+00:00, run_after=2025-10-10 00:00:00+00:00
[2025-10-10T09:46:12.268+0000] {processor.py:208} INFO - Processing /home/airflow/.local/lib/python3.12/site-packages/airflow/example_dags/example_branch_operator.py took 0.038 seconds
[2025-10-10T09:46:42.278+0000] {processor.py:186} INFO - Started process (PID=380) to work on /home/airflow/.local/lib/python3.12/site-packages/airflow/example_dags/example_branch_operator.py
[2025-10-10T09:46:42.279+0000] {processor.py:914} INFO - Processing file /home/airflow/.local/lib/python3.12/site-packages/airflow/example_dags/example_branch_operator.py for tasks to queue
[2025-10-10T09:46:42.279+0000] {logging_mixin.py:190} INFO - [2025-10-10T09:46:42.279+0000] {dagbag.py:588} INFO - Filling up the DagBag from /home/airflow/.local/lib/python3.12/site-packages/airflow/example_dags/example_branch_operator.py
[2025-10-10T09:46:42.286+0000] {processor.py:925} INFO - DAG(s) 'example_branch_operator' retrieved from /home/airflow/.local/lib/python3.12/site-packages/airflow/example_dags/example_branch_operator.py
[2025-10-10T09:46:42.294+0000] {logging_mixin.py:190} INFO - [2025-10-10T09:46:42.294+0000] {dag.py:3239} INFO - Sync 1 DAGs
[2025-10-10T09:46:42.301+0000] {logging_mixin.py:190} INFO - [2025-10-10T09:46:42.301+0000] {dag.py:4180} INFO - Setting next_dagrun for example_branch_operator to 2025-10-09 00:00:00+00:00, run_after=2025-10-10 00:00:00+00:00
[2025-10-10T09:46:42.306+0000] {processor.py:208} INFO - Processing /home/airflow/.local/lib/python3.12/site-packages/airflow/example_dags/example_branch_operator.py took 0.030 seconds
[2025-10-10T09:47:13.211+0000] {processor.py:186} INFO - Started process (PID=444) to work on /home/airflow/.local/lib/python3.12/site-packages/airflow/example_dags/example_branch_operator.py
[2025-10-10T09:47:13.211+0000] {processor.py:914} INFO - Processing file /home/airflow/.local/lib/python3.12/site-packages/airflow/example_dags/example_branch_operator.py for tasks to queue
[2025-10-10T09:47:13.212+0000] {logging_mixin.py:190} INFO - [2025-10-10T09:47:13.212+0000] {dagbag.py:588} INFO - Filling up the DagBag from /home/airflow/.local/lib/python3.12/site-packages/airflow/example_dags/example_branch_operator.py
[2025-10-10T09:47:13.219+0000] {processor.py:925} INFO - DAG(s) 'example_branch_operator' retrieved from /home/airflow/.local/lib/python3.12/site-packages/airflow/example_dags/example_branch_operator.py
[2025-10-10T09:47:13.228+0000] {logging_mixin.py:190} INFO - [2025-10-10T09:47:13.227+0000] {dag.py:3239} INFO - Sync 1 DAGs
[2025-10-10T09:47:13.235+0000] {logging_mixin.py:190} INFO - [2025-10-10T09:47:13.235+0000] {dag.py:4180} INFO - Setting next_dagrun for example_branch_operator to 2025-10-09 00:00:00+00:00, run_after=2025-10-10 00:00:00+00:00
[2025-10-10T09:47:13.240+0000] {processor.py:208} INFO - Processing /home/airflow/.local/lib/python3.12/site-packages/airflow/example_dags/example_branch_operator.py took 0.031 seconds
[2025-10-10T09:47:43.318+0000] {processor.py:186} INFO - Started process (PID=508) to work on /home/airflow/.local/lib/python3.12/site-packages/airflow/example_dags/example_branch_operator.py
[2025-10-10T09:47:43.318+0000] {processor.py:914} INFO - Processing file /home/airflow/.local/lib/python3.12/site-packages/airflow/example_dags/example_branch_operator.py for tasks to queue
[2025-10-10T09:47:43.319+0000] {logging_mixin.py:190} INFO - [2025-10-10T09:47:43.319+0000] {dagbag.py:588} INFO - Filling up the DagBag from /home/airflow/.local/lib/python3.12/site-packages/airflow/example_dags/example_branch_operator.py
[2025-10-10T09:47:43.326+0000] {processor.py:925} INFO - DAG(s) 'example_branch_operator' retrieved from /home/airflow/.local/lib/python3.12/site-packages/airflow/example_dags/example_branch_operator.py
[2025-10-10T09:47:43.334+0000] {logging_mixin.py:190} INFO - [2025-10-10T09:47:43.334+0000] {dag.py:3239} INFO - Sync 1 DAGs
[2025-10-10T09:47:43.341+0000] {logging_mixin.py:190} INFO - [2025-10-10T09:47:43.341+0000] {dag.py:4180} INFO - Setting next_dagrun for example_branch_operator to 2025-10-09 00:00:00+00:00, run_after=2025-10-10 00:00:00+00:00
[2025-10-10T09:47:43.346+0000] {processor.py:208} INFO - Processing /home/airflow/.local/lib/python3.12/site-packages/airflow/example_dags/example_branch_operator.py took 0.030 seconds
[2025-10-10T09:48:14.339+0000] {processor.py:186} INFO - Started process (PID=572) to work on /home/airflow/.local/lib/python3.12/site-packages/airflow/example_dags/example_branch_operator.py
[2025-10-10T09:48:14.339+0000] {processor.py:914} INFO - Processing file /home/airflow/.local/lib/python3.12/site-packages/airflow/example_dags/example_branch_operator.py for tasks to queue
[2025-10-10T09:48:14.340+0000] {logging_mixin.py:190} INFO - [2025-10-10T09:48:14.340+0000] {dagbag.py:588} INFO - Filling up the DagBag from /home/airflow/.local/lib/python3.12/site-packages/airflow/example_dags/example_branch_operator.py
[2025-10-10T09:48:14.349+0000] {processor.py:925} INFO - DAG(s) 'example_branch_operator' retrieved from /home/airflow/.local/lib/python3.12/site-packages/airflow/example_dags/example_branch_operator.py
[2025-10-10T09:48:14.359+0000] {logging_mixin.py:190} INFO - [2025-10-10T09:48:14.358+0000] {dag.py:3239} INFO - Sync 1 DAGs
[2025-10-10T09:48:14.366+0000] {logging_mixin.py:190} INFO - [2025-10-10T09:48:14.366+0000] {dag.py:4180} INFO - Setting next_dagrun for example_branch_operator to 2025-10-09 00:00:00+00:00, run_after=2025-10-10 00:00:00+00:00
[2025-10-10T09:48:14.371+0000] {processor.py:208} INFO - Processing /home/airflow/.local/lib/python3.12/site-packages/airflow/example_dags/example_branch_operator.py took 0.035 seconds
[2025-10-10T09:48:44.759+0000] {processor.py:186} INFO - Started process (PID=636) to work on /home/airflow/.local/lib/python3.12/site-packages/airflow/example_dags/example_branch_operator.py
[2025-10-10T09:48:44.760+0000] {processor.py:914} INFO - Processing file /home/airflow/.local/lib/python3.12/site-packages/airflow/example_dags/example_branch_operator.py for tasks to queue
[2025-10-10T09:48:44.761+0000] {logging_mixin.py:190} INFO - [2025-10-10T09:48:44.761+0000] {dagbag.py:588} INFO - Filling up the DagBag from /home/airflow/.local/lib/python3.12/site-packages/airflow/example_dags/example_branch_operator.py
[2025-10-10T09:48:44.769+0000] {processor.py:925} INFO - DAG(s) 'example_branch_operator' retrieved from /home/airflow/.local/lib/python3.12/site-packages/airflow/example_dags/example_branch_operator.py
[2025-10-10T09:48:44.785+0000] {logging_mixin.py:190} INFO - [2025-10-10T09:48:44.785+0000] {dag.py:3239} INFO - Sync 1 DAGs
[2025-10-10T09:48:44.794+0000] {logging_mixin.py:190} INFO - [2025-10-10T09:48:44.794+0000] {dag.py:4180} INFO - Setting next_dagrun for example_branch_operator to 2025-10-09 00:00:00+00:00, run_after=2025-10-10 00:00:00+00:00
[2025-10-10T09:48:44.800+0000] {processor.py:208} INFO - Processing /home/airflow/.local/lib/python3.12/site-packages/airflow/example_dags/example_branch_operator.py took 0.044 seconds
