[2025-10-10T09:36:23.129+0000] {processor.py:186} INFO - Started process (PID=98) to work on /home/airflow/.local/lib/python3.12/site-packages/airflow/example_dags/example_python_operator.py
[2025-10-10T09:36:23.130+0000] {processor.py:914} INFO - Processing file /home/airflow/.local/lib/python3.12/site-packages/airflow/example_dags/example_python_operator.py for tasks to queue
[2025-10-10T09:36:23.131+0000] {logging_mixin.py:190} INFO - [2025-10-10T09:36:23.131+0000] {dagbag.py:588} INFO - Filling up the DagBag from /home/airflow/.local/lib/python3.12/site-packages/airflow/example_dags/example_python_operator.py
[2025-10-10T09:36:23.137+0000] {processor.py:925} INFO - DAG(s) 'example_python_operator' retrieved from /home/airflow/.local/lib/python3.12/site-packages/airflow/example_dags/example_python_operator.py
[2025-10-10T09:36:23.175+0000] {logging_mixin.py:190} INFO - [2025-10-10T09:36:23.175+0000] {override.py:1911} INFO - Created Permission View: can edit on DAG:example_python_operator
[2025-10-10T09:36:23.180+0000] {logging_mixin.py:190} INFO - [2025-10-10T09:36:23.180+0000] {override.py:1911} INFO - Created Permission View: can read on DAG:example_python_operator
[2025-10-10T09:36:23.181+0000] {logging_mixin.py:190} INFO - [2025-10-10T09:36:23.181+0000] {override.py:1911} INFO - Created Permission View: can delete on DAG:example_python_operator
[2025-10-10T09:36:23.184+0000] {logging_mixin.py:190} INFO - [2025-10-10T09:36:23.184+0000] {override.py:1911} INFO - Created Permission View: can read on DAG Run:example_python_operator
[2025-10-10T09:36:23.186+0000] {logging_mixin.py:190} INFO - [2025-10-10T09:36:23.186+0000] {override.py:1911} INFO - Created Permission View: menu access on DAG Run:example_python_operator
[2025-10-10T09:36:23.189+0000] {logging_mixin.py:190} INFO - [2025-10-10T09:36:23.189+0000] {override.py:1911} INFO - Created Permission View: can delete on DAG Run:example_python_operator
[2025-10-10T09:36:23.191+0000] {logging_mixin.py:190} INFO - [2025-10-10T09:36:23.191+0000] {override.py:1911} INFO - Created Permission View: can create on DAG Run:example_python_operator
[2025-10-10T09:36:23.191+0000] {logging_mixin.py:190} INFO - [2025-10-10T09:36:23.191+0000] {dag.py:3239} INFO - Sync 1 DAGs
[2025-10-10T09:36:23.196+0000] {logging_mixin.py:190} INFO - [2025-10-10T09:36:23.196+0000] {dag.py:3262} INFO - Creating ORM DAG for example_python_operator
[2025-10-10T09:36:23.196+0000] {logging_mixin.py:190} INFO - [2025-10-10T09:36:23.196+0000] {dag.py:4180} INFO - Setting next_dagrun for example_python_operator to None, run_after=None
[2025-10-10T09:36:23.201+0000] {processor.py:208} INFO - Processing /home/airflow/.local/lib/python3.12/site-packages/airflow/example_dags/example_python_operator.py took 0.075 seconds
[2025-10-10T09:36:53.277+0000] {processor.py:186} INFO - Started process (PID=161) to work on /home/airflow/.local/lib/python3.12/site-packages/airflow/example_dags/example_python_operator.py
[2025-10-10T09:36:53.277+0000] {processor.py:914} INFO - Processing file /home/airflow/.local/lib/python3.12/site-packages/airflow/example_dags/example_python_operator.py for tasks to queue
[2025-10-10T09:36:53.278+0000] {logging_mixin.py:190} INFO - [2025-10-10T09:36:53.278+0000] {dagbag.py:588} INFO - Filling up the DagBag from /home/airflow/.local/lib/python3.12/site-packages/airflow/example_dags/example_python_operator.py
[2025-10-10T09:36:53.283+0000] {processor.py:925} INFO - DAG(s) 'example_python_operator' retrieved from /home/airflow/.local/lib/python3.12/site-packages/airflow/example_dags/example_python_operator.py
[2025-10-10T09:36:53.292+0000] {logging_mixin.py:190} INFO - [2025-10-10T09:36:53.291+0000] {dag.py:3239} INFO - Sync 1 DAGs
[2025-10-10T09:36:53.296+0000] {logging_mixin.py:190} INFO - [2025-10-10T09:36:53.296+0000] {dag.py:4180} INFO - Setting next_dagrun for example_python_operator to None, run_after=None
[2025-10-10T09:36:53.302+0000] {processor.py:208} INFO - Processing /home/airflow/.local/lib/python3.12/site-packages/airflow/example_dags/example_python_operator.py took 0.028 seconds
[2025-10-10T09:37:23.593+0000] {processor.py:186} INFO - Started process (PID=224) to work on /home/airflow/.local/lib/python3.12/site-packages/airflow/example_dags/example_python_operator.py
[2025-10-10T09:37:23.594+0000] {processor.py:914} INFO - Processing file /home/airflow/.local/lib/python3.12/site-packages/airflow/example_dags/example_python_operator.py for tasks to queue
[2025-10-10T09:37:23.594+0000] {logging_mixin.py:190} INFO - [2025-10-10T09:37:23.594+0000] {dagbag.py:588} INFO - Filling up the DagBag from /home/airflow/.local/lib/python3.12/site-packages/airflow/example_dags/example_python_operator.py
[2025-10-10T09:37:23.599+0000] {processor.py:925} INFO - DAG(s) 'example_python_operator' retrieved from /home/airflow/.local/lib/python3.12/site-packages/airflow/example_dags/example_python_operator.py
[2025-10-10T09:37:23.607+0000] {logging_mixin.py:190} INFO - [2025-10-10T09:37:23.607+0000] {dag.py:3239} INFO - Sync 1 DAGs
[2025-10-10T09:37:23.611+0000] {logging_mixin.py:190} INFO - [2025-10-10T09:37:23.611+0000] {dag.py:4180} INFO - Setting next_dagrun for example_python_operator to None, run_after=None
[2025-10-10T09:37:23.617+0000] {processor.py:208} INFO - Processing /home/airflow/.local/lib/python3.12/site-packages/airflow/example_dags/example_python_operator.py took 0.027 seconds
[2025-10-10T09:37:54.653+0000] {processor.py:186} INFO - Started process (PID=287) to work on /home/airflow/.local/lib/python3.12/site-packages/airflow/example_dags/example_python_operator.py
[2025-10-10T09:37:54.656+0000] {processor.py:914} INFO - Processing file /home/airflow/.local/lib/python3.12/site-packages/airflow/example_dags/example_python_operator.py for tasks to queue
[2025-10-10T09:37:54.657+0000] {logging_mixin.py:190} INFO - [2025-10-10T09:37:54.657+0000] {dagbag.py:588} INFO - Filling up the DagBag from /home/airflow/.local/lib/python3.12/site-packages/airflow/example_dags/example_python_operator.py
[2025-10-10T09:37:54.662+0000] {processor.py:925} INFO - DAG(s) 'example_python_operator' retrieved from /home/airflow/.local/lib/python3.12/site-packages/airflow/example_dags/example_python_operator.py
[2025-10-10T09:37:54.668+0000] {logging_mixin.py:190} INFO - [2025-10-10T09:37:54.668+0000] {dag.py:3239} INFO - Sync 1 DAGs
[2025-10-10T09:37:54.673+0000] {logging_mixin.py:190} INFO - [2025-10-10T09:37:54.673+0000] {dag.py:4180} INFO - Setting next_dagrun for example_python_operator to None, run_after=None
[2025-10-10T09:37:54.680+0000] {processor.py:208} INFO - Processing /home/airflow/.local/lib/python3.12/site-packages/airflow/example_dags/example_python_operator.py took 0.029 seconds
[2025-10-10T09:38:18.247+0000] {processor.py:186} INFO - Started process (PID=94) to work on /home/airflow/.local/lib/python3.12/site-packages/airflow/example_dags/example_python_operator.py
[2025-10-10T09:38:18.247+0000] {processor.py:914} INFO - Processing file /home/airflow/.local/lib/python3.12/site-packages/airflow/example_dags/example_python_operator.py for tasks to queue
[2025-10-10T09:38:18.248+0000] {logging_mixin.py:190} INFO - [2025-10-10T09:38:18.248+0000] {dagbag.py:588} INFO - Filling up the DagBag from /home/airflow/.local/lib/python3.12/site-packages/airflow/example_dags/example_python_operator.py
[2025-10-10T09:38:18.254+0000] {processor.py:925} INFO - DAG(s) 'example_python_operator' retrieved from /home/airflow/.local/lib/python3.12/site-packages/airflow/example_dags/example_python_operator.py
[2025-10-10T09:38:18.292+0000] {logging_mixin.py:190} INFO - [2025-10-10T09:38:18.291+0000] {dag.py:3239} INFO - Sync 1 DAGs
[2025-10-10T09:38:18.297+0000] {logging_mixin.py:190} INFO - [2025-10-10T09:38:18.297+0000] {dag.py:4180} INFO - Setting next_dagrun for example_python_operator to None, run_after=None
[2025-10-10T09:38:18.305+0000] {processor.py:208} INFO - Processing /home/airflow/.local/lib/python3.12/site-packages/airflow/example_dags/example_python_operator.py took 0.061 seconds
[2025-10-10T09:38:49.380+0000] {processor.py:186} INFO - Started process (PID=158) to work on /home/airflow/.local/lib/python3.12/site-packages/airflow/example_dags/example_python_operator.py
[2025-10-10T09:38:49.381+0000] {processor.py:914} INFO - Processing file /home/airflow/.local/lib/python3.12/site-packages/airflow/example_dags/example_python_operator.py for tasks to queue
[2025-10-10T09:38:49.382+0000] {logging_mixin.py:190} INFO - [2025-10-10T09:38:49.381+0000] {dagbag.py:588} INFO - Filling up the DagBag from /home/airflow/.local/lib/python3.12/site-packages/airflow/example_dags/example_python_operator.py
[2025-10-10T09:38:49.386+0000] {processor.py:925} INFO - DAG(s) 'example_python_operator' retrieved from /home/airflow/.local/lib/python3.12/site-packages/airflow/example_dags/example_python_operator.py
[2025-10-10T09:38:49.395+0000] {logging_mixin.py:190} INFO - [2025-10-10T09:38:49.395+0000] {dag.py:3239} INFO - Sync 1 DAGs
[2025-10-10T09:38:49.400+0000] {logging_mixin.py:190} INFO - [2025-10-10T09:38:49.399+0000] {dag.py:4180} INFO - Setting next_dagrun for example_python_operator to None, run_after=None
[2025-10-10T09:38:49.406+0000] {processor.py:208} INFO - Processing /home/airflow/.local/lib/python3.12/site-packages/airflow/example_dags/example_python_operator.py took 0.027 seconds
[2025-10-10T09:39:20.491+0000] {processor.py:186} INFO - Started process (PID=222) to work on /home/airflow/.local/lib/python3.12/site-packages/airflow/example_dags/example_python_operator.py
[2025-10-10T09:39:20.492+0000] {processor.py:914} INFO - Processing file /home/airflow/.local/lib/python3.12/site-packages/airflow/example_dags/example_python_operator.py for tasks to queue
[2025-10-10T09:39:20.492+0000] {logging_mixin.py:190} INFO - [2025-10-10T09:39:20.492+0000] {dagbag.py:588} INFO - Filling up the DagBag from /home/airflow/.local/lib/python3.12/site-packages/airflow/example_dags/example_python_operator.py
[2025-10-10T09:39:20.498+0000] {processor.py:925} INFO - DAG(s) 'example_python_operator' retrieved from /home/airflow/.local/lib/python3.12/site-packages/airflow/example_dags/example_python_operator.py
[2025-10-10T09:39:20.508+0000] {logging_mixin.py:190} INFO - [2025-10-10T09:39:20.508+0000] {dag.py:3239} INFO - Sync 1 DAGs
[2025-10-10T09:39:20.513+0000] {logging_mixin.py:190} INFO - [2025-10-10T09:39:20.513+0000] {dag.py:4180} INFO - Setting next_dagrun for example_python_operator to None, run_after=None
[2025-10-10T09:39:20.520+0000] {processor.py:208} INFO - Processing /home/airflow/.local/lib/python3.12/site-packages/airflow/example_dags/example_python_operator.py took 0.031 seconds
[2025-10-10T09:39:51.656+0000] {processor.py:186} INFO - Started process (PID=286) to work on /home/airflow/.local/lib/python3.12/site-packages/airflow/example_dags/example_python_operator.py
[2025-10-10T09:39:51.657+0000] {processor.py:914} INFO - Processing file /home/airflow/.local/lib/python3.12/site-packages/airflow/example_dags/example_python_operator.py for tasks to queue
[2025-10-10T09:39:51.657+0000] {logging_mixin.py:190} INFO - [2025-10-10T09:39:51.657+0000] {dagbag.py:588} INFO - Filling up the DagBag from /home/airflow/.local/lib/python3.12/site-packages/airflow/example_dags/example_python_operator.py
[2025-10-10T09:39:51.662+0000] {processor.py:925} INFO - DAG(s) 'example_python_operator' retrieved from /home/airflow/.local/lib/python3.12/site-packages/airflow/example_dags/example_python_operator.py
[2025-10-10T09:39:51.672+0000] {logging_mixin.py:190} INFO - [2025-10-10T09:39:51.672+0000] {dag.py:3239} INFO - Sync 1 DAGs
[2025-10-10T09:39:51.677+0000] {logging_mixin.py:190} INFO - [2025-10-10T09:39:51.677+0000] {dag.py:4180} INFO - Setting next_dagrun for example_python_operator to None, run_after=None
[2025-10-10T09:39:51.682+0000] {processor.py:208} INFO - Processing /home/airflow/.local/lib/python3.12/site-packages/airflow/example_dags/example_python_operator.py took 0.028 seconds
[2025-10-10T09:40:22.871+0000] {processor.py:186} INFO - Started process (PID=350) to work on /home/airflow/.local/lib/python3.12/site-packages/airflow/example_dags/example_python_operator.py
[2025-10-10T09:40:22.874+0000] {processor.py:914} INFO - Processing file /home/airflow/.local/lib/python3.12/site-packages/airflow/example_dags/example_python_operator.py for tasks to queue
[2025-10-10T09:40:22.875+0000] {logging_mixin.py:190} INFO - [2025-10-10T09:40:22.874+0000] {dagbag.py:588} INFO - Filling up the DagBag from /home/airflow/.local/lib/python3.12/site-packages/airflow/example_dags/example_python_operator.py
[2025-10-10T09:40:22.879+0000] {processor.py:925} INFO - DAG(s) 'example_python_operator' retrieved from /home/airflow/.local/lib/python3.12/site-packages/airflow/example_dags/example_python_operator.py
[2025-10-10T09:40:22.888+0000] {logging_mixin.py:190} INFO - [2025-10-10T09:40:22.888+0000] {dag.py:3239} INFO - Sync 1 DAGs
[2025-10-10T09:40:22.894+0000] {logging_mixin.py:190} INFO - [2025-10-10T09:40:22.894+0000] {dag.py:4180} INFO - Setting next_dagrun for example_python_operator to None, run_after=None
[2025-10-10T09:40:22.899+0000] {processor.py:208} INFO - Processing /home/airflow/.local/lib/python3.12/site-packages/airflow/example_dags/example_python_operator.py took 0.030 seconds
[2025-10-10T09:40:54.057+0000] {processor.py:186} INFO - Started process (PID=414) to work on /home/airflow/.local/lib/python3.12/site-packages/airflow/example_dags/example_python_operator.py
[2025-10-10T09:40:54.058+0000] {processor.py:914} INFO - Processing file /home/airflow/.local/lib/python3.12/site-packages/airflow/example_dags/example_python_operator.py for tasks to queue
[2025-10-10T09:40:54.059+0000] {logging_mixin.py:190} INFO - [2025-10-10T09:40:54.059+0000] {dagbag.py:588} INFO - Filling up the DagBag from /home/airflow/.local/lib/python3.12/site-packages/airflow/example_dags/example_python_operator.py
[2025-10-10T09:40:54.064+0000] {processor.py:925} INFO - DAG(s) 'example_python_operator' retrieved from /home/airflow/.local/lib/python3.12/site-packages/airflow/example_dags/example_python_operator.py
[2025-10-10T09:40:54.077+0000] {logging_mixin.py:190} INFO - [2025-10-10T09:40:54.077+0000] {dag.py:3239} INFO - Sync 1 DAGs
[2025-10-10T09:40:54.081+0000] {logging_mixin.py:190} INFO - [2025-10-10T09:40:54.081+0000] {dag.py:4180} INFO - Setting next_dagrun for example_python_operator to None, run_after=None
[2025-10-10T09:40:54.089+0000] {processor.py:208} INFO - Processing /home/airflow/.local/lib/python3.12/site-packages/airflow/example_dags/example_python_operator.py took 0.034 seconds
[2025-10-10T09:41:25.189+0000] {processor.py:186} INFO - Started process (PID=478) to work on /home/airflow/.local/lib/python3.12/site-packages/airflow/example_dags/example_python_operator.py
[2025-10-10T09:41:25.189+0000] {processor.py:914} INFO - Processing file /home/airflow/.local/lib/python3.12/site-packages/airflow/example_dags/example_python_operator.py for tasks to queue
[2025-10-10T09:41:25.190+0000] {logging_mixin.py:190} INFO - [2025-10-10T09:41:25.190+0000] {dagbag.py:588} INFO - Filling up the DagBag from /home/airflow/.local/lib/python3.12/site-packages/airflow/example_dags/example_python_operator.py
[2025-10-10T09:41:25.195+0000] {processor.py:925} INFO - DAG(s) 'example_python_operator' retrieved from /home/airflow/.local/lib/python3.12/site-packages/airflow/example_dags/example_python_operator.py
[2025-10-10T09:41:25.205+0000] {logging_mixin.py:190} INFO - [2025-10-10T09:41:25.204+0000] {dag.py:3239} INFO - Sync 1 DAGs
[2025-10-10T09:41:25.211+0000] {logging_mixin.py:190} INFO - [2025-10-10T09:41:25.211+0000] {dag.py:4180} INFO - Setting next_dagrun for example_python_operator to None, run_after=None
[2025-10-10T09:41:25.219+0000] {processor.py:208} INFO - Processing /home/airflow/.local/lib/python3.12/site-packages/airflow/example_dags/example_python_operator.py took 0.033 seconds
[2025-10-10T09:41:56.435+0000] {processor.py:186} INFO - Started process (PID=542) to work on /home/airflow/.local/lib/python3.12/site-packages/airflow/example_dags/example_python_operator.py
[2025-10-10T09:41:56.436+0000] {processor.py:914} INFO - Processing file /home/airflow/.local/lib/python3.12/site-packages/airflow/example_dags/example_python_operator.py for tasks to queue
[2025-10-10T09:41:56.436+0000] {logging_mixin.py:190} INFO - [2025-10-10T09:41:56.436+0000] {dagbag.py:588} INFO - Filling up the DagBag from /home/airflow/.local/lib/python3.12/site-packages/airflow/example_dags/example_python_operator.py
[2025-10-10T09:41:56.441+0000] {processor.py:925} INFO - DAG(s) 'example_python_operator' retrieved from /home/airflow/.local/lib/python3.12/site-packages/airflow/example_dags/example_python_operator.py
[2025-10-10T09:41:56.449+0000] {logging_mixin.py:190} INFO - [2025-10-10T09:41:56.449+0000] {dag.py:3239} INFO - Sync 1 DAGs
[2025-10-10T09:41:56.453+0000] {logging_mixin.py:190} INFO - [2025-10-10T09:41:56.453+0000] {dag.py:4180} INFO - Setting next_dagrun for example_python_operator to None, run_after=None
[2025-10-10T09:41:56.463+0000] {processor.py:208} INFO - Processing /home/airflow/.local/lib/python3.12/site-packages/airflow/example_dags/example_python_operator.py took 0.031 seconds
[2025-10-10T09:42:27.482+0000] {processor.py:186} INFO - Started process (PID=606) to work on /home/airflow/.local/lib/python3.12/site-packages/airflow/example_dags/example_python_operator.py
[2025-10-10T09:42:27.485+0000] {processor.py:914} INFO - Processing file /home/airflow/.local/lib/python3.12/site-packages/airflow/example_dags/example_python_operator.py for tasks to queue
[2025-10-10T09:42:27.486+0000] {logging_mixin.py:190} INFO - [2025-10-10T09:42:27.486+0000] {dagbag.py:588} INFO - Filling up the DagBag from /home/airflow/.local/lib/python3.12/site-packages/airflow/example_dags/example_python_operator.py
[2025-10-10T09:42:27.491+0000] {processor.py:925} INFO - DAG(s) 'example_python_operator' retrieved from /home/airflow/.local/lib/python3.12/site-packages/airflow/example_dags/example_python_operator.py
[2025-10-10T09:42:27.500+0000] {logging_mixin.py:190} INFO - [2025-10-10T09:42:27.500+0000] {dag.py:3239} INFO - Sync 1 DAGs
[2025-10-10T09:42:27.505+0000] {logging_mixin.py:190} INFO - [2025-10-10T09:42:27.505+0000] {dag.py:4180} INFO - Setting next_dagrun for example_python_operator to None, run_after=None
[2025-10-10T09:42:27.512+0000] {processor.py:208} INFO - Processing /home/airflow/.local/lib/python3.12/site-packages/airflow/example_dags/example_python_operator.py took 0.032 seconds
[2025-10-10T09:42:58.759+0000] {processor.py:186} INFO - Started process (PID=670) to work on /home/airflow/.local/lib/python3.12/site-packages/airflow/example_dags/example_python_operator.py
[2025-10-10T09:42:58.760+0000] {processor.py:914} INFO - Processing file /home/airflow/.local/lib/python3.12/site-packages/airflow/example_dags/example_python_operator.py for tasks to queue
[2025-10-10T09:42:58.760+0000] {logging_mixin.py:190} INFO - [2025-10-10T09:42:58.760+0000] {dagbag.py:588} INFO - Filling up the DagBag from /home/airflow/.local/lib/python3.12/site-packages/airflow/example_dags/example_python_operator.py
[2025-10-10T09:42:58.765+0000] {processor.py:925} INFO - DAG(s) 'example_python_operator' retrieved from /home/airflow/.local/lib/python3.12/site-packages/airflow/example_dags/example_python_operator.py
[2025-10-10T09:42:58.774+0000] {logging_mixin.py:190} INFO - [2025-10-10T09:42:58.774+0000] {dag.py:3239} INFO - Sync 1 DAGs
[2025-10-10T09:42:58.779+0000] {logging_mixin.py:190} INFO - [2025-10-10T09:42:58.779+0000] {dag.py:4180} INFO - Setting next_dagrun for example_python_operator to None, run_after=None
[2025-10-10T09:42:58.784+0000] {processor.py:208} INFO - Processing /home/airflow/.local/lib/python3.12/site-packages/airflow/example_dags/example_python_operator.py took 0.027 seconds
[2025-10-10T09:43:29.839+0000] {processor.py:186} INFO - Started process (PID=734) to work on /home/airflow/.local/lib/python3.12/site-packages/airflow/example_dags/example_python_operator.py
[2025-10-10T09:43:29.840+0000] {processor.py:914} INFO - Processing file /home/airflow/.local/lib/python3.12/site-packages/airflow/example_dags/example_python_operator.py for tasks to queue
[2025-10-10T09:43:29.840+0000] {logging_mixin.py:190} INFO - [2025-10-10T09:43:29.840+0000] {dagbag.py:588} INFO - Filling up the DagBag from /home/airflow/.local/lib/python3.12/site-packages/airflow/example_dags/example_python_operator.py
[2025-10-10T09:43:29.846+0000] {processor.py:925} INFO - DAG(s) 'example_python_operator' retrieved from /home/airflow/.local/lib/python3.12/site-packages/airflow/example_dags/example_python_operator.py
[2025-10-10T09:43:29.853+0000] {logging_mixin.py:190} INFO - [2025-10-10T09:43:29.853+0000] {dag.py:3239} INFO - Sync 1 DAGs
[2025-10-10T09:43:29.858+0000] {logging_mixin.py:190} INFO - [2025-10-10T09:43:29.858+0000] {dag.py:4180} INFO - Setting next_dagrun for example_python_operator to None, run_after=None
[2025-10-10T09:43:29.866+0000] {processor.py:208} INFO - Processing /home/airflow/.local/lib/python3.12/site-packages/airflow/example_dags/example_python_operator.py took 0.029 seconds
[2025-10-10T09:44:10.605+0000] {processor.py:186} INFO - Started process (PID=101) to work on /home/airflow/.local/lib/python3.12/site-packages/airflow/example_dags/example_python_operator.py
[2025-10-10T09:44:10.605+0000] {processor.py:914} INFO - Processing file /home/airflow/.local/lib/python3.12/site-packages/airflow/example_dags/example_python_operator.py for tasks to queue
[2025-10-10T09:44:10.607+0000] {logging_mixin.py:190} INFO - [2025-10-10T09:44:10.606+0000] {dagbag.py:588} INFO - Filling up the DagBag from /home/airflow/.local/lib/python3.12/site-packages/airflow/example_dags/example_python_operator.py
[2025-10-10T09:44:10.613+0000] {processor.py:925} INFO - DAG(s) 'example_python_operator' retrieved from /home/airflow/.local/lib/python3.12/site-packages/airflow/example_dags/example_python_operator.py
[2025-10-10T09:44:10.652+0000] {logging_mixin.py:190} INFO - [2025-10-10T09:44:10.652+0000] {dag.py:3239} INFO - Sync 1 DAGs
[2025-10-10T09:44:10.656+0000] {logging_mixin.py:190} INFO - [2025-10-10T09:44:10.656+0000] {dag.py:4180} INFO - Setting next_dagrun for example_python_operator to None, run_after=None
[2025-10-10T09:44:10.663+0000] {processor.py:208} INFO - Processing /home/airflow/.local/lib/python3.12/site-packages/airflow/example_dags/example_python_operator.py took 0.061 seconds
[2025-10-10T09:44:41.677+0000] {processor.py:186} INFO - Started process (PID=165) to work on /home/airflow/.local/lib/python3.12/site-packages/airflow/example_dags/example_python_operator.py
[2025-10-10T09:44:41.677+0000] {processor.py:914} INFO - Processing file /home/airflow/.local/lib/python3.12/site-packages/airflow/example_dags/example_python_operator.py for tasks to queue
[2025-10-10T09:44:41.679+0000] {logging_mixin.py:190} INFO - [2025-10-10T09:44:41.679+0000] {dagbag.py:588} INFO - Filling up the DagBag from /home/airflow/.local/lib/python3.12/site-packages/airflow/example_dags/example_python_operator.py
[2025-10-10T09:44:41.684+0000] {processor.py:925} INFO - DAG(s) 'example_python_operator' retrieved from /home/airflow/.local/lib/python3.12/site-packages/airflow/example_dags/example_python_operator.py
[2025-10-10T09:44:41.692+0000] {logging_mixin.py:190} INFO - [2025-10-10T09:44:41.691+0000] {dag.py:3239} INFO - Sync 1 DAGs
[2025-10-10T09:44:41.698+0000] {logging_mixin.py:190} INFO - [2025-10-10T09:44:41.698+0000] {dag.py:4180} INFO - Setting next_dagrun for example_python_operator to None, run_after=None
[2025-10-10T09:44:41.704+0000] {processor.py:208} INFO - Processing /home/airflow/.local/lib/python3.12/site-packages/airflow/example_dags/example_python_operator.py took 0.030 seconds
[2025-10-10T09:45:12.727+0000] {processor.py:186} INFO - Started process (PID=229) to work on /home/airflow/.local/lib/python3.12/site-packages/airflow/example_dags/example_python_operator.py
[2025-10-10T09:45:12.729+0000] {processor.py:914} INFO - Processing file /home/airflow/.local/lib/python3.12/site-packages/airflow/example_dags/example_python_operator.py for tasks to queue
[2025-10-10T09:45:12.729+0000] {logging_mixin.py:190} INFO - [2025-10-10T09:45:12.729+0000] {dagbag.py:588} INFO - Filling up the DagBag from /home/airflow/.local/lib/python3.12/site-packages/airflow/example_dags/example_python_operator.py
[2025-10-10T09:45:12.734+0000] {processor.py:925} INFO - DAG(s) 'example_python_operator' retrieved from /home/airflow/.local/lib/python3.12/site-packages/airflow/example_dags/example_python_operator.py
[2025-10-10T09:45:12.745+0000] {logging_mixin.py:190} INFO - [2025-10-10T09:45:12.745+0000] {dag.py:3239} INFO - Sync 1 DAGs
[2025-10-10T09:45:12.751+0000] {logging_mixin.py:190} INFO - [2025-10-10T09:45:12.751+0000] {dag.py:4180} INFO - Setting next_dagrun for example_python_operator to None, run_after=None
[2025-10-10T09:45:12.756+0000] {processor.py:208} INFO - Processing /home/airflow/.local/lib/python3.12/site-packages/airflow/example_dags/example_python_operator.py took 0.031 seconds
[2025-10-10T09:45:43.733+0000] {processor.py:186} INFO - Started process (PID=301) to work on /home/airflow/.local/lib/python3.12/site-packages/airflow/example_dags/example_python_operator.py
[2025-10-10T09:45:43.737+0000] {processor.py:914} INFO - Processing file /home/airflow/.local/lib/python3.12/site-packages/airflow/example_dags/example_python_operator.py for tasks to queue
[2025-10-10T09:45:43.738+0000] {logging_mixin.py:190} INFO - [2025-10-10T09:45:43.738+0000] {dagbag.py:588} INFO - Filling up the DagBag from /home/airflow/.local/lib/python3.12/site-packages/airflow/example_dags/example_python_operator.py
[2025-10-10T09:45:43.743+0000] {processor.py:925} INFO - DAG(s) 'example_python_operator' retrieved from /home/airflow/.local/lib/python3.12/site-packages/airflow/example_dags/example_python_operator.py
[2025-10-10T09:45:43.752+0000] {logging_mixin.py:190} INFO - [2025-10-10T09:45:43.752+0000] {dag.py:3239} INFO - Sync 1 DAGs
[2025-10-10T09:45:43.758+0000] {logging_mixin.py:190} INFO - [2025-10-10T09:45:43.758+0000] {dag.py:4180} INFO - Setting next_dagrun for example_python_operator to None, run_after=None
[2025-10-10T09:45:43.766+0000] {processor.py:208} INFO - Processing /home/airflow/.local/lib/python3.12/site-packages/airflow/example_dags/example_python_operator.py took 0.035 seconds
[2025-10-10T09:46:14.819+0000] {processor.py:186} INFO - Started process (PID=365) to work on /home/airflow/.local/lib/python3.12/site-packages/airflow/example_dags/example_python_operator.py
[2025-10-10T09:46:14.821+0000] {processor.py:914} INFO - Processing file /home/airflow/.local/lib/python3.12/site-packages/airflow/example_dags/example_python_operator.py for tasks to queue
[2025-10-10T09:46:14.822+0000] {logging_mixin.py:190} INFO - [2025-10-10T09:46:14.822+0000] {dagbag.py:588} INFO - Filling up the DagBag from /home/airflow/.local/lib/python3.12/site-packages/airflow/example_dags/example_python_operator.py
[2025-10-10T09:46:14.827+0000] {processor.py:925} INFO - DAG(s) 'example_python_operator' retrieved from /home/airflow/.local/lib/python3.12/site-packages/airflow/example_dags/example_python_operator.py
[2025-10-10T09:46:14.836+0000] {logging_mixin.py:190} INFO - [2025-10-10T09:46:14.836+0000] {dag.py:3239} INFO - Sync 1 DAGs
[2025-10-10T09:46:14.842+0000] {logging_mixin.py:190} INFO - [2025-10-10T09:46:14.842+0000] {dag.py:4180} INFO - Setting next_dagrun for example_python_operator to None, run_after=None
[2025-10-10T09:46:14.849+0000] {processor.py:208} INFO - Processing /home/airflow/.local/lib/python3.12/site-packages/airflow/example_dags/example_python_operator.py took 0.032 seconds
[2025-10-10T09:46:45.729+0000] {processor.py:186} INFO - Started process (PID=429) to work on /home/airflow/.local/lib/python3.12/site-packages/airflow/example_dags/example_python_operator.py
[2025-10-10T09:46:45.730+0000] {processor.py:914} INFO - Processing file /home/airflow/.local/lib/python3.12/site-packages/airflow/example_dags/example_python_operator.py for tasks to queue
[2025-10-10T09:46:45.731+0000] {logging_mixin.py:190} INFO - [2025-10-10T09:46:45.731+0000] {dagbag.py:588} INFO - Filling up the DagBag from /home/airflow/.local/lib/python3.12/site-packages/airflow/example_dags/example_python_operator.py
[2025-10-10T09:46:45.735+0000] {processor.py:925} INFO - DAG(s) 'example_python_operator' retrieved from /home/airflow/.local/lib/python3.12/site-packages/airflow/example_dags/example_python_operator.py
[2025-10-10T09:46:45.743+0000] {logging_mixin.py:190} INFO - [2025-10-10T09:46:45.743+0000] {dag.py:3239} INFO - Sync 1 DAGs
[2025-10-10T09:46:45.747+0000] {logging_mixin.py:190} INFO - [2025-10-10T09:46:45.747+0000] {dag.py:4180} INFO - Setting next_dagrun for example_python_operator to None, run_after=None
[2025-10-10T09:46:45.756+0000] {processor.py:208} INFO - Processing /home/airflow/.local/lib/python3.12/site-packages/airflow/example_dags/example_python_operator.py took 0.030 seconds
[2025-10-10T09:47:16.866+0000] {processor.py:186} INFO - Started process (PID=493) to work on /home/airflow/.local/lib/python3.12/site-packages/airflow/example_dags/example_python_operator.py
[2025-10-10T09:47:16.869+0000] {processor.py:914} INFO - Processing file /home/airflow/.local/lib/python3.12/site-packages/airflow/example_dags/example_python_operator.py for tasks to queue
[2025-10-10T09:47:16.870+0000] {logging_mixin.py:190} INFO - [2025-10-10T09:47:16.870+0000] {dagbag.py:588} INFO - Filling up the DagBag from /home/airflow/.local/lib/python3.12/site-packages/airflow/example_dags/example_python_operator.py
[2025-10-10T09:47:16.875+0000] {processor.py:925} INFO - DAG(s) 'example_python_operator' retrieved from /home/airflow/.local/lib/python3.12/site-packages/airflow/example_dags/example_python_operator.py
[2025-10-10T09:47:16.884+0000] {logging_mixin.py:190} INFO - [2025-10-10T09:47:16.884+0000] {dag.py:3239} INFO - Sync 1 DAGs
[2025-10-10T09:47:16.890+0000] {logging_mixin.py:190} INFO - [2025-10-10T09:47:16.890+0000] {dag.py:4180} INFO - Setting next_dagrun for example_python_operator to None, run_after=None
[2025-10-10T09:47:16.898+0000] {processor.py:208} INFO - Processing /home/airflow/.local/lib/python3.12/site-packages/airflow/example_dags/example_python_operator.py took 0.034 seconds
[2025-10-10T09:47:47.862+0000] {processor.py:186} INFO - Started process (PID=557) to work on /home/airflow/.local/lib/python3.12/site-packages/airflow/example_dags/example_python_operator.py
[2025-10-10T09:47:47.865+0000] {processor.py:914} INFO - Processing file /home/airflow/.local/lib/python3.12/site-packages/airflow/example_dags/example_python_operator.py for tasks to queue
[2025-10-10T09:47:47.866+0000] {logging_mixin.py:190} INFO - [2025-10-10T09:47:47.866+0000] {dagbag.py:588} INFO - Filling up the DagBag from /home/airflow/.local/lib/python3.12/site-packages/airflow/example_dags/example_python_operator.py
[2025-10-10T09:47:47.870+0000] {processor.py:925} INFO - DAG(s) 'example_python_operator' retrieved from /home/airflow/.local/lib/python3.12/site-packages/airflow/example_dags/example_python_operator.py
[2025-10-10T09:47:47.880+0000] {logging_mixin.py:190} INFO - [2025-10-10T09:47:47.880+0000] {dag.py:3239} INFO - Sync 1 DAGs
[2025-10-10T09:47:47.887+0000] {logging_mixin.py:190} INFO - [2025-10-10T09:47:47.886+0000] {dag.py:4180} INFO - Setting next_dagrun for example_python_operator to None, run_after=None
[2025-10-10T09:47:47.894+0000] {processor.py:208} INFO - Processing /home/airflow/.local/lib/python3.12/site-packages/airflow/example_dags/example_python_operator.py took 0.035 seconds
[2025-10-10T09:48:18.293+0000] {processor.py:186} INFO - Started process (PID=621) to work on /home/airflow/.local/lib/python3.12/site-packages/airflow/example_dags/example_python_operator.py
[2025-10-10T09:48:18.295+0000] {processor.py:914} INFO - Processing file /home/airflow/.local/lib/python3.12/site-packages/airflow/example_dags/example_python_operator.py for tasks to queue
[2025-10-10T09:48:18.296+0000] {logging_mixin.py:190} INFO - [2025-10-10T09:48:18.296+0000] {dagbag.py:588} INFO - Filling up the DagBag from /home/airflow/.local/lib/python3.12/site-packages/airflow/example_dags/example_python_operator.py
[2025-10-10T09:48:18.301+0000] {processor.py:925} INFO - DAG(s) 'example_python_operator' retrieved from /home/airflow/.local/lib/python3.12/site-packages/airflow/example_dags/example_python_operator.py
[2025-10-10T09:48:18.315+0000] {logging_mixin.py:190} INFO - [2025-10-10T09:48:18.315+0000] {dag.py:3239} INFO - Sync 1 DAGs
[2025-10-10T09:48:18.322+0000] {logging_mixin.py:190} INFO - [2025-10-10T09:48:18.322+0000] {dag.py:4180} INFO - Setting next_dagrun for example_python_operator to None, run_after=None
[2025-10-10T09:48:18.330+0000] {processor.py:208} INFO - Processing /home/airflow/.local/lib/python3.12/site-packages/airflow/example_dags/example_python_operator.py took 0.039 seconds
[2025-10-10T09:48:48.582+0000] {processor.py:186} INFO - Started process (PID=685) to work on /home/airflow/.local/lib/python3.12/site-packages/airflow/example_dags/example_python_operator.py
[2025-10-10T09:48:48.583+0000] {processor.py:914} INFO - Processing file /home/airflow/.local/lib/python3.12/site-packages/airflow/example_dags/example_python_operator.py for tasks to queue
[2025-10-10T09:48:48.584+0000] {logging_mixin.py:190} INFO - [2025-10-10T09:48:48.584+0000] {dagbag.py:588} INFO - Filling up the DagBag from /home/airflow/.local/lib/python3.12/site-packages/airflow/example_dags/example_python_operator.py
[2025-10-10T09:48:48.589+0000] {processor.py:925} INFO - DAG(s) 'example_python_operator' retrieved from /home/airflow/.local/lib/python3.12/site-packages/airflow/example_dags/example_python_operator.py
[2025-10-10T09:48:48.602+0000] {logging_mixin.py:190} INFO - [2025-10-10T09:48:48.601+0000] {dag.py:3239} INFO - Sync 1 DAGs
[2025-10-10T09:48:48.607+0000] {logging_mixin.py:190} INFO - [2025-10-10T09:48:48.607+0000] {dag.py:4180} INFO - Setting next_dagrun for example_python_operator to None, run_after=None
[2025-10-10T09:48:48.614+0000] {processor.py:208} INFO - Processing /home/airflow/.local/lib/python3.12/site-packages/airflow/example_dags/example_python_operator.py took 0.034 seconds
