[2025-10-10T09:36:20.102+0000] {processor.py:186} INFO - Started process (PID=52) to work on /home/airflow/.local/lib/python3.12/site-packages/airflow/example_dags/example_workday_timetable.py
[2025-10-10T09:36:20.102+0000] {processor.py:914} INFO - Processing file /home/airflow/.local/lib/python3.12/site-packages/airflow/example_dags/example_workday_timetable.py for tasks to queue
[2025-10-10T09:36:20.103+0000] {logging_mixin.py:190} INFO - [2025-10-10T09:36:20.103+0000] {dagbag.py:588} INFO - Filling up the DagBag from /home/airflow/.local/lib/python3.12/site-packages/airflow/example_dags/example_workday_timetable.py
[2025-10-10T09:36:20.106+0000] {processor.py:925} INFO - DAG(s) 'example_workday_timetable' retrieved from /home/airflow/.local/lib/python3.12/site-packages/airflow/example_dags/example_workday_timetable.py
[2025-10-10T09:36:20.166+0000] {logging_mixin.py:190} INFO - [2025-10-10T09:36:20.165+0000] {override.py:1911} INFO - Created Permission View: can edit on DAG:example_workday_timetable
[2025-10-10T09:36:20.172+0000] {logging_mixin.py:190} INFO - [2025-10-10T09:36:20.172+0000] {override.py:1911} INFO - Created Permission View: can read on DAG:example_workday_timetable
[2025-10-10T09:36:20.181+0000] {logging_mixin.py:190} INFO - [2025-10-10T09:36:20.180+0000] {override.py:1911} INFO - Created Permission View: can delete on DAG:example_workday_timetable
[2025-10-10T09:36:20.189+0000] {logging_mixin.py:190} INFO - [2025-10-10T09:36:20.189+0000] {override.py:1911} INFO - Created Permission View: can read on DAG Run:example_workday_timetable
[2025-10-10T09:36:20.193+0000] {logging_mixin.py:190} INFO - [2025-10-10T09:36:20.193+0000] {override.py:1911} INFO - Created Permission View: menu access on DAG Run:example_workday_timetable
[2025-10-10T09:36:20.196+0000] {logging_mixin.py:190} INFO - [2025-10-10T09:36:20.196+0000] {override.py:1911} INFO - Created Permission View: can delete on DAG Run:example_workday_timetable
[2025-10-10T09:36:20.201+0000] {logging_mixin.py:190} INFO - [2025-10-10T09:36:20.201+0000] {override.py:1911} INFO - Created Permission View: can create on DAG Run:example_workday_timetable
[2025-10-10T09:36:20.202+0000] {logging_mixin.py:190} INFO - [2025-10-10T09:36:20.202+0000] {dag.py:3239} INFO - Sync 1 DAGs
[2025-10-10T09:36:20.209+0000] {logging_mixin.py:190} INFO - [2025-10-10T09:36:20.209+0000] {dag.py:3262} INFO - Creating ORM DAG for example_workday_timetable
[2025-10-10T09:36:20.262+0000] {logging_mixin.py:190} INFO - [2025-10-10T09:36:20.262+0000] {dag.py:4180} INFO - Setting next_dagrun for example_workday_timetable to 2021-01-04 00:00:00+00:00, run_after=2021-01-05 00:00:00+00:00
[2025-10-10T09:36:20.271+0000] {processor.py:208} INFO - Processing /home/airflow/.local/lib/python3.12/site-packages/airflow/example_dags/example_workday_timetable.py took 0.171 seconds
[2025-10-10T09:36:50.616+0000] {processor.py:186} INFO - Started process (PID=114) to work on /home/airflow/.local/lib/python3.12/site-packages/airflow/example_dags/example_workday_timetable.py
[2025-10-10T09:36:50.620+0000] {processor.py:914} INFO - Processing file /home/airflow/.local/lib/python3.12/site-packages/airflow/example_dags/example_workday_timetable.py for tasks to queue
[2025-10-10T09:36:50.621+0000] {logging_mixin.py:190} INFO - [2025-10-10T09:36:50.621+0000] {dagbag.py:588} INFO - Filling up the DagBag from /home/airflow/.local/lib/python3.12/site-packages/airflow/example_dags/example_workday_timetable.py
[2025-10-10T09:36:50.623+0000] {processor.py:925} INFO - DAG(s) 'example_workday_timetable' retrieved from /home/airflow/.local/lib/python3.12/site-packages/airflow/example_dags/example_workday_timetable.py
[2025-10-10T09:36:50.631+0000] {logging_mixin.py:190} INFO - [2025-10-10T09:36:50.630+0000] {dag.py:3239} INFO - Sync 1 DAGs
[2025-10-10T09:36:50.662+0000] {logging_mixin.py:190} INFO - [2025-10-10T09:36:50.662+0000] {dag.py:4180} INFO - Setting next_dagrun for example_workday_timetable to 2021-01-04 00:00:00+00:00, run_after=2021-01-05 00:00:00+00:00
[2025-10-10T09:36:50.668+0000] {processor.py:208} INFO - Processing /home/airflow/.local/lib/python3.12/site-packages/airflow/example_dags/example_workday_timetable.py took 0.054 seconds
[2025-10-10T09:37:20.752+0000] {processor.py:186} INFO - Started process (PID=177) to work on /home/airflow/.local/lib/python3.12/site-packages/airflow/example_dags/example_workday_timetable.py
[2025-10-10T09:37:20.755+0000] {processor.py:914} INFO - Processing file /home/airflow/.local/lib/python3.12/site-packages/airflow/example_dags/example_workday_timetable.py for tasks to queue
[2025-10-10T09:37:20.756+0000] {logging_mixin.py:190} INFO - [2025-10-10T09:37:20.756+0000] {dagbag.py:588} INFO - Filling up the DagBag from /home/airflow/.local/lib/python3.12/site-packages/airflow/example_dags/example_workday_timetable.py
[2025-10-10T09:37:20.758+0000] {processor.py:925} INFO - DAG(s) 'example_workday_timetable' retrieved from /home/airflow/.local/lib/python3.12/site-packages/airflow/example_dags/example_workday_timetable.py
[2025-10-10T09:37:20.768+0000] {logging_mixin.py:190} INFO - [2025-10-10T09:37:20.767+0000] {dag.py:3239} INFO - Sync 1 DAGs
[2025-10-10T09:37:20.793+0000] {logging_mixin.py:190} INFO - [2025-10-10T09:37:20.792+0000] {dag.py:4180} INFO - Setting next_dagrun for example_workday_timetable to 2021-01-04 00:00:00+00:00, run_after=2021-01-05 00:00:00+00:00
[2025-10-10T09:37:20.798+0000] {processor.py:208} INFO - Processing /home/airflow/.local/lib/python3.12/site-packages/airflow/example_dags/example_workday_timetable.py took 0.049 seconds
[2025-10-10T09:37:51.055+0000] {processor.py:186} INFO - Started process (PID=240) to work on /home/airflow/.local/lib/python3.12/site-packages/airflow/example_dags/example_workday_timetable.py
[2025-10-10T09:37:51.058+0000] {processor.py:914} INFO - Processing file /home/airflow/.local/lib/python3.12/site-packages/airflow/example_dags/example_workday_timetable.py for tasks to queue
[2025-10-10T09:37:51.059+0000] {logging_mixin.py:190} INFO - [2025-10-10T09:37:51.059+0000] {dagbag.py:588} INFO - Filling up the DagBag from /home/airflow/.local/lib/python3.12/site-packages/airflow/example_dags/example_workday_timetable.py
[2025-10-10T09:37:51.062+0000] {processor.py:925} INFO - DAG(s) 'example_workday_timetable' retrieved from /home/airflow/.local/lib/python3.12/site-packages/airflow/example_dags/example_workday_timetable.py
[2025-10-10T09:37:51.068+0000] {logging_mixin.py:190} INFO - [2025-10-10T09:37:51.068+0000] {dag.py:3239} INFO - Sync 1 DAGs
[2025-10-10T09:37:51.091+0000] {logging_mixin.py:190} INFO - [2025-10-10T09:37:51.091+0000] {dag.py:4180} INFO - Setting next_dagrun for example_workday_timetable to 2021-01-04 00:00:00+00:00, run_after=2021-01-05 00:00:00+00:00
[2025-10-10T09:37:51.097+0000] {processor.py:208} INFO - Processing /home/airflow/.local/lib/python3.12/site-packages/airflow/example_dags/example_workday_timetable.py took 0.044 seconds
[2025-10-10T09:38:16.799+0000] {processor.py:186} INFO - Started process (PID=42) to work on /home/airflow/.local/lib/python3.12/site-packages/airflow/example_dags/example_workday_timetable.py
[2025-10-10T09:38:16.799+0000] {processor.py:914} INFO - Processing file /home/airflow/.local/lib/python3.12/site-packages/airflow/example_dags/example_workday_timetable.py for tasks to queue
[2025-10-10T09:38:16.800+0000] {logging_mixin.py:190} INFO - [2025-10-10T09:38:16.800+0000] {dagbag.py:588} INFO - Filling up the DagBag from /home/airflow/.local/lib/python3.12/site-packages/airflow/example_dags/example_workday_timetable.py
[2025-10-10T09:38:16.802+0000] {processor.py:925} INFO - DAG(s) 'example_workday_timetable' retrieved from /home/airflow/.local/lib/python3.12/site-packages/airflow/example_dags/example_workday_timetable.py
[2025-10-10T09:38:16.811+0000] {logging_mixin.py:190} INFO - [2025-10-10T09:38:16.811+0000] {dag.py:3239} INFO - Sync 1 DAGs
[2025-10-10T09:38:16.831+0000] {logging_mixin.py:190} INFO - [2025-10-10T09:38:16.831+0000] {dag.py:4180} INFO - Setting next_dagrun for example_workday_timetable to 2021-01-04 00:00:00+00:00, run_after=2021-01-05 00:00:00+00:00
[2025-10-10T09:38:16.837+0000] {processor.py:208} INFO - Processing /home/airflow/.local/lib/python3.12/site-packages/airflow/example_dags/example_workday_timetable.py took 0.041 seconds
[2025-10-10T09:38:47.861+0000] {processor.py:186} INFO - Started process (PID=112) to work on /home/airflow/.local/lib/python3.12/site-packages/airflow/example_dags/example_workday_timetable.py
[2025-10-10T09:38:47.861+0000] {processor.py:914} INFO - Processing file /home/airflow/.local/lib/python3.12/site-packages/airflow/example_dags/example_workday_timetable.py for tasks to queue
[2025-10-10T09:38:47.862+0000] {logging_mixin.py:190} INFO - [2025-10-10T09:38:47.862+0000] {dagbag.py:588} INFO - Filling up the DagBag from /home/airflow/.local/lib/python3.12/site-packages/airflow/example_dags/example_workday_timetable.py
[2025-10-10T09:38:47.864+0000] {processor.py:925} INFO - DAG(s) 'example_workday_timetable' retrieved from /home/airflow/.local/lib/python3.12/site-packages/airflow/example_dags/example_workday_timetable.py
[2025-10-10T09:38:47.872+0000] {logging_mixin.py:190} INFO - [2025-10-10T09:38:47.872+0000] {dag.py:3239} INFO - Sync 1 DAGs
[2025-10-10T09:38:47.895+0000] {logging_mixin.py:190} INFO - [2025-10-10T09:38:47.894+0000] {dag.py:4180} INFO - Setting next_dagrun for example_workday_timetable to 2021-01-04 00:00:00+00:00, run_after=2021-01-05 00:00:00+00:00
[2025-10-10T09:38:47.903+0000] {processor.py:208} INFO - Processing /home/airflow/.local/lib/python3.12/site-packages/airflow/example_dags/example_workday_timetable.py took 0.044 seconds
[2025-10-10T09:39:18.933+0000] {processor.py:186} INFO - Started process (PID=176) to work on /home/airflow/.local/lib/python3.12/site-packages/airflow/example_dags/example_workday_timetable.py
[2025-10-10T09:39:18.933+0000] {processor.py:914} INFO - Processing file /home/airflow/.local/lib/python3.12/site-packages/airflow/example_dags/example_workday_timetable.py for tasks to queue
[2025-10-10T09:39:18.934+0000] {logging_mixin.py:190} INFO - [2025-10-10T09:39:18.934+0000] {dagbag.py:588} INFO - Filling up the DagBag from /home/airflow/.local/lib/python3.12/site-packages/airflow/example_dags/example_workday_timetable.py
[2025-10-10T09:39:18.936+0000] {processor.py:925} INFO - DAG(s) 'example_workday_timetable' retrieved from /home/airflow/.local/lib/python3.12/site-packages/airflow/example_dags/example_workday_timetable.py
[2025-10-10T09:39:18.944+0000] {logging_mixin.py:190} INFO - [2025-10-10T09:39:18.944+0000] {dag.py:3239} INFO - Sync 1 DAGs
[2025-10-10T09:39:18.967+0000] {logging_mixin.py:190} INFO - [2025-10-10T09:39:18.967+0000] {dag.py:4180} INFO - Setting next_dagrun for example_workday_timetable to 2021-01-04 00:00:00+00:00, run_after=2021-01-05 00:00:00+00:00
[2025-10-10T09:39:18.980+0000] {processor.py:208} INFO - Processing /home/airflow/.local/lib/python3.12/site-packages/airflow/example_dags/example_workday_timetable.py took 0.050 seconds
[2025-10-10T09:39:49.008+0000] {processor.py:186} INFO - Started process (PID=239) to work on /home/airflow/.local/lib/python3.12/site-packages/airflow/example_dags/example_workday_timetable.py
[2025-10-10T09:39:49.010+0000] {processor.py:914} INFO - Processing file /home/airflow/.local/lib/python3.12/site-packages/airflow/example_dags/example_workday_timetable.py for tasks to queue
[2025-10-10T09:39:49.011+0000] {logging_mixin.py:190} INFO - [2025-10-10T09:39:49.011+0000] {dagbag.py:588} INFO - Filling up the DagBag from /home/airflow/.local/lib/python3.12/site-packages/airflow/example_dags/example_workday_timetable.py
[2025-10-10T09:39:49.013+0000] {processor.py:925} INFO - DAG(s) 'example_workday_timetable' retrieved from /home/airflow/.local/lib/python3.12/site-packages/airflow/example_dags/example_workday_timetable.py
[2025-10-10T09:39:49.021+0000] {logging_mixin.py:190} INFO - [2025-10-10T09:39:49.021+0000] {dag.py:3239} INFO - Sync 1 DAGs
[2025-10-10T09:39:49.041+0000] {logging_mixin.py:190} INFO - [2025-10-10T09:39:49.041+0000] {dag.py:4180} INFO - Setting next_dagrun for example_workday_timetable to 2021-01-04 00:00:00+00:00, run_after=2021-01-05 00:00:00+00:00
[2025-10-10T09:39:49.047+0000] {processor.py:208} INFO - Processing /home/airflow/.local/lib/python3.12/site-packages/airflow/example_dags/example_workday_timetable.py took 0.041 seconds
[2025-10-10T09:40:19.173+0000] {processor.py:186} INFO - Started process (PID=303) to work on /home/airflow/.local/lib/python3.12/site-packages/airflow/example_dags/example_workday_timetable.py
[2025-10-10T09:40:19.174+0000] {processor.py:914} INFO - Processing file /home/airflow/.local/lib/python3.12/site-packages/airflow/example_dags/example_workday_timetable.py for tasks to queue
[2025-10-10T09:40:19.175+0000] {logging_mixin.py:190} INFO - [2025-10-10T09:40:19.175+0000] {dagbag.py:588} INFO - Filling up the DagBag from /home/airflow/.local/lib/python3.12/site-packages/airflow/example_dags/example_workday_timetable.py
[2025-10-10T09:40:19.177+0000] {processor.py:925} INFO - DAG(s) 'example_workday_timetable' retrieved from /home/airflow/.local/lib/python3.12/site-packages/airflow/example_dags/example_workday_timetable.py
[2025-10-10T09:40:19.186+0000] {logging_mixin.py:190} INFO - [2025-10-10T09:40:19.186+0000] {dag.py:3239} INFO - Sync 1 DAGs
[2025-10-10T09:40:19.210+0000] {logging_mixin.py:190} INFO - [2025-10-10T09:40:19.210+0000] {dag.py:4180} INFO - Setting next_dagrun for example_workday_timetable to 2021-01-04 00:00:00+00:00, run_after=2021-01-05 00:00:00+00:00
[2025-10-10T09:40:19.219+0000] {processor.py:208} INFO - Processing /home/airflow/.local/lib/python3.12/site-packages/airflow/example_dags/example_workday_timetable.py took 0.048 seconds
[2025-10-10T09:40:49.405+0000] {processor.py:186} INFO - Started process (PID=367) to work on /home/airflow/.local/lib/python3.12/site-packages/airflow/example_dags/example_workday_timetable.py
[2025-10-10T09:40:49.405+0000] {processor.py:914} INFO - Processing file /home/airflow/.local/lib/python3.12/site-packages/airflow/example_dags/example_workday_timetable.py for tasks to queue
[2025-10-10T09:40:49.406+0000] {logging_mixin.py:190} INFO - [2025-10-10T09:40:49.406+0000] {dagbag.py:588} INFO - Filling up the DagBag from /home/airflow/.local/lib/python3.12/site-packages/airflow/example_dags/example_workday_timetable.py
[2025-10-10T09:40:49.409+0000] {processor.py:925} INFO - DAG(s) 'example_workday_timetable' retrieved from /home/airflow/.local/lib/python3.12/site-packages/airflow/example_dags/example_workday_timetable.py
[2025-10-10T09:40:49.418+0000] {logging_mixin.py:190} INFO - [2025-10-10T09:40:49.418+0000] {dag.py:3239} INFO - Sync 1 DAGs
[2025-10-10T09:40:49.441+0000] {logging_mixin.py:190} INFO - [2025-10-10T09:40:49.441+0000] {dag.py:4180} INFO - Setting next_dagrun for example_workday_timetable to 2021-01-04 00:00:00+00:00, run_after=2021-01-05 00:00:00+00:00
[2025-10-10T09:40:49.448+0000] {processor.py:208} INFO - Processing /home/airflow/.local/lib/python3.12/site-packages/airflow/example_dags/example_workday_timetable.py took 0.046 seconds
[2025-10-10T09:41:19.591+0000] {processor.py:186} INFO - Started process (PID=431) to work on /home/airflow/.local/lib/python3.12/site-packages/airflow/example_dags/example_workday_timetable.py
[2025-10-10T09:41:19.592+0000] {processor.py:914} INFO - Processing file /home/airflow/.local/lib/python3.12/site-packages/airflow/example_dags/example_workday_timetable.py for tasks to queue
[2025-10-10T09:41:19.593+0000] {logging_mixin.py:190} INFO - [2025-10-10T09:41:19.592+0000] {dagbag.py:588} INFO - Filling up the DagBag from /home/airflow/.local/lib/python3.12/site-packages/airflow/example_dags/example_workday_timetable.py
[2025-10-10T09:41:19.595+0000] {processor.py:925} INFO - DAG(s) 'example_workday_timetable' retrieved from /home/airflow/.local/lib/python3.12/site-packages/airflow/example_dags/example_workday_timetable.py
[2025-10-10T09:41:19.603+0000] {logging_mixin.py:190} INFO - [2025-10-10T09:41:19.603+0000] {dag.py:3239} INFO - Sync 1 DAGs
[2025-10-10T09:41:19.626+0000] {logging_mixin.py:190} INFO - [2025-10-10T09:41:19.626+0000] {dag.py:4180} INFO - Setting next_dagrun for example_workday_timetable to 2021-01-04 00:00:00+00:00, run_after=2021-01-05 00:00:00+00:00
[2025-10-10T09:41:19.631+0000] {processor.py:208} INFO - Processing /home/airflow/.local/lib/python3.12/site-packages/airflow/example_dags/example_workday_timetable.py took 0.042 seconds
[2025-10-10T09:41:49.741+0000] {processor.py:186} INFO - Started process (PID=496) to work on /home/airflow/.local/lib/python3.12/site-packages/airflow/example_dags/example_workday_timetable.py
[2025-10-10T09:41:49.742+0000] {processor.py:914} INFO - Processing file /home/airflow/.local/lib/python3.12/site-packages/airflow/example_dags/example_workday_timetable.py for tasks to queue
[2025-10-10T09:41:49.742+0000] {logging_mixin.py:190} INFO - [2025-10-10T09:41:49.742+0000] {dagbag.py:588} INFO - Filling up the DagBag from /home/airflow/.local/lib/python3.12/site-packages/airflow/example_dags/example_workday_timetable.py
[2025-10-10T09:41:49.745+0000] {processor.py:925} INFO - DAG(s) 'example_workday_timetable' retrieved from /home/airflow/.local/lib/python3.12/site-packages/airflow/example_dags/example_workday_timetable.py
[2025-10-10T09:41:49.751+0000] {logging_mixin.py:190} INFO - [2025-10-10T09:41:49.751+0000] {dag.py:3239} INFO - Sync 1 DAGs
[2025-10-10T09:41:49.773+0000] {logging_mixin.py:190} INFO - [2025-10-10T09:41:49.773+0000] {dag.py:4180} INFO - Setting next_dagrun for example_workday_timetable to 2021-01-04 00:00:00+00:00, run_after=2021-01-05 00:00:00+00:00
[2025-10-10T09:41:49.780+0000] {processor.py:208} INFO - Processing /home/airflow/.local/lib/python3.12/site-packages/airflow/example_dags/example_workday_timetable.py took 0.042 seconds
[2025-10-10T09:42:19.916+0000] {processor.py:186} INFO - Started process (PID=559) to work on /home/airflow/.local/lib/python3.12/site-packages/airflow/example_dags/example_workday_timetable.py
[2025-10-10T09:42:19.918+0000] {processor.py:914} INFO - Processing file /home/airflow/.local/lib/python3.12/site-packages/airflow/example_dags/example_workday_timetable.py for tasks to queue
[2025-10-10T09:42:19.920+0000] {logging_mixin.py:190} INFO - [2025-10-10T09:42:19.920+0000] {dagbag.py:588} INFO - Filling up the DagBag from /home/airflow/.local/lib/python3.12/site-packages/airflow/example_dags/example_workday_timetable.py
[2025-10-10T09:42:19.923+0000] {processor.py:925} INFO - DAG(s) 'example_workday_timetable' retrieved from /home/airflow/.local/lib/python3.12/site-packages/airflow/example_dags/example_workday_timetable.py
[2025-10-10T09:42:19.930+0000] {logging_mixin.py:190} INFO - [2025-10-10T09:42:19.930+0000] {dag.py:3239} INFO - Sync 1 DAGs
[2025-10-10T09:42:19.953+0000] {logging_mixin.py:190} INFO - [2025-10-10T09:42:19.953+0000] {dag.py:4180} INFO - Setting next_dagrun for example_workday_timetable to 2021-01-04 00:00:00+00:00, run_after=2021-01-05 00:00:00+00:00
[2025-10-10T09:42:19.965+0000] {processor.py:208} INFO - Processing /home/airflow/.local/lib/python3.12/site-packages/airflow/example_dags/example_workday_timetable.py took 0.052 seconds
[2025-10-10T09:42:50.963+0000] {processor.py:186} INFO - Started process (PID=623) to work on /home/airflow/.local/lib/python3.12/site-packages/airflow/example_dags/example_workday_timetable.py
[2025-10-10T09:42:50.965+0000] {processor.py:914} INFO - Processing file /home/airflow/.local/lib/python3.12/site-packages/airflow/example_dags/example_workday_timetable.py for tasks to queue
[2025-10-10T09:42:50.966+0000] {logging_mixin.py:190} INFO - [2025-10-10T09:42:50.965+0000] {dagbag.py:588} INFO - Filling up the DagBag from /home/airflow/.local/lib/python3.12/site-packages/airflow/example_dags/example_workday_timetable.py
[2025-10-10T09:42:50.968+0000] {processor.py:925} INFO - DAG(s) 'example_workday_timetable' retrieved from /home/airflow/.local/lib/python3.12/site-packages/airflow/example_dags/example_workday_timetable.py
[2025-10-10T09:42:50.976+0000] {logging_mixin.py:190} INFO - [2025-10-10T09:42:50.976+0000] {dag.py:3239} INFO - Sync 1 DAGs
[2025-10-10T09:42:51.000+0000] {logging_mixin.py:190} INFO - [2025-10-10T09:42:51.000+0000] {dag.py:4180} INFO - Setting next_dagrun for example_workday_timetable to 2021-01-04 00:00:00+00:00, run_after=2021-01-05 00:00:00+00:00
[2025-10-10T09:42:51.012+0000] {processor.py:208} INFO - Processing /home/airflow/.local/lib/python3.12/site-packages/airflow/example_dags/example_workday_timetable.py took 0.051 seconds
[2025-10-10T09:43:21.263+0000] {processor.py:186} INFO - Started process (PID=687) to work on /home/airflow/.local/lib/python3.12/site-packages/airflow/example_dags/example_workday_timetable.py
[2025-10-10T09:43:21.264+0000] {processor.py:914} INFO - Processing file /home/airflow/.local/lib/python3.12/site-packages/airflow/example_dags/example_workday_timetable.py for tasks to queue
[2025-10-10T09:43:21.265+0000] {logging_mixin.py:190} INFO - [2025-10-10T09:43:21.265+0000] {dagbag.py:588} INFO - Filling up the DagBag from /home/airflow/.local/lib/python3.12/site-packages/airflow/example_dags/example_workday_timetable.py
[2025-10-10T09:43:21.267+0000] {processor.py:925} INFO - DAG(s) 'example_workday_timetable' retrieved from /home/airflow/.local/lib/python3.12/site-packages/airflow/example_dags/example_workday_timetable.py
[2025-10-10T09:43:21.274+0000] {logging_mixin.py:190} INFO - [2025-10-10T09:43:21.274+0000] {dag.py:3239} INFO - Sync 1 DAGs
[2025-10-10T09:43:21.293+0000] {logging_mixin.py:190} INFO - [2025-10-10T09:43:21.293+0000] {dag.py:4180} INFO - Setting next_dagrun for example_workday_timetable to 2021-01-04 00:00:00+00:00, run_after=2021-01-05 00:00:00+00:00
[2025-10-10T09:43:21.300+0000] {processor.py:208} INFO - Processing /home/airflow/.local/lib/python3.12/site-packages/airflow/example_dags/example_workday_timetable.py took 0.039 seconds
[2025-10-10T09:44:08.579+0000] {processor.py:186} INFO - Started process (PID=48) to work on /home/airflow/.local/lib/python3.12/site-packages/airflow/example_dags/example_workday_timetable.py
[2025-10-10T09:44:08.580+0000] {processor.py:914} INFO - Processing file /home/airflow/.local/lib/python3.12/site-packages/airflow/example_dags/example_workday_timetable.py for tasks to queue
[2025-10-10T09:44:08.581+0000] {logging_mixin.py:190} INFO - [2025-10-10T09:44:08.580+0000] {dagbag.py:588} INFO - Filling up the DagBag from /home/airflow/.local/lib/python3.12/site-packages/airflow/example_dags/example_workday_timetable.py
[2025-10-10T09:44:08.583+0000] {processor.py:925} INFO - DAG(s) 'example_workday_timetable' retrieved from /home/airflow/.local/lib/python3.12/site-packages/airflow/example_dags/example_workday_timetable.py
[2025-10-10T09:44:08.596+0000] {logging_mixin.py:190} INFO - [2025-10-10T09:44:08.596+0000] {dag.py:3239} INFO - Sync 1 DAGs
[2025-10-10T09:44:08.617+0000] {logging_mixin.py:190} INFO - [2025-10-10T09:44:08.617+0000] {dag.py:4180} INFO - Setting next_dagrun for example_workday_timetable to 2021-01-04 00:00:00+00:00, run_after=2021-01-05 00:00:00+00:00
[2025-10-10T09:44:08.623+0000] {processor.py:208} INFO - Processing /home/airflow/.local/lib/python3.12/site-packages/airflow/example_dags/example_workday_timetable.py took 0.046 seconds
[2025-10-10T09:44:39.143+0000] {processor.py:186} INFO - Started process (PID=118) to work on /home/airflow/.local/lib/python3.12/site-packages/airflow/example_dags/example_workday_timetable.py
[2025-10-10T09:44:39.143+0000] {processor.py:914} INFO - Processing file /home/airflow/.local/lib/python3.12/site-packages/airflow/example_dags/example_workday_timetable.py for tasks to queue
[2025-10-10T09:44:39.144+0000] {logging_mixin.py:190} INFO - [2025-10-10T09:44:39.144+0000] {dagbag.py:588} INFO - Filling up the DagBag from /home/airflow/.local/lib/python3.12/site-packages/airflow/example_dags/example_workday_timetable.py
[2025-10-10T09:44:39.146+0000] {processor.py:925} INFO - DAG(s) 'example_workday_timetable' retrieved from /home/airflow/.local/lib/python3.12/site-packages/airflow/example_dags/example_workday_timetable.py
[2025-10-10T09:44:39.154+0000] {logging_mixin.py:190} INFO - [2025-10-10T09:44:39.154+0000] {dag.py:3239} INFO - Sync 1 DAGs
[2025-10-10T09:44:39.176+0000] {logging_mixin.py:190} INFO - [2025-10-10T09:44:39.176+0000] {dag.py:4180} INFO - Setting next_dagrun for example_workday_timetable to 2021-01-04 00:00:00+00:00, run_after=2021-01-05 00:00:00+00:00
[2025-10-10T09:44:39.182+0000] {processor.py:208} INFO - Processing /home/airflow/.local/lib/python3.12/site-packages/airflow/example_dags/example_workday_timetable.py took 0.041 seconds
[2025-10-10T09:45:10.292+0000] {processor.py:186} INFO - Started process (PID=183) to work on /home/airflow/.local/lib/python3.12/site-packages/airflow/example_dags/example_workday_timetable.py
[2025-10-10T09:45:10.292+0000] {processor.py:914} INFO - Processing file /home/airflow/.local/lib/python3.12/site-packages/airflow/example_dags/example_workday_timetable.py for tasks to queue
[2025-10-10T09:45:10.293+0000] {logging_mixin.py:190} INFO - [2025-10-10T09:45:10.293+0000] {dagbag.py:588} INFO - Filling up the DagBag from /home/airflow/.local/lib/python3.12/site-packages/airflow/example_dags/example_workday_timetable.py
[2025-10-10T09:45:10.295+0000] {processor.py:925} INFO - DAG(s) 'example_workday_timetable' retrieved from /home/airflow/.local/lib/python3.12/site-packages/airflow/example_dags/example_workday_timetable.py
[2025-10-10T09:45:10.305+0000] {logging_mixin.py:190} INFO - [2025-10-10T09:45:10.304+0000] {dag.py:3239} INFO - Sync 1 DAGs
[2025-10-10T09:45:10.347+0000] {logging_mixin.py:190} INFO - [2025-10-10T09:45:10.347+0000] {dag.py:4180} INFO - Setting next_dagrun for example_workday_timetable to 2021-01-04 00:00:00+00:00, run_after=2021-01-05 00:00:00+00:00
[2025-10-10T09:45:10.359+0000] {processor.py:208} INFO - Processing /home/airflow/.local/lib/python3.12/site-packages/airflow/example_dags/example_workday_timetable.py took 0.069 seconds
[2025-10-10T09:45:41.320+0000] {processor.py:186} INFO - Started process (PID=255) to work on /home/airflow/.local/lib/python3.12/site-packages/airflow/example_dags/example_workday_timetable.py
[2025-10-10T09:45:41.321+0000] {processor.py:914} INFO - Processing file /home/airflow/.local/lib/python3.12/site-packages/airflow/example_dags/example_workday_timetable.py for tasks to queue
[2025-10-10T09:45:41.322+0000] {logging_mixin.py:190} INFO - [2025-10-10T09:45:41.321+0000] {dagbag.py:588} INFO - Filling up the DagBag from /home/airflow/.local/lib/python3.12/site-packages/airflow/example_dags/example_workday_timetable.py
[2025-10-10T09:45:41.324+0000] {processor.py:925} INFO - DAG(s) 'example_workday_timetable' retrieved from /home/airflow/.local/lib/python3.12/site-packages/airflow/example_dags/example_workday_timetable.py
[2025-10-10T09:45:41.331+0000] {logging_mixin.py:190} INFO - [2025-10-10T09:45:41.331+0000] {dag.py:3239} INFO - Sync 1 DAGs
[2025-10-10T09:45:41.351+0000] {logging_mixin.py:190} INFO - [2025-10-10T09:45:41.351+0000] {dag.py:4180} INFO - Setting next_dagrun for example_workday_timetable to 2021-01-04 00:00:00+00:00, run_after=2021-01-05 00:00:00+00:00
[2025-10-10T09:45:41.357+0000] {processor.py:208} INFO - Processing /home/airflow/.local/lib/python3.12/site-packages/airflow/example_dags/example_workday_timetable.py took 0.039 seconds
[2025-10-10T09:46:12.321+0000] {processor.py:186} INFO - Started process (PID=319) to work on /home/airflow/.local/lib/python3.12/site-packages/airflow/example_dags/example_workday_timetable.py
[2025-10-10T09:46:12.321+0000] {processor.py:914} INFO - Processing file /home/airflow/.local/lib/python3.12/site-packages/airflow/example_dags/example_workday_timetable.py for tasks to queue
[2025-10-10T09:46:12.322+0000] {logging_mixin.py:190} INFO - [2025-10-10T09:46:12.322+0000] {dagbag.py:588} INFO - Filling up the DagBag from /home/airflow/.local/lib/python3.12/site-packages/airflow/example_dags/example_workday_timetable.py
[2025-10-10T09:46:12.325+0000] {processor.py:925} INFO - DAG(s) 'example_workday_timetable' retrieved from /home/airflow/.local/lib/python3.12/site-packages/airflow/example_dags/example_workday_timetable.py
[2025-10-10T09:46:12.332+0000] {logging_mixin.py:190} INFO - [2025-10-10T09:46:12.332+0000] {dag.py:3239} INFO - Sync 1 DAGs
[2025-10-10T09:46:12.354+0000] {logging_mixin.py:190} INFO - [2025-10-10T09:46:12.354+0000] {dag.py:4180} INFO - Setting next_dagrun for example_workday_timetable to 2021-01-04 00:00:00+00:00, run_after=2021-01-05 00:00:00+00:00
[2025-10-10T09:46:12.361+0000] {processor.py:208} INFO - Processing /home/airflow/.local/lib/python3.12/site-packages/airflow/example_dags/example_workday_timetable.py took 0.043 seconds
[2025-10-10T09:46:43.349+0000] {processor.py:186} INFO - Started process (PID=383) to work on /home/airflow/.local/lib/python3.12/site-packages/airflow/example_dags/example_workday_timetable.py
[2025-10-10T09:46:43.350+0000] {processor.py:914} INFO - Processing file /home/airflow/.local/lib/python3.12/site-packages/airflow/example_dags/example_workday_timetable.py for tasks to queue
[2025-10-10T09:46:43.351+0000] {logging_mixin.py:190} INFO - [2025-10-10T09:46:43.351+0000] {dagbag.py:588} INFO - Filling up the DagBag from /home/airflow/.local/lib/python3.12/site-packages/airflow/example_dags/example_workday_timetable.py
[2025-10-10T09:46:43.355+0000] {processor.py:925} INFO - DAG(s) 'example_workday_timetable' retrieved from /home/airflow/.local/lib/python3.12/site-packages/airflow/example_dags/example_workday_timetable.py
[2025-10-10T09:46:43.362+0000] {logging_mixin.py:190} INFO - [2025-10-10T09:46:43.362+0000] {dag.py:3239} INFO - Sync 1 DAGs
[2025-10-10T09:46:43.381+0000] {logging_mixin.py:190} INFO - [2025-10-10T09:46:43.381+0000] {dag.py:4180} INFO - Setting next_dagrun for example_workday_timetable to 2021-01-04 00:00:00+00:00, run_after=2021-01-05 00:00:00+00:00
[2025-10-10T09:46:43.387+0000] {processor.py:208} INFO - Processing /home/airflow/.local/lib/python3.12/site-packages/airflow/example_dags/example_workday_timetable.py took 0.040 seconds
[2025-10-10T09:47:14.291+0000] {processor.py:186} INFO - Started process (PID=447) to work on /home/airflow/.local/lib/python3.12/site-packages/airflow/example_dags/example_workday_timetable.py
[2025-10-10T09:47:14.291+0000] {processor.py:914} INFO - Processing file /home/airflow/.local/lib/python3.12/site-packages/airflow/example_dags/example_workday_timetable.py for tasks to queue
[2025-10-10T09:47:14.292+0000] {logging_mixin.py:190} INFO - [2025-10-10T09:47:14.292+0000] {dagbag.py:588} INFO - Filling up the DagBag from /home/airflow/.local/lib/python3.12/site-packages/airflow/example_dags/example_workday_timetable.py
[2025-10-10T09:47:14.294+0000] {processor.py:925} INFO - DAG(s) 'example_workday_timetable' retrieved from /home/airflow/.local/lib/python3.12/site-packages/airflow/example_dags/example_workday_timetable.py
[2025-10-10T09:47:14.302+0000] {logging_mixin.py:190} INFO - [2025-10-10T09:47:14.302+0000] {dag.py:3239} INFO - Sync 1 DAGs
[2025-10-10T09:47:14.325+0000] {logging_mixin.py:190} INFO - [2025-10-10T09:47:14.324+0000] {dag.py:4180} INFO - Setting next_dagrun for example_workday_timetable to 2021-01-04 00:00:00+00:00, run_after=2021-01-05 00:00:00+00:00
[2025-10-10T09:47:14.330+0000] {processor.py:208} INFO - Processing /home/airflow/.local/lib/python3.12/site-packages/airflow/example_dags/example_workday_timetable.py took 0.042 seconds
[2025-10-10T09:47:44.368+0000] {processor.py:186} INFO - Started process (PID=510) to work on /home/airflow/.local/lib/python3.12/site-packages/airflow/example_dags/example_workday_timetable.py
[2025-10-10T09:47:44.370+0000] {processor.py:914} INFO - Processing file /home/airflow/.local/lib/python3.12/site-packages/airflow/example_dags/example_workday_timetable.py for tasks to queue
[2025-10-10T09:47:44.371+0000] {logging_mixin.py:190} INFO - [2025-10-10T09:47:44.371+0000] {dagbag.py:588} INFO - Filling up the DagBag from /home/airflow/.local/lib/python3.12/site-packages/airflow/example_dags/example_workday_timetable.py
[2025-10-10T09:47:44.375+0000] {processor.py:925} INFO - DAG(s) 'example_workday_timetable' retrieved from /home/airflow/.local/lib/python3.12/site-packages/airflow/example_dags/example_workday_timetable.py
[2025-10-10T09:47:44.386+0000] {logging_mixin.py:190} INFO - [2025-10-10T09:47:44.386+0000] {dag.py:3239} INFO - Sync 1 DAGs
[2025-10-10T09:47:44.405+0000] {logging_mixin.py:190} INFO - [2025-10-10T09:47:44.405+0000] {dag.py:4180} INFO - Setting next_dagrun for example_workday_timetable to 2021-01-04 00:00:00+00:00, run_after=2021-01-05 00:00:00+00:00
[2025-10-10T09:47:44.415+0000] {processor.py:208} INFO - Processing /home/airflow/.local/lib/python3.12/site-packages/airflow/example_dags/example_workday_timetable.py took 0.049 seconds
[2025-10-10T09:48:15.375+0000] {processor.py:186} INFO - Started process (PID=574) to work on /home/airflow/.local/lib/python3.12/site-packages/airflow/example_dags/example_workday_timetable.py
[2025-10-10T09:48:15.378+0000] {processor.py:914} INFO - Processing file /home/airflow/.local/lib/python3.12/site-packages/airflow/example_dags/example_workday_timetable.py for tasks to queue
[2025-10-10T09:48:15.380+0000] {logging_mixin.py:190} INFO - [2025-10-10T09:48:15.380+0000] {dagbag.py:588} INFO - Filling up the DagBag from /home/airflow/.local/lib/python3.12/site-packages/airflow/example_dags/example_workday_timetable.py
[2025-10-10T09:48:15.384+0000] {processor.py:925} INFO - DAG(s) 'example_workday_timetable' retrieved from /home/airflow/.local/lib/python3.12/site-packages/airflow/example_dags/example_workday_timetable.py
[2025-10-10T09:48:15.398+0000] {logging_mixin.py:190} INFO - [2025-10-10T09:48:15.398+0000] {dag.py:3239} INFO - Sync 1 DAGs
[2025-10-10T09:48:15.429+0000] {logging_mixin.py:190} INFO - [2025-10-10T09:48:15.429+0000] {dag.py:4180} INFO - Setting next_dagrun for example_workday_timetable to 2021-01-04 00:00:00+00:00, run_after=2021-01-05 00:00:00+00:00
[2025-10-10T09:48:15.441+0000] {processor.py:208} INFO - Processing /home/airflow/.local/lib/python3.12/site-packages/airflow/example_dags/example_workday_timetable.py took 0.071 seconds
[2025-10-10T09:48:45.827+0000] {processor.py:186} INFO - Started process (PID=638) to work on /home/airflow/.local/lib/python3.12/site-packages/airflow/example_dags/example_workday_timetable.py
[2025-10-10T09:48:45.829+0000] {processor.py:914} INFO - Processing file /home/airflow/.local/lib/python3.12/site-packages/airflow/example_dags/example_workday_timetable.py for tasks to queue
[2025-10-10T09:48:45.833+0000] {logging_mixin.py:190} INFO - [2025-10-10T09:48:45.833+0000] {dagbag.py:588} INFO - Filling up the DagBag from /home/airflow/.local/lib/python3.12/site-packages/airflow/example_dags/example_workday_timetable.py
[2025-10-10T09:48:45.837+0000] {processor.py:925} INFO - DAG(s) 'example_workday_timetable' retrieved from /home/airflow/.local/lib/python3.12/site-packages/airflow/example_dags/example_workday_timetable.py
[2025-10-10T09:48:45.850+0000] {logging_mixin.py:190} INFO - [2025-10-10T09:48:45.850+0000] {dag.py:3239} INFO - Sync 1 DAGs
[2025-10-10T09:48:45.879+0000] {logging_mixin.py:190} INFO - [2025-10-10T09:48:45.878+0000] {dag.py:4180} INFO - Setting next_dagrun for example_workday_timetable to 2021-01-04 00:00:00+00:00, run_after=2021-01-05 00:00:00+00:00
[2025-10-10T09:48:45.884+0000] {processor.py:208} INFO - Processing /home/airflow/.local/lib/python3.12/site-packages/airflow/example_dags/example_workday_timetable.py took 0.062 seconds
