[2025-10-10T09:36:20.369+0000] {processor.py:186} INFO - Started process (PID=54) to work on /home/airflow/.local/lib/python3.12/site-packages/airflow/example_dags/example_outlet_event_extra.py
[2025-10-10T09:36:20.370+0000] {processor.py:914} INFO - Processing file /home/airflow/.local/lib/python3.12/site-packages/airflow/example_dags/example_outlet_event_extra.py for tasks to queue
[2025-10-10T09:36:20.372+0000] {logging_mixin.py:190} INFO - [2025-10-10T09:36:20.372+0000] {dagbag.py:588} INFO - Filling up the DagBag from /home/airflow/.local/lib/python3.12/site-packages/airflow/example_dags/example_outlet_event_extra.py
[2025-10-10T09:36:20.625+0000] {processor.py:925} INFO - DAG(s) 'dataset_with_extra_from_classic_operator', 'dataset_with_extra_by_yield', 'dataset_with_extra_by_context' retrieved from /home/airflow/.local/lib/python3.12/site-packages/airflow/example_dags/example_outlet_event_extra.py
[2025-10-10T09:36:20.660+0000] {logging_mixin.py:190} INFO - [2025-10-10T09:36:20.660+0000] {override.py:1911} INFO - Created Permission View: can edit on DAG:dataset_with_extra_from_classic_operator
[2025-10-10T09:36:20.663+0000] {logging_mixin.py:190} INFO - [2025-10-10T09:36:20.663+0000] {override.py:1911} INFO - Created Permission View: can read on DAG:dataset_with_extra_from_classic_operator
[2025-10-10T09:36:20.665+0000] {logging_mixin.py:190} INFO - [2025-10-10T09:36:20.665+0000] {override.py:1911} INFO - Created Permission View: can delete on DAG:dataset_with_extra_from_classic_operator
[2025-10-10T09:36:20.668+0000] {logging_mixin.py:190} INFO - [2025-10-10T09:36:20.668+0000] {override.py:1911} INFO - Created Permission View: can read on DAG Run:dataset_with_extra_from_classic_operator
[2025-10-10T09:36:20.670+0000] {logging_mixin.py:190} INFO - [2025-10-10T09:36:20.670+0000] {override.py:1911} INFO - Created Permission View: menu access on DAG Run:dataset_with_extra_from_classic_operator
[2025-10-10T09:36:20.671+0000] {logging_mixin.py:190} INFO - [2025-10-10T09:36:20.671+0000] {override.py:1911} INFO - Created Permission View: can delete on DAG Run:dataset_with_extra_from_classic_operator
[2025-10-10T09:36:20.672+0000] {logging_mixin.py:190} INFO - [2025-10-10T09:36:20.672+0000] {override.py:1911} INFO - Created Permission View: can create on DAG Run:dataset_with_extra_from_classic_operator
[2025-10-10T09:36:20.676+0000] {logging_mixin.py:190} INFO - [2025-10-10T09:36:20.676+0000] {override.py:1911} INFO - Created Permission View: can edit on DAG:dataset_with_extra_by_yield
[2025-10-10T09:36:20.677+0000] {logging_mixin.py:190} INFO - [2025-10-10T09:36:20.677+0000] {override.py:1911} INFO - Created Permission View: can read on DAG:dataset_with_extra_by_yield
[2025-10-10T09:36:20.678+0000] {logging_mixin.py:190} INFO - [2025-10-10T09:36:20.678+0000] {override.py:1911} INFO - Created Permission View: can delete on DAG:dataset_with_extra_by_yield
[2025-10-10T09:36:20.680+0000] {logging_mixin.py:190} INFO - [2025-10-10T09:36:20.680+0000] {override.py:1911} INFO - Created Permission View: can read on DAG Run:dataset_with_extra_by_yield
[2025-10-10T09:36:20.681+0000] {logging_mixin.py:190} INFO - [2025-10-10T09:36:20.681+0000] {override.py:1911} INFO - Created Permission View: menu access on DAG Run:dataset_with_extra_by_yield
[2025-10-10T09:36:20.682+0000] {logging_mixin.py:190} INFO - [2025-10-10T09:36:20.682+0000] {override.py:1911} INFO - Created Permission View: can delete on DAG Run:dataset_with_extra_by_yield
[2025-10-10T09:36:20.683+0000] {logging_mixin.py:190} INFO - [2025-10-10T09:36:20.683+0000] {override.py:1911} INFO - Created Permission View: can create on DAG Run:dataset_with_extra_by_yield
[2025-10-10T09:36:20.686+0000] {logging_mixin.py:190} INFO - [2025-10-10T09:36:20.686+0000] {override.py:1911} INFO - Created Permission View: can edit on DAG:dataset_with_extra_by_context
[2025-10-10T09:36:20.687+0000] {logging_mixin.py:190} INFO - [2025-10-10T09:36:20.687+0000] {override.py:1911} INFO - Created Permission View: can read on DAG:dataset_with_extra_by_context
[2025-10-10T09:36:20.689+0000] {logging_mixin.py:190} INFO - [2025-10-10T09:36:20.689+0000] {override.py:1911} INFO - Created Permission View: can delete on DAG:dataset_with_extra_by_context
[2025-10-10T09:36:20.690+0000] {logging_mixin.py:190} INFO - [2025-10-10T09:36:20.690+0000] {override.py:1911} INFO - Created Permission View: can read on DAG Run:dataset_with_extra_by_context
[2025-10-10T09:36:20.692+0000] {logging_mixin.py:190} INFO - [2025-10-10T09:36:20.692+0000] {override.py:1911} INFO - Created Permission View: menu access on DAG Run:dataset_with_extra_by_context
[2025-10-10T09:36:20.693+0000] {logging_mixin.py:190} INFO - [2025-10-10T09:36:20.693+0000] {override.py:1911} INFO - Created Permission View: can delete on DAG Run:dataset_with_extra_by_context
[2025-10-10T09:36:20.694+0000] {logging_mixin.py:190} INFO - [2025-10-10T09:36:20.694+0000] {override.py:1911} INFO - Created Permission View: can create on DAG Run:dataset_with_extra_by_context
[2025-10-10T09:36:20.694+0000] {logging_mixin.py:190} INFO - [2025-10-10T09:36:20.694+0000] {dag.py:3239} INFO - Sync 3 DAGs
[2025-10-10T09:36:20.699+0000] {logging_mixin.py:190} INFO - [2025-10-10T09:36:20.698+0000] {dag.py:3262} INFO - Creating ORM DAG for dataset_with_extra_by_context
[2025-10-10T09:36:20.699+0000] {logging_mixin.py:190} INFO - [2025-10-10T09:36:20.699+0000] {dag.py:3262} INFO - Creating ORM DAG for dataset_with_extra_by_yield
[2025-10-10T09:36:20.700+0000] {logging_mixin.py:190} INFO - [2025-10-10T09:36:20.700+0000] {dag.py:3262} INFO - Creating ORM DAG for dataset_with_extra_from_classic_operator
[2025-10-10T09:36:20.703+0000] {logging_mixin.py:190} INFO - [2025-10-10T09:36:20.703+0000] {dag.py:4180} INFO - Setting next_dagrun for dataset_with_extra_by_context to 2025-10-09 00:00:00+00:00, run_after=2025-10-10 00:00:00+00:00
[2025-10-10T09:36:20.703+0000] {logging_mixin.py:190} INFO - [2025-10-10T09:36:20.703+0000] {dag.py:4180} INFO - Setting next_dagrun for dataset_with_extra_by_yield to 2025-10-09 00:00:00+00:00, run_after=2025-10-10 00:00:00+00:00
[2025-10-10T09:36:20.704+0000] {logging_mixin.py:190} INFO - [2025-10-10T09:36:20.704+0000] {dag.py:4180} INFO - Setting next_dagrun for dataset_with_extra_from_classic_operator to 2025-10-09 00:00:00+00:00, run_after=2025-10-10 00:00:00+00:00
[2025-10-10T09:36:20.711+0000] {processor.py:208} INFO - Processing /home/airflow/.local/lib/python3.12/site-packages/airflow/example_dags/example_outlet_event_extra.py took 0.344 seconds
[2025-10-10T09:36:50.725+0000] {processor.py:186} INFO - Started process (PID=118) to work on /home/airflow/.local/lib/python3.12/site-packages/airflow/example_dags/example_outlet_event_extra.py
[2025-10-10T09:36:50.726+0000] {processor.py:914} INFO - Processing file /home/airflow/.local/lib/python3.12/site-packages/airflow/example_dags/example_outlet_event_extra.py for tasks to queue
[2025-10-10T09:36:50.727+0000] {logging_mixin.py:190} INFO - [2025-10-10T09:36:50.727+0000] {dagbag.py:588} INFO - Filling up the DagBag from /home/airflow/.local/lib/python3.12/site-packages/airflow/example_dags/example_outlet_event_extra.py
[2025-10-10T09:36:50.977+0000] {processor.py:925} INFO - DAG(s) 'dataset_with_extra_by_context', 'dataset_with_extra_from_classic_operator', 'dataset_with_extra_by_yield' retrieved from /home/airflow/.local/lib/python3.12/site-packages/airflow/example_dags/example_outlet_event_extra.py
[2025-10-10T09:36:50.986+0000] {logging_mixin.py:190} INFO - [2025-10-10T09:36:50.986+0000] {dag.py:3239} INFO - Sync 3 DAGs
[2025-10-10T09:36:50.993+0000] {logging_mixin.py:190} INFO - [2025-10-10T09:36:50.993+0000] {dag.py:4180} INFO - Setting next_dagrun for dataset_with_extra_by_context to 2025-10-09 00:00:00+00:00, run_after=2025-10-10 00:00:00+00:00
[2025-10-10T09:36:50.995+0000] {logging_mixin.py:190} INFO - [2025-10-10T09:36:50.995+0000] {dag.py:4180} INFO - Setting next_dagrun for dataset_with_extra_by_yield to 2025-10-09 00:00:00+00:00, run_after=2025-10-10 00:00:00+00:00
[2025-10-10T09:36:50.996+0000] {logging_mixin.py:190} INFO - [2025-10-10T09:36:50.996+0000] {dag.py:4180} INFO - Setting next_dagrun for dataset_with_extra_from_classic_operator to 2025-10-09 00:00:00+00:00, run_after=2025-10-10 00:00:00+00:00
[2025-10-10T09:36:51.001+0000] {processor.py:208} INFO - Processing /home/airflow/.local/lib/python3.12/site-packages/airflow/example_dags/example_outlet_event_extra.py took 0.278 seconds
[2025-10-10T09:37:21.832+0000] {processor.py:186} INFO - Started process (PID=181) to work on /home/airflow/.local/lib/python3.12/site-packages/airflow/example_dags/example_outlet_event_extra.py
[2025-10-10T09:37:21.836+0000] {processor.py:914} INFO - Processing file /home/airflow/.local/lib/python3.12/site-packages/airflow/example_dags/example_outlet_event_extra.py for tasks to queue
[2025-10-10T09:37:21.838+0000] {logging_mixin.py:190} INFO - [2025-10-10T09:37:21.837+0000] {dagbag.py:588} INFO - Filling up the DagBag from /home/airflow/.local/lib/python3.12/site-packages/airflow/example_dags/example_outlet_event_extra.py
[2025-10-10T09:37:22.106+0000] {processor.py:925} INFO - DAG(s) 'dataset_with_extra_by_yield', 'dataset_with_extra_by_context', 'dataset_with_extra_from_classic_operator' retrieved from /home/airflow/.local/lib/python3.12/site-packages/airflow/example_dags/example_outlet_event_extra.py
[2025-10-10T09:37:22.114+0000] {logging_mixin.py:190} INFO - [2025-10-10T09:37:22.114+0000] {dag.py:3239} INFO - Sync 3 DAGs
[2025-10-10T09:37:22.122+0000] {logging_mixin.py:190} INFO - [2025-10-10T09:37:22.122+0000] {dag.py:4180} INFO - Setting next_dagrun for dataset_with_extra_by_context to 2025-10-09 00:00:00+00:00, run_after=2025-10-10 00:00:00+00:00
[2025-10-10T09:37:22.123+0000] {logging_mixin.py:190} INFO - [2025-10-10T09:37:22.123+0000] {dag.py:4180} INFO - Setting next_dagrun for dataset_with_extra_by_yield to 2025-10-09 00:00:00+00:00, run_after=2025-10-10 00:00:00+00:00
[2025-10-10T09:37:22.124+0000] {logging_mixin.py:190} INFO - [2025-10-10T09:37:22.124+0000] {dag.py:4180} INFO - Setting next_dagrun for dataset_with_extra_from_classic_operator to 2025-10-09 00:00:00+00:00, run_after=2025-10-10 00:00:00+00:00
[2025-10-10T09:37:22.130+0000] {processor.py:208} INFO - Processing /home/airflow/.local/lib/python3.12/site-packages/airflow/example_dags/example_outlet_event_extra.py took 0.300 seconds
[2025-10-10T09:37:52.162+0000] {processor.py:186} INFO - Started process (PID=244) to work on /home/airflow/.local/lib/python3.12/site-packages/airflow/example_dags/example_outlet_event_extra.py
[2025-10-10T09:37:52.167+0000] {processor.py:914} INFO - Processing file /home/airflow/.local/lib/python3.12/site-packages/airflow/example_dags/example_outlet_event_extra.py for tasks to queue
[2025-10-10T09:37:52.168+0000] {logging_mixin.py:190} INFO - [2025-10-10T09:37:52.168+0000] {dagbag.py:588} INFO - Filling up the DagBag from /home/airflow/.local/lib/python3.12/site-packages/airflow/example_dags/example_outlet_event_extra.py
[2025-10-10T09:37:52.406+0000] {processor.py:925} INFO - DAG(s) 'dataset_with_extra_by_yield', 'dataset_with_extra_from_classic_operator', 'dataset_with_extra_by_context' retrieved from /home/airflow/.local/lib/python3.12/site-packages/airflow/example_dags/example_outlet_event_extra.py
[2025-10-10T09:37:52.413+0000] {logging_mixin.py:190} INFO - [2025-10-10T09:37:52.413+0000] {dag.py:3239} INFO - Sync 3 DAGs
[2025-10-10T09:37:52.421+0000] {logging_mixin.py:190} INFO - [2025-10-10T09:37:52.421+0000] {dag.py:4180} INFO - Setting next_dagrun for dataset_with_extra_by_context to 2025-10-09 00:00:00+00:00, run_after=2025-10-10 00:00:00+00:00
[2025-10-10T09:37:52.422+0000] {logging_mixin.py:190} INFO - [2025-10-10T09:37:52.422+0000] {dag.py:4180} INFO - Setting next_dagrun for dataset_with_extra_by_yield to 2025-10-09 00:00:00+00:00, run_after=2025-10-10 00:00:00+00:00
[2025-10-10T09:37:52.423+0000] {logging_mixin.py:190} INFO - [2025-10-10T09:37:52.423+0000] {dag.py:4180} INFO - Setting next_dagrun for dataset_with_extra_from_classic_operator to 2025-10-09 00:00:00+00:00, run_after=2025-10-10 00:00:00+00:00
[2025-10-10T09:37:52.429+0000] {processor.py:208} INFO - Processing /home/airflow/.local/lib/python3.12/site-packages/airflow/example_dags/example_outlet_event_extra.py took 0.272 seconds
[2025-10-10T09:38:16.842+0000] {processor.py:186} INFO - Started process (PID=44) to work on /home/airflow/.local/lib/python3.12/site-packages/airflow/example_dags/example_outlet_event_extra.py
[2025-10-10T09:38:16.843+0000] {processor.py:914} INFO - Processing file /home/airflow/.local/lib/python3.12/site-packages/airflow/example_dags/example_outlet_event_extra.py for tasks to queue
[2025-10-10T09:38:16.843+0000] {logging_mixin.py:190} INFO - [2025-10-10T09:38:16.843+0000] {dagbag.py:588} INFO - Filling up the DagBag from /home/airflow/.local/lib/python3.12/site-packages/airflow/example_dags/example_outlet_event_extra.py
[2025-10-10T09:38:17.057+0000] {processor.py:925} INFO - DAG(s) 'dataset_with_extra_by_yield', 'dataset_with_extra_from_classic_operator', 'dataset_with_extra_by_context' retrieved from /home/airflow/.local/lib/python3.12/site-packages/airflow/example_dags/example_outlet_event_extra.py
[2025-10-10T09:38:17.065+0000] {logging_mixin.py:190} INFO - [2025-10-10T09:38:17.064+0000] {dag.py:3239} INFO - Sync 3 DAGs
[2025-10-10T09:38:17.073+0000] {logging_mixin.py:190} INFO - [2025-10-10T09:38:17.072+0000] {dag.py:4180} INFO - Setting next_dagrun for dataset_with_extra_by_context to 2025-10-09 00:00:00+00:00, run_after=2025-10-10 00:00:00+00:00
[2025-10-10T09:38:17.075+0000] {logging_mixin.py:190} INFO - [2025-10-10T09:38:17.075+0000] {dag.py:4180} INFO - Setting next_dagrun for dataset_with_extra_by_yield to 2025-10-09 00:00:00+00:00, run_after=2025-10-10 00:00:00+00:00
[2025-10-10T09:38:17.077+0000] {logging_mixin.py:190} INFO - [2025-10-10T09:38:17.077+0000] {dag.py:4180} INFO - Setting next_dagrun for dataset_with_extra_from_classic_operator to 2025-10-09 00:00:00+00:00, run_after=2025-10-10 00:00:00+00:00
[2025-10-10T09:38:17.086+0000] {processor.py:208} INFO - Processing /home/airflow/.local/lib/python3.12/site-packages/airflow/example_dags/example_outlet_event_extra.py took 0.246 seconds
[2025-10-10T09:38:47.950+0000] {processor.py:186} INFO - Started process (PID=114) to work on /home/airflow/.local/lib/python3.12/site-packages/airflow/example_dags/example_outlet_event_extra.py
[2025-10-10T09:38:47.951+0000] {processor.py:914} INFO - Processing file /home/airflow/.local/lib/python3.12/site-packages/airflow/example_dags/example_outlet_event_extra.py for tasks to queue
[2025-10-10T09:38:47.952+0000] {logging_mixin.py:190} INFO - [2025-10-10T09:38:47.951+0000] {dagbag.py:588} INFO - Filling up the DagBag from /home/airflow/.local/lib/python3.12/site-packages/airflow/example_dags/example_outlet_event_extra.py
[2025-10-10T09:38:48.152+0000] {processor.py:925} INFO - DAG(s) 'dataset_with_extra_by_context', 'dataset_with_extra_from_classic_operator', 'dataset_with_extra_by_yield' retrieved from /home/airflow/.local/lib/python3.12/site-packages/airflow/example_dags/example_outlet_event_extra.py
[2025-10-10T09:38:48.161+0000] {logging_mixin.py:190} INFO - [2025-10-10T09:38:48.161+0000] {dag.py:3239} INFO - Sync 3 DAGs
[2025-10-10T09:38:48.169+0000] {logging_mixin.py:190} INFO - [2025-10-10T09:38:48.168+0000] {dag.py:4180} INFO - Setting next_dagrun for dataset_with_extra_by_context to 2025-10-09 00:00:00+00:00, run_after=2025-10-10 00:00:00+00:00
[2025-10-10T09:38:48.171+0000] {logging_mixin.py:190} INFO - [2025-10-10T09:38:48.171+0000] {dag.py:4180} INFO - Setting next_dagrun for dataset_with_extra_by_yield to 2025-10-09 00:00:00+00:00, run_after=2025-10-10 00:00:00+00:00
[2025-10-10T09:38:48.172+0000] {logging_mixin.py:190} INFO - [2025-10-10T09:38:48.172+0000] {dag.py:4180} INFO - Setting next_dagrun for dataset_with_extra_from_classic_operator to 2025-10-09 00:00:00+00:00, run_after=2025-10-10 00:00:00+00:00
[2025-10-10T09:38:48.178+0000] {processor.py:208} INFO - Processing /home/airflow/.local/lib/python3.12/site-packages/airflow/example_dags/example_outlet_event_extra.py took 0.230 seconds
[2025-10-10T09:39:19.044+0000] {processor.py:186} INFO - Started process (PID=178) to work on /home/airflow/.local/lib/python3.12/site-packages/airflow/example_dags/example_outlet_event_extra.py
[2025-10-10T09:39:19.046+0000] {processor.py:914} INFO - Processing file /home/airflow/.local/lib/python3.12/site-packages/airflow/example_dags/example_outlet_event_extra.py for tasks to queue
[2025-10-10T09:39:19.047+0000] {logging_mixin.py:190} INFO - [2025-10-10T09:39:19.047+0000] {dagbag.py:588} INFO - Filling up the DagBag from /home/airflow/.local/lib/python3.12/site-packages/airflow/example_dags/example_outlet_event_extra.py
[2025-10-10T09:39:19.260+0000] {processor.py:925} INFO - DAG(s) 'dataset_with_extra_from_classic_operator', 'dataset_with_extra_by_yield', 'dataset_with_extra_by_context' retrieved from /home/airflow/.local/lib/python3.12/site-packages/airflow/example_dags/example_outlet_event_extra.py
[2025-10-10T09:39:19.267+0000] {logging_mixin.py:190} INFO - [2025-10-10T09:39:19.267+0000] {dag.py:3239} INFO - Sync 3 DAGs
[2025-10-10T09:39:19.281+0000] {logging_mixin.py:190} INFO - [2025-10-10T09:39:19.281+0000] {dag.py:4180} INFO - Setting next_dagrun for dataset_with_extra_by_context to 2025-10-09 00:00:00+00:00, run_after=2025-10-10 00:00:00+00:00
[2025-10-10T09:39:19.284+0000] {logging_mixin.py:190} INFO - [2025-10-10T09:39:19.284+0000] {dag.py:4180} INFO - Setting next_dagrun for dataset_with_extra_by_yield to 2025-10-09 00:00:00+00:00, run_after=2025-10-10 00:00:00+00:00
[2025-10-10T09:39:19.285+0000] {logging_mixin.py:190} INFO - [2025-10-10T09:39:19.285+0000] {dag.py:4180} INFO - Setting next_dagrun for dataset_with_extra_from_classic_operator to 2025-10-09 00:00:00+00:00, run_after=2025-10-10 00:00:00+00:00
[2025-10-10T09:39:19.295+0000] {processor.py:208} INFO - Processing /home/airflow/.local/lib/python3.12/site-packages/airflow/example_dags/example_outlet_event_extra.py took 0.254 seconds
[2025-10-10T09:39:50.088+0000] {processor.py:186} INFO - Started process (PID=242) to work on /home/airflow/.local/lib/python3.12/site-packages/airflow/example_dags/example_outlet_event_extra.py
[2025-10-10T09:39:50.096+0000] {processor.py:914} INFO - Processing file /home/airflow/.local/lib/python3.12/site-packages/airflow/example_dags/example_outlet_event_extra.py for tasks to queue
[2025-10-10T09:39:50.098+0000] {logging_mixin.py:190} INFO - [2025-10-10T09:39:50.097+0000] {dagbag.py:588} INFO - Filling up the DagBag from /home/airflow/.local/lib/python3.12/site-packages/airflow/example_dags/example_outlet_event_extra.py
[2025-10-10T09:39:50.322+0000] {processor.py:925} INFO - DAG(s) 'dataset_with_extra_by_context', 'dataset_with_extra_from_classic_operator', 'dataset_with_extra_by_yield' retrieved from /home/airflow/.local/lib/python3.12/site-packages/airflow/example_dags/example_outlet_event_extra.py
[2025-10-10T09:39:50.332+0000] {logging_mixin.py:190} INFO - [2025-10-10T09:39:50.332+0000] {dag.py:3239} INFO - Sync 3 DAGs
[2025-10-10T09:39:50.339+0000] {logging_mixin.py:190} INFO - [2025-10-10T09:39:50.339+0000] {dag.py:4180} INFO - Setting next_dagrun for dataset_with_extra_by_context to 2025-10-09 00:00:00+00:00, run_after=2025-10-10 00:00:00+00:00
[2025-10-10T09:39:50.341+0000] {logging_mixin.py:190} INFO - [2025-10-10T09:39:50.341+0000] {dag.py:4180} INFO - Setting next_dagrun for dataset_with_extra_by_yield to 2025-10-09 00:00:00+00:00, run_after=2025-10-10 00:00:00+00:00
[2025-10-10T09:39:50.343+0000] {logging_mixin.py:190} INFO - [2025-10-10T09:39:50.343+0000] {dag.py:4180} INFO - Setting next_dagrun for dataset_with_extra_from_classic_operator to 2025-10-09 00:00:00+00:00, run_after=2025-10-10 00:00:00+00:00
[2025-10-10T09:39:50.351+0000] {processor.py:208} INFO - Processing /home/airflow/.local/lib/python3.12/site-packages/airflow/example_dags/example_outlet_event_extra.py took 0.268 seconds
[2025-10-10T09:40:21.268+0000] {processor.py:186} INFO - Started process (PID=306) to work on /home/airflow/.local/lib/python3.12/site-packages/airflow/example_dags/example_outlet_event_extra.py
[2025-10-10T09:40:21.271+0000] {processor.py:914} INFO - Processing file /home/airflow/.local/lib/python3.12/site-packages/airflow/example_dags/example_outlet_event_extra.py for tasks to queue
[2025-10-10T09:40:21.274+0000] {logging_mixin.py:190} INFO - [2025-10-10T09:40:21.274+0000] {dagbag.py:588} INFO - Filling up the DagBag from /home/airflow/.local/lib/python3.12/site-packages/airflow/example_dags/example_outlet_event_extra.py
[2025-10-10T09:40:21.526+0000] {processor.py:925} INFO - DAG(s) 'dataset_with_extra_by_context', 'dataset_with_extra_from_classic_operator', 'dataset_with_extra_by_yield' retrieved from /home/airflow/.local/lib/python3.12/site-packages/airflow/example_dags/example_outlet_event_extra.py
[2025-10-10T09:40:21.537+0000] {logging_mixin.py:190} INFO - [2025-10-10T09:40:21.537+0000] {dag.py:3239} INFO - Sync 3 DAGs
[2025-10-10T09:40:21.547+0000] {logging_mixin.py:190} INFO - [2025-10-10T09:40:21.547+0000] {dag.py:4180} INFO - Setting next_dagrun for dataset_with_extra_by_context to 2025-10-09 00:00:00+00:00, run_after=2025-10-10 00:00:00+00:00
[2025-10-10T09:40:21.550+0000] {logging_mixin.py:190} INFO - [2025-10-10T09:40:21.550+0000] {dag.py:4180} INFO - Setting next_dagrun for dataset_with_extra_by_yield to 2025-10-09 00:00:00+00:00, run_after=2025-10-10 00:00:00+00:00
[2025-10-10T09:40:21.551+0000] {logging_mixin.py:190} INFO - [2025-10-10T09:40:21.551+0000] {dag.py:4180} INFO - Setting next_dagrun for dataset_with_extra_from_classic_operator to 2025-10-09 00:00:00+00:00, run_after=2025-10-10 00:00:00+00:00
[2025-10-10T09:40:21.560+0000] {processor.py:208} INFO - Processing /home/airflow/.local/lib/python3.12/site-packages/airflow/example_dags/example_outlet_event_extra.py took 0.296 seconds
[2025-10-10T09:40:52.511+0000] {processor.py:186} INFO - Started process (PID=370) to work on /home/airflow/.local/lib/python3.12/site-packages/airflow/example_dags/example_outlet_event_extra.py
[2025-10-10T09:40:52.513+0000] {processor.py:914} INFO - Processing file /home/airflow/.local/lib/python3.12/site-packages/airflow/example_dags/example_outlet_event_extra.py for tasks to queue
[2025-10-10T09:40:52.516+0000] {logging_mixin.py:190} INFO - [2025-10-10T09:40:52.516+0000] {dagbag.py:588} INFO - Filling up the DagBag from /home/airflow/.local/lib/python3.12/site-packages/airflow/example_dags/example_outlet_event_extra.py
[2025-10-10T09:40:52.780+0000] {processor.py:925} INFO - DAG(s) 'dataset_with_extra_by_yield', 'dataset_with_extra_from_classic_operator', 'dataset_with_extra_by_context' retrieved from /home/airflow/.local/lib/python3.12/site-packages/airflow/example_dags/example_outlet_event_extra.py
[2025-10-10T09:40:52.789+0000] {logging_mixin.py:190} INFO - [2025-10-10T09:40:52.789+0000] {dag.py:3239} INFO - Sync 3 DAGs
[2025-10-10T09:40:52.796+0000] {logging_mixin.py:190} INFO - [2025-10-10T09:40:52.796+0000] {dag.py:4180} INFO - Setting next_dagrun for dataset_with_extra_by_context to 2025-10-09 00:00:00+00:00, run_after=2025-10-10 00:00:00+00:00
[2025-10-10T09:40:52.798+0000] {logging_mixin.py:190} INFO - [2025-10-10T09:40:52.798+0000] {dag.py:4180} INFO - Setting next_dagrun for dataset_with_extra_by_yield to 2025-10-09 00:00:00+00:00, run_after=2025-10-10 00:00:00+00:00
[2025-10-10T09:40:52.799+0000] {logging_mixin.py:190} INFO - [2025-10-10T09:40:52.799+0000] {dag.py:4180} INFO - Setting next_dagrun for dataset_with_extra_from_classic_operator to 2025-10-09 00:00:00+00:00, run_after=2025-10-10 00:00:00+00:00
[2025-10-10T09:40:52.808+0000] {processor.py:208} INFO - Processing /home/airflow/.local/lib/python3.12/site-packages/airflow/example_dags/example_outlet_event_extra.py took 0.302 seconds
[2025-10-10T09:41:23.698+0000] {processor.py:186} INFO - Started process (PID=434) to work on /home/airflow/.local/lib/python3.12/site-packages/airflow/example_dags/example_outlet_event_extra.py
[2025-10-10T09:41:23.700+0000] {processor.py:914} INFO - Processing file /home/airflow/.local/lib/python3.12/site-packages/airflow/example_dags/example_outlet_event_extra.py for tasks to queue
[2025-10-10T09:41:23.703+0000] {logging_mixin.py:190} INFO - [2025-10-10T09:41:23.703+0000] {dagbag.py:588} INFO - Filling up the DagBag from /home/airflow/.local/lib/python3.12/site-packages/airflow/example_dags/example_outlet_event_extra.py
[2025-10-10T09:41:23.942+0000] {processor.py:925} INFO - DAG(s) 'dataset_with_extra_from_classic_operator', 'dataset_with_extra_by_context', 'dataset_with_extra_by_yield' retrieved from /home/airflow/.local/lib/python3.12/site-packages/airflow/example_dags/example_outlet_event_extra.py
[2025-10-10T09:41:23.952+0000] {logging_mixin.py:190} INFO - [2025-10-10T09:41:23.952+0000] {dag.py:3239} INFO - Sync 3 DAGs
[2025-10-10T09:41:23.962+0000] {logging_mixin.py:190} INFO - [2025-10-10T09:41:23.962+0000] {dag.py:4180} INFO - Setting next_dagrun for dataset_with_extra_by_context to 2025-10-09 00:00:00+00:00, run_after=2025-10-10 00:00:00+00:00
[2025-10-10T09:41:23.964+0000] {logging_mixin.py:190} INFO - [2025-10-10T09:41:23.964+0000] {dag.py:4180} INFO - Setting next_dagrun for dataset_with_extra_by_yield to 2025-10-09 00:00:00+00:00, run_after=2025-10-10 00:00:00+00:00
[2025-10-10T09:41:23.965+0000] {logging_mixin.py:190} INFO - [2025-10-10T09:41:23.965+0000] {dag.py:4180} INFO - Setting next_dagrun for dataset_with_extra_from_classic_operator to 2025-10-09 00:00:00+00:00, run_after=2025-10-10 00:00:00+00:00
[2025-10-10T09:41:23.975+0000] {processor.py:208} INFO - Processing /home/airflow/.local/lib/python3.12/site-packages/airflow/example_dags/example_outlet_event_extra.py took 0.281 seconds
[2025-10-10T09:41:54.802+0000] {processor.py:186} INFO - Started process (PID=498) to work on /home/airflow/.local/lib/python3.12/site-packages/airflow/example_dags/example_outlet_event_extra.py
[2025-10-10T09:41:54.804+0000] {processor.py:914} INFO - Processing file /home/airflow/.local/lib/python3.12/site-packages/airflow/example_dags/example_outlet_event_extra.py for tasks to queue
[2025-10-10T09:41:54.805+0000] {logging_mixin.py:190} INFO - [2025-10-10T09:41:54.805+0000] {dagbag.py:588} INFO - Filling up the DagBag from /home/airflow/.local/lib/python3.12/site-packages/airflow/example_dags/example_outlet_event_extra.py
[2025-10-10T09:41:55.076+0000] {processor.py:925} INFO - DAG(s) 'dataset_with_extra_by_context', 'dataset_with_extra_from_classic_operator', 'dataset_with_extra_by_yield' retrieved from /home/airflow/.local/lib/python3.12/site-packages/airflow/example_dags/example_outlet_event_extra.py
[2025-10-10T09:41:55.086+0000] {logging_mixin.py:190} INFO - [2025-10-10T09:41:55.086+0000] {dag.py:3239} INFO - Sync 3 DAGs
[2025-10-10T09:41:55.097+0000] {logging_mixin.py:190} INFO - [2025-10-10T09:41:55.097+0000] {dag.py:4180} INFO - Setting next_dagrun for dataset_with_extra_by_context to 2025-10-09 00:00:00+00:00, run_after=2025-10-10 00:00:00+00:00
[2025-10-10T09:41:55.099+0000] {logging_mixin.py:190} INFO - [2025-10-10T09:41:55.099+0000] {dag.py:4180} INFO - Setting next_dagrun for dataset_with_extra_by_yield to 2025-10-09 00:00:00+00:00, run_after=2025-10-10 00:00:00+00:00
[2025-10-10T09:41:55.100+0000] {logging_mixin.py:190} INFO - [2025-10-10T09:41:55.099+0000] {dag.py:4180} INFO - Setting next_dagrun for dataset_with_extra_from_classic_operator to 2025-10-09 00:00:00+00:00, run_after=2025-10-10 00:00:00+00:00
[2025-10-10T09:41:55.105+0000] {processor.py:208} INFO - Processing /home/airflow/.local/lib/python3.12/site-packages/airflow/example_dags/example_outlet_event_extra.py took 0.307 seconds
[2025-10-10T09:42:25.996+0000] {processor.py:186} INFO - Started process (PID=562) to work on /home/airflow/.local/lib/python3.12/site-packages/airflow/example_dags/example_outlet_event_extra.py
[2025-10-10T09:42:25.998+0000] {processor.py:914} INFO - Processing file /home/airflow/.local/lib/python3.12/site-packages/airflow/example_dags/example_outlet_event_extra.py for tasks to queue
[2025-10-10T09:42:26.004+0000] {logging_mixin.py:190} INFO - [2025-10-10T09:42:26.004+0000] {dagbag.py:588} INFO - Filling up the DagBag from /home/airflow/.local/lib/python3.12/site-packages/airflow/example_dags/example_outlet_event_extra.py
[2025-10-10T09:42:26.215+0000] {processor.py:925} INFO - DAG(s) 'dataset_with_extra_from_classic_operator', 'dataset_with_extra_by_yield', 'dataset_with_extra_by_context' retrieved from /home/airflow/.local/lib/python3.12/site-packages/airflow/example_dags/example_outlet_event_extra.py
[2025-10-10T09:42:26.225+0000] {logging_mixin.py:190} INFO - [2025-10-10T09:42:26.225+0000] {dag.py:3239} INFO - Sync 3 DAGs
[2025-10-10T09:42:26.234+0000] {logging_mixin.py:190} INFO - [2025-10-10T09:42:26.234+0000] {dag.py:4180} INFO - Setting next_dagrun for dataset_with_extra_by_context to 2025-10-09 00:00:00+00:00, run_after=2025-10-10 00:00:00+00:00
[2025-10-10T09:42:26.235+0000] {logging_mixin.py:190} INFO - [2025-10-10T09:42:26.235+0000] {dag.py:4180} INFO - Setting next_dagrun for dataset_with_extra_by_yield to 2025-10-09 00:00:00+00:00, run_after=2025-10-10 00:00:00+00:00
[2025-10-10T09:42:26.236+0000] {logging_mixin.py:190} INFO - [2025-10-10T09:42:26.236+0000] {dag.py:4180} INFO - Setting next_dagrun for dataset_with_extra_from_classic_operator to 2025-10-09 00:00:00+00:00, run_after=2025-10-10 00:00:00+00:00
[2025-10-10T09:42:26.249+0000] {processor.py:208} INFO - Processing /home/airflow/.local/lib/python3.12/site-packages/airflow/example_dags/example_outlet_event_extra.py took 0.258 seconds
[2025-10-10T09:42:57.106+0000] {processor.py:186} INFO - Started process (PID=626) to work on /home/airflow/.local/lib/python3.12/site-packages/airflow/example_dags/example_outlet_event_extra.py
[2025-10-10T09:42:57.112+0000] {processor.py:914} INFO - Processing file /home/airflow/.local/lib/python3.12/site-packages/airflow/example_dags/example_outlet_event_extra.py for tasks to queue
[2025-10-10T09:42:57.114+0000] {logging_mixin.py:190} INFO - [2025-10-10T09:42:57.114+0000] {dagbag.py:588} INFO - Filling up the DagBag from /home/airflow/.local/lib/python3.12/site-packages/airflow/example_dags/example_outlet_event_extra.py
[2025-10-10T09:42:57.458+0000] {processor.py:925} INFO - DAG(s) 'dataset_with_extra_by_context', 'dataset_with_extra_from_classic_operator', 'dataset_with_extra_by_yield' retrieved from /home/airflow/.local/lib/python3.12/site-packages/airflow/example_dags/example_outlet_event_extra.py
[2025-10-10T09:42:57.467+0000] {logging_mixin.py:190} INFO - [2025-10-10T09:42:57.467+0000] {dag.py:3239} INFO - Sync 3 DAGs
[2025-10-10T09:42:57.478+0000] {logging_mixin.py:190} INFO - [2025-10-10T09:42:57.478+0000] {dag.py:4180} INFO - Setting next_dagrun for dataset_with_extra_by_context to 2025-10-09 00:00:00+00:00, run_after=2025-10-10 00:00:00+00:00
[2025-10-10T09:42:57.480+0000] {logging_mixin.py:190} INFO - [2025-10-10T09:42:57.480+0000] {dag.py:4180} INFO - Setting next_dagrun for dataset_with_extra_by_yield to 2025-10-09 00:00:00+00:00, run_after=2025-10-10 00:00:00+00:00
[2025-10-10T09:42:57.481+0000] {logging_mixin.py:190} INFO - [2025-10-10T09:42:57.481+0000] {dag.py:4180} INFO - Setting next_dagrun for dataset_with_extra_from_classic_operator to 2025-10-09 00:00:00+00:00, run_after=2025-10-10 00:00:00+00:00
[2025-10-10T09:42:57.490+0000] {processor.py:208} INFO - Processing /home/airflow/.local/lib/python3.12/site-packages/airflow/example_dags/example_outlet_event_extra.py took 0.389 seconds
[2025-10-10T09:43:28.371+0000] {processor.py:186} INFO - Started process (PID=690) to work on /home/airflow/.local/lib/python3.12/site-packages/airflow/example_dags/example_outlet_event_extra.py
[2025-10-10T09:43:28.372+0000] {processor.py:914} INFO - Processing file /home/airflow/.local/lib/python3.12/site-packages/airflow/example_dags/example_outlet_event_extra.py for tasks to queue
[2025-10-10T09:43:28.374+0000] {logging_mixin.py:190} INFO - [2025-10-10T09:43:28.374+0000] {dagbag.py:588} INFO - Filling up the DagBag from /home/airflow/.local/lib/python3.12/site-packages/airflow/example_dags/example_outlet_event_extra.py
[2025-10-10T09:43:28.585+0000] {processor.py:925} INFO - DAG(s) 'dataset_with_extra_from_classic_operator', 'dataset_with_extra_by_context', 'dataset_with_extra_by_yield' retrieved from /home/airflow/.local/lib/python3.12/site-packages/airflow/example_dags/example_outlet_event_extra.py
[2025-10-10T09:43:28.592+0000] {logging_mixin.py:190} INFO - [2025-10-10T09:43:28.592+0000] {dag.py:3239} INFO - Sync 3 DAGs
[2025-10-10T09:43:28.601+0000] {logging_mixin.py:190} INFO - [2025-10-10T09:43:28.601+0000] {dag.py:4180} INFO - Setting next_dagrun for dataset_with_extra_by_context to 2025-10-09 00:00:00+00:00, run_after=2025-10-10 00:00:00+00:00
[2025-10-10T09:43:28.603+0000] {logging_mixin.py:190} INFO - [2025-10-10T09:43:28.603+0000] {dag.py:4180} INFO - Setting next_dagrun for dataset_with_extra_by_yield to 2025-10-09 00:00:00+00:00, run_after=2025-10-10 00:00:00+00:00
[2025-10-10T09:43:28.605+0000] {logging_mixin.py:190} INFO - [2025-10-10T09:43:28.605+0000] {dag.py:4180} INFO - Setting next_dagrun for dataset_with_extra_from_classic_operator to 2025-10-09 00:00:00+00:00, run_after=2025-10-10 00:00:00+00:00
[2025-10-10T09:43:28.612+0000] {processor.py:208} INFO - Processing /home/airflow/.local/lib/python3.12/site-packages/airflow/example_dags/example_outlet_event_extra.py took 0.246 seconds
[2025-10-10T09:44:08.673+0000] {processor.py:186} INFO - Started process (PID=50) to work on /home/airflow/.local/lib/python3.12/site-packages/airflow/example_dags/example_outlet_event_extra.py
[2025-10-10T09:44:08.674+0000] {processor.py:914} INFO - Processing file /home/airflow/.local/lib/python3.12/site-packages/airflow/example_dags/example_outlet_event_extra.py for tasks to queue
[2025-10-10T09:44:08.675+0000] {logging_mixin.py:190} INFO - [2025-10-10T09:44:08.674+0000] {dagbag.py:588} INFO - Filling up the DagBag from /home/airflow/.local/lib/python3.12/site-packages/airflow/example_dags/example_outlet_event_extra.py
[2025-10-10T09:44:09.047+0000] {processor.py:925} INFO - DAG(s) 'dataset_with_extra_by_yield', 'dataset_with_extra_from_classic_operator', 'dataset_with_extra_by_context' retrieved from /home/airflow/.local/lib/python3.12/site-packages/airflow/example_dags/example_outlet_event_extra.py
[2025-10-10T09:44:09.061+0000] {logging_mixin.py:190} INFO - [2025-10-10T09:44:09.061+0000] {dag.py:3239} INFO - Sync 3 DAGs
[2025-10-10T09:44:09.069+0000] {logging_mixin.py:190} INFO - [2025-10-10T09:44:09.069+0000] {dag.py:4180} INFO - Setting next_dagrun for dataset_with_extra_by_context to 2025-10-09 00:00:00+00:00, run_after=2025-10-10 00:00:00+00:00
[2025-10-10T09:44:09.071+0000] {logging_mixin.py:190} INFO - [2025-10-10T09:44:09.071+0000] {dag.py:4180} INFO - Setting next_dagrun for dataset_with_extra_by_yield to 2025-10-09 00:00:00+00:00, run_after=2025-10-10 00:00:00+00:00
[2025-10-10T09:44:09.072+0000] {logging_mixin.py:190} INFO - [2025-10-10T09:44:09.072+0000] {dag.py:4180} INFO - Setting next_dagrun for dataset_with_extra_from_classic_operator to 2025-10-09 00:00:00+00:00, run_after=2025-10-10 00:00:00+00:00
[2025-10-10T09:44:09.080+0000] {processor.py:208} INFO - Processing /home/airflow/.local/lib/python3.12/site-packages/airflow/example_dags/example_outlet_event_extra.py took 0.409 seconds
[2025-10-10T09:44:39.192+0000] {processor.py:186} INFO - Started process (PID=121) to work on /home/airflow/.local/lib/python3.12/site-packages/airflow/example_dags/example_outlet_event_extra.py
[2025-10-10T09:44:39.193+0000] {processor.py:914} INFO - Processing file /home/airflow/.local/lib/python3.12/site-packages/airflow/example_dags/example_outlet_event_extra.py for tasks to queue
[2025-10-10T09:44:39.194+0000] {logging_mixin.py:190} INFO - [2025-10-10T09:44:39.194+0000] {dagbag.py:588} INFO - Filling up the DagBag from /home/airflow/.local/lib/python3.12/site-packages/airflow/example_dags/example_outlet_event_extra.py
[2025-10-10T09:44:39.434+0000] {processor.py:925} INFO - DAG(s) 'dataset_with_extra_by_yield', 'dataset_with_extra_by_context', 'dataset_with_extra_from_classic_operator' retrieved from /home/airflow/.local/lib/python3.12/site-packages/airflow/example_dags/example_outlet_event_extra.py
[2025-10-10T09:44:39.443+0000] {logging_mixin.py:190} INFO - [2025-10-10T09:44:39.443+0000] {dag.py:3239} INFO - Sync 3 DAGs
[2025-10-10T09:44:39.450+0000] {logging_mixin.py:190} INFO - [2025-10-10T09:44:39.450+0000] {dag.py:4180} INFO - Setting next_dagrun for dataset_with_extra_by_context to 2025-10-09 00:00:00+00:00, run_after=2025-10-10 00:00:00+00:00
[2025-10-10T09:44:39.452+0000] {logging_mixin.py:190} INFO - [2025-10-10T09:44:39.452+0000] {dag.py:4180} INFO - Setting next_dagrun for dataset_with_extra_by_yield to 2025-10-09 00:00:00+00:00, run_after=2025-10-10 00:00:00+00:00
[2025-10-10T09:44:39.453+0000] {logging_mixin.py:190} INFO - [2025-10-10T09:44:39.453+0000] {dag.py:4180} INFO - Setting next_dagrun for dataset_with_extra_from_classic_operator to 2025-10-09 00:00:00+00:00, run_after=2025-10-10 00:00:00+00:00
[2025-10-10T09:44:39.460+0000] {processor.py:208} INFO - Processing /home/airflow/.local/lib/python3.12/site-packages/airflow/example_dags/example_outlet_event_extra.py took 0.270 seconds
[2025-10-10T09:45:10.411+0000] {processor.py:186} INFO - Started process (PID=185) to work on /home/airflow/.local/lib/python3.12/site-packages/airflow/example_dags/example_outlet_event_extra.py
[2025-10-10T09:45:10.412+0000] {processor.py:914} INFO - Processing file /home/airflow/.local/lib/python3.12/site-packages/airflow/example_dags/example_outlet_event_extra.py for tasks to queue
[2025-10-10T09:45:10.413+0000] {logging_mixin.py:190} INFO - [2025-10-10T09:45:10.413+0000] {dagbag.py:588} INFO - Filling up the DagBag from /home/airflow/.local/lib/python3.12/site-packages/airflow/example_dags/example_outlet_event_extra.py
[2025-10-10T09:45:10.631+0000] {processor.py:925} INFO - DAG(s) 'dataset_with_extra_by_yield', 'dataset_with_extra_by_context', 'dataset_with_extra_from_classic_operator' retrieved from /home/airflow/.local/lib/python3.12/site-packages/airflow/example_dags/example_outlet_event_extra.py
[2025-10-10T09:45:10.641+0000] {logging_mixin.py:190} INFO - [2025-10-10T09:45:10.641+0000] {dag.py:3239} INFO - Sync 3 DAGs
[2025-10-10T09:45:10.649+0000] {logging_mixin.py:190} INFO - [2025-10-10T09:45:10.649+0000] {dag.py:4180} INFO - Setting next_dagrun for dataset_with_extra_by_context to 2025-10-09 00:00:00+00:00, run_after=2025-10-10 00:00:00+00:00
[2025-10-10T09:45:10.651+0000] {logging_mixin.py:190} INFO - [2025-10-10T09:45:10.651+0000] {dag.py:4180} INFO - Setting next_dagrun for dataset_with_extra_by_yield to 2025-10-09 00:00:00+00:00, run_after=2025-10-10 00:00:00+00:00
[2025-10-10T09:45:10.652+0000] {logging_mixin.py:190} INFO - [2025-10-10T09:45:10.652+0000] {dag.py:4180} INFO - Setting next_dagrun for dataset_with_extra_from_classic_operator to 2025-10-09 00:00:00+00:00, run_after=2025-10-10 00:00:00+00:00
[2025-10-10T09:45:10.658+0000] {processor.py:208} INFO - Processing /home/airflow/.local/lib/python3.12/site-packages/airflow/example_dags/example_outlet_event_extra.py took 0.250 seconds
[2025-10-10T09:45:41.399+0000] {processor.py:186} INFO - Started process (PID=257) to work on /home/airflow/.local/lib/python3.12/site-packages/airflow/example_dags/example_outlet_event_extra.py
[2025-10-10T09:45:41.399+0000] {processor.py:914} INFO - Processing file /home/airflow/.local/lib/python3.12/site-packages/airflow/example_dags/example_outlet_event_extra.py for tasks to queue
[2025-10-10T09:45:41.400+0000] {logging_mixin.py:190} INFO - [2025-10-10T09:45:41.400+0000] {dagbag.py:588} INFO - Filling up the DagBag from /home/airflow/.local/lib/python3.12/site-packages/airflow/example_dags/example_outlet_event_extra.py
[2025-10-10T09:45:41.607+0000] {processor.py:925} INFO - DAG(s) 'dataset_with_extra_by_yield', 'dataset_with_extra_by_context', 'dataset_with_extra_from_classic_operator' retrieved from /home/airflow/.local/lib/python3.12/site-packages/airflow/example_dags/example_outlet_event_extra.py
[2025-10-10T09:45:41.616+0000] {logging_mixin.py:190} INFO - [2025-10-10T09:45:41.616+0000] {dag.py:3239} INFO - Sync 3 DAGs
[2025-10-10T09:45:41.624+0000] {logging_mixin.py:190} INFO - [2025-10-10T09:45:41.624+0000] {dag.py:4180} INFO - Setting next_dagrun for dataset_with_extra_by_context to 2025-10-09 00:00:00+00:00, run_after=2025-10-10 00:00:00+00:00
[2025-10-10T09:45:41.626+0000] {logging_mixin.py:190} INFO - [2025-10-10T09:45:41.626+0000] {dag.py:4180} INFO - Setting next_dagrun for dataset_with_extra_by_yield to 2025-10-09 00:00:00+00:00, run_after=2025-10-10 00:00:00+00:00
[2025-10-10T09:45:41.627+0000] {logging_mixin.py:190} INFO - [2025-10-10T09:45:41.627+0000] {dag.py:4180} INFO - Setting next_dagrun for dataset_with_extra_from_classic_operator to 2025-10-09 00:00:00+00:00, run_after=2025-10-10 00:00:00+00:00
[2025-10-10T09:45:41.633+0000] {processor.py:208} INFO - Processing /home/airflow/.local/lib/python3.12/site-packages/airflow/example_dags/example_outlet_event_extra.py took 0.236 seconds
[2025-10-10T09:46:12.413+0000] {processor.py:186} INFO - Started process (PID=321) to work on /home/airflow/.local/lib/python3.12/site-packages/airflow/example_dags/example_outlet_event_extra.py
[2025-10-10T09:46:12.413+0000] {processor.py:914} INFO - Processing file /home/airflow/.local/lib/python3.12/site-packages/airflow/example_dags/example_outlet_event_extra.py for tasks to queue
[2025-10-10T09:46:12.414+0000] {logging_mixin.py:190} INFO - [2025-10-10T09:46:12.414+0000] {dagbag.py:588} INFO - Filling up the DagBag from /home/airflow/.local/lib/python3.12/site-packages/airflow/example_dags/example_outlet_event_extra.py
[2025-10-10T09:46:12.626+0000] {processor.py:925} INFO - DAG(s) 'dataset_with_extra_by_context', 'dataset_with_extra_from_classic_operator', 'dataset_with_extra_by_yield' retrieved from /home/airflow/.local/lib/python3.12/site-packages/airflow/example_dags/example_outlet_event_extra.py
[2025-10-10T09:46:12.636+0000] {logging_mixin.py:190} INFO - [2025-10-10T09:46:12.636+0000] {dag.py:3239} INFO - Sync 3 DAGs
[2025-10-10T09:46:12.644+0000] {logging_mixin.py:190} INFO - [2025-10-10T09:46:12.644+0000] {dag.py:4180} INFO - Setting next_dagrun for dataset_with_extra_by_context to 2025-10-09 00:00:00+00:00, run_after=2025-10-10 00:00:00+00:00
[2025-10-10T09:46:12.646+0000] {logging_mixin.py:190} INFO - [2025-10-10T09:46:12.646+0000] {dag.py:4180} INFO - Setting next_dagrun for dataset_with_extra_by_yield to 2025-10-09 00:00:00+00:00, run_after=2025-10-10 00:00:00+00:00
[2025-10-10T09:46:12.647+0000] {logging_mixin.py:190} INFO - [2025-10-10T09:46:12.647+0000] {dag.py:4180} INFO - Setting next_dagrun for dataset_with_extra_from_classic_operator to 2025-10-09 00:00:00+00:00, run_after=2025-10-10 00:00:00+00:00
[2025-10-10T09:46:12.655+0000] {processor.py:208} INFO - Processing /home/airflow/.local/lib/python3.12/site-packages/airflow/example_dags/example_outlet_event_extra.py took 0.244 seconds
[2025-10-10T09:46:43.434+0000] {processor.py:186} INFO - Started process (PID=385) to work on /home/airflow/.local/lib/python3.12/site-packages/airflow/example_dags/example_outlet_event_extra.py
[2025-10-10T09:46:43.434+0000] {processor.py:914} INFO - Processing file /home/airflow/.local/lib/python3.12/site-packages/airflow/example_dags/example_outlet_event_extra.py for tasks to queue
[2025-10-10T09:46:43.435+0000] {logging_mixin.py:190} INFO - [2025-10-10T09:46:43.435+0000] {dagbag.py:588} INFO - Filling up the DagBag from /home/airflow/.local/lib/python3.12/site-packages/airflow/example_dags/example_outlet_event_extra.py
[2025-10-10T09:46:43.637+0000] {processor.py:925} INFO - DAG(s) 'dataset_with_extra_from_classic_operator', 'dataset_with_extra_by_yield', 'dataset_with_extra_by_context' retrieved from /home/airflow/.local/lib/python3.12/site-packages/airflow/example_dags/example_outlet_event_extra.py
[2025-10-10T09:46:43.645+0000] {logging_mixin.py:190} INFO - [2025-10-10T09:46:43.645+0000] {dag.py:3239} INFO - Sync 3 DAGs
[2025-10-10T09:46:43.653+0000] {logging_mixin.py:190} INFO - [2025-10-10T09:46:43.652+0000] {dag.py:4180} INFO - Setting next_dagrun for dataset_with_extra_by_context to 2025-10-09 00:00:00+00:00, run_after=2025-10-10 00:00:00+00:00
[2025-10-10T09:46:43.654+0000] {logging_mixin.py:190} INFO - [2025-10-10T09:46:43.654+0000] {dag.py:4180} INFO - Setting next_dagrun for dataset_with_extra_by_yield to 2025-10-09 00:00:00+00:00, run_after=2025-10-10 00:00:00+00:00
[2025-10-10T09:46:43.655+0000] {logging_mixin.py:190} INFO - [2025-10-10T09:46:43.655+0000] {dag.py:4180} INFO - Setting next_dagrun for dataset_with_extra_from_classic_operator to 2025-10-09 00:00:00+00:00, run_after=2025-10-10 00:00:00+00:00
[2025-10-10T09:46:43.662+0000] {processor.py:208} INFO - Processing /home/airflow/.local/lib/python3.12/site-packages/airflow/example_dags/example_outlet_event_extra.py took 0.231 seconds
[2025-10-10T09:47:14.373+0000] {processor.py:186} INFO - Started process (PID=449) to work on /home/airflow/.local/lib/python3.12/site-packages/airflow/example_dags/example_outlet_event_extra.py
[2025-10-10T09:47:14.373+0000] {processor.py:914} INFO - Processing file /home/airflow/.local/lib/python3.12/site-packages/airflow/example_dags/example_outlet_event_extra.py for tasks to queue
[2025-10-10T09:47:14.374+0000] {logging_mixin.py:190} INFO - [2025-10-10T09:47:14.374+0000] {dagbag.py:588} INFO - Filling up the DagBag from /home/airflow/.local/lib/python3.12/site-packages/airflow/example_dags/example_outlet_event_extra.py
[2025-10-10T09:47:14.614+0000] {processor.py:925} INFO - DAG(s) 'dataset_with_extra_from_classic_operator', 'dataset_with_extra_by_yield', 'dataset_with_extra_by_context' retrieved from /home/airflow/.local/lib/python3.12/site-packages/airflow/example_dags/example_outlet_event_extra.py
[2025-10-10T09:47:14.622+0000] {logging_mixin.py:190} INFO - [2025-10-10T09:47:14.622+0000] {dag.py:3239} INFO - Sync 3 DAGs
[2025-10-10T09:47:14.629+0000] {logging_mixin.py:190} INFO - [2025-10-10T09:47:14.629+0000] {dag.py:4180} INFO - Setting next_dagrun for dataset_with_extra_by_context to 2025-10-09 00:00:00+00:00, run_after=2025-10-10 00:00:00+00:00
[2025-10-10T09:47:14.632+0000] {logging_mixin.py:190} INFO - [2025-10-10T09:47:14.632+0000] {dag.py:4180} INFO - Setting next_dagrun for dataset_with_extra_by_yield to 2025-10-09 00:00:00+00:00, run_after=2025-10-10 00:00:00+00:00
[2025-10-10T09:47:14.633+0000] {logging_mixin.py:190} INFO - [2025-10-10T09:47:14.633+0000] {dag.py:4180} INFO - Setting next_dagrun for dataset_with_extra_from_classic_operator to 2025-10-09 00:00:00+00:00, run_after=2025-10-10 00:00:00+00:00
[2025-10-10T09:47:14.643+0000] {processor.py:208} INFO - Processing /home/airflow/.local/lib/python3.12/site-packages/airflow/example_dags/example_outlet_event_extra.py took 0.272 seconds
[2025-10-10T09:47:45.428+0000] {processor.py:186} INFO - Started process (PID=513) to work on /home/airflow/.local/lib/python3.12/site-packages/airflow/example_dags/example_outlet_event_extra.py
[2025-10-10T09:47:45.434+0000] {processor.py:914} INFO - Processing file /home/airflow/.local/lib/python3.12/site-packages/airflow/example_dags/example_outlet_event_extra.py for tasks to queue
[2025-10-10T09:47:45.436+0000] {logging_mixin.py:190} INFO - [2025-10-10T09:47:45.436+0000] {dagbag.py:588} INFO - Filling up the DagBag from /home/airflow/.local/lib/python3.12/site-packages/airflow/example_dags/example_outlet_event_extra.py
[2025-10-10T09:47:45.636+0000] {processor.py:925} INFO - DAG(s) 'dataset_with_extra_by_yield', 'dataset_with_extra_by_context', 'dataset_with_extra_from_classic_operator' retrieved from /home/airflow/.local/lib/python3.12/site-packages/airflow/example_dags/example_outlet_event_extra.py
[2025-10-10T09:47:45.651+0000] {logging_mixin.py:190} INFO - [2025-10-10T09:47:45.651+0000] {dag.py:3239} INFO - Sync 3 DAGs
[2025-10-10T09:47:45.658+0000] {logging_mixin.py:190} INFO - [2025-10-10T09:47:45.658+0000] {dag.py:4180} INFO - Setting next_dagrun for dataset_with_extra_by_context to 2025-10-09 00:00:00+00:00, run_after=2025-10-10 00:00:00+00:00
[2025-10-10T09:47:45.660+0000] {logging_mixin.py:190} INFO - [2025-10-10T09:47:45.660+0000] {dag.py:4180} INFO - Setting next_dagrun for dataset_with_extra_by_yield to 2025-10-09 00:00:00+00:00, run_after=2025-10-10 00:00:00+00:00
[2025-10-10T09:47:45.661+0000] {logging_mixin.py:190} INFO - [2025-10-10T09:47:45.661+0000] {dag.py:4180} INFO - Setting next_dagrun for dataset_with_extra_from_classic_operator to 2025-10-09 00:00:00+00:00, run_after=2025-10-10 00:00:00+00:00
[2025-10-10T09:47:45.670+0000] {processor.py:208} INFO - Processing /home/airflow/.local/lib/python3.12/site-packages/airflow/example_dags/example_outlet_event_extra.py took 0.247 seconds
[2025-10-10T09:48:16.480+0000] {processor.py:186} INFO - Started process (PID=577) to work on /home/airflow/.local/lib/python3.12/site-packages/airflow/example_dags/example_outlet_event_extra.py
[2025-10-10T09:48:16.481+0000] {processor.py:914} INFO - Processing file /home/airflow/.local/lib/python3.12/site-packages/airflow/example_dags/example_outlet_event_extra.py for tasks to queue
[2025-10-10T09:48:16.485+0000] {logging_mixin.py:190} INFO - [2025-10-10T09:48:16.485+0000] {dagbag.py:588} INFO - Filling up the DagBag from /home/airflow/.local/lib/python3.12/site-packages/airflow/example_dags/example_outlet_event_extra.py
[2025-10-10T09:48:16.786+0000] {processor.py:925} INFO - DAG(s) 'dataset_with_extra_by_context', 'dataset_with_extra_from_classic_operator', 'dataset_with_extra_by_yield' retrieved from /home/airflow/.local/lib/python3.12/site-packages/airflow/example_dags/example_outlet_event_extra.py
[2025-10-10T09:48:16.818+0000] {logging_mixin.py:190} INFO - [2025-10-10T09:48:16.818+0000] {dag.py:3239} INFO - Sync 3 DAGs
[2025-10-10T09:48:16.849+0000] {logging_mixin.py:190} INFO - [2025-10-10T09:48:16.849+0000] {dag.py:4180} INFO - Setting next_dagrun for dataset_with_extra_by_context to 2025-10-09 00:00:00+00:00, run_after=2025-10-10 00:00:00+00:00
[2025-10-10T09:48:16.852+0000] {logging_mixin.py:190} INFO - [2025-10-10T09:48:16.851+0000] {dag.py:4180} INFO - Setting next_dagrun for dataset_with_extra_by_yield to 2025-10-09 00:00:00+00:00, run_after=2025-10-10 00:00:00+00:00
[2025-10-10T09:48:16.856+0000] {logging_mixin.py:190} INFO - [2025-10-10T09:48:16.856+0000] {dag.py:4180} INFO - Setting next_dagrun for dataset_with_extra_from_classic_operator to 2025-10-09 00:00:00+00:00, run_after=2025-10-10 00:00:00+00:00
[2025-10-10T09:48:16.867+0000] {processor.py:208} INFO - Processing /home/airflow/.local/lib/python3.12/site-packages/airflow/example_dags/example_outlet_event_extra.py took 0.392 seconds
[2025-10-10T09:48:46.902+0000] {processor.py:186} INFO - Started process (PID=641) to work on /home/airflow/.local/lib/python3.12/site-packages/airflow/example_dags/example_outlet_event_extra.py
[2025-10-10T09:48:46.903+0000] {processor.py:914} INFO - Processing file /home/airflow/.local/lib/python3.12/site-packages/airflow/example_dags/example_outlet_event_extra.py for tasks to queue
[2025-10-10T09:48:46.905+0000] {logging_mixin.py:190} INFO - [2025-10-10T09:48:46.905+0000] {dagbag.py:588} INFO - Filling up the DagBag from /home/airflow/.local/lib/python3.12/site-packages/airflow/example_dags/example_outlet_event_extra.py
[2025-10-10T09:48:47.125+0000] {processor.py:925} INFO - DAG(s) 'dataset_with_extra_from_classic_operator', 'dataset_with_extra_by_yield', 'dataset_with_extra_by_context' retrieved from /home/airflow/.local/lib/python3.12/site-packages/airflow/example_dags/example_outlet_event_extra.py
[2025-10-10T09:48:47.135+0000] {logging_mixin.py:190} INFO - [2025-10-10T09:48:47.135+0000] {dag.py:3239} INFO - Sync 3 DAGs
[2025-10-10T09:48:47.144+0000] {logging_mixin.py:190} INFO - [2025-10-10T09:48:47.144+0000] {dag.py:4180} INFO - Setting next_dagrun for dataset_with_extra_by_context to 2025-10-09 00:00:00+00:00, run_after=2025-10-10 00:00:00+00:00
[2025-10-10T09:48:47.146+0000] {logging_mixin.py:190} INFO - [2025-10-10T09:48:47.146+0000] {dag.py:4180} INFO - Setting next_dagrun for dataset_with_extra_by_yield to 2025-10-09 00:00:00+00:00, run_after=2025-10-10 00:00:00+00:00
[2025-10-10T09:48:47.147+0000] {logging_mixin.py:190} INFO - [2025-10-10T09:48:47.147+0000] {dag.py:4180} INFO - Setting next_dagrun for dataset_with_extra_from_classic_operator to 2025-10-09 00:00:00+00:00, run_after=2025-10-10 00:00:00+00:00
[2025-10-10T09:48:47.156+0000] {processor.py:208} INFO - Processing /home/airflow/.local/lib/python3.12/site-packages/airflow/example_dags/example_outlet_event_extra.py took 0.256 seconds
