[2025-10-10T09:36:19.711+0000] {processor.py:186} INFO - Started process (PID=44) to work on /home/airflow/.local/lib/python3.12/site-packages/airflow/example_dags/example_display_name.py
[2025-10-10T09:36:19.712+0000] {processor.py:914} INFO - Processing file /home/airflow/.local/lib/python3.12/site-packages/airflow/example_dags/example_display_name.py for tasks to queue
[2025-10-10T09:36:19.714+0000] {logging_mixin.py:190} INFO - [2025-10-10T09:36:19.714+0000] {dagbag.py:588} INFO - Filling up the DagBag from /home/airflow/.local/lib/python3.12/site-packages/airflow/example_dags/example_display_name.py
[2025-10-10T09:36:19.720+0000] {processor.py:925} INFO - DAG(s) 'example_display_name' retrieved from /home/airflow/.local/lib/python3.12/site-packages/airflow/example_dags/example_display_name.py
[2025-10-10T09:36:19.790+0000] {logging_mixin.py:190} INFO - [2025-10-10T09:36:19.788+0000] {override.py:1911} INFO - Created Permission View: can edit on DAG:example_display_name
[2025-10-10T09:36:19.796+0000] {logging_mixin.py:190} INFO - [2025-10-10T09:36:19.796+0000] {override.py:1911} INFO - Created Permission View: can read on DAG:example_display_name
[2025-10-10T09:36:19.799+0000] {logging_mixin.py:190} INFO - [2025-10-10T09:36:19.799+0000] {override.py:1911} INFO - Created Permission View: can delete on DAG:example_display_name
[2025-10-10T09:36:19.802+0000] {logging_mixin.py:190} INFO - [2025-10-10T09:36:19.802+0000] {override.py:1911} INFO - Created Permission View: can read on DAG Run:example_display_name
[2025-10-10T09:36:19.805+0000] {logging_mixin.py:190} INFO - [2025-10-10T09:36:19.805+0000] {override.py:1911} INFO - Created Permission View: menu access on DAG Run:example_display_name
[2025-10-10T09:36:19.807+0000] {logging_mixin.py:190} INFO - [2025-10-10T09:36:19.807+0000] {override.py:1911} INFO - Created Permission View: can delete on DAG Run:example_display_name
[2025-10-10T09:36:19.810+0000] {logging_mixin.py:190} INFO - [2025-10-10T09:36:19.810+0000] {override.py:1911} INFO - Created Permission View: can create on DAG Run:example_display_name
[2025-10-10T09:36:19.810+0000] {logging_mixin.py:190} INFO - [2025-10-10T09:36:19.810+0000] {dag.py:3239} INFO - Sync 1 DAGs
[2025-10-10T09:36:19.816+0000] {logging_mixin.py:190} INFO - [2025-10-10T09:36:19.816+0000] {dag.py:3262} INFO - Creating ORM DAG for example_display_name
[2025-10-10T09:36:19.816+0000] {logging_mixin.py:190} INFO - [2025-10-10T09:36:19.816+0000] {dag.py:4180} INFO - Setting next_dagrun for example_display_name to None, run_after=None
[2025-10-10T09:36:19.821+0000] {processor.py:208} INFO - Processing /home/airflow/.local/lib/python3.12/site-packages/airflow/example_dags/example_display_name.py took 0.118 seconds
[2025-10-10T09:36:50.519+0000] {processor.py:186} INFO - Started process (PID=111) to work on /home/airflow/.local/lib/python3.12/site-packages/airflow/example_dags/example_display_name.py
[2025-10-10T09:36:50.520+0000] {processor.py:914} INFO - Processing file /home/airflow/.local/lib/python3.12/site-packages/airflow/example_dags/example_display_name.py for tasks to queue
[2025-10-10T09:36:50.523+0000] {logging_mixin.py:190} INFO - [2025-10-10T09:36:50.523+0000] {dagbag.py:588} INFO - Filling up the DagBag from /home/airflow/.local/lib/python3.12/site-packages/airflow/example_dags/example_display_name.py
[2025-10-10T09:36:50.531+0000] {processor.py:925} INFO - DAG(s) 'example_display_name' retrieved from /home/airflow/.local/lib/python3.12/site-packages/airflow/example_dags/example_display_name.py
[2025-10-10T09:36:50.548+0000] {logging_mixin.py:190} INFO - [2025-10-10T09:36:50.548+0000] {dag.py:3239} INFO - Sync 1 DAGs
[2025-10-10T09:36:50.557+0000] {logging_mixin.py:190} INFO - [2025-10-10T09:36:50.556+0000] {dag.py:4180} INFO - Setting next_dagrun for example_display_name to None, run_after=None
[2025-10-10T09:36:50.566+0000] {processor.py:208} INFO - Processing /home/airflow/.local/lib/python3.12/site-packages/airflow/example_dags/example_display_name.py took 0.054 seconds
[2025-10-10T09:37:20.656+0000] {processor.py:186} INFO - Started process (PID=174) to work on /home/airflow/.local/lib/python3.12/site-packages/airflow/example_dags/example_display_name.py
[2025-10-10T09:37:20.660+0000] {processor.py:914} INFO - Processing file /home/airflow/.local/lib/python3.12/site-packages/airflow/example_dags/example_display_name.py for tasks to queue
[2025-10-10T09:37:20.665+0000] {logging_mixin.py:190} INFO - [2025-10-10T09:37:20.665+0000] {dagbag.py:588} INFO - Filling up the DagBag from /home/airflow/.local/lib/python3.12/site-packages/airflow/example_dags/example_display_name.py
[2025-10-10T09:37:20.678+0000] {processor.py:925} INFO - DAG(s) 'example_display_name' retrieved from /home/airflow/.local/lib/python3.12/site-packages/airflow/example_dags/example_display_name.py
[2025-10-10T09:37:20.687+0000] {logging_mixin.py:190} INFO - [2025-10-10T09:37:20.687+0000] {dag.py:3239} INFO - Sync 1 DAGs
[2025-10-10T09:37:20.695+0000] {logging_mixin.py:190} INFO - [2025-10-10T09:37:20.695+0000] {dag.py:4180} INFO - Setting next_dagrun for example_display_name to None, run_after=None
[2025-10-10T09:37:20.703+0000] {processor.py:208} INFO - Processing /home/airflow/.local/lib/python3.12/site-packages/airflow/example_dags/example_display_name.py took 0.053 seconds
[2025-10-10T09:37:50.963+0000] {processor.py:186} INFO - Started process (PID=237) to work on /home/airflow/.local/lib/python3.12/site-packages/airflow/example_dags/example_display_name.py
[2025-10-10T09:37:50.963+0000] {processor.py:914} INFO - Processing file /home/airflow/.local/lib/python3.12/site-packages/airflow/example_dags/example_display_name.py for tasks to queue
[2025-10-10T09:37:50.966+0000] {logging_mixin.py:190} INFO - [2025-10-10T09:37:50.966+0000] {dagbag.py:588} INFO - Filling up the DagBag from /home/airflow/.local/lib/python3.12/site-packages/airflow/example_dags/example_display_name.py
[2025-10-10T09:37:50.977+0000] {processor.py:925} INFO - DAG(s) 'example_display_name' retrieved from /home/airflow/.local/lib/python3.12/site-packages/airflow/example_dags/example_display_name.py
[2025-10-10T09:37:50.989+0000] {logging_mixin.py:190} INFO - [2025-10-10T09:37:50.989+0000] {dag.py:3239} INFO - Sync 1 DAGs
[2025-10-10T09:37:50.997+0000] {logging_mixin.py:190} INFO - [2025-10-10T09:37:50.997+0000] {dag.py:4180} INFO - Setting next_dagrun for example_display_name to None, run_after=None
[2025-10-10T09:37:51.004+0000] {processor.py:208} INFO - Processing /home/airflow/.local/lib/python3.12/site-packages/airflow/example_dags/example_display_name.py took 0.047 seconds
[2025-10-10T09:38:16.654+0000] {processor.py:186} INFO - Started process (PID=39) to work on /home/airflow/.local/lib/python3.12/site-packages/airflow/example_dags/example_display_name.py
[2025-10-10T09:38:16.654+0000] {processor.py:914} INFO - Processing file /home/airflow/.local/lib/python3.12/site-packages/airflow/example_dags/example_display_name.py for tasks to queue
[2025-10-10T09:38:16.655+0000] {logging_mixin.py:190} INFO - [2025-10-10T09:38:16.655+0000] {dagbag.py:588} INFO - Filling up the DagBag from /home/airflow/.local/lib/python3.12/site-packages/airflow/example_dags/example_display_name.py
[2025-10-10T09:38:16.658+0000] {processor.py:925} INFO - DAG(s) 'example_display_name' retrieved from /home/airflow/.local/lib/python3.12/site-packages/airflow/example_dags/example_display_name.py
[2025-10-10T09:38:16.669+0000] {logging_mixin.py:190} INFO - [2025-10-10T09:38:16.668+0000] {dag.py:3239} INFO - Sync 1 DAGs
[2025-10-10T09:38:16.675+0000] {logging_mixin.py:190} INFO - [2025-10-10T09:38:16.675+0000] {dag.py:4180} INFO - Setting next_dagrun for example_display_name to None, run_after=None
[2025-10-10T09:38:16.681+0000] {processor.py:208} INFO - Processing /home/airflow/.local/lib/python3.12/site-packages/airflow/example_dags/example_display_name.py took 0.030 seconds
[2025-10-10T09:38:46.732+0000] {processor.py:186} INFO - Started process (PID=102) to work on /home/airflow/.local/lib/python3.12/site-packages/airflow/example_dags/example_display_name.py
[2025-10-10T09:38:46.732+0000] {processor.py:914} INFO - Processing file /home/airflow/.local/lib/python3.12/site-packages/airflow/example_dags/example_display_name.py for tasks to queue
[2025-10-10T09:38:46.733+0000] {logging_mixin.py:190} INFO - [2025-10-10T09:38:46.733+0000] {dagbag.py:588} INFO - Filling up the DagBag from /home/airflow/.local/lib/python3.12/site-packages/airflow/example_dags/example_display_name.py
[2025-10-10T09:38:46.736+0000] {processor.py:925} INFO - DAG(s) 'example_display_name' retrieved from /home/airflow/.local/lib/python3.12/site-packages/airflow/example_dags/example_display_name.py
[2025-10-10T09:38:46.742+0000] {logging_mixin.py:190} INFO - [2025-10-10T09:38:46.742+0000] {dag.py:3239} INFO - Sync 1 DAGs
[2025-10-10T09:38:46.747+0000] {logging_mixin.py:190} INFO - [2025-10-10T09:38:46.747+0000] {dag.py:4180} INFO - Setting next_dagrun for example_display_name to None, run_after=None
[2025-10-10T09:38:46.752+0000] {processor.py:208} INFO - Processing /home/airflow/.local/lib/python3.12/site-packages/airflow/example_dags/example_display_name.py took 0.022 seconds
[2025-10-10T09:39:17.799+0000] {processor.py:186} INFO - Started process (PID=172) to work on /home/airflow/.local/lib/python3.12/site-packages/airflow/example_dags/example_display_name.py
[2025-10-10T09:39:17.800+0000] {processor.py:914} INFO - Processing file /home/airflow/.local/lib/python3.12/site-packages/airflow/example_dags/example_display_name.py for tasks to queue
[2025-10-10T09:39:17.800+0000] {logging_mixin.py:190} INFO - [2025-10-10T09:39:17.800+0000] {dagbag.py:588} INFO - Filling up the DagBag from /home/airflow/.local/lib/python3.12/site-packages/airflow/example_dags/example_display_name.py
[2025-10-10T09:39:17.803+0000] {processor.py:925} INFO - DAG(s) 'example_display_name' retrieved from /home/airflow/.local/lib/python3.12/site-packages/airflow/example_dags/example_display_name.py
[2025-10-10T09:39:17.810+0000] {logging_mixin.py:190} INFO - [2025-10-10T09:39:17.810+0000] {dag.py:3239} INFO - Sync 1 DAGs
[2025-10-10T09:39:17.815+0000] {logging_mixin.py:190} INFO - [2025-10-10T09:39:17.815+0000] {dag.py:4180} INFO - Setting next_dagrun for example_display_name to None, run_after=None
[2025-10-10T09:39:17.819+0000] {processor.py:208} INFO - Processing /home/airflow/.local/lib/python3.12/site-packages/airflow/example_dags/example_display_name.py took 0.022 seconds
[2025-10-10T09:39:47.920+0000] {processor.py:186} INFO - Started process (PID=236) to work on /home/airflow/.local/lib/python3.12/site-packages/airflow/example_dags/example_display_name.py
[2025-10-10T09:39:47.921+0000] {processor.py:914} INFO - Processing file /home/airflow/.local/lib/python3.12/site-packages/airflow/example_dags/example_display_name.py for tasks to queue
[2025-10-10T09:39:47.921+0000] {logging_mixin.py:190} INFO - [2025-10-10T09:39:47.921+0000] {dagbag.py:588} INFO - Filling up the DagBag from /home/airflow/.local/lib/python3.12/site-packages/airflow/example_dags/example_display_name.py
[2025-10-10T09:39:47.924+0000] {processor.py:925} INFO - DAG(s) 'example_display_name' retrieved from /home/airflow/.local/lib/python3.12/site-packages/airflow/example_dags/example_display_name.py
[2025-10-10T09:39:47.931+0000] {logging_mixin.py:190} INFO - [2025-10-10T09:39:47.931+0000] {dag.py:3239} INFO - Sync 1 DAGs
[2025-10-10T09:39:47.935+0000] {logging_mixin.py:190} INFO - [2025-10-10T09:39:47.935+0000] {dag.py:4180} INFO - Setting next_dagrun for example_display_name to None, run_after=None
[2025-10-10T09:39:47.940+0000] {processor.py:208} INFO - Processing /home/airflow/.local/lib/python3.12/site-packages/airflow/example_dags/example_display_name.py took 0.022 seconds
[2025-10-10T09:40:18.078+0000] {processor.py:186} INFO - Started process (PID=300) to work on /home/airflow/.local/lib/python3.12/site-packages/airflow/example_dags/example_display_name.py
[2025-10-10T09:40:18.079+0000] {processor.py:914} INFO - Processing file /home/airflow/.local/lib/python3.12/site-packages/airflow/example_dags/example_display_name.py for tasks to queue
[2025-10-10T09:40:18.079+0000] {logging_mixin.py:190} INFO - [2025-10-10T09:40:18.079+0000] {dagbag.py:588} INFO - Filling up the DagBag from /home/airflow/.local/lib/python3.12/site-packages/airflow/example_dags/example_display_name.py
[2025-10-10T09:40:18.083+0000] {processor.py:925} INFO - DAG(s) 'example_display_name' retrieved from /home/airflow/.local/lib/python3.12/site-packages/airflow/example_dags/example_display_name.py
[2025-10-10T09:40:18.090+0000] {logging_mixin.py:190} INFO - [2025-10-10T09:40:18.090+0000] {dag.py:3239} INFO - Sync 1 DAGs
[2025-10-10T09:40:18.095+0000] {logging_mixin.py:190} INFO - [2025-10-10T09:40:18.095+0000] {dag.py:4180} INFO - Setting next_dagrun for example_display_name to None, run_after=None
[2025-10-10T09:40:18.100+0000] {processor.py:208} INFO - Processing /home/airflow/.local/lib/python3.12/site-packages/airflow/example_dags/example_display_name.py took 0.024 seconds
[2025-10-10T09:40:48.318+0000] {processor.py:186} INFO - Started process (PID=364) to work on /home/airflow/.local/lib/python3.12/site-packages/airflow/example_dags/example_display_name.py
[2025-10-10T09:40:48.318+0000] {processor.py:914} INFO - Processing file /home/airflow/.local/lib/python3.12/site-packages/airflow/example_dags/example_display_name.py for tasks to queue
[2025-10-10T09:40:48.319+0000] {logging_mixin.py:190} INFO - [2025-10-10T09:40:48.319+0000] {dagbag.py:588} INFO - Filling up the DagBag from /home/airflow/.local/lib/python3.12/site-packages/airflow/example_dags/example_display_name.py
[2025-10-10T09:40:48.322+0000] {processor.py:925} INFO - DAG(s) 'example_display_name' retrieved from /home/airflow/.local/lib/python3.12/site-packages/airflow/example_dags/example_display_name.py
[2025-10-10T09:40:48.329+0000] {logging_mixin.py:190} INFO - [2025-10-10T09:40:48.329+0000] {dag.py:3239} INFO - Sync 1 DAGs
[2025-10-10T09:40:48.333+0000] {logging_mixin.py:190} INFO - [2025-10-10T09:40:48.333+0000] {dag.py:4180} INFO - Setting next_dagrun for example_display_name to None, run_after=None
[2025-10-10T09:40:48.338+0000] {processor.py:208} INFO - Processing /home/airflow/.local/lib/python3.12/site-packages/airflow/example_dags/example_display_name.py took 0.022 seconds
[2025-10-10T09:41:18.507+0000] {processor.py:186} INFO - Started process (PID=428) to work on /home/airflow/.local/lib/python3.12/site-packages/airflow/example_dags/example_display_name.py
[2025-10-10T09:41:18.507+0000] {processor.py:914} INFO - Processing file /home/airflow/.local/lib/python3.12/site-packages/airflow/example_dags/example_display_name.py for tasks to queue
[2025-10-10T09:41:18.508+0000] {logging_mixin.py:190} INFO - [2025-10-10T09:41:18.508+0000] {dagbag.py:588} INFO - Filling up the DagBag from /home/airflow/.local/lib/python3.12/site-packages/airflow/example_dags/example_display_name.py
[2025-10-10T09:41:18.511+0000] {processor.py:925} INFO - DAG(s) 'example_display_name' retrieved from /home/airflow/.local/lib/python3.12/site-packages/airflow/example_dags/example_display_name.py
[2025-10-10T09:41:18.518+0000] {logging_mixin.py:190} INFO - [2025-10-10T09:41:18.518+0000] {dag.py:3239} INFO - Sync 1 DAGs
[2025-10-10T09:41:18.522+0000] {logging_mixin.py:190} INFO - [2025-10-10T09:41:18.522+0000] {dag.py:4180} INFO - Setting next_dagrun for example_display_name to None, run_after=None
[2025-10-10T09:41:18.528+0000] {processor.py:208} INFO - Processing /home/airflow/.local/lib/python3.12/site-packages/airflow/example_dags/example_display_name.py took 0.024 seconds
[2025-10-10T09:41:48.619+0000] {processor.py:186} INFO - Started process (PID=492) to work on /home/airflow/.local/lib/python3.12/site-packages/airflow/example_dags/example_display_name.py
[2025-10-10T09:41:48.619+0000] {processor.py:914} INFO - Processing file /home/airflow/.local/lib/python3.12/site-packages/airflow/example_dags/example_display_name.py for tasks to queue
[2025-10-10T09:41:48.620+0000] {logging_mixin.py:190} INFO - [2025-10-10T09:41:48.620+0000] {dagbag.py:588} INFO - Filling up the DagBag from /home/airflow/.local/lib/python3.12/site-packages/airflow/example_dags/example_display_name.py
[2025-10-10T09:41:48.623+0000] {processor.py:925} INFO - DAG(s) 'example_display_name' retrieved from /home/airflow/.local/lib/python3.12/site-packages/airflow/example_dags/example_display_name.py
[2025-10-10T09:41:48.631+0000] {logging_mixin.py:190} INFO - [2025-10-10T09:41:48.631+0000] {dag.py:3239} INFO - Sync 1 DAGs
[2025-10-10T09:41:48.636+0000] {logging_mixin.py:190} INFO - [2025-10-10T09:41:48.636+0000] {dag.py:4180} INFO - Setting next_dagrun for example_display_name to None, run_after=None
[2025-10-10T09:41:48.641+0000] {processor.py:208} INFO - Processing /home/airflow/.local/lib/python3.12/site-packages/airflow/example_dags/example_display_name.py took 0.025 seconds
[2025-10-10T09:42:18.831+0000] {processor.py:186} INFO - Started process (PID=556) to work on /home/airflow/.local/lib/python3.12/site-packages/airflow/example_dags/example_display_name.py
[2025-10-10T09:42:18.832+0000] {processor.py:914} INFO - Processing file /home/airflow/.local/lib/python3.12/site-packages/airflow/example_dags/example_display_name.py for tasks to queue
[2025-10-10T09:42:18.832+0000] {logging_mixin.py:190} INFO - [2025-10-10T09:42:18.832+0000] {dagbag.py:588} INFO - Filling up the DagBag from /home/airflow/.local/lib/python3.12/site-packages/airflow/example_dags/example_display_name.py
[2025-10-10T09:42:18.836+0000] {processor.py:925} INFO - DAG(s) 'example_display_name' retrieved from /home/airflow/.local/lib/python3.12/site-packages/airflow/example_dags/example_display_name.py
[2025-10-10T09:42:18.844+0000] {logging_mixin.py:190} INFO - [2025-10-10T09:42:18.844+0000] {dag.py:3239} INFO - Sync 1 DAGs
[2025-10-10T09:42:18.849+0000] {logging_mixin.py:190} INFO - [2025-10-10T09:42:18.849+0000] {dag.py:4180} INFO - Setting next_dagrun for example_display_name to None, run_after=None
[2025-10-10T09:42:18.854+0000] {processor.py:208} INFO - Processing /home/airflow/.local/lib/python3.12/site-packages/airflow/example_dags/example_display_name.py took 0.025 seconds
[2025-10-10T09:42:49.880+0000] {processor.py:186} INFO - Started process (PID=620) to work on /home/airflow/.local/lib/python3.12/site-packages/airflow/example_dags/example_display_name.py
[2025-10-10T09:42:49.881+0000] {processor.py:914} INFO - Processing file /home/airflow/.local/lib/python3.12/site-packages/airflow/example_dags/example_display_name.py for tasks to queue
[2025-10-10T09:42:49.882+0000] {logging_mixin.py:190} INFO - [2025-10-10T09:42:49.882+0000] {dagbag.py:588} INFO - Filling up the DagBag from /home/airflow/.local/lib/python3.12/site-packages/airflow/example_dags/example_display_name.py
[2025-10-10T09:42:49.885+0000] {processor.py:925} INFO - DAG(s) 'example_display_name' retrieved from /home/airflow/.local/lib/python3.12/site-packages/airflow/example_dags/example_display_name.py
[2025-10-10T09:42:49.893+0000] {logging_mixin.py:190} INFO - [2025-10-10T09:42:49.893+0000] {dag.py:3239} INFO - Sync 1 DAGs
[2025-10-10T09:42:49.898+0000] {logging_mixin.py:190} INFO - [2025-10-10T09:42:49.898+0000] {dag.py:4180} INFO - Setting next_dagrun for example_display_name to None, run_after=None
[2025-10-10T09:42:49.903+0000] {processor.py:208} INFO - Processing /home/airflow/.local/lib/python3.12/site-packages/airflow/example_dags/example_display_name.py took 0.026 seconds
[2025-10-10T09:43:20.173+0000] {processor.py:186} INFO - Started process (PID=684) to work on /home/airflow/.local/lib/python3.12/site-packages/airflow/example_dags/example_display_name.py
[2025-10-10T09:43:20.173+0000] {processor.py:914} INFO - Processing file /home/airflow/.local/lib/python3.12/site-packages/airflow/example_dags/example_display_name.py for tasks to queue
[2025-10-10T09:43:20.174+0000] {logging_mixin.py:190} INFO - [2025-10-10T09:43:20.174+0000] {dagbag.py:588} INFO - Filling up the DagBag from /home/airflow/.local/lib/python3.12/site-packages/airflow/example_dags/example_display_name.py
[2025-10-10T09:43:20.177+0000] {processor.py:925} INFO - DAG(s) 'example_display_name' retrieved from /home/airflow/.local/lib/python3.12/site-packages/airflow/example_dags/example_display_name.py
[2025-10-10T09:43:20.183+0000] {logging_mixin.py:190} INFO - [2025-10-10T09:43:20.183+0000] {dag.py:3239} INFO - Sync 1 DAGs
[2025-10-10T09:43:20.188+0000] {logging_mixin.py:190} INFO - [2025-10-10T09:43:20.188+0000] {dag.py:4180} INFO - Setting next_dagrun for example_display_name to None, run_after=None
[2025-10-10T09:43:20.193+0000] {processor.py:208} INFO - Processing /home/airflow/.local/lib/python3.12/site-packages/airflow/example_dags/example_display_name.py took 0.022 seconds
[2025-10-10T09:44:08.324+0000] {processor.py:186} INFO - Started process (PID=45) to work on /home/airflow/.local/lib/python3.12/site-packages/airflow/example_dags/example_display_name.py
[2025-10-10T09:44:08.325+0000] {processor.py:914} INFO - Processing file /home/airflow/.local/lib/python3.12/site-packages/airflow/example_dags/example_display_name.py for tasks to queue
[2025-10-10T09:44:08.327+0000] {logging_mixin.py:190} INFO - [2025-10-10T09:44:08.327+0000] {dagbag.py:588} INFO - Filling up the DagBag from /home/airflow/.local/lib/python3.12/site-packages/airflow/example_dags/example_display_name.py
[2025-10-10T09:44:08.331+0000] {processor.py:925} INFO - DAG(s) 'example_display_name' retrieved from /home/airflow/.local/lib/python3.12/site-packages/airflow/example_dags/example_display_name.py
[2025-10-10T09:44:08.348+0000] {logging_mixin.py:190} INFO - [2025-10-10T09:44:08.348+0000] {dag.py:3239} INFO - Sync 1 DAGs
[2025-10-10T09:44:08.354+0000] {logging_mixin.py:190} INFO - [2025-10-10T09:44:08.354+0000] {dag.py:4180} INFO - Setting next_dagrun for example_display_name to None, run_after=None
[2025-10-10T09:44:08.361+0000] {processor.py:208} INFO - Processing /home/airflow/.local/lib/python3.12/site-packages/airflow/example_dags/example_display_name.py took 0.042 seconds
[2025-10-10T09:44:39.070+0000] {processor.py:186} INFO - Started process (PID=115) to work on /home/airflow/.local/lib/python3.12/site-packages/airflow/example_dags/example_display_name.py
[2025-10-10T09:44:39.071+0000] {processor.py:914} INFO - Processing file /home/airflow/.local/lib/python3.12/site-packages/airflow/example_dags/example_display_name.py for tasks to queue
[2025-10-10T09:44:39.072+0000] {logging_mixin.py:190} INFO - [2025-10-10T09:44:39.072+0000] {dagbag.py:588} INFO - Filling up the DagBag from /home/airflow/.local/lib/python3.12/site-packages/airflow/example_dags/example_display_name.py
[2025-10-10T09:44:39.075+0000] {processor.py:925} INFO - DAG(s) 'example_display_name' retrieved from /home/airflow/.local/lib/python3.12/site-packages/airflow/example_dags/example_display_name.py
[2025-10-10T09:44:39.081+0000] {logging_mixin.py:190} INFO - [2025-10-10T09:44:39.081+0000] {dag.py:3239} INFO - Sync 1 DAGs
[2025-10-10T09:44:39.086+0000] {logging_mixin.py:190} INFO - [2025-10-10T09:44:39.086+0000] {dag.py:4180} INFO - Setting next_dagrun for example_display_name to None, run_after=None
[2025-10-10T09:44:39.091+0000] {processor.py:208} INFO - Processing /home/airflow/.local/lib/python3.12/site-packages/airflow/example_dags/example_display_name.py took 0.023 seconds
[2025-10-10T09:45:10.181+0000] {processor.py:186} INFO - Started process (PID=180) to work on /home/airflow/.local/lib/python3.12/site-packages/airflow/example_dags/example_display_name.py
[2025-10-10T09:45:10.181+0000] {processor.py:914} INFO - Processing file /home/airflow/.local/lib/python3.12/site-packages/airflow/example_dags/example_display_name.py for tasks to queue
[2025-10-10T09:45:10.182+0000] {logging_mixin.py:190} INFO - [2025-10-10T09:45:10.182+0000] {dagbag.py:588} INFO - Filling up the DagBag from /home/airflow/.local/lib/python3.12/site-packages/airflow/example_dags/example_display_name.py
[2025-10-10T09:45:10.185+0000] {processor.py:925} INFO - DAG(s) 'example_display_name' retrieved from /home/airflow/.local/lib/python3.12/site-packages/airflow/example_dags/example_display_name.py
[2025-10-10T09:45:10.192+0000] {logging_mixin.py:190} INFO - [2025-10-10T09:45:10.192+0000] {dag.py:3239} INFO - Sync 1 DAGs
[2025-10-10T09:45:10.197+0000] {logging_mixin.py:190} INFO - [2025-10-10T09:45:10.197+0000] {dag.py:4180} INFO - Setting next_dagrun for example_display_name to None, run_after=None
[2025-10-10T09:45:10.203+0000] {processor.py:208} INFO - Processing /home/airflow/.local/lib/python3.12/site-packages/airflow/example_dags/example_display_name.py took 0.025 seconds
[2025-10-10T09:45:41.213+0000] {processor.py:186} INFO - Started process (PID=252) to work on /home/airflow/.local/lib/python3.12/site-packages/airflow/example_dags/example_display_name.py
[2025-10-10T09:45:41.214+0000] {processor.py:914} INFO - Processing file /home/airflow/.local/lib/python3.12/site-packages/airflow/example_dags/example_display_name.py for tasks to queue
[2025-10-10T09:45:41.215+0000] {logging_mixin.py:190} INFO - [2025-10-10T09:45:41.214+0000] {dagbag.py:588} INFO - Filling up the DagBag from /home/airflow/.local/lib/python3.12/site-packages/airflow/example_dags/example_display_name.py
[2025-10-10T09:45:41.218+0000] {processor.py:925} INFO - DAG(s) 'example_display_name' retrieved from /home/airflow/.local/lib/python3.12/site-packages/airflow/example_dags/example_display_name.py
[2025-10-10T09:45:41.225+0000] {logging_mixin.py:190} INFO - [2025-10-10T09:45:41.225+0000] {dag.py:3239} INFO - Sync 1 DAGs
[2025-10-10T09:45:41.229+0000] {logging_mixin.py:190} INFO - [2025-10-10T09:45:41.229+0000] {dag.py:4180} INFO - Setting next_dagrun for example_display_name to None, run_after=None
[2025-10-10T09:45:41.235+0000] {processor.py:208} INFO - Processing /home/airflow/.local/lib/python3.12/site-packages/airflow/example_dags/example_display_name.py took 0.024 seconds
[2025-10-10T09:46:12.198+0000] {processor.py:186} INFO - Started process (PID=316) to work on /home/airflow/.local/lib/python3.12/site-packages/airflow/example_dags/example_display_name.py
[2025-10-10T09:46:12.199+0000] {processor.py:914} INFO - Processing file /home/airflow/.local/lib/python3.12/site-packages/airflow/example_dags/example_display_name.py for tasks to queue
[2025-10-10T09:46:12.199+0000] {logging_mixin.py:190} INFO - [2025-10-10T09:46:12.199+0000] {dagbag.py:588} INFO - Filling up the DagBag from /home/airflow/.local/lib/python3.12/site-packages/airflow/example_dags/example_display_name.py
[2025-10-10T09:46:12.203+0000] {processor.py:925} INFO - DAG(s) 'example_display_name' retrieved from /home/airflow/.local/lib/python3.12/site-packages/airflow/example_dags/example_display_name.py
[2025-10-10T09:46:12.211+0000] {logging_mixin.py:190} INFO - [2025-10-10T09:46:12.211+0000] {dag.py:3239} INFO - Sync 1 DAGs
[2025-10-10T09:46:12.217+0000] {logging_mixin.py:190} INFO - [2025-10-10T09:46:12.217+0000] {dag.py:4180} INFO - Setting next_dagrun for example_display_name to None, run_after=None
[2025-10-10T09:46:12.223+0000] {processor.py:208} INFO - Processing /home/airflow/.local/lib/python3.12/site-packages/airflow/example_dags/example_display_name.py took 0.027 seconds
[2025-10-10T09:46:42.239+0000] {processor.py:186} INFO - Started process (PID=379) to work on /home/airflow/.local/lib/python3.12/site-packages/airflow/example_dags/example_display_name.py
[2025-10-10T09:46:42.239+0000] {processor.py:914} INFO - Processing file /home/airflow/.local/lib/python3.12/site-packages/airflow/example_dags/example_display_name.py for tasks to queue
[2025-10-10T09:46:42.242+0000] {logging_mixin.py:190} INFO - [2025-10-10T09:46:42.242+0000] {dagbag.py:588} INFO - Filling up the DagBag from /home/airflow/.local/lib/python3.12/site-packages/airflow/example_dags/example_display_name.py
[2025-10-10T09:46:42.246+0000] {processor.py:925} INFO - DAG(s) 'example_display_name' retrieved from /home/airflow/.local/lib/python3.12/site-packages/airflow/example_dags/example_display_name.py
[2025-10-10T09:46:42.255+0000] {logging_mixin.py:190} INFO - [2025-10-10T09:46:42.255+0000] {dag.py:3239} INFO - Sync 1 DAGs
[2025-10-10T09:46:42.260+0000] {logging_mixin.py:190} INFO - [2025-10-10T09:46:42.260+0000] {dag.py:4180} INFO - Setting next_dagrun for example_display_name to None, run_after=None
[2025-10-10T09:46:42.268+0000] {processor.py:208} INFO - Processing /home/airflow/.local/lib/python3.12/site-packages/airflow/example_dags/example_display_name.py took 0.031 seconds
[2025-10-10T09:47:13.182+0000] {processor.py:186} INFO - Started process (PID=443) to work on /home/airflow/.local/lib/python3.12/site-packages/airflow/example_dags/example_display_name.py
[2025-10-10T09:47:13.182+0000] {processor.py:914} INFO - Processing file /home/airflow/.local/lib/python3.12/site-packages/airflow/example_dags/example_display_name.py for tasks to queue
[2025-10-10T09:47:13.183+0000] {logging_mixin.py:190} INFO - [2025-10-10T09:47:13.183+0000] {dagbag.py:588} INFO - Filling up the DagBag from /home/airflow/.local/lib/python3.12/site-packages/airflow/example_dags/example_display_name.py
[2025-10-10T09:47:13.186+0000] {processor.py:925} INFO - DAG(s) 'example_display_name' retrieved from /home/airflow/.local/lib/python3.12/site-packages/airflow/example_dags/example_display_name.py
[2025-10-10T09:47:13.193+0000] {logging_mixin.py:190} INFO - [2025-10-10T09:47:13.193+0000] {dag.py:3239} INFO - Sync 1 DAGs
[2025-10-10T09:47:13.197+0000] {logging_mixin.py:190} INFO - [2025-10-10T09:47:13.197+0000] {dag.py:4180} INFO - Setting next_dagrun for example_display_name to None, run_after=None
[2025-10-10T09:47:13.202+0000] {processor.py:208} INFO - Processing /home/airflow/.local/lib/python3.12/site-packages/airflow/example_dags/example_display_name.py took 0.022 seconds
[2025-10-10T09:47:43.290+0000] {processor.py:186} INFO - Started process (PID=507) to work on /home/airflow/.local/lib/python3.12/site-packages/airflow/example_dags/example_display_name.py
[2025-10-10T09:47:43.290+0000] {processor.py:914} INFO - Processing file /home/airflow/.local/lib/python3.12/site-packages/airflow/example_dags/example_display_name.py for tasks to queue
[2025-10-10T09:47:43.291+0000] {logging_mixin.py:190} INFO - [2025-10-10T09:47:43.291+0000] {dagbag.py:588} INFO - Filling up the DagBag from /home/airflow/.local/lib/python3.12/site-packages/airflow/example_dags/example_display_name.py
[2025-10-10T09:47:43.294+0000] {processor.py:925} INFO - DAG(s) 'example_display_name' retrieved from /home/airflow/.local/lib/python3.12/site-packages/airflow/example_dags/example_display_name.py
[2025-10-10T09:47:43.301+0000] {logging_mixin.py:190} INFO - [2025-10-10T09:47:43.300+0000] {dag.py:3239} INFO - Sync 1 DAGs
[2025-10-10T09:47:43.305+0000] {logging_mixin.py:190} INFO - [2025-10-10T09:47:43.305+0000] {dag.py:4180} INFO - Setting next_dagrun for example_display_name to None, run_after=None
[2025-10-10T09:47:43.310+0000] {processor.py:208} INFO - Processing /home/airflow/.local/lib/python3.12/site-packages/airflow/example_dags/example_display_name.py took 0.022 seconds
[2025-10-10T09:48:14.305+0000] {processor.py:186} INFO - Started process (PID=571) to work on /home/airflow/.local/lib/python3.12/site-packages/airflow/example_dags/example_display_name.py
[2025-10-10T09:48:14.305+0000] {processor.py:914} INFO - Processing file /home/airflow/.local/lib/python3.12/site-packages/airflow/example_dags/example_display_name.py for tasks to queue
[2025-10-10T09:48:14.306+0000] {logging_mixin.py:190} INFO - [2025-10-10T09:48:14.306+0000] {dagbag.py:588} INFO - Filling up the DagBag from /home/airflow/.local/lib/python3.12/site-packages/airflow/example_dags/example_display_name.py
[2025-10-10T09:48:14.309+0000] {processor.py:925} INFO - DAG(s) 'example_display_name' retrieved from /home/airflow/.local/lib/python3.12/site-packages/airflow/example_dags/example_display_name.py
[2025-10-10T09:48:14.316+0000] {logging_mixin.py:190} INFO - [2025-10-10T09:48:14.316+0000] {dag.py:3239} INFO - Sync 1 DAGs
[2025-10-10T09:48:14.320+0000] {logging_mixin.py:190} INFO - [2025-10-10T09:48:14.320+0000] {dag.py:4180} INFO - Setting next_dagrun for example_display_name to None, run_after=None
[2025-10-10T09:48:14.329+0000] {processor.py:208} INFO - Processing /home/airflow/.local/lib/python3.12/site-packages/airflow/example_dags/example_display_name.py took 0.027 seconds
[2025-10-10T09:48:44.755+0000] {processor.py:186} INFO - Started process (PID=635) to work on /home/airflow/.local/lib/python3.12/site-packages/airflow/example_dags/example_display_name.py
[2025-10-10T09:48:44.755+0000] {processor.py:914} INFO - Processing file /home/airflow/.local/lib/python3.12/site-packages/airflow/example_dags/example_display_name.py for tasks to queue
[2025-10-10T09:48:44.756+0000] {logging_mixin.py:190} INFO - [2025-10-10T09:48:44.756+0000] {dagbag.py:588} INFO - Filling up the DagBag from /home/airflow/.local/lib/python3.12/site-packages/airflow/example_dags/example_display_name.py
[2025-10-10T09:48:44.759+0000] {processor.py:925} INFO - DAG(s) 'example_display_name' retrieved from /home/airflow/.local/lib/python3.12/site-packages/airflow/example_dags/example_display_name.py
[2025-10-10T09:48:44.768+0000] {logging_mixin.py:190} INFO - [2025-10-10T09:48:44.768+0000] {dag.py:3239} INFO - Sync 1 DAGs
[2025-10-10T09:48:44.773+0000] {logging_mixin.py:190} INFO - [2025-10-10T09:48:44.773+0000] {dag.py:4180} INFO - Setting next_dagrun for example_display_name to None, run_after=None
[2025-10-10T09:48:44.782+0000] {processor.py:208} INFO - Processing /home/airflow/.local/lib/python3.12/site-packages/airflow/example_dags/example_display_name.py took 0.030 seconds
