[2025-10-10T09:36:22.716+0000] {processor.py:186} INFO - Started process (PID=89) to work on /home/airflow/.local/lib/python3.12/site-packages/airflow/example_dags/example_complex.py
[2025-10-10T09:36:22.716+0000] {processor.py:914} INFO - Processing file /home/airflow/.local/lib/python3.12/site-packages/airflow/example_dags/example_complex.py for tasks to queue
[2025-10-10T09:36:22.717+0000] {logging_mixin.py:190} INFO - [2025-10-10T09:36:22.717+0000] {dagbag.py:588} INFO - Filling up the DagBag from /home/airflow/.local/lib/python3.12/site-packages/airflow/example_dags/example_complex.py
[2025-10-10T09:36:22.724+0000] {processor.py:925} INFO - DAG(s) 'example_complex' retrieved from /home/airflow/.local/lib/python3.12/site-packages/airflow/example_dags/example_complex.py
[2025-10-10T09:36:22.774+0000] {logging_mixin.py:190} INFO - [2025-10-10T09:36:22.774+0000] {override.py:1911} INFO - Created Permission View: can edit on DAG:example_complex
[2025-10-10T09:36:22.782+0000] {logging_mixin.py:190} INFO - [2025-10-10T09:36:22.781+0000] {override.py:1911} INFO - Created Permission View: can read on DAG:example_complex
[2025-10-10T09:36:22.783+0000] {logging_mixin.py:190} INFO - [2025-10-10T09:36:22.783+0000] {override.py:1911} INFO - Created Permission View: can delete on DAG:example_complex
[2025-10-10T09:36:22.785+0000] {logging_mixin.py:190} INFO - [2025-10-10T09:36:22.785+0000] {override.py:1911} INFO - Created Permission View: can read on DAG Run:example_complex
[2025-10-10T09:36:22.787+0000] {logging_mixin.py:190} INFO - [2025-10-10T09:36:22.786+0000] {override.py:1911} INFO - Created Permission View: menu access on DAG Run:example_complex
[2025-10-10T09:36:22.788+0000] {logging_mixin.py:190} INFO - [2025-10-10T09:36:22.788+0000] {override.py:1911} INFO - Created Permission View: can delete on DAG Run:example_complex
[2025-10-10T09:36:22.790+0000] {logging_mixin.py:190} INFO - [2025-10-10T09:36:22.790+0000] {override.py:1911} INFO - Created Permission View: can create on DAG Run:example_complex
[2025-10-10T09:36:22.790+0000] {logging_mixin.py:190} INFO - [2025-10-10T09:36:22.790+0000] {dag.py:3239} INFO - Sync 1 DAGs
[2025-10-10T09:36:22.795+0000] {logging_mixin.py:190} INFO - [2025-10-10T09:36:22.795+0000] {dag.py:3262} INFO - Creating ORM DAG for example_complex
[2025-10-10T09:36:22.795+0000] {logging_mixin.py:190} INFO - [2025-10-10T09:36:22.795+0000] {dag.py:4180} INFO - Setting next_dagrun for example_complex to None, run_after=None
[2025-10-10T09:36:22.801+0000] {processor.py:208} INFO - Processing /home/airflow/.local/lib/python3.12/site-packages/airflow/example_dags/example_complex.py took 0.088 seconds
[2025-10-10T09:36:53.088+0000] {processor.py:186} INFO - Started process (PID=152) to work on /home/airflow/.local/lib/python3.12/site-packages/airflow/example_dags/example_complex.py
[2025-10-10T09:36:53.089+0000] {processor.py:914} INFO - Processing file /home/airflow/.local/lib/python3.12/site-packages/airflow/example_dags/example_complex.py for tasks to queue
[2025-10-10T09:36:53.090+0000] {logging_mixin.py:190} INFO - [2025-10-10T09:36:53.090+0000] {dagbag.py:588} INFO - Filling up the DagBag from /home/airflow/.local/lib/python3.12/site-packages/airflow/example_dags/example_complex.py
[2025-10-10T09:36:53.095+0000] {processor.py:925} INFO - DAG(s) 'example_complex' retrieved from /home/airflow/.local/lib/python3.12/site-packages/airflow/example_dags/example_complex.py
[2025-10-10T09:36:53.105+0000] {logging_mixin.py:190} INFO - [2025-10-10T09:36:53.104+0000] {dag.py:3239} INFO - Sync 1 DAGs
[2025-10-10T09:36:53.109+0000] {logging_mixin.py:190} INFO - [2025-10-10T09:36:53.109+0000] {dag.py:4180} INFO - Setting next_dagrun for example_complex to None, run_after=None
[2025-10-10T09:36:53.114+0000] {processor.py:208} INFO - Processing /home/airflow/.local/lib/python3.12/site-packages/airflow/example_dags/example_complex.py took 0.029 seconds
[2025-10-10T09:37:23.386+0000] {processor.py:186} INFO - Started process (PID=215) to work on /home/airflow/.local/lib/python3.12/site-packages/airflow/example_dags/example_complex.py
[2025-10-10T09:37:23.387+0000] {processor.py:914} INFO - Processing file /home/airflow/.local/lib/python3.12/site-packages/airflow/example_dags/example_complex.py for tasks to queue
[2025-10-10T09:37:23.388+0000] {logging_mixin.py:190} INFO - [2025-10-10T09:37:23.388+0000] {dagbag.py:588} INFO - Filling up the DagBag from /home/airflow/.local/lib/python3.12/site-packages/airflow/example_dags/example_complex.py
[2025-10-10T09:37:23.392+0000] {processor.py:925} INFO - DAG(s) 'example_complex' retrieved from /home/airflow/.local/lib/python3.12/site-packages/airflow/example_dags/example_complex.py
[2025-10-10T09:37:23.404+0000] {logging_mixin.py:190} INFO - [2025-10-10T09:37:23.403+0000] {dag.py:3239} INFO - Sync 1 DAGs
[2025-10-10T09:37:23.414+0000] {logging_mixin.py:190} INFO - [2025-10-10T09:37:23.414+0000] {dag.py:4180} INFO - Setting next_dagrun for example_complex to None, run_after=None
[2025-10-10T09:37:23.421+0000] {processor.py:208} INFO - Processing /home/airflow/.local/lib/python3.12/site-packages/airflow/example_dags/example_complex.py took 0.037 seconds
[2025-10-10T09:37:54.488+0000] {processor.py:186} INFO - Started process (PID=278) to work on /home/airflow/.local/lib/python3.12/site-packages/airflow/example_dags/example_complex.py
[2025-10-10T09:37:54.489+0000] {processor.py:914} INFO - Processing file /home/airflow/.local/lib/python3.12/site-packages/airflow/example_dags/example_complex.py for tasks to queue
[2025-10-10T09:37:54.491+0000] {logging_mixin.py:190} INFO - [2025-10-10T09:37:54.490+0000] {dagbag.py:588} INFO - Filling up the DagBag from /home/airflow/.local/lib/python3.12/site-packages/airflow/example_dags/example_complex.py
[2025-10-10T09:37:54.495+0000] {processor.py:925} INFO - DAG(s) 'example_complex' retrieved from /home/airflow/.local/lib/python3.12/site-packages/airflow/example_dags/example_complex.py
[2025-10-10T09:37:54.505+0000] {logging_mixin.py:190} INFO - [2025-10-10T09:37:54.505+0000] {dag.py:3239} INFO - Sync 1 DAGs
[2025-10-10T09:37:54.509+0000] {logging_mixin.py:190} INFO - [2025-10-10T09:37:54.509+0000] {dag.py:4180} INFO - Setting next_dagrun for example_complex to None, run_after=None
[2025-10-10T09:37:54.515+0000] {processor.py:208} INFO - Processing /home/airflow/.local/lib/python3.12/site-packages/airflow/example_dags/example_complex.py took 0.029 seconds
[2025-10-10T09:38:18.017+0000] {processor.py:186} INFO - Started process (PID=85) to work on /home/airflow/.local/lib/python3.12/site-packages/airflow/example_dags/example_complex.py
[2025-10-10T09:38:18.018+0000] {processor.py:914} INFO - Processing file /home/airflow/.local/lib/python3.12/site-packages/airflow/example_dags/example_complex.py for tasks to queue
[2025-10-10T09:38:18.021+0000] {logging_mixin.py:190} INFO - [2025-10-10T09:38:18.021+0000] {dagbag.py:588} INFO - Filling up the DagBag from /home/airflow/.local/lib/python3.12/site-packages/airflow/example_dags/example_complex.py
[2025-10-10T09:38:18.026+0000] {processor.py:925} INFO - DAG(s) 'example_complex' retrieved from /home/airflow/.local/lib/python3.12/site-packages/airflow/example_dags/example_complex.py
[2025-10-10T09:38:18.036+0000] {logging_mixin.py:190} INFO - [2025-10-10T09:38:18.036+0000] {dag.py:3239} INFO - Sync 1 DAGs
[2025-10-10T09:38:18.041+0000] {logging_mixin.py:190} INFO - [2025-10-10T09:38:18.041+0000] {dag.py:4180} INFO - Setting next_dagrun for example_complex to None, run_after=None
[2025-10-10T09:38:18.047+0000] {processor.py:208} INFO - Processing /home/airflow/.local/lib/python3.12/site-packages/airflow/example_dags/example_complex.py took 0.033 seconds
[2025-10-10T09:38:49.168+0000] {processor.py:186} INFO - Started process (PID=149) to work on /home/airflow/.local/lib/python3.12/site-packages/airflow/example_dags/example_complex.py
[2025-10-10T09:38:49.169+0000] {processor.py:914} INFO - Processing file /home/airflow/.local/lib/python3.12/site-packages/airflow/example_dags/example_complex.py for tasks to queue
[2025-10-10T09:38:49.169+0000] {logging_mixin.py:190} INFO - [2025-10-10T09:38:49.169+0000] {dagbag.py:588} INFO - Filling up the DagBag from /home/airflow/.local/lib/python3.12/site-packages/airflow/example_dags/example_complex.py
[2025-10-10T09:38:49.173+0000] {processor.py:925} INFO - DAG(s) 'example_complex' retrieved from /home/airflow/.local/lib/python3.12/site-packages/airflow/example_dags/example_complex.py
[2025-10-10T09:38:49.183+0000] {logging_mixin.py:190} INFO - [2025-10-10T09:38:49.183+0000] {dag.py:3239} INFO - Sync 1 DAGs
[2025-10-10T09:38:49.187+0000] {logging_mixin.py:190} INFO - [2025-10-10T09:38:49.187+0000] {dag.py:4180} INFO - Setting next_dagrun for example_complex to None, run_after=None
[2025-10-10T09:38:49.192+0000] {processor.py:208} INFO - Processing /home/airflow/.local/lib/python3.12/site-packages/airflow/example_dags/example_complex.py took 0.026 seconds
[2025-10-10T09:39:20.307+0000] {processor.py:186} INFO - Started process (PID=213) to work on /home/airflow/.local/lib/python3.12/site-packages/airflow/example_dags/example_complex.py
[2025-10-10T09:39:20.308+0000] {processor.py:914} INFO - Processing file /home/airflow/.local/lib/python3.12/site-packages/airflow/example_dags/example_complex.py for tasks to queue
[2025-10-10T09:39:20.309+0000] {logging_mixin.py:190} INFO - [2025-10-10T09:39:20.309+0000] {dagbag.py:588} INFO - Filling up the DagBag from /home/airflow/.local/lib/python3.12/site-packages/airflow/example_dags/example_complex.py
[2025-10-10T09:39:20.314+0000] {processor.py:925} INFO - DAG(s) 'example_complex' retrieved from /home/airflow/.local/lib/python3.12/site-packages/airflow/example_dags/example_complex.py
[2025-10-10T09:39:20.323+0000] {logging_mixin.py:190} INFO - [2025-10-10T09:39:20.323+0000] {dag.py:3239} INFO - Sync 1 DAGs
[2025-10-10T09:39:20.329+0000] {logging_mixin.py:190} INFO - [2025-10-10T09:39:20.329+0000] {dag.py:4180} INFO - Setting next_dagrun for example_complex to None, run_after=None
[2025-10-10T09:39:20.336+0000] {processor.py:208} INFO - Processing /home/airflow/.local/lib/python3.12/site-packages/airflow/example_dags/example_complex.py took 0.032 seconds
[2025-10-10T09:39:51.439+0000] {processor.py:186} INFO - Started process (PID=277) to work on /home/airflow/.local/lib/python3.12/site-packages/airflow/example_dags/example_complex.py
[2025-10-10T09:39:51.440+0000] {processor.py:914} INFO - Processing file /home/airflow/.local/lib/python3.12/site-packages/airflow/example_dags/example_complex.py for tasks to queue
[2025-10-10T09:39:51.441+0000] {logging_mixin.py:190} INFO - [2025-10-10T09:39:51.441+0000] {dagbag.py:588} INFO - Filling up the DagBag from /home/airflow/.local/lib/python3.12/site-packages/airflow/example_dags/example_complex.py
[2025-10-10T09:39:51.446+0000] {processor.py:925} INFO - DAG(s) 'example_complex' retrieved from /home/airflow/.local/lib/python3.12/site-packages/airflow/example_dags/example_complex.py
[2025-10-10T09:39:51.456+0000] {logging_mixin.py:190} INFO - [2025-10-10T09:39:51.456+0000] {dag.py:3239} INFO - Sync 1 DAGs
[2025-10-10T09:39:51.460+0000] {logging_mixin.py:190} INFO - [2025-10-10T09:39:51.460+0000] {dag.py:4180} INFO - Setting next_dagrun for example_complex to None, run_after=None
[2025-10-10T09:39:51.468+0000] {processor.py:208} INFO - Processing /home/airflow/.local/lib/python3.12/site-packages/airflow/example_dags/example_complex.py took 0.031 seconds
[2025-10-10T09:40:22.690+0000] {processor.py:186} INFO - Started process (PID=341) to work on /home/airflow/.local/lib/python3.12/site-packages/airflow/example_dags/example_complex.py
[2025-10-10T09:40:22.692+0000] {processor.py:914} INFO - Processing file /home/airflow/.local/lib/python3.12/site-packages/airflow/example_dags/example_complex.py for tasks to queue
[2025-10-10T09:40:22.693+0000] {logging_mixin.py:190} INFO - [2025-10-10T09:40:22.693+0000] {dagbag.py:588} INFO - Filling up the DagBag from /home/airflow/.local/lib/python3.12/site-packages/airflow/example_dags/example_complex.py
[2025-10-10T09:40:22.698+0000] {processor.py:925} INFO - DAG(s) 'example_complex' retrieved from /home/airflow/.local/lib/python3.12/site-packages/airflow/example_dags/example_complex.py
[2025-10-10T09:40:22.708+0000] {logging_mixin.py:190} INFO - [2025-10-10T09:40:22.708+0000] {dag.py:3239} INFO - Sync 1 DAGs
[2025-10-10T09:40:22.712+0000] {logging_mixin.py:190} INFO - [2025-10-10T09:40:22.712+0000] {dag.py:4180} INFO - Setting next_dagrun for example_complex to None, run_after=None
[2025-10-10T09:40:22.723+0000] {processor.py:208} INFO - Processing /home/airflow/.local/lib/python3.12/site-packages/airflow/example_dags/example_complex.py took 0.035 seconds
[2025-10-10T09:40:53.888+0000] {processor.py:186} INFO - Started process (PID=405) to work on /home/airflow/.local/lib/python3.12/site-packages/airflow/example_dags/example_complex.py
[2025-10-10T09:40:53.889+0000] {processor.py:914} INFO - Processing file /home/airflow/.local/lib/python3.12/site-packages/airflow/example_dags/example_complex.py for tasks to queue
[2025-10-10T09:40:53.890+0000] {logging_mixin.py:190} INFO - [2025-10-10T09:40:53.890+0000] {dagbag.py:588} INFO - Filling up the DagBag from /home/airflow/.local/lib/python3.12/site-packages/airflow/example_dags/example_complex.py
[2025-10-10T09:40:53.894+0000] {processor.py:925} INFO - DAG(s) 'example_complex' retrieved from /home/airflow/.local/lib/python3.12/site-packages/airflow/example_dags/example_complex.py
[2025-10-10T09:40:53.910+0000] {logging_mixin.py:190} INFO - [2025-10-10T09:40:53.909+0000] {dag.py:3239} INFO - Sync 1 DAGs
[2025-10-10T09:40:53.914+0000] {logging_mixin.py:190} INFO - [2025-10-10T09:40:53.914+0000] {dag.py:4180} INFO - Setting next_dagrun for example_complex to None, run_after=None
[2025-10-10T09:40:53.923+0000] {processor.py:208} INFO - Processing /home/airflow/.local/lib/python3.12/site-packages/airflow/example_dags/example_complex.py took 0.037 seconds
[2025-10-10T09:41:25.004+0000] {processor.py:186} INFO - Started process (PID=469) to work on /home/airflow/.local/lib/python3.12/site-packages/airflow/example_dags/example_complex.py
[2025-10-10T09:41:25.005+0000] {processor.py:914} INFO - Processing file /home/airflow/.local/lib/python3.12/site-packages/airflow/example_dags/example_complex.py for tasks to queue
[2025-10-10T09:41:25.006+0000] {logging_mixin.py:190} INFO - [2025-10-10T09:41:25.006+0000] {dagbag.py:588} INFO - Filling up the DagBag from /home/airflow/.local/lib/python3.12/site-packages/airflow/example_dags/example_complex.py
[2025-10-10T09:41:25.011+0000] {processor.py:925} INFO - DAG(s) 'example_complex' retrieved from /home/airflow/.local/lib/python3.12/site-packages/airflow/example_dags/example_complex.py
[2025-10-10T09:41:25.021+0000] {logging_mixin.py:190} INFO - [2025-10-10T09:41:25.021+0000] {dag.py:3239} INFO - Sync 1 DAGs
[2025-10-10T09:41:25.026+0000] {logging_mixin.py:190} INFO - [2025-10-10T09:41:25.026+0000] {dag.py:4180} INFO - Setting next_dagrun for example_complex to None, run_after=None
[2025-10-10T09:41:25.037+0000] {processor.py:208} INFO - Processing /home/airflow/.local/lib/python3.12/site-packages/airflow/example_dags/example_complex.py took 0.035 seconds
[2025-10-10T09:41:56.243+0000] {processor.py:186} INFO - Started process (PID=533) to work on /home/airflow/.local/lib/python3.12/site-packages/airflow/example_dags/example_complex.py
[2025-10-10T09:41:56.244+0000] {processor.py:914} INFO - Processing file /home/airflow/.local/lib/python3.12/site-packages/airflow/example_dags/example_complex.py for tasks to queue
[2025-10-10T09:41:56.244+0000] {logging_mixin.py:190} INFO - [2025-10-10T09:41:56.244+0000] {dagbag.py:588} INFO - Filling up the DagBag from /home/airflow/.local/lib/python3.12/site-packages/airflow/example_dags/example_complex.py
[2025-10-10T09:41:56.250+0000] {processor.py:925} INFO - DAG(s) 'example_complex' retrieved from /home/airflow/.local/lib/python3.12/site-packages/airflow/example_dags/example_complex.py
[2025-10-10T09:41:56.264+0000] {logging_mixin.py:190} INFO - [2025-10-10T09:41:56.264+0000] {dag.py:3239} INFO - Sync 1 DAGs
[2025-10-10T09:41:56.268+0000] {logging_mixin.py:190} INFO - [2025-10-10T09:41:56.268+0000] {dag.py:4180} INFO - Setting next_dagrun for example_complex to None, run_after=None
[2025-10-10T09:41:56.276+0000] {processor.py:208} INFO - Processing /home/airflow/.local/lib/python3.12/site-packages/airflow/example_dags/example_complex.py took 0.035 seconds
[2025-10-10T09:42:27.306+0000] {processor.py:186} INFO - Started process (PID=597) to work on /home/airflow/.local/lib/python3.12/site-packages/airflow/example_dags/example_complex.py
[2025-10-10T09:42:27.307+0000] {processor.py:914} INFO - Processing file /home/airflow/.local/lib/python3.12/site-packages/airflow/example_dags/example_complex.py for tasks to queue
[2025-10-10T09:42:27.309+0000] {logging_mixin.py:190} INFO - [2025-10-10T09:42:27.309+0000] {dagbag.py:588} INFO - Filling up the DagBag from /home/airflow/.local/lib/python3.12/site-packages/airflow/example_dags/example_complex.py
[2025-10-10T09:42:27.313+0000] {processor.py:925} INFO - DAG(s) 'example_complex' retrieved from /home/airflow/.local/lib/python3.12/site-packages/airflow/example_dags/example_complex.py
[2025-10-10T09:42:27.328+0000] {logging_mixin.py:190} INFO - [2025-10-10T09:42:27.328+0000] {dag.py:3239} INFO - Sync 1 DAGs
[2025-10-10T09:42:27.333+0000] {logging_mixin.py:190} INFO - [2025-10-10T09:42:27.333+0000] {dag.py:4180} INFO - Setting next_dagrun for example_complex to None, run_after=None
[2025-10-10T09:42:27.338+0000] {processor.py:208} INFO - Processing /home/airflow/.local/lib/python3.12/site-packages/airflow/example_dags/example_complex.py took 0.034 seconds
[2025-10-10T09:42:58.580+0000] {processor.py:186} INFO - Started process (PID=661) to work on /home/airflow/.local/lib/python3.12/site-packages/airflow/example_dags/example_complex.py
[2025-10-10T09:42:58.581+0000] {processor.py:914} INFO - Processing file /home/airflow/.local/lib/python3.12/site-packages/airflow/example_dags/example_complex.py for tasks to queue
[2025-10-10T09:42:58.581+0000] {logging_mixin.py:190} INFO - [2025-10-10T09:42:58.581+0000] {dagbag.py:588} INFO - Filling up the DagBag from /home/airflow/.local/lib/python3.12/site-packages/airflow/example_dags/example_complex.py
[2025-10-10T09:42:58.586+0000] {processor.py:925} INFO - DAG(s) 'example_complex' retrieved from /home/airflow/.local/lib/python3.12/site-packages/airflow/example_dags/example_complex.py
[2025-10-10T09:42:58.599+0000] {logging_mixin.py:190} INFO - [2025-10-10T09:42:58.598+0000] {dag.py:3239} INFO - Sync 1 DAGs
[2025-10-10T09:42:58.604+0000] {logging_mixin.py:190} INFO - [2025-10-10T09:42:58.604+0000] {dag.py:4180} INFO - Setting next_dagrun for example_complex to None, run_after=None
[2025-10-10T09:42:58.610+0000] {processor.py:208} INFO - Processing /home/airflow/.local/lib/python3.12/site-packages/airflow/example_dags/example_complex.py took 0.032 seconds
[2025-10-10T09:43:29.648+0000] {processor.py:186} INFO - Started process (PID=725) to work on /home/airflow/.local/lib/python3.12/site-packages/airflow/example_dags/example_complex.py
[2025-10-10T09:43:29.650+0000] {processor.py:914} INFO - Processing file /home/airflow/.local/lib/python3.12/site-packages/airflow/example_dags/example_complex.py for tasks to queue
[2025-10-10T09:43:29.652+0000] {logging_mixin.py:190} INFO - [2025-10-10T09:43:29.652+0000] {dagbag.py:588} INFO - Filling up the DagBag from /home/airflow/.local/lib/python3.12/site-packages/airflow/example_dags/example_complex.py
[2025-10-10T09:43:29.656+0000] {processor.py:925} INFO - DAG(s) 'example_complex' retrieved from /home/airflow/.local/lib/python3.12/site-packages/airflow/example_dags/example_complex.py
[2025-10-10T09:43:29.666+0000] {logging_mixin.py:190} INFO - [2025-10-10T09:43:29.666+0000] {dag.py:3239} INFO - Sync 1 DAGs
[2025-10-10T09:43:29.671+0000] {logging_mixin.py:190} INFO - [2025-10-10T09:43:29.671+0000] {dag.py:4180} INFO - Setting next_dagrun for example_complex to None, run_after=None
[2025-10-10T09:43:29.677+0000] {processor.py:208} INFO - Processing /home/airflow/.local/lib/python3.12/site-packages/airflow/example_dags/example_complex.py took 0.031 seconds
[2025-10-10T09:44:10.343+0000] {processor.py:186} INFO - Started process (PID=92) to work on /home/airflow/.local/lib/python3.12/site-packages/airflow/example_dags/example_complex.py
[2025-10-10T09:44:10.344+0000] {processor.py:914} INFO - Processing file /home/airflow/.local/lib/python3.12/site-packages/airflow/example_dags/example_complex.py for tasks to queue
[2025-10-10T09:44:10.345+0000] {logging_mixin.py:190} INFO - [2025-10-10T09:44:10.345+0000] {dagbag.py:588} INFO - Filling up the DagBag from /home/airflow/.local/lib/python3.12/site-packages/airflow/example_dags/example_complex.py
[2025-10-10T09:44:10.351+0000] {processor.py:925} INFO - DAG(s) 'example_complex' retrieved from /home/airflow/.local/lib/python3.12/site-packages/airflow/example_dags/example_complex.py
[2025-10-10T09:44:10.367+0000] {logging_mixin.py:190} INFO - [2025-10-10T09:44:10.367+0000] {dag.py:3239} INFO - Sync 1 DAGs
[2025-10-10T09:44:10.373+0000] {logging_mixin.py:190} INFO - [2025-10-10T09:44:10.373+0000] {dag.py:4180} INFO - Setting next_dagrun for example_complex to None, run_after=None
[2025-10-10T09:44:10.381+0000] {processor.py:208} INFO - Processing /home/airflow/.local/lib/python3.12/site-packages/airflow/example_dags/example_complex.py took 0.040 seconds
[2025-10-10T09:44:41.498+0000] {processor.py:186} INFO - Started process (PID=156) to work on /home/airflow/.local/lib/python3.12/site-packages/airflow/example_dags/example_complex.py
[2025-10-10T09:44:41.499+0000] {processor.py:914} INFO - Processing file /home/airflow/.local/lib/python3.12/site-packages/airflow/example_dags/example_complex.py for tasks to queue
[2025-10-10T09:44:41.500+0000] {logging_mixin.py:190} INFO - [2025-10-10T09:44:41.500+0000] {dagbag.py:588} INFO - Filling up the DagBag from /home/airflow/.local/lib/python3.12/site-packages/airflow/example_dags/example_complex.py
[2025-10-10T09:44:41.504+0000] {processor.py:925} INFO - DAG(s) 'example_complex' retrieved from /home/airflow/.local/lib/python3.12/site-packages/airflow/example_dags/example_complex.py
[2025-10-10T09:44:41.516+0000] {logging_mixin.py:190} INFO - [2025-10-10T09:44:41.516+0000] {dag.py:3239} INFO - Sync 1 DAGs
[2025-10-10T09:44:41.521+0000] {logging_mixin.py:190} INFO - [2025-10-10T09:44:41.521+0000] {dag.py:4180} INFO - Setting next_dagrun for example_complex to None, run_after=None
[2025-10-10T09:44:41.526+0000] {processor.py:208} INFO - Processing /home/airflow/.local/lib/python3.12/site-packages/airflow/example_dags/example_complex.py took 0.030 seconds
[2025-10-10T09:45:12.551+0000] {processor.py:186} INFO - Started process (PID=220) to work on /home/airflow/.local/lib/python3.12/site-packages/airflow/example_dags/example_complex.py
[2025-10-10T09:45:12.552+0000] {processor.py:914} INFO - Processing file /home/airflow/.local/lib/python3.12/site-packages/airflow/example_dags/example_complex.py for tasks to queue
[2025-10-10T09:45:12.553+0000] {logging_mixin.py:190} INFO - [2025-10-10T09:45:12.553+0000] {dagbag.py:588} INFO - Filling up the DagBag from /home/airflow/.local/lib/python3.12/site-packages/airflow/example_dags/example_complex.py
[2025-10-10T09:45:12.557+0000] {processor.py:925} INFO - DAG(s) 'example_complex' retrieved from /home/airflow/.local/lib/python3.12/site-packages/airflow/example_dags/example_complex.py
[2025-10-10T09:45:12.567+0000] {logging_mixin.py:190} INFO - [2025-10-10T09:45:12.567+0000] {dag.py:3239} INFO - Sync 1 DAGs
[2025-10-10T09:45:12.573+0000] {logging_mixin.py:190} INFO - [2025-10-10T09:45:12.572+0000] {dag.py:4180} INFO - Setting next_dagrun for example_complex to None, run_after=None
[2025-10-10T09:45:12.583+0000] {processor.py:208} INFO - Processing /home/airflow/.local/lib/python3.12/site-packages/airflow/example_dags/example_complex.py took 0.034 seconds
[2025-10-10T09:45:43.512+0000] {processor.py:186} INFO - Started process (PID=292) to work on /home/airflow/.local/lib/python3.12/site-packages/airflow/example_dags/example_complex.py
[2025-10-10T09:45:43.513+0000] {processor.py:914} INFO - Processing file /home/airflow/.local/lib/python3.12/site-packages/airflow/example_dags/example_complex.py for tasks to queue
[2025-10-10T09:45:43.514+0000] {logging_mixin.py:190} INFO - [2025-10-10T09:45:43.514+0000] {dagbag.py:588} INFO - Filling up the DagBag from /home/airflow/.local/lib/python3.12/site-packages/airflow/example_dags/example_complex.py
[2025-10-10T09:45:43.518+0000] {processor.py:925} INFO - DAG(s) 'example_complex' retrieved from /home/airflow/.local/lib/python3.12/site-packages/airflow/example_dags/example_complex.py
[2025-10-10T09:45:43.529+0000] {logging_mixin.py:190} INFO - [2025-10-10T09:45:43.529+0000] {dag.py:3239} INFO - Sync 1 DAGs
[2025-10-10T09:45:43.539+0000] {logging_mixin.py:190} INFO - [2025-10-10T09:45:43.539+0000] {dag.py:4180} INFO - Setting next_dagrun for example_complex to None, run_after=None
[2025-10-10T09:45:43.550+0000] {processor.py:208} INFO - Processing /home/airflow/.local/lib/python3.12/site-packages/airflow/example_dags/example_complex.py took 0.040 seconds
[2025-10-10T09:46:14.631+0000] {processor.py:186} INFO - Started process (PID=356) to work on /home/airflow/.local/lib/python3.12/site-packages/airflow/example_dags/example_complex.py
[2025-10-10T09:46:14.631+0000] {processor.py:914} INFO - Processing file /home/airflow/.local/lib/python3.12/site-packages/airflow/example_dags/example_complex.py for tasks to queue
[2025-10-10T09:46:14.632+0000] {logging_mixin.py:190} INFO - [2025-10-10T09:46:14.632+0000] {dagbag.py:588} INFO - Filling up the DagBag from /home/airflow/.local/lib/python3.12/site-packages/airflow/example_dags/example_complex.py
[2025-10-10T09:46:14.637+0000] {processor.py:925} INFO - DAG(s) 'example_complex' retrieved from /home/airflow/.local/lib/python3.12/site-packages/airflow/example_dags/example_complex.py
[2025-10-10T09:46:14.652+0000] {logging_mixin.py:190} INFO - [2025-10-10T09:46:14.652+0000] {dag.py:3239} INFO - Sync 1 DAGs
[2025-10-10T09:46:14.661+0000] {logging_mixin.py:190} INFO - [2025-10-10T09:46:14.660+0000] {dag.py:4180} INFO - Setting next_dagrun for example_complex to None, run_after=None
[2025-10-10T09:46:14.670+0000] {processor.py:208} INFO - Processing /home/airflow/.local/lib/python3.12/site-packages/airflow/example_dags/example_complex.py took 0.041 seconds
[2025-10-10T09:46:45.553+0000] {processor.py:186} INFO - Started process (PID=420) to work on /home/airflow/.local/lib/python3.12/site-packages/airflow/example_dags/example_complex.py
[2025-10-10T09:46:45.554+0000] {processor.py:914} INFO - Processing file /home/airflow/.local/lib/python3.12/site-packages/airflow/example_dags/example_complex.py for tasks to queue
[2025-10-10T09:46:45.555+0000] {logging_mixin.py:190} INFO - [2025-10-10T09:46:45.555+0000] {dagbag.py:588} INFO - Filling up the DagBag from /home/airflow/.local/lib/python3.12/site-packages/airflow/example_dags/example_complex.py
[2025-10-10T09:46:45.560+0000] {processor.py:925} INFO - DAG(s) 'example_complex' retrieved from /home/airflow/.local/lib/python3.12/site-packages/airflow/example_dags/example_complex.py
[2025-10-10T09:46:45.571+0000] {logging_mixin.py:190} INFO - [2025-10-10T09:46:45.571+0000] {dag.py:3239} INFO - Sync 1 DAGs
[2025-10-10T09:46:45.576+0000] {logging_mixin.py:190} INFO - [2025-10-10T09:46:45.576+0000] {dag.py:4180} INFO - Setting next_dagrun for example_complex to None, run_after=None
[2025-10-10T09:46:45.583+0000] {processor.py:208} INFO - Processing /home/airflow/.local/lib/python3.12/site-packages/airflow/example_dags/example_complex.py took 0.032 seconds
[2025-10-10T09:47:16.645+0000] {processor.py:186} INFO - Started process (PID=484) to work on /home/airflow/.local/lib/python3.12/site-packages/airflow/example_dags/example_complex.py
[2025-10-10T09:47:16.646+0000] {processor.py:914} INFO - Processing file /home/airflow/.local/lib/python3.12/site-packages/airflow/example_dags/example_complex.py for tasks to queue
[2025-10-10T09:47:16.647+0000] {logging_mixin.py:190} INFO - [2025-10-10T09:47:16.647+0000] {dagbag.py:588} INFO - Filling up the DagBag from /home/airflow/.local/lib/python3.12/site-packages/airflow/example_dags/example_complex.py
[2025-10-10T09:47:16.653+0000] {processor.py:925} INFO - DAG(s) 'example_complex' retrieved from /home/airflow/.local/lib/python3.12/site-packages/airflow/example_dags/example_complex.py
[2025-10-10T09:47:16.664+0000] {logging_mixin.py:190} INFO - [2025-10-10T09:47:16.664+0000] {dag.py:3239} INFO - Sync 1 DAGs
[2025-10-10T09:47:16.669+0000] {logging_mixin.py:190} INFO - [2025-10-10T09:47:16.669+0000] {dag.py:4180} INFO - Setting next_dagrun for example_complex to None, run_after=None
[2025-10-10T09:47:16.675+0000] {processor.py:208} INFO - Processing /home/airflow/.local/lib/python3.12/site-packages/airflow/example_dags/example_complex.py took 0.033 seconds
[2025-10-10T09:47:47.676+0000] {processor.py:186} INFO - Started process (PID=548) to work on /home/airflow/.local/lib/python3.12/site-packages/airflow/example_dags/example_complex.py
[2025-10-10T09:47:47.677+0000] {processor.py:914} INFO - Processing file /home/airflow/.local/lib/python3.12/site-packages/airflow/example_dags/example_complex.py for tasks to queue
[2025-10-10T09:47:47.678+0000] {logging_mixin.py:190} INFO - [2025-10-10T09:47:47.678+0000] {dagbag.py:588} INFO - Filling up the DagBag from /home/airflow/.local/lib/python3.12/site-packages/airflow/example_dags/example_complex.py
[2025-10-10T09:47:47.682+0000] {processor.py:925} INFO - DAG(s) 'example_complex' retrieved from /home/airflow/.local/lib/python3.12/site-packages/airflow/example_dags/example_complex.py
[2025-10-10T09:47:47.696+0000] {logging_mixin.py:190} INFO - [2025-10-10T09:47:47.696+0000] {dag.py:3239} INFO - Sync 1 DAGs
[2025-10-10T09:47:47.701+0000] {logging_mixin.py:190} INFO - [2025-10-10T09:47:47.701+0000] {dag.py:4180} INFO - Setting next_dagrun for example_complex to None, run_after=None
[2025-10-10T09:47:47.710+0000] {processor.py:208} INFO - Processing /home/airflow/.local/lib/python3.12/site-packages/airflow/example_dags/example_complex.py took 0.036 seconds
[2025-10-10T09:48:18.105+0000] {processor.py:186} INFO - Started process (PID=612) to work on /home/airflow/.local/lib/python3.12/site-packages/airflow/example_dags/example_complex.py
[2025-10-10T09:48:18.105+0000] {processor.py:914} INFO - Processing file /home/airflow/.local/lib/python3.12/site-packages/airflow/example_dags/example_complex.py for tasks to queue
[2025-10-10T09:48:18.106+0000] {logging_mixin.py:190} INFO - [2025-10-10T09:48:18.106+0000] {dagbag.py:588} INFO - Filling up the DagBag from /home/airflow/.local/lib/python3.12/site-packages/airflow/example_dags/example_complex.py
[2025-10-10T09:48:18.110+0000] {processor.py:925} INFO - DAG(s) 'example_complex' retrieved from /home/airflow/.local/lib/python3.12/site-packages/airflow/example_dags/example_complex.py
[2025-10-10T09:48:18.123+0000] {logging_mixin.py:190} INFO - [2025-10-10T09:48:18.123+0000] {dag.py:3239} INFO - Sync 1 DAGs
[2025-10-10T09:48:18.130+0000] {logging_mixin.py:190} INFO - [2025-10-10T09:48:18.130+0000] {dag.py:4180} INFO - Setting next_dagrun for example_complex to None, run_after=None
[2025-10-10T09:48:18.138+0000] {processor.py:208} INFO - Processing /home/airflow/.local/lib/python3.12/site-packages/airflow/example_dags/example_complex.py took 0.036 seconds
[2025-10-10T09:48:48.387+0000] {processor.py:186} INFO - Started process (PID=676) to work on /home/airflow/.local/lib/python3.12/site-packages/airflow/example_dags/example_complex.py
[2025-10-10T09:48:48.388+0000] {processor.py:914} INFO - Processing file /home/airflow/.local/lib/python3.12/site-packages/airflow/example_dags/example_complex.py for tasks to queue
[2025-10-10T09:48:48.389+0000] {logging_mixin.py:190} INFO - [2025-10-10T09:48:48.389+0000] {dagbag.py:588} INFO - Filling up the DagBag from /home/airflow/.local/lib/python3.12/site-packages/airflow/example_dags/example_complex.py
[2025-10-10T09:48:48.395+0000] {processor.py:925} INFO - DAG(s) 'example_complex' retrieved from /home/airflow/.local/lib/python3.12/site-packages/airflow/example_dags/example_complex.py
[2025-10-10T09:48:48.408+0000] {logging_mixin.py:190} INFO - [2025-10-10T09:48:48.408+0000] {dag.py:3239} INFO - Sync 1 DAGs
[2025-10-10T09:48:48.412+0000] {logging_mixin.py:190} INFO - [2025-10-10T09:48:48.412+0000] {dag.py:4180} INFO - Setting next_dagrun for example_complex to None, run_after=None
[2025-10-10T09:48:48.418+0000] {processor.py:208} INFO - Processing /home/airflow/.local/lib/python3.12/site-packages/airflow/example_dags/example_complex.py took 0.033 seconds
