[2025-10-10T09:36:21.448+0000] {processor.py:186} INFO - Started process (PID=71) to work on /home/airflow/.local/lib/python3.12/site-packages/airflow/example_dags/example_local_kubernetes_executor.py
[2025-10-10T09:36:21.449+0000] {processor.py:914} INFO - Processing file /home/airflow/.local/lib/python3.12/site-packages/airflow/example_dags/example_local_kubernetes_executor.py for tasks to queue
[2025-10-10T09:36:21.450+0000] {logging_mixin.py:190} INFO - [2025-10-10T09:36:21.450+0000] {dagbag.py:588} INFO - Filling up the DagBag from /home/airflow/.local/lib/python3.12/site-packages/airflow/example_dags/example_local_kubernetes_executor.py
[2025-10-10T09:36:21.454+0000] {processor.py:925} INFO - DAG(s) 'example_local_kubernetes_executor' retrieved from /home/airflow/.local/lib/python3.12/site-packages/airflow/example_dags/example_local_kubernetes_executor.py
[2025-10-10T09:36:21.490+0000] {logging_mixin.py:190} INFO - [2025-10-10T09:36:21.490+0000] {override.py:1911} INFO - Created Permission View: can edit on DAG:example_local_kubernetes_executor
[2025-10-10T09:36:21.493+0000] {logging_mixin.py:190} INFO - [2025-10-10T09:36:21.493+0000] {override.py:1911} INFO - Created Permission View: can read on DAG:example_local_kubernetes_executor
[2025-10-10T09:36:21.495+0000] {logging_mixin.py:190} INFO - [2025-10-10T09:36:21.495+0000] {override.py:1911} INFO - Created Permission View: can delete on DAG:example_local_kubernetes_executor
[2025-10-10T09:36:21.500+0000] {logging_mixin.py:190} INFO - [2025-10-10T09:36:21.500+0000] {override.py:1911} INFO - Created Permission View: can read on DAG Run:example_local_kubernetes_executor
[2025-10-10T09:36:21.502+0000] {logging_mixin.py:190} INFO - [2025-10-10T09:36:21.502+0000] {override.py:1911} INFO - Created Permission View: menu access on DAG Run:example_local_kubernetes_executor
[2025-10-10T09:36:21.503+0000] {logging_mixin.py:190} INFO - [2025-10-10T09:36:21.503+0000] {override.py:1911} INFO - Created Permission View: can delete on DAG Run:example_local_kubernetes_executor
[2025-10-10T09:36:21.505+0000] {logging_mixin.py:190} INFO - [2025-10-10T09:36:21.505+0000] {override.py:1911} INFO - Created Permission View: can create on DAG Run:example_local_kubernetes_executor
[2025-10-10T09:36:21.505+0000] {logging_mixin.py:190} INFO - [2025-10-10T09:36:21.505+0000] {dag.py:3239} INFO - Sync 1 DAGs
[2025-10-10T09:36:21.510+0000] {logging_mixin.py:190} INFO - [2025-10-10T09:36:21.510+0000] {dag.py:3262} INFO - Creating ORM DAG for example_local_kubernetes_executor
[2025-10-10T09:36:21.510+0000] {logging_mixin.py:190} INFO - [2025-10-10T09:36:21.510+0000] {dag.py:4180} INFO - Setting next_dagrun for example_local_kubernetes_executor to None, run_after=None
[2025-10-10T09:36:21.517+0000] {processor.py:208} INFO - Processing /home/airflow/.local/lib/python3.12/site-packages/airflow/example_dags/example_local_kubernetes_executor.py took 0.071 seconds
[2025-10-10T09:36:52.403+0000] {processor.py:186} INFO - Started process (PID=134) to work on /home/airflow/.local/lib/python3.12/site-packages/airflow/example_dags/example_local_kubernetes_executor.py
[2025-10-10T09:36:52.404+0000] {processor.py:914} INFO - Processing file /home/airflow/.local/lib/python3.12/site-packages/airflow/example_dags/example_local_kubernetes_executor.py for tasks to queue
[2025-10-10T09:36:52.405+0000] {logging_mixin.py:190} INFO - [2025-10-10T09:36:52.404+0000] {dagbag.py:588} INFO - Filling up the DagBag from /home/airflow/.local/lib/python3.12/site-packages/airflow/example_dags/example_local_kubernetes_executor.py
[2025-10-10T09:36:52.408+0000] {processor.py:925} INFO - DAG(s) 'example_local_kubernetes_executor' retrieved from /home/airflow/.local/lib/python3.12/site-packages/airflow/example_dags/example_local_kubernetes_executor.py
[2025-10-10T09:36:52.416+0000] {logging_mixin.py:190} INFO - [2025-10-10T09:36:52.416+0000] {dag.py:3239} INFO - Sync 1 DAGs
[2025-10-10T09:36:52.420+0000] {logging_mixin.py:190} INFO - [2025-10-10T09:36:52.420+0000] {dag.py:4180} INFO - Setting next_dagrun for example_local_kubernetes_executor to None, run_after=None
[2025-10-10T09:36:52.426+0000] {processor.py:208} INFO - Processing /home/airflow/.local/lib/python3.12/site-packages/airflow/example_dags/example_local_kubernetes_executor.py took 0.025 seconds
[2025-10-10T09:37:22.549+0000] {processor.py:186} INFO - Started process (PID=196) to work on /home/airflow/.local/lib/python3.12/site-packages/airflow/example_dags/example_local_kubernetes_executor.py
[2025-10-10T09:37:22.552+0000] {processor.py:914} INFO - Processing file /home/airflow/.local/lib/python3.12/site-packages/airflow/example_dags/example_local_kubernetes_executor.py for tasks to queue
[2025-10-10T09:37:22.556+0000] {logging_mixin.py:190} INFO - [2025-10-10T09:37:22.556+0000] {dagbag.py:588} INFO - Filling up the DagBag from /home/airflow/.local/lib/python3.12/site-packages/airflow/example_dags/example_local_kubernetes_executor.py
[2025-10-10T09:37:22.567+0000] {processor.py:925} INFO - DAG(s) 'example_local_kubernetes_executor' retrieved from /home/airflow/.local/lib/python3.12/site-packages/airflow/example_dags/example_local_kubernetes_executor.py
[2025-10-10T09:37:22.580+0000] {logging_mixin.py:190} INFO - [2025-10-10T09:37:22.580+0000] {dag.py:3239} INFO - Sync 1 DAGs
[2025-10-10T09:37:22.589+0000] {logging_mixin.py:190} INFO - [2025-10-10T09:37:22.588+0000] {dag.py:4180} INFO - Setting next_dagrun for example_local_kubernetes_executor to None, run_after=None
[2025-10-10T09:37:22.602+0000] {processor.py:208} INFO - Processing /home/airflow/.local/lib/python3.12/site-packages/airflow/example_dags/example_local_kubernetes_executor.py took 0.061 seconds
[2025-10-10T09:37:52.769+0000] {processor.py:186} INFO - Started process (PID=259) to work on /home/airflow/.local/lib/python3.12/site-packages/airflow/example_dags/example_local_kubernetes_executor.py
[2025-10-10T09:37:52.770+0000] {processor.py:914} INFO - Processing file /home/airflow/.local/lib/python3.12/site-packages/airflow/example_dags/example_local_kubernetes_executor.py for tasks to queue
[2025-10-10T09:37:52.772+0000] {logging_mixin.py:190} INFO - [2025-10-10T09:37:52.772+0000] {dagbag.py:588} INFO - Filling up the DagBag from /home/airflow/.local/lib/python3.12/site-packages/airflow/example_dags/example_local_kubernetes_executor.py
[2025-10-10T09:37:52.776+0000] {processor.py:925} INFO - DAG(s) 'example_local_kubernetes_executor' retrieved from /home/airflow/.local/lib/python3.12/site-packages/airflow/example_dags/example_local_kubernetes_executor.py
[2025-10-10T09:37:52.783+0000] {logging_mixin.py:190} INFO - [2025-10-10T09:37:52.783+0000] {dag.py:3239} INFO - Sync 1 DAGs
[2025-10-10T09:37:52.788+0000] {logging_mixin.py:190} INFO - [2025-10-10T09:37:52.788+0000] {dag.py:4180} INFO - Setting next_dagrun for example_local_kubernetes_executor to None, run_after=None
[2025-10-10T09:37:52.794+0000] {processor.py:208} INFO - Processing /home/airflow/.local/lib/python3.12/site-packages/airflow/example_dags/example_local_kubernetes_executor.py took 0.026 seconds
[2025-10-10T09:38:17.365+0000] {processor.py:186} INFO - Started process (PID=67) to work on /home/airflow/.local/lib/python3.12/site-packages/airflow/example_dags/example_local_kubernetes_executor.py
[2025-10-10T09:38:17.365+0000] {processor.py:914} INFO - Processing file /home/airflow/.local/lib/python3.12/site-packages/airflow/example_dags/example_local_kubernetes_executor.py for tasks to queue
[2025-10-10T09:38:17.366+0000] {logging_mixin.py:190} INFO - [2025-10-10T09:38:17.366+0000] {dagbag.py:588} INFO - Filling up the DagBag from /home/airflow/.local/lib/python3.12/site-packages/airflow/example_dags/example_local_kubernetes_executor.py
[2025-10-10T09:38:17.369+0000] {processor.py:925} INFO - DAG(s) 'example_local_kubernetes_executor' retrieved from /home/airflow/.local/lib/python3.12/site-packages/airflow/example_dags/example_local_kubernetes_executor.py
[2025-10-10T09:38:17.377+0000] {logging_mixin.py:190} INFO - [2025-10-10T09:38:17.377+0000] {dag.py:3239} INFO - Sync 1 DAGs
[2025-10-10T09:38:17.385+0000] {logging_mixin.py:190} INFO - [2025-10-10T09:38:17.385+0000] {dag.py:4180} INFO - Setting next_dagrun for example_local_kubernetes_executor to None, run_after=None
[2025-10-10T09:38:17.392+0000] {processor.py:208} INFO - Processing /home/airflow/.local/lib/python3.12/site-packages/airflow/example_dags/example_local_kubernetes_executor.py took 0.029 seconds
[2025-10-10T09:38:48.483+0000] {processor.py:186} INFO - Started process (PID=131) to work on /home/airflow/.local/lib/python3.12/site-packages/airflow/example_dags/example_local_kubernetes_executor.py
[2025-10-10T09:38:48.483+0000] {processor.py:914} INFO - Processing file /home/airflow/.local/lib/python3.12/site-packages/airflow/example_dags/example_local_kubernetes_executor.py for tasks to queue
[2025-10-10T09:38:48.484+0000] {logging_mixin.py:190} INFO - [2025-10-10T09:38:48.484+0000] {dagbag.py:588} INFO - Filling up the DagBag from /home/airflow/.local/lib/python3.12/site-packages/airflow/example_dags/example_local_kubernetes_executor.py
[2025-10-10T09:38:48.488+0000] {processor.py:925} INFO - DAG(s) 'example_local_kubernetes_executor' retrieved from /home/airflow/.local/lib/python3.12/site-packages/airflow/example_dags/example_local_kubernetes_executor.py
[2025-10-10T09:38:48.497+0000] {logging_mixin.py:190} INFO - [2025-10-10T09:38:48.497+0000] {dag.py:3239} INFO - Sync 1 DAGs
[2025-10-10T09:38:48.502+0000] {logging_mixin.py:190} INFO - [2025-10-10T09:38:48.502+0000] {dag.py:4180} INFO - Setting next_dagrun for example_local_kubernetes_executor to None, run_after=None
[2025-10-10T09:38:48.507+0000] {processor.py:208} INFO - Processing /home/airflow/.local/lib/python3.12/site-packages/airflow/example_dags/example_local_kubernetes_executor.py took 0.027 seconds
[2025-10-10T09:39:19.613+0000] {processor.py:186} INFO - Started process (PID=195) to work on /home/airflow/.local/lib/python3.12/site-packages/airflow/example_dags/example_local_kubernetes_executor.py
[2025-10-10T09:39:19.613+0000] {processor.py:914} INFO - Processing file /home/airflow/.local/lib/python3.12/site-packages/airflow/example_dags/example_local_kubernetes_executor.py for tasks to queue
[2025-10-10T09:39:19.614+0000] {logging_mixin.py:190} INFO - [2025-10-10T09:39:19.614+0000] {dagbag.py:588} INFO - Filling up the DagBag from /home/airflow/.local/lib/python3.12/site-packages/airflow/example_dags/example_local_kubernetes_executor.py
[2025-10-10T09:39:19.617+0000] {processor.py:925} INFO - DAG(s) 'example_local_kubernetes_executor' retrieved from /home/airflow/.local/lib/python3.12/site-packages/airflow/example_dags/example_local_kubernetes_executor.py
[2025-10-10T09:39:19.624+0000] {logging_mixin.py:190} INFO - [2025-10-10T09:39:19.624+0000] {dag.py:3239} INFO - Sync 1 DAGs
[2025-10-10T09:39:19.629+0000] {logging_mixin.py:190} INFO - [2025-10-10T09:39:19.629+0000] {dag.py:4180} INFO - Setting next_dagrun for example_local_kubernetes_executor to None, run_after=None
[2025-10-10T09:39:19.634+0000] {processor.py:208} INFO - Processing /home/airflow/.local/lib/python3.12/site-packages/airflow/example_dags/example_local_kubernetes_executor.py took 0.024 seconds
[2025-10-10T09:39:50.739+0000] {processor.py:186} INFO - Started process (PID=259) to work on /home/airflow/.local/lib/python3.12/site-packages/airflow/example_dags/example_local_kubernetes_executor.py
[2025-10-10T09:39:50.739+0000] {processor.py:914} INFO - Processing file /home/airflow/.local/lib/python3.12/site-packages/airflow/example_dags/example_local_kubernetes_executor.py for tasks to queue
[2025-10-10T09:39:50.740+0000] {logging_mixin.py:190} INFO - [2025-10-10T09:39:50.740+0000] {dagbag.py:588} INFO - Filling up the DagBag from /home/airflow/.local/lib/python3.12/site-packages/airflow/example_dags/example_local_kubernetes_executor.py
[2025-10-10T09:39:50.745+0000] {processor.py:925} INFO - DAG(s) 'example_local_kubernetes_executor' retrieved from /home/airflow/.local/lib/python3.12/site-packages/airflow/example_dags/example_local_kubernetes_executor.py
[2025-10-10T09:39:50.761+0000] {logging_mixin.py:190} INFO - [2025-10-10T09:39:50.761+0000] {dag.py:3239} INFO - Sync 1 DAGs
[2025-10-10T09:39:50.768+0000] {logging_mixin.py:190} INFO - [2025-10-10T09:39:50.768+0000] {dag.py:4180} INFO - Setting next_dagrun for example_local_kubernetes_executor to None, run_after=None
[2025-10-10T09:39:50.773+0000] {processor.py:208} INFO - Processing /home/airflow/.local/lib/python3.12/site-packages/airflow/example_dags/example_local_kubernetes_executor.py took 0.037 seconds
[2025-10-10T09:40:21.966+0000] {processor.py:186} INFO - Started process (PID=323) to work on /home/airflow/.local/lib/python3.12/site-packages/airflow/example_dags/example_local_kubernetes_executor.py
[2025-10-10T09:40:21.966+0000] {processor.py:914} INFO - Processing file /home/airflow/.local/lib/python3.12/site-packages/airflow/example_dags/example_local_kubernetes_executor.py for tasks to queue
[2025-10-10T09:40:21.967+0000] {logging_mixin.py:190} INFO - [2025-10-10T09:40:21.967+0000] {dagbag.py:588} INFO - Filling up the DagBag from /home/airflow/.local/lib/python3.12/site-packages/airflow/example_dags/example_local_kubernetes_executor.py
[2025-10-10T09:40:21.971+0000] {processor.py:925} INFO - DAG(s) 'example_local_kubernetes_executor' retrieved from /home/airflow/.local/lib/python3.12/site-packages/airflow/example_dags/example_local_kubernetes_executor.py
[2025-10-10T09:40:21.978+0000] {logging_mixin.py:190} INFO - [2025-10-10T09:40:21.978+0000] {dag.py:3239} INFO - Sync 1 DAGs
[2025-10-10T09:40:21.983+0000] {logging_mixin.py:190} INFO - [2025-10-10T09:40:21.983+0000] {dag.py:4180} INFO - Setting next_dagrun for example_local_kubernetes_executor to None, run_after=None
[2025-10-10T09:40:21.989+0000] {processor.py:208} INFO - Processing /home/airflow/.local/lib/python3.12/site-packages/airflow/example_dags/example_local_kubernetes_executor.py took 0.025 seconds
[2025-10-10T09:40:53.223+0000] {processor.py:186} INFO - Started process (PID=387) to work on /home/airflow/.local/lib/python3.12/site-packages/airflow/example_dags/example_local_kubernetes_executor.py
[2025-10-10T09:40:53.223+0000] {processor.py:914} INFO - Processing file /home/airflow/.local/lib/python3.12/site-packages/airflow/example_dags/example_local_kubernetes_executor.py for tasks to queue
[2025-10-10T09:40:53.224+0000] {logging_mixin.py:190} INFO - [2025-10-10T09:40:53.224+0000] {dagbag.py:588} INFO - Filling up the DagBag from /home/airflow/.local/lib/python3.12/site-packages/airflow/example_dags/example_local_kubernetes_executor.py
[2025-10-10T09:40:53.228+0000] {processor.py:925} INFO - DAG(s) 'example_local_kubernetes_executor' retrieved from /home/airflow/.local/lib/python3.12/site-packages/airflow/example_dags/example_local_kubernetes_executor.py
[2025-10-10T09:40:53.236+0000] {logging_mixin.py:190} INFO - [2025-10-10T09:40:53.236+0000] {dag.py:3239} INFO - Sync 1 DAGs
[2025-10-10T09:40:53.241+0000] {logging_mixin.py:190} INFO - [2025-10-10T09:40:53.241+0000] {dag.py:4180} INFO - Setting next_dagrun for example_local_kubernetes_executor to None, run_after=None
[2025-10-10T09:40:53.248+0000] {processor.py:208} INFO - Processing /home/airflow/.local/lib/python3.12/site-packages/airflow/example_dags/example_local_kubernetes_executor.py took 0.027 seconds
[2025-10-10T09:41:24.358+0000] {processor.py:186} INFO - Started process (PID=451) to work on /home/airflow/.local/lib/python3.12/site-packages/airflow/example_dags/example_local_kubernetes_executor.py
[2025-10-10T09:41:24.358+0000] {processor.py:914} INFO - Processing file /home/airflow/.local/lib/python3.12/site-packages/airflow/example_dags/example_local_kubernetes_executor.py for tasks to queue
[2025-10-10T09:41:24.359+0000] {logging_mixin.py:190} INFO - [2025-10-10T09:41:24.359+0000] {dagbag.py:588} INFO - Filling up the DagBag from /home/airflow/.local/lib/python3.12/site-packages/airflow/example_dags/example_local_kubernetes_executor.py
[2025-10-10T09:41:24.362+0000] {processor.py:925} INFO - DAG(s) 'example_local_kubernetes_executor' retrieved from /home/airflow/.local/lib/python3.12/site-packages/airflow/example_dags/example_local_kubernetes_executor.py
[2025-10-10T09:41:24.369+0000] {logging_mixin.py:190} INFO - [2025-10-10T09:41:24.369+0000] {dag.py:3239} INFO - Sync 1 DAGs
[2025-10-10T09:41:24.374+0000] {logging_mixin.py:190} INFO - [2025-10-10T09:41:24.374+0000] {dag.py:4180} INFO - Setting next_dagrun for example_local_kubernetes_executor to None, run_after=None
[2025-10-10T09:41:24.380+0000] {processor.py:208} INFO - Processing /home/airflow/.local/lib/python3.12/site-packages/airflow/example_dags/example_local_kubernetes_executor.py took 0.024 seconds
[2025-10-10T09:41:55.571+0000] {processor.py:186} INFO - Started process (PID=515) to work on /home/airflow/.local/lib/python3.12/site-packages/airflow/example_dags/example_local_kubernetes_executor.py
[2025-10-10T09:41:55.571+0000] {processor.py:914} INFO - Processing file /home/airflow/.local/lib/python3.12/site-packages/airflow/example_dags/example_local_kubernetes_executor.py for tasks to queue
[2025-10-10T09:41:55.572+0000] {logging_mixin.py:190} INFO - [2025-10-10T09:41:55.572+0000] {dagbag.py:588} INFO - Filling up the DagBag from /home/airflow/.local/lib/python3.12/site-packages/airflow/example_dags/example_local_kubernetes_executor.py
[2025-10-10T09:41:55.577+0000] {processor.py:925} INFO - DAG(s) 'example_local_kubernetes_executor' retrieved from /home/airflow/.local/lib/python3.12/site-packages/airflow/example_dags/example_local_kubernetes_executor.py
[2025-10-10T09:41:55.585+0000] {logging_mixin.py:190} INFO - [2025-10-10T09:41:55.585+0000] {dag.py:3239} INFO - Sync 1 DAGs
[2025-10-10T09:41:55.590+0000] {logging_mixin.py:190} INFO - [2025-10-10T09:41:55.590+0000] {dag.py:4180} INFO - Setting next_dagrun for example_local_kubernetes_executor to None, run_after=None
[2025-10-10T09:41:55.596+0000] {processor.py:208} INFO - Processing /home/airflow/.local/lib/python3.12/site-packages/airflow/example_dags/example_local_kubernetes_executor.py took 0.028 seconds
[2025-10-10T09:42:26.643+0000] {processor.py:186} INFO - Started process (PID=579) to work on /home/airflow/.local/lib/python3.12/site-packages/airflow/example_dags/example_local_kubernetes_executor.py
[2025-10-10T09:42:26.643+0000] {processor.py:914} INFO - Processing file /home/airflow/.local/lib/python3.12/site-packages/airflow/example_dags/example_local_kubernetes_executor.py for tasks to queue
[2025-10-10T09:42:26.644+0000] {logging_mixin.py:190} INFO - [2025-10-10T09:42:26.644+0000] {dagbag.py:588} INFO - Filling up the DagBag from /home/airflow/.local/lib/python3.12/site-packages/airflow/example_dags/example_local_kubernetes_executor.py
[2025-10-10T09:42:26.647+0000] {processor.py:925} INFO - DAG(s) 'example_local_kubernetes_executor' retrieved from /home/airflow/.local/lib/python3.12/site-packages/airflow/example_dags/example_local_kubernetes_executor.py
[2025-10-10T09:42:26.660+0000] {logging_mixin.py:190} INFO - [2025-10-10T09:42:26.660+0000] {dag.py:3239} INFO - Sync 1 DAGs
[2025-10-10T09:42:26.665+0000] {logging_mixin.py:190} INFO - [2025-10-10T09:42:26.665+0000] {dag.py:4180} INFO - Setting next_dagrun for example_local_kubernetes_executor to None, run_after=None
[2025-10-10T09:42:26.671+0000] {processor.py:208} INFO - Processing /home/airflow/.local/lib/python3.12/site-packages/airflow/example_dags/example_local_kubernetes_executor.py took 0.030 seconds
[2025-10-10T09:42:57.897+0000] {processor.py:186} INFO - Started process (PID=643) to work on /home/airflow/.local/lib/python3.12/site-packages/airflow/example_dags/example_local_kubernetes_executor.py
[2025-10-10T09:42:57.897+0000] {processor.py:914} INFO - Processing file /home/airflow/.local/lib/python3.12/site-packages/airflow/example_dags/example_local_kubernetes_executor.py for tasks to queue
[2025-10-10T09:42:57.898+0000] {logging_mixin.py:190} INFO - [2025-10-10T09:42:57.898+0000] {dagbag.py:588} INFO - Filling up the DagBag from /home/airflow/.local/lib/python3.12/site-packages/airflow/example_dags/example_local_kubernetes_executor.py
[2025-10-10T09:42:57.902+0000] {processor.py:925} INFO - DAG(s) 'example_local_kubernetes_executor' retrieved from /home/airflow/.local/lib/python3.12/site-packages/airflow/example_dags/example_local_kubernetes_executor.py
[2025-10-10T09:42:57.911+0000] {logging_mixin.py:190} INFO - [2025-10-10T09:42:57.911+0000] {dag.py:3239} INFO - Sync 1 DAGs
[2025-10-10T09:42:57.915+0000] {logging_mixin.py:190} INFO - [2025-10-10T09:42:57.915+0000] {dag.py:4180} INFO - Setting next_dagrun for example_local_kubernetes_executor to None, run_after=None
[2025-10-10T09:42:57.926+0000] {processor.py:208} INFO - Processing /home/airflow/.local/lib/python3.12/site-packages/airflow/example_dags/example_local_kubernetes_executor.py took 0.031 seconds
[2025-10-10T09:43:28.993+0000] {processor.py:186} INFO - Started process (PID=707) to work on /home/airflow/.local/lib/python3.12/site-packages/airflow/example_dags/example_local_kubernetes_executor.py
[2025-10-10T09:43:28.993+0000] {processor.py:914} INFO - Processing file /home/airflow/.local/lib/python3.12/site-packages/airflow/example_dags/example_local_kubernetes_executor.py for tasks to queue
[2025-10-10T09:43:28.994+0000] {logging_mixin.py:190} INFO - [2025-10-10T09:43:28.994+0000] {dagbag.py:588} INFO - Filling up the DagBag from /home/airflow/.local/lib/python3.12/site-packages/airflow/example_dags/example_local_kubernetes_executor.py
[2025-10-10T09:43:28.998+0000] {processor.py:925} INFO - DAG(s) 'example_local_kubernetes_executor' retrieved from /home/airflow/.local/lib/python3.12/site-packages/airflow/example_dags/example_local_kubernetes_executor.py
[2025-10-10T09:43:29.008+0000] {logging_mixin.py:190} INFO - [2025-10-10T09:43:29.008+0000] {dag.py:3239} INFO - Sync 1 DAGs
[2025-10-10T09:43:29.015+0000] {logging_mixin.py:190} INFO - [2025-10-10T09:43:29.015+0000] {dag.py:4180} INFO - Setting next_dagrun for example_local_kubernetes_executor to None, run_after=None
[2025-10-10T09:43:29.023+0000] {processor.py:208} INFO - Processing /home/airflow/.local/lib/python3.12/site-packages/airflow/example_dags/example_local_kubernetes_executor.py took 0.032 seconds
[2025-10-10T09:44:09.587+0000] {processor.py:186} INFO - Started process (PID=74) to work on /home/airflow/.local/lib/python3.12/site-packages/airflow/example_dags/example_local_kubernetes_executor.py
[2025-10-10T09:44:09.587+0000] {processor.py:914} INFO - Processing file /home/airflow/.local/lib/python3.12/site-packages/airflow/example_dags/example_local_kubernetes_executor.py for tasks to queue
[2025-10-10T09:44:09.588+0000] {logging_mixin.py:190} INFO - [2025-10-10T09:44:09.588+0000] {dagbag.py:588} INFO - Filling up the DagBag from /home/airflow/.local/lib/python3.12/site-packages/airflow/example_dags/example_local_kubernetes_executor.py
[2025-10-10T09:44:09.592+0000] {processor.py:925} INFO - DAG(s) 'example_local_kubernetes_executor' retrieved from /home/airflow/.local/lib/python3.12/site-packages/airflow/example_dags/example_local_kubernetes_executor.py
[2025-10-10T09:44:09.601+0000] {logging_mixin.py:190} INFO - [2025-10-10T09:44:09.601+0000] {dag.py:3239} INFO - Sync 1 DAGs
[2025-10-10T09:44:09.607+0000] {logging_mixin.py:190} INFO - [2025-10-10T09:44:09.606+0000] {dag.py:4180} INFO - Setting next_dagrun for example_local_kubernetes_executor to None, run_after=None
[2025-10-10T09:44:09.613+0000] {processor.py:208} INFO - Processing /home/airflow/.local/lib/python3.12/site-packages/airflow/example_dags/example_local_kubernetes_executor.py took 0.028 seconds
[2025-10-10T09:44:39.772+0000] {processor.py:186} INFO - Started process (PID=137) to work on /home/airflow/.local/lib/python3.12/site-packages/airflow/example_dags/example_local_kubernetes_executor.py
[2025-10-10T09:44:39.772+0000] {processor.py:914} INFO - Processing file /home/airflow/.local/lib/python3.12/site-packages/airflow/example_dags/example_local_kubernetes_executor.py for tasks to queue
[2025-10-10T09:44:39.773+0000] {logging_mixin.py:190} INFO - [2025-10-10T09:44:39.773+0000] {dagbag.py:588} INFO - Filling up the DagBag from /home/airflow/.local/lib/python3.12/site-packages/airflow/example_dags/example_local_kubernetes_executor.py
[2025-10-10T09:44:39.777+0000] {processor.py:925} INFO - DAG(s) 'example_local_kubernetes_executor' retrieved from /home/airflow/.local/lib/python3.12/site-packages/airflow/example_dags/example_local_kubernetes_executor.py
[2025-10-10T09:44:39.785+0000] {logging_mixin.py:190} INFO - [2025-10-10T09:44:39.785+0000] {dag.py:3239} INFO - Sync 1 DAGs
[2025-10-10T09:44:39.789+0000] {logging_mixin.py:190} INFO - [2025-10-10T09:44:39.789+0000] {dag.py:4180} INFO - Setting next_dagrun for example_local_kubernetes_executor to None, run_after=None
[2025-10-10T09:44:39.800+0000] {processor.py:208} INFO - Processing /home/airflow/.local/lib/python3.12/site-packages/airflow/example_dags/example_local_kubernetes_executor.py took 0.031 seconds
[2025-10-10T09:45:10.847+0000] {processor.py:186} INFO - Started process (PID=201) to work on /home/airflow/.local/lib/python3.12/site-packages/airflow/example_dags/example_local_kubernetes_executor.py
[2025-10-10T09:45:10.847+0000] {processor.py:914} INFO - Processing file /home/airflow/.local/lib/python3.12/site-packages/airflow/example_dags/example_local_kubernetes_executor.py for tasks to queue
[2025-10-10T09:45:10.848+0000] {logging_mixin.py:190} INFO - [2025-10-10T09:45:10.848+0000] {dagbag.py:588} INFO - Filling up the DagBag from /home/airflow/.local/lib/python3.12/site-packages/airflow/example_dags/example_local_kubernetes_executor.py
[2025-10-10T09:45:10.852+0000] {processor.py:925} INFO - DAG(s) 'example_local_kubernetes_executor' retrieved from /home/airflow/.local/lib/python3.12/site-packages/airflow/example_dags/example_local_kubernetes_executor.py
[2025-10-10T09:45:10.860+0000] {logging_mixin.py:190} INFO - [2025-10-10T09:45:10.860+0000] {dag.py:3239} INFO - Sync 1 DAGs
[2025-10-10T09:45:10.864+0000] {logging_mixin.py:190} INFO - [2025-10-10T09:45:10.864+0000] {dag.py:4180} INFO - Setting next_dagrun for example_local_kubernetes_executor to None, run_after=None
[2025-10-10T09:45:10.871+0000] {processor.py:208} INFO - Processing /home/airflow/.local/lib/python3.12/site-packages/airflow/example_dags/example_local_kubernetes_executor.py took 0.026 seconds
[2025-10-10T09:45:41.822+0000] {processor.py:186} INFO - Started process (PID=273) to work on /home/airflow/.local/lib/python3.12/site-packages/airflow/example_dags/example_local_kubernetes_executor.py
[2025-10-10T09:45:41.822+0000] {processor.py:914} INFO - Processing file /home/airflow/.local/lib/python3.12/site-packages/airflow/example_dags/example_local_kubernetes_executor.py for tasks to queue
[2025-10-10T09:45:41.823+0000] {logging_mixin.py:190} INFO - [2025-10-10T09:45:41.823+0000] {dagbag.py:588} INFO - Filling up the DagBag from /home/airflow/.local/lib/python3.12/site-packages/airflow/example_dags/example_local_kubernetes_executor.py
[2025-10-10T09:45:41.827+0000] {processor.py:925} INFO - DAG(s) 'example_local_kubernetes_executor' retrieved from /home/airflow/.local/lib/python3.12/site-packages/airflow/example_dags/example_local_kubernetes_executor.py
[2025-10-10T09:45:41.836+0000] {logging_mixin.py:190} INFO - [2025-10-10T09:45:41.836+0000] {dag.py:3239} INFO - Sync 1 DAGs
[2025-10-10T09:45:41.841+0000] {logging_mixin.py:190} INFO - [2025-10-10T09:45:41.841+0000] {dag.py:4180} INFO - Setting next_dagrun for example_local_kubernetes_executor to None, run_after=None
[2025-10-10T09:45:41.847+0000] {processor.py:208} INFO - Processing /home/airflow/.local/lib/python3.12/site-packages/airflow/example_dags/example_local_kubernetes_executor.py took 0.028 seconds
[2025-10-10T09:46:12.873+0000] {processor.py:186} INFO - Started process (PID=337) to work on /home/airflow/.local/lib/python3.12/site-packages/airflow/example_dags/example_local_kubernetes_executor.py
[2025-10-10T09:46:12.873+0000] {processor.py:914} INFO - Processing file /home/airflow/.local/lib/python3.12/site-packages/airflow/example_dags/example_local_kubernetes_executor.py for tasks to queue
[2025-10-10T09:46:12.874+0000] {logging_mixin.py:190} INFO - [2025-10-10T09:46:12.874+0000] {dagbag.py:588} INFO - Filling up the DagBag from /home/airflow/.local/lib/python3.12/site-packages/airflow/example_dags/example_local_kubernetes_executor.py
[2025-10-10T09:46:12.879+0000] {processor.py:925} INFO - DAG(s) 'example_local_kubernetes_executor' retrieved from /home/airflow/.local/lib/python3.12/site-packages/airflow/example_dags/example_local_kubernetes_executor.py
[2025-10-10T09:46:12.888+0000] {logging_mixin.py:190} INFO - [2025-10-10T09:46:12.888+0000] {dag.py:3239} INFO - Sync 1 DAGs
[2025-10-10T09:46:12.894+0000] {logging_mixin.py:190} INFO - [2025-10-10T09:46:12.894+0000] {dag.py:4180} INFO - Setting next_dagrun for example_local_kubernetes_executor to None, run_after=None
[2025-10-10T09:46:12.900+0000] {processor.py:208} INFO - Processing /home/airflow/.local/lib/python3.12/site-packages/airflow/example_dags/example_local_kubernetes_executor.py took 0.030 seconds
[2025-10-10T09:46:43.932+0000] {processor.py:186} INFO - Started process (PID=401) to work on /home/airflow/.local/lib/python3.12/site-packages/airflow/example_dags/example_local_kubernetes_executor.py
[2025-10-10T09:46:43.933+0000] {processor.py:914} INFO - Processing file /home/airflow/.local/lib/python3.12/site-packages/airflow/example_dags/example_local_kubernetes_executor.py for tasks to queue
[2025-10-10T09:46:43.933+0000] {logging_mixin.py:190} INFO - [2025-10-10T09:46:43.933+0000] {dagbag.py:588} INFO - Filling up the DagBag from /home/airflow/.local/lib/python3.12/site-packages/airflow/example_dags/example_local_kubernetes_executor.py
[2025-10-10T09:46:43.937+0000] {processor.py:925} INFO - DAG(s) 'example_local_kubernetes_executor' retrieved from /home/airflow/.local/lib/python3.12/site-packages/airflow/example_dags/example_local_kubernetes_executor.py
[2025-10-10T09:46:43.945+0000] {logging_mixin.py:190} INFO - [2025-10-10T09:46:43.945+0000] {dag.py:3239} INFO - Sync 1 DAGs
[2025-10-10T09:46:43.949+0000] {logging_mixin.py:190} INFO - [2025-10-10T09:46:43.949+0000] {dag.py:4180} INFO - Setting next_dagrun for example_local_kubernetes_executor to None, run_after=None
[2025-10-10T09:46:43.957+0000] {processor.py:208} INFO - Processing /home/airflow/.local/lib/python3.12/site-packages/airflow/example_dags/example_local_kubernetes_executor.py took 0.027 seconds
[2025-10-10T09:47:14.942+0000] {processor.py:186} INFO - Started process (PID=465) to work on /home/airflow/.local/lib/python3.12/site-packages/airflow/example_dags/example_local_kubernetes_executor.py
[2025-10-10T09:47:14.945+0000] {processor.py:914} INFO - Processing file /home/airflow/.local/lib/python3.12/site-packages/airflow/example_dags/example_local_kubernetes_executor.py for tasks to queue
[2025-10-10T09:47:14.946+0000] {logging_mixin.py:190} INFO - [2025-10-10T09:47:14.946+0000] {dagbag.py:588} INFO - Filling up the DagBag from /home/airflow/.local/lib/python3.12/site-packages/airflow/example_dags/example_local_kubernetes_executor.py
[2025-10-10T09:47:14.951+0000] {processor.py:925} INFO - DAG(s) 'example_local_kubernetes_executor' retrieved from /home/airflow/.local/lib/python3.12/site-packages/airflow/example_dags/example_local_kubernetes_executor.py
[2025-10-10T09:47:14.960+0000] {logging_mixin.py:190} INFO - [2025-10-10T09:47:14.960+0000] {dag.py:3239} INFO - Sync 1 DAGs
[2025-10-10T09:47:14.967+0000] {logging_mixin.py:190} INFO - [2025-10-10T09:47:14.967+0000] {dag.py:4180} INFO - Setting next_dagrun for example_local_kubernetes_executor to None, run_after=None
[2025-10-10T09:47:14.973+0000] {processor.py:208} INFO - Processing /home/airflow/.local/lib/python3.12/site-packages/airflow/example_dags/example_local_kubernetes_executor.py took 0.034 seconds
[2025-10-10T09:47:46.015+0000] {processor.py:186} INFO - Started process (PID=529) to work on /home/airflow/.local/lib/python3.12/site-packages/airflow/example_dags/example_local_kubernetes_executor.py
[2025-10-10T09:47:46.015+0000] {processor.py:914} INFO - Processing file /home/airflow/.local/lib/python3.12/site-packages/airflow/example_dags/example_local_kubernetes_executor.py for tasks to queue
[2025-10-10T09:47:46.016+0000] {logging_mixin.py:190} INFO - [2025-10-10T09:47:46.016+0000] {dagbag.py:588} INFO - Filling up the DagBag from /home/airflow/.local/lib/python3.12/site-packages/airflow/example_dags/example_local_kubernetes_executor.py
[2025-10-10T09:47:46.020+0000] {processor.py:925} INFO - DAG(s) 'example_local_kubernetes_executor' retrieved from /home/airflow/.local/lib/python3.12/site-packages/airflow/example_dags/example_local_kubernetes_executor.py
[2025-10-10T09:47:46.028+0000] {logging_mixin.py:190} INFO - [2025-10-10T09:47:46.028+0000] {dag.py:3239} INFO - Sync 1 DAGs
[2025-10-10T09:47:46.033+0000] {logging_mixin.py:190} INFO - [2025-10-10T09:47:46.033+0000] {dag.py:4180} INFO - Setting next_dagrun for example_local_kubernetes_executor to None, run_after=None
[2025-10-10T09:47:46.045+0000] {processor.py:208} INFO - Processing /home/airflow/.local/lib/python3.12/site-packages/airflow/example_dags/example_local_kubernetes_executor.py took 0.032 seconds
[2025-10-10T09:48:17.246+0000] {processor.py:186} INFO - Started process (PID=593) to work on /home/airflow/.local/lib/python3.12/site-packages/airflow/example_dags/example_local_kubernetes_executor.py
[2025-10-10T09:48:17.247+0000] {processor.py:914} INFO - Processing file /home/airflow/.local/lib/python3.12/site-packages/airflow/example_dags/example_local_kubernetes_executor.py for tasks to queue
[2025-10-10T09:48:17.248+0000] {logging_mixin.py:190} INFO - [2025-10-10T09:48:17.248+0000] {dagbag.py:588} INFO - Filling up the DagBag from /home/airflow/.local/lib/python3.12/site-packages/airflow/example_dags/example_local_kubernetes_executor.py
[2025-10-10T09:48:17.252+0000] {processor.py:925} INFO - DAG(s) 'example_local_kubernetes_executor' retrieved from /home/airflow/.local/lib/python3.12/site-packages/airflow/example_dags/example_local_kubernetes_executor.py
[2025-10-10T09:48:17.262+0000] {logging_mixin.py:190} INFO - [2025-10-10T09:48:17.262+0000] {dag.py:3239} INFO - Sync 1 DAGs
[2025-10-10T09:48:17.267+0000] {logging_mixin.py:190} INFO - [2025-10-10T09:48:17.267+0000] {dag.py:4180} INFO - Setting next_dagrun for example_local_kubernetes_executor to None, run_after=None
[2025-10-10T09:48:17.273+0000] {processor.py:208} INFO - Processing /home/airflow/.local/lib/python3.12/site-packages/airflow/example_dags/example_local_kubernetes_executor.py took 0.029 seconds
[2025-10-10T09:48:47.501+0000] {processor.py:186} INFO - Started process (PID=657) to work on /home/airflow/.local/lib/python3.12/site-packages/airflow/example_dags/example_local_kubernetes_executor.py
[2025-10-10T09:48:47.501+0000] {processor.py:914} INFO - Processing file /home/airflow/.local/lib/python3.12/site-packages/airflow/example_dags/example_local_kubernetes_executor.py for tasks to queue
[2025-10-10T09:48:47.502+0000] {logging_mixin.py:190} INFO - [2025-10-10T09:48:47.502+0000] {dagbag.py:588} INFO - Filling up the DagBag from /home/airflow/.local/lib/python3.12/site-packages/airflow/example_dags/example_local_kubernetes_executor.py
[2025-10-10T09:48:47.506+0000] {processor.py:925} INFO - DAG(s) 'example_local_kubernetes_executor' retrieved from /home/airflow/.local/lib/python3.12/site-packages/airflow/example_dags/example_local_kubernetes_executor.py
[2025-10-10T09:48:47.517+0000] {logging_mixin.py:190} INFO - [2025-10-10T09:48:47.517+0000] {dag.py:3239} INFO - Sync 1 DAGs
[2025-10-10T09:48:47.522+0000] {logging_mixin.py:190} INFO - [2025-10-10T09:48:47.522+0000] {dag.py:4180} INFO - Setting next_dagrun for example_local_kubernetes_executor to None, run_after=None
[2025-10-10T09:48:47.530+0000] {processor.py:208} INFO - Processing /home/airflow/.local/lib/python3.12/site-packages/airflow/example_dags/example_local_kubernetes_executor.py took 0.032 seconds
