[2025-10-10T09:36:21.348+0000] {processor.py:186} INFO - Started process (PID=70) to work on /home/airflow/.local/lib/python3.12/site-packages/airflow/example_dags/example_external_task_marker_dag.py
[2025-10-10T09:36:21.349+0000] {processor.py:914} INFO - Processing file /home/airflow/.local/lib/python3.12/site-packages/airflow/example_dags/example_external_task_marker_dag.py for tasks to queue
[2025-10-10T09:36:21.350+0000] {logging_mixin.py:190} INFO - [2025-10-10T09:36:21.350+0000] {dagbag.py:588} INFO - Filling up the DagBag from /home/airflow/.local/lib/python3.12/site-packages/airflow/example_dags/example_external_task_marker_dag.py
[2025-10-10T09:36:21.354+0000] {processor.py:925} INFO - DAG(s) 'example_external_task_marker_parent', 'example_external_task_marker_child' retrieved from /home/airflow/.local/lib/python3.12/site-packages/airflow/example_dags/example_external_task_marker_dag.py
[2025-10-10T09:36:21.392+0000] {logging_mixin.py:190} INFO - [2025-10-10T09:36:21.391+0000] {override.py:1911} INFO - Created Permission View: can edit on DAG:example_external_task_marker_parent
[2025-10-10T09:36:21.395+0000] {logging_mixin.py:190} INFO - [2025-10-10T09:36:21.395+0000] {override.py:1911} INFO - Created Permission View: can read on DAG:example_external_task_marker_parent
[2025-10-10T09:36:21.398+0000] {logging_mixin.py:190} INFO - [2025-10-10T09:36:21.398+0000] {override.py:1911} INFO - Created Permission View: can delete on DAG:example_external_task_marker_parent
[2025-10-10T09:36:21.402+0000] {logging_mixin.py:190} INFO - [2025-10-10T09:36:21.402+0000] {override.py:1911} INFO - Created Permission View: can read on DAG Run:example_external_task_marker_parent
[2025-10-10T09:36:21.405+0000] {logging_mixin.py:190} INFO - [2025-10-10T09:36:21.405+0000] {override.py:1911} INFO - Created Permission View: menu access on DAG Run:example_external_task_marker_parent
[2025-10-10T09:36:21.408+0000] {logging_mixin.py:190} INFO - [2025-10-10T09:36:21.408+0000] {override.py:1911} INFO - Created Permission View: can delete on DAG Run:example_external_task_marker_parent
[2025-10-10T09:36:21.412+0000] {logging_mixin.py:190} INFO - [2025-10-10T09:36:21.412+0000] {override.py:1911} INFO - Created Permission View: can create on DAG Run:example_external_task_marker_parent
[2025-10-10T09:36:21.417+0000] {logging_mixin.py:190} INFO - [2025-10-10T09:36:21.417+0000] {override.py:1911} INFO - Created Permission View: can edit on DAG:example_external_task_marker_child
[2025-10-10T09:36:21.420+0000] {logging_mixin.py:190} INFO - [2025-10-10T09:36:21.420+0000] {override.py:1911} INFO - Created Permission View: can read on DAG:example_external_task_marker_child
[2025-10-10T09:36:21.422+0000] {logging_mixin.py:190} INFO - [2025-10-10T09:36:21.421+0000] {override.py:1911} INFO - Created Permission View: can delete on DAG:example_external_task_marker_child
[2025-10-10T09:36:21.423+0000] {logging_mixin.py:190} INFO - [2025-10-10T09:36:21.423+0000] {override.py:1911} INFO - Created Permission View: can read on DAG Run:example_external_task_marker_child
[2025-10-10T09:36:21.424+0000] {logging_mixin.py:190} INFO - [2025-10-10T09:36:21.424+0000] {override.py:1911} INFO - Created Permission View: menu access on DAG Run:example_external_task_marker_child
[2025-10-10T09:36:21.426+0000] {logging_mixin.py:190} INFO - [2025-10-10T09:36:21.426+0000] {override.py:1911} INFO - Created Permission View: can delete on DAG Run:example_external_task_marker_child
[2025-10-10T09:36:21.427+0000] {logging_mixin.py:190} INFO - [2025-10-10T09:36:21.427+0000] {override.py:1911} INFO - Created Permission View: can create on DAG Run:example_external_task_marker_child
[2025-10-10T09:36:21.427+0000] {logging_mixin.py:190} INFO - [2025-10-10T09:36:21.427+0000] {dag.py:3239} INFO - Sync 2 DAGs
[2025-10-10T09:36:21.432+0000] {logging_mixin.py:190} INFO - [2025-10-10T09:36:21.432+0000] {dag.py:3262} INFO - Creating ORM DAG for example_external_task_marker_child
[2025-10-10T09:36:21.432+0000] {logging_mixin.py:190} INFO - [2025-10-10T09:36:21.432+0000] {dag.py:3262} INFO - Creating ORM DAG for example_external_task_marker_parent
[2025-10-10T09:36:21.432+0000] {logging_mixin.py:190} INFO - [2025-10-10T09:36:21.432+0000] {dag.py:4180} INFO - Setting next_dagrun for example_external_task_marker_child to None, run_after=None
[2025-10-10T09:36:21.433+0000] {logging_mixin.py:190} INFO - [2025-10-10T09:36:21.432+0000] {dag.py:4180} INFO - Setting next_dagrun for example_external_task_marker_parent to None, run_after=None
[2025-10-10T09:36:21.438+0000] {processor.py:208} INFO - Processing /home/airflow/.local/lib/python3.12/site-packages/airflow/example_dags/example_external_task_marker_dag.py took 0.092 seconds
[2025-10-10T09:36:52.370+0000] {processor.py:186} INFO - Started process (PID=133) to work on /home/airflow/.local/lib/python3.12/site-packages/airflow/example_dags/example_external_task_marker_dag.py
[2025-10-10T09:36:52.371+0000] {processor.py:914} INFO - Processing file /home/airflow/.local/lib/python3.12/site-packages/airflow/example_dags/example_external_task_marker_dag.py for tasks to queue
[2025-10-10T09:36:52.372+0000] {logging_mixin.py:190} INFO - [2025-10-10T09:36:52.372+0000] {dagbag.py:588} INFO - Filling up the DagBag from /home/airflow/.local/lib/python3.12/site-packages/airflow/example_dags/example_external_task_marker_dag.py
[2025-10-10T09:36:52.375+0000] {processor.py:925} INFO - DAG(s) 'example_external_task_marker_parent', 'example_external_task_marker_child' retrieved from /home/airflow/.local/lib/python3.12/site-packages/airflow/example_dags/example_external_task_marker_dag.py
[2025-10-10T09:36:52.383+0000] {logging_mixin.py:190} INFO - [2025-10-10T09:36:52.383+0000] {dag.py:3239} INFO - Sync 2 DAGs
[2025-10-10T09:36:52.389+0000] {logging_mixin.py:190} INFO - [2025-10-10T09:36:52.388+0000] {dag.py:4180} INFO - Setting next_dagrun for example_external_task_marker_child to None, run_after=None
[2025-10-10T09:36:52.390+0000] {logging_mixin.py:190} INFO - [2025-10-10T09:36:52.390+0000] {dag.py:4180} INFO - Setting next_dagrun for example_external_task_marker_parent to None, run_after=None
[2025-10-10T09:36:52.395+0000] {processor.py:208} INFO - Processing /home/airflow/.local/lib/python3.12/site-packages/airflow/example_dags/example_external_task_marker_dag.py took 0.027 seconds
[2025-10-10T09:37:22.526+0000] {processor.py:186} INFO - Started process (PID=195) to work on /home/airflow/.local/lib/python3.12/site-packages/airflow/example_dags/example_external_task_marker_dag.py
[2025-10-10T09:37:22.528+0000] {processor.py:914} INFO - Processing file /home/airflow/.local/lib/python3.12/site-packages/airflow/example_dags/example_external_task_marker_dag.py for tasks to queue
[2025-10-10T09:37:22.531+0000] {logging_mixin.py:190} INFO - [2025-10-10T09:37:22.530+0000] {dagbag.py:588} INFO - Filling up the DagBag from /home/airflow/.local/lib/python3.12/site-packages/airflow/example_dags/example_external_task_marker_dag.py
[2025-10-10T09:37:22.539+0000] {processor.py:925} INFO - DAG(s) 'example_external_task_marker_parent', 'example_external_task_marker_child' retrieved from /home/airflow/.local/lib/python3.12/site-packages/airflow/example_dags/example_external_task_marker_dag.py
[2025-10-10T09:37:22.556+0000] {logging_mixin.py:190} INFO - [2025-10-10T09:37:22.556+0000] {dag.py:3239} INFO - Sync 2 DAGs
[2025-10-10T09:37:22.562+0000] {logging_mixin.py:190} INFO - [2025-10-10T09:37:22.562+0000] {dag.py:4180} INFO - Setting next_dagrun for example_external_task_marker_child to None, run_after=None
[2025-10-10T09:37:22.564+0000] {logging_mixin.py:190} INFO - [2025-10-10T09:37:22.564+0000] {dag.py:4180} INFO - Setting next_dagrun for example_external_task_marker_parent to None, run_after=None
[2025-10-10T09:37:22.573+0000] {processor.py:208} INFO - Processing /home/airflow/.local/lib/python3.12/site-packages/airflow/example_dags/example_external_task_marker_dag.py took 0.059 seconds
[2025-10-10T09:37:52.741+0000] {processor.py:186} INFO - Started process (PID=258) to work on /home/airflow/.local/lib/python3.12/site-packages/airflow/example_dags/example_external_task_marker_dag.py
[2025-10-10T09:37:52.742+0000] {processor.py:914} INFO - Processing file /home/airflow/.local/lib/python3.12/site-packages/airflow/example_dags/example_external_task_marker_dag.py for tasks to queue
[2025-10-10T09:37:52.743+0000] {logging_mixin.py:190} INFO - [2025-10-10T09:37:52.743+0000] {dagbag.py:588} INFO - Filling up the DagBag from /home/airflow/.local/lib/python3.12/site-packages/airflow/example_dags/example_external_task_marker_dag.py
[2025-10-10T09:37:52.748+0000] {processor.py:925} INFO - DAG(s) 'example_external_task_marker_parent', 'example_external_task_marker_child' retrieved from /home/airflow/.local/lib/python3.12/site-packages/airflow/example_dags/example_external_task_marker_dag.py
[2025-10-10T09:37:52.757+0000] {logging_mixin.py:190} INFO - [2025-10-10T09:37:52.757+0000] {dag.py:3239} INFO - Sync 2 DAGs
[2025-10-10T09:37:52.762+0000] {logging_mixin.py:190} INFO - [2025-10-10T09:37:52.762+0000] {dag.py:4180} INFO - Setting next_dagrun for example_external_task_marker_child to None, run_after=None
[2025-10-10T09:37:52.764+0000] {logging_mixin.py:190} INFO - [2025-10-10T09:37:52.764+0000] {dag.py:4180} INFO - Setting next_dagrun for example_external_task_marker_parent to None, run_after=None
[2025-10-10T09:37:52.770+0000] {processor.py:208} INFO - Processing /home/airflow/.local/lib/python3.12/site-packages/airflow/example_dags/example_external_task_marker_dag.py took 0.031 seconds
[2025-10-10T09:38:17.333+0000] {processor.py:186} INFO - Started process (PID=66) to work on /home/airflow/.local/lib/python3.12/site-packages/airflow/example_dags/example_external_task_marker_dag.py
[2025-10-10T09:38:17.334+0000] {processor.py:914} INFO - Processing file /home/airflow/.local/lib/python3.12/site-packages/airflow/example_dags/example_external_task_marker_dag.py for tasks to queue
[2025-10-10T09:38:17.334+0000] {logging_mixin.py:190} INFO - [2025-10-10T09:38:17.334+0000] {dagbag.py:588} INFO - Filling up the DagBag from /home/airflow/.local/lib/python3.12/site-packages/airflow/example_dags/example_external_task_marker_dag.py
[2025-10-10T09:38:17.337+0000] {processor.py:925} INFO - DAG(s) 'example_external_task_marker_child', 'example_external_task_marker_parent' retrieved from /home/airflow/.local/lib/python3.12/site-packages/airflow/example_dags/example_external_task_marker_dag.py
[2025-10-10T09:38:17.345+0000] {logging_mixin.py:190} INFO - [2025-10-10T09:38:17.345+0000] {dag.py:3239} INFO - Sync 2 DAGs
[2025-10-10T09:38:17.350+0000] {logging_mixin.py:190} INFO - [2025-10-10T09:38:17.350+0000] {dag.py:4180} INFO - Setting next_dagrun for example_external_task_marker_child to None, run_after=None
[2025-10-10T09:38:17.351+0000] {logging_mixin.py:190} INFO - [2025-10-10T09:38:17.351+0000] {dag.py:4180} INFO - Setting next_dagrun for example_external_task_marker_parent to None, run_after=None
[2025-10-10T09:38:17.356+0000] {processor.py:208} INFO - Processing /home/airflow/.local/lib/python3.12/site-packages/airflow/example_dags/example_external_task_marker_dag.py took 0.025 seconds
[2025-10-10T09:38:48.448+0000] {processor.py:186} INFO - Started process (PID=130) to work on /home/airflow/.local/lib/python3.12/site-packages/airflow/example_dags/example_external_task_marker_dag.py
[2025-10-10T09:38:48.449+0000] {processor.py:914} INFO - Processing file /home/airflow/.local/lib/python3.12/site-packages/airflow/example_dags/example_external_task_marker_dag.py for tasks to queue
[2025-10-10T09:38:48.450+0000] {logging_mixin.py:190} INFO - [2025-10-10T09:38:48.449+0000] {dagbag.py:588} INFO - Filling up the DagBag from /home/airflow/.local/lib/python3.12/site-packages/airflow/example_dags/example_external_task_marker_dag.py
[2025-10-10T09:38:48.452+0000] {processor.py:925} INFO - DAG(s) 'example_external_task_marker_parent', 'example_external_task_marker_child' retrieved from /home/airflow/.local/lib/python3.12/site-packages/airflow/example_dags/example_external_task_marker_dag.py
[2025-10-10T09:38:48.460+0000] {logging_mixin.py:190} INFO - [2025-10-10T09:38:48.460+0000] {dag.py:3239} INFO - Sync 2 DAGs
[2025-10-10T09:38:48.465+0000] {logging_mixin.py:190} INFO - [2025-10-10T09:38:48.465+0000] {dag.py:4180} INFO - Setting next_dagrun for example_external_task_marker_child to None, run_after=None
[2025-10-10T09:38:48.466+0000] {logging_mixin.py:190} INFO - [2025-10-10T09:38:48.466+0000] {dag.py:4180} INFO - Setting next_dagrun for example_external_task_marker_parent to None, run_after=None
[2025-10-10T09:38:48.471+0000] {processor.py:208} INFO - Processing /home/airflow/.local/lib/python3.12/site-packages/airflow/example_dags/example_external_task_marker_dag.py took 0.024 seconds
[2025-10-10T09:39:19.582+0000] {processor.py:186} INFO - Started process (PID=194) to work on /home/airflow/.local/lib/python3.12/site-packages/airflow/example_dags/example_external_task_marker_dag.py
[2025-10-10T09:39:19.583+0000] {processor.py:914} INFO - Processing file /home/airflow/.local/lib/python3.12/site-packages/airflow/example_dags/example_external_task_marker_dag.py for tasks to queue
[2025-10-10T09:39:19.584+0000] {logging_mixin.py:190} INFO - [2025-10-10T09:39:19.583+0000] {dagbag.py:588} INFO - Filling up the DagBag from /home/airflow/.local/lib/python3.12/site-packages/airflow/example_dags/example_external_task_marker_dag.py
[2025-10-10T09:39:19.586+0000] {processor.py:925} INFO - DAG(s) 'example_external_task_marker_parent', 'example_external_task_marker_child' retrieved from /home/airflow/.local/lib/python3.12/site-packages/airflow/example_dags/example_external_task_marker_dag.py
[2025-10-10T09:39:19.594+0000] {logging_mixin.py:190} INFO - [2025-10-10T09:39:19.594+0000] {dag.py:3239} INFO - Sync 2 DAGs
[2025-10-10T09:39:19.599+0000] {logging_mixin.py:190} INFO - [2025-10-10T09:39:19.598+0000] {dag.py:4180} INFO - Setting next_dagrun for example_external_task_marker_child to None, run_after=None
[2025-10-10T09:39:19.600+0000] {logging_mixin.py:190} INFO - [2025-10-10T09:39:19.600+0000] {dag.py:4180} INFO - Setting next_dagrun for example_external_task_marker_parent to None, run_after=None
[2025-10-10T09:39:19.604+0000] {processor.py:208} INFO - Processing /home/airflow/.local/lib/python3.12/site-packages/airflow/example_dags/example_external_task_marker_dag.py took 0.024 seconds
[2025-10-10T09:39:50.706+0000] {processor.py:186} INFO - Started process (PID=258) to work on /home/airflow/.local/lib/python3.12/site-packages/airflow/example_dags/example_external_task_marker_dag.py
[2025-10-10T09:39:50.707+0000] {processor.py:914} INFO - Processing file /home/airflow/.local/lib/python3.12/site-packages/airflow/example_dags/example_external_task_marker_dag.py for tasks to queue
[2025-10-10T09:39:50.707+0000] {logging_mixin.py:190} INFO - [2025-10-10T09:39:50.707+0000] {dagbag.py:588} INFO - Filling up the DagBag from /home/airflow/.local/lib/python3.12/site-packages/airflow/example_dags/example_external_task_marker_dag.py
[2025-10-10T09:39:50.710+0000] {processor.py:925} INFO - DAG(s) 'example_external_task_marker_child', 'example_external_task_marker_parent' retrieved from /home/airflow/.local/lib/python3.12/site-packages/airflow/example_dags/example_external_task_marker_dag.py
[2025-10-10T09:39:50.718+0000] {logging_mixin.py:190} INFO - [2025-10-10T09:39:50.718+0000] {dag.py:3239} INFO - Sync 2 DAGs
[2025-10-10T09:39:50.723+0000] {logging_mixin.py:190} INFO - [2025-10-10T09:39:50.723+0000] {dag.py:4180} INFO - Setting next_dagrun for example_external_task_marker_child to None, run_after=None
[2025-10-10T09:39:50.724+0000] {logging_mixin.py:190} INFO - [2025-10-10T09:39:50.724+0000] {dag.py:4180} INFO - Setting next_dagrun for example_external_task_marker_parent to None, run_after=None
[2025-10-10T09:39:50.729+0000] {processor.py:208} INFO - Processing /home/airflow/.local/lib/python3.12/site-packages/airflow/example_dags/example_external_task_marker_dag.py took 0.024 seconds
[2025-10-10T09:40:21.934+0000] {processor.py:186} INFO - Started process (PID=322) to work on /home/airflow/.local/lib/python3.12/site-packages/airflow/example_dags/example_external_task_marker_dag.py
[2025-10-10T09:40:21.935+0000] {processor.py:914} INFO - Processing file /home/airflow/.local/lib/python3.12/site-packages/airflow/example_dags/example_external_task_marker_dag.py for tasks to queue
[2025-10-10T09:40:21.936+0000] {logging_mixin.py:190} INFO - [2025-10-10T09:40:21.936+0000] {dagbag.py:588} INFO - Filling up the DagBag from /home/airflow/.local/lib/python3.12/site-packages/airflow/example_dags/example_external_task_marker_dag.py
[2025-10-10T09:40:21.939+0000] {processor.py:925} INFO - DAG(s) 'example_external_task_marker_child', 'example_external_task_marker_parent' retrieved from /home/airflow/.local/lib/python3.12/site-packages/airflow/example_dags/example_external_task_marker_dag.py
[2025-10-10T09:40:21.946+0000] {logging_mixin.py:190} INFO - [2025-10-10T09:40:21.946+0000] {dag.py:3239} INFO - Sync 2 DAGs
[2025-10-10T09:40:21.951+0000] {logging_mixin.py:190} INFO - [2025-10-10T09:40:21.951+0000] {dag.py:4180} INFO - Setting next_dagrun for example_external_task_marker_child to None, run_after=None
[2025-10-10T09:40:21.952+0000] {logging_mixin.py:190} INFO - [2025-10-10T09:40:21.952+0000] {dag.py:4180} INFO - Setting next_dagrun for example_external_task_marker_parent to None, run_after=None
[2025-10-10T09:40:21.957+0000] {processor.py:208} INFO - Processing /home/airflow/.local/lib/python3.12/site-packages/airflow/example_dags/example_external_task_marker_dag.py took 0.025 seconds
[2025-10-10T09:40:53.185+0000] {processor.py:186} INFO - Started process (PID=386) to work on /home/airflow/.local/lib/python3.12/site-packages/airflow/example_dags/example_external_task_marker_dag.py
[2025-10-10T09:40:53.188+0000] {processor.py:914} INFO - Processing file /home/airflow/.local/lib/python3.12/site-packages/airflow/example_dags/example_external_task_marker_dag.py for tasks to queue
[2025-10-10T09:40:53.190+0000] {logging_mixin.py:190} INFO - [2025-10-10T09:40:53.190+0000] {dagbag.py:588} INFO - Filling up the DagBag from /home/airflow/.local/lib/python3.12/site-packages/airflow/example_dags/example_external_task_marker_dag.py
[2025-10-10T09:40:53.194+0000] {processor.py:925} INFO - DAG(s) 'example_external_task_marker_child', 'example_external_task_marker_parent' retrieved from /home/airflow/.local/lib/python3.12/site-packages/airflow/example_dags/example_external_task_marker_dag.py
[2025-10-10T09:40:53.202+0000] {logging_mixin.py:190} INFO - [2025-10-10T09:40:53.202+0000] {dag.py:3239} INFO - Sync 2 DAGs
[2025-10-10T09:40:53.207+0000] {logging_mixin.py:190} INFO - [2025-10-10T09:40:53.207+0000] {dag.py:4180} INFO - Setting next_dagrun for example_external_task_marker_child to None, run_after=None
[2025-10-10T09:40:53.208+0000] {logging_mixin.py:190} INFO - [2025-10-10T09:40:53.208+0000] {dag.py:4180} INFO - Setting next_dagrun for example_external_task_marker_parent to None, run_after=None
[2025-10-10T09:40:53.214+0000] {processor.py:208} INFO - Processing /home/airflow/.local/lib/python3.12/site-packages/airflow/example_dags/example_external_task_marker_dag.py took 0.030 seconds
[2025-10-10T09:41:24.326+0000] {processor.py:186} INFO - Started process (PID=450) to work on /home/airflow/.local/lib/python3.12/site-packages/airflow/example_dags/example_external_task_marker_dag.py
[2025-10-10T09:41:24.327+0000] {processor.py:914} INFO - Processing file /home/airflow/.local/lib/python3.12/site-packages/airflow/example_dags/example_external_task_marker_dag.py for tasks to queue
[2025-10-10T09:41:24.327+0000] {logging_mixin.py:190} INFO - [2025-10-10T09:41:24.327+0000] {dagbag.py:588} INFO - Filling up the DagBag from /home/airflow/.local/lib/python3.12/site-packages/airflow/example_dags/example_external_task_marker_dag.py
[2025-10-10T09:41:24.330+0000] {processor.py:925} INFO - DAG(s) 'example_external_task_marker_parent', 'example_external_task_marker_child' retrieved from /home/airflow/.local/lib/python3.12/site-packages/airflow/example_dags/example_external_task_marker_dag.py
[2025-10-10T09:41:24.338+0000] {logging_mixin.py:190} INFO - [2025-10-10T09:41:24.338+0000] {dag.py:3239} INFO - Sync 2 DAGs
[2025-10-10T09:41:24.343+0000] {logging_mixin.py:190} INFO - [2025-10-10T09:41:24.342+0000] {dag.py:4180} INFO - Setting next_dagrun for example_external_task_marker_child to None, run_after=None
[2025-10-10T09:41:24.344+0000] {logging_mixin.py:190} INFO - [2025-10-10T09:41:24.344+0000] {dag.py:4180} INFO - Setting next_dagrun for example_external_task_marker_parent to None, run_after=None
[2025-10-10T09:41:24.348+0000] {processor.py:208} INFO - Processing /home/airflow/.local/lib/python3.12/site-packages/airflow/example_dags/example_external_task_marker_dag.py took 0.024 seconds
[2025-10-10T09:41:55.529+0000] {processor.py:186} INFO - Started process (PID=514) to work on /home/airflow/.local/lib/python3.12/site-packages/airflow/example_dags/example_external_task_marker_dag.py
[2025-10-10T09:41:55.530+0000] {processor.py:914} INFO - Processing file /home/airflow/.local/lib/python3.12/site-packages/airflow/example_dags/example_external_task_marker_dag.py for tasks to queue
[2025-10-10T09:41:55.531+0000] {logging_mixin.py:190} INFO - [2025-10-10T09:41:55.530+0000] {dagbag.py:588} INFO - Filling up the DagBag from /home/airflow/.local/lib/python3.12/site-packages/airflow/example_dags/example_external_task_marker_dag.py
[2025-10-10T09:41:55.534+0000] {processor.py:925} INFO - DAG(s) 'example_external_task_marker_parent', 'example_external_task_marker_child' retrieved from /home/airflow/.local/lib/python3.12/site-packages/airflow/example_dags/example_external_task_marker_dag.py
[2025-10-10T09:41:55.543+0000] {logging_mixin.py:190} INFO - [2025-10-10T09:41:55.543+0000] {dag.py:3239} INFO - Sync 2 DAGs
[2025-10-10T09:41:55.547+0000] {logging_mixin.py:190} INFO - [2025-10-10T09:41:55.547+0000] {dag.py:4180} INFO - Setting next_dagrun for example_external_task_marker_child to None, run_after=None
[2025-10-10T09:41:55.551+0000] {logging_mixin.py:190} INFO - [2025-10-10T09:41:55.551+0000] {dag.py:4180} INFO - Setting next_dagrun for example_external_task_marker_parent to None, run_after=None
[2025-10-10T09:41:55.560+0000] {processor.py:208} INFO - Processing /home/airflow/.local/lib/python3.12/site-packages/airflow/example_dags/example_external_task_marker_dag.py took 0.033 seconds
[2025-10-10T09:42:26.611+0000] {processor.py:186} INFO - Started process (PID=578) to work on /home/airflow/.local/lib/python3.12/site-packages/airflow/example_dags/example_external_task_marker_dag.py
[2025-10-10T09:42:26.612+0000] {processor.py:914} INFO - Processing file /home/airflow/.local/lib/python3.12/site-packages/airflow/example_dags/example_external_task_marker_dag.py for tasks to queue
[2025-10-10T09:42:26.612+0000] {logging_mixin.py:190} INFO - [2025-10-10T09:42:26.612+0000] {dagbag.py:588} INFO - Filling up the DagBag from /home/airflow/.local/lib/python3.12/site-packages/airflow/example_dags/example_external_task_marker_dag.py
[2025-10-10T09:42:26.615+0000] {processor.py:925} INFO - DAG(s) 'example_external_task_marker_parent', 'example_external_task_marker_child' retrieved from /home/airflow/.local/lib/python3.12/site-packages/airflow/example_dags/example_external_task_marker_dag.py
[2025-10-10T09:42:26.623+0000] {logging_mixin.py:190} INFO - [2025-10-10T09:42:26.623+0000] {dag.py:3239} INFO - Sync 2 DAGs
[2025-10-10T09:42:26.628+0000] {logging_mixin.py:190} INFO - [2025-10-10T09:42:26.628+0000] {dag.py:4180} INFO - Setting next_dagrun for example_external_task_marker_child to None, run_after=None
[2025-10-10T09:42:26.629+0000] {logging_mixin.py:190} INFO - [2025-10-10T09:42:26.629+0000] {dag.py:4180} INFO - Setting next_dagrun for example_external_task_marker_parent to None, run_after=None
[2025-10-10T09:42:26.634+0000] {processor.py:208} INFO - Processing /home/airflow/.local/lib/python3.12/site-packages/airflow/example_dags/example_external_task_marker_dag.py took 0.025 seconds
[2025-10-10T09:42:57.861+0000] {processor.py:186} INFO - Started process (PID=642) to work on /home/airflow/.local/lib/python3.12/site-packages/airflow/example_dags/example_external_task_marker_dag.py
[2025-10-10T09:42:57.862+0000] {processor.py:914} INFO - Processing file /home/airflow/.local/lib/python3.12/site-packages/airflow/example_dags/example_external_task_marker_dag.py for tasks to queue
[2025-10-10T09:42:57.863+0000] {logging_mixin.py:190} INFO - [2025-10-10T09:42:57.862+0000] {dagbag.py:588} INFO - Filling up the DagBag from /home/airflow/.local/lib/python3.12/site-packages/airflow/example_dags/example_external_task_marker_dag.py
[2025-10-10T09:42:57.867+0000] {processor.py:925} INFO - DAG(s) 'example_external_task_marker_child', 'example_external_task_marker_parent' retrieved from /home/airflow/.local/lib/python3.12/site-packages/airflow/example_dags/example_external_task_marker_dag.py
[2025-10-10T09:42:57.876+0000] {logging_mixin.py:190} INFO - [2025-10-10T09:42:57.876+0000] {dag.py:3239} INFO - Sync 2 DAGs
[2025-10-10T09:42:57.881+0000] {logging_mixin.py:190} INFO - [2025-10-10T09:42:57.881+0000] {dag.py:4180} INFO - Setting next_dagrun for example_external_task_marker_child to None, run_after=None
[2025-10-10T09:42:57.882+0000] {logging_mixin.py:190} INFO - [2025-10-10T09:42:57.882+0000] {dag.py:4180} INFO - Setting next_dagrun for example_external_task_marker_parent to None, run_after=None
[2025-10-10T09:42:57.887+0000] {processor.py:208} INFO - Processing /home/airflow/.local/lib/python3.12/site-packages/airflow/example_dags/example_external_task_marker_dag.py took 0.028 seconds
[2025-10-10T09:43:28.959+0000] {processor.py:186} INFO - Started process (PID=706) to work on /home/airflow/.local/lib/python3.12/site-packages/airflow/example_dags/example_external_task_marker_dag.py
[2025-10-10T09:43:28.960+0000] {processor.py:914} INFO - Processing file /home/airflow/.local/lib/python3.12/site-packages/airflow/example_dags/example_external_task_marker_dag.py for tasks to queue
[2025-10-10T09:43:28.961+0000] {logging_mixin.py:190} INFO - [2025-10-10T09:43:28.961+0000] {dagbag.py:588} INFO - Filling up the DagBag from /home/airflow/.local/lib/python3.12/site-packages/airflow/example_dags/example_external_task_marker_dag.py
[2025-10-10T09:43:28.965+0000] {processor.py:925} INFO - DAG(s) 'example_external_task_marker_parent', 'example_external_task_marker_child' retrieved from /home/airflow/.local/lib/python3.12/site-packages/airflow/example_dags/example_external_task_marker_dag.py
[2025-10-10T09:43:28.973+0000] {logging_mixin.py:190} INFO - [2025-10-10T09:43:28.973+0000] {dag.py:3239} INFO - Sync 2 DAGs
[2025-10-10T09:43:28.978+0000] {logging_mixin.py:190} INFO - [2025-10-10T09:43:28.978+0000] {dag.py:4180} INFO - Setting next_dagrun for example_external_task_marker_child to None, run_after=None
[2025-10-10T09:43:28.979+0000] {logging_mixin.py:190} INFO - [2025-10-10T09:43:28.979+0000] {dag.py:4180} INFO - Setting next_dagrun for example_external_task_marker_parent to None, run_after=None
[2025-10-10T09:43:28.984+0000] {processor.py:208} INFO - Processing /home/airflow/.local/lib/python3.12/site-packages/airflow/example_dags/example_external_task_marker_dag.py took 0.028 seconds
[2025-10-10T09:44:09.551+0000] {processor.py:186} INFO - Started process (PID=73) to work on /home/airflow/.local/lib/python3.12/site-packages/airflow/example_dags/example_external_task_marker_dag.py
[2025-10-10T09:44:09.552+0000] {processor.py:914} INFO - Processing file /home/airflow/.local/lib/python3.12/site-packages/airflow/example_dags/example_external_task_marker_dag.py for tasks to queue
[2025-10-10T09:44:09.553+0000] {logging_mixin.py:190} INFO - [2025-10-10T09:44:09.552+0000] {dagbag.py:588} INFO - Filling up the DagBag from /home/airflow/.local/lib/python3.12/site-packages/airflow/example_dags/example_external_task_marker_dag.py
[2025-10-10T09:44:09.556+0000] {processor.py:925} INFO - DAG(s) 'example_external_task_marker_parent', 'example_external_task_marker_child' retrieved from /home/airflow/.local/lib/python3.12/site-packages/airflow/example_dags/example_external_task_marker_dag.py
[2025-10-10T09:44:09.565+0000] {logging_mixin.py:190} INFO - [2025-10-10T09:44:09.565+0000] {dag.py:3239} INFO - Sync 2 DAGs
[2025-10-10T09:44:09.570+0000] {logging_mixin.py:190} INFO - [2025-10-10T09:44:09.570+0000] {dag.py:4180} INFO - Setting next_dagrun for example_external_task_marker_child to None, run_after=None
[2025-10-10T09:44:09.572+0000] {logging_mixin.py:190} INFO - [2025-10-10T09:44:09.572+0000] {dag.py:4180} INFO - Setting next_dagrun for example_external_task_marker_parent to None, run_after=None
[2025-10-10T09:44:09.576+0000] {processor.py:208} INFO - Processing /home/airflow/.local/lib/python3.12/site-packages/airflow/example_dags/example_external_task_marker_dag.py took 0.027 seconds
[2025-10-10T09:44:39.747+0000] {processor.py:186} INFO - Started process (PID=136) to work on /home/airflow/.local/lib/python3.12/site-packages/airflow/example_dags/example_external_task_marker_dag.py
[2025-10-10T09:44:39.748+0000] {processor.py:914} INFO - Processing file /home/airflow/.local/lib/python3.12/site-packages/airflow/example_dags/example_external_task_marker_dag.py for tasks to queue
[2025-10-10T09:44:39.749+0000] {logging_mixin.py:190} INFO - [2025-10-10T09:44:39.749+0000] {dagbag.py:588} INFO - Filling up the DagBag from /home/airflow/.local/lib/python3.12/site-packages/airflow/example_dags/example_external_task_marker_dag.py
[2025-10-10T09:44:39.752+0000] {processor.py:925} INFO - DAG(s) 'example_external_task_marker_child', 'example_external_task_marker_parent' retrieved from /home/airflow/.local/lib/python3.12/site-packages/airflow/example_dags/example_external_task_marker_dag.py
[2025-10-10T09:44:39.762+0000] {logging_mixin.py:190} INFO - [2025-10-10T09:44:39.762+0000] {dag.py:3239} INFO - Sync 2 DAGs
[2025-10-10T09:44:39.768+0000] {logging_mixin.py:190} INFO - [2025-10-10T09:44:39.768+0000] {dag.py:4180} INFO - Setting next_dagrun for example_external_task_marker_child to None, run_after=None
[2025-10-10T09:44:39.769+0000] {logging_mixin.py:190} INFO - [2025-10-10T09:44:39.769+0000] {dag.py:4180} INFO - Setting next_dagrun for example_external_task_marker_parent to None, run_after=None
[2025-10-10T09:44:39.773+0000] {processor.py:208} INFO - Processing /home/airflow/.local/lib/python3.12/site-packages/airflow/example_dags/example_external_task_marker_dag.py took 0.029 seconds
[2025-10-10T09:45:10.816+0000] {processor.py:186} INFO - Started process (PID=200) to work on /home/airflow/.local/lib/python3.12/site-packages/airflow/example_dags/example_external_task_marker_dag.py
[2025-10-10T09:45:10.818+0000] {processor.py:914} INFO - Processing file /home/airflow/.local/lib/python3.12/site-packages/airflow/example_dags/example_external_task_marker_dag.py for tasks to queue
[2025-10-10T09:45:10.819+0000] {logging_mixin.py:190} INFO - [2025-10-10T09:45:10.819+0000] {dagbag.py:588} INFO - Filling up the DagBag from /home/airflow/.local/lib/python3.12/site-packages/airflow/example_dags/example_external_task_marker_dag.py
[2025-10-10T09:45:10.822+0000] {processor.py:925} INFO - DAG(s) 'example_external_task_marker_parent', 'example_external_task_marker_child' retrieved from /home/airflow/.local/lib/python3.12/site-packages/airflow/example_dags/example_external_task_marker_dag.py
[2025-10-10T09:45:10.833+0000] {logging_mixin.py:190} INFO - [2025-10-10T09:45:10.833+0000] {dag.py:3239} INFO - Sync 2 DAGs
[2025-10-10T09:45:10.838+0000] {logging_mixin.py:190} INFO - [2025-10-10T09:45:10.838+0000] {dag.py:4180} INFO - Setting next_dagrun for example_external_task_marker_child to None, run_after=None
[2025-10-10T09:45:10.840+0000] {logging_mixin.py:190} INFO - [2025-10-10T09:45:10.840+0000] {dag.py:4180} INFO - Setting next_dagrun for example_external_task_marker_parent to None, run_after=None
[2025-10-10T09:45:10.844+0000] {processor.py:208} INFO - Processing /home/airflow/.local/lib/python3.12/site-packages/airflow/example_dags/example_external_task_marker_dag.py took 0.031 seconds
[2025-10-10T09:45:41.793+0000] {processor.py:186} INFO - Started process (PID=272) to work on /home/airflow/.local/lib/python3.12/site-packages/airflow/example_dags/example_external_task_marker_dag.py
[2025-10-10T09:45:41.794+0000] {processor.py:914} INFO - Processing file /home/airflow/.local/lib/python3.12/site-packages/airflow/example_dags/example_external_task_marker_dag.py for tasks to queue
[2025-10-10T09:45:41.795+0000] {logging_mixin.py:190} INFO - [2025-10-10T09:45:41.795+0000] {dagbag.py:588} INFO - Filling up the DagBag from /home/airflow/.local/lib/python3.12/site-packages/airflow/example_dags/example_external_task_marker_dag.py
[2025-10-10T09:45:41.798+0000] {processor.py:925} INFO - DAG(s) 'example_external_task_marker_child', 'example_external_task_marker_parent' retrieved from /home/airflow/.local/lib/python3.12/site-packages/airflow/example_dags/example_external_task_marker_dag.py
[2025-10-10T09:45:41.808+0000] {logging_mixin.py:190} INFO - [2025-10-10T09:45:41.808+0000] {dag.py:3239} INFO - Sync 2 DAGs
[2025-10-10T09:45:41.813+0000] {logging_mixin.py:190} INFO - [2025-10-10T09:45:41.813+0000] {dag.py:4180} INFO - Setting next_dagrun for example_external_task_marker_child to None, run_after=None
[2025-10-10T09:45:41.814+0000] {logging_mixin.py:190} INFO - [2025-10-10T09:45:41.814+0000] {dag.py:4180} INFO - Setting next_dagrun for example_external_task_marker_parent to None, run_after=None
[2025-10-10T09:45:41.819+0000] {processor.py:208} INFO - Processing /home/airflow/.local/lib/python3.12/site-packages/airflow/example_dags/example_external_task_marker_dag.py took 0.029 seconds
[2025-10-10T09:46:12.843+0000] {processor.py:186} INFO - Started process (PID=336) to work on /home/airflow/.local/lib/python3.12/site-packages/airflow/example_dags/example_external_task_marker_dag.py
[2025-10-10T09:46:12.843+0000] {processor.py:914} INFO - Processing file /home/airflow/.local/lib/python3.12/site-packages/airflow/example_dags/example_external_task_marker_dag.py for tasks to queue
[2025-10-10T09:46:12.844+0000] {logging_mixin.py:190} INFO - [2025-10-10T09:46:12.844+0000] {dagbag.py:588} INFO - Filling up the DagBag from /home/airflow/.local/lib/python3.12/site-packages/airflow/example_dags/example_external_task_marker_dag.py
[2025-10-10T09:46:12.847+0000] {processor.py:925} INFO - DAG(s) 'example_external_task_marker_parent', 'example_external_task_marker_child' retrieved from /home/airflow/.local/lib/python3.12/site-packages/airflow/example_dags/example_external_task_marker_dag.py
[2025-10-10T09:46:12.854+0000] {logging_mixin.py:190} INFO - [2025-10-10T09:46:12.854+0000] {dag.py:3239} INFO - Sync 2 DAGs
[2025-10-10T09:46:12.859+0000] {logging_mixin.py:190} INFO - [2025-10-10T09:46:12.859+0000] {dag.py:4180} INFO - Setting next_dagrun for example_external_task_marker_child to None, run_after=None
[2025-10-10T09:46:12.860+0000] {logging_mixin.py:190} INFO - [2025-10-10T09:46:12.860+0000] {dag.py:4180} INFO - Setting next_dagrun for example_external_task_marker_parent to None, run_after=None
[2025-10-10T09:46:12.864+0000] {processor.py:208} INFO - Processing /home/airflow/.local/lib/python3.12/site-packages/airflow/example_dags/example_external_task_marker_dag.py took 0.024 seconds
[2025-10-10T09:46:43.903+0000] {processor.py:186} INFO - Started process (PID=400) to work on /home/airflow/.local/lib/python3.12/site-packages/airflow/example_dags/example_external_task_marker_dag.py
[2025-10-10T09:46:43.905+0000] {processor.py:914} INFO - Processing file /home/airflow/.local/lib/python3.12/site-packages/airflow/example_dags/example_external_task_marker_dag.py for tasks to queue
[2025-10-10T09:46:43.906+0000] {logging_mixin.py:190} INFO - [2025-10-10T09:46:43.906+0000] {dagbag.py:588} INFO - Filling up the DagBag from /home/airflow/.local/lib/python3.12/site-packages/airflow/example_dags/example_external_task_marker_dag.py
[2025-10-10T09:46:43.909+0000] {processor.py:925} INFO - DAG(s) 'example_external_task_marker_parent', 'example_external_task_marker_child' retrieved from /home/airflow/.local/lib/python3.12/site-packages/airflow/example_dags/example_external_task_marker_dag.py
[2025-10-10T09:46:43.919+0000] {logging_mixin.py:190} INFO - [2025-10-10T09:46:43.919+0000] {dag.py:3239} INFO - Sync 2 DAGs
[2025-10-10T09:46:43.924+0000] {logging_mixin.py:190} INFO - [2025-10-10T09:46:43.923+0000] {dag.py:4180} INFO - Setting next_dagrun for example_external_task_marker_child to None, run_after=None
[2025-10-10T09:46:43.925+0000] {logging_mixin.py:190} INFO - [2025-10-10T09:46:43.925+0000] {dag.py:4180} INFO - Setting next_dagrun for example_external_task_marker_parent to None, run_after=None
[2025-10-10T09:46:43.930+0000] {processor.py:208} INFO - Processing /home/airflow/.local/lib/python3.12/site-packages/airflow/example_dags/example_external_task_marker_dag.py took 0.029 seconds
[2025-10-10T09:47:14.931+0000] {processor.py:186} INFO - Started process (PID=464) to work on /home/airflow/.local/lib/python3.12/site-packages/airflow/example_dags/example_external_task_marker_dag.py
[2025-10-10T09:47:14.932+0000] {processor.py:914} INFO - Processing file /home/airflow/.local/lib/python3.12/site-packages/airflow/example_dags/example_external_task_marker_dag.py for tasks to queue
[2025-10-10T09:47:14.934+0000] {logging_mixin.py:190} INFO - [2025-10-10T09:47:14.934+0000] {dagbag.py:588} INFO - Filling up the DagBag from /home/airflow/.local/lib/python3.12/site-packages/airflow/example_dags/example_external_task_marker_dag.py
[2025-10-10T09:47:14.937+0000] {processor.py:925} INFO - DAG(s) 'example_external_task_marker_parent', 'example_external_task_marker_child' retrieved from /home/airflow/.local/lib/python3.12/site-packages/airflow/example_dags/example_external_task_marker_dag.py
[2025-10-10T09:47:14.947+0000] {logging_mixin.py:190} INFO - [2025-10-10T09:47:14.946+0000] {dag.py:3239} INFO - Sync 2 DAGs
[2025-10-10T09:47:14.954+0000] {logging_mixin.py:190} INFO - [2025-10-10T09:47:14.954+0000] {dag.py:4180} INFO - Setting next_dagrun for example_external_task_marker_child to None, run_after=None
[2025-10-10T09:47:14.956+0000] {logging_mixin.py:190} INFO - [2025-10-10T09:47:14.956+0000] {dag.py:4180} INFO - Setting next_dagrun for example_external_task_marker_parent to None, run_after=None
[2025-10-10T09:47:14.966+0000] {processor.py:208} INFO - Processing /home/airflow/.local/lib/python3.12/site-packages/airflow/example_dags/example_external_task_marker_dag.py took 0.038 seconds
[2025-10-10T09:47:45.980+0000] {processor.py:186} INFO - Started process (PID=528) to work on /home/airflow/.local/lib/python3.12/site-packages/airflow/example_dags/example_external_task_marker_dag.py
[2025-10-10T09:47:45.980+0000] {processor.py:914} INFO - Processing file /home/airflow/.local/lib/python3.12/site-packages/airflow/example_dags/example_external_task_marker_dag.py for tasks to queue
[2025-10-10T09:47:45.981+0000] {logging_mixin.py:190} INFO - [2025-10-10T09:47:45.981+0000] {dagbag.py:588} INFO - Filling up the DagBag from /home/airflow/.local/lib/python3.12/site-packages/airflow/example_dags/example_external_task_marker_dag.py
[2025-10-10T09:47:45.984+0000] {processor.py:925} INFO - DAG(s) 'example_external_task_marker_child', 'example_external_task_marker_parent' retrieved from /home/airflow/.local/lib/python3.12/site-packages/airflow/example_dags/example_external_task_marker_dag.py
[2025-10-10T09:47:45.996+0000] {logging_mixin.py:190} INFO - [2025-10-10T09:47:45.996+0000] {dag.py:3239} INFO - Sync 2 DAGs
[2025-10-10T09:47:46.001+0000] {logging_mixin.py:190} INFO - [2025-10-10T09:47:46.001+0000] {dag.py:4180} INFO - Setting next_dagrun for example_external_task_marker_child to None, run_after=None
[2025-10-10T09:47:46.003+0000] {logging_mixin.py:190} INFO - [2025-10-10T09:47:46.003+0000] {dag.py:4180} INFO - Setting next_dagrun for example_external_task_marker_parent to None, run_after=None
[2025-10-10T09:47:46.010+0000] {processor.py:208} INFO - Processing /home/airflow/.local/lib/python3.12/site-packages/airflow/example_dags/example_external_task_marker_dag.py took 0.033 seconds
[2025-10-10T09:48:17.228+0000] {processor.py:186} INFO - Started process (PID=592) to work on /home/airflow/.local/lib/python3.12/site-packages/airflow/example_dags/example_external_task_marker_dag.py
[2025-10-10T09:48:17.229+0000] {processor.py:914} INFO - Processing file /home/airflow/.local/lib/python3.12/site-packages/airflow/example_dags/example_external_task_marker_dag.py for tasks to queue
[2025-10-10T09:48:17.230+0000] {logging_mixin.py:190} INFO - [2025-10-10T09:48:17.230+0000] {dagbag.py:588} INFO - Filling up the DagBag from /home/airflow/.local/lib/python3.12/site-packages/airflow/example_dags/example_external_task_marker_dag.py
[2025-10-10T09:48:17.234+0000] {processor.py:925} INFO - DAG(s) 'example_external_task_marker_parent', 'example_external_task_marker_child' retrieved from /home/airflow/.local/lib/python3.12/site-packages/airflow/example_dags/example_external_task_marker_dag.py
[2025-10-10T09:48:17.244+0000] {logging_mixin.py:190} INFO - [2025-10-10T09:48:17.243+0000] {dag.py:3239} INFO - Sync 2 DAGs
[2025-10-10T09:48:17.251+0000] {logging_mixin.py:190} INFO - [2025-10-10T09:48:17.251+0000] {dag.py:4180} INFO - Setting next_dagrun for example_external_task_marker_child to None, run_after=None
[2025-10-10T09:48:17.253+0000] {logging_mixin.py:190} INFO - [2025-10-10T09:48:17.253+0000] {dag.py:4180} INFO - Setting next_dagrun for example_external_task_marker_parent to None, run_after=None
[2025-10-10T09:48:17.262+0000] {processor.py:208} INFO - Processing /home/airflow/.local/lib/python3.12/site-packages/airflow/example_dags/example_external_task_marker_dag.py took 0.037 seconds
[2025-10-10T09:48:47.491+0000] {processor.py:186} INFO - Started process (PID=656) to work on /home/airflow/.local/lib/python3.12/site-packages/airflow/example_dags/example_external_task_marker_dag.py
[2025-10-10T09:48:47.492+0000] {processor.py:914} INFO - Processing file /home/airflow/.local/lib/python3.12/site-packages/airflow/example_dags/example_external_task_marker_dag.py for tasks to queue
[2025-10-10T09:48:47.493+0000] {logging_mixin.py:190} INFO - [2025-10-10T09:48:47.493+0000] {dagbag.py:588} INFO - Filling up the DagBag from /home/airflow/.local/lib/python3.12/site-packages/airflow/example_dags/example_external_task_marker_dag.py
[2025-10-10T09:48:47.496+0000] {processor.py:925} INFO - DAG(s) 'example_external_task_marker_child', 'example_external_task_marker_parent' retrieved from /home/airflow/.local/lib/python3.12/site-packages/airflow/example_dags/example_external_task_marker_dag.py
[2025-10-10T09:48:47.509+0000] {logging_mixin.py:190} INFO - [2025-10-10T09:48:47.509+0000] {dag.py:3239} INFO - Sync 2 DAGs
[2025-10-10T09:48:47.515+0000] {logging_mixin.py:190} INFO - [2025-10-10T09:48:47.515+0000] {dag.py:4180} INFO - Setting next_dagrun for example_external_task_marker_child to None, run_after=None
[2025-10-10T09:48:47.518+0000] {logging_mixin.py:190} INFO - [2025-10-10T09:48:47.517+0000] {dag.py:4180} INFO - Setting next_dagrun for example_external_task_marker_parent to None, run_after=None
[2025-10-10T09:48:47.527+0000] {processor.py:208} INFO - Processing /home/airflow/.local/lib/python3.12/site-packages/airflow/example_dags/example_external_task_marker_dag.py took 0.039 seconds
