[2025-10-10T09:36:22.837+0000] {processor.py:186} INFO - Started process (PID=92) to work on /home/airflow/.local/lib/python3.12/site-packages/airflow/example_dags/example_branch_datetime_operator.py
[2025-10-10T09:36:22.837+0000] {processor.py:914} INFO - Processing file /home/airflow/.local/lib/python3.12/site-packages/airflow/example_dags/example_branch_datetime_operator.py for tasks to queue
[2025-10-10T09:36:22.838+0000] {logging_mixin.py:190} INFO - [2025-10-10T09:36:22.838+0000] {dagbag.py:588} INFO - Filling up the DagBag from /home/airflow/.local/lib/python3.12/site-packages/airflow/example_dags/example_branch_datetime_operator.py
[2025-10-10T09:36:22.843+0000] {processor.py:925} INFO - DAG(s) 'example_branch_datetime_operator_3', 'example_branch_datetime_operator', 'example_branch_datetime_operator_2' retrieved from /home/airflow/.local/lib/python3.12/site-packages/airflow/example_dags/example_branch_datetime_operator.py
[2025-10-10T09:36:22.882+0000] {logging_mixin.py:190} INFO - [2025-10-10T09:36:22.882+0000] {override.py:1911} INFO - Created Permission View: can edit on DAG:example_branch_datetime_operator_3
[2025-10-10T09:36:22.885+0000] {logging_mixin.py:190} INFO - [2025-10-10T09:36:22.885+0000] {override.py:1911} INFO - Created Permission View: can read on DAG:example_branch_datetime_operator_3
[2025-10-10T09:36:22.888+0000] {logging_mixin.py:190} INFO - [2025-10-10T09:36:22.888+0000] {override.py:1911} INFO - Created Permission View: can delete on DAG:example_branch_datetime_operator_3
[2025-10-10T09:36:22.891+0000] {logging_mixin.py:190} INFO - [2025-10-10T09:36:22.891+0000] {override.py:1911} INFO - Created Permission View: can read on DAG Run:example_branch_datetime_operator_3
[2025-10-10T09:36:22.895+0000] {logging_mixin.py:190} INFO - [2025-10-10T09:36:22.894+0000] {override.py:1911} INFO - Created Permission View: menu access on DAG Run:example_branch_datetime_operator_3
[2025-10-10T09:36:22.896+0000] {logging_mixin.py:190} INFO - [2025-10-10T09:36:22.896+0000] {override.py:1911} INFO - Created Permission View: can delete on DAG Run:example_branch_datetime_operator_3
[2025-10-10T09:36:22.898+0000] {logging_mixin.py:190} INFO - [2025-10-10T09:36:22.898+0000] {override.py:1911} INFO - Created Permission View: can create on DAG Run:example_branch_datetime_operator_3
[2025-10-10T09:36:22.902+0000] {logging_mixin.py:190} INFO - [2025-10-10T09:36:22.902+0000] {override.py:1911} INFO - Created Permission View: can edit on DAG:example_branch_datetime_operator
[2025-10-10T09:36:22.904+0000] {logging_mixin.py:190} INFO - [2025-10-10T09:36:22.904+0000] {override.py:1911} INFO - Created Permission View: can read on DAG:example_branch_datetime_operator
[2025-10-10T09:36:22.906+0000] {logging_mixin.py:190} INFO - [2025-10-10T09:36:22.906+0000] {override.py:1911} INFO - Created Permission View: can delete on DAG:example_branch_datetime_operator
[2025-10-10T09:36:22.908+0000] {logging_mixin.py:190} INFO - [2025-10-10T09:36:22.908+0000] {override.py:1911} INFO - Created Permission View: can read on DAG Run:example_branch_datetime_operator
[2025-10-10T09:36:22.909+0000] {logging_mixin.py:190} INFO - [2025-10-10T09:36:22.909+0000] {override.py:1911} INFO - Created Permission View: menu access on DAG Run:example_branch_datetime_operator
[2025-10-10T09:36:22.911+0000] {logging_mixin.py:190} INFO - [2025-10-10T09:36:22.911+0000] {override.py:1911} INFO - Created Permission View: can delete on DAG Run:example_branch_datetime_operator
[2025-10-10T09:36:22.913+0000] {logging_mixin.py:190} INFO - [2025-10-10T09:36:22.912+0000] {override.py:1911} INFO - Created Permission View: can create on DAG Run:example_branch_datetime_operator
[2025-10-10T09:36:22.917+0000] {logging_mixin.py:190} INFO - [2025-10-10T09:36:22.916+0000] {override.py:1911} INFO - Created Permission View: can edit on DAG:example_branch_datetime_operator_2
[2025-10-10T09:36:22.918+0000] {logging_mixin.py:190} INFO - [2025-10-10T09:36:22.918+0000] {override.py:1911} INFO - Created Permission View: can read on DAG:example_branch_datetime_operator_2
[2025-10-10T09:36:22.919+0000] {logging_mixin.py:190} INFO - [2025-10-10T09:36:22.919+0000] {override.py:1911} INFO - Created Permission View: can delete on DAG:example_branch_datetime_operator_2
[2025-10-10T09:36:22.921+0000] {logging_mixin.py:190} INFO - [2025-10-10T09:36:22.921+0000] {override.py:1911} INFO - Created Permission View: can read on DAG Run:example_branch_datetime_operator_2
[2025-10-10T09:36:22.922+0000] {logging_mixin.py:190} INFO - [2025-10-10T09:36:22.922+0000] {override.py:1911} INFO - Created Permission View: menu access on DAG Run:example_branch_datetime_operator_2
[2025-10-10T09:36:22.924+0000] {logging_mixin.py:190} INFO - [2025-10-10T09:36:22.924+0000] {override.py:1911} INFO - Created Permission View: can delete on DAG Run:example_branch_datetime_operator_2
[2025-10-10T09:36:22.926+0000] {logging_mixin.py:190} INFO - [2025-10-10T09:36:22.926+0000] {override.py:1911} INFO - Created Permission View: can create on DAG Run:example_branch_datetime_operator_2
[2025-10-10T09:36:22.926+0000] {logging_mixin.py:190} INFO - [2025-10-10T09:36:22.926+0000] {dag.py:3239} INFO - Sync 3 DAGs
[2025-10-10T09:36:22.930+0000] {logging_mixin.py:190} INFO - [2025-10-10T09:36:22.930+0000] {dag.py:3262} INFO - Creating ORM DAG for example_branch_datetime_operator_3
[2025-10-10T09:36:22.931+0000] {logging_mixin.py:190} INFO - [2025-10-10T09:36:22.931+0000] {dag.py:3262} INFO - Creating ORM DAG for example_branch_datetime_operator
[2025-10-10T09:36:22.931+0000] {logging_mixin.py:190} INFO - [2025-10-10T09:36:22.931+0000] {dag.py:3262} INFO - Creating ORM DAG for example_branch_datetime_operator_2
[2025-10-10T09:36:22.935+0000] {logging_mixin.py:190} INFO - [2025-10-10T09:36:22.935+0000] {dag.py:4180} INFO - Setting next_dagrun for example_branch_datetime_operator to 2025-10-09 00:00:00+00:00, run_after=2025-10-10 00:00:00+00:00
[2025-10-10T09:36:22.935+0000] {logging_mixin.py:190} INFO - [2025-10-10T09:36:22.935+0000] {dag.py:4180} INFO - Setting next_dagrun for example_branch_datetime_operator_2 to 2025-10-09 00:00:00+00:00, run_after=2025-10-10 00:00:00+00:00
[2025-10-10T09:36:22.936+0000] {logging_mixin.py:190} INFO - [2025-10-10T09:36:22.936+0000] {dag.py:4180} INFO - Setting next_dagrun for example_branch_datetime_operator_3 to 2025-10-09 00:00:00+00:00, run_after=2025-10-10 00:00:00+00:00
[2025-10-10T09:36:22.942+0000] {processor.py:208} INFO - Processing /home/airflow/.local/lib/python3.12/site-packages/airflow/example_dags/example_branch_datetime_operator.py took 0.107 seconds
[2025-10-10T09:36:53.154+0000] {processor.py:186} INFO - Started process (PID=155) to work on /home/airflow/.local/lib/python3.12/site-packages/airflow/example_dags/example_branch_datetime_operator.py
[2025-10-10T09:36:53.154+0000] {processor.py:914} INFO - Processing file /home/airflow/.local/lib/python3.12/site-packages/airflow/example_dags/example_branch_datetime_operator.py for tasks to queue
[2025-10-10T09:36:53.155+0000] {logging_mixin.py:190} INFO - [2025-10-10T09:36:53.155+0000] {dagbag.py:588} INFO - Filling up the DagBag from /home/airflow/.local/lib/python3.12/site-packages/airflow/example_dags/example_branch_datetime_operator.py
[2025-10-10T09:36:53.159+0000] {processor.py:925} INFO - DAG(s) 'example_branch_datetime_operator_2', 'example_branch_datetime_operator', 'example_branch_datetime_operator_3' retrieved from /home/airflow/.local/lib/python3.12/site-packages/airflow/example_dags/example_branch_datetime_operator.py
[2025-10-10T09:36:53.168+0000] {logging_mixin.py:190} INFO - [2025-10-10T09:36:53.168+0000] {dag.py:3239} INFO - Sync 3 DAGs
[2025-10-10T09:36:53.175+0000] {logging_mixin.py:190} INFO - [2025-10-10T09:36:53.175+0000] {dag.py:4180} INFO - Setting next_dagrun for example_branch_datetime_operator to 2025-10-09 00:00:00+00:00, run_after=2025-10-10 00:00:00+00:00
[2025-10-10T09:36:53.177+0000] {logging_mixin.py:190} INFO - [2025-10-10T09:36:53.177+0000] {dag.py:4180} INFO - Setting next_dagrun for example_branch_datetime_operator_2 to 2025-10-09 00:00:00+00:00, run_after=2025-10-10 00:00:00+00:00
[2025-10-10T09:36:53.178+0000] {logging_mixin.py:190} INFO - [2025-10-10T09:36:53.177+0000] {dag.py:4180} INFO - Setting next_dagrun for example_branch_datetime_operator_3 to 2025-10-09 00:00:00+00:00, run_after=2025-10-10 00:00:00+00:00
[2025-10-10T09:36:53.183+0000] {processor.py:208} INFO - Processing /home/airflow/.local/lib/python3.12/site-packages/airflow/example_dags/example_branch_datetime_operator.py took 0.031 seconds
[2025-10-10T09:37:23.452+0000] {processor.py:186} INFO - Started process (PID=218) to work on /home/airflow/.local/lib/python3.12/site-packages/airflow/example_dags/example_branch_datetime_operator.py
[2025-10-10T09:37:23.453+0000] {processor.py:914} INFO - Processing file /home/airflow/.local/lib/python3.12/site-packages/airflow/example_dags/example_branch_datetime_operator.py for tasks to queue
[2025-10-10T09:37:23.454+0000] {logging_mixin.py:190} INFO - [2025-10-10T09:37:23.454+0000] {dagbag.py:588} INFO - Filling up the DagBag from /home/airflow/.local/lib/python3.12/site-packages/airflow/example_dags/example_branch_datetime_operator.py
[2025-10-10T09:37:23.459+0000] {processor.py:925} INFO - DAG(s) 'example_branch_datetime_operator_3', 'example_branch_datetime_operator', 'example_branch_datetime_operator_2' retrieved from /home/airflow/.local/lib/python3.12/site-packages/airflow/example_dags/example_branch_datetime_operator.py
[2025-10-10T09:37:23.469+0000] {logging_mixin.py:190} INFO - [2025-10-10T09:37:23.469+0000] {dag.py:3239} INFO - Sync 3 DAGs
[2025-10-10T09:37:23.478+0000] {logging_mixin.py:190} INFO - [2025-10-10T09:37:23.478+0000] {dag.py:4180} INFO - Setting next_dagrun for example_branch_datetime_operator to 2025-10-09 00:00:00+00:00, run_after=2025-10-10 00:00:00+00:00
[2025-10-10T09:37:23.480+0000] {logging_mixin.py:190} INFO - [2025-10-10T09:37:23.480+0000] {dag.py:4180} INFO - Setting next_dagrun for example_branch_datetime_operator_2 to 2025-10-09 00:00:00+00:00, run_after=2025-10-10 00:00:00+00:00
[2025-10-10T09:37:23.483+0000] {logging_mixin.py:190} INFO - [2025-10-10T09:37:23.483+0000] {dag.py:4180} INFO - Setting next_dagrun for example_branch_datetime_operator_3 to 2025-10-09 00:00:00+00:00, run_after=2025-10-10 00:00:00+00:00
[2025-10-10T09:37:23.488+0000] {processor.py:208} INFO - Processing /home/airflow/.local/lib/python3.12/site-packages/airflow/example_dags/example_branch_datetime_operator.py took 0.039 seconds
[2025-10-10T09:37:54.554+0000] {processor.py:186} INFO - Started process (PID=281) to work on /home/airflow/.local/lib/python3.12/site-packages/airflow/example_dags/example_branch_datetime_operator.py
[2025-10-10T09:37:54.554+0000] {processor.py:914} INFO - Processing file /home/airflow/.local/lib/python3.12/site-packages/airflow/example_dags/example_branch_datetime_operator.py for tasks to queue
[2025-10-10T09:37:54.555+0000] {logging_mixin.py:190} INFO - [2025-10-10T09:37:54.555+0000] {dagbag.py:588} INFO - Filling up the DagBag from /home/airflow/.local/lib/python3.12/site-packages/airflow/example_dags/example_branch_datetime_operator.py
[2025-10-10T09:37:54.559+0000] {processor.py:925} INFO - DAG(s) 'example_branch_datetime_operator_3', 'example_branch_datetime_operator_2', 'example_branch_datetime_operator' retrieved from /home/airflow/.local/lib/python3.12/site-packages/airflow/example_dags/example_branch_datetime_operator.py
[2025-10-10T09:37:54.568+0000] {logging_mixin.py:190} INFO - [2025-10-10T09:37:54.568+0000] {dag.py:3239} INFO - Sync 3 DAGs
[2025-10-10T09:37:54.576+0000] {logging_mixin.py:190} INFO - [2025-10-10T09:37:54.576+0000] {dag.py:4180} INFO - Setting next_dagrun for example_branch_datetime_operator to 2025-10-09 00:00:00+00:00, run_after=2025-10-10 00:00:00+00:00
[2025-10-10T09:37:54.577+0000] {logging_mixin.py:190} INFO - [2025-10-10T09:37:54.577+0000] {dag.py:4180} INFO - Setting next_dagrun for example_branch_datetime_operator_2 to 2025-10-09 00:00:00+00:00, run_after=2025-10-10 00:00:00+00:00
[2025-10-10T09:37:54.578+0000] {logging_mixin.py:190} INFO - [2025-10-10T09:37:54.578+0000] {dag.py:4180} INFO - Setting next_dagrun for example_branch_datetime_operator_3 to 2025-10-09 00:00:00+00:00, run_after=2025-10-10 00:00:00+00:00
[2025-10-10T09:37:54.583+0000] {processor.py:208} INFO - Processing /home/airflow/.local/lib/python3.12/site-packages/airflow/example_dags/example_branch_datetime_operator.py took 0.031 seconds
[2025-10-10T09:38:18.123+0000] {processor.py:186} INFO - Started process (PID=88) to work on /home/airflow/.local/lib/python3.12/site-packages/airflow/example_dags/example_branch_datetime_operator.py
[2025-10-10T09:38:18.125+0000] {processor.py:914} INFO - Processing file /home/airflow/.local/lib/python3.12/site-packages/airflow/example_dags/example_branch_datetime_operator.py for tasks to queue
[2025-10-10T09:38:18.125+0000] {logging_mixin.py:190} INFO - [2025-10-10T09:38:18.125+0000] {dagbag.py:588} INFO - Filling up the DagBag from /home/airflow/.local/lib/python3.12/site-packages/airflow/example_dags/example_branch_datetime_operator.py
[2025-10-10T09:38:18.130+0000] {processor.py:925} INFO - DAG(s) 'example_branch_datetime_operator_3', 'example_branch_datetime_operator', 'example_branch_datetime_operator_2' retrieved from /home/airflow/.local/lib/python3.12/site-packages/airflow/example_dags/example_branch_datetime_operator.py
[2025-10-10T09:38:18.139+0000] {logging_mixin.py:190} INFO - [2025-10-10T09:38:18.139+0000] {dag.py:3239} INFO - Sync 3 DAGs
[2025-10-10T09:38:18.147+0000] {logging_mixin.py:190} INFO - [2025-10-10T09:38:18.147+0000] {dag.py:4180} INFO - Setting next_dagrun for example_branch_datetime_operator to 2025-10-09 00:00:00+00:00, run_after=2025-10-10 00:00:00+00:00
[2025-10-10T09:38:18.150+0000] {logging_mixin.py:190} INFO - [2025-10-10T09:38:18.150+0000] {dag.py:4180} INFO - Setting next_dagrun for example_branch_datetime_operator_2 to 2025-10-09 00:00:00+00:00, run_after=2025-10-10 00:00:00+00:00
[2025-10-10T09:38:18.151+0000] {logging_mixin.py:190} INFO - [2025-10-10T09:38:18.151+0000] {dag.py:4180} INFO - Setting next_dagrun for example_branch_datetime_operator_3 to 2025-10-09 00:00:00+00:00, run_after=2025-10-10 00:00:00+00:00
[2025-10-10T09:38:18.157+0000] {processor.py:208} INFO - Processing /home/airflow/.local/lib/python3.12/site-packages/airflow/example_dags/example_branch_datetime_operator.py took 0.036 seconds
[2025-10-10T09:38:49.240+0000] {processor.py:186} INFO - Started process (PID=152) to work on /home/airflow/.local/lib/python3.12/site-packages/airflow/example_dags/example_branch_datetime_operator.py
[2025-10-10T09:38:49.240+0000] {processor.py:914} INFO - Processing file /home/airflow/.local/lib/python3.12/site-packages/airflow/example_dags/example_branch_datetime_operator.py for tasks to queue
[2025-10-10T09:38:49.241+0000] {logging_mixin.py:190} INFO - [2025-10-10T09:38:49.241+0000] {dagbag.py:588} INFO - Filling up the DagBag from /home/airflow/.local/lib/python3.12/site-packages/airflow/example_dags/example_branch_datetime_operator.py
[2025-10-10T09:38:49.245+0000] {processor.py:925} INFO - DAG(s) 'example_branch_datetime_operator_2', 'example_branch_datetime_operator_3', 'example_branch_datetime_operator' retrieved from /home/airflow/.local/lib/python3.12/site-packages/airflow/example_dags/example_branch_datetime_operator.py
[2025-10-10T09:38:49.253+0000] {logging_mixin.py:190} INFO - [2025-10-10T09:38:49.253+0000] {dag.py:3239} INFO - Sync 3 DAGs
[2025-10-10T09:38:49.260+0000] {logging_mixin.py:190} INFO - [2025-10-10T09:38:49.260+0000] {dag.py:4180} INFO - Setting next_dagrun for example_branch_datetime_operator to 2025-10-09 00:00:00+00:00, run_after=2025-10-10 00:00:00+00:00
[2025-10-10T09:38:49.261+0000] {logging_mixin.py:190} INFO - [2025-10-10T09:38:49.261+0000] {dag.py:4180} INFO - Setting next_dagrun for example_branch_datetime_operator_2 to 2025-10-09 00:00:00+00:00, run_after=2025-10-10 00:00:00+00:00
[2025-10-10T09:38:49.262+0000] {logging_mixin.py:190} INFO - [2025-10-10T09:38:49.262+0000] {dag.py:4180} INFO - Setting next_dagrun for example_branch_datetime_operator_3 to 2025-10-09 00:00:00+00:00, run_after=2025-10-10 00:00:00+00:00
[2025-10-10T09:38:49.267+0000] {processor.py:208} INFO - Processing /home/airflow/.local/lib/python3.12/site-packages/airflow/example_dags/example_branch_datetime_operator.py took 0.029 seconds
[2025-10-10T09:39:20.365+0000] {processor.py:186} INFO - Started process (PID=216) to work on /home/airflow/.local/lib/python3.12/site-packages/airflow/example_dags/example_branch_datetime_operator.py
[2025-10-10T09:39:20.366+0000] {processor.py:914} INFO - Processing file /home/airflow/.local/lib/python3.12/site-packages/airflow/example_dags/example_branch_datetime_operator.py for tasks to queue
[2025-10-10T09:39:20.367+0000] {logging_mixin.py:190} INFO - [2025-10-10T09:39:20.367+0000] {dagbag.py:588} INFO - Filling up the DagBag from /home/airflow/.local/lib/python3.12/site-packages/airflow/example_dags/example_branch_datetime_operator.py
[2025-10-10T09:39:20.372+0000] {processor.py:925} INFO - DAG(s) 'example_branch_datetime_operator_2', 'example_branch_datetime_operator', 'example_branch_datetime_operator_3' retrieved from /home/airflow/.local/lib/python3.12/site-packages/airflow/example_dags/example_branch_datetime_operator.py
[2025-10-10T09:39:20.383+0000] {logging_mixin.py:190} INFO - [2025-10-10T09:39:20.383+0000] {dag.py:3239} INFO - Sync 3 DAGs
[2025-10-10T09:39:20.391+0000] {logging_mixin.py:190} INFO - [2025-10-10T09:39:20.391+0000] {dag.py:4180} INFO - Setting next_dagrun for example_branch_datetime_operator to 2025-10-09 00:00:00+00:00, run_after=2025-10-10 00:00:00+00:00
[2025-10-10T09:39:20.393+0000] {logging_mixin.py:190} INFO - [2025-10-10T09:39:20.393+0000] {dag.py:4180} INFO - Setting next_dagrun for example_branch_datetime_operator_2 to 2025-10-09 00:00:00+00:00, run_after=2025-10-10 00:00:00+00:00
[2025-10-10T09:39:20.394+0000] {logging_mixin.py:190} INFO - [2025-10-10T09:39:20.394+0000] {dag.py:4180} INFO - Setting next_dagrun for example_branch_datetime_operator_3 to 2025-10-09 00:00:00+00:00, run_after=2025-10-10 00:00:00+00:00
[2025-10-10T09:39:20.405+0000] {processor.py:208} INFO - Processing /home/airflow/.local/lib/python3.12/site-packages/airflow/example_dags/example_branch_datetime_operator.py took 0.042 seconds
[2025-10-10T09:39:51.503+0000] {processor.py:186} INFO - Started process (PID=280) to work on /home/airflow/.local/lib/python3.12/site-packages/airflow/example_dags/example_branch_datetime_operator.py
[2025-10-10T09:39:51.504+0000] {processor.py:914} INFO - Processing file /home/airflow/.local/lib/python3.12/site-packages/airflow/example_dags/example_branch_datetime_operator.py for tasks to queue
[2025-10-10T09:39:51.505+0000] {logging_mixin.py:190} INFO - [2025-10-10T09:39:51.505+0000] {dagbag.py:588} INFO - Filling up the DagBag from /home/airflow/.local/lib/python3.12/site-packages/airflow/example_dags/example_branch_datetime_operator.py
[2025-10-10T09:39:51.510+0000] {processor.py:925} INFO - DAG(s) 'example_branch_datetime_operator_2', 'example_branch_datetime_operator_3', 'example_branch_datetime_operator' retrieved from /home/airflow/.local/lib/python3.12/site-packages/airflow/example_dags/example_branch_datetime_operator.py
[2025-10-10T09:39:51.522+0000] {logging_mixin.py:190} INFO - [2025-10-10T09:39:51.522+0000] {dag.py:3239} INFO - Sync 3 DAGs
[2025-10-10T09:39:51.530+0000] {logging_mixin.py:190} INFO - [2025-10-10T09:39:51.530+0000] {dag.py:4180} INFO - Setting next_dagrun for example_branch_datetime_operator to 2025-10-09 00:00:00+00:00, run_after=2025-10-10 00:00:00+00:00
[2025-10-10T09:39:51.533+0000] {logging_mixin.py:190} INFO - [2025-10-10T09:39:51.533+0000] {dag.py:4180} INFO - Setting next_dagrun for example_branch_datetime_operator_2 to 2025-10-09 00:00:00+00:00, run_after=2025-10-10 00:00:00+00:00
[2025-10-10T09:39:51.534+0000] {logging_mixin.py:190} INFO - [2025-10-10T09:39:51.534+0000] {dag.py:4180} INFO - Setting next_dagrun for example_branch_datetime_operator_3 to 2025-10-09 00:00:00+00:00, run_after=2025-10-10 00:00:00+00:00
[2025-10-10T09:39:51.539+0000] {processor.py:208} INFO - Processing /home/airflow/.local/lib/python3.12/site-packages/airflow/example_dags/example_branch_datetime_operator.py took 0.038 seconds
[2025-10-10T09:40:22.742+0000] {processor.py:186} INFO - Started process (PID=344) to work on /home/airflow/.local/lib/python3.12/site-packages/airflow/example_dags/example_branch_datetime_operator.py
[2025-10-10T09:40:22.745+0000] {processor.py:914} INFO - Processing file /home/airflow/.local/lib/python3.12/site-packages/airflow/example_dags/example_branch_datetime_operator.py for tasks to queue
[2025-10-10T09:40:22.746+0000] {logging_mixin.py:190} INFO - [2025-10-10T09:40:22.746+0000] {dagbag.py:588} INFO - Filling up the DagBag from /home/airflow/.local/lib/python3.12/site-packages/airflow/example_dags/example_branch_datetime_operator.py
[2025-10-10T09:40:22.751+0000] {processor.py:925} INFO - DAG(s) 'example_branch_datetime_operator_2', 'example_branch_datetime_operator_3', 'example_branch_datetime_operator' retrieved from /home/airflow/.local/lib/python3.12/site-packages/airflow/example_dags/example_branch_datetime_operator.py
[2025-10-10T09:40:22.763+0000] {logging_mixin.py:190} INFO - [2025-10-10T09:40:22.762+0000] {dag.py:3239} INFO - Sync 3 DAGs
[2025-10-10T09:40:22.771+0000] {logging_mixin.py:190} INFO - [2025-10-10T09:40:22.771+0000] {dag.py:4180} INFO - Setting next_dagrun for example_branch_datetime_operator to 2025-10-09 00:00:00+00:00, run_after=2025-10-10 00:00:00+00:00
[2025-10-10T09:40:22.773+0000] {logging_mixin.py:190} INFO - [2025-10-10T09:40:22.773+0000] {dag.py:4180} INFO - Setting next_dagrun for example_branch_datetime_operator_2 to 2025-10-09 00:00:00+00:00, run_after=2025-10-10 00:00:00+00:00
[2025-10-10T09:40:22.774+0000] {logging_mixin.py:190} INFO - [2025-10-10T09:40:22.774+0000] {dag.py:4180} INFO - Setting next_dagrun for example_branch_datetime_operator_3 to 2025-10-09 00:00:00+00:00, run_after=2025-10-10 00:00:00+00:00
[2025-10-10T09:40:22.782+0000] {processor.py:208} INFO - Processing /home/airflow/.local/lib/python3.12/site-packages/airflow/example_dags/example_branch_datetime_operator.py took 0.042 seconds
[2025-10-10T09:40:53.934+0000] {processor.py:186} INFO - Started process (PID=408) to work on /home/airflow/.local/lib/python3.12/site-packages/airflow/example_dags/example_branch_datetime_operator.py
[2025-10-10T09:40:53.934+0000] {processor.py:914} INFO - Processing file /home/airflow/.local/lib/python3.12/site-packages/airflow/example_dags/example_branch_datetime_operator.py for tasks to queue
[2025-10-10T09:40:53.938+0000] {logging_mixin.py:190} INFO - [2025-10-10T09:40:53.938+0000] {dagbag.py:588} INFO - Filling up the DagBag from /home/airflow/.local/lib/python3.12/site-packages/airflow/example_dags/example_branch_datetime_operator.py
[2025-10-10T09:40:53.942+0000] {processor.py:925} INFO - DAG(s) 'example_branch_datetime_operator_2', 'example_branch_datetime_operator_3', 'example_branch_datetime_operator' retrieved from /home/airflow/.local/lib/python3.12/site-packages/airflow/example_dags/example_branch_datetime_operator.py
[2025-10-10T09:40:53.953+0000] {logging_mixin.py:190} INFO - [2025-10-10T09:40:53.953+0000] {dag.py:3239} INFO - Sync 3 DAGs
[2025-10-10T09:40:53.962+0000] {logging_mixin.py:190} INFO - [2025-10-10T09:40:53.961+0000] {dag.py:4180} INFO - Setting next_dagrun for example_branch_datetime_operator to 2025-10-09 00:00:00+00:00, run_after=2025-10-10 00:00:00+00:00
[2025-10-10T09:40:53.963+0000] {logging_mixin.py:190} INFO - [2025-10-10T09:40:53.963+0000] {dag.py:4180} INFO - Setting next_dagrun for example_branch_datetime_operator_2 to 2025-10-09 00:00:00+00:00, run_after=2025-10-10 00:00:00+00:00
[2025-10-10T09:40:53.964+0000] {logging_mixin.py:190} INFO - [2025-10-10T09:40:53.964+0000] {dag.py:4180} INFO - Setting next_dagrun for example_branch_datetime_operator_3 to 2025-10-09 00:00:00+00:00, run_after=2025-10-10 00:00:00+00:00
[2025-10-10T09:40:53.971+0000] {processor.py:208} INFO - Processing /home/airflow/.local/lib/python3.12/site-packages/airflow/example_dags/example_branch_datetime_operator.py took 0.040 seconds
[2025-10-10T09:41:25.065+0000] {processor.py:186} INFO - Started process (PID=472) to work on /home/airflow/.local/lib/python3.12/site-packages/airflow/example_dags/example_branch_datetime_operator.py
[2025-10-10T09:41:25.066+0000] {processor.py:914} INFO - Processing file /home/airflow/.local/lib/python3.12/site-packages/airflow/example_dags/example_branch_datetime_operator.py for tasks to queue
[2025-10-10T09:41:25.067+0000] {logging_mixin.py:190} INFO - [2025-10-10T09:41:25.067+0000] {dagbag.py:588} INFO - Filling up the DagBag from /home/airflow/.local/lib/python3.12/site-packages/airflow/example_dags/example_branch_datetime_operator.py
[2025-10-10T09:41:25.072+0000] {processor.py:925} INFO - DAG(s) 'example_branch_datetime_operator', 'example_branch_datetime_operator_2', 'example_branch_datetime_operator_3' retrieved from /home/airflow/.local/lib/python3.12/site-packages/airflow/example_dags/example_branch_datetime_operator.py
[2025-10-10T09:41:25.084+0000] {logging_mixin.py:190} INFO - [2025-10-10T09:41:25.084+0000] {dag.py:3239} INFO - Sync 3 DAGs
[2025-10-10T09:41:25.092+0000] {logging_mixin.py:190} INFO - [2025-10-10T09:41:25.092+0000] {dag.py:4180} INFO - Setting next_dagrun for example_branch_datetime_operator to 2025-10-09 00:00:00+00:00, run_after=2025-10-10 00:00:00+00:00
[2025-10-10T09:41:25.097+0000] {logging_mixin.py:190} INFO - [2025-10-10T09:41:25.097+0000] {dag.py:4180} INFO - Setting next_dagrun for example_branch_datetime_operator_2 to 2025-10-09 00:00:00+00:00, run_after=2025-10-10 00:00:00+00:00
[2025-10-10T09:41:25.098+0000] {logging_mixin.py:190} INFO - [2025-10-10T09:41:25.098+0000] {dag.py:4180} INFO - Setting next_dagrun for example_branch_datetime_operator_3 to 2025-10-09 00:00:00+00:00, run_after=2025-10-10 00:00:00+00:00
[2025-10-10T09:41:25.105+0000] {processor.py:208} INFO - Processing /home/airflow/.local/lib/python3.12/site-packages/airflow/example_dags/example_branch_datetime_operator.py took 0.041 seconds
[2025-10-10T09:41:56.315+0000] {processor.py:186} INFO - Started process (PID=536) to work on /home/airflow/.local/lib/python3.12/site-packages/airflow/example_dags/example_branch_datetime_operator.py
[2025-10-10T09:41:56.315+0000] {processor.py:914} INFO - Processing file /home/airflow/.local/lib/python3.12/site-packages/airflow/example_dags/example_branch_datetime_operator.py for tasks to queue
[2025-10-10T09:41:56.317+0000] {logging_mixin.py:190} INFO - [2025-10-10T09:41:56.317+0000] {dagbag.py:588} INFO - Filling up the DagBag from /home/airflow/.local/lib/python3.12/site-packages/airflow/example_dags/example_branch_datetime_operator.py
[2025-10-10T09:41:56.323+0000] {processor.py:925} INFO - DAG(s) 'example_branch_datetime_operator_2', 'example_branch_datetime_operator', 'example_branch_datetime_operator_3' retrieved from /home/airflow/.local/lib/python3.12/site-packages/airflow/example_dags/example_branch_datetime_operator.py
[2025-10-10T09:41:56.338+0000] {logging_mixin.py:190} INFO - [2025-10-10T09:41:56.338+0000] {dag.py:3239} INFO - Sync 3 DAGs
[2025-10-10T09:41:56.346+0000] {logging_mixin.py:190} INFO - [2025-10-10T09:41:56.346+0000] {dag.py:4180} INFO - Setting next_dagrun for example_branch_datetime_operator to 2025-10-09 00:00:00+00:00, run_after=2025-10-10 00:00:00+00:00
[2025-10-10T09:41:56.347+0000] {logging_mixin.py:190} INFO - [2025-10-10T09:41:56.347+0000] {dag.py:4180} INFO - Setting next_dagrun for example_branch_datetime_operator_2 to 2025-10-09 00:00:00+00:00, run_after=2025-10-10 00:00:00+00:00
[2025-10-10T09:41:56.348+0000] {logging_mixin.py:190} INFO - [2025-10-10T09:41:56.348+0000] {dag.py:4180} INFO - Setting next_dagrun for example_branch_datetime_operator_3 to 2025-10-09 00:00:00+00:00, run_after=2025-10-10 00:00:00+00:00
[2025-10-10T09:41:56.353+0000] {processor.py:208} INFO - Processing /home/airflow/.local/lib/python3.12/site-packages/airflow/example_dags/example_branch_datetime_operator.py took 0.041 seconds
[2025-10-10T09:42:27.377+0000] {processor.py:186} INFO - Started process (PID=600) to work on /home/airflow/.local/lib/python3.12/site-packages/airflow/example_dags/example_branch_datetime_operator.py
[2025-10-10T09:42:27.378+0000] {processor.py:914} INFO - Processing file /home/airflow/.local/lib/python3.12/site-packages/airflow/example_dags/example_branch_datetime_operator.py for tasks to queue
[2025-10-10T09:42:27.379+0000] {logging_mixin.py:190} INFO - [2025-10-10T09:42:27.379+0000] {dagbag.py:588} INFO - Filling up the DagBag from /home/airflow/.local/lib/python3.12/site-packages/airflow/example_dags/example_branch_datetime_operator.py
[2025-10-10T09:42:27.384+0000] {processor.py:925} INFO - DAG(s) 'example_branch_datetime_operator_3', 'example_branch_datetime_operator_2', 'example_branch_datetime_operator' retrieved from /home/airflow/.local/lib/python3.12/site-packages/airflow/example_dags/example_branch_datetime_operator.py
[2025-10-10T09:42:27.392+0000] {logging_mixin.py:190} INFO - [2025-10-10T09:42:27.392+0000] {dag.py:3239} INFO - Sync 3 DAGs
[2025-10-10T09:42:27.400+0000] {logging_mixin.py:190} INFO - [2025-10-10T09:42:27.400+0000] {dag.py:4180} INFO - Setting next_dagrun for example_branch_datetime_operator to 2025-10-09 00:00:00+00:00, run_after=2025-10-10 00:00:00+00:00
[2025-10-10T09:42:27.402+0000] {logging_mixin.py:190} INFO - [2025-10-10T09:42:27.402+0000] {dag.py:4180} INFO - Setting next_dagrun for example_branch_datetime_operator_2 to 2025-10-09 00:00:00+00:00, run_after=2025-10-10 00:00:00+00:00
[2025-10-10T09:42:27.404+0000] {logging_mixin.py:190} INFO - [2025-10-10T09:42:27.404+0000] {dag.py:4180} INFO - Setting next_dagrun for example_branch_datetime_operator_3 to 2025-10-09 00:00:00+00:00, run_after=2025-10-10 00:00:00+00:00
[2025-10-10T09:42:27.411+0000] {processor.py:208} INFO - Processing /home/airflow/.local/lib/python3.12/site-packages/airflow/example_dags/example_branch_datetime_operator.py took 0.037 seconds
[2025-10-10T09:42:58.628+0000] {processor.py:186} INFO - Started process (PID=664) to work on /home/airflow/.local/lib/python3.12/site-packages/airflow/example_dags/example_branch_datetime_operator.py
[2025-10-10T09:42:58.629+0000] {processor.py:914} INFO - Processing file /home/airflow/.local/lib/python3.12/site-packages/airflow/example_dags/example_branch_datetime_operator.py for tasks to queue
[2025-10-10T09:42:58.631+0000] {logging_mixin.py:190} INFO - [2025-10-10T09:42:58.631+0000] {dagbag.py:588} INFO - Filling up the DagBag from /home/airflow/.local/lib/python3.12/site-packages/airflow/example_dags/example_branch_datetime_operator.py
[2025-10-10T09:42:58.637+0000] {processor.py:925} INFO - DAG(s) 'example_branch_datetime_operator_3', 'example_branch_datetime_operator', 'example_branch_datetime_operator_2' retrieved from /home/airflow/.local/lib/python3.12/site-packages/airflow/example_dags/example_branch_datetime_operator.py
[2025-10-10T09:42:58.652+0000] {logging_mixin.py:190} INFO - [2025-10-10T09:42:58.652+0000] {dag.py:3239} INFO - Sync 3 DAGs
[2025-10-10T09:42:58.662+0000] {logging_mixin.py:190} INFO - [2025-10-10T09:42:58.662+0000] {dag.py:4180} INFO - Setting next_dagrun for example_branch_datetime_operator to 2025-10-09 00:00:00+00:00, run_after=2025-10-10 00:00:00+00:00
[2025-10-10T09:42:58.668+0000] {logging_mixin.py:190} INFO - [2025-10-10T09:42:58.668+0000] {dag.py:4180} INFO - Setting next_dagrun for example_branch_datetime_operator_2 to 2025-10-09 00:00:00+00:00, run_after=2025-10-10 00:00:00+00:00
[2025-10-10T09:42:58.668+0000] {logging_mixin.py:190} INFO - [2025-10-10T09:42:58.668+0000] {dag.py:4180} INFO - Setting next_dagrun for example_branch_datetime_operator_3 to 2025-10-09 00:00:00+00:00, run_after=2025-10-10 00:00:00+00:00
[2025-10-10T09:42:58.676+0000] {processor.py:208} INFO - Processing /home/airflow/.local/lib/python3.12/site-packages/airflow/example_dags/example_branch_datetime_operator.py took 0.050 seconds
[2025-10-10T09:43:29.717+0000] {processor.py:186} INFO - Started process (PID=728) to work on /home/airflow/.local/lib/python3.12/site-packages/airflow/example_dags/example_branch_datetime_operator.py
[2025-10-10T09:43:29.718+0000] {processor.py:914} INFO - Processing file /home/airflow/.local/lib/python3.12/site-packages/airflow/example_dags/example_branch_datetime_operator.py for tasks to queue
[2025-10-10T09:43:29.719+0000] {logging_mixin.py:190} INFO - [2025-10-10T09:43:29.719+0000] {dagbag.py:588} INFO - Filling up the DagBag from /home/airflow/.local/lib/python3.12/site-packages/airflow/example_dags/example_branch_datetime_operator.py
[2025-10-10T09:43:29.725+0000] {processor.py:925} INFO - DAG(s) 'example_branch_datetime_operator_3', 'example_branch_datetime_operator', 'example_branch_datetime_operator_2' retrieved from /home/airflow/.local/lib/python3.12/site-packages/airflow/example_dags/example_branch_datetime_operator.py
[2025-10-10T09:43:29.737+0000] {logging_mixin.py:190} INFO - [2025-10-10T09:43:29.737+0000] {dag.py:3239} INFO - Sync 3 DAGs
[2025-10-10T09:43:29.746+0000] {logging_mixin.py:190} INFO - [2025-10-10T09:43:29.746+0000] {dag.py:4180} INFO - Setting next_dagrun for example_branch_datetime_operator to 2025-10-09 00:00:00+00:00, run_after=2025-10-10 00:00:00+00:00
[2025-10-10T09:43:29.748+0000] {logging_mixin.py:190} INFO - [2025-10-10T09:43:29.748+0000] {dag.py:4180} INFO - Setting next_dagrun for example_branch_datetime_operator_2 to 2025-10-09 00:00:00+00:00, run_after=2025-10-10 00:00:00+00:00
[2025-10-10T09:43:29.749+0000] {logging_mixin.py:190} INFO - [2025-10-10T09:43:29.749+0000] {dag.py:4180} INFO - Setting next_dagrun for example_branch_datetime_operator_3 to 2025-10-09 00:00:00+00:00, run_after=2025-10-10 00:00:00+00:00
[2025-10-10T09:43:29.754+0000] {processor.py:208} INFO - Processing /home/airflow/.local/lib/python3.12/site-packages/airflow/example_dags/example_branch_datetime_operator.py took 0.039 seconds
[2025-10-10T09:44:10.417+0000] {processor.py:186} INFO - Started process (PID=95) to work on /home/airflow/.local/lib/python3.12/site-packages/airflow/example_dags/example_branch_datetime_operator.py
[2025-10-10T09:44:10.418+0000] {processor.py:914} INFO - Processing file /home/airflow/.local/lib/python3.12/site-packages/airflow/example_dags/example_branch_datetime_operator.py for tasks to queue
[2025-10-10T09:44:10.419+0000] {logging_mixin.py:190} INFO - [2025-10-10T09:44:10.419+0000] {dagbag.py:588} INFO - Filling up the DagBag from /home/airflow/.local/lib/python3.12/site-packages/airflow/example_dags/example_branch_datetime_operator.py
[2025-10-10T09:44:10.424+0000] {processor.py:925} INFO - DAG(s) 'example_branch_datetime_operator_2', 'example_branch_datetime_operator_3', 'example_branch_datetime_operator' retrieved from /home/airflow/.local/lib/python3.12/site-packages/airflow/example_dags/example_branch_datetime_operator.py
[2025-10-10T09:44:10.435+0000] {logging_mixin.py:190} INFO - [2025-10-10T09:44:10.435+0000] {dag.py:3239} INFO - Sync 3 DAGs
[2025-10-10T09:44:10.445+0000] {logging_mixin.py:190} INFO - [2025-10-10T09:44:10.445+0000] {dag.py:4180} INFO - Setting next_dagrun for example_branch_datetime_operator to 2025-10-09 00:00:00+00:00, run_after=2025-10-10 00:00:00+00:00
[2025-10-10T09:44:10.449+0000] {logging_mixin.py:190} INFO - [2025-10-10T09:44:10.449+0000] {dag.py:4180} INFO - Setting next_dagrun for example_branch_datetime_operator_2 to 2025-10-09 00:00:00+00:00, run_after=2025-10-10 00:00:00+00:00
[2025-10-10T09:44:10.450+0000] {logging_mixin.py:190} INFO - [2025-10-10T09:44:10.450+0000] {dag.py:4180} INFO - Setting next_dagrun for example_branch_datetime_operator_3 to 2025-10-09 00:00:00+00:00, run_after=2025-10-10 00:00:00+00:00
[2025-10-10T09:44:10.457+0000] {processor.py:208} INFO - Processing /home/airflow/.local/lib/python3.12/site-packages/airflow/example_dags/example_branch_datetime_operator.py took 0.042 seconds
[2025-10-10T09:44:41.561+0000] {processor.py:186} INFO - Started process (PID=159) to work on /home/airflow/.local/lib/python3.12/site-packages/airflow/example_dags/example_branch_datetime_operator.py
[2025-10-10T09:44:41.562+0000] {processor.py:914} INFO - Processing file /home/airflow/.local/lib/python3.12/site-packages/airflow/example_dags/example_branch_datetime_operator.py for tasks to queue
[2025-10-10T09:44:41.562+0000] {logging_mixin.py:190} INFO - [2025-10-10T09:44:41.562+0000] {dagbag.py:588} INFO - Filling up the DagBag from /home/airflow/.local/lib/python3.12/site-packages/airflow/example_dags/example_branch_datetime_operator.py
[2025-10-10T09:44:41.567+0000] {processor.py:925} INFO - DAG(s) 'example_branch_datetime_operator', 'example_branch_datetime_operator_2', 'example_branch_datetime_operator_3' retrieved from /home/airflow/.local/lib/python3.12/site-packages/airflow/example_dags/example_branch_datetime_operator.py
[2025-10-10T09:44:41.575+0000] {logging_mixin.py:190} INFO - [2025-10-10T09:44:41.575+0000] {dag.py:3239} INFO - Sync 3 DAGs
[2025-10-10T09:44:41.584+0000] {logging_mixin.py:190} INFO - [2025-10-10T09:44:41.584+0000] {dag.py:4180} INFO - Setting next_dagrun for example_branch_datetime_operator to 2025-10-09 00:00:00+00:00, run_after=2025-10-10 00:00:00+00:00
[2025-10-10T09:44:41.586+0000] {logging_mixin.py:190} INFO - [2025-10-10T09:44:41.586+0000] {dag.py:4180} INFO - Setting next_dagrun for example_branch_datetime_operator_2 to 2025-10-09 00:00:00+00:00, run_after=2025-10-10 00:00:00+00:00
[2025-10-10T09:44:41.587+0000] {logging_mixin.py:190} INFO - [2025-10-10T09:44:41.587+0000] {dag.py:4180} INFO - Setting next_dagrun for example_branch_datetime_operator_3 to 2025-10-09 00:00:00+00:00, run_after=2025-10-10 00:00:00+00:00
[2025-10-10T09:44:41.593+0000] {processor.py:208} INFO - Processing /home/airflow/.local/lib/python3.12/site-packages/airflow/example_dags/example_branch_datetime_operator.py took 0.034 seconds
[2025-10-10T09:45:12.604+0000] {processor.py:186} INFO - Started process (PID=223) to work on /home/airflow/.local/lib/python3.12/site-packages/airflow/example_dags/example_branch_datetime_operator.py
[2025-10-10T09:45:12.606+0000] {processor.py:914} INFO - Processing file /home/airflow/.local/lib/python3.12/site-packages/airflow/example_dags/example_branch_datetime_operator.py for tasks to queue
[2025-10-10T09:45:12.608+0000] {logging_mixin.py:190} INFO - [2025-10-10T09:45:12.608+0000] {dagbag.py:588} INFO - Filling up the DagBag from /home/airflow/.local/lib/python3.12/site-packages/airflow/example_dags/example_branch_datetime_operator.py
[2025-10-10T09:45:12.613+0000] {processor.py:925} INFO - DAG(s) 'example_branch_datetime_operator_3', 'example_branch_datetime_operator_2', 'example_branch_datetime_operator' retrieved from /home/airflow/.local/lib/python3.12/site-packages/airflow/example_dags/example_branch_datetime_operator.py
[2025-10-10T09:45:12.624+0000] {logging_mixin.py:190} INFO - [2025-10-10T09:45:12.624+0000] {dag.py:3239} INFO - Sync 3 DAGs
[2025-10-10T09:45:12.633+0000] {logging_mixin.py:190} INFO - [2025-10-10T09:45:12.633+0000] {dag.py:4180} INFO - Setting next_dagrun for example_branch_datetime_operator to 2025-10-09 00:00:00+00:00, run_after=2025-10-10 00:00:00+00:00
[2025-10-10T09:45:12.636+0000] {logging_mixin.py:190} INFO - [2025-10-10T09:45:12.636+0000] {dag.py:4180} INFO - Setting next_dagrun for example_branch_datetime_operator_2 to 2025-10-09 00:00:00+00:00, run_after=2025-10-10 00:00:00+00:00
[2025-10-10T09:45:12.639+0000] {logging_mixin.py:190} INFO - [2025-10-10T09:45:12.639+0000] {dag.py:4180} INFO - Setting next_dagrun for example_branch_datetime_operator_3 to 2025-10-09 00:00:00+00:00, run_after=2025-10-10 00:00:00+00:00
[2025-10-10T09:45:12.647+0000] {processor.py:208} INFO - Processing /home/airflow/.local/lib/python3.12/site-packages/airflow/example_dags/example_branch_datetime_operator.py took 0.045 seconds
[2025-10-10T09:45:43.602+0000] {processor.py:186} INFO - Started process (PID=295) to work on /home/airflow/.local/lib/python3.12/site-packages/airflow/example_dags/example_branch_datetime_operator.py
[2025-10-10T09:45:43.605+0000] {processor.py:914} INFO - Processing file /home/airflow/.local/lib/python3.12/site-packages/airflow/example_dags/example_branch_datetime_operator.py for tasks to queue
[2025-10-10T09:45:43.608+0000] {logging_mixin.py:190} INFO - [2025-10-10T09:45:43.608+0000] {dagbag.py:588} INFO - Filling up the DagBag from /home/airflow/.local/lib/python3.12/site-packages/airflow/example_dags/example_branch_datetime_operator.py
[2025-10-10T09:45:43.613+0000] {processor.py:925} INFO - DAG(s) 'example_branch_datetime_operator', 'example_branch_datetime_operator_3', 'example_branch_datetime_operator_2' retrieved from /home/airflow/.local/lib/python3.12/site-packages/airflow/example_dags/example_branch_datetime_operator.py
[2025-10-10T09:45:43.624+0000] {logging_mixin.py:190} INFO - [2025-10-10T09:45:43.624+0000] {dag.py:3239} INFO - Sync 3 DAGs
[2025-10-10T09:45:43.632+0000] {logging_mixin.py:190} INFO - [2025-10-10T09:45:43.632+0000] {dag.py:4180} INFO - Setting next_dagrun for example_branch_datetime_operator to 2025-10-09 00:00:00+00:00, run_after=2025-10-10 00:00:00+00:00
[2025-10-10T09:45:43.634+0000] {logging_mixin.py:190} INFO - [2025-10-10T09:45:43.634+0000] {dag.py:4180} INFO - Setting next_dagrun for example_branch_datetime_operator_2 to 2025-10-09 00:00:00+00:00, run_after=2025-10-10 00:00:00+00:00
[2025-10-10T09:45:43.635+0000] {logging_mixin.py:190} INFO - [2025-10-10T09:45:43.635+0000] {dag.py:4180} INFO - Setting next_dagrun for example_branch_datetime_operator_3 to 2025-10-09 00:00:00+00:00, run_after=2025-10-10 00:00:00+00:00
[2025-10-10T09:45:43.643+0000] {processor.py:208} INFO - Processing /home/airflow/.local/lib/python3.12/site-packages/airflow/example_dags/example_branch_datetime_operator.py took 0.043 seconds
[2025-10-10T09:46:14.691+0000] {processor.py:186} INFO - Started process (PID=359) to work on /home/airflow/.local/lib/python3.12/site-packages/airflow/example_dags/example_branch_datetime_operator.py
[2025-10-10T09:46:14.691+0000] {processor.py:914} INFO - Processing file /home/airflow/.local/lib/python3.12/site-packages/airflow/example_dags/example_branch_datetime_operator.py for tasks to queue
[2025-10-10T09:46:14.695+0000] {logging_mixin.py:190} INFO - [2025-10-10T09:46:14.695+0000] {dagbag.py:588} INFO - Filling up the DagBag from /home/airflow/.local/lib/python3.12/site-packages/airflow/example_dags/example_branch_datetime_operator.py
[2025-10-10T09:46:14.701+0000] {processor.py:925} INFO - DAG(s) 'example_branch_datetime_operator_3', 'example_branch_datetime_operator_2', 'example_branch_datetime_operator' retrieved from /home/airflow/.local/lib/python3.12/site-packages/airflow/example_dags/example_branch_datetime_operator.py
[2025-10-10T09:46:14.712+0000] {logging_mixin.py:190} INFO - [2025-10-10T09:46:14.712+0000] {dag.py:3239} INFO - Sync 3 DAGs
[2025-10-10T09:46:14.721+0000] {logging_mixin.py:190} INFO - [2025-10-10T09:46:14.721+0000] {dag.py:4180} INFO - Setting next_dagrun for example_branch_datetime_operator to 2025-10-09 00:00:00+00:00, run_after=2025-10-10 00:00:00+00:00
[2025-10-10T09:46:14.726+0000] {logging_mixin.py:190} INFO - [2025-10-10T09:46:14.725+0000] {dag.py:4180} INFO - Setting next_dagrun for example_branch_datetime_operator_2 to 2025-10-09 00:00:00+00:00, run_after=2025-10-10 00:00:00+00:00
[2025-10-10T09:46:14.726+0000] {logging_mixin.py:190} INFO - [2025-10-10T09:46:14.726+0000] {dag.py:4180} INFO - Setting next_dagrun for example_branch_datetime_operator_3 to 2025-10-09 00:00:00+00:00, run_after=2025-10-10 00:00:00+00:00
[2025-10-10T09:46:14.733+0000] {processor.py:208} INFO - Processing /home/airflow/.local/lib/python3.12/site-packages/airflow/example_dags/example_branch_datetime_operator.py took 0.044 seconds
[2025-10-10T09:46:45.613+0000] {processor.py:186} INFO - Started process (PID=423) to work on /home/airflow/.local/lib/python3.12/site-packages/airflow/example_dags/example_branch_datetime_operator.py
[2025-10-10T09:46:45.613+0000] {processor.py:914} INFO - Processing file /home/airflow/.local/lib/python3.12/site-packages/airflow/example_dags/example_branch_datetime_operator.py for tasks to queue
[2025-10-10T09:46:45.614+0000] {logging_mixin.py:190} INFO - [2025-10-10T09:46:45.614+0000] {dagbag.py:588} INFO - Filling up the DagBag from /home/airflow/.local/lib/python3.12/site-packages/airflow/example_dags/example_branch_datetime_operator.py
[2025-10-10T09:46:45.619+0000] {processor.py:925} INFO - DAG(s) 'example_branch_datetime_operator', 'example_branch_datetime_operator_3', 'example_branch_datetime_operator_2' retrieved from /home/airflow/.local/lib/python3.12/site-packages/airflow/example_dags/example_branch_datetime_operator.py
[2025-10-10T09:46:45.629+0000] {logging_mixin.py:190} INFO - [2025-10-10T09:46:45.629+0000] {dag.py:3239} INFO - Sync 3 DAGs
[2025-10-10T09:46:45.637+0000] {logging_mixin.py:190} INFO - [2025-10-10T09:46:45.637+0000] {dag.py:4180} INFO - Setting next_dagrun for example_branch_datetime_operator to 2025-10-09 00:00:00+00:00, run_after=2025-10-10 00:00:00+00:00
[2025-10-10T09:46:45.639+0000] {logging_mixin.py:190} INFO - [2025-10-10T09:46:45.639+0000] {dag.py:4180} INFO - Setting next_dagrun for example_branch_datetime_operator_2 to 2025-10-09 00:00:00+00:00, run_after=2025-10-10 00:00:00+00:00
[2025-10-10T09:46:45.640+0000] {logging_mixin.py:190} INFO - [2025-10-10T09:46:45.640+0000] {dag.py:4180} INFO - Setting next_dagrun for example_branch_datetime_operator_3 to 2025-10-09 00:00:00+00:00, run_after=2025-10-10 00:00:00+00:00
[2025-10-10T09:46:45.645+0000] {processor.py:208} INFO - Processing /home/airflow/.local/lib/python3.12/site-packages/airflow/example_dags/example_branch_datetime_operator.py took 0.034 seconds
[2025-10-10T09:47:16.710+0000] {processor.py:186} INFO - Started process (PID=487) to work on /home/airflow/.local/lib/python3.12/site-packages/airflow/example_dags/example_branch_datetime_operator.py
[2025-10-10T09:47:16.711+0000] {processor.py:914} INFO - Processing file /home/airflow/.local/lib/python3.12/site-packages/airflow/example_dags/example_branch_datetime_operator.py for tasks to queue
[2025-10-10T09:47:16.712+0000] {logging_mixin.py:190} INFO - [2025-10-10T09:47:16.711+0000] {dagbag.py:588} INFO - Filling up the DagBag from /home/airflow/.local/lib/python3.12/site-packages/airflow/example_dags/example_branch_datetime_operator.py
[2025-10-10T09:47:16.716+0000] {processor.py:925} INFO - DAG(s) 'example_branch_datetime_operator_3', 'example_branch_datetime_operator', 'example_branch_datetime_operator_2' retrieved from /home/airflow/.local/lib/python3.12/site-packages/airflow/example_dags/example_branch_datetime_operator.py
[2025-10-10T09:47:16.725+0000] {logging_mixin.py:190} INFO - [2025-10-10T09:47:16.725+0000] {dag.py:3239} INFO - Sync 3 DAGs
[2025-10-10T09:47:16.736+0000] {logging_mixin.py:190} INFO - [2025-10-10T09:47:16.736+0000] {dag.py:4180} INFO - Setting next_dagrun for example_branch_datetime_operator to 2025-10-09 00:00:00+00:00, run_after=2025-10-10 00:00:00+00:00
[2025-10-10T09:47:16.737+0000] {logging_mixin.py:190} INFO - [2025-10-10T09:47:16.737+0000] {dag.py:4180} INFO - Setting next_dagrun for example_branch_datetime_operator_2 to 2025-10-09 00:00:00+00:00, run_after=2025-10-10 00:00:00+00:00
[2025-10-10T09:47:16.738+0000] {logging_mixin.py:190} INFO - [2025-10-10T09:47:16.738+0000] {dag.py:4180} INFO - Setting next_dagrun for example_branch_datetime_operator_3 to 2025-10-09 00:00:00+00:00, run_after=2025-10-10 00:00:00+00:00
[2025-10-10T09:47:16.749+0000] {processor.py:208} INFO - Processing /home/airflow/.local/lib/python3.12/site-packages/airflow/example_dags/example_branch_datetime_operator.py took 0.041 seconds
[2025-10-10T09:47:47.748+0000] {processor.py:186} INFO - Started process (PID=551) to work on /home/airflow/.local/lib/python3.12/site-packages/airflow/example_dags/example_branch_datetime_operator.py
[2025-10-10T09:47:47.749+0000] {processor.py:914} INFO - Processing file /home/airflow/.local/lib/python3.12/site-packages/airflow/example_dags/example_branch_datetime_operator.py for tasks to queue
[2025-10-10T09:47:47.750+0000] {logging_mixin.py:190} INFO - [2025-10-10T09:47:47.750+0000] {dagbag.py:588} INFO - Filling up the DagBag from /home/airflow/.local/lib/python3.12/site-packages/airflow/example_dags/example_branch_datetime_operator.py
[2025-10-10T09:47:47.757+0000] {processor.py:925} INFO - DAG(s) 'example_branch_datetime_operator_2', 'example_branch_datetime_operator', 'example_branch_datetime_operator_3' retrieved from /home/airflow/.local/lib/python3.12/site-packages/airflow/example_dags/example_branch_datetime_operator.py
[2025-10-10T09:47:47.771+0000] {logging_mixin.py:190} INFO - [2025-10-10T09:47:47.771+0000] {dag.py:3239} INFO - Sync 3 DAGs
[2025-10-10T09:47:47.779+0000] {logging_mixin.py:190} INFO - [2025-10-10T09:47:47.779+0000] {dag.py:4180} INFO - Setting next_dagrun for example_branch_datetime_operator to 2025-10-09 00:00:00+00:00, run_after=2025-10-10 00:00:00+00:00
[2025-10-10T09:47:47.782+0000] {logging_mixin.py:190} INFO - [2025-10-10T09:47:47.782+0000] {dag.py:4180} INFO - Setting next_dagrun for example_branch_datetime_operator_2 to 2025-10-09 00:00:00+00:00, run_after=2025-10-10 00:00:00+00:00
[2025-10-10T09:47:47.782+0000] {logging_mixin.py:190} INFO - [2025-10-10T09:47:47.782+0000] {dag.py:4180} INFO - Setting next_dagrun for example_branch_datetime_operator_3 to 2025-10-09 00:00:00+00:00, run_after=2025-10-10 00:00:00+00:00
[2025-10-10T09:47:47.787+0000] {processor.py:208} INFO - Processing /home/airflow/.local/lib/python3.12/site-packages/airflow/example_dags/example_branch_datetime_operator.py took 0.041 seconds
[2025-10-10T09:48:18.178+0000] {processor.py:186} INFO - Started process (PID=615) to work on /home/airflow/.local/lib/python3.12/site-packages/airflow/example_dags/example_branch_datetime_operator.py
[2025-10-10T09:48:18.179+0000] {processor.py:914} INFO - Processing file /home/airflow/.local/lib/python3.12/site-packages/airflow/example_dags/example_branch_datetime_operator.py for tasks to queue
[2025-10-10T09:48:18.180+0000] {logging_mixin.py:190} INFO - [2025-10-10T09:48:18.179+0000] {dagbag.py:588} INFO - Filling up the DagBag from /home/airflow/.local/lib/python3.12/site-packages/airflow/example_dags/example_branch_datetime_operator.py
[2025-10-10T09:48:18.185+0000] {processor.py:925} INFO - DAG(s) 'example_branch_datetime_operator', 'example_branch_datetime_operator_2', 'example_branch_datetime_operator_3' retrieved from /home/airflow/.local/lib/python3.12/site-packages/airflow/example_dags/example_branch_datetime_operator.py
[2025-10-10T09:48:18.199+0000] {logging_mixin.py:190} INFO - [2025-10-10T09:48:18.199+0000] {dag.py:3239} INFO - Sync 3 DAGs
[2025-10-10T09:48:18.208+0000] {logging_mixin.py:190} INFO - [2025-10-10T09:48:18.208+0000] {dag.py:4180} INFO - Setting next_dagrun for example_branch_datetime_operator to 2025-10-09 00:00:00+00:00, run_after=2025-10-10 00:00:00+00:00
[2025-10-10T09:48:18.210+0000] {logging_mixin.py:190} INFO - [2025-10-10T09:48:18.210+0000] {dag.py:4180} INFO - Setting next_dagrun for example_branch_datetime_operator_2 to 2025-10-09 00:00:00+00:00, run_after=2025-10-10 00:00:00+00:00
[2025-10-10T09:48:18.210+0000] {logging_mixin.py:190} INFO - [2025-10-10T09:48:18.210+0000] {dag.py:4180} INFO - Setting next_dagrun for example_branch_datetime_operator_3 to 2025-10-09 00:00:00+00:00, run_after=2025-10-10 00:00:00+00:00
[2025-10-10T09:48:18.216+0000] {processor.py:208} INFO - Processing /home/airflow/.local/lib/python3.12/site-packages/airflow/example_dags/example_branch_datetime_operator.py took 0.040 seconds
[2025-10-10T09:48:48.464+0000] {processor.py:186} INFO - Started process (PID=679) to work on /home/airflow/.local/lib/python3.12/site-packages/airflow/example_dags/example_branch_datetime_operator.py
[2025-10-10T09:48:48.464+0000] {processor.py:914} INFO - Processing file /home/airflow/.local/lib/python3.12/site-packages/airflow/example_dags/example_branch_datetime_operator.py for tasks to queue
[2025-10-10T09:48:48.465+0000] {logging_mixin.py:190} INFO - [2025-10-10T09:48:48.465+0000] {dagbag.py:588} INFO - Filling up the DagBag from /home/airflow/.local/lib/python3.12/site-packages/airflow/example_dags/example_branch_datetime_operator.py
[2025-10-10T09:48:48.470+0000] {processor.py:925} INFO - DAG(s) 'example_branch_datetime_operator_2', 'example_branch_datetime_operator_3', 'example_branch_datetime_operator' retrieved from /home/airflow/.local/lib/python3.12/site-packages/airflow/example_dags/example_branch_datetime_operator.py
[2025-10-10T09:48:48.479+0000] {logging_mixin.py:190} INFO - [2025-10-10T09:48:48.479+0000] {dag.py:3239} INFO - Sync 3 DAGs
[2025-10-10T09:48:48.487+0000] {logging_mixin.py:190} INFO - [2025-10-10T09:48:48.487+0000] {dag.py:4180} INFO - Setting next_dagrun for example_branch_datetime_operator to 2025-10-09 00:00:00+00:00, run_after=2025-10-10 00:00:00+00:00
[2025-10-10T09:48:48.489+0000] {logging_mixin.py:190} INFO - [2025-10-10T09:48:48.489+0000] {dag.py:4180} INFO - Setting next_dagrun for example_branch_datetime_operator_2 to 2025-10-09 00:00:00+00:00, run_after=2025-10-10 00:00:00+00:00
[2025-10-10T09:48:48.491+0000] {logging_mixin.py:190} INFO - [2025-10-10T09:48:48.491+0000] {dag.py:4180} INFO - Setting next_dagrun for example_branch_datetime_operator_3 to 2025-10-09 00:00:00+00:00, run_after=2025-10-10 00:00:00+00:00
[2025-10-10T09:48:48.500+0000] {processor.py:208} INFO - Processing /home/airflow/.local/lib/python3.12/site-packages/airflow/example_dags/example_branch_datetime_operator.py took 0.039 seconds
