[2025-10-10T09:36:21.193+0000] {processor.py:186} INFO - Started process (PID=68) to work on /home/airflow/.local/lib/python3.12/site-packages/airflow/example_dags/example_inlet_event_extra.py
[2025-10-10T09:36:21.193+0000] {processor.py:914} INFO - Processing file /home/airflow/.local/lib/python3.12/site-packages/airflow/example_dags/example_inlet_event_extra.py for tasks to queue
[2025-10-10T09:36:21.194+0000] {logging_mixin.py:190} INFO - [2025-10-10T09:36:21.194+0000] {dagbag.py:588} INFO - Filling up the DagBag from /home/airflow/.local/lib/python3.12/site-packages/airflow/example_dags/example_inlet_event_extra.py
[2025-10-10T09:36:21.419+0000] {processor.py:925} INFO - DAG(s) 'read_dataset_event_from_classic', 'read_dataset_event' retrieved from /home/airflow/.local/lib/python3.12/site-packages/airflow/example_dags/example_inlet_event_extra.py
[2025-10-10T09:36:21.450+0000] {logging_mixin.py:190} INFO - [2025-10-10T09:36:21.450+0000] {override.py:1911} INFO - Created Permission View: can edit on DAG:read_dataset_event_from_classic
[2025-10-10T09:36:21.455+0000] {logging_mixin.py:190} INFO - [2025-10-10T09:36:21.455+0000] {override.py:1911} INFO - Created Permission View: can read on DAG:read_dataset_event_from_classic
[2025-10-10T09:36:21.457+0000] {logging_mixin.py:190} INFO - [2025-10-10T09:36:21.457+0000] {override.py:1911} INFO - Created Permission View: can delete on DAG:read_dataset_event_from_classic
[2025-10-10T09:36:21.459+0000] {logging_mixin.py:190} INFO - [2025-10-10T09:36:21.459+0000] {override.py:1911} INFO - Created Permission View: can read on DAG Run:read_dataset_event_from_classic
[2025-10-10T09:36:21.460+0000] {logging_mixin.py:190} INFO - [2025-10-10T09:36:21.460+0000] {override.py:1911} INFO - Created Permission View: menu access on DAG Run:read_dataset_event_from_classic
[2025-10-10T09:36:21.464+0000] {logging_mixin.py:190} INFO - [2025-10-10T09:36:21.463+0000] {override.py:1911} INFO - Created Permission View: can delete on DAG Run:read_dataset_event_from_classic
[2025-10-10T09:36:21.466+0000] {logging_mixin.py:190} INFO - [2025-10-10T09:36:21.466+0000] {override.py:1911} INFO - Created Permission View: can create on DAG Run:read_dataset_event_from_classic
[2025-10-10T09:36:21.469+0000] {logging_mixin.py:190} INFO - [2025-10-10T09:36:21.469+0000] {override.py:1911} INFO - Created Permission View: can edit on DAG:read_dataset_event
[2025-10-10T09:36:21.471+0000] {logging_mixin.py:190} INFO - [2025-10-10T09:36:21.470+0000] {override.py:1911} INFO - Created Permission View: can read on DAG:read_dataset_event
[2025-10-10T09:36:21.472+0000] {logging_mixin.py:190} INFO - [2025-10-10T09:36:21.472+0000] {override.py:1911} INFO - Created Permission View: can delete on DAG:read_dataset_event
[2025-10-10T09:36:21.473+0000] {logging_mixin.py:190} INFO - [2025-10-10T09:36:21.473+0000] {override.py:1911} INFO - Created Permission View: can read on DAG Run:read_dataset_event
[2025-10-10T09:36:21.474+0000] {logging_mixin.py:190} INFO - [2025-10-10T09:36:21.474+0000] {override.py:1911} INFO - Created Permission View: menu access on DAG Run:read_dataset_event
[2025-10-10T09:36:21.476+0000] {logging_mixin.py:190} INFO - [2025-10-10T09:36:21.475+0000] {override.py:1911} INFO - Created Permission View: can delete on DAG Run:read_dataset_event
[2025-10-10T09:36:21.477+0000] {logging_mixin.py:190} INFO - [2025-10-10T09:36:21.477+0000] {override.py:1911} INFO - Created Permission View: can create on DAG Run:read_dataset_event
[2025-10-10T09:36:21.477+0000] {logging_mixin.py:190} INFO - [2025-10-10T09:36:21.477+0000] {dag.py:3239} INFO - Sync 2 DAGs
[2025-10-10T09:36:21.481+0000] {logging_mixin.py:190} INFO - [2025-10-10T09:36:21.481+0000] {dag.py:3262} INFO - Creating ORM DAG for read_dataset_event_from_classic
[2025-10-10T09:36:21.481+0000] {logging_mixin.py:190} INFO - [2025-10-10T09:36:21.481+0000] {dag.py:3262} INFO - Creating ORM DAG for read_dataset_event
[2025-10-10T09:36:21.484+0000] {logging_mixin.py:190} INFO - [2025-10-10T09:36:21.484+0000] {dag.py:4180} INFO - Setting next_dagrun for read_dataset_event to 2025-10-09 00:00:00+00:00, run_after=2025-10-10 00:00:00+00:00
[2025-10-10T09:36:21.485+0000] {logging_mixin.py:190} INFO - [2025-10-10T09:36:21.485+0000] {dag.py:4180} INFO - Setting next_dagrun for read_dataset_event_from_classic to 2025-10-09 00:00:00+00:00, run_after=2025-10-10 00:00:00+00:00
[2025-10-10T09:36:21.490+0000] {processor.py:208} INFO - Processing /home/airflow/.local/lib/python3.12/site-packages/airflow/example_dags/example_inlet_event_extra.py took 0.299 seconds
[2025-10-10T09:36:52.318+0000] {processor.py:186} INFO - Started process (PID=131) to work on /home/airflow/.local/lib/python3.12/site-packages/airflow/example_dags/example_inlet_event_extra.py
[2025-10-10T09:36:52.320+0000] {processor.py:914} INFO - Processing file /home/airflow/.local/lib/python3.12/site-packages/airflow/example_dags/example_inlet_event_extra.py for tasks to queue
[2025-10-10T09:36:52.322+0000] {logging_mixin.py:190} INFO - [2025-10-10T09:36:52.322+0000] {dagbag.py:588} INFO - Filling up the DagBag from /home/airflow/.local/lib/python3.12/site-packages/airflow/example_dags/example_inlet_event_extra.py
[2025-10-10T09:36:52.593+0000] {processor.py:925} INFO - DAG(s) 'read_dataset_event', 'read_dataset_event_from_classic' retrieved from /home/airflow/.local/lib/python3.12/site-packages/airflow/example_dags/example_inlet_event_extra.py
[2025-10-10T09:36:52.603+0000] {logging_mixin.py:190} INFO - [2025-10-10T09:36:52.603+0000] {dag.py:3239} INFO - Sync 2 DAGs
[2025-10-10T09:36:52.613+0000] {logging_mixin.py:190} INFO - [2025-10-10T09:36:52.613+0000] {dag.py:4180} INFO - Setting next_dagrun for read_dataset_event to 2025-10-09 00:00:00+00:00, run_after=2025-10-10 00:00:00+00:00
[2025-10-10T09:36:52.614+0000] {logging_mixin.py:190} INFO - [2025-10-10T09:36:52.614+0000] {dag.py:4180} INFO - Setting next_dagrun for read_dataset_event_from_classic to 2025-10-09 00:00:00+00:00, run_after=2025-10-10 00:00:00+00:00
[2025-10-10T09:36:52.619+0000] {processor.py:208} INFO - Processing /home/airflow/.local/lib/python3.12/site-packages/airflow/example_dags/example_inlet_event_extra.py took 0.308 seconds
[2025-10-10T09:37:22.651+0000] {processor.py:186} INFO - Started process (PID=199) to work on /home/airflow/.local/lib/python3.12/site-packages/airflow/example_dags/example_inlet_event_extra.py
[2025-10-10T09:37:22.654+0000] {processor.py:914} INFO - Processing file /home/airflow/.local/lib/python3.12/site-packages/airflow/example_dags/example_inlet_event_extra.py for tasks to queue
[2025-10-10T09:37:22.655+0000] {logging_mixin.py:190} INFO - [2025-10-10T09:37:22.655+0000] {dagbag.py:588} INFO - Filling up the DagBag from /home/airflow/.local/lib/python3.12/site-packages/airflow/example_dags/example_inlet_event_extra.py
[2025-10-10T09:37:22.910+0000] {processor.py:925} INFO - DAG(s) 'read_dataset_event_from_classic', 'read_dataset_event' retrieved from /home/airflow/.local/lib/python3.12/site-packages/airflow/example_dags/example_inlet_event_extra.py
[2025-10-10T09:37:22.923+0000] {logging_mixin.py:190} INFO - [2025-10-10T09:37:22.923+0000] {dag.py:3239} INFO - Sync 2 DAGs
[2025-10-10T09:37:22.930+0000] {logging_mixin.py:190} INFO - [2025-10-10T09:37:22.930+0000] {dag.py:4180} INFO - Setting next_dagrun for read_dataset_event to 2025-10-09 00:00:00+00:00, run_after=2025-10-10 00:00:00+00:00
[2025-10-10T09:37:22.932+0000] {logging_mixin.py:190} INFO - [2025-10-10T09:37:22.932+0000] {dag.py:4180} INFO - Setting next_dagrun for read_dataset_event_from_classic to 2025-10-09 00:00:00+00:00, run_after=2025-10-10 00:00:00+00:00
[2025-10-10T09:37:22.940+0000] {processor.py:208} INFO - Processing /home/airflow/.local/lib/python3.12/site-packages/airflow/example_dags/example_inlet_event_extra.py took 0.291 seconds
[2025-10-10T09:37:52.977+0000] {processor.py:186} INFO - Started process (PID=267) to work on /home/airflow/.local/lib/python3.12/site-packages/airflow/example_dags/example_inlet_event_extra.py
[2025-10-10T09:37:52.977+0000] {processor.py:914} INFO - Processing file /home/airflow/.local/lib/python3.12/site-packages/airflow/example_dags/example_inlet_event_extra.py for tasks to queue
[2025-10-10T09:37:52.978+0000] {logging_mixin.py:190} INFO - [2025-10-10T09:37:52.978+0000] {dagbag.py:588} INFO - Filling up the DagBag from /home/airflow/.local/lib/python3.12/site-packages/airflow/example_dags/example_inlet_event_extra.py
[2025-10-10T09:37:53.181+0000] {processor.py:925} INFO - DAG(s) 'read_dataset_event_from_classic', 'read_dataset_event' retrieved from /home/airflow/.local/lib/python3.12/site-packages/airflow/example_dags/example_inlet_event_extra.py
[2025-10-10T09:37:53.186+0000] {logging_mixin.py:190} INFO - [2025-10-10T09:37:53.186+0000] {dag.py:3239} INFO - Sync 2 DAGs
[2025-10-10T09:37:53.193+0000] {logging_mixin.py:190} INFO - [2025-10-10T09:37:53.192+0000] {dag.py:4180} INFO - Setting next_dagrun for read_dataset_event to 2025-10-09 00:00:00+00:00, run_after=2025-10-10 00:00:00+00:00
[2025-10-10T09:37:53.194+0000] {logging_mixin.py:190} INFO - [2025-10-10T09:37:53.194+0000] {dag.py:4180} INFO - Setting next_dagrun for read_dataset_event_from_classic to 2025-10-09 00:00:00+00:00, run_after=2025-10-10 00:00:00+00:00
[2025-10-10T09:37:53.197+0000] {processor.py:208} INFO - Processing /home/airflow/.local/lib/python3.12/site-packages/airflow/example_dags/example_inlet_event_extra.py took 0.223 seconds
[2025-10-10T09:38:17.277+0000] {processor.py:186} INFO - Started process (PID=64) to work on /home/airflow/.local/lib/python3.12/site-packages/airflow/example_dags/example_inlet_event_extra.py
[2025-10-10T09:38:17.278+0000] {processor.py:914} INFO - Processing file /home/airflow/.local/lib/python3.12/site-packages/airflow/example_dags/example_inlet_event_extra.py for tasks to queue
[2025-10-10T09:38:17.279+0000] {logging_mixin.py:190} INFO - [2025-10-10T09:38:17.279+0000] {dagbag.py:588} INFO - Filling up the DagBag from /home/airflow/.local/lib/python3.12/site-packages/airflow/example_dags/example_inlet_event_extra.py
[2025-10-10T09:38:17.488+0000] {processor.py:925} INFO - DAG(s) 'read_dataset_event_from_classic', 'read_dataset_event' retrieved from /home/airflow/.local/lib/python3.12/site-packages/airflow/example_dags/example_inlet_event_extra.py
[2025-10-10T09:38:17.499+0000] {logging_mixin.py:190} INFO - [2025-10-10T09:38:17.499+0000] {dag.py:3239} INFO - Sync 2 DAGs
[2025-10-10T09:38:17.505+0000] {logging_mixin.py:190} INFO - [2025-10-10T09:38:17.505+0000] {dag.py:4180} INFO - Setting next_dagrun for read_dataset_event to 2025-10-09 00:00:00+00:00, run_after=2025-10-10 00:00:00+00:00
[2025-10-10T09:38:17.507+0000] {logging_mixin.py:190} INFO - [2025-10-10T09:38:17.507+0000] {dag.py:4180} INFO - Setting next_dagrun for read_dataset_event_from_classic to 2025-10-09 00:00:00+00:00, run_after=2025-10-10 00:00:00+00:00
[2025-10-10T09:38:17.511+0000] {processor.py:208} INFO - Processing /home/airflow/.local/lib/python3.12/site-packages/airflow/example_dags/example_inlet_event_extra.py took 0.236 seconds
[2025-10-10T09:38:48.379+0000] {processor.py:186} INFO - Started process (PID=128) to work on /home/airflow/.local/lib/python3.12/site-packages/airflow/example_dags/example_inlet_event_extra.py
[2025-10-10T09:38:48.381+0000] {processor.py:914} INFO - Processing file /home/airflow/.local/lib/python3.12/site-packages/airflow/example_dags/example_inlet_event_extra.py for tasks to queue
[2025-10-10T09:38:48.382+0000] {logging_mixin.py:190} INFO - [2025-10-10T09:38:48.382+0000] {dagbag.py:588} INFO - Filling up the DagBag from /home/airflow/.local/lib/python3.12/site-packages/airflow/example_dags/example_inlet_event_extra.py
[2025-10-10T09:38:48.594+0000] {processor.py:925} INFO - DAG(s) 'read_dataset_event_from_classic', 'read_dataset_event' retrieved from /home/airflow/.local/lib/python3.12/site-packages/airflow/example_dags/example_inlet_event_extra.py
[2025-10-10T09:38:48.604+0000] {logging_mixin.py:190} INFO - [2025-10-10T09:38:48.604+0000] {dag.py:3239} INFO - Sync 2 DAGs
[2025-10-10T09:38:48.611+0000] {logging_mixin.py:190} INFO - [2025-10-10T09:38:48.611+0000] {dag.py:4180} INFO - Setting next_dagrun for read_dataset_event to 2025-10-09 00:00:00+00:00, run_after=2025-10-10 00:00:00+00:00
[2025-10-10T09:38:48.612+0000] {logging_mixin.py:190} INFO - [2025-10-10T09:38:48.612+0000] {dag.py:4180} INFO - Setting next_dagrun for read_dataset_event_from_classic to 2025-10-09 00:00:00+00:00, run_after=2025-10-10 00:00:00+00:00
[2025-10-10T09:38:48.617+0000] {processor.py:208} INFO - Processing /home/airflow/.local/lib/python3.12/site-packages/airflow/example_dags/example_inlet_event_extra.py took 0.240 seconds
[2025-10-10T09:39:19.535+0000] {processor.py:186} INFO - Started process (PID=192) to work on /home/airflow/.local/lib/python3.12/site-packages/airflow/example_dags/example_inlet_event_extra.py
[2025-10-10T09:39:19.535+0000] {processor.py:914} INFO - Processing file /home/airflow/.local/lib/python3.12/site-packages/airflow/example_dags/example_inlet_event_extra.py for tasks to queue
[2025-10-10T09:39:19.536+0000] {logging_mixin.py:190} INFO - [2025-10-10T09:39:19.536+0000] {dagbag.py:588} INFO - Filling up the DagBag from /home/airflow/.local/lib/python3.12/site-packages/airflow/example_dags/example_inlet_event_extra.py
[2025-10-10T09:39:19.743+0000] {processor.py:925} INFO - DAG(s) 'read_dataset_event', 'read_dataset_event_from_classic' retrieved from /home/airflow/.local/lib/python3.12/site-packages/airflow/example_dags/example_inlet_event_extra.py
[2025-10-10T09:39:19.754+0000] {logging_mixin.py:190} INFO - [2025-10-10T09:39:19.753+0000] {dag.py:3239} INFO - Sync 2 DAGs
[2025-10-10T09:39:19.764+0000] {logging_mixin.py:190} INFO - [2025-10-10T09:39:19.764+0000] {dag.py:4180} INFO - Setting next_dagrun for read_dataset_event to 2025-10-09 00:00:00+00:00, run_after=2025-10-10 00:00:00+00:00
[2025-10-10T09:39:19.766+0000] {logging_mixin.py:190} INFO - [2025-10-10T09:39:19.766+0000] {dag.py:4180} INFO - Setting next_dagrun for read_dataset_event_from_classic to 2025-10-09 00:00:00+00:00, run_after=2025-10-10 00:00:00+00:00
[2025-10-10T09:39:19.775+0000] {processor.py:208} INFO - Processing /home/airflow/.local/lib/python3.12/site-packages/airflow/example_dags/example_inlet_event_extra.py took 0.242 seconds
[2025-10-10T09:39:50.635+0000] {processor.py:186} INFO - Started process (PID=256) to work on /home/airflow/.local/lib/python3.12/site-packages/airflow/example_dags/example_inlet_event_extra.py
[2025-10-10T09:39:50.635+0000] {processor.py:914} INFO - Processing file /home/airflow/.local/lib/python3.12/site-packages/airflow/example_dags/example_inlet_event_extra.py for tasks to queue
[2025-10-10T09:39:50.636+0000] {logging_mixin.py:190} INFO - [2025-10-10T09:39:50.636+0000] {dagbag.py:588} INFO - Filling up the DagBag from /home/airflow/.local/lib/python3.12/site-packages/airflow/example_dags/example_inlet_event_extra.py
[2025-10-10T09:39:50.847+0000] {processor.py:925} INFO - DAG(s) 'read_dataset_event_from_classic', 'read_dataset_event' retrieved from /home/airflow/.local/lib/python3.12/site-packages/airflow/example_dags/example_inlet_event_extra.py
[2025-10-10T09:39:50.853+0000] {logging_mixin.py:190} INFO - [2025-10-10T09:39:50.853+0000] {dag.py:3239} INFO - Sync 2 DAGs
[2025-10-10T09:39:50.861+0000] {logging_mixin.py:190} INFO - [2025-10-10T09:39:50.861+0000] {dag.py:4180} INFO - Setting next_dagrun for read_dataset_event to 2025-10-09 00:00:00+00:00, run_after=2025-10-10 00:00:00+00:00
[2025-10-10T09:39:50.863+0000] {logging_mixin.py:190} INFO - [2025-10-10T09:39:50.863+0000] {dag.py:4180} INFO - Setting next_dagrun for read_dataset_event_from_classic to 2025-10-09 00:00:00+00:00, run_after=2025-10-10 00:00:00+00:00
[2025-10-10T09:39:50.871+0000] {processor.py:208} INFO - Processing /home/airflow/.local/lib/python3.12/site-packages/airflow/example_dags/example_inlet_event_extra.py took 0.239 seconds
[2025-10-10T09:40:21.893+0000] {processor.py:186} INFO - Started process (PID=320) to work on /home/airflow/.local/lib/python3.12/site-packages/airflow/example_dags/example_inlet_event_extra.py
[2025-10-10T09:40:21.893+0000] {processor.py:914} INFO - Processing file /home/airflow/.local/lib/python3.12/site-packages/airflow/example_dags/example_inlet_event_extra.py for tasks to queue
[2025-10-10T09:40:21.894+0000] {logging_mixin.py:190} INFO - [2025-10-10T09:40:21.894+0000] {dagbag.py:588} INFO - Filling up the DagBag from /home/airflow/.local/lib/python3.12/site-packages/airflow/example_dags/example_inlet_event_extra.py
[2025-10-10T09:40:22.091+0000] {processor.py:925} INFO - DAG(s) 'read_dataset_event_from_classic', 'read_dataset_event' retrieved from /home/airflow/.local/lib/python3.12/site-packages/airflow/example_dags/example_inlet_event_extra.py
[2025-10-10T09:40:22.098+0000] {logging_mixin.py:190} INFO - [2025-10-10T09:40:22.098+0000] {dag.py:3239} INFO - Sync 2 DAGs
[2025-10-10T09:40:22.105+0000] {logging_mixin.py:190} INFO - [2025-10-10T09:40:22.105+0000] {dag.py:4180} INFO - Setting next_dagrun for read_dataset_event to 2025-10-09 00:00:00+00:00, run_after=2025-10-10 00:00:00+00:00
[2025-10-10T09:40:22.107+0000] {logging_mixin.py:190} INFO - [2025-10-10T09:40:22.107+0000] {dag.py:4180} INFO - Setting next_dagrun for read_dataset_event_from_classic to 2025-10-09 00:00:00+00:00, run_after=2025-10-10 00:00:00+00:00
[2025-10-10T09:40:22.112+0000] {processor.py:208} INFO - Processing /home/airflow/.local/lib/python3.12/site-packages/airflow/example_dags/example_inlet_event_extra.py took 0.221 seconds
[2025-10-10T09:40:53.097+0000] {processor.py:186} INFO - Started process (PID=384) to work on /home/airflow/.local/lib/python3.12/site-packages/airflow/example_dags/example_inlet_event_extra.py
[2025-10-10T09:40:53.098+0000] {processor.py:914} INFO - Processing file /home/airflow/.local/lib/python3.12/site-packages/airflow/example_dags/example_inlet_event_extra.py for tasks to queue
[2025-10-10T09:40:53.099+0000] {logging_mixin.py:190} INFO - [2025-10-10T09:40:53.099+0000] {dagbag.py:588} INFO - Filling up the DagBag from /home/airflow/.local/lib/python3.12/site-packages/airflow/example_dags/example_inlet_event_extra.py
[2025-10-10T09:40:53.303+0000] {processor.py:925} INFO - DAG(s) 'read_dataset_event', 'read_dataset_event_from_classic' retrieved from /home/airflow/.local/lib/python3.12/site-packages/airflow/example_dags/example_inlet_event_extra.py
[2025-10-10T09:40:53.314+0000] {logging_mixin.py:190} INFO - [2025-10-10T09:40:53.314+0000] {dag.py:3239} INFO - Sync 2 DAGs
[2025-10-10T09:40:53.323+0000] {logging_mixin.py:190} INFO - [2025-10-10T09:40:53.323+0000] {dag.py:4180} INFO - Setting next_dagrun for read_dataset_event to 2025-10-09 00:00:00+00:00, run_after=2025-10-10 00:00:00+00:00
[2025-10-10T09:40:53.325+0000] {logging_mixin.py:190} INFO - [2025-10-10T09:40:53.325+0000] {dag.py:4180} INFO - Setting next_dagrun for read_dataset_event_from_classic to 2025-10-09 00:00:00+00:00, run_after=2025-10-10 00:00:00+00:00
[2025-10-10T09:40:53.329+0000] {processor.py:208} INFO - Processing /home/airflow/.local/lib/python3.12/site-packages/airflow/example_dags/example_inlet_event_extra.py took 0.233 seconds
[2025-10-10T09:41:24.268+0000] {processor.py:186} INFO - Started process (PID=448) to work on /home/airflow/.local/lib/python3.12/site-packages/airflow/example_dags/example_inlet_event_extra.py
[2025-10-10T09:41:24.269+0000] {processor.py:914} INFO - Processing file /home/airflow/.local/lib/python3.12/site-packages/airflow/example_dags/example_inlet_event_extra.py for tasks to queue
[2025-10-10T09:41:24.270+0000] {logging_mixin.py:190} INFO - [2025-10-10T09:41:24.270+0000] {dagbag.py:588} INFO - Filling up the DagBag from /home/airflow/.local/lib/python3.12/site-packages/airflow/example_dags/example_inlet_event_extra.py
[2025-10-10T09:41:24.474+0000] {processor.py:925} INFO - DAG(s) 'read_dataset_event_from_classic', 'read_dataset_event' retrieved from /home/airflow/.local/lib/python3.12/site-packages/airflow/example_dags/example_inlet_event_extra.py
[2025-10-10T09:41:24.483+0000] {logging_mixin.py:190} INFO - [2025-10-10T09:41:24.483+0000] {dag.py:3239} INFO - Sync 2 DAGs
[2025-10-10T09:41:24.491+0000] {logging_mixin.py:190} INFO - [2025-10-10T09:41:24.490+0000] {dag.py:4180} INFO - Setting next_dagrun for read_dataset_event to 2025-10-09 00:00:00+00:00, run_after=2025-10-10 00:00:00+00:00
[2025-10-10T09:41:24.492+0000] {logging_mixin.py:190} INFO - [2025-10-10T09:41:24.492+0000] {dag.py:4180} INFO - Setting next_dagrun for read_dataset_event_from_classic to 2025-10-09 00:00:00+00:00, run_after=2025-10-10 00:00:00+00:00
[2025-10-10T09:41:24.496+0000] {processor.py:208} INFO - Processing /home/airflow/.local/lib/python3.12/site-packages/airflow/example_dags/example_inlet_event_extra.py took 0.230 seconds
[2025-10-10T09:41:55.449+0000] {processor.py:186} INFO - Started process (PID=512) to work on /home/airflow/.local/lib/python3.12/site-packages/airflow/example_dags/example_inlet_event_extra.py
[2025-10-10T09:41:55.449+0000] {processor.py:914} INFO - Processing file /home/airflow/.local/lib/python3.12/site-packages/airflow/example_dags/example_inlet_event_extra.py for tasks to queue
[2025-10-10T09:41:55.451+0000] {logging_mixin.py:190} INFO - [2025-10-10T09:41:55.450+0000] {dagbag.py:588} INFO - Filling up the DagBag from /home/airflow/.local/lib/python3.12/site-packages/airflow/example_dags/example_inlet_event_extra.py
[2025-10-10T09:41:55.668+0000] {processor.py:925} INFO - DAG(s) 'read_dataset_event', 'read_dataset_event_from_classic' retrieved from /home/airflow/.local/lib/python3.12/site-packages/airflow/example_dags/example_inlet_event_extra.py
[2025-10-10T09:41:55.676+0000] {logging_mixin.py:190} INFO - [2025-10-10T09:41:55.676+0000] {dag.py:3239} INFO - Sync 2 DAGs
[2025-10-10T09:41:55.683+0000] {logging_mixin.py:190} INFO - [2025-10-10T09:41:55.683+0000] {dag.py:4180} INFO - Setting next_dagrun for read_dataset_event to 2025-10-09 00:00:00+00:00, run_after=2025-10-10 00:00:00+00:00
[2025-10-10T09:41:55.686+0000] {logging_mixin.py:190} INFO - [2025-10-10T09:41:55.686+0000] {dag.py:4180} INFO - Setting next_dagrun for read_dataset_event_from_classic to 2025-10-09 00:00:00+00:00, run_after=2025-10-10 00:00:00+00:00
[2025-10-10T09:41:55.696+0000] {processor.py:208} INFO - Processing /home/airflow/.local/lib/python3.12/site-packages/airflow/example_dags/example_inlet_event_extra.py took 0.249 seconds
[2025-10-10T09:42:26.563+0000] {processor.py:186} INFO - Started process (PID=576) to work on /home/airflow/.local/lib/python3.12/site-packages/airflow/example_dags/example_inlet_event_extra.py
[2025-10-10T09:42:26.563+0000] {processor.py:914} INFO - Processing file /home/airflow/.local/lib/python3.12/site-packages/airflow/example_dags/example_inlet_event_extra.py for tasks to queue
[2025-10-10T09:42:26.564+0000] {logging_mixin.py:190} INFO - [2025-10-10T09:42:26.564+0000] {dagbag.py:588} INFO - Filling up the DagBag from /home/airflow/.local/lib/python3.12/site-packages/airflow/example_dags/example_inlet_event_extra.py
[2025-10-10T09:42:26.770+0000] {processor.py:925} INFO - DAG(s) 'read_dataset_event', 'read_dataset_event_from_classic' retrieved from /home/airflow/.local/lib/python3.12/site-packages/airflow/example_dags/example_inlet_event_extra.py
[2025-10-10T09:42:26.777+0000] {logging_mixin.py:190} INFO - [2025-10-10T09:42:26.777+0000] {dag.py:3239} INFO - Sync 2 DAGs
[2025-10-10T09:42:26.785+0000] {logging_mixin.py:190} INFO - [2025-10-10T09:42:26.785+0000] {dag.py:4180} INFO - Setting next_dagrun for read_dataset_event to 2025-10-09 00:00:00+00:00, run_after=2025-10-10 00:00:00+00:00
[2025-10-10T09:42:26.786+0000] {logging_mixin.py:190} INFO - [2025-10-10T09:42:26.786+0000] {dag.py:4180} INFO - Setting next_dagrun for read_dataset_event_from_classic to 2025-10-09 00:00:00+00:00, run_after=2025-10-10 00:00:00+00:00
[2025-10-10T09:42:26.792+0000] {processor.py:208} INFO - Processing /home/airflow/.local/lib/python3.12/site-packages/airflow/example_dags/example_inlet_event_extra.py took 0.231 seconds
[2025-10-10T09:42:57.816+0000] {processor.py:186} INFO - Started process (PID=640) to work on /home/airflow/.local/lib/python3.12/site-packages/airflow/example_dags/example_inlet_event_extra.py
[2025-10-10T09:42:57.817+0000] {processor.py:914} INFO - Processing file /home/airflow/.local/lib/python3.12/site-packages/airflow/example_dags/example_inlet_event_extra.py for tasks to queue
[2025-10-10T09:42:57.817+0000] {logging_mixin.py:190} INFO - [2025-10-10T09:42:57.817+0000] {dagbag.py:588} INFO - Filling up the DagBag from /home/airflow/.local/lib/python3.12/site-packages/airflow/example_dags/example_inlet_event_extra.py
[2025-10-10T09:42:58.034+0000] {processor.py:925} INFO - DAG(s) 'read_dataset_event_from_classic', 'read_dataset_event' retrieved from /home/airflow/.local/lib/python3.12/site-packages/airflow/example_dags/example_inlet_event_extra.py
[2025-10-10T09:42:58.041+0000] {logging_mixin.py:190} INFO - [2025-10-10T09:42:58.041+0000] {dag.py:3239} INFO - Sync 2 DAGs
[2025-10-10T09:42:58.049+0000] {logging_mixin.py:190} INFO - [2025-10-10T09:42:58.048+0000] {dag.py:4180} INFO - Setting next_dagrun for read_dataset_event to 2025-10-09 00:00:00+00:00, run_after=2025-10-10 00:00:00+00:00
[2025-10-10T09:42:58.053+0000] {logging_mixin.py:190} INFO - [2025-10-10T09:42:58.053+0000] {dag.py:4180} INFO - Setting next_dagrun for read_dataset_event_from_classic to 2025-10-09 00:00:00+00:00, run_after=2025-10-10 00:00:00+00:00
[2025-10-10T09:42:58.060+0000] {processor.py:208} INFO - Processing /home/airflow/.local/lib/python3.12/site-packages/airflow/example_dags/example_inlet_event_extra.py took 0.246 seconds
[2025-10-10T09:43:28.915+0000] {processor.py:186} INFO - Started process (PID=704) to work on /home/airflow/.local/lib/python3.12/site-packages/airflow/example_dags/example_inlet_event_extra.py
[2025-10-10T09:43:28.915+0000] {processor.py:914} INFO - Processing file /home/airflow/.local/lib/python3.12/site-packages/airflow/example_dags/example_inlet_event_extra.py for tasks to queue
[2025-10-10T09:43:28.916+0000] {logging_mixin.py:190} INFO - [2025-10-10T09:43:28.916+0000] {dagbag.py:588} INFO - Filling up the DagBag from /home/airflow/.local/lib/python3.12/site-packages/airflow/example_dags/example_inlet_event_extra.py
[2025-10-10T09:43:29.122+0000] {processor.py:925} INFO - DAG(s) 'read_dataset_event', 'read_dataset_event_from_classic' retrieved from /home/airflow/.local/lib/python3.12/site-packages/airflow/example_dags/example_inlet_event_extra.py
[2025-10-10T09:43:29.131+0000] {logging_mixin.py:190} INFO - [2025-10-10T09:43:29.131+0000] {dag.py:3239} INFO - Sync 2 DAGs
[2025-10-10T09:43:29.139+0000] {logging_mixin.py:190} INFO - [2025-10-10T09:43:29.139+0000] {dag.py:4180} INFO - Setting next_dagrun for read_dataset_event to 2025-10-09 00:00:00+00:00, run_after=2025-10-10 00:00:00+00:00
[2025-10-10T09:43:29.141+0000] {logging_mixin.py:190} INFO - [2025-10-10T09:43:29.141+0000] {dag.py:4180} INFO - Setting next_dagrun for read_dataset_event_from_classic to 2025-10-09 00:00:00+00:00, run_after=2025-10-10 00:00:00+00:00
[2025-10-10T09:43:29.146+0000] {processor.py:208} INFO - Processing /home/airflow/.local/lib/python3.12/site-packages/airflow/example_dags/example_inlet_event_extra.py took 0.233 seconds
[2025-10-10T09:44:09.489+0000] {processor.py:186} INFO - Started process (PID=71) to work on /home/airflow/.local/lib/python3.12/site-packages/airflow/example_dags/example_inlet_event_extra.py
[2025-10-10T09:44:09.490+0000] {processor.py:914} INFO - Processing file /home/airflow/.local/lib/python3.12/site-packages/airflow/example_dags/example_inlet_event_extra.py for tasks to queue
[2025-10-10T09:44:09.491+0000] {logging_mixin.py:190} INFO - [2025-10-10T09:44:09.491+0000] {dagbag.py:588} INFO - Filling up the DagBag from /home/airflow/.local/lib/python3.12/site-packages/airflow/example_dags/example_inlet_event_extra.py
[2025-10-10T09:44:09.724+0000] {processor.py:925} INFO - DAG(s) 'read_dataset_event', 'read_dataset_event_from_classic' retrieved from /home/airflow/.local/lib/python3.12/site-packages/airflow/example_dags/example_inlet_event_extra.py
[2025-10-10T09:44:09.737+0000] {logging_mixin.py:190} INFO - [2025-10-10T09:44:09.737+0000] {dag.py:3239} INFO - Sync 2 DAGs
[2025-10-10T09:44:09.745+0000] {logging_mixin.py:190} INFO - [2025-10-10T09:44:09.745+0000] {dag.py:4180} INFO - Setting next_dagrun for read_dataset_event to 2025-10-09 00:00:00+00:00, run_after=2025-10-10 00:00:00+00:00
[2025-10-10T09:44:09.747+0000] {logging_mixin.py:190} INFO - [2025-10-10T09:44:09.746+0000] {dag.py:4180} INFO - Setting next_dagrun for read_dataset_event_from_classic to 2025-10-09 00:00:00+00:00, run_after=2025-10-10 00:00:00+00:00
[2025-10-10T09:44:09.752+0000] {processor.py:208} INFO - Processing /home/airflow/.local/lib/python3.12/site-packages/airflow/example_dags/example_inlet_event_extra.py took 0.265 seconds
[2025-10-10T09:44:39.828+0000] {processor.py:186} INFO - Started process (PID=140) to work on /home/airflow/.local/lib/python3.12/site-packages/airflow/example_dags/example_inlet_event_extra.py
[2025-10-10T09:44:39.829+0000] {processor.py:914} INFO - Processing file /home/airflow/.local/lib/python3.12/site-packages/airflow/example_dags/example_inlet_event_extra.py for tasks to queue
[2025-10-10T09:44:39.830+0000] {logging_mixin.py:190} INFO - [2025-10-10T09:44:39.829+0000] {dagbag.py:588} INFO - Filling up the DagBag from /home/airflow/.local/lib/python3.12/site-packages/airflow/example_dags/example_inlet_event_extra.py
[2025-10-10T09:44:40.040+0000] {processor.py:925} INFO - DAG(s) 'read_dataset_event', 'read_dataset_event_from_classic' retrieved from /home/airflow/.local/lib/python3.12/site-packages/airflow/example_dags/example_inlet_event_extra.py
[2025-10-10T09:44:40.046+0000] {logging_mixin.py:190} INFO - [2025-10-10T09:44:40.046+0000] {dag.py:3239} INFO - Sync 2 DAGs
[2025-10-10T09:44:40.053+0000] {logging_mixin.py:190} INFO - [2025-10-10T09:44:40.053+0000] {dag.py:4180} INFO - Setting next_dagrun for read_dataset_event to 2025-10-09 00:00:00+00:00, run_after=2025-10-10 00:00:00+00:00
[2025-10-10T09:44:40.055+0000] {logging_mixin.py:190} INFO - [2025-10-10T09:44:40.055+0000] {dag.py:4180} INFO - Setting next_dagrun for read_dataset_event_from_classic to 2025-10-09 00:00:00+00:00, run_after=2025-10-10 00:00:00+00:00
[2025-10-10T09:44:40.060+0000] {processor.py:208} INFO - Processing /home/airflow/.local/lib/python3.12/site-packages/airflow/example_dags/example_inlet_event_extra.py took 0.234 seconds
[2025-10-10T09:45:11.026+0000] {processor.py:186} INFO - Started process (PID=209) to work on /home/airflow/.local/lib/python3.12/site-packages/airflow/example_dags/example_inlet_event_extra.py
[2025-10-10T09:45:11.026+0000] {processor.py:914} INFO - Processing file /home/airflow/.local/lib/python3.12/site-packages/airflow/example_dags/example_inlet_event_extra.py for tasks to queue
[2025-10-10T09:45:11.027+0000] {logging_mixin.py:190} INFO - [2025-10-10T09:45:11.027+0000] {dagbag.py:588} INFO - Filling up the DagBag from /home/airflow/.local/lib/python3.12/site-packages/airflow/example_dags/example_inlet_event_extra.py
[2025-10-10T09:45:11.236+0000] {processor.py:925} INFO - DAG(s) 'read_dataset_event_from_classic', 'read_dataset_event' retrieved from /home/airflow/.local/lib/python3.12/site-packages/airflow/example_dags/example_inlet_event_extra.py
[2025-10-10T09:45:11.242+0000] {logging_mixin.py:190} INFO - [2025-10-10T09:45:11.242+0000] {dag.py:3239} INFO - Sync 2 DAGs
[2025-10-10T09:45:11.248+0000] {logging_mixin.py:190} INFO - [2025-10-10T09:45:11.248+0000] {dag.py:4180} INFO - Setting next_dagrun for read_dataset_event to 2025-10-09 00:00:00+00:00, run_after=2025-10-10 00:00:00+00:00
[2025-10-10T09:45:11.249+0000] {logging_mixin.py:190} INFO - [2025-10-10T09:45:11.249+0000] {dag.py:4180} INFO - Setting next_dagrun for read_dataset_event_from_classic to 2025-10-09 00:00:00+00:00, run_after=2025-10-10 00:00:00+00:00
[2025-10-10T09:45:11.253+0000] {processor.py:208} INFO - Processing /home/airflow/.local/lib/python3.12/site-packages/airflow/example_dags/example_inlet_event_extra.py took 0.229 seconds
[2025-10-10T09:45:42.037+0000] {processor.py:186} INFO - Started process (PID=283) to work on /home/airflow/.local/lib/python3.12/site-packages/airflow/example_dags/example_inlet_event_extra.py
[2025-10-10T09:45:42.038+0000] {processor.py:914} INFO - Processing file /home/airflow/.local/lib/python3.12/site-packages/airflow/example_dags/example_inlet_event_extra.py for tasks to queue
[2025-10-10T09:45:42.039+0000] {logging_mixin.py:190} INFO - [2025-10-10T09:45:42.039+0000] {dagbag.py:588} INFO - Filling up the DagBag from /home/airflow/.local/lib/python3.12/site-packages/airflow/example_dags/example_inlet_event_extra.py
[2025-10-10T09:45:42.232+0000] {processor.py:925} INFO - DAG(s) 'read_dataset_event_from_classic', 'read_dataset_event' retrieved from /home/airflow/.local/lib/python3.12/site-packages/airflow/example_dags/example_inlet_event_extra.py
[2025-10-10T09:45:42.240+0000] {logging_mixin.py:190} INFO - [2025-10-10T09:45:42.240+0000] {dag.py:3239} INFO - Sync 2 DAGs
[2025-10-10T09:45:42.248+0000] {logging_mixin.py:190} INFO - [2025-10-10T09:45:42.248+0000] {dag.py:4180} INFO - Setting next_dagrun for read_dataset_event to 2025-10-09 00:00:00+00:00, run_after=2025-10-10 00:00:00+00:00
[2025-10-10T09:45:42.249+0000] {logging_mixin.py:190} INFO - [2025-10-10T09:45:42.249+0000] {dag.py:4180} INFO - Setting next_dagrun for read_dataset_event_from_classic to 2025-10-09 00:00:00+00:00, run_after=2025-10-10 00:00:00+00:00
[2025-10-10T09:45:42.254+0000] {processor.py:208} INFO - Processing /home/airflow/.local/lib/python3.12/site-packages/airflow/example_dags/example_inlet_event_extra.py took 0.219 seconds
[2025-10-10T09:46:13.127+0000] {processor.py:186} INFO - Started process (PID=348) to work on /home/airflow/.local/lib/python3.12/site-packages/airflow/example_dags/example_inlet_event_extra.py
[2025-10-10T09:46:13.129+0000] {processor.py:914} INFO - Processing file /home/airflow/.local/lib/python3.12/site-packages/airflow/example_dags/example_inlet_event_extra.py for tasks to queue
[2025-10-10T09:46:13.130+0000] {logging_mixin.py:190} INFO - [2025-10-10T09:46:13.130+0000] {dagbag.py:588} INFO - Filling up the DagBag from /home/airflow/.local/lib/python3.12/site-packages/airflow/example_dags/example_inlet_event_extra.py
[2025-10-10T09:46:13.333+0000] {processor.py:925} INFO - DAG(s) 'read_dataset_event', 'read_dataset_event_from_classic' retrieved from /home/airflow/.local/lib/python3.12/site-packages/airflow/example_dags/example_inlet_event_extra.py
[2025-10-10T09:46:13.340+0000] {logging_mixin.py:190} INFO - [2025-10-10T09:46:13.340+0000] {dag.py:3239} INFO - Sync 2 DAGs
[2025-10-10T09:46:13.346+0000] {logging_mixin.py:190} INFO - [2025-10-10T09:46:13.346+0000] {dag.py:4180} INFO - Setting next_dagrun for read_dataset_event to 2025-10-09 00:00:00+00:00, run_after=2025-10-10 00:00:00+00:00
[2025-10-10T09:46:13.347+0000] {logging_mixin.py:190} INFO - [2025-10-10T09:46:13.347+0000] {dag.py:4180} INFO - Setting next_dagrun for read_dataset_event_from_classic to 2025-10-09 00:00:00+00:00, run_after=2025-10-10 00:00:00+00:00
[2025-10-10T09:46:13.351+0000] {processor.py:208} INFO - Processing /home/airflow/.local/lib/python3.12/site-packages/airflow/example_dags/example_inlet_event_extra.py took 0.227 seconds
[2025-10-10T09:46:44.200+0000] {processor.py:186} INFO - Started process (PID=414) to work on /home/airflow/.local/lib/python3.12/site-packages/airflow/example_dags/example_inlet_event_extra.py
[2025-10-10T09:46:44.200+0000] {processor.py:914} INFO - Processing file /home/airflow/.local/lib/python3.12/site-packages/airflow/example_dags/example_inlet_event_extra.py for tasks to queue
[2025-10-10T09:46:44.201+0000] {logging_mixin.py:190} INFO - [2025-10-10T09:46:44.201+0000] {dagbag.py:588} INFO - Filling up the DagBag from /home/airflow/.local/lib/python3.12/site-packages/airflow/example_dags/example_inlet_event_extra.py
[2025-10-10T09:46:44.395+0000] {processor.py:925} INFO - DAG(s) 'read_dataset_event', 'read_dataset_event_from_classic' retrieved from /home/airflow/.local/lib/python3.12/site-packages/airflow/example_dags/example_inlet_event_extra.py
[2025-10-10T09:46:44.401+0000] {logging_mixin.py:190} INFO - [2025-10-10T09:46:44.401+0000] {dag.py:3239} INFO - Sync 2 DAGs
[2025-10-10T09:46:44.407+0000] {logging_mixin.py:190} INFO - [2025-10-10T09:46:44.407+0000] {dag.py:4180} INFO - Setting next_dagrun for read_dataset_event to 2025-10-09 00:00:00+00:00, run_after=2025-10-10 00:00:00+00:00
[2025-10-10T09:46:44.409+0000] {logging_mixin.py:190} INFO - [2025-10-10T09:46:44.409+0000] {dag.py:4180} INFO - Setting next_dagrun for read_dataset_event_from_classic to 2025-10-09 00:00:00+00:00, run_after=2025-10-10 00:00:00+00:00
[2025-10-10T09:46:44.413+0000] {processor.py:208} INFO - Processing /home/airflow/.local/lib/python3.12/site-packages/airflow/example_dags/example_inlet_event_extra.py took 0.215 seconds
[2025-10-10T09:47:15.227+0000] {processor.py:186} INFO - Started process (PID=477) to work on /home/airflow/.local/lib/python3.12/site-packages/airflow/example_dags/example_inlet_event_extra.py
[2025-10-10T09:47:15.227+0000] {processor.py:914} INFO - Processing file /home/airflow/.local/lib/python3.12/site-packages/airflow/example_dags/example_inlet_event_extra.py for tasks to queue
[2025-10-10T09:47:15.228+0000] {logging_mixin.py:190} INFO - [2025-10-10T09:47:15.228+0000] {dagbag.py:588} INFO - Filling up the DagBag from /home/airflow/.local/lib/python3.12/site-packages/airflow/example_dags/example_inlet_event_extra.py
[2025-10-10T09:47:15.432+0000] {processor.py:925} INFO - DAG(s) 'read_dataset_event', 'read_dataset_event_from_classic' retrieved from /home/airflow/.local/lib/python3.12/site-packages/airflow/example_dags/example_inlet_event_extra.py
[2025-10-10T09:47:15.438+0000] {logging_mixin.py:190} INFO - [2025-10-10T09:47:15.438+0000] {dag.py:3239} INFO - Sync 2 DAGs
[2025-10-10T09:47:15.445+0000] {logging_mixin.py:190} INFO - [2025-10-10T09:47:15.445+0000] {dag.py:4180} INFO - Setting next_dagrun for read_dataset_event to 2025-10-09 00:00:00+00:00, run_after=2025-10-10 00:00:00+00:00
[2025-10-10T09:47:15.446+0000] {logging_mixin.py:190} INFO - [2025-10-10T09:47:15.446+0000] {dag.py:4180} INFO - Setting next_dagrun for read_dataset_event_from_classic to 2025-10-09 00:00:00+00:00, run_after=2025-10-10 00:00:00+00:00
[2025-10-10T09:47:15.450+0000] {processor.py:208} INFO - Processing /home/airflow/.local/lib/python3.12/site-packages/airflow/example_dags/example_inlet_event_extra.py took 0.225 seconds
[2025-10-10T09:47:46.303+0000] {processor.py:186} INFO - Started process (PID=542) to work on /home/airflow/.local/lib/python3.12/site-packages/airflow/example_dags/example_inlet_event_extra.py
[2025-10-10T09:47:46.304+0000] {processor.py:914} INFO - Processing file /home/airflow/.local/lib/python3.12/site-packages/airflow/example_dags/example_inlet_event_extra.py for tasks to queue
[2025-10-10T09:47:46.304+0000] {logging_mixin.py:190} INFO - [2025-10-10T09:47:46.304+0000] {dagbag.py:588} INFO - Filling up the DagBag from /home/airflow/.local/lib/python3.12/site-packages/airflow/example_dags/example_inlet_event_extra.py
[2025-10-10T09:47:46.477+0000] {processor.py:925} INFO - DAG(s) 'read_dataset_event', 'read_dataset_event_from_classic' retrieved from /home/airflow/.local/lib/python3.12/site-packages/airflow/example_dags/example_inlet_event_extra.py
[2025-10-10T09:47:46.482+0000] {logging_mixin.py:190} INFO - [2025-10-10T09:47:46.482+0000] {dag.py:3239} INFO - Sync 2 DAGs
[2025-10-10T09:47:46.488+0000] {logging_mixin.py:190} INFO - [2025-10-10T09:47:46.488+0000] {dag.py:4180} INFO - Setting next_dagrun for read_dataset_event to 2025-10-09 00:00:00+00:00, run_after=2025-10-10 00:00:00+00:00
[2025-10-10T09:47:46.489+0000] {logging_mixin.py:190} INFO - [2025-10-10T09:47:46.489+0000] {dag.py:4180} INFO - Setting next_dagrun for read_dataset_event_from_classic to 2025-10-09 00:00:00+00:00, run_after=2025-10-10 00:00:00+00:00
[2025-10-10T09:47:46.494+0000] {processor.py:208} INFO - Processing /home/airflow/.local/lib/python3.12/site-packages/airflow/example_dags/example_inlet_event_extra.py took 0.193 seconds
[2025-10-10T09:48:17.563+0000] {processor.py:186} INFO - Started process (PID=606) to work on /home/airflow/.local/lib/python3.12/site-packages/airflow/example_dags/example_inlet_event_extra.py
[2025-10-10T09:48:17.564+0000] {processor.py:914} INFO - Processing file /home/airflow/.local/lib/python3.12/site-packages/airflow/example_dags/example_inlet_event_extra.py for tasks to queue
[2025-10-10T09:48:17.565+0000] {logging_mixin.py:190} INFO - [2025-10-10T09:48:17.565+0000] {dagbag.py:588} INFO - Filling up the DagBag from /home/airflow/.local/lib/python3.12/site-packages/airflow/example_dags/example_inlet_event_extra.py
[2025-10-10T09:48:17.753+0000] {processor.py:925} INFO - DAG(s) 'read_dataset_event_from_classic', 'read_dataset_event' retrieved from /home/airflow/.local/lib/python3.12/site-packages/airflow/example_dags/example_inlet_event_extra.py
[2025-10-10T09:48:17.759+0000] {logging_mixin.py:190} INFO - [2025-10-10T09:48:17.759+0000] {dag.py:3239} INFO - Sync 2 DAGs
[2025-10-10T09:48:17.765+0000] {logging_mixin.py:190} INFO - [2025-10-10T09:48:17.765+0000] {dag.py:4180} INFO - Setting next_dagrun for read_dataset_event to 2025-10-09 00:00:00+00:00, run_after=2025-10-10 00:00:00+00:00
[2025-10-10T09:48:17.766+0000] {logging_mixin.py:190} INFO - [2025-10-10T09:48:17.766+0000] {dag.py:4180} INFO - Setting next_dagrun for read_dataset_event_from_classic to 2025-10-09 00:00:00+00:00, run_after=2025-10-10 00:00:00+00:00
[2025-10-10T09:48:17.770+0000] {processor.py:208} INFO - Processing /home/airflow/.local/lib/python3.12/site-packages/airflow/example_dags/example_inlet_event_extra.py took 0.210 seconds
[2025-10-10T09:48:47.840+0000] {processor.py:186} INFO - Started process (PID=670) to work on /home/airflow/.local/lib/python3.12/site-packages/airflow/example_dags/example_inlet_event_extra.py
[2025-10-10T09:48:47.841+0000] {processor.py:914} INFO - Processing file /home/airflow/.local/lib/python3.12/site-packages/airflow/example_dags/example_inlet_event_extra.py for tasks to queue
[2025-10-10T09:48:47.841+0000] {logging_mixin.py:190} INFO - [2025-10-10T09:48:47.841+0000] {dagbag.py:588} INFO - Filling up the DagBag from /home/airflow/.local/lib/python3.12/site-packages/airflow/example_dags/example_inlet_event_extra.py
[2025-10-10T09:48:48.045+0000] {processor.py:925} INFO - DAG(s) 'read_dataset_event_from_classic', 'read_dataset_event' retrieved from /home/airflow/.local/lib/python3.12/site-packages/airflow/example_dags/example_inlet_event_extra.py
[2025-10-10T09:48:48.053+0000] {logging_mixin.py:190} INFO - [2025-10-10T09:48:48.052+0000] {dag.py:3239} INFO - Sync 2 DAGs
[2025-10-10T09:48:48.059+0000] {logging_mixin.py:190} INFO - [2025-10-10T09:48:48.059+0000] {dag.py:4180} INFO - Setting next_dagrun for read_dataset_event to 2025-10-09 00:00:00+00:00, run_after=2025-10-10 00:00:00+00:00
[2025-10-10T09:48:48.060+0000] {logging_mixin.py:190} INFO - [2025-10-10T09:48:48.060+0000] {dag.py:4180} INFO - Setting next_dagrun for read_dataset_event_from_classic to 2025-10-09 00:00:00+00:00, run_after=2025-10-10 00:00:00+00:00
[2025-10-10T09:48:48.065+0000] {processor.py:208} INFO - Processing /home/airflow/.local/lib/python3.12/site-packages/airflow/example_dags/example_inlet_event_extra.py took 0.228 seconds
