[2025-10-10T09:36:22.405+0000] {processor.py:186} INFO - Started process (PID=86) to work on /home/airflow/.local/lib/python3.12/site-packages/airflow/example_dags/example_sla_dag.py
[2025-10-10T09:36:22.405+0000] {processor.py:914} INFO - Processing file /home/airflow/.local/lib/python3.12/site-packages/airflow/example_dags/example_sla_dag.py for tasks to queue
[2025-10-10T09:36:22.406+0000] {logging_mixin.py:190} INFO - [2025-10-10T09:36:22.406+0000] {dagbag.py:588} INFO - Filling up the DagBag from /home/airflow/.local/lib/python3.12/site-packages/airflow/example_dags/example_sla_dag.py
[2025-10-10T09:36:22.411+0000] {processor.py:925} INFO - DAG(s) 'example_sla_dag' retrieved from /home/airflow/.local/lib/python3.12/site-packages/airflow/example_dags/example_sla_dag.py
[2025-10-10T09:36:22.448+0000] {logging_mixin.py:190} INFO - [2025-10-10T09:36:22.447+0000] {override.py:1911} INFO - Created Permission View: can edit on DAG:example_sla_dag
[2025-10-10T09:36:22.453+0000] {logging_mixin.py:190} INFO - [2025-10-10T09:36:22.453+0000] {override.py:1911} INFO - Created Permission View: can read on DAG:example_sla_dag
[2025-10-10T09:36:22.459+0000] {logging_mixin.py:190} INFO - [2025-10-10T09:36:22.459+0000] {override.py:1911} INFO - Created Permission View: can delete on DAG:example_sla_dag
[2025-10-10T09:36:22.464+0000] {logging_mixin.py:190} INFO - [2025-10-10T09:36:22.464+0000] {override.py:1911} INFO - Created Permission View: can read on DAG Run:example_sla_dag
[2025-10-10T09:36:22.471+0000] {logging_mixin.py:190} INFO - [2025-10-10T09:36:22.471+0000] {override.py:1911} INFO - Created Permission View: menu access on DAG Run:example_sla_dag
[2025-10-10T09:36:22.477+0000] {logging_mixin.py:190} INFO - [2025-10-10T09:36:22.477+0000] {override.py:1911} INFO - Created Permission View: can delete on DAG Run:example_sla_dag
[2025-10-10T09:36:22.483+0000] {logging_mixin.py:190} INFO - [2025-10-10T09:36:22.482+0000] {override.py:1911} INFO - Created Permission View: can create on DAG Run:example_sla_dag
[2025-10-10T09:36:22.483+0000] {logging_mixin.py:190} INFO - [2025-10-10T09:36:22.483+0000] {dag.py:3239} INFO - Sync 1 DAGs
[2025-10-10T09:36:22.495+0000] {logging_mixin.py:190} INFO - [2025-10-10T09:36:22.495+0000] {dag.py:3262} INFO - Creating ORM DAG for example_sla_dag
[2025-10-10T09:36:22.506+0000] {logging_mixin.py:190} INFO - [2025-10-10T09:36:22.506+0000] {dag.py:4180} INFO - Setting next_dagrun for example_sla_dag to 2025-10-10 09:34:00+00:00, run_after=2025-10-10 09:36:00+00:00
[2025-10-10T09:36:22.515+0000] {processor.py:208} INFO - Processing /home/airflow/.local/lib/python3.12/site-packages/airflow/example_dags/example_sla_dag.py took 0.113 seconds
[2025-10-10T09:36:53.026+0000] {processor.py:186} INFO - Started process (PID=149) to work on /home/airflow/.local/lib/python3.12/site-packages/airflow/example_dags/example_sla_dag.py
[2025-10-10T09:36:53.027+0000] {processor.py:914} INFO - Processing file /home/airflow/.local/lib/python3.12/site-packages/airflow/example_dags/example_sla_dag.py for tasks to queue
[2025-10-10T09:36:53.028+0000] {logging_mixin.py:190} INFO - [2025-10-10T09:36:53.028+0000] {dagbag.py:588} INFO - Filling up the DagBag from /home/airflow/.local/lib/python3.12/site-packages/airflow/example_dags/example_sla_dag.py
[2025-10-10T09:36:53.032+0000] {processor.py:925} INFO - DAG(s) 'example_sla_dag' retrieved from /home/airflow/.local/lib/python3.12/site-packages/airflow/example_dags/example_sla_dag.py
[2025-10-10T09:36:53.040+0000] {logging_mixin.py:190} INFO - [2025-10-10T09:36:53.040+0000] {dag.py:3239} INFO - Sync 1 DAGs
[2025-10-10T09:36:53.048+0000] {logging_mixin.py:190} INFO - [2025-10-10T09:36:53.048+0000] {dag.py:4180} INFO - Setting next_dagrun for example_sla_dag to 2025-10-10 09:34:00+00:00, run_after=2025-10-10 09:36:00+00:00
[2025-10-10T09:36:53.053+0000] {processor.py:208} INFO - Processing /home/airflow/.local/lib/python3.12/site-packages/airflow/example_dags/example_sla_dag.py took 0.029 seconds
[2025-10-10T09:37:23.321+0000] {processor.py:186} INFO - Started process (PID=212) to work on /home/airflow/.local/lib/python3.12/site-packages/airflow/example_dags/example_sla_dag.py
[2025-10-10T09:37:23.322+0000] {processor.py:914} INFO - Processing file /home/airflow/.local/lib/python3.12/site-packages/airflow/example_dags/example_sla_dag.py for tasks to queue
[2025-10-10T09:37:23.323+0000] {logging_mixin.py:190} INFO - [2025-10-10T09:37:23.322+0000] {dagbag.py:588} INFO - Filling up the DagBag from /home/airflow/.local/lib/python3.12/site-packages/airflow/example_dags/example_sla_dag.py
[2025-10-10T09:37:23.327+0000] {processor.py:925} INFO - DAG(s) 'example_sla_dag' retrieved from /home/airflow/.local/lib/python3.12/site-packages/airflow/example_dags/example_sla_dag.py
[2025-10-10T09:37:23.335+0000] {logging_mixin.py:190} INFO - [2025-10-10T09:37:23.335+0000] {dag.py:3239} INFO - Sync 1 DAGs
[2025-10-10T09:37:23.345+0000] {logging_mixin.py:190} INFO - [2025-10-10T09:37:23.345+0000] {dag.py:4180} INFO - Setting next_dagrun for example_sla_dag to 2025-10-10 09:34:00+00:00, run_after=2025-10-10 09:36:00+00:00
[2025-10-10T09:37:23.351+0000] {processor.py:208} INFO - Processing /home/airflow/.local/lib/python3.12/site-packages/airflow/example_dags/example_sla_dag.py took 0.033 seconds
[2025-10-10T09:37:54.427+0000] {processor.py:186} INFO - Started process (PID=275) to work on /home/airflow/.local/lib/python3.12/site-packages/airflow/example_dags/example_sla_dag.py
[2025-10-10T09:37:54.427+0000] {processor.py:914} INFO - Processing file /home/airflow/.local/lib/python3.12/site-packages/airflow/example_dags/example_sla_dag.py for tasks to queue
[2025-10-10T09:37:54.428+0000] {logging_mixin.py:190} INFO - [2025-10-10T09:37:54.428+0000] {dagbag.py:588} INFO - Filling up the DagBag from /home/airflow/.local/lib/python3.12/site-packages/airflow/example_dags/example_sla_dag.py
[2025-10-10T09:37:54.432+0000] {processor.py:925} INFO - DAG(s) 'example_sla_dag' retrieved from /home/airflow/.local/lib/python3.12/site-packages/airflow/example_dags/example_sla_dag.py
[2025-10-10T09:37:54.439+0000] {logging_mixin.py:190} INFO - [2025-10-10T09:37:54.439+0000] {dag.py:3239} INFO - Sync 1 DAGs
[2025-10-10T09:37:54.448+0000] {logging_mixin.py:190} INFO - [2025-10-10T09:37:54.448+0000] {dag.py:4180} INFO - Setting next_dagrun for example_sla_dag to 2025-10-10 09:34:00+00:00, run_after=2025-10-10 09:36:00+00:00
[2025-10-10T09:37:54.453+0000] {processor.py:208} INFO - Processing /home/airflow/.local/lib/python3.12/site-packages/airflow/example_dags/example_sla_dag.py took 0.029 seconds
[2025-10-10T09:38:17.908+0000] {processor.py:186} INFO - Started process (PID=82) to work on /home/airflow/.local/lib/python3.12/site-packages/airflow/example_dags/example_sla_dag.py
[2025-10-10T09:38:17.909+0000] {processor.py:914} INFO - Processing file /home/airflow/.local/lib/python3.12/site-packages/airflow/example_dags/example_sla_dag.py for tasks to queue
[2025-10-10T09:38:17.910+0000] {logging_mixin.py:190} INFO - [2025-10-10T09:38:17.910+0000] {dagbag.py:588} INFO - Filling up the DagBag from /home/airflow/.local/lib/python3.12/site-packages/airflow/example_dags/example_sla_dag.py
[2025-10-10T09:38:17.915+0000] {processor.py:925} INFO - DAG(s) 'example_sla_dag' retrieved from /home/airflow/.local/lib/python3.12/site-packages/airflow/example_dags/example_sla_dag.py
[2025-10-10T09:38:17.924+0000] {logging_mixin.py:190} INFO - [2025-10-10T09:38:17.924+0000] {dag.py:3239} INFO - Sync 1 DAGs
[2025-10-10T09:38:17.933+0000] {logging_mixin.py:190} INFO - [2025-10-10T09:38:17.933+0000] {dag.py:4180} INFO - Setting next_dagrun for example_sla_dag to 2025-10-10 09:36:00+00:00, run_after=2025-10-10 09:38:00+00:00
[2025-10-10T09:38:17.940+0000] {processor.py:208} INFO - Processing /home/airflow/.local/lib/python3.12/site-packages/airflow/example_dags/example_sla_dag.py took 0.034 seconds
[2025-10-10T09:38:49.072+0000] {processor.py:186} INFO - Started process (PID=146) to work on /home/airflow/.local/lib/python3.12/site-packages/airflow/example_dags/example_sla_dag.py
[2025-10-10T09:38:49.073+0000] {processor.py:914} INFO - Processing file /home/airflow/.local/lib/python3.12/site-packages/airflow/example_dags/example_sla_dag.py for tasks to queue
[2025-10-10T09:38:49.076+0000] {logging_mixin.py:190} INFO - [2025-10-10T09:38:49.076+0000] {dagbag.py:588} INFO - Filling up the DagBag from /home/airflow/.local/lib/python3.12/site-packages/airflow/example_dags/example_sla_dag.py
[2025-10-10T09:38:49.084+0000] {processor.py:925} INFO - DAG(s) 'example_sla_dag' retrieved from /home/airflow/.local/lib/python3.12/site-packages/airflow/example_dags/example_sla_dag.py
[2025-10-10T09:38:49.092+0000] {logging_mixin.py:190} INFO - [2025-10-10T09:38:49.092+0000] {dag.py:3239} INFO - Sync 1 DAGs
[2025-10-10T09:38:49.102+0000] {logging_mixin.py:190} INFO - [2025-10-10T09:38:49.102+0000] {dag.py:4180} INFO - Setting next_dagrun for example_sla_dag to 2025-10-10 09:36:00+00:00, run_after=2025-10-10 09:38:00+00:00
[2025-10-10T09:38:49.112+0000] {processor.py:208} INFO - Processing /home/airflow/.local/lib/python3.12/site-packages/airflow/example_dags/example_sla_dag.py took 0.042 seconds
[2025-10-10T09:39:20.242+0000] {processor.py:186} INFO - Started process (PID=210) to work on /home/airflow/.local/lib/python3.12/site-packages/airflow/example_dags/example_sla_dag.py
[2025-10-10T09:39:20.242+0000] {processor.py:914} INFO - Processing file /home/airflow/.local/lib/python3.12/site-packages/airflow/example_dags/example_sla_dag.py for tasks to queue
[2025-10-10T09:39:20.243+0000] {logging_mixin.py:190} INFO - [2025-10-10T09:39:20.243+0000] {dagbag.py:588} INFO - Filling up the DagBag from /home/airflow/.local/lib/python3.12/site-packages/airflow/example_dags/example_sla_dag.py
[2025-10-10T09:39:20.247+0000] {processor.py:925} INFO - DAG(s) 'example_sla_dag' retrieved from /home/airflow/.local/lib/python3.12/site-packages/airflow/example_dags/example_sla_dag.py
[2025-10-10T09:39:20.254+0000] {logging_mixin.py:190} INFO - [2025-10-10T09:39:20.254+0000] {dag.py:3239} INFO - Sync 1 DAGs
[2025-10-10T09:39:20.263+0000] {logging_mixin.py:190} INFO - [2025-10-10T09:39:20.262+0000] {dag.py:4180} INFO - Setting next_dagrun for example_sla_dag to 2025-10-10 09:36:00+00:00, run_after=2025-10-10 09:38:00+00:00
[2025-10-10T09:39:20.272+0000] {processor.py:208} INFO - Processing /home/airflow/.local/lib/python3.12/site-packages/airflow/example_dags/example_sla_dag.py took 0.032 seconds
[2025-10-10T09:39:51.366+0000] {processor.py:186} INFO - Started process (PID=274) to work on /home/airflow/.local/lib/python3.12/site-packages/airflow/example_dags/example_sla_dag.py
[2025-10-10T09:39:51.367+0000] {processor.py:914} INFO - Processing file /home/airflow/.local/lib/python3.12/site-packages/airflow/example_dags/example_sla_dag.py for tasks to queue
[2025-10-10T09:39:51.367+0000] {logging_mixin.py:190} INFO - [2025-10-10T09:39:51.367+0000] {dagbag.py:588} INFO - Filling up the DagBag from /home/airflow/.local/lib/python3.12/site-packages/airflow/example_dags/example_sla_dag.py
[2025-10-10T09:39:51.371+0000] {processor.py:925} INFO - DAG(s) 'example_sla_dag' retrieved from /home/airflow/.local/lib/python3.12/site-packages/airflow/example_dags/example_sla_dag.py
[2025-10-10T09:39:51.381+0000] {logging_mixin.py:190} INFO - [2025-10-10T09:39:51.380+0000] {dag.py:3239} INFO - Sync 1 DAGs
[2025-10-10T09:39:51.390+0000] {logging_mixin.py:190} INFO - [2025-10-10T09:39:51.390+0000] {dag.py:4180} INFO - Setting next_dagrun for example_sla_dag to 2025-10-10 09:36:00+00:00, run_after=2025-10-10 09:38:00+00:00
[2025-10-10T09:39:51.401+0000] {processor.py:208} INFO - Processing /home/airflow/.local/lib/python3.12/site-packages/airflow/example_dags/example_sla_dag.py took 0.037 seconds
[2025-10-10T09:40:22.609+0000] {processor.py:186} INFO - Started process (PID=338) to work on /home/airflow/.local/lib/python3.12/site-packages/airflow/example_dags/example_sla_dag.py
[2025-10-10T09:40:22.610+0000] {processor.py:914} INFO - Processing file /home/airflow/.local/lib/python3.12/site-packages/airflow/example_dags/example_sla_dag.py for tasks to queue
[2025-10-10T09:40:22.612+0000] {logging_mixin.py:190} INFO - [2025-10-10T09:40:22.611+0000] {dagbag.py:588} INFO - Filling up the DagBag from /home/airflow/.local/lib/python3.12/site-packages/airflow/example_dags/example_sla_dag.py
[2025-10-10T09:40:22.618+0000] {processor.py:925} INFO - DAG(s) 'example_sla_dag' retrieved from /home/airflow/.local/lib/python3.12/site-packages/airflow/example_dags/example_sla_dag.py
[2025-10-10T09:40:22.627+0000] {logging_mixin.py:190} INFO - [2025-10-10T09:40:22.627+0000] {dag.py:3239} INFO - Sync 1 DAGs
[2025-10-10T09:40:22.636+0000] {logging_mixin.py:190} INFO - [2025-10-10T09:40:22.636+0000] {dag.py:4180} INFO - Setting next_dagrun for example_sla_dag to 2025-10-10 09:38:00+00:00, run_after=2025-10-10 09:40:00+00:00
[2025-10-10T09:40:22.644+0000] {processor.py:208} INFO - Processing /home/airflow/.local/lib/python3.12/site-packages/airflow/example_dags/example_sla_dag.py took 0.037 seconds
[2025-10-10T09:40:53.818+0000] {processor.py:186} INFO - Started process (PID=402) to work on /home/airflow/.local/lib/python3.12/site-packages/airflow/example_dags/example_sla_dag.py
[2025-10-10T09:40:53.819+0000] {processor.py:914} INFO - Processing file /home/airflow/.local/lib/python3.12/site-packages/airflow/example_dags/example_sla_dag.py for tasks to queue
[2025-10-10T09:40:53.820+0000] {logging_mixin.py:190} INFO - [2025-10-10T09:40:53.819+0000] {dagbag.py:588} INFO - Filling up the DagBag from /home/airflow/.local/lib/python3.12/site-packages/airflow/example_dags/example_sla_dag.py
[2025-10-10T09:40:53.824+0000] {processor.py:925} INFO - DAG(s) 'example_sla_dag' retrieved from /home/airflow/.local/lib/python3.12/site-packages/airflow/example_dags/example_sla_dag.py
[2025-10-10T09:40:53.831+0000] {logging_mixin.py:190} INFO - [2025-10-10T09:40:53.831+0000] {dag.py:3239} INFO - Sync 1 DAGs
[2025-10-10T09:40:53.840+0000] {logging_mixin.py:190} INFO - [2025-10-10T09:40:53.840+0000] {dag.py:4180} INFO - Setting next_dagrun for example_sla_dag to 2025-10-10 09:38:00+00:00, run_after=2025-10-10 09:40:00+00:00
[2025-10-10T09:40:53.847+0000] {processor.py:208} INFO - Processing /home/airflow/.local/lib/python3.12/site-packages/airflow/example_dags/example_sla_dag.py took 0.031 seconds
[2025-10-10T09:41:24.938+0000] {processor.py:186} INFO - Started process (PID=466) to work on /home/airflow/.local/lib/python3.12/site-packages/airflow/example_dags/example_sla_dag.py
[2025-10-10T09:41:24.938+0000] {processor.py:914} INFO - Processing file /home/airflow/.local/lib/python3.12/site-packages/airflow/example_dags/example_sla_dag.py for tasks to queue
[2025-10-10T09:41:24.939+0000] {logging_mixin.py:190} INFO - [2025-10-10T09:41:24.939+0000] {dagbag.py:588} INFO - Filling up the DagBag from /home/airflow/.local/lib/python3.12/site-packages/airflow/example_dags/example_sla_dag.py
[2025-10-10T09:41:24.943+0000] {processor.py:925} INFO - DAG(s) 'example_sla_dag' retrieved from /home/airflow/.local/lib/python3.12/site-packages/airflow/example_dags/example_sla_dag.py
[2025-10-10T09:41:24.950+0000] {logging_mixin.py:190} INFO - [2025-10-10T09:41:24.950+0000] {dag.py:3239} INFO - Sync 1 DAGs
[2025-10-10T09:41:24.959+0000] {logging_mixin.py:190} INFO - [2025-10-10T09:41:24.958+0000] {dag.py:4180} INFO - Setting next_dagrun for example_sla_dag to 2025-10-10 09:38:00+00:00, run_after=2025-10-10 09:40:00+00:00
[2025-10-10T09:41:24.969+0000] {processor.py:208} INFO - Processing /home/airflow/.local/lib/python3.12/site-packages/airflow/example_dags/example_sla_dag.py took 0.033 seconds
[2025-10-10T09:41:56.165+0000] {processor.py:186} INFO - Started process (PID=530) to work on /home/airflow/.local/lib/python3.12/site-packages/airflow/example_dags/example_sla_dag.py
[2025-10-10T09:41:56.165+0000] {processor.py:914} INFO - Processing file /home/airflow/.local/lib/python3.12/site-packages/airflow/example_dags/example_sla_dag.py for tasks to queue
[2025-10-10T09:41:56.167+0000] {logging_mixin.py:190} INFO - [2025-10-10T09:41:56.167+0000] {dagbag.py:588} INFO - Filling up the DagBag from /home/airflow/.local/lib/python3.12/site-packages/airflow/example_dags/example_sla_dag.py
[2025-10-10T09:41:56.171+0000] {processor.py:925} INFO - DAG(s) 'example_sla_dag' retrieved from /home/airflow/.local/lib/python3.12/site-packages/airflow/example_dags/example_sla_dag.py
[2025-10-10T09:41:56.179+0000] {logging_mixin.py:190} INFO - [2025-10-10T09:41:56.178+0000] {dag.py:3239} INFO - Sync 1 DAGs
[2025-10-10T09:41:56.187+0000] {logging_mixin.py:190} INFO - [2025-10-10T09:41:56.187+0000] {dag.py:4180} INFO - Setting next_dagrun for example_sla_dag to 2025-10-10 09:38:00+00:00, run_after=2025-10-10 09:40:00+00:00
[2025-10-10T09:41:56.194+0000] {processor.py:208} INFO - Processing /home/airflow/.local/lib/python3.12/site-packages/airflow/example_dags/example_sla_dag.py took 0.031 seconds
[2025-10-10T09:42:27.232+0000] {processor.py:186} INFO - Started process (PID=594) to work on /home/airflow/.local/lib/python3.12/site-packages/airflow/example_dags/example_sla_dag.py
[2025-10-10T09:42:27.233+0000] {processor.py:914} INFO - Processing file /home/airflow/.local/lib/python3.12/site-packages/airflow/example_dags/example_sla_dag.py for tasks to queue
[2025-10-10T09:42:27.234+0000] {logging_mixin.py:190} INFO - [2025-10-10T09:42:27.234+0000] {dagbag.py:588} INFO - Filling up the DagBag from /home/airflow/.local/lib/python3.12/site-packages/airflow/example_dags/example_sla_dag.py
[2025-10-10T09:42:27.241+0000] {processor.py:925} INFO - DAG(s) 'example_sla_dag' retrieved from /home/airflow/.local/lib/python3.12/site-packages/airflow/example_dags/example_sla_dag.py
[2025-10-10T09:42:27.250+0000] {logging_mixin.py:190} INFO - [2025-10-10T09:42:27.250+0000] {dag.py:3239} INFO - Sync 1 DAGs
[2025-10-10T09:42:27.259+0000] {logging_mixin.py:190} INFO - [2025-10-10T09:42:27.259+0000] {dag.py:4180} INFO - Setting next_dagrun for example_sla_dag to 2025-10-10 09:40:00+00:00, run_after=2025-10-10 09:42:00+00:00
[2025-10-10T09:42:27.267+0000] {processor.py:208} INFO - Processing /home/airflow/.local/lib/python3.12/site-packages/airflow/example_dags/example_sla_dag.py took 0.038 seconds
[2025-10-10T09:42:58.509+0000] {processor.py:186} INFO - Started process (PID=658) to work on /home/airflow/.local/lib/python3.12/site-packages/airflow/example_dags/example_sla_dag.py
[2025-10-10T09:42:58.510+0000] {processor.py:914} INFO - Processing file /home/airflow/.local/lib/python3.12/site-packages/airflow/example_dags/example_sla_dag.py for tasks to queue
[2025-10-10T09:42:58.511+0000] {logging_mixin.py:190} INFO - [2025-10-10T09:42:58.511+0000] {dagbag.py:588} INFO - Filling up the DagBag from /home/airflow/.local/lib/python3.12/site-packages/airflow/example_dags/example_sla_dag.py
[2025-10-10T09:42:58.515+0000] {processor.py:925} INFO - DAG(s) 'example_sla_dag' retrieved from /home/airflow/.local/lib/python3.12/site-packages/airflow/example_dags/example_sla_dag.py
[2025-10-10T09:42:58.523+0000] {logging_mixin.py:190} INFO - [2025-10-10T09:42:58.523+0000] {dag.py:3239} INFO - Sync 1 DAGs
[2025-10-10T09:42:58.532+0000] {logging_mixin.py:190} INFO - [2025-10-10T09:42:58.532+0000] {dag.py:4180} INFO - Setting next_dagrun for example_sla_dag to 2025-10-10 09:40:00+00:00, run_after=2025-10-10 09:42:00+00:00
[2025-10-10T09:42:58.538+0000] {processor.py:208} INFO - Processing /home/airflow/.local/lib/python3.12/site-packages/airflow/example_dags/example_sla_dag.py took 0.031 seconds
[2025-10-10T09:43:29.579+0000] {processor.py:186} INFO - Started process (PID=722) to work on /home/airflow/.local/lib/python3.12/site-packages/airflow/example_dags/example_sla_dag.py
[2025-10-10T09:43:29.579+0000] {processor.py:914} INFO - Processing file /home/airflow/.local/lib/python3.12/site-packages/airflow/example_dags/example_sla_dag.py for tasks to queue
[2025-10-10T09:43:29.581+0000] {logging_mixin.py:190} INFO - [2025-10-10T09:43:29.580+0000] {dagbag.py:588} INFO - Filling up the DagBag from /home/airflow/.local/lib/python3.12/site-packages/airflow/example_dags/example_sla_dag.py
[2025-10-10T09:43:29.586+0000] {processor.py:925} INFO - DAG(s) 'example_sla_dag' retrieved from /home/airflow/.local/lib/python3.12/site-packages/airflow/example_dags/example_sla_dag.py
[2025-10-10T09:43:29.594+0000] {logging_mixin.py:190} INFO - [2025-10-10T09:43:29.594+0000] {dag.py:3239} INFO - Sync 1 DAGs
[2025-10-10T09:43:29.603+0000] {logging_mixin.py:190} INFO - [2025-10-10T09:43:29.603+0000] {dag.py:4180} INFO - Setting next_dagrun for example_sla_dag to 2025-10-10 09:40:00+00:00, run_after=2025-10-10 09:42:00+00:00
[2025-10-10T09:43:29.609+0000] {processor.py:208} INFO - Processing /home/airflow/.local/lib/python3.12/site-packages/airflow/example_dags/example_sla_dag.py took 0.032 seconds
[2025-10-10T09:44:10.277+0000] {processor.py:186} INFO - Started process (PID=89) to work on /home/airflow/.local/lib/python3.12/site-packages/airflow/example_dags/example_sla_dag.py
[2025-10-10T09:44:10.277+0000] {processor.py:914} INFO - Processing file /home/airflow/.local/lib/python3.12/site-packages/airflow/example_dags/example_sla_dag.py for tasks to queue
[2025-10-10T09:44:10.278+0000] {logging_mixin.py:190} INFO - [2025-10-10T09:44:10.278+0000] {dagbag.py:588} INFO - Filling up the DagBag from /home/airflow/.local/lib/python3.12/site-packages/airflow/example_dags/example_sla_dag.py
[2025-10-10T09:44:10.283+0000] {processor.py:925} INFO - DAG(s) 'example_sla_dag' retrieved from /home/airflow/.local/lib/python3.12/site-packages/airflow/example_dags/example_sla_dag.py
[2025-10-10T09:44:10.291+0000] {logging_mixin.py:190} INFO - [2025-10-10T09:44:10.291+0000] {dag.py:3239} INFO - Sync 1 DAGs
[2025-10-10T09:44:10.304+0000] {logging_mixin.py:190} INFO - [2025-10-10T09:44:10.304+0000] {dag.py:4180} INFO - Setting next_dagrun for example_sla_dag to 2025-10-10 09:42:00+00:00, run_after=2025-10-10 09:44:00+00:00
[2025-10-10T09:44:10.314+0000] {processor.py:208} INFO - Processing /home/airflow/.local/lib/python3.12/site-packages/airflow/example_dags/example_sla_dag.py took 0.040 seconds
[2025-10-10T09:44:41.442+0000] {processor.py:186} INFO - Started process (PID=153) to work on /home/airflow/.local/lib/python3.12/site-packages/airflow/example_dags/example_sla_dag.py
[2025-10-10T09:44:41.442+0000] {processor.py:914} INFO - Processing file /home/airflow/.local/lib/python3.12/site-packages/airflow/example_dags/example_sla_dag.py for tasks to queue
[2025-10-10T09:44:41.443+0000] {logging_mixin.py:190} INFO - [2025-10-10T09:44:41.443+0000] {dagbag.py:588} INFO - Filling up the DagBag from /home/airflow/.local/lib/python3.12/site-packages/airflow/example_dags/example_sla_dag.py
[2025-10-10T09:44:41.447+0000] {processor.py:925} INFO - DAG(s) 'example_sla_dag' retrieved from /home/airflow/.local/lib/python3.12/site-packages/airflow/example_dags/example_sla_dag.py
[2025-10-10T09:44:41.456+0000] {logging_mixin.py:190} INFO - [2025-10-10T09:44:41.456+0000] {dag.py:3239} INFO - Sync 1 DAGs
[2025-10-10T09:44:41.465+0000] {logging_mixin.py:190} INFO - [2025-10-10T09:44:41.465+0000] {dag.py:4180} INFO - Setting next_dagrun for example_sla_dag to 2025-10-10 09:42:00+00:00, run_after=2025-10-10 09:44:00+00:00
[2025-10-10T09:44:41.473+0000] {processor.py:208} INFO - Processing /home/airflow/.local/lib/python3.12/site-packages/airflow/example_dags/example_sla_dag.py took 0.033 seconds
[2025-10-10T09:45:12.491+0000] {processor.py:186} INFO - Started process (PID=217) to work on /home/airflow/.local/lib/python3.12/site-packages/airflow/example_dags/example_sla_dag.py
[2025-10-10T09:45:12.491+0000] {processor.py:914} INFO - Processing file /home/airflow/.local/lib/python3.12/site-packages/airflow/example_dags/example_sla_dag.py for tasks to queue
[2025-10-10T09:45:12.492+0000] {logging_mixin.py:190} INFO - [2025-10-10T09:45:12.492+0000] {dagbag.py:588} INFO - Filling up the DagBag from /home/airflow/.local/lib/python3.12/site-packages/airflow/example_dags/example_sla_dag.py
[2025-10-10T09:45:12.497+0000] {processor.py:925} INFO - DAG(s) 'example_sla_dag' retrieved from /home/airflow/.local/lib/python3.12/site-packages/airflow/example_dags/example_sla_dag.py
[2025-10-10T09:45:12.504+0000] {logging_mixin.py:190} INFO - [2025-10-10T09:45:12.504+0000] {dag.py:3239} INFO - Sync 1 DAGs
[2025-10-10T09:45:12.512+0000] {logging_mixin.py:190} INFO - [2025-10-10T09:45:12.512+0000] {dag.py:4180} INFO - Setting next_dagrun for example_sla_dag to 2025-10-10 09:42:00+00:00, run_after=2025-10-10 09:44:00+00:00
[2025-10-10T09:45:12.521+0000] {processor.py:208} INFO - Processing /home/airflow/.local/lib/python3.12/site-packages/airflow/example_dags/example_sla_dag.py took 0.033 seconds
[2025-10-10T09:45:43.447+0000] {processor.py:186} INFO - Started process (PID=289) to work on /home/airflow/.local/lib/python3.12/site-packages/airflow/example_dags/example_sla_dag.py
[2025-10-10T09:45:43.447+0000] {processor.py:914} INFO - Processing file /home/airflow/.local/lib/python3.12/site-packages/airflow/example_dags/example_sla_dag.py for tasks to queue
[2025-10-10T09:45:43.448+0000] {logging_mixin.py:190} INFO - [2025-10-10T09:45:43.448+0000] {dagbag.py:588} INFO - Filling up the DagBag from /home/airflow/.local/lib/python3.12/site-packages/airflow/example_dags/example_sla_dag.py
[2025-10-10T09:45:43.452+0000] {processor.py:925} INFO - DAG(s) 'example_sla_dag' retrieved from /home/airflow/.local/lib/python3.12/site-packages/airflow/example_dags/example_sla_dag.py
[2025-10-10T09:45:43.459+0000] {logging_mixin.py:190} INFO - [2025-10-10T09:45:43.459+0000] {dag.py:3239} INFO - Sync 1 DAGs
[2025-10-10T09:45:43.471+0000] {logging_mixin.py:190} INFO - [2025-10-10T09:45:43.471+0000] {dag.py:4180} INFO - Setting next_dagrun for example_sla_dag to 2025-10-10 09:42:00+00:00, run_after=2025-10-10 09:44:00+00:00
[2025-10-10T09:45:43.479+0000] {processor.py:208} INFO - Processing /home/airflow/.local/lib/python3.12/site-packages/airflow/example_dags/example_sla_dag.py took 0.034 seconds
[2025-10-10T09:46:14.560+0000] {processor.py:186} INFO - Started process (PID=353) to work on /home/airflow/.local/lib/python3.12/site-packages/airflow/example_dags/example_sla_dag.py
[2025-10-10T09:46:14.562+0000] {processor.py:914} INFO - Processing file /home/airflow/.local/lib/python3.12/site-packages/airflow/example_dags/example_sla_dag.py for tasks to queue
[2025-10-10T09:46:14.562+0000] {logging_mixin.py:190} INFO - [2025-10-10T09:46:14.562+0000] {dagbag.py:588} INFO - Filling up the DagBag from /home/airflow/.local/lib/python3.12/site-packages/airflow/example_dags/example_sla_dag.py
[2025-10-10T09:46:14.567+0000] {processor.py:925} INFO - DAG(s) 'example_sla_dag' retrieved from /home/airflow/.local/lib/python3.12/site-packages/airflow/example_dags/example_sla_dag.py
[2025-10-10T09:46:14.574+0000] {logging_mixin.py:190} INFO - [2025-10-10T09:46:14.574+0000] {dag.py:3239} INFO - Sync 1 DAGs
[2025-10-10T09:46:14.583+0000] {logging_mixin.py:190} INFO - [2025-10-10T09:46:14.583+0000] {dag.py:4180} INFO - Setting next_dagrun for example_sla_dag to 2025-10-10 09:44:00+00:00, run_after=2025-10-10 09:46:00+00:00
[2025-10-10T09:46:14.592+0000] {processor.py:208} INFO - Processing /home/airflow/.local/lib/python3.12/site-packages/airflow/example_dags/example_sla_dag.py took 0.034 seconds
[2025-10-10T09:46:45.493+0000] {processor.py:186} INFO - Started process (PID=417) to work on /home/airflow/.local/lib/python3.12/site-packages/airflow/example_dags/example_sla_dag.py
[2025-10-10T09:46:45.494+0000] {processor.py:914} INFO - Processing file /home/airflow/.local/lib/python3.12/site-packages/airflow/example_dags/example_sla_dag.py for tasks to queue
[2025-10-10T09:46:45.495+0000] {logging_mixin.py:190} INFO - [2025-10-10T09:46:45.495+0000] {dagbag.py:588} INFO - Filling up the DagBag from /home/airflow/.local/lib/python3.12/site-packages/airflow/example_dags/example_sla_dag.py
[2025-10-10T09:46:45.499+0000] {processor.py:925} INFO - DAG(s) 'example_sla_dag' retrieved from /home/airflow/.local/lib/python3.12/site-packages/airflow/example_dags/example_sla_dag.py
[2025-10-10T09:46:45.506+0000] {logging_mixin.py:190} INFO - [2025-10-10T09:46:45.506+0000] {dag.py:3239} INFO - Sync 1 DAGs
[2025-10-10T09:46:45.515+0000] {logging_mixin.py:190} INFO - [2025-10-10T09:46:45.515+0000] {dag.py:4180} INFO - Setting next_dagrun for example_sla_dag to 2025-10-10 09:44:00+00:00, run_after=2025-10-10 09:46:00+00:00
[2025-10-10T09:46:45.524+0000] {processor.py:208} INFO - Processing /home/airflow/.local/lib/python3.12/site-packages/airflow/example_dags/example_sla_dag.py took 0.033 seconds
[2025-10-10T09:47:16.590+0000] {processor.py:186} INFO - Started process (PID=481) to work on /home/airflow/.local/lib/python3.12/site-packages/airflow/example_dags/example_sla_dag.py
[2025-10-10T09:47:16.591+0000] {processor.py:914} INFO - Processing file /home/airflow/.local/lib/python3.12/site-packages/airflow/example_dags/example_sla_dag.py for tasks to queue
[2025-10-10T09:47:16.592+0000] {logging_mixin.py:190} INFO - [2025-10-10T09:47:16.592+0000] {dagbag.py:588} INFO - Filling up the DagBag from /home/airflow/.local/lib/python3.12/site-packages/airflow/example_dags/example_sla_dag.py
[2025-10-10T09:47:16.597+0000] {processor.py:925} INFO - DAG(s) 'example_sla_dag' retrieved from /home/airflow/.local/lib/python3.12/site-packages/airflow/example_dags/example_sla_dag.py
[2025-10-10T09:47:16.604+0000] {logging_mixin.py:190} INFO - [2025-10-10T09:47:16.604+0000] {dag.py:3239} INFO - Sync 1 DAGs
[2025-10-10T09:47:16.613+0000] {logging_mixin.py:190} INFO - [2025-10-10T09:47:16.613+0000] {dag.py:4180} INFO - Setting next_dagrun for example_sla_dag to 2025-10-10 09:44:00+00:00, run_after=2025-10-10 09:46:00+00:00
[2025-10-10T09:47:16.619+0000] {processor.py:208} INFO - Processing /home/airflow/.local/lib/python3.12/site-packages/airflow/example_dags/example_sla_dag.py took 0.032 seconds
[2025-10-10T09:47:47.596+0000] {processor.py:186} INFO - Started process (PID=545) to work on /home/airflow/.local/lib/python3.12/site-packages/airflow/example_dags/example_sla_dag.py
[2025-10-10T09:47:47.597+0000] {processor.py:914} INFO - Processing file /home/airflow/.local/lib/python3.12/site-packages/airflow/example_dags/example_sla_dag.py for tasks to queue
[2025-10-10T09:47:47.598+0000] {logging_mixin.py:190} INFO - [2025-10-10T09:47:47.598+0000] {dagbag.py:588} INFO - Filling up the DagBag from /home/airflow/.local/lib/python3.12/site-packages/airflow/example_dags/example_sla_dag.py
[2025-10-10T09:47:47.603+0000] {processor.py:925} INFO - DAG(s) 'example_sla_dag' retrieved from /home/airflow/.local/lib/python3.12/site-packages/airflow/example_dags/example_sla_dag.py
[2025-10-10T09:47:47.613+0000] {logging_mixin.py:190} INFO - [2025-10-10T09:47:47.613+0000] {dag.py:3239} INFO - Sync 1 DAGs
[2025-10-10T09:47:47.624+0000] {logging_mixin.py:190} INFO - [2025-10-10T09:47:47.624+0000] {dag.py:4180} INFO - Setting next_dagrun for example_sla_dag to 2025-10-10 09:44:00+00:00, run_after=2025-10-10 09:46:00+00:00
[2025-10-10T09:47:47.630+0000] {processor.py:208} INFO - Processing /home/airflow/.local/lib/python3.12/site-packages/airflow/example_dags/example_sla_dag.py took 0.036 seconds
[2025-10-10T09:48:18.031+0000] {processor.py:186} INFO - Started process (PID=609) to work on /home/airflow/.local/lib/python3.12/site-packages/airflow/example_dags/example_sla_dag.py
[2025-10-10T09:48:18.031+0000] {processor.py:914} INFO - Processing file /home/airflow/.local/lib/python3.12/site-packages/airflow/example_dags/example_sla_dag.py for tasks to queue
[2025-10-10T09:48:18.032+0000] {logging_mixin.py:190} INFO - [2025-10-10T09:48:18.032+0000] {dagbag.py:588} INFO - Filling up the DagBag from /home/airflow/.local/lib/python3.12/site-packages/airflow/example_dags/example_sla_dag.py
[2025-10-10T09:48:18.036+0000] {processor.py:925} INFO - DAG(s) 'example_sla_dag' retrieved from /home/airflow/.local/lib/python3.12/site-packages/airflow/example_dags/example_sla_dag.py
[2025-10-10T09:48:18.047+0000] {logging_mixin.py:190} INFO - [2025-10-10T09:48:18.047+0000] {dag.py:3239} INFO - Sync 1 DAGs
[2025-10-10T09:48:18.058+0000] {logging_mixin.py:190} INFO - [2025-10-10T09:48:18.058+0000] {dag.py:4180} INFO - Setting next_dagrun for example_sla_dag to 2025-10-10 09:46:00+00:00, run_after=2025-10-10 09:48:00+00:00
[2025-10-10T09:48:18.068+0000] {processor.py:208} INFO - Processing /home/airflow/.local/lib/python3.12/site-packages/airflow/example_dags/example_sla_dag.py took 0.040 seconds
[2025-10-10T09:48:48.333+0000] {processor.py:186} INFO - Started process (PID=673) to work on /home/airflow/.local/lib/python3.12/site-packages/airflow/example_dags/example_sla_dag.py
[2025-10-10T09:48:48.336+0000] {processor.py:914} INFO - Processing file /home/airflow/.local/lib/python3.12/site-packages/airflow/example_dags/example_sla_dag.py for tasks to queue
[2025-10-10T09:48:48.337+0000] {logging_mixin.py:190} INFO - [2025-10-10T09:48:48.337+0000] {dagbag.py:588} INFO - Filling up the DagBag from /home/airflow/.local/lib/python3.12/site-packages/airflow/example_dags/example_sla_dag.py
[2025-10-10T09:48:48.341+0000] {processor.py:925} INFO - DAG(s) 'example_sla_dag' retrieved from /home/airflow/.local/lib/python3.12/site-packages/airflow/example_dags/example_sla_dag.py
[2025-10-10T09:48:48.348+0000] {logging_mixin.py:190} INFO - [2025-10-10T09:48:48.348+0000] {dag.py:3239} INFO - Sync 1 DAGs
[2025-10-10T09:48:48.358+0000] {logging_mixin.py:190} INFO - [2025-10-10T09:48:48.358+0000] {dag.py:4180} INFO - Setting next_dagrun for example_sla_dag to 2025-10-10 09:46:00+00:00, run_after=2025-10-10 09:48:00+00:00
[2025-10-10T09:48:48.369+0000] {processor.py:208} INFO - Processing /home/airflow/.local/lib/python3.12/site-packages/airflow/example_dags/example_sla_dag.py took 0.038 seconds
