[2025-10-10T09:36:21.245+0000] {processor.py:186} INFO - Started process (PID=69) to work on /home/airflow/.local/lib/python3.12/site-packages/airflow/example_dags/example_branch_python_dop_operator_3.py
[2025-10-10T09:36:21.246+0000] {processor.py:914} INFO - Processing file /home/airflow/.local/lib/python3.12/site-packages/airflow/example_dags/example_branch_python_dop_operator_3.py for tasks to queue
[2025-10-10T09:36:21.247+0000] {logging_mixin.py:190} INFO - [2025-10-10T09:36:21.247+0000] {dagbag.py:588} INFO - Filling up the DagBag from /home/airflow/.local/lib/python3.12/site-packages/airflow/example_dags/example_branch_python_dop_operator_3.py
[2025-10-10T09:36:21.251+0000] {processor.py:925} INFO - DAG(s) 'example_branch_dop_operator_v3' retrieved from /home/airflow/.local/lib/python3.12/site-packages/airflow/example_dags/example_branch_python_dop_operator_3.py
[2025-10-10T09:36:21.290+0000] {logging_mixin.py:190} INFO - [2025-10-10T09:36:21.289+0000] {override.py:1911} INFO - Created Permission View: can edit on DAG:example_branch_dop_operator_v3
[2025-10-10T09:36:21.295+0000] {logging_mixin.py:190} INFO - [2025-10-10T09:36:21.295+0000] {override.py:1911} INFO - Created Permission View: can read on DAG:example_branch_dop_operator_v3
[2025-10-10T09:36:21.300+0000] {logging_mixin.py:190} INFO - [2025-10-10T09:36:21.300+0000] {override.py:1911} INFO - Created Permission View: can delete on DAG:example_branch_dop_operator_v3
[2025-10-10T09:36:21.301+0000] {logging_mixin.py:190} INFO - [2025-10-10T09:36:21.301+0000] {override.py:1911} INFO - Created Permission View: can read on DAG Run:example_branch_dop_operator_v3
[2025-10-10T09:36:21.305+0000] {logging_mixin.py:190} INFO - [2025-10-10T09:36:21.305+0000] {override.py:1911} INFO - Created Permission View: menu access on DAG Run:example_branch_dop_operator_v3
[2025-10-10T09:36:21.307+0000] {logging_mixin.py:190} INFO - [2025-10-10T09:36:21.306+0000] {override.py:1911} INFO - Created Permission View: can delete on DAG Run:example_branch_dop_operator_v3
[2025-10-10T09:36:21.310+0000] {logging_mixin.py:190} INFO - [2025-10-10T09:36:21.310+0000] {override.py:1911} INFO - Created Permission View: can create on DAG Run:example_branch_dop_operator_v3
[2025-10-10T09:36:21.310+0000] {logging_mixin.py:190} INFO - [2025-10-10T09:36:21.310+0000] {dag.py:3239} INFO - Sync 1 DAGs
[2025-10-10T09:36:21.316+0000] {logging_mixin.py:190} INFO - [2025-10-10T09:36:21.316+0000] {dag.py:3262} INFO - Creating ORM DAG for example_branch_dop_operator_v3
[2025-10-10T09:36:21.322+0000] {logging_mixin.py:190} INFO - [2025-10-10T09:36:21.322+0000] {dag.py:4180} INFO - Setting next_dagrun for example_branch_dop_operator_v3 to 2025-10-10 09:35:00+00:00, run_after=2025-10-10 09:36:00+00:00
[2025-10-10T09:36:21.333+0000] {processor.py:208} INFO - Processing /home/airflow/.local/lib/python3.12/site-packages/airflow/example_dags/example_branch_python_dop_operator_3.py took 0.090 seconds
[2025-10-10T09:36:52.322+0000] {processor.py:186} INFO - Started process (PID=132) to work on /home/airflow/.local/lib/python3.12/site-packages/airflow/example_dags/example_branch_python_dop_operator_3.py
[2025-10-10T09:36:52.323+0000] {processor.py:914} INFO - Processing file /home/airflow/.local/lib/python3.12/site-packages/airflow/example_dags/example_branch_python_dop_operator_3.py for tasks to queue
[2025-10-10T09:36:52.325+0000] {logging_mixin.py:190} INFO - [2025-10-10T09:36:52.324+0000] {dagbag.py:588} INFO - Filling up the DagBag from /home/airflow/.local/lib/python3.12/site-packages/airflow/example_dags/example_branch_python_dop_operator_3.py
[2025-10-10T09:36:52.333+0000] {processor.py:925} INFO - DAG(s) 'example_branch_dop_operator_v3' retrieved from /home/airflow/.local/lib/python3.12/site-packages/airflow/example_dags/example_branch_python_dop_operator_3.py
[2025-10-10T09:36:52.342+0000] {logging_mixin.py:190} INFO - [2025-10-10T09:36:52.342+0000] {dag.py:3239} INFO - Sync 1 DAGs
[2025-10-10T09:36:52.353+0000] {logging_mixin.py:190} INFO - [2025-10-10T09:36:52.353+0000] {dag.py:4180} INFO - Setting next_dagrun for example_branch_dop_operator_v3 to 2025-10-10 09:35:00+00:00, run_after=2025-10-10 09:36:00+00:00
[2025-10-10T09:36:52.360+0000] {processor.py:208} INFO - Processing /home/airflow/.local/lib/python3.12/site-packages/airflow/example_dags/example_branch_python_dop_operator_3.py took 0.043 seconds
[2025-10-10T09:37:22.448+0000] {processor.py:186} INFO - Started process (PID=194) to work on /home/airflow/.local/lib/python3.12/site-packages/airflow/example_dags/example_branch_python_dop_operator_3.py
[2025-10-10T09:37:22.449+0000] {processor.py:914} INFO - Processing file /home/airflow/.local/lib/python3.12/site-packages/airflow/example_dags/example_branch_python_dop_operator_3.py for tasks to queue
[2025-10-10T09:37:22.450+0000] {logging_mixin.py:190} INFO - [2025-10-10T09:37:22.450+0000] {dagbag.py:588} INFO - Filling up the DagBag from /home/airflow/.local/lib/python3.12/site-packages/airflow/example_dags/example_branch_python_dop_operator_3.py
[2025-10-10T09:37:22.454+0000] {processor.py:925} INFO - DAG(s) 'example_branch_dop_operator_v3' retrieved from /home/airflow/.local/lib/python3.12/site-packages/airflow/example_dags/example_branch_python_dop_operator_3.py
[2025-10-10T09:37:22.466+0000] {logging_mixin.py:190} INFO - [2025-10-10T09:37:22.465+0000] {dag.py:3239} INFO - Sync 1 DAGs
[2025-10-10T09:37:22.494+0000] {logging_mixin.py:190} INFO - [2025-10-10T09:37:22.494+0000] {dag.py:4180} INFO - Setting next_dagrun for example_branch_dop_operator_v3 to 2025-10-10 09:36:00+00:00, run_after=2025-10-10 09:37:00+00:00
[2025-10-10T09:37:22.515+0000] {processor.py:208} INFO - Processing /home/airflow/.local/lib/python3.12/site-packages/airflow/example_dags/example_branch_python_dop_operator_3.py took 0.070 seconds
[2025-10-10T09:37:52.733+0000] {processor.py:186} INFO - Started process (PID=257) to work on /home/airflow/.local/lib/python3.12/site-packages/airflow/example_dags/example_branch_python_dop_operator_3.py
[2025-10-10T09:37:52.734+0000] {processor.py:914} INFO - Processing file /home/airflow/.local/lib/python3.12/site-packages/airflow/example_dags/example_branch_python_dop_operator_3.py for tasks to queue
[2025-10-10T09:37:52.735+0000] {logging_mixin.py:190} INFO - [2025-10-10T09:37:52.735+0000] {dagbag.py:588} INFO - Filling up the DagBag from /home/airflow/.local/lib/python3.12/site-packages/airflow/example_dags/example_branch_python_dop_operator_3.py
[2025-10-10T09:37:52.739+0000] {processor.py:925} INFO - DAG(s) 'example_branch_dop_operator_v3' retrieved from /home/airflow/.local/lib/python3.12/site-packages/airflow/example_dags/example_branch_python_dop_operator_3.py
[2025-10-10T09:37:52.746+0000] {logging_mixin.py:190} INFO - [2025-10-10T09:37:52.746+0000] {dag.py:3239} INFO - Sync 1 DAGs
[2025-10-10T09:37:52.754+0000] {logging_mixin.py:190} INFO - [2025-10-10T09:37:52.754+0000] {dag.py:4180} INFO - Setting next_dagrun for example_branch_dop_operator_v3 to 2025-10-10 09:36:00+00:00, run_after=2025-10-10 09:37:00+00:00
[2025-10-10T09:37:52.759+0000] {processor.py:208} INFO - Processing /home/airflow/.local/lib/python3.12/site-packages/airflow/example_dags/example_branch_python_dop_operator_3.py took 0.029 seconds
[2025-10-10T09:38:17.294+0000] {processor.py:186} INFO - Started process (PID=65) to work on /home/airflow/.local/lib/python3.12/site-packages/airflow/example_dags/example_branch_python_dop_operator_3.py
[2025-10-10T09:38:17.295+0000] {processor.py:914} INFO - Processing file /home/airflow/.local/lib/python3.12/site-packages/airflow/example_dags/example_branch_python_dop_operator_3.py for tasks to queue
[2025-10-10T09:38:17.296+0000] {logging_mixin.py:190} INFO - [2025-10-10T09:38:17.296+0000] {dagbag.py:588} INFO - Filling up the DagBag from /home/airflow/.local/lib/python3.12/site-packages/airflow/example_dags/example_branch_python_dop_operator_3.py
[2025-10-10T09:38:17.301+0000] {processor.py:925} INFO - DAG(s) 'example_branch_dop_operator_v3' retrieved from /home/airflow/.local/lib/python3.12/site-packages/airflow/example_dags/example_branch_python_dop_operator_3.py
[2025-10-10T09:38:17.310+0000] {logging_mixin.py:190} INFO - [2025-10-10T09:38:17.309+0000] {dag.py:3239} INFO - Sync 1 DAGs
[2025-10-10T09:38:17.317+0000] {logging_mixin.py:190} INFO - [2025-10-10T09:38:17.317+0000] {dag.py:4180} INFO - Setting next_dagrun for example_branch_dop_operator_v3 to 2025-10-10 09:37:00+00:00, run_after=2025-10-10 09:38:00+00:00
[2025-10-10T09:38:17.323+0000] {processor.py:208} INFO - Processing /home/airflow/.local/lib/python3.12/site-packages/airflow/example_dags/example_branch_python_dop_operator_3.py took 0.030 seconds
[2025-10-10T09:38:48.405+0000] {processor.py:186} INFO - Started process (PID=129) to work on /home/airflow/.local/lib/python3.12/site-packages/airflow/example_dags/example_branch_python_dop_operator_3.py
[2025-10-10T09:38:48.405+0000] {processor.py:914} INFO - Processing file /home/airflow/.local/lib/python3.12/site-packages/airflow/example_dags/example_branch_python_dop_operator_3.py for tasks to queue
[2025-10-10T09:38:48.406+0000] {logging_mixin.py:190} INFO - [2025-10-10T09:38:48.406+0000] {dagbag.py:588} INFO - Filling up the DagBag from /home/airflow/.local/lib/python3.12/site-packages/airflow/example_dags/example_branch_python_dop_operator_3.py
[2025-10-10T09:38:48.412+0000] {processor.py:925} INFO - DAG(s) 'example_branch_dop_operator_v3' retrieved from /home/airflow/.local/lib/python3.12/site-packages/airflow/example_dags/example_branch_python_dop_operator_3.py
[2025-10-10T09:38:48.420+0000] {logging_mixin.py:190} INFO - [2025-10-10T09:38:48.420+0000] {dag.py:3239} INFO - Sync 1 DAGs
[2025-10-10T09:38:48.430+0000] {logging_mixin.py:190} INFO - [2025-10-10T09:38:48.430+0000] {dag.py:4180} INFO - Setting next_dagrun for example_branch_dop_operator_v3 to 2025-10-10 09:37:00+00:00, run_after=2025-10-10 09:38:00+00:00
[2025-10-10T09:38:48.438+0000] {processor.py:208} INFO - Processing /home/airflow/.local/lib/python3.12/site-packages/airflow/example_dags/example_branch_python_dop_operator_3.py took 0.036 seconds
[2025-10-10T09:39:19.538+0000] {processor.py:186} INFO - Started process (PID=193) to work on /home/airflow/.local/lib/python3.12/site-packages/airflow/example_dags/example_branch_python_dop_operator_3.py
[2025-10-10T09:39:19.540+0000] {processor.py:914} INFO - Processing file /home/airflow/.local/lib/python3.12/site-packages/airflow/example_dags/example_branch_python_dop_operator_3.py for tasks to queue
[2025-10-10T09:39:19.541+0000] {logging_mixin.py:190} INFO - [2025-10-10T09:39:19.541+0000] {dagbag.py:588} INFO - Filling up the DagBag from /home/airflow/.local/lib/python3.12/site-packages/airflow/example_dags/example_branch_python_dop_operator_3.py
[2025-10-10T09:39:19.545+0000] {processor.py:925} INFO - DAG(s) 'example_branch_dop_operator_v3' retrieved from /home/airflow/.local/lib/python3.12/site-packages/airflow/example_dags/example_branch_python_dop_operator_3.py
[2025-10-10T09:39:19.560+0000] {logging_mixin.py:190} INFO - [2025-10-10T09:39:19.560+0000] {dag.py:3239} INFO - Sync 1 DAGs
[2025-10-10T09:39:19.568+0000] {logging_mixin.py:190} INFO - [2025-10-10T09:39:19.568+0000] {dag.py:4180} INFO - Setting next_dagrun for example_branch_dop_operator_v3 to 2025-10-10 09:38:00+00:00, run_after=2025-10-10 09:39:00+00:00
[2025-10-10T09:39:19.574+0000] {processor.py:208} INFO - Processing /home/airflow/.local/lib/python3.12/site-packages/airflow/example_dags/example_branch_python_dop_operator_3.py took 0.038 seconds
[2025-10-10T09:39:50.670+0000] {processor.py:186} INFO - Started process (PID=257) to work on /home/airflow/.local/lib/python3.12/site-packages/airflow/example_dags/example_branch_python_dop_operator_3.py
[2025-10-10T09:39:50.671+0000] {processor.py:914} INFO - Processing file /home/airflow/.local/lib/python3.12/site-packages/airflow/example_dags/example_branch_python_dop_operator_3.py for tasks to queue
[2025-10-10T09:39:50.674+0000] {logging_mixin.py:190} INFO - [2025-10-10T09:39:50.674+0000] {dagbag.py:588} INFO - Filling up the DagBag from /home/airflow/.local/lib/python3.12/site-packages/airflow/example_dags/example_branch_python_dop_operator_3.py
[2025-10-10T09:39:50.678+0000] {processor.py:925} INFO - DAG(s) 'example_branch_dop_operator_v3' retrieved from /home/airflow/.local/lib/python3.12/site-packages/airflow/example_dags/example_branch_python_dop_operator_3.py
[2025-10-10T09:39:50.684+0000] {logging_mixin.py:190} INFO - [2025-10-10T09:39:50.684+0000] {dag.py:3239} INFO - Sync 1 DAGs
[2025-10-10T09:39:50.692+0000] {logging_mixin.py:190} INFO - [2025-10-10T09:39:50.692+0000] {dag.py:4180} INFO - Setting next_dagrun for example_branch_dop_operator_v3 to 2025-10-10 09:38:00+00:00, run_after=2025-10-10 09:39:00+00:00
[2025-10-10T09:39:50.698+0000] {processor.py:208} INFO - Processing /home/airflow/.local/lib/python3.12/site-packages/airflow/example_dags/example_branch_python_dop_operator_3.py took 0.029 seconds
[2025-10-10T09:40:21.896+0000] {processor.py:186} INFO - Started process (PID=321) to work on /home/airflow/.local/lib/python3.12/site-packages/airflow/example_dags/example_branch_python_dop_operator_3.py
[2025-10-10T09:40:21.898+0000] {processor.py:914} INFO - Processing file /home/airflow/.local/lib/python3.12/site-packages/airflow/example_dags/example_branch_python_dop_operator_3.py for tasks to queue
[2025-10-10T09:40:21.901+0000] {logging_mixin.py:190} INFO - [2025-10-10T09:40:21.901+0000] {dagbag.py:588} INFO - Filling up the DagBag from /home/airflow/.local/lib/python3.12/site-packages/airflow/example_dags/example_branch_python_dop_operator_3.py
[2025-10-10T09:40:21.905+0000] {processor.py:925} INFO - DAG(s) 'example_branch_dop_operator_v3' retrieved from /home/airflow/.local/lib/python3.12/site-packages/airflow/example_dags/example_branch_python_dop_operator_3.py
[2025-10-10T09:40:21.912+0000] {logging_mixin.py:190} INFO - [2025-10-10T09:40:21.912+0000] {dag.py:3239} INFO - Sync 1 DAGs
[2025-10-10T09:40:21.920+0000] {logging_mixin.py:190} INFO - [2025-10-10T09:40:21.920+0000] {dag.py:4180} INFO - Setting next_dagrun for example_branch_dop_operator_v3 to 2025-10-10 09:39:00+00:00, run_after=2025-10-10 09:40:00+00:00
[2025-10-10T09:40:21.925+0000] {processor.py:208} INFO - Processing /home/airflow/.local/lib/python3.12/site-packages/airflow/example_dags/example_branch_python_dop_operator_3.py took 0.032 seconds
[2025-10-10T09:40:53.151+0000] {processor.py:186} INFO - Started process (PID=385) to work on /home/airflow/.local/lib/python3.12/site-packages/airflow/example_dags/example_branch_python_dop_operator_3.py
[2025-10-10T09:40:53.152+0000] {processor.py:914} INFO - Processing file /home/airflow/.local/lib/python3.12/site-packages/airflow/example_dags/example_branch_python_dop_operator_3.py for tasks to queue
[2025-10-10T09:40:53.152+0000] {logging_mixin.py:190} INFO - [2025-10-10T09:40:53.152+0000] {dagbag.py:588} INFO - Filling up the DagBag from /home/airflow/.local/lib/python3.12/site-packages/airflow/example_dags/example_branch_python_dop_operator_3.py
[2025-10-10T09:40:53.156+0000] {processor.py:925} INFO - DAG(s) 'example_branch_dop_operator_v3' retrieved from /home/airflow/.local/lib/python3.12/site-packages/airflow/example_dags/example_branch_python_dop_operator_3.py
[2025-10-10T09:40:53.163+0000] {logging_mixin.py:190} INFO - [2025-10-10T09:40:53.163+0000] {dag.py:3239} INFO - Sync 1 DAGs
[2025-10-10T09:40:53.171+0000] {logging_mixin.py:190} INFO - [2025-10-10T09:40:53.171+0000] {dag.py:4180} INFO - Setting next_dagrun for example_branch_dop_operator_v3 to 2025-10-10 09:39:00+00:00, run_after=2025-10-10 09:40:00+00:00
[2025-10-10T09:40:53.177+0000] {processor.py:208} INFO - Processing /home/airflow/.local/lib/python3.12/site-packages/airflow/example_dags/example_branch_python_dop_operator_3.py took 0.028 seconds
[2025-10-10T09:41:24.287+0000] {processor.py:186} INFO - Started process (PID=449) to work on /home/airflow/.local/lib/python3.12/site-packages/airflow/example_dags/example_branch_python_dop_operator_3.py
[2025-10-10T09:41:24.287+0000] {processor.py:914} INFO - Processing file /home/airflow/.local/lib/python3.12/site-packages/airflow/example_dags/example_branch_python_dop_operator_3.py for tasks to queue
[2025-10-10T09:41:24.288+0000] {logging_mixin.py:190} INFO - [2025-10-10T09:41:24.288+0000] {dagbag.py:588} INFO - Filling up the DagBag from /home/airflow/.local/lib/python3.12/site-packages/airflow/example_dags/example_branch_python_dop_operator_3.py
[2025-10-10T09:41:24.294+0000] {processor.py:925} INFO - DAG(s) 'example_branch_dop_operator_v3' retrieved from /home/airflow/.local/lib/python3.12/site-packages/airflow/example_dags/example_branch_python_dop_operator_3.py
[2025-10-10T09:41:24.305+0000] {logging_mixin.py:190} INFO - [2025-10-10T09:41:24.305+0000] {dag.py:3239} INFO - Sync 1 DAGs
[2025-10-10T09:41:24.312+0000] {logging_mixin.py:190} INFO - [2025-10-10T09:41:24.312+0000] {dag.py:4180} INFO - Setting next_dagrun for example_branch_dop_operator_v3 to 2025-10-10 09:40:00+00:00, run_after=2025-10-10 09:41:00+00:00
[2025-10-10T09:41:24.318+0000] {processor.py:208} INFO - Processing /home/airflow/.local/lib/python3.12/site-packages/airflow/example_dags/example_branch_python_dop_operator_3.py took 0.034 seconds
[2025-10-10T09:41:55.495+0000] {processor.py:186} INFO - Started process (PID=513) to work on /home/airflow/.local/lib/python3.12/site-packages/airflow/example_dags/example_branch_python_dop_operator_3.py
[2025-10-10T09:41:55.495+0000] {processor.py:914} INFO - Processing file /home/airflow/.local/lib/python3.12/site-packages/airflow/example_dags/example_branch_python_dop_operator_3.py for tasks to queue
[2025-10-10T09:41:55.496+0000] {logging_mixin.py:190} INFO - [2025-10-10T09:41:55.496+0000] {dagbag.py:588} INFO - Filling up the DagBag from /home/airflow/.local/lib/python3.12/site-packages/airflow/example_dags/example_branch_python_dop_operator_3.py
[2025-10-10T09:41:55.500+0000] {processor.py:925} INFO - DAG(s) 'example_branch_dop_operator_v3' retrieved from /home/airflow/.local/lib/python3.12/site-packages/airflow/example_dags/example_branch_python_dop_operator_3.py
[2025-10-10T09:41:55.507+0000] {logging_mixin.py:190} INFO - [2025-10-10T09:41:55.507+0000] {dag.py:3239} INFO - Sync 1 DAGs
[2025-10-10T09:41:55.515+0000] {logging_mixin.py:190} INFO - [2025-10-10T09:41:55.515+0000] {dag.py:4180} INFO - Setting next_dagrun for example_branch_dop_operator_v3 to 2025-10-10 09:40:00+00:00, run_after=2025-10-10 09:41:00+00:00
[2025-10-10T09:41:55.520+0000] {processor.py:208} INFO - Processing /home/airflow/.local/lib/python3.12/site-packages/airflow/example_dags/example_branch_python_dop_operator_3.py took 0.028 seconds
[2025-10-10T09:42:26.571+0000] {processor.py:186} INFO - Started process (PID=577) to work on /home/airflow/.local/lib/python3.12/site-packages/airflow/example_dags/example_branch_python_dop_operator_3.py
[2025-10-10T09:42:26.575+0000] {processor.py:914} INFO - Processing file /home/airflow/.local/lib/python3.12/site-packages/airflow/example_dags/example_branch_python_dop_operator_3.py for tasks to queue
[2025-10-10T09:42:26.576+0000] {logging_mixin.py:190} INFO - [2025-10-10T09:42:26.576+0000] {dagbag.py:588} INFO - Filling up the DagBag from /home/airflow/.local/lib/python3.12/site-packages/airflow/example_dags/example_branch_python_dop_operator_3.py
[2025-10-10T09:42:26.580+0000] {processor.py:925} INFO - DAG(s) 'example_branch_dop_operator_v3' retrieved from /home/airflow/.local/lib/python3.12/site-packages/airflow/example_dags/example_branch_python_dop_operator_3.py
[2025-10-10T09:42:26.589+0000] {logging_mixin.py:190} INFO - [2025-10-10T09:42:26.589+0000] {dag.py:3239} INFO - Sync 1 DAGs
[2025-10-10T09:42:26.597+0000] {logging_mixin.py:190} INFO - [2025-10-10T09:42:26.597+0000] {dag.py:4180} INFO - Setting next_dagrun for example_branch_dop_operator_v3 to 2025-10-10 09:41:00+00:00, run_after=2025-10-10 09:42:00+00:00
[2025-10-10T09:42:26.602+0000] {processor.py:208} INFO - Processing /home/airflow/.local/lib/python3.12/site-packages/airflow/example_dags/example_branch_python_dop_operator_3.py took 0.033 seconds
[2025-10-10T09:42:57.820+0000] {processor.py:186} INFO - Started process (PID=641) to work on /home/airflow/.local/lib/python3.12/site-packages/airflow/example_dags/example_branch_python_dop_operator_3.py
[2025-10-10T09:42:57.821+0000] {processor.py:914} INFO - Processing file /home/airflow/.local/lib/python3.12/site-packages/airflow/example_dags/example_branch_python_dop_operator_3.py for tasks to queue
[2025-10-10T09:42:57.822+0000] {logging_mixin.py:190} INFO - [2025-10-10T09:42:57.822+0000] {dagbag.py:588} INFO - Filling up the DagBag from /home/airflow/.local/lib/python3.12/site-packages/airflow/example_dags/example_branch_python_dop_operator_3.py
[2025-10-10T09:42:57.826+0000] {processor.py:925} INFO - DAG(s) 'example_branch_dop_operator_v3' retrieved from /home/airflow/.local/lib/python3.12/site-packages/airflow/example_dags/example_branch_python_dop_operator_3.py
[2025-10-10T09:42:57.834+0000] {logging_mixin.py:190} INFO - [2025-10-10T09:42:57.833+0000] {dag.py:3239} INFO - Sync 1 DAGs
[2025-10-10T09:42:57.845+0000] {logging_mixin.py:190} INFO - [2025-10-10T09:42:57.845+0000] {dag.py:4180} INFO - Setting next_dagrun for example_branch_dop_operator_v3 to 2025-10-10 09:41:00+00:00, run_after=2025-10-10 09:42:00+00:00
[2025-10-10T09:42:57.851+0000] {processor.py:208} INFO - Processing /home/airflow/.local/lib/python3.12/site-packages/airflow/example_dags/example_branch_python_dop_operator_3.py took 0.033 seconds
[2025-10-10T09:43:28.916+0000] {processor.py:186} INFO - Started process (PID=705) to work on /home/airflow/.local/lib/python3.12/site-packages/airflow/example_dags/example_branch_python_dop_operator_3.py
[2025-10-10T09:43:28.920+0000] {processor.py:914} INFO - Processing file /home/airflow/.local/lib/python3.12/site-packages/airflow/example_dags/example_branch_python_dop_operator_3.py for tasks to queue
[2025-10-10T09:43:28.921+0000] {logging_mixin.py:190} INFO - [2025-10-10T09:43:28.921+0000] {dagbag.py:588} INFO - Filling up the DagBag from /home/airflow/.local/lib/python3.12/site-packages/airflow/example_dags/example_branch_python_dop_operator_3.py
[2025-10-10T09:43:28.926+0000] {processor.py:925} INFO - DAG(s) 'example_branch_dop_operator_v3' retrieved from /home/airflow/.local/lib/python3.12/site-packages/airflow/example_dags/example_branch_python_dop_operator_3.py
[2025-10-10T09:43:28.933+0000] {logging_mixin.py:190} INFO - [2025-10-10T09:43:28.933+0000] {dag.py:3239} INFO - Sync 1 DAGs
[2025-10-10T09:43:28.942+0000] {logging_mixin.py:190} INFO - [2025-10-10T09:43:28.942+0000] {dag.py:4180} INFO - Setting next_dagrun for example_branch_dop_operator_v3 to 2025-10-10 09:42:00+00:00, run_after=2025-10-10 09:43:00+00:00
[2025-10-10T09:43:28.948+0000] {processor.py:208} INFO - Processing /home/airflow/.local/lib/python3.12/site-packages/airflow/example_dags/example_branch_python_dop_operator_3.py took 0.033 seconds
[2025-10-10T09:44:09.506+0000] {processor.py:186} INFO - Started process (PID=72) to work on /home/airflow/.local/lib/python3.12/site-packages/airflow/example_dags/example_branch_python_dop_operator_3.py
[2025-10-10T09:44:09.507+0000] {processor.py:914} INFO - Processing file /home/airflow/.local/lib/python3.12/site-packages/airflow/example_dags/example_branch_python_dop_operator_3.py for tasks to queue
[2025-10-10T09:44:09.508+0000] {logging_mixin.py:190} INFO - [2025-10-10T09:44:09.508+0000] {dagbag.py:588} INFO - Filling up the DagBag from /home/airflow/.local/lib/python3.12/site-packages/airflow/example_dags/example_branch_python_dop_operator_3.py
[2025-10-10T09:44:09.513+0000] {processor.py:925} INFO - DAG(s) 'example_branch_dop_operator_v3' retrieved from /home/airflow/.local/lib/python3.12/site-packages/airflow/example_dags/example_branch_python_dop_operator_3.py
[2025-10-10T09:44:09.526+0000] {logging_mixin.py:190} INFO - [2025-10-10T09:44:09.526+0000] {dag.py:3239} INFO - Sync 1 DAGs
[2025-10-10T09:44:09.534+0000] {logging_mixin.py:190} INFO - [2025-10-10T09:44:09.534+0000] {dag.py:4180} INFO - Setting next_dagrun for example_branch_dop_operator_v3 to 2025-10-10 09:43:00+00:00, run_after=2025-10-10 09:44:00+00:00
[2025-10-10T09:44:09.540+0000] {processor.py:208} INFO - Processing /home/airflow/.local/lib/python3.12/site-packages/airflow/example_dags/example_branch_python_dop_operator_3.py took 0.036 seconds
[2025-10-10T09:44:39.725+0000] {processor.py:186} INFO - Started process (PID=135) to work on /home/airflow/.local/lib/python3.12/site-packages/airflow/example_dags/example_branch_python_dop_operator_3.py
[2025-10-10T09:44:39.728+0000] {processor.py:914} INFO - Processing file /home/airflow/.local/lib/python3.12/site-packages/airflow/example_dags/example_branch_python_dop_operator_3.py for tasks to queue
[2025-10-10T09:44:39.729+0000] {logging_mixin.py:190} INFO - [2025-10-10T09:44:39.729+0000] {dagbag.py:588} INFO - Filling up the DagBag from /home/airflow/.local/lib/python3.12/site-packages/airflow/example_dags/example_branch_python_dop_operator_3.py
[2025-10-10T09:44:39.733+0000] {processor.py:925} INFO - DAG(s) 'example_branch_dop_operator_v3' retrieved from /home/airflow/.local/lib/python3.12/site-packages/airflow/example_dags/example_branch_python_dop_operator_3.py
[2025-10-10T09:44:39.741+0000] {logging_mixin.py:190} INFO - [2025-10-10T09:44:39.741+0000] {dag.py:3239} INFO - Sync 1 DAGs
[2025-10-10T09:44:39.750+0000] {logging_mixin.py:190} INFO - [2025-10-10T09:44:39.750+0000] {dag.py:4180} INFO - Setting next_dagrun for example_branch_dop_operator_v3 to 2025-10-10 09:43:00+00:00, run_after=2025-10-10 09:44:00+00:00
[2025-10-10T09:44:39.760+0000] {processor.py:208} INFO - Processing /home/airflow/.local/lib/python3.12/site-packages/airflow/example_dags/example_branch_python_dop_operator_3.py took 0.037 seconds
[2025-10-10T09:45:10.802+0000] {processor.py:186} INFO - Started process (PID=199) to work on /home/airflow/.local/lib/python3.12/site-packages/airflow/example_dags/example_branch_python_dop_operator_3.py
[2025-10-10T09:45:10.803+0000] {processor.py:914} INFO - Processing file /home/airflow/.local/lib/python3.12/site-packages/airflow/example_dags/example_branch_python_dop_operator_3.py for tasks to queue
[2025-10-10T09:45:10.803+0000] {logging_mixin.py:190} INFO - [2025-10-10T09:45:10.803+0000] {dagbag.py:588} INFO - Filling up the DagBag from /home/airflow/.local/lib/python3.12/site-packages/airflow/example_dags/example_branch_python_dop_operator_3.py
[2025-10-10T09:45:10.808+0000] {processor.py:925} INFO - DAG(s) 'example_branch_dop_operator_v3' retrieved from /home/airflow/.local/lib/python3.12/site-packages/airflow/example_dags/example_branch_python_dop_operator_3.py
[2025-10-10T09:45:10.815+0000] {logging_mixin.py:190} INFO - [2025-10-10T09:45:10.815+0000] {dag.py:3239} INFO - Sync 1 DAGs
[2025-10-10T09:45:10.823+0000] {logging_mixin.py:190} INFO - [2025-10-10T09:45:10.823+0000] {dag.py:4180} INFO - Setting next_dagrun for example_branch_dop_operator_v3 to 2025-10-10 09:44:00+00:00, run_after=2025-10-10 09:45:00+00:00
[2025-10-10T09:45:10.836+0000] {processor.py:208} INFO - Processing /home/airflow/.local/lib/python3.12/site-packages/airflow/example_dags/example_branch_python_dop_operator_3.py took 0.036 seconds
[2025-10-10T09:45:41.782+0000] {processor.py:186} INFO - Started process (PID=271) to work on /home/airflow/.local/lib/python3.12/site-packages/airflow/example_dags/example_branch_python_dop_operator_3.py
[2025-10-10T09:45:41.782+0000] {processor.py:914} INFO - Processing file /home/airflow/.local/lib/python3.12/site-packages/airflow/example_dags/example_branch_python_dop_operator_3.py for tasks to queue
[2025-10-10T09:45:41.784+0000] {logging_mixin.py:190} INFO - [2025-10-10T09:45:41.784+0000] {dagbag.py:588} INFO - Filling up the DagBag from /home/airflow/.local/lib/python3.12/site-packages/airflow/example_dags/example_branch_python_dop_operator_3.py
[2025-10-10T09:45:41.788+0000] {processor.py:925} INFO - DAG(s) 'example_branch_dop_operator_v3' retrieved from /home/airflow/.local/lib/python3.12/site-packages/airflow/example_dags/example_branch_python_dop_operator_3.py
[2025-10-10T09:45:41.795+0000] {logging_mixin.py:190} INFO - [2025-10-10T09:45:41.795+0000] {dag.py:3239} INFO - Sync 1 DAGs
[2025-10-10T09:45:41.804+0000] {logging_mixin.py:190} INFO - [2025-10-10T09:45:41.804+0000] {dag.py:4180} INFO - Setting next_dagrun for example_branch_dop_operator_v3 to 2025-10-10 09:44:00+00:00, run_after=2025-10-10 09:45:00+00:00
[2025-10-10T09:45:41.810+0000] {processor.py:208} INFO - Processing /home/airflow/.local/lib/python3.12/site-packages/airflow/example_dags/example_branch_python_dop_operator_3.py took 0.031 seconds
[2025-10-10T09:46:12.804+0000] {processor.py:186} INFO - Started process (PID=335) to work on /home/airflow/.local/lib/python3.12/site-packages/airflow/example_dags/example_branch_python_dop_operator_3.py
[2025-10-10T09:46:12.804+0000] {processor.py:914} INFO - Processing file /home/airflow/.local/lib/python3.12/site-packages/airflow/example_dags/example_branch_python_dop_operator_3.py for tasks to queue
[2025-10-10T09:46:12.805+0000] {logging_mixin.py:190} INFO - [2025-10-10T09:46:12.805+0000] {dagbag.py:588} INFO - Filling up the DagBag from /home/airflow/.local/lib/python3.12/site-packages/airflow/example_dags/example_branch_python_dop_operator_3.py
[2025-10-10T09:46:12.810+0000] {processor.py:925} INFO - DAG(s) 'example_branch_dop_operator_v3' retrieved from /home/airflow/.local/lib/python3.12/site-packages/airflow/example_dags/example_branch_python_dop_operator_3.py
[2025-10-10T09:46:12.817+0000] {logging_mixin.py:190} INFO - [2025-10-10T09:46:12.817+0000] {dag.py:3239} INFO - Sync 1 DAGs
[2025-10-10T09:46:12.825+0000] {logging_mixin.py:190} INFO - [2025-10-10T09:46:12.825+0000] {dag.py:4180} INFO - Setting next_dagrun for example_branch_dop_operator_v3 to 2025-10-10 09:45:00+00:00, run_after=2025-10-10 09:46:00+00:00
[2025-10-10T09:46:12.833+0000] {processor.py:208} INFO - Processing /home/airflow/.local/lib/python3.12/site-packages/airflow/example_dags/example_branch_python_dop_operator_3.py took 0.032 seconds
[2025-10-10T09:46:43.889+0000] {processor.py:186} INFO - Started process (PID=399) to work on /home/airflow/.local/lib/python3.12/site-packages/airflow/example_dags/example_branch_python_dop_operator_3.py
[2025-10-10T09:46:43.889+0000] {processor.py:914} INFO - Processing file /home/airflow/.local/lib/python3.12/site-packages/airflow/example_dags/example_branch_python_dop_operator_3.py for tasks to queue
[2025-10-10T09:46:43.890+0000] {logging_mixin.py:190} INFO - [2025-10-10T09:46:43.890+0000] {dagbag.py:588} INFO - Filling up the DagBag from /home/airflow/.local/lib/python3.12/site-packages/airflow/example_dags/example_branch_python_dop_operator_3.py
[2025-10-10T09:46:43.895+0000] {processor.py:925} INFO - DAG(s) 'example_branch_dop_operator_v3' retrieved from /home/airflow/.local/lib/python3.12/site-packages/airflow/example_dags/example_branch_python_dop_operator_3.py
[2025-10-10T09:46:43.902+0000] {logging_mixin.py:190} INFO - [2025-10-10T09:46:43.902+0000] {dag.py:3239} INFO - Sync 1 DAGs
[2025-10-10T09:46:43.910+0000] {logging_mixin.py:190} INFO - [2025-10-10T09:46:43.910+0000] {dag.py:4180} INFO - Setting next_dagrun for example_branch_dop_operator_v3 to 2025-10-10 09:45:00+00:00, run_after=2025-10-10 09:46:00+00:00
[2025-10-10T09:46:43.919+0000] {processor.py:208} INFO - Processing /home/airflow/.local/lib/python3.12/site-packages/airflow/example_dags/example_branch_python_dop_operator_3.py took 0.033 seconds
[2025-10-10T09:47:14.900+0000] {processor.py:186} INFO - Started process (PID=463) to work on /home/airflow/.local/lib/python3.12/site-packages/airflow/example_dags/example_branch_python_dop_operator_3.py
[2025-10-10T09:47:14.901+0000] {processor.py:914} INFO - Processing file /home/airflow/.local/lib/python3.12/site-packages/airflow/example_dags/example_branch_python_dop_operator_3.py for tasks to queue
[2025-10-10T09:47:14.902+0000] {logging_mixin.py:190} INFO - [2025-10-10T09:47:14.902+0000] {dagbag.py:588} INFO - Filling up the DagBag from /home/airflow/.local/lib/python3.12/site-packages/airflow/example_dags/example_branch_python_dop_operator_3.py
[2025-10-10T09:47:14.907+0000] {processor.py:925} INFO - DAG(s) 'example_branch_dop_operator_v3' retrieved from /home/airflow/.local/lib/python3.12/site-packages/airflow/example_dags/example_branch_python_dop_operator_3.py
[2025-10-10T09:47:14.916+0000] {logging_mixin.py:190} INFO - [2025-10-10T09:47:14.916+0000] {dag.py:3239} INFO - Sync 1 DAGs
[2025-10-10T09:47:14.926+0000] {logging_mixin.py:190} INFO - [2025-10-10T09:47:14.926+0000] {dag.py:4180} INFO - Setting next_dagrun for example_branch_dop_operator_v3 to 2025-10-10 09:46:00+00:00, run_after=2025-10-10 09:47:00+00:00
[2025-10-10T09:47:14.931+0000] {processor.py:208} INFO - Processing /home/airflow/.local/lib/python3.12/site-packages/airflow/example_dags/example_branch_python_dop_operator_3.py took 0.033 seconds
[2025-10-10T09:47:45.972+0000] {processor.py:186} INFO - Started process (PID=527) to work on /home/airflow/.local/lib/python3.12/site-packages/airflow/example_dags/example_branch_python_dop_operator_3.py
[2025-10-10T09:47:45.973+0000] {processor.py:914} INFO - Processing file /home/airflow/.local/lib/python3.12/site-packages/airflow/example_dags/example_branch_python_dop_operator_3.py for tasks to queue
[2025-10-10T09:47:45.974+0000] {logging_mixin.py:190} INFO - [2025-10-10T09:47:45.974+0000] {dagbag.py:588} INFO - Filling up the DagBag from /home/airflow/.local/lib/python3.12/site-packages/airflow/example_dags/example_branch_python_dop_operator_3.py
[2025-10-10T09:47:45.977+0000] {processor.py:925} INFO - DAG(s) 'example_branch_dop_operator_v3' retrieved from /home/airflow/.local/lib/python3.12/site-packages/airflow/example_dags/example_branch_python_dop_operator_3.py
[2025-10-10T09:47:45.987+0000] {logging_mixin.py:190} INFO - [2025-10-10T09:47:45.987+0000] {dag.py:3239} INFO - Sync 1 DAGs
[2025-10-10T09:47:45.997+0000] {logging_mixin.py:190} INFO - [2025-10-10T09:47:45.997+0000] {dag.py:4180} INFO - Setting next_dagrun for example_branch_dop_operator_v3 to 2025-10-10 09:46:00+00:00, run_after=2025-10-10 09:47:00+00:00
[2025-10-10T09:47:46.006+0000] {processor.py:208} INFO - Processing /home/airflow/.local/lib/python3.12/site-packages/airflow/example_dags/example_branch_python_dop_operator_3.py took 0.036 seconds
[2025-10-10T09:48:17.196+0000] {processor.py:186} INFO - Started process (PID=591) to work on /home/airflow/.local/lib/python3.12/site-packages/airflow/example_dags/example_branch_python_dop_operator_3.py
[2025-10-10T09:48:17.198+0000] {processor.py:914} INFO - Processing file /home/airflow/.local/lib/python3.12/site-packages/airflow/example_dags/example_branch_python_dop_operator_3.py for tasks to queue
[2025-10-10T09:48:17.198+0000] {logging_mixin.py:190} INFO - [2025-10-10T09:48:17.198+0000] {dagbag.py:588} INFO - Filling up the DagBag from /home/airflow/.local/lib/python3.12/site-packages/airflow/example_dags/example_branch_python_dop_operator_3.py
[2025-10-10T09:48:17.204+0000] {processor.py:925} INFO - DAG(s) 'example_branch_dop_operator_v3' retrieved from /home/airflow/.local/lib/python3.12/site-packages/airflow/example_dags/example_branch_python_dop_operator_3.py
[2025-10-10T09:48:17.218+0000] {logging_mixin.py:190} INFO - [2025-10-10T09:48:17.216+0000] {dag.py:3239} INFO - Sync 1 DAGs
[2025-10-10T09:48:17.227+0000] {logging_mixin.py:190} INFO - [2025-10-10T09:48:17.227+0000] {dag.py:4180} INFO - Setting next_dagrun for example_branch_dop_operator_v3 to 2025-10-10 09:47:00+00:00, run_after=2025-10-10 09:48:00+00:00
[2025-10-10T09:48:17.233+0000] {processor.py:208} INFO - Processing /home/airflow/.local/lib/python3.12/site-packages/airflow/example_dags/example_branch_python_dop_operator_3.py took 0.039 seconds
[2025-10-10T09:48:47.453+0000] {processor.py:186} INFO - Started process (PID=655) to work on /home/airflow/.local/lib/python3.12/site-packages/airflow/example_dags/example_branch_python_dop_operator_3.py
[2025-10-10T09:48:47.453+0000] {processor.py:914} INFO - Processing file /home/airflow/.local/lib/python3.12/site-packages/airflow/example_dags/example_branch_python_dop_operator_3.py for tasks to queue
[2025-10-10T09:48:47.459+0000] {logging_mixin.py:190} INFO - [2025-10-10T09:48:47.459+0000] {dagbag.py:588} INFO - Filling up the DagBag from /home/airflow/.local/lib/python3.12/site-packages/airflow/example_dags/example_branch_python_dop_operator_3.py
[2025-10-10T09:48:47.464+0000] {processor.py:925} INFO - DAG(s) 'example_branch_dop_operator_v3' retrieved from /home/airflow/.local/lib/python3.12/site-packages/airflow/example_dags/example_branch_python_dop_operator_3.py
[2025-10-10T09:48:47.475+0000] {logging_mixin.py:190} INFO - [2025-10-10T09:48:47.475+0000] {dag.py:3239} INFO - Sync 1 DAGs
[2025-10-10T09:48:47.484+0000] {logging_mixin.py:190} INFO - [2025-10-10T09:48:47.484+0000] {dag.py:4180} INFO - Setting next_dagrun for example_branch_dop_operator_v3 to 2025-10-10 09:47:00+00:00, run_after=2025-10-10 09:48:00+00:00
[2025-10-10T09:48:47.490+0000] {processor.py:208} INFO - Processing /home/airflow/.local/lib/python3.12/site-packages/airflow/example_dags/example_branch_python_dop_operator_3.py took 0.039 seconds
