[2025-10-10T09:36:22.754+0000] {processor.py:186} INFO - Started process (PID=90) to work on /home/airflow/.local/lib/python3.12/site-packages/airflow/example_dags/example_setup_teardown.py
[2025-10-10T09:36:22.755+0000] {processor.py:914} INFO - Processing file /home/airflow/.local/lib/python3.12/site-packages/airflow/example_dags/example_setup_teardown.py for tasks to queue
[2025-10-10T09:36:22.756+0000] {logging_mixin.py:190} INFO - [2025-10-10T09:36:22.756+0000] {dagbag.py:588} INFO - Filling up the DagBag from /home/airflow/.local/lib/python3.12/site-packages/airflow/example_dags/example_setup_teardown.py
[2025-10-10T09:36:22.761+0000] {processor.py:925} INFO - DAG(s) 'example_setup_teardown' retrieved from /home/airflow/.local/lib/python3.12/site-packages/airflow/example_dags/example_setup_teardown.py
[2025-10-10T09:36:22.799+0000] {logging_mixin.py:190} INFO - [2025-10-10T09:36:22.799+0000] {override.py:1911} INFO - Created Permission View: can edit on DAG:example_setup_teardown
[2025-10-10T09:36:22.802+0000] {logging_mixin.py:190} INFO - [2025-10-10T09:36:22.802+0000] {override.py:1911} INFO - Created Permission View: can read on DAG:example_setup_teardown
[2025-10-10T09:36:22.804+0000] {logging_mixin.py:190} INFO - [2025-10-10T09:36:22.804+0000] {override.py:1911} INFO - Created Permission View: can delete on DAG:example_setup_teardown
[2025-10-10T09:36:22.808+0000] {logging_mixin.py:190} INFO - [2025-10-10T09:36:22.808+0000] {override.py:1911} INFO - Created Permission View: can read on DAG Run:example_setup_teardown
[2025-10-10T09:36:22.810+0000] {logging_mixin.py:190} INFO - [2025-10-10T09:36:22.810+0000] {override.py:1911} INFO - Created Permission View: menu access on DAG Run:example_setup_teardown
[2025-10-10T09:36:22.812+0000] {logging_mixin.py:190} INFO - [2025-10-10T09:36:22.812+0000] {override.py:1911} INFO - Created Permission View: can delete on DAG Run:example_setup_teardown
[2025-10-10T09:36:22.813+0000] {logging_mixin.py:190} INFO - [2025-10-10T09:36:22.813+0000] {override.py:1911} INFO - Created Permission View: can create on DAG Run:example_setup_teardown
[2025-10-10T09:36:22.813+0000] {logging_mixin.py:190} INFO - [2025-10-10T09:36:22.813+0000] {dag.py:3239} INFO - Sync 1 DAGs
[2025-10-10T09:36:22.819+0000] {logging_mixin.py:190} INFO - [2025-10-10T09:36:22.819+0000] {dag.py:3262} INFO - Creating ORM DAG for example_setup_teardown
[2025-10-10T09:36:22.819+0000] {logging_mixin.py:190} INFO - [2025-10-10T09:36:22.819+0000] {dag.py:4180} INFO - Setting next_dagrun for example_setup_teardown to None, run_after=None
[2025-10-10T09:36:22.825+0000] {processor.py:208} INFO - Processing /home/airflow/.local/lib/python3.12/site-packages/airflow/example_dags/example_setup_teardown.py took 0.073 seconds
[2025-10-10T09:36:53.096+0000] {processor.py:186} INFO - Started process (PID=153) to work on /home/airflow/.local/lib/python3.12/site-packages/airflow/example_dags/example_setup_teardown.py
[2025-10-10T09:36:53.096+0000] {processor.py:914} INFO - Processing file /home/airflow/.local/lib/python3.12/site-packages/airflow/example_dags/example_setup_teardown.py for tasks to queue
[2025-10-10T09:36:53.097+0000] {logging_mixin.py:190} INFO - [2025-10-10T09:36:53.097+0000] {dagbag.py:588} INFO - Filling up the DagBag from /home/airflow/.local/lib/python3.12/site-packages/airflow/example_dags/example_setup_teardown.py
[2025-10-10T09:36:53.100+0000] {processor.py:925} INFO - DAG(s) 'example_setup_teardown' retrieved from /home/airflow/.local/lib/python3.12/site-packages/airflow/example_dags/example_setup_teardown.py
[2025-10-10T09:36:53.107+0000] {logging_mixin.py:190} INFO - [2025-10-10T09:36:53.107+0000] {dag.py:3239} INFO - Sync 1 DAGs
[2025-10-10T09:36:53.112+0000] {logging_mixin.py:190} INFO - [2025-10-10T09:36:53.112+0000] {dag.py:4180} INFO - Setting next_dagrun for example_setup_teardown to None, run_after=None
[2025-10-10T09:36:53.117+0000] {processor.py:208} INFO - Processing /home/airflow/.local/lib/python3.12/site-packages/airflow/example_dags/example_setup_teardown.py took 0.024 seconds
[2025-10-10T09:37:23.407+0000] {processor.py:186} INFO - Started process (PID=216) to work on /home/airflow/.local/lib/python3.12/site-packages/airflow/example_dags/example_setup_teardown.py
[2025-10-10T09:37:23.410+0000] {processor.py:914} INFO - Processing file /home/airflow/.local/lib/python3.12/site-packages/airflow/example_dags/example_setup_teardown.py for tasks to queue
[2025-10-10T09:37:23.412+0000] {logging_mixin.py:190} INFO - [2025-10-10T09:37:23.412+0000] {dagbag.py:588} INFO - Filling up the DagBag from /home/airflow/.local/lib/python3.12/site-packages/airflow/example_dags/example_setup_teardown.py
[2025-10-10T09:37:23.418+0000] {processor.py:925} INFO - DAG(s) 'example_setup_teardown' retrieved from /home/airflow/.local/lib/python3.12/site-packages/airflow/example_dags/example_setup_teardown.py
[2025-10-10T09:37:23.426+0000] {logging_mixin.py:190} INFO - [2025-10-10T09:37:23.426+0000] {dag.py:3239} INFO - Sync 1 DAGs
[2025-10-10T09:37:23.432+0000] {logging_mixin.py:190} INFO - [2025-10-10T09:37:23.432+0000] {dag.py:4180} INFO - Setting next_dagrun for example_setup_teardown to None, run_after=None
[2025-10-10T09:37:23.440+0000] {processor.py:208} INFO - Processing /home/airflow/.local/lib/python3.12/site-packages/airflow/example_dags/example_setup_teardown.py took 0.036 seconds
[2025-10-10T09:37:54.495+0000] {processor.py:186} INFO - Started process (PID=279) to work on /home/airflow/.local/lib/python3.12/site-packages/airflow/example_dags/example_setup_teardown.py
[2025-10-10T09:37:54.495+0000] {processor.py:914} INFO - Processing file /home/airflow/.local/lib/python3.12/site-packages/airflow/example_dags/example_setup_teardown.py for tasks to queue
[2025-10-10T09:37:54.496+0000] {logging_mixin.py:190} INFO - [2025-10-10T09:37:54.496+0000] {dagbag.py:588} INFO - Filling up the DagBag from /home/airflow/.local/lib/python3.12/site-packages/airflow/example_dags/example_setup_teardown.py
[2025-10-10T09:37:54.500+0000] {processor.py:925} INFO - DAG(s) 'example_setup_teardown' retrieved from /home/airflow/.local/lib/python3.12/site-packages/airflow/example_dags/example_setup_teardown.py
[2025-10-10T09:37:54.506+0000] {logging_mixin.py:190} INFO - [2025-10-10T09:37:54.506+0000] {dag.py:3239} INFO - Sync 1 DAGs
[2025-10-10T09:37:54.512+0000] {logging_mixin.py:190} INFO - [2025-10-10T09:37:54.512+0000] {dag.py:4180} INFO - Setting next_dagrun for example_setup_teardown to None, run_after=None
[2025-10-10T09:37:54.518+0000] {processor.py:208} INFO - Processing /home/airflow/.local/lib/python3.12/site-packages/airflow/example_dags/example_setup_teardown.py took 0.025 seconds
[2025-10-10T09:38:18.057+0000] {processor.py:186} INFO - Started process (PID=86) to work on /home/airflow/.local/lib/python3.12/site-packages/airflow/example_dags/example_setup_teardown.py
[2025-10-10T09:38:18.057+0000] {processor.py:914} INFO - Processing file /home/airflow/.local/lib/python3.12/site-packages/airflow/example_dags/example_setup_teardown.py for tasks to queue
[2025-10-10T09:38:18.058+0000] {logging_mixin.py:190} INFO - [2025-10-10T09:38:18.058+0000] {dagbag.py:588} INFO - Filling up the DagBag from /home/airflow/.local/lib/python3.12/site-packages/airflow/example_dags/example_setup_teardown.py
[2025-10-10T09:38:18.061+0000] {processor.py:925} INFO - DAG(s) 'example_setup_teardown' retrieved from /home/airflow/.local/lib/python3.12/site-packages/airflow/example_dags/example_setup_teardown.py
[2025-10-10T09:38:18.069+0000] {logging_mixin.py:190} INFO - [2025-10-10T09:38:18.069+0000] {dag.py:3239} INFO - Sync 1 DAGs
[2025-10-10T09:38:18.074+0000] {logging_mixin.py:190} INFO - [2025-10-10T09:38:18.074+0000] {dag.py:4180} INFO - Setting next_dagrun for example_setup_teardown to None, run_after=None
[2025-10-10T09:38:18.080+0000] {processor.py:208} INFO - Processing /home/airflow/.local/lib/python3.12/site-packages/airflow/example_dags/example_setup_teardown.py took 0.025 seconds
[2025-10-10T09:38:49.200+0000] {processor.py:186} INFO - Started process (PID=150) to work on /home/airflow/.local/lib/python3.12/site-packages/airflow/example_dags/example_setup_teardown.py
[2025-10-10T09:38:49.203+0000] {processor.py:914} INFO - Processing file /home/airflow/.local/lib/python3.12/site-packages/airflow/example_dags/example_setup_teardown.py for tasks to queue
[2025-10-10T09:38:49.203+0000] {logging_mixin.py:190} INFO - [2025-10-10T09:38:49.203+0000] {dagbag.py:588} INFO - Filling up the DagBag from /home/airflow/.local/lib/python3.12/site-packages/airflow/example_dags/example_setup_teardown.py
[2025-10-10T09:38:49.209+0000] {processor.py:925} INFO - DAG(s) 'example_setup_teardown' retrieved from /home/airflow/.local/lib/python3.12/site-packages/airflow/example_dags/example_setup_teardown.py
[2025-10-10T09:38:49.217+0000] {logging_mixin.py:190} INFO - [2025-10-10T09:38:49.217+0000] {dag.py:3239} INFO - Sync 1 DAGs
[2025-10-10T09:38:49.224+0000] {logging_mixin.py:190} INFO - [2025-10-10T09:38:49.224+0000] {dag.py:4180} INFO - Setting next_dagrun for example_setup_teardown to None, run_after=None
[2025-10-10T09:38:49.232+0000] {processor.py:208} INFO - Processing /home/airflow/.local/lib/python3.12/site-packages/airflow/example_dags/example_setup_teardown.py took 0.034 seconds
[2025-10-10T09:39:20.318+0000] {processor.py:186} INFO - Started process (PID=214) to work on /home/airflow/.local/lib/python3.12/site-packages/airflow/example_dags/example_setup_teardown.py
[2025-10-10T09:39:20.323+0000] {processor.py:914} INFO - Processing file /home/airflow/.local/lib/python3.12/site-packages/airflow/example_dags/example_setup_teardown.py for tasks to queue
[2025-10-10T09:39:20.323+0000] {logging_mixin.py:190} INFO - [2025-10-10T09:39:20.323+0000] {dagbag.py:588} INFO - Filling up the DagBag from /home/airflow/.local/lib/python3.12/site-packages/airflow/example_dags/example_setup_teardown.py
[2025-10-10T09:39:20.332+0000] {processor.py:925} INFO - DAG(s) 'example_setup_teardown' retrieved from /home/airflow/.local/lib/python3.12/site-packages/airflow/example_dags/example_setup_teardown.py
[2025-10-10T09:39:20.340+0000] {logging_mixin.py:190} INFO - [2025-10-10T09:39:20.340+0000] {dag.py:3239} INFO - Sync 1 DAGs
[2025-10-10T09:39:20.345+0000] {logging_mixin.py:190} INFO - [2025-10-10T09:39:20.345+0000] {dag.py:4180} INFO - Setting next_dagrun for example_setup_teardown to None, run_after=None
[2025-10-10T09:39:20.354+0000] {processor.py:208} INFO - Processing /home/airflow/.local/lib/python3.12/site-packages/airflow/example_dags/example_setup_teardown.py took 0.038 seconds
[2025-10-10T09:39:51.475+0000] {processor.py:186} INFO - Started process (PID=278) to work on /home/airflow/.local/lib/python3.12/site-packages/airflow/example_dags/example_setup_teardown.py
[2025-10-10T09:39:51.475+0000] {processor.py:914} INFO - Processing file /home/airflow/.local/lib/python3.12/site-packages/airflow/example_dags/example_setup_teardown.py for tasks to queue
[2025-10-10T09:39:51.476+0000] {logging_mixin.py:190} INFO - [2025-10-10T09:39:51.476+0000] {dagbag.py:588} INFO - Filling up the DagBag from /home/airflow/.local/lib/python3.12/site-packages/airflow/example_dags/example_setup_teardown.py
[2025-10-10T09:39:51.479+0000] {processor.py:925} INFO - DAG(s) 'example_setup_teardown' retrieved from /home/airflow/.local/lib/python3.12/site-packages/airflow/example_dags/example_setup_teardown.py
[2025-10-10T09:39:51.485+0000] {logging_mixin.py:190} INFO - [2025-10-10T09:39:51.485+0000] {dag.py:3239} INFO - Sync 1 DAGs
[2025-10-10T09:39:51.489+0000] {logging_mixin.py:190} INFO - [2025-10-10T09:39:51.489+0000] {dag.py:4180} INFO - Setting next_dagrun for example_setup_teardown to None, run_after=None
[2025-10-10T09:39:51.494+0000] {processor.py:208} INFO - Processing /home/airflow/.local/lib/python3.12/site-packages/airflow/example_dags/example_setup_teardown.py took 0.021 seconds
[2025-10-10T09:40:22.702+0000] {processor.py:186} INFO - Started process (PID=342) to work on /home/airflow/.local/lib/python3.12/site-packages/airflow/example_dags/example_setup_teardown.py
[2025-10-10T09:40:22.705+0000] {processor.py:914} INFO - Processing file /home/airflow/.local/lib/python3.12/site-packages/airflow/example_dags/example_setup_teardown.py for tasks to queue
[2025-10-10T09:40:22.707+0000] {logging_mixin.py:190} INFO - [2025-10-10T09:40:22.707+0000] {dagbag.py:588} INFO - Filling up the DagBag from /home/airflow/.local/lib/python3.12/site-packages/airflow/example_dags/example_setup_teardown.py
[2025-10-10T09:40:22.711+0000] {processor.py:925} INFO - DAG(s) 'example_setup_teardown' retrieved from /home/airflow/.local/lib/python3.12/site-packages/airflow/example_dags/example_setup_teardown.py
[2025-10-10T09:40:22.720+0000] {logging_mixin.py:190} INFO - [2025-10-10T09:40:22.720+0000] {dag.py:3239} INFO - Sync 1 DAGs
[2025-10-10T09:40:22.725+0000] {logging_mixin.py:190} INFO - [2025-10-10T09:40:22.725+0000] {dag.py:4180} INFO - Setting next_dagrun for example_setup_teardown to None, run_after=None
[2025-10-10T09:40:22.731+0000] {processor.py:208} INFO - Processing /home/airflow/.local/lib/python3.12/site-packages/airflow/example_dags/example_setup_teardown.py took 0.032 seconds
[2025-10-10T09:40:53.896+0000] {processor.py:186} INFO - Started process (PID=406) to work on /home/airflow/.local/lib/python3.12/site-packages/airflow/example_dags/example_setup_teardown.py
[2025-10-10T09:40:53.896+0000] {processor.py:914} INFO - Processing file /home/airflow/.local/lib/python3.12/site-packages/airflow/example_dags/example_setup_teardown.py for tasks to queue
[2025-10-10T09:40:53.897+0000] {logging_mixin.py:190} INFO - [2025-10-10T09:40:53.897+0000] {dagbag.py:588} INFO - Filling up the DagBag from /home/airflow/.local/lib/python3.12/site-packages/airflow/example_dags/example_setup_teardown.py
[2025-10-10T09:40:53.900+0000] {processor.py:925} INFO - DAG(s) 'example_setup_teardown' retrieved from /home/airflow/.local/lib/python3.12/site-packages/airflow/example_dags/example_setup_teardown.py
[2025-10-10T09:40:53.910+0000] {logging_mixin.py:190} INFO - [2025-10-10T09:40:53.910+0000] {dag.py:3239} INFO - Sync 1 DAGs
[2025-10-10T09:40:53.915+0000] {logging_mixin.py:190} INFO - [2025-10-10T09:40:53.915+0000] {dag.py:4180} INFO - Setting next_dagrun for example_setup_teardown to None, run_after=None
[2025-10-10T09:40:53.923+0000] {processor.py:208} INFO - Processing /home/airflow/.local/lib/python3.12/site-packages/airflow/example_dags/example_setup_teardown.py took 0.029 seconds
[2025-10-10T09:41:25.021+0000] {processor.py:186} INFO - Started process (PID=470) to work on /home/airflow/.local/lib/python3.12/site-packages/airflow/example_dags/example_setup_teardown.py
[2025-10-10T09:41:25.024+0000] {processor.py:914} INFO - Processing file /home/airflow/.local/lib/python3.12/site-packages/airflow/example_dags/example_setup_teardown.py for tasks to queue
[2025-10-10T09:41:25.025+0000] {logging_mixin.py:190} INFO - [2025-10-10T09:41:25.025+0000] {dagbag.py:588} INFO - Filling up the DagBag from /home/airflow/.local/lib/python3.12/site-packages/airflow/example_dags/example_setup_teardown.py
[2025-10-10T09:41:25.028+0000] {processor.py:925} INFO - DAG(s) 'example_setup_teardown' retrieved from /home/airflow/.local/lib/python3.12/site-packages/airflow/example_dags/example_setup_teardown.py
[2025-10-10T09:41:25.039+0000] {logging_mixin.py:190} INFO - [2025-10-10T09:41:25.039+0000] {dag.py:3239} INFO - Sync 1 DAGs
[2025-10-10T09:41:25.045+0000] {logging_mixin.py:190} INFO - [2025-10-10T09:41:25.045+0000] {dag.py:4180} INFO - Setting next_dagrun for example_setup_teardown to None, run_after=None
[2025-10-10T09:41:25.056+0000] {processor.py:208} INFO - Processing /home/airflow/.local/lib/python3.12/site-packages/airflow/example_dags/example_setup_teardown.py took 0.037 seconds
[2025-10-10T09:41:56.247+0000] {processor.py:186} INFO - Started process (PID=534) to work on /home/airflow/.local/lib/python3.12/site-packages/airflow/example_dags/example_setup_teardown.py
[2025-10-10T09:41:56.248+0000] {processor.py:914} INFO - Processing file /home/airflow/.local/lib/python3.12/site-packages/airflow/example_dags/example_setup_teardown.py for tasks to queue
[2025-10-10T09:41:56.249+0000] {logging_mixin.py:190} INFO - [2025-10-10T09:41:56.249+0000] {dagbag.py:588} INFO - Filling up the DagBag from /home/airflow/.local/lib/python3.12/site-packages/airflow/example_dags/example_setup_teardown.py
[2025-10-10T09:41:56.252+0000] {processor.py:925} INFO - DAG(s) 'example_setup_teardown' retrieved from /home/airflow/.local/lib/python3.12/site-packages/airflow/example_dags/example_setup_teardown.py
[2025-10-10T09:41:56.260+0000] {logging_mixin.py:190} INFO - [2025-10-10T09:41:56.260+0000] {dag.py:3239} INFO - Sync 1 DAGs
[2025-10-10T09:41:56.264+0000] {logging_mixin.py:190} INFO - [2025-10-10T09:41:56.264+0000] {dag.py:4180} INFO - Setting next_dagrun for example_setup_teardown to None, run_after=None
[2025-10-10T09:41:56.272+0000] {processor.py:208} INFO - Processing /home/airflow/.local/lib/python3.12/site-packages/airflow/example_dags/example_setup_teardown.py took 0.027 seconds
[2025-10-10T09:42:27.340+0000] {processor.py:186} INFO - Started process (PID=598) to work on /home/airflow/.local/lib/python3.12/site-packages/airflow/example_dags/example_setup_teardown.py
[2025-10-10T09:42:27.341+0000] {processor.py:914} INFO - Processing file /home/airflow/.local/lib/python3.12/site-packages/airflow/example_dags/example_setup_teardown.py for tasks to queue
[2025-10-10T09:42:27.342+0000] {logging_mixin.py:190} INFO - [2025-10-10T09:42:27.341+0000] {dagbag.py:588} INFO - Filling up the DagBag from /home/airflow/.local/lib/python3.12/site-packages/airflow/example_dags/example_setup_teardown.py
[2025-10-10T09:42:27.345+0000] {processor.py:925} INFO - DAG(s) 'example_setup_teardown' retrieved from /home/airflow/.local/lib/python3.12/site-packages/airflow/example_dags/example_setup_teardown.py
[2025-10-10T09:42:27.352+0000] {logging_mixin.py:190} INFO - [2025-10-10T09:42:27.352+0000] {dag.py:3239} INFO - Sync 1 DAGs
[2025-10-10T09:42:27.357+0000] {logging_mixin.py:190} INFO - [2025-10-10T09:42:27.357+0000] {dag.py:4180} INFO - Setting next_dagrun for example_setup_teardown to None, run_after=None
[2025-10-10T09:42:27.366+0000] {processor.py:208} INFO - Processing /home/airflow/.local/lib/python3.12/site-packages/airflow/example_dags/example_setup_teardown.py took 0.027 seconds
[2025-10-10T09:42:58.588+0000] {processor.py:186} INFO - Started process (PID=662) to work on /home/airflow/.local/lib/python3.12/site-packages/airflow/example_dags/example_setup_teardown.py
[2025-10-10T09:42:58.589+0000] {processor.py:914} INFO - Processing file /home/airflow/.local/lib/python3.12/site-packages/airflow/example_dags/example_setup_teardown.py for tasks to queue
[2025-10-10T09:42:58.590+0000] {logging_mixin.py:190} INFO - [2025-10-10T09:42:58.590+0000] {dagbag.py:588} INFO - Filling up the DagBag from /home/airflow/.local/lib/python3.12/site-packages/airflow/example_dags/example_setup_teardown.py
[2025-10-10T09:42:58.594+0000] {processor.py:925} INFO - DAG(s) 'example_setup_teardown' retrieved from /home/airflow/.local/lib/python3.12/site-packages/airflow/example_dags/example_setup_teardown.py
[2025-10-10T09:42:58.602+0000] {logging_mixin.py:190} INFO - [2025-10-10T09:42:58.602+0000] {dag.py:3239} INFO - Sync 1 DAGs
[2025-10-10T09:42:58.607+0000] {logging_mixin.py:190} INFO - [2025-10-10T09:42:58.607+0000] {dag.py:4180} INFO - Setting next_dagrun for example_setup_teardown to None, run_after=None
[2025-10-10T09:42:58.614+0000] {processor.py:208} INFO - Processing /home/airflow/.local/lib/python3.12/site-packages/airflow/example_dags/example_setup_teardown.py took 0.028 seconds
[2025-10-10T09:43:29.682+0000] {processor.py:186} INFO - Started process (PID=726) to work on /home/airflow/.local/lib/python3.12/site-packages/airflow/example_dags/example_setup_teardown.py
[2025-10-10T09:43:29.683+0000] {processor.py:914} INFO - Processing file /home/airflow/.local/lib/python3.12/site-packages/airflow/example_dags/example_setup_teardown.py for tasks to queue
[2025-10-10T09:43:29.684+0000] {logging_mixin.py:190} INFO - [2025-10-10T09:43:29.683+0000] {dagbag.py:588} INFO - Filling up the DagBag from /home/airflow/.local/lib/python3.12/site-packages/airflow/example_dags/example_setup_teardown.py
[2025-10-10T09:43:29.687+0000] {processor.py:925} INFO - DAG(s) 'example_setup_teardown' retrieved from /home/airflow/.local/lib/python3.12/site-packages/airflow/example_dags/example_setup_teardown.py
[2025-10-10T09:43:29.694+0000] {logging_mixin.py:190} INFO - [2025-10-10T09:43:29.694+0000] {dag.py:3239} INFO - Sync 1 DAGs
[2025-10-10T09:43:29.698+0000] {logging_mixin.py:190} INFO - [2025-10-10T09:43:29.698+0000] {dag.py:4180} INFO - Setting next_dagrun for example_setup_teardown to None, run_after=None
[2025-10-10T09:43:29.707+0000] {processor.py:208} INFO - Processing /home/airflow/.local/lib/python3.12/site-packages/airflow/example_dags/example_setup_teardown.py took 0.026 seconds
[2025-10-10T09:44:10.371+0000] {processor.py:186} INFO - Started process (PID=93) to work on /home/airflow/.local/lib/python3.12/site-packages/airflow/example_dags/example_setup_teardown.py
[2025-10-10T09:44:10.372+0000] {processor.py:914} INFO - Processing file /home/airflow/.local/lib/python3.12/site-packages/airflow/example_dags/example_setup_teardown.py for tasks to queue
[2025-10-10T09:44:10.373+0000] {logging_mixin.py:190} INFO - [2025-10-10T09:44:10.373+0000] {dagbag.py:588} INFO - Filling up the DagBag from /home/airflow/.local/lib/python3.12/site-packages/airflow/example_dags/example_setup_teardown.py
[2025-10-10T09:44:10.379+0000] {processor.py:925} INFO - DAG(s) 'example_setup_teardown' retrieved from /home/airflow/.local/lib/python3.12/site-packages/airflow/example_dags/example_setup_teardown.py
[2025-10-10T09:44:10.388+0000] {logging_mixin.py:190} INFO - [2025-10-10T09:44:10.388+0000] {dag.py:3239} INFO - Sync 1 DAGs
[2025-10-10T09:44:10.394+0000] {logging_mixin.py:190} INFO - [2025-10-10T09:44:10.394+0000] {dag.py:4180} INFO - Setting next_dagrun for example_setup_teardown to None, run_after=None
[2025-10-10T09:44:10.405+0000] {processor.py:208} INFO - Processing /home/airflow/.local/lib/python3.12/site-packages/airflow/example_dags/example_setup_teardown.py took 0.036 seconds
[2025-10-10T09:44:41.522+0000] {processor.py:186} INFO - Started process (PID=157) to work on /home/airflow/.local/lib/python3.12/site-packages/airflow/example_dags/example_setup_teardown.py
[2025-10-10T09:44:41.522+0000] {processor.py:914} INFO - Processing file /home/airflow/.local/lib/python3.12/site-packages/airflow/example_dags/example_setup_teardown.py for tasks to queue
[2025-10-10T09:44:41.523+0000] {logging_mixin.py:190} INFO - [2025-10-10T09:44:41.523+0000] {dagbag.py:588} INFO - Filling up the DagBag from /home/airflow/.local/lib/python3.12/site-packages/airflow/example_dags/example_setup_teardown.py
[2025-10-10T09:44:41.526+0000] {processor.py:925} INFO - DAG(s) 'example_setup_teardown' retrieved from /home/airflow/.local/lib/python3.12/site-packages/airflow/example_dags/example_setup_teardown.py
[2025-10-10T09:44:41.535+0000] {logging_mixin.py:190} INFO - [2025-10-10T09:44:41.534+0000] {dag.py:3239} INFO - Sync 1 DAGs
[2025-10-10T09:44:41.540+0000] {logging_mixin.py:190} INFO - [2025-10-10T09:44:41.539+0000] {dag.py:4180} INFO - Setting next_dagrun for example_setup_teardown to None, run_after=None
[2025-10-10T09:44:41.549+0000] {processor.py:208} INFO - Processing /home/airflow/.local/lib/python3.12/site-packages/airflow/example_dags/example_setup_teardown.py took 0.029 seconds
[2025-10-10T09:45:12.566+0000] {processor.py:186} INFO - Started process (PID=221) to work on /home/airflow/.local/lib/python3.12/site-packages/airflow/example_dags/example_setup_teardown.py
[2025-10-10T09:45:12.567+0000] {processor.py:914} INFO - Processing file /home/airflow/.local/lib/python3.12/site-packages/airflow/example_dags/example_setup_teardown.py for tasks to queue
[2025-10-10T09:45:12.568+0000] {logging_mixin.py:190} INFO - [2025-10-10T09:45:12.568+0000] {dagbag.py:588} INFO - Filling up the DagBag from /home/airflow/.local/lib/python3.12/site-packages/airflow/example_dags/example_setup_teardown.py
[2025-10-10T09:45:12.572+0000] {processor.py:925} INFO - DAG(s) 'example_setup_teardown' retrieved from /home/airflow/.local/lib/python3.12/site-packages/airflow/example_dags/example_setup_teardown.py
[2025-10-10T09:45:12.582+0000] {logging_mixin.py:190} INFO - [2025-10-10T09:45:12.582+0000] {dag.py:3239} INFO - Sync 1 DAGs
[2025-10-10T09:45:12.586+0000] {logging_mixin.py:190} INFO - [2025-10-10T09:45:12.586+0000] {dag.py:4180} INFO - Setting next_dagrun for example_setup_teardown to None, run_after=None
[2025-10-10T09:45:12.593+0000] {processor.py:208} INFO - Processing /home/airflow/.local/lib/python3.12/site-packages/airflow/example_dags/example_setup_teardown.py took 0.029 seconds
[2025-10-10T09:45:43.528+0000] {processor.py:186} INFO - Started process (PID=293) to work on /home/airflow/.local/lib/python3.12/site-packages/airflow/example_dags/example_setup_teardown.py
[2025-10-10T09:45:43.529+0000] {processor.py:914} INFO - Processing file /home/airflow/.local/lib/python3.12/site-packages/airflow/example_dags/example_setup_teardown.py for tasks to queue
[2025-10-10T09:45:43.530+0000] {logging_mixin.py:190} INFO - [2025-10-10T09:45:43.530+0000] {dagbag.py:588} INFO - Filling up the DagBag from /home/airflow/.local/lib/python3.12/site-packages/airflow/example_dags/example_setup_teardown.py
[2025-10-10T09:45:43.537+0000] {processor.py:925} INFO - DAG(s) 'example_setup_teardown' retrieved from /home/airflow/.local/lib/python3.12/site-packages/airflow/example_dags/example_setup_teardown.py
[2025-10-10T09:45:43.555+0000] {logging_mixin.py:190} INFO - [2025-10-10T09:45:43.555+0000] {dag.py:3239} INFO - Sync 1 DAGs
[2025-10-10T09:45:43.567+0000] {logging_mixin.py:190} INFO - [2025-10-10T09:45:43.567+0000] {dag.py:4180} INFO - Setting next_dagrun for example_setup_teardown to None, run_after=None
[2025-10-10T09:45:43.588+0000] {processor.py:208} INFO - Processing /home/airflow/.local/lib/python3.12/site-packages/airflow/example_dags/example_setup_teardown.py took 0.062 seconds
[2025-10-10T09:46:14.639+0000] {processor.py:186} INFO - Started process (PID=357) to work on /home/airflow/.local/lib/python3.12/site-packages/airflow/example_dags/example_setup_teardown.py
[2025-10-10T09:46:14.640+0000] {processor.py:914} INFO - Processing file /home/airflow/.local/lib/python3.12/site-packages/airflow/example_dags/example_setup_teardown.py for tasks to queue
[2025-10-10T09:46:14.642+0000] {logging_mixin.py:190} INFO - [2025-10-10T09:46:14.642+0000] {dagbag.py:588} INFO - Filling up the DagBag from /home/airflow/.local/lib/python3.12/site-packages/airflow/example_dags/example_setup_teardown.py
[2025-10-10T09:46:14.648+0000] {processor.py:925} INFO - DAG(s) 'example_setup_teardown' retrieved from /home/airflow/.local/lib/python3.12/site-packages/airflow/example_dags/example_setup_teardown.py
[2025-10-10T09:46:14.661+0000] {logging_mixin.py:190} INFO - [2025-10-10T09:46:14.661+0000] {dag.py:3239} INFO - Sync 1 DAGs
[2025-10-10T09:46:14.668+0000] {logging_mixin.py:190} INFO - [2025-10-10T09:46:14.668+0000] {dag.py:4180} INFO - Setting next_dagrun for example_setup_teardown to None, run_after=None
[2025-10-10T09:46:14.676+0000] {processor.py:208} INFO - Processing /home/airflow/.local/lib/python3.12/site-packages/airflow/example_dags/example_setup_teardown.py took 0.039 seconds
[2025-10-10T09:46:45.570+0000] {processor.py:186} INFO - Started process (PID=421) to work on /home/airflow/.local/lib/python3.12/site-packages/airflow/example_dags/example_setup_teardown.py
[2025-10-10T09:46:45.571+0000] {processor.py:914} INFO - Processing file /home/airflow/.local/lib/python3.12/site-packages/airflow/example_dags/example_setup_teardown.py for tasks to queue
[2025-10-10T09:46:45.574+0000] {logging_mixin.py:190} INFO - [2025-10-10T09:46:45.574+0000] {dagbag.py:588} INFO - Filling up the DagBag from /home/airflow/.local/lib/python3.12/site-packages/airflow/example_dags/example_setup_teardown.py
[2025-10-10T09:46:45.578+0000] {processor.py:925} INFO - DAG(s) 'example_setup_teardown' retrieved from /home/airflow/.local/lib/python3.12/site-packages/airflow/example_dags/example_setup_teardown.py
[2025-10-10T09:46:45.587+0000] {logging_mixin.py:190} INFO - [2025-10-10T09:46:45.587+0000] {dag.py:3239} INFO - Sync 1 DAGs
[2025-10-10T09:46:45.592+0000] {logging_mixin.py:190} INFO - [2025-10-10T09:46:45.592+0000] {dag.py:4180} INFO - Setting next_dagrun for example_setup_teardown to None, run_after=None
[2025-10-10T09:46:45.601+0000] {processor.py:208} INFO - Processing /home/airflow/.local/lib/python3.12/site-packages/airflow/example_dags/example_setup_teardown.py took 0.033 seconds
[2025-10-10T09:47:16.671+0000] {processor.py:186} INFO - Started process (PID=485) to work on /home/airflow/.local/lib/python3.12/site-packages/airflow/example_dags/example_setup_teardown.py
[2025-10-10T09:47:16.672+0000] {processor.py:914} INFO - Processing file /home/airflow/.local/lib/python3.12/site-packages/airflow/example_dags/example_setup_teardown.py for tasks to queue
[2025-10-10T09:47:16.673+0000] {logging_mixin.py:190} INFO - [2025-10-10T09:47:16.673+0000] {dagbag.py:588} INFO - Filling up the DagBag from /home/airflow/.local/lib/python3.12/site-packages/airflow/example_dags/example_setup_teardown.py
[2025-10-10T09:47:16.676+0000] {processor.py:925} INFO - DAG(s) 'example_setup_teardown' retrieved from /home/airflow/.local/lib/python3.12/site-packages/airflow/example_dags/example_setup_teardown.py
[2025-10-10T09:47:16.683+0000] {logging_mixin.py:190} INFO - [2025-10-10T09:47:16.683+0000] {dag.py:3239} INFO - Sync 1 DAGs
[2025-10-10T09:47:16.689+0000] {logging_mixin.py:190} INFO - [2025-10-10T09:47:16.689+0000] {dag.py:4180} INFO - Setting next_dagrun for example_setup_teardown to None, run_after=None
[2025-10-10T09:47:16.700+0000] {processor.py:208} INFO - Processing /home/airflow/.local/lib/python3.12/site-packages/airflow/example_dags/example_setup_teardown.py took 0.031 seconds
[2025-10-10T09:47:47.680+0000] {processor.py:186} INFO - Started process (PID=549) to work on /home/airflow/.local/lib/python3.12/site-packages/airflow/example_dags/example_setup_teardown.py
[2025-10-10T09:47:47.682+0000] {processor.py:914} INFO - Processing file /home/airflow/.local/lib/python3.12/site-packages/airflow/example_dags/example_setup_teardown.py for tasks to queue
[2025-10-10T09:47:47.684+0000] {logging_mixin.py:190} INFO - [2025-10-10T09:47:47.684+0000] {dagbag.py:588} INFO - Filling up the DagBag from /home/airflow/.local/lib/python3.12/site-packages/airflow/example_dags/example_setup_teardown.py
[2025-10-10T09:47:47.687+0000] {processor.py:925} INFO - DAG(s) 'example_setup_teardown' retrieved from /home/airflow/.local/lib/python3.12/site-packages/airflow/example_dags/example_setup_teardown.py
[2025-10-10T09:47:47.696+0000] {logging_mixin.py:190} INFO - [2025-10-10T09:47:47.696+0000] {dag.py:3239} INFO - Sync 1 DAGs
[2025-10-10T09:47:47.701+0000] {logging_mixin.py:190} INFO - [2025-10-10T09:47:47.700+0000] {dag.py:4180} INFO - Setting next_dagrun for example_setup_teardown to None, run_after=None
[2025-10-10T09:47:47.708+0000] {processor.py:208} INFO - Processing /home/airflow/.local/lib/python3.12/site-packages/airflow/example_dags/example_setup_teardown.py took 0.030 seconds
[2025-10-10T09:48:18.113+0000] {processor.py:186} INFO - Started process (PID=613) to work on /home/airflow/.local/lib/python3.12/site-packages/airflow/example_dags/example_setup_teardown.py
[2025-10-10T09:48:18.113+0000] {processor.py:914} INFO - Processing file /home/airflow/.local/lib/python3.12/site-packages/airflow/example_dags/example_setup_teardown.py for tasks to queue
[2025-10-10T09:48:18.114+0000] {logging_mixin.py:190} INFO - [2025-10-10T09:48:18.114+0000] {dagbag.py:588} INFO - Filling up the DagBag from /home/airflow/.local/lib/python3.12/site-packages/airflow/example_dags/example_setup_teardown.py
[2025-10-10T09:48:18.118+0000] {processor.py:925} INFO - DAG(s) 'example_setup_teardown' retrieved from /home/airflow/.local/lib/python3.12/site-packages/airflow/example_dags/example_setup_teardown.py
[2025-10-10T09:48:18.127+0000] {logging_mixin.py:190} INFO - [2025-10-10T09:48:18.127+0000] {dag.py:3239} INFO - Sync 1 DAGs
[2025-10-10T09:48:18.132+0000] {logging_mixin.py:190} INFO - [2025-10-10T09:48:18.132+0000] {dag.py:4180} INFO - Setting next_dagrun for example_setup_teardown to None, run_after=None
[2025-10-10T09:48:18.141+0000] {processor.py:208} INFO - Processing /home/airflow/.local/lib/python3.12/site-packages/airflow/example_dags/example_setup_teardown.py took 0.031 seconds
[2025-10-10T09:48:48.419+0000] {processor.py:186} INFO - Started process (PID=677) to work on /home/airflow/.local/lib/python3.12/site-packages/airflow/example_dags/example_setup_teardown.py
[2025-10-10T09:48:48.420+0000] {processor.py:914} INFO - Processing file /home/airflow/.local/lib/python3.12/site-packages/airflow/example_dags/example_setup_teardown.py for tasks to queue
[2025-10-10T09:48:48.421+0000] {logging_mixin.py:190} INFO - [2025-10-10T09:48:48.421+0000] {dagbag.py:588} INFO - Filling up the DagBag from /home/airflow/.local/lib/python3.12/site-packages/airflow/example_dags/example_setup_teardown.py
[2025-10-10T09:48:48.425+0000] {processor.py:925} INFO - DAG(s) 'example_setup_teardown' retrieved from /home/airflow/.local/lib/python3.12/site-packages/airflow/example_dags/example_setup_teardown.py
[2025-10-10T09:48:48.436+0000] {logging_mixin.py:190} INFO - [2025-10-10T09:48:48.436+0000] {dag.py:3239} INFO - Sync 1 DAGs
[2025-10-10T09:48:48.441+0000] {logging_mixin.py:190} INFO - [2025-10-10T09:48:48.441+0000] {dag.py:4180} INFO - Setting next_dagrun for example_setup_teardown to None, run_after=None
[2025-10-10T09:48:48.453+0000] {processor.py:208} INFO - Processing /home/airflow/.local/lib/python3.12/site-packages/airflow/example_dags/example_setup_teardown.py took 0.036 seconds
