[2025-10-10T09:36:20.283+0000] {processor.py:186} INFO - Started process (PID=53) to work on /home/airflow/.local/lib/python3.12/site-packages/airflow/example_dags/tutorial_taskflow_api.py
[2025-10-10T09:36:20.283+0000] {processor.py:914} INFO - Processing file /home/airflow/.local/lib/python3.12/site-packages/airflow/example_dags/tutorial_taskflow_api.py for tasks to queue
[2025-10-10T09:36:20.285+0000] {logging_mixin.py:190} INFO - [2025-10-10T09:36:20.284+0000] {dagbag.py:588} INFO - Filling up the DagBag from /home/airflow/.local/lib/python3.12/site-packages/airflow/example_dags/tutorial_taskflow_api.py
[2025-10-10T09:36:20.291+0000] {processor.py:925} INFO - DAG(s) 'tutorial_taskflow_api' retrieved from /home/airflow/.local/lib/python3.12/site-packages/airflow/example_dags/tutorial_taskflow_api.py
[2025-10-10T09:36:20.335+0000] {logging_mixin.py:190} INFO - [2025-10-10T09:36:20.335+0000] {override.py:1911} INFO - Created Permission View: can edit on DAG:tutorial_taskflow_api
[2025-10-10T09:36:20.341+0000] {logging_mixin.py:190} INFO - [2025-10-10T09:36:20.340+0000] {override.py:1911} INFO - Created Permission View: can read on DAG:tutorial_taskflow_api
[2025-10-10T09:36:20.343+0000] {logging_mixin.py:190} INFO - [2025-10-10T09:36:20.343+0000] {override.py:1911} INFO - Created Permission View: can delete on DAG:tutorial_taskflow_api
[2025-10-10T09:36:20.344+0000] {logging_mixin.py:190} INFO - [2025-10-10T09:36:20.344+0000] {override.py:1911} INFO - Created Permission View: can read on DAG Run:tutorial_taskflow_api
[2025-10-10T09:36:20.346+0000] {logging_mixin.py:190} INFO - [2025-10-10T09:36:20.346+0000] {override.py:1911} INFO - Created Permission View: menu access on DAG Run:tutorial_taskflow_api
[2025-10-10T09:36:20.347+0000] {logging_mixin.py:190} INFO - [2025-10-10T09:36:20.347+0000] {override.py:1911} INFO - Created Permission View: can delete on DAG Run:tutorial_taskflow_api
[2025-10-10T09:36:20.349+0000] {logging_mixin.py:190} INFO - [2025-10-10T09:36:20.349+0000] {override.py:1911} INFO - Created Permission View: can create on DAG Run:tutorial_taskflow_api
[2025-10-10T09:36:20.349+0000] {logging_mixin.py:190} INFO - [2025-10-10T09:36:20.349+0000] {dag.py:3239} INFO - Sync 1 DAGs
[2025-10-10T09:36:20.353+0000] {logging_mixin.py:190} INFO - [2025-10-10T09:36:20.353+0000] {dag.py:3262} INFO - Creating ORM DAG for tutorial_taskflow_api
[2025-10-10T09:36:20.353+0000] {logging_mixin.py:190} INFO - [2025-10-10T09:36:20.353+0000] {dag.py:4180} INFO - Setting next_dagrun for tutorial_taskflow_api to None, run_after=None
[2025-10-10T09:36:20.359+0000] {processor.py:208} INFO - Processing /home/airflow/.local/lib/python3.12/site-packages/airflow/example_dags/tutorial_taskflow_api.py took 0.079 seconds
[2025-10-10T09:36:50.651+0000] {processor.py:186} INFO - Started process (PID=115) to work on /home/airflow/.local/lib/python3.12/site-packages/airflow/example_dags/tutorial_taskflow_api.py
[2025-10-10T09:36:50.652+0000] {processor.py:914} INFO - Processing file /home/airflow/.local/lib/python3.12/site-packages/airflow/example_dags/tutorial_taskflow_api.py for tasks to queue
[2025-10-10T09:36:50.653+0000] {logging_mixin.py:190} INFO - [2025-10-10T09:36:50.653+0000] {dagbag.py:588} INFO - Filling up the DagBag from /home/airflow/.local/lib/python3.12/site-packages/airflow/example_dags/tutorial_taskflow_api.py
[2025-10-10T09:36:50.657+0000] {processor.py:925} INFO - DAG(s) 'tutorial_taskflow_api' retrieved from /home/airflow/.local/lib/python3.12/site-packages/airflow/example_dags/tutorial_taskflow_api.py
[2025-10-10T09:36:50.665+0000] {logging_mixin.py:190} INFO - [2025-10-10T09:36:50.665+0000] {dag.py:3239} INFO - Sync 1 DAGs
[2025-10-10T09:36:50.670+0000] {logging_mixin.py:190} INFO - [2025-10-10T09:36:50.670+0000] {dag.py:4180} INFO - Setting next_dagrun for tutorial_taskflow_api to None, run_after=None
[2025-10-10T09:36:50.678+0000] {processor.py:208} INFO - Processing /home/airflow/.local/lib/python3.12/site-packages/airflow/example_dags/tutorial_taskflow_api.py took 0.031 seconds
[2025-10-10T09:37:20.785+0000] {processor.py:186} INFO - Started process (PID=178) to work on /home/airflow/.local/lib/python3.12/site-packages/airflow/example_dags/tutorial_taskflow_api.py
[2025-10-10T09:37:20.786+0000] {processor.py:914} INFO - Processing file /home/airflow/.local/lib/python3.12/site-packages/airflow/example_dags/tutorial_taskflow_api.py for tasks to queue
[2025-10-10T09:37:20.787+0000] {logging_mixin.py:190} INFO - [2025-10-10T09:37:20.787+0000] {dagbag.py:588} INFO - Filling up the DagBag from /home/airflow/.local/lib/python3.12/site-packages/airflow/example_dags/tutorial_taskflow_api.py
[2025-10-10T09:37:20.790+0000] {processor.py:925} INFO - DAG(s) 'tutorial_taskflow_api' retrieved from /home/airflow/.local/lib/python3.12/site-packages/airflow/example_dags/tutorial_taskflow_api.py
[2025-10-10T09:37:20.797+0000] {logging_mixin.py:190} INFO - [2025-10-10T09:37:20.797+0000] {dag.py:3239} INFO - Sync 1 DAGs
[2025-10-10T09:37:20.802+0000] {logging_mixin.py:190} INFO - [2025-10-10T09:37:20.802+0000] {dag.py:4180} INFO - Setting next_dagrun for tutorial_taskflow_api to None, run_after=None
[2025-10-10T09:37:20.809+0000] {processor.py:208} INFO - Processing /home/airflow/.local/lib/python3.12/site-packages/airflow/example_dags/tutorial_taskflow_api.py took 0.027 seconds
[2025-10-10T09:37:51.086+0000] {processor.py:186} INFO - Started process (PID=241) to work on /home/airflow/.local/lib/python3.12/site-packages/airflow/example_dags/tutorial_taskflow_api.py
[2025-10-10T09:37:51.086+0000] {processor.py:914} INFO - Processing file /home/airflow/.local/lib/python3.12/site-packages/airflow/example_dags/tutorial_taskflow_api.py for tasks to queue
[2025-10-10T09:37:51.087+0000] {logging_mixin.py:190} INFO - [2025-10-10T09:37:51.087+0000] {dagbag.py:588} INFO - Filling up the DagBag from /home/airflow/.local/lib/python3.12/site-packages/airflow/example_dags/tutorial_taskflow_api.py
[2025-10-10T09:37:51.090+0000] {processor.py:925} INFO - DAG(s) 'tutorial_taskflow_api' retrieved from /home/airflow/.local/lib/python3.12/site-packages/airflow/example_dags/tutorial_taskflow_api.py
[2025-10-10T09:37:51.097+0000] {logging_mixin.py:190} INFO - [2025-10-10T09:37:51.097+0000] {dag.py:3239} INFO - Sync 1 DAGs
[2025-10-10T09:37:51.102+0000] {logging_mixin.py:190} INFO - [2025-10-10T09:37:51.102+0000] {dag.py:4180} INFO - Setting next_dagrun for tutorial_taskflow_api to None, run_after=None
[2025-10-10T09:37:51.108+0000] {processor.py:208} INFO - Processing /home/airflow/.local/lib/python3.12/site-packages/airflow/example_dags/tutorial_taskflow_api.py took 0.024 seconds
[2025-10-10T09:38:16.805+0000] {processor.py:186} INFO - Started process (PID=43) to work on /home/airflow/.local/lib/python3.12/site-packages/airflow/example_dags/tutorial_taskflow_api.py
[2025-10-10T09:38:16.806+0000] {processor.py:914} INFO - Processing file /home/airflow/.local/lib/python3.12/site-packages/airflow/example_dags/tutorial_taskflow_api.py for tasks to queue
[2025-10-10T09:38:16.807+0000] {logging_mixin.py:190} INFO - [2025-10-10T09:38:16.807+0000] {dagbag.py:588} INFO - Filling up the DagBag from /home/airflow/.local/lib/python3.12/site-packages/airflow/example_dags/tutorial_taskflow_api.py
[2025-10-10T09:38:16.811+0000] {processor.py:925} INFO - DAG(s) 'tutorial_taskflow_api' retrieved from /home/airflow/.local/lib/python3.12/site-packages/airflow/example_dags/tutorial_taskflow_api.py
[2025-10-10T09:38:16.821+0000] {logging_mixin.py:190} INFO - [2025-10-10T09:38:16.821+0000] {dag.py:3239} INFO - Sync 1 DAGs
[2025-10-10T09:38:16.827+0000] {logging_mixin.py:190} INFO - [2025-10-10T09:38:16.827+0000] {dag.py:4180} INFO - Setting next_dagrun for tutorial_taskflow_api to None, run_after=None
[2025-10-10T09:38:16.833+0000] {processor.py:208} INFO - Processing /home/airflow/.local/lib/python3.12/site-packages/airflow/example_dags/tutorial_taskflow_api.py took 0.030 seconds
[2025-10-10T09:38:47.913+0000] {processor.py:186} INFO - Started process (PID=113) to work on /home/airflow/.local/lib/python3.12/site-packages/airflow/example_dags/tutorial_taskflow_api.py
[2025-10-10T09:38:47.915+0000] {processor.py:914} INFO - Processing file /home/airflow/.local/lib/python3.12/site-packages/airflow/example_dags/tutorial_taskflow_api.py for tasks to queue
[2025-10-10T09:38:47.917+0000] {logging_mixin.py:190} INFO - [2025-10-10T09:38:47.917+0000] {dagbag.py:588} INFO - Filling up the DagBag from /home/airflow/.local/lib/python3.12/site-packages/airflow/example_dags/tutorial_taskflow_api.py
[2025-10-10T09:38:47.921+0000] {processor.py:925} INFO - DAG(s) 'tutorial_taskflow_api' retrieved from /home/airflow/.local/lib/python3.12/site-packages/airflow/example_dags/tutorial_taskflow_api.py
[2025-10-10T09:38:47.928+0000] {logging_mixin.py:190} INFO - [2025-10-10T09:38:47.928+0000] {dag.py:3239} INFO - Sync 1 DAGs
[2025-10-10T09:38:47.933+0000] {logging_mixin.py:190} INFO - [2025-10-10T09:38:47.933+0000] {dag.py:4180} INFO - Setting next_dagrun for tutorial_taskflow_api to None, run_after=None
[2025-10-10T09:38:47.940+0000] {processor.py:208} INFO - Processing /home/airflow/.local/lib/python3.12/site-packages/airflow/example_dags/tutorial_taskflow_api.py took 0.029 seconds
[2025-10-10T09:39:18.993+0000] {processor.py:186} INFO - Started process (PID=177) to work on /home/airflow/.local/lib/python3.12/site-packages/airflow/example_dags/tutorial_taskflow_api.py
[2025-10-10T09:39:18.994+0000] {processor.py:914} INFO - Processing file /home/airflow/.local/lib/python3.12/site-packages/airflow/example_dags/tutorial_taskflow_api.py for tasks to queue
[2025-10-10T09:39:18.996+0000] {logging_mixin.py:190} INFO - [2025-10-10T09:39:18.995+0000] {dagbag.py:588} INFO - Filling up the DagBag from /home/airflow/.local/lib/python3.12/site-packages/airflow/example_dags/tutorial_taskflow_api.py
[2025-10-10T09:39:19.000+0000] {processor.py:925} INFO - DAG(s) 'tutorial_taskflow_api' retrieved from /home/airflow/.local/lib/python3.12/site-packages/airflow/example_dags/tutorial_taskflow_api.py
[2025-10-10T09:39:19.011+0000] {logging_mixin.py:190} INFO - [2025-10-10T09:39:19.011+0000] {dag.py:3239} INFO - Sync 1 DAGs
[2025-10-10T09:39:19.017+0000] {logging_mixin.py:190} INFO - [2025-10-10T09:39:19.017+0000] {dag.py:4180} INFO - Setting next_dagrun for tutorial_taskflow_api to None, run_after=None
[2025-10-10T09:39:19.032+0000] {processor.py:208} INFO - Processing /home/airflow/.local/lib/python3.12/site-packages/airflow/example_dags/tutorial_taskflow_api.py took 0.042 seconds
[2025-10-10T09:39:49.055+0000] {processor.py:186} INFO - Started process (PID=240) to work on /home/airflow/.local/lib/python3.12/site-packages/airflow/example_dags/tutorial_taskflow_api.py
[2025-10-10T09:39:49.055+0000] {processor.py:914} INFO - Processing file /home/airflow/.local/lib/python3.12/site-packages/airflow/example_dags/tutorial_taskflow_api.py for tasks to queue
[2025-10-10T09:39:49.056+0000] {logging_mixin.py:190} INFO - [2025-10-10T09:39:49.056+0000] {dagbag.py:588} INFO - Filling up the DagBag from /home/airflow/.local/lib/python3.12/site-packages/airflow/example_dags/tutorial_taskflow_api.py
[2025-10-10T09:39:49.059+0000] {processor.py:925} INFO - DAG(s) 'tutorial_taskflow_api' retrieved from /home/airflow/.local/lib/python3.12/site-packages/airflow/example_dags/tutorial_taskflow_api.py
[2025-10-10T09:39:49.065+0000] {logging_mixin.py:190} INFO - [2025-10-10T09:39:49.065+0000] {dag.py:3239} INFO - Sync 1 DAGs
[2025-10-10T09:39:49.069+0000] {logging_mixin.py:190} INFO - [2025-10-10T09:39:49.069+0000] {dag.py:4180} INFO - Setting next_dagrun for tutorial_taskflow_api to None, run_after=None
[2025-10-10T09:39:49.074+0000] {processor.py:208} INFO - Processing /home/airflow/.local/lib/python3.12/site-packages/airflow/example_dags/tutorial_taskflow_api.py took 0.021 seconds
[2025-10-10T09:40:19.181+0000] {processor.py:186} INFO - Started process (PID=304) to work on /home/airflow/.local/lib/python3.12/site-packages/airflow/example_dags/tutorial_taskflow_api.py
[2025-10-10T09:40:19.181+0000] {processor.py:914} INFO - Processing file /home/airflow/.local/lib/python3.12/site-packages/airflow/example_dags/tutorial_taskflow_api.py for tasks to queue
[2025-10-10T09:40:19.182+0000] {logging_mixin.py:190} INFO - [2025-10-10T09:40:19.182+0000] {dagbag.py:588} INFO - Filling up the DagBag from /home/airflow/.local/lib/python3.12/site-packages/airflow/example_dags/tutorial_taskflow_api.py
[2025-10-10T09:40:19.188+0000] {processor.py:925} INFO - DAG(s) 'tutorial_taskflow_api' retrieved from /home/airflow/.local/lib/python3.12/site-packages/airflow/example_dags/tutorial_taskflow_api.py
[2025-10-10T09:40:19.197+0000] {logging_mixin.py:190} INFO - [2025-10-10T09:40:19.197+0000] {dag.py:3239} INFO - Sync 1 DAGs
[2025-10-10T09:40:19.203+0000] {logging_mixin.py:190} INFO - [2025-10-10T09:40:19.203+0000] {dag.py:4180} INFO - Setting next_dagrun for tutorial_taskflow_api to None, run_after=None
[2025-10-10T09:40:19.212+0000] {processor.py:208} INFO - Processing /home/airflow/.local/lib/python3.12/site-packages/airflow/example_dags/tutorial_taskflow_api.py took 0.034 seconds
[2025-10-10T09:40:49.412+0000] {processor.py:186} INFO - Started process (PID=368) to work on /home/airflow/.local/lib/python3.12/site-packages/airflow/example_dags/tutorial_taskflow_api.py
[2025-10-10T09:40:49.413+0000] {processor.py:914} INFO - Processing file /home/airflow/.local/lib/python3.12/site-packages/airflow/example_dags/tutorial_taskflow_api.py for tasks to queue
[2025-10-10T09:40:49.413+0000] {logging_mixin.py:190} INFO - [2025-10-10T09:40:49.413+0000] {dagbag.py:588} INFO - Filling up the DagBag from /home/airflow/.local/lib/python3.12/site-packages/airflow/example_dags/tutorial_taskflow_api.py
[2025-10-10T09:40:49.419+0000] {processor.py:925} INFO - DAG(s) 'tutorial_taskflow_api' retrieved from /home/airflow/.local/lib/python3.12/site-packages/airflow/example_dags/tutorial_taskflow_api.py
[2025-10-10T09:40:49.432+0000] {logging_mixin.py:190} INFO - [2025-10-10T09:40:49.432+0000] {dag.py:3239} INFO - Sync 1 DAGs
[2025-10-10T09:40:49.436+0000] {logging_mixin.py:190} INFO - [2025-10-10T09:40:49.436+0000] {dag.py:4180} INFO - Setting next_dagrun for tutorial_taskflow_api to None, run_after=None
[2025-10-10T09:40:49.444+0000] {processor.py:208} INFO - Processing /home/airflow/.local/lib/python3.12/site-packages/airflow/example_dags/tutorial_taskflow_api.py took 0.035 seconds
[2025-10-10T09:41:19.598+0000] {processor.py:186} INFO - Started process (PID=432) to work on /home/airflow/.local/lib/python3.12/site-packages/airflow/example_dags/tutorial_taskflow_api.py
[2025-10-10T09:41:19.599+0000] {processor.py:914} INFO - Processing file /home/airflow/.local/lib/python3.12/site-packages/airflow/example_dags/tutorial_taskflow_api.py for tasks to queue
[2025-10-10T09:41:19.600+0000] {logging_mixin.py:190} INFO - [2025-10-10T09:41:19.599+0000] {dagbag.py:588} INFO - Filling up the DagBag from /home/airflow/.local/lib/python3.12/site-packages/airflow/example_dags/tutorial_taskflow_api.py
[2025-10-10T09:41:19.605+0000] {processor.py:925} INFO - DAG(s) 'tutorial_taskflow_api' retrieved from /home/airflow/.local/lib/python3.12/site-packages/airflow/example_dags/tutorial_taskflow_api.py
[2025-10-10T09:41:19.612+0000] {logging_mixin.py:190} INFO - [2025-10-10T09:41:19.612+0000] {dag.py:3239} INFO - Sync 1 DAGs
[2025-10-10T09:41:19.617+0000] {logging_mixin.py:190} INFO - [2025-10-10T09:41:19.617+0000] {dag.py:4180} INFO - Setting next_dagrun for tutorial_taskflow_api to None, run_after=None
[2025-10-10T09:41:19.623+0000] {processor.py:208} INFO - Processing /home/airflow/.local/lib/python3.12/site-packages/airflow/example_dags/tutorial_taskflow_api.py took 0.027 seconds
[2025-10-10T09:41:49.710+0000] {processor.py:186} INFO - Started process (PID=495) to work on /home/airflow/.local/lib/python3.12/site-packages/airflow/example_dags/tutorial_taskflow_api.py
[2025-10-10T09:41:49.711+0000] {processor.py:914} INFO - Processing file /home/airflow/.local/lib/python3.12/site-packages/airflow/example_dags/tutorial_taskflow_api.py for tasks to queue
[2025-10-10T09:41:49.711+0000] {logging_mixin.py:190} INFO - [2025-10-10T09:41:49.711+0000] {dagbag.py:588} INFO - Filling up the DagBag from /home/airflow/.local/lib/python3.12/site-packages/airflow/example_dags/tutorial_taskflow_api.py
[2025-10-10T09:41:49.715+0000] {processor.py:925} INFO - DAG(s) 'tutorial_taskflow_api' retrieved from /home/airflow/.local/lib/python3.12/site-packages/airflow/example_dags/tutorial_taskflow_api.py
[2025-10-10T09:41:49.722+0000] {logging_mixin.py:190} INFO - [2025-10-10T09:41:49.721+0000] {dag.py:3239} INFO - Sync 1 DAGs
[2025-10-10T09:41:49.726+0000] {logging_mixin.py:190} INFO - [2025-10-10T09:41:49.726+0000] {dag.py:4180} INFO - Setting next_dagrun for tutorial_taskflow_api to None, run_after=None
[2025-10-10T09:41:49.731+0000] {processor.py:208} INFO - Processing /home/airflow/.local/lib/python3.12/site-packages/airflow/example_dags/tutorial_taskflow_api.py took 0.023 seconds
[2025-10-10T09:42:19.928+0000] {processor.py:186} INFO - Started process (PID=560) to work on /home/airflow/.local/lib/python3.12/site-packages/airflow/example_dags/tutorial_taskflow_api.py
[2025-10-10T09:42:19.930+0000] {processor.py:914} INFO - Processing file /home/airflow/.local/lib/python3.12/site-packages/airflow/example_dags/tutorial_taskflow_api.py for tasks to queue
[2025-10-10T09:42:19.931+0000] {logging_mixin.py:190} INFO - [2025-10-10T09:42:19.931+0000] {dagbag.py:588} INFO - Filling up the DagBag from /home/airflow/.local/lib/python3.12/site-packages/airflow/example_dags/tutorial_taskflow_api.py
[2025-10-10T09:42:19.936+0000] {processor.py:925} INFO - DAG(s) 'tutorial_taskflow_api' retrieved from /home/airflow/.local/lib/python3.12/site-packages/airflow/example_dags/tutorial_taskflow_api.py
[2025-10-10T09:42:19.946+0000] {logging_mixin.py:190} INFO - [2025-10-10T09:42:19.946+0000] {dag.py:3239} INFO - Sync 1 DAGs
[2025-10-10T09:42:19.952+0000] {logging_mixin.py:190} INFO - [2025-10-10T09:42:19.952+0000] {dag.py:4180} INFO - Setting next_dagrun for tutorial_taskflow_api to None, run_after=None
[2025-10-10T09:42:19.962+0000] {processor.py:208} INFO - Processing /home/airflow/.local/lib/python3.12/site-packages/airflow/example_dags/tutorial_taskflow_api.py took 0.037 seconds
[2025-10-10T09:42:50.975+0000] {processor.py:186} INFO - Started process (PID=624) to work on /home/airflow/.local/lib/python3.12/site-packages/airflow/example_dags/tutorial_taskflow_api.py
[2025-10-10T09:42:50.976+0000] {processor.py:914} INFO - Processing file /home/airflow/.local/lib/python3.12/site-packages/airflow/example_dags/tutorial_taskflow_api.py for tasks to queue
[2025-10-10T09:42:50.977+0000] {logging_mixin.py:190} INFO - [2025-10-10T09:42:50.977+0000] {dagbag.py:588} INFO - Filling up the DagBag from /home/airflow/.local/lib/python3.12/site-packages/airflow/example_dags/tutorial_taskflow_api.py
[2025-10-10T09:42:50.981+0000] {processor.py:925} INFO - DAG(s) 'tutorial_taskflow_api' retrieved from /home/airflow/.local/lib/python3.12/site-packages/airflow/example_dags/tutorial_taskflow_api.py
[2025-10-10T09:42:50.993+0000] {logging_mixin.py:190} INFO - [2025-10-10T09:42:50.992+0000] {dag.py:3239} INFO - Sync 1 DAGs
[2025-10-10T09:42:50.999+0000] {logging_mixin.py:190} INFO - [2025-10-10T09:42:50.999+0000] {dag.py:4180} INFO - Setting next_dagrun for tutorial_taskflow_api to None, run_after=None
[2025-10-10T09:42:51.009+0000] {processor.py:208} INFO - Processing /home/airflow/.local/lib/python3.12/site-packages/airflow/example_dags/tutorial_taskflow_api.py took 0.037 seconds
[2025-10-10T09:43:21.270+0000] {processor.py:186} INFO - Started process (PID=688) to work on /home/airflow/.local/lib/python3.12/site-packages/airflow/example_dags/tutorial_taskflow_api.py
[2025-10-10T09:43:21.271+0000] {processor.py:914} INFO - Processing file /home/airflow/.local/lib/python3.12/site-packages/airflow/example_dags/tutorial_taskflow_api.py for tasks to queue
[2025-10-10T09:43:21.273+0000] {logging_mixin.py:190} INFO - [2025-10-10T09:43:21.271+0000] {dagbag.py:588} INFO - Filling up the DagBag from /home/airflow/.local/lib/python3.12/site-packages/airflow/example_dags/tutorial_taskflow_api.py
[2025-10-10T09:43:21.277+0000] {processor.py:925} INFO - DAG(s) 'tutorial_taskflow_api' retrieved from /home/airflow/.local/lib/python3.12/site-packages/airflow/example_dags/tutorial_taskflow_api.py
[2025-10-10T09:43:21.285+0000] {logging_mixin.py:190} INFO - [2025-10-10T09:43:21.284+0000] {dag.py:3239} INFO - Sync 1 DAGs
[2025-10-10T09:43:21.292+0000] {logging_mixin.py:190} INFO - [2025-10-10T09:43:21.292+0000] {dag.py:4180} INFO - Setting next_dagrun for tutorial_taskflow_api to None, run_after=None
[2025-10-10T09:43:21.301+0000] {processor.py:208} INFO - Processing /home/airflow/.local/lib/python3.12/site-packages/airflow/example_dags/tutorial_taskflow_api.py took 0.033 seconds
[2025-10-10T09:44:08.633+0000] {processor.py:186} INFO - Started process (PID=49) to work on /home/airflow/.local/lib/python3.12/site-packages/airflow/example_dags/tutorial_taskflow_api.py
[2025-10-10T09:44:08.633+0000] {processor.py:914} INFO - Processing file /home/airflow/.local/lib/python3.12/site-packages/airflow/example_dags/tutorial_taskflow_api.py for tasks to queue
[2025-10-10T09:44:08.634+0000] {logging_mixin.py:190} INFO - [2025-10-10T09:44:08.634+0000] {dagbag.py:588} INFO - Filling up the DagBag from /home/airflow/.local/lib/python3.12/site-packages/airflow/example_dags/tutorial_taskflow_api.py
[2025-10-10T09:44:08.640+0000] {processor.py:925} INFO - DAG(s) 'tutorial_taskflow_api' retrieved from /home/airflow/.local/lib/python3.12/site-packages/airflow/example_dags/tutorial_taskflow_api.py
[2025-10-10T09:44:08.650+0000] {logging_mixin.py:190} INFO - [2025-10-10T09:44:08.650+0000] {dag.py:3239} INFO - Sync 1 DAGs
[2025-10-10T09:44:08.655+0000] {logging_mixin.py:190} INFO - [2025-10-10T09:44:08.655+0000] {dag.py:4180} INFO - Setting next_dagrun for tutorial_taskflow_api to None, run_after=None
[2025-10-10T09:44:08.662+0000] {processor.py:208} INFO - Processing /home/airflow/.local/lib/python3.12/site-packages/airflow/example_dags/tutorial_taskflow_api.py took 0.032 seconds
[2025-10-10T09:44:39.149+0000] {processor.py:186} INFO - Started process (PID=119) to work on /home/airflow/.local/lib/python3.12/site-packages/airflow/example_dags/tutorial_taskflow_api.py
[2025-10-10T09:44:39.150+0000] {processor.py:914} INFO - Processing file /home/airflow/.local/lib/python3.12/site-packages/airflow/example_dags/tutorial_taskflow_api.py for tasks to queue
[2025-10-10T09:44:39.151+0000] {logging_mixin.py:190} INFO - [2025-10-10T09:44:39.151+0000] {dagbag.py:588} INFO - Filling up the DagBag from /home/airflow/.local/lib/python3.12/site-packages/airflow/example_dags/tutorial_taskflow_api.py
[2025-10-10T09:44:39.156+0000] {processor.py:925} INFO - DAG(s) 'tutorial_taskflow_api' retrieved from /home/airflow/.local/lib/python3.12/site-packages/airflow/example_dags/tutorial_taskflow_api.py
[2025-10-10T09:44:39.164+0000] {logging_mixin.py:190} INFO - [2025-10-10T09:44:39.163+0000] {dag.py:3239} INFO - Sync 1 DAGs
[2025-10-10T09:44:39.169+0000] {logging_mixin.py:190} INFO - [2025-10-10T09:44:39.168+0000] {dag.py:4180} INFO - Setting next_dagrun for tutorial_taskflow_api to None, run_after=None
[2025-10-10T09:44:39.174+0000] {processor.py:208} INFO - Processing /home/airflow/.local/lib/python3.12/site-packages/airflow/example_dags/tutorial_taskflow_api.py took 0.027 seconds
[2025-10-10T09:45:10.371+0000] {processor.py:186} INFO - Started process (PID=184) to work on /home/airflow/.local/lib/python3.12/site-packages/airflow/example_dags/tutorial_taskflow_api.py
[2025-10-10T09:45:10.371+0000] {processor.py:914} INFO - Processing file /home/airflow/.local/lib/python3.12/site-packages/airflow/example_dags/tutorial_taskflow_api.py for tasks to queue
[2025-10-10T09:45:10.372+0000] {logging_mixin.py:190} INFO - [2025-10-10T09:45:10.372+0000] {dagbag.py:588} INFO - Filling up the DagBag from /home/airflow/.local/lib/python3.12/site-packages/airflow/example_dags/tutorial_taskflow_api.py
[2025-10-10T09:45:10.376+0000] {processor.py:925} INFO - DAG(s) 'tutorial_taskflow_api' retrieved from /home/airflow/.local/lib/python3.12/site-packages/airflow/example_dags/tutorial_taskflow_api.py
[2025-10-10T09:45:10.384+0000] {logging_mixin.py:190} INFO - [2025-10-10T09:45:10.384+0000] {dag.py:3239} INFO - Sync 1 DAGs
[2025-10-10T09:45:10.389+0000] {logging_mixin.py:190} INFO - [2025-10-10T09:45:10.389+0000] {dag.py:4180} INFO - Setting next_dagrun for tutorial_taskflow_api to None, run_after=None
[2025-10-10T09:45:10.399+0000] {processor.py:208} INFO - Processing /home/airflow/.local/lib/python3.12/site-packages/airflow/example_dags/tutorial_taskflow_api.py took 0.031 seconds
[2025-10-10T09:45:41.368+0000] {processor.py:186} INFO - Started process (PID=256) to work on /home/airflow/.local/lib/python3.12/site-packages/airflow/example_dags/tutorial_taskflow_api.py
[2025-10-10T09:45:41.369+0000] {processor.py:914} INFO - Processing file /home/airflow/.local/lib/python3.12/site-packages/airflow/example_dags/tutorial_taskflow_api.py for tasks to queue
[2025-10-10T09:45:41.371+0000] {logging_mixin.py:190} INFO - [2025-10-10T09:45:41.371+0000] {dagbag.py:588} INFO - Filling up the DagBag from /home/airflow/.local/lib/python3.12/site-packages/airflow/example_dags/tutorial_taskflow_api.py
[2025-10-10T09:45:41.375+0000] {processor.py:925} INFO - DAG(s) 'tutorial_taskflow_api' retrieved from /home/airflow/.local/lib/python3.12/site-packages/airflow/example_dags/tutorial_taskflow_api.py
[2025-10-10T09:45:41.383+0000] {logging_mixin.py:190} INFO - [2025-10-10T09:45:41.383+0000] {dag.py:3239} INFO - Sync 1 DAGs
[2025-10-10T09:45:41.388+0000] {logging_mixin.py:190} INFO - [2025-10-10T09:45:41.388+0000] {dag.py:4180} INFO - Setting next_dagrun for tutorial_taskflow_api to None, run_after=None
[2025-10-10T09:45:41.396+0000] {processor.py:208} INFO - Processing /home/airflow/.local/lib/python3.12/site-packages/airflow/example_dags/tutorial_taskflow_api.py took 0.030 seconds
[2025-10-10T09:46:12.373+0000] {processor.py:186} INFO - Started process (PID=320) to work on /home/airflow/.local/lib/python3.12/site-packages/airflow/example_dags/tutorial_taskflow_api.py
[2025-10-10T09:46:12.373+0000] {processor.py:914} INFO - Processing file /home/airflow/.local/lib/python3.12/site-packages/airflow/example_dags/tutorial_taskflow_api.py for tasks to queue
[2025-10-10T09:46:12.374+0000] {logging_mixin.py:190} INFO - [2025-10-10T09:46:12.374+0000] {dagbag.py:588} INFO - Filling up the DagBag from /home/airflow/.local/lib/python3.12/site-packages/airflow/example_dags/tutorial_taskflow_api.py
[2025-10-10T09:46:12.379+0000] {processor.py:925} INFO - DAG(s) 'tutorial_taskflow_api' retrieved from /home/airflow/.local/lib/python3.12/site-packages/airflow/example_dags/tutorial_taskflow_api.py
[2025-10-10T09:46:12.390+0000] {logging_mixin.py:190} INFO - [2025-10-10T09:46:12.390+0000] {dag.py:3239} INFO - Sync 1 DAGs
[2025-10-10T09:46:12.396+0000] {logging_mixin.py:190} INFO - [2025-10-10T09:46:12.396+0000] {dag.py:4180} INFO - Setting next_dagrun for tutorial_taskflow_api to None, run_after=None
[2025-10-10T09:46:12.403+0000] {processor.py:208} INFO - Processing /home/airflow/.local/lib/python3.12/site-packages/airflow/example_dags/tutorial_taskflow_api.py took 0.033 seconds
[2025-10-10T09:46:43.395+0000] {processor.py:186} INFO - Started process (PID=384) to work on /home/airflow/.local/lib/python3.12/site-packages/airflow/example_dags/tutorial_taskflow_api.py
[2025-10-10T09:46:43.396+0000] {processor.py:914} INFO - Processing file /home/airflow/.local/lib/python3.12/site-packages/airflow/example_dags/tutorial_taskflow_api.py for tasks to queue
[2025-10-10T09:46:43.397+0000] {logging_mixin.py:190} INFO - [2025-10-10T09:46:43.396+0000] {dagbag.py:588} INFO - Filling up the DagBag from /home/airflow/.local/lib/python3.12/site-packages/airflow/example_dags/tutorial_taskflow_api.py
[2025-10-10T09:46:43.400+0000] {processor.py:925} INFO - DAG(s) 'tutorial_taskflow_api' retrieved from /home/airflow/.local/lib/python3.12/site-packages/airflow/example_dags/tutorial_taskflow_api.py
[2025-10-10T09:46:43.407+0000] {logging_mixin.py:190} INFO - [2025-10-10T09:46:43.407+0000] {dag.py:3239} INFO - Sync 1 DAGs
[2025-10-10T09:46:43.414+0000] {logging_mixin.py:190} INFO - [2025-10-10T09:46:43.414+0000] {dag.py:4180} INFO - Setting next_dagrun for tutorial_taskflow_api to None, run_after=None
[2025-10-10T09:46:43.424+0000] {processor.py:208} INFO - Processing /home/airflow/.local/lib/python3.12/site-packages/airflow/example_dags/tutorial_taskflow_api.py took 0.031 seconds
[2025-10-10T09:47:14.340+0000] {processor.py:186} INFO - Started process (PID=448) to work on /home/airflow/.local/lib/python3.12/site-packages/airflow/example_dags/tutorial_taskflow_api.py
[2025-10-10T09:47:14.340+0000] {processor.py:914} INFO - Processing file /home/airflow/.local/lib/python3.12/site-packages/airflow/example_dags/tutorial_taskflow_api.py for tasks to queue
[2025-10-10T09:47:14.341+0000] {logging_mixin.py:190} INFO - [2025-10-10T09:47:14.341+0000] {dagbag.py:588} INFO - Filling up the DagBag from /home/airflow/.local/lib/python3.12/site-packages/airflow/example_dags/tutorial_taskflow_api.py
[2025-10-10T09:47:14.344+0000] {processor.py:925} INFO - DAG(s) 'tutorial_taskflow_api' retrieved from /home/airflow/.local/lib/python3.12/site-packages/airflow/example_dags/tutorial_taskflow_api.py
[2025-10-10T09:47:14.352+0000] {logging_mixin.py:190} INFO - [2025-10-10T09:47:14.352+0000] {dag.py:3239} INFO - Sync 1 DAGs
[2025-10-10T09:47:14.357+0000] {logging_mixin.py:190} INFO - [2025-10-10T09:47:14.357+0000] {dag.py:4180} INFO - Setting next_dagrun for tutorial_taskflow_api to None, run_after=None
[2025-10-10T09:47:14.363+0000] {processor.py:208} INFO - Processing /home/airflow/.local/lib/python3.12/site-packages/airflow/example_dags/tutorial_taskflow_api.py took 0.026 seconds
[2025-10-10T09:47:44.393+0000] {processor.py:186} INFO - Started process (PID=511) to work on /home/airflow/.local/lib/python3.12/site-packages/airflow/example_dags/tutorial_taskflow_api.py
[2025-10-10T09:47:44.394+0000] {processor.py:914} INFO - Processing file /home/airflow/.local/lib/python3.12/site-packages/airflow/example_dags/tutorial_taskflow_api.py for tasks to queue
[2025-10-10T09:47:44.394+0000] {logging_mixin.py:190} INFO - [2025-10-10T09:47:44.394+0000] {dagbag.py:588} INFO - Filling up the DagBag from /home/airflow/.local/lib/python3.12/site-packages/airflow/example_dags/tutorial_taskflow_api.py
[2025-10-10T09:47:44.398+0000] {processor.py:925} INFO - DAG(s) 'tutorial_taskflow_api' retrieved from /home/airflow/.local/lib/python3.12/site-packages/airflow/example_dags/tutorial_taskflow_api.py
[2025-10-10T09:47:44.405+0000] {logging_mixin.py:190} INFO - [2025-10-10T09:47:44.405+0000] {dag.py:3239} INFO - Sync 1 DAGs
[2025-10-10T09:47:44.410+0000] {logging_mixin.py:190} INFO - [2025-10-10T09:47:44.410+0000] {dag.py:4180} INFO - Setting next_dagrun for tutorial_taskflow_api to None, run_after=None
[2025-10-10T09:47:44.416+0000] {processor.py:208} INFO - Processing /home/airflow/.local/lib/python3.12/site-packages/airflow/example_dags/tutorial_taskflow_api.py took 0.026 seconds
[2025-10-10T09:48:15.427+0000] {processor.py:186} INFO - Started process (PID=575) to work on /home/airflow/.local/lib/python3.12/site-packages/airflow/example_dags/tutorial_taskflow_api.py
[2025-10-10T09:48:15.428+0000] {processor.py:914} INFO - Processing file /home/airflow/.local/lib/python3.12/site-packages/airflow/example_dags/tutorial_taskflow_api.py for tasks to queue
[2025-10-10T09:48:15.429+0000] {logging_mixin.py:190} INFO - [2025-10-10T09:48:15.429+0000] {dagbag.py:588} INFO - Filling up the DagBag from /home/airflow/.local/lib/python3.12/site-packages/airflow/example_dags/tutorial_taskflow_api.py
[2025-10-10T09:48:15.432+0000] {processor.py:925} INFO - DAG(s) 'tutorial_taskflow_api' retrieved from /home/airflow/.local/lib/python3.12/site-packages/airflow/example_dags/tutorial_taskflow_api.py
[2025-10-10T09:48:15.442+0000] {logging_mixin.py:190} INFO - [2025-10-10T09:48:15.441+0000] {dag.py:3239} INFO - Sync 1 DAGs
[2025-10-10T09:48:15.451+0000] {logging_mixin.py:190} INFO - [2025-10-10T09:48:15.451+0000] {dag.py:4180} INFO - Setting next_dagrun for tutorial_taskflow_api to None, run_after=None
[2025-10-10T09:48:15.459+0000] {processor.py:208} INFO - Processing /home/airflow/.local/lib/python3.12/site-packages/airflow/example_dags/tutorial_taskflow_api.py took 0.035 seconds
[2025-10-10T09:48:45.879+0000] {processor.py:186} INFO - Started process (PID=639) to work on /home/airflow/.local/lib/python3.12/site-packages/airflow/example_dags/tutorial_taskflow_api.py
[2025-10-10T09:48:45.880+0000] {processor.py:914} INFO - Processing file /home/airflow/.local/lib/python3.12/site-packages/airflow/example_dags/tutorial_taskflow_api.py for tasks to queue
[2025-10-10T09:48:45.881+0000] {logging_mixin.py:190} INFO - [2025-10-10T09:48:45.880+0000] {dagbag.py:588} INFO - Filling up the DagBag from /home/airflow/.local/lib/python3.12/site-packages/airflow/example_dags/tutorial_taskflow_api.py
[2025-10-10T09:48:45.884+0000] {processor.py:925} INFO - DAG(s) 'tutorial_taskflow_api' retrieved from /home/airflow/.local/lib/python3.12/site-packages/airflow/example_dags/tutorial_taskflow_api.py
[2025-10-10T09:48:45.891+0000] {logging_mixin.py:190} INFO - [2025-10-10T09:48:45.891+0000] {dag.py:3239} INFO - Sync 1 DAGs
[2025-10-10T09:48:45.896+0000] {logging_mixin.py:190} INFO - [2025-10-10T09:48:45.896+0000] {dag.py:4180} INFO - Setting next_dagrun for tutorial_taskflow_api to None, run_after=None
[2025-10-10T09:48:45.901+0000] {processor.py:208} INFO - Processing /home/airflow/.local/lib/python3.12/site-packages/airflow/example_dags/tutorial_taskflow_api.py took 0.025 seconds
