[2025-10-10T09:36:19.416+0000] {processor.py:186} INFO - Started process (PID=43) to work on /home/airflow/.local/lib/python3.12/site-packages/airflow/example_dags/tutorial_taskflow_templates.py
[2025-10-10T09:36:19.417+0000] {processor.py:914} INFO - Processing file /home/airflow/.local/lib/python3.12/site-packages/airflow/example_dags/tutorial_taskflow_templates.py for tasks to queue
[2025-10-10T09:36:19.421+0000] {logging_mixin.py:190} INFO - [2025-10-10T09:36:19.420+0000] {dagbag.py:588} INFO - Filling up the DagBag from /home/airflow/.local/lib/python3.12/site-packages/airflow/example_dags/tutorial_taskflow_templates.py
[2025-10-10T09:36:19.445+0000] {processor.py:925} INFO - DAG(s) 'tutorial_taskflow_templates' retrieved from /home/airflow/.local/lib/python3.12/site-packages/airflow/example_dags/tutorial_taskflow_templates.py
[2025-10-10T09:36:19.620+0000] {logging_mixin.py:190} INFO - [2025-10-10T09:36:19.620+0000] {override.py:1911} INFO - Created Permission View: can edit on DAG:tutorial_taskflow_templates
[2025-10-10T09:36:19.625+0000] {logging_mixin.py:190} INFO - [2025-10-10T09:36:19.625+0000] {override.py:1911} INFO - Created Permission View: can read on DAG:tutorial_taskflow_templates
[2025-10-10T09:36:19.627+0000] {logging_mixin.py:190} INFO - [2025-10-10T09:36:19.627+0000] {override.py:1911} INFO - Created Permission View: can delete on DAG:tutorial_taskflow_templates
[2025-10-10T09:36:19.631+0000] {logging_mixin.py:190} INFO - [2025-10-10T09:36:19.631+0000] {override.py:1911} INFO - Created Permission View: can read on DAG Run:tutorial_taskflow_templates
[2025-10-10T09:36:19.635+0000] {logging_mixin.py:190} INFO - [2025-10-10T09:36:19.635+0000] {override.py:1911} INFO - Created Permission View: menu access on DAG Run:tutorial_taskflow_templates
[2025-10-10T09:36:19.640+0000] {logging_mixin.py:190} INFO - [2025-10-10T09:36:19.639+0000] {override.py:1911} INFO - Created Permission View: can delete on DAG Run:tutorial_taskflow_templates
[2025-10-10T09:36:19.645+0000] {logging_mixin.py:190} INFO - [2025-10-10T09:36:19.644+0000] {override.py:1911} INFO - Created Permission View: can create on DAG Run:tutorial_taskflow_templates
[2025-10-10T09:36:19.647+0000] {logging_mixin.py:190} INFO - [2025-10-10T09:36:19.646+0000] {dag.py:3239} INFO - Sync 1 DAGs
[2025-10-10T09:36:19.661+0000] {logging_mixin.py:190} INFO - [2025-10-10T09:36:19.660+0000] {dag.py:3262} INFO - Creating ORM DAG for tutorial_taskflow_templates
[2025-10-10T09:36:19.670+0000] {logging_mixin.py:190} INFO - [2025-10-10T09:36:19.670+0000] {dag.py:4180} INFO - Setting next_dagrun for tutorial_taskflow_templates to 2025-10-09 00:00:00+00:00, run_after=2025-10-10 00:00:00+00:00
[2025-10-10T09:36:19.688+0000] {processor.py:208} INFO - Processing /home/airflow/.local/lib/python3.12/site-packages/airflow/example_dags/tutorial_taskflow_templates.py took 0.280 seconds
[2025-10-10T09:36:50.519+0000] {processor.py:186} INFO - Started process (PID=110) to work on /home/airflow/.local/lib/python3.12/site-packages/airflow/example_dags/tutorial_taskflow_templates.py
[2025-10-10T09:36:50.520+0000] {processor.py:914} INFO - Processing file /home/airflow/.local/lib/python3.12/site-packages/airflow/example_dags/tutorial_taskflow_templates.py for tasks to queue
[2025-10-10T09:36:50.523+0000] {logging_mixin.py:190} INFO - [2025-10-10T09:36:50.523+0000] {dagbag.py:588} INFO - Filling up the DagBag from /home/airflow/.local/lib/python3.12/site-packages/airflow/example_dags/tutorial_taskflow_templates.py
[2025-10-10T09:36:50.537+0000] {processor.py:925} INFO - DAG(s) 'tutorial_taskflow_templates' retrieved from /home/airflow/.local/lib/python3.12/site-packages/airflow/example_dags/tutorial_taskflow_templates.py
[2025-10-10T09:36:50.549+0000] {logging_mixin.py:190} INFO - [2025-10-10T09:36:50.549+0000] {dag.py:3239} INFO - Sync 1 DAGs
[2025-10-10T09:36:50.562+0000] {logging_mixin.py:190} INFO - [2025-10-10T09:36:50.562+0000] {dag.py:4180} INFO - Setting next_dagrun for tutorial_taskflow_templates to 2025-10-09 00:00:00+00:00, run_after=2025-10-10 00:00:00+00:00
[2025-10-10T09:36:50.569+0000] {processor.py:208} INFO - Processing /home/airflow/.local/lib/python3.12/site-packages/airflow/example_dags/tutorial_taskflow_templates.py took 0.060 seconds
[2025-10-10T09:37:20.656+0000] {processor.py:186} INFO - Started process (PID=173) to work on /home/airflow/.local/lib/python3.12/site-packages/airflow/example_dags/tutorial_taskflow_templates.py
[2025-10-10T09:37:20.657+0000] {processor.py:914} INFO - Processing file /home/airflow/.local/lib/python3.12/site-packages/airflow/example_dags/tutorial_taskflow_templates.py for tasks to queue
[2025-10-10T09:37:20.664+0000] {logging_mixin.py:190} INFO - [2025-10-10T09:37:20.663+0000] {dagbag.py:588} INFO - Filling up the DagBag from /home/airflow/.local/lib/python3.12/site-packages/airflow/example_dags/tutorial_taskflow_templates.py
[2025-10-10T09:37:20.679+0000] {processor.py:925} INFO - DAG(s) 'tutorial_taskflow_templates' retrieved from /home/airflow/.local/lib/python3.12/site-packages/airflow/example_dags/tutorial_taskflow_templates.py
[2025-10-10T09:37:20.687+0000] {logging_mixin.py:190} INFO - [2025-10-10T09:37:20.687+0000] {dag.py:3239} INFO - Sync 1 DAGs
[2025-10-10T09:37:20.699+0000] {logging_mixin.py:190} INFO - [2025-10-10T09:37:20.698+0000] {dag.py:4180} INFO - Setting next_dagrun for tutorial_taskflow_templates to 2025-10-09 00:00:00+00:00, run_after=2025-10-10 00:00:00+00:00
[2025-10-10T09:37:20.704+0000] {processor.py:208} INFO - Processing /home/airflow/.local/lib/python3.12/site-packages/airflow/example_dags/tutorial_taskflow_templates.py took 0.055 seconds
[2025-10-10T09:37:50.963+0000] {processor.py:186} INFO - Started process (PID=236) to work on /home/airflow/.local/lib/python3.12/site-packages/airflow/example_dags/tutorial_taskflow_templates.py
[2025-10-10T09:37:50.963+0000] {processor.py:914} INFO - Processing file /home/airflow/.local/lib/python3.12/site-packages/airflow/example_dags/tutorial_taskflow_templates.py for tasks to queue
[2025-10-10T09:37:50.966+0000] {logging_mixin.py:190} INFO - [2025-10-10T09:37:50.966+0000] {dagbag.py:588} INFO - Filling up the DagBag from /home/airflow/.local/lib/python3.12/site-packages/airflow/example_dags/tutorial_taskflow_templates.py
[2025-10-10T09:37:50.979+0000] {processor.py:925} INFO - DAG(s) 'tutorial_taskflow_templates' retrieved from /home/airflow/.local/lib/python3.12/site-packages/airflow/example_dags/tutorial_taskflow_templates.py
[2025-10-10T09:37:50.989+0000] {logging_mixin.py:190} INFO - [2025-10-10T09:37:50.989+0000] {dag.py:3239} INFO - Sync 1 DAGs
[2025-10-10T09:37:51.001+0000] {logging_mixin.py:190} INFO - [2025-10-10T09:37:51.001+0000] {dag.py:4180} INFO - Setting next_dagrun for tutorial_taskflow_templates to 2025-10-09 00:00:00+00:00, run_after=2025-10-10 00:00:00+00:00
[2025-10-10T09:37:51.007+0000] {processor.py:208} INFO - Processing /home/airflow/.local/lib/python3.12/site-packages/airflow/example_dags/tutorial_taskflow_templates.py took 0.052 seconds
[2025-10-10T09:38:16.611+0000] {processor.py:186} INFO - Started process (PID=38) to work on /home/airflow/.local/lib/python3.12/site-packages/airflow/example_dags/tutorial_taskflow_templates.py
[2025-10-10T09:38:16.611+0000] {processor.py:914} INFO - Processing file /home/airflow/.local/lib/python3.12/site-packages/airflow/example_dags/tutorial_taskflow_templates.py for tasks to queue
[2025-10-10T09:38:16.612+0000] {logging_mixin.py:190} INFO - [2025-10-10T09:38:16.612+0000] {dagbag.py:588} INFO - Filling up the DagBag from /home/airflow/.local/lib/python3.12/site-packages/airflow/example_dags/tutorial_taskflow_templates.py
[2025-10-10T09:38:16.617+0000] {processor.py:925} INFO - DAG(s) 'tutorial_taskflow_templates' retrieved from /home/airflow/.local/lib/python3.12/site-packages/airflow/example_dags/tutorial_taskflow_templates.py
[2025-10-10T09:38:16.626+0000] {logging_mixin.py:190} INFO - [2025-10-10T09:38:16.626+0000] {dag.py:3239} INFO - Sync 1 DAGs
[2025-10-10T09:38:16.634+0000] {logging_mixin.py:190} INFO - [2025-10-10T09:38:16.634+0000] {dag.py:4180} INFO - Setting next_dagrun for tutorial_taskflow_templates to 2025-10-09 00:00:00+00:00, run_after=2025-10-10 00:00:00+00:00
[2025-10-10T09:38:16.643+0000] {processor.py:208} INFO - Processing /home/airflow/.local/lib/python3.12/site-packages/airflow/example_dags/tutorial_taskflow_templates.py took 0.034 seconds
[2025-10-10T09:38:46.680+0000] {processor.py:186} INFO - Started process (PID=101) to work on /home/airflow/.local/lib/python3.12/site-packages/airflow/example_dags/tutorial_taskflow_templates.py
[2025-10-10T09:38:46.682+0000] {processor.py:914} INFO - Processing file /home/airflow/.local/lib/python3.12/site-packages/airflow/example_dags/tutorial_taskflow_templates.py for tasks to queue
[2025-10-10T09:38:46.684+0000] {logging_mixin.py:190} INFO - [2025-10-10T09:38:46.684+0000] {dagbag.py:588} INFO - Filling up the DagBag from /home/airflow/.local/lib/python3.12/site-packages/airflow/example_dags/tutorial_taskflow_templates.py
[2025-10-10T09:38:46.693+0000] {processor.py:925} INFO - DAG(s) 'tutorial_taskflow_templates' retrieved from /home/airflow/.local/lib/python3.12/site-packages/airflow/example_dags/tutorial_taskflow_templates.py
[2025-10-10T09:38:46.704+0000] {logging_mixin.py:190} INFO - [2025-10-10T09:38:46.704+0000] {dag.py:3239} INFO - Sync 1 DAGs
[2025-10-10T09:38:46.718+0000] {logging_mixin.py:190} INFO - [2025-10-10T09:38:46.718+0000] {dag.py:4180} INFO - Setting next_dagrun for tutorial_taskflow_templates to 2025-10-09 00:00:00+00:00, run_after=2025-10-10 00:00:00+00:00
[2025-10-10T09:38:46.725+0000] {processor.py:208} INFO - Processing /home/airflow/.local/lib/python3.12/site-packages/airflow/example_dags/tutorial_taskflow_templates.py took 0.050 seconds
[2025-10-10T09:39:17.735+0000] {processor.py:186} INFO - Started process (PID=171) to work on /home/airflow/.local/lib/python3.12/site-packages/airflow/example_dags/tutorial_taskflow_templates.py
[2025-10-10T09:39:17.737+0000] {processor.py:914} INFO - Processing file /home/airflow/.local/lib/python3.12/site-packages/airflow/example_dags/tutorial_taskflow_templates.py for tasks to queue
[2025-10-10T09:39:17.740+0000] {logging_mixin.py:190} INFO - [2025-10-10T09:39:17.739+0000] {dagbag.py:588} INFO - Filling up the DagBag from /home/airflow/.local/lib/python3.12/site-packages/airflow/example_dags/tutorial_taskflow_templates.py
[2025-10-10T09:39:17.754+0000] {processor.py:925} INFO - DAG(s) 'tutorial_taskflow_templates' retrieved from /home/airflow/.local/lib/python3.12/site-packages/airflow/example_dags/tutorial_taskflow_templates.py
[2025-10-10T09:39:17.769+0000] {logging_mixin.py:190} INFO - [2025-10-10T09:39:17.769+0000] {dag.py:3239} INFO - Sync 1 DAGs
[2025-10-10T09:39:17.781+0000] {logging_mixin.py:190} INFO - [2025-10-10T09:39:17.780+0000] {dag.py:4180} INFO - Setting next_dagrun for tutorial_taskflow_templates to 2025-10-09 00:00:00+00:00, run_after=2025-10-10 00:00:00+00:00
[2025-10-10T09:39:17.790+0000] {processor.py:208} INFO - Processing /home/airflow/.local/lib/python3.12/site-packages/airflow/example_dags/tutorial_taskflow_templates.py took 0.061 seconds
[2025-10-10T09:39:47.867+0000] {processor.py:186} INFO - Started process (PID=235) to work on /home/airflow/.local/lib/python3.12/site-packages/airflow/example_dags/tutorial_taskflow_templates.py
[2025-10-10T09:39:47.867+0000] {processor.py:914} INFO - Processing file /home/airflow/.local/lib/python3.12/site-packages/airflow/example_dags/tutorial_taskflow_templates.py for tasks to queue
[2025-10-10T09:39:47.872+0000] {logging_mixin.py:190} INFO - [2025-10-10T09:39:47.872+0000] {dagbag.py:588} INFO - Filling up the DagBag from /home/airflow/.local/lib/python3.12/site-packages/airflow/example_dags/tutorial_taskflow_templates.py
[2025-10-10T09:39:47.882+0000] {processor.py:925} INFO - DAG(s) 'tutorial_taskflow_templates' retrieved from /home/airflow/.local/lib/python3.12/site-packages/airflow/example_dags/tutorial_taskflow_templates.py
[2025-10-10T09:39:47.894+0000] {logging_mixin.py:190} INFO - [2025-10-10T09:39:47.894+0000] {dag.py:3239} INFO - Sync 1 DAGs
[2025-10-10T09:39:47.906+0000] {logging_mixin.py:190} INFO - [2025-10-10T09:39:47.905+0000] {dag.py:4180} INFO - Setting next_dagrun for tutorial_taskflow_templates to 2025-10-09 00:00:00+00:00, run_after=2025-10-10 00:00:00+00:00
[2025-10-10T09:39:47.915+0000] {processor.py:208} INFO - Processing /home/airflow/.local/lib/python3.12/site-packages/airflow/example_dags/tutorial_taskflow_templates.py took 0.054 seconds
[2025-10-10T09:40:18.009+0000] {processor.py:186} INFO - Started process (PID=299) to work on /home/airflow/.local/lib/python3.12/site-packages/airflow/example_dags/tutorial_taskflow_templates.py
[2025-10-10T09:40:18.010+0000] {processor.py:914} INFO - Processing file /home/airflow/.local/lib/python3.12/site-packages/airflow/example_dags/tutorial_taskflow_templates.py for tasks to queue
[2025-10-10T09:40:18.012+0000] {logging_mixin.py:190} INFO - [2025-10-10T09:40:18.012+0000] {dagbag.py:588} INFO - Filling up the DagBag from /home/airflow/.local/lib/python3.12/site-packages/airflow/example_dags/tutorial_taskflow_templates.py
[2025-10-10T09:40:18.027+0000] {processor.py:925} INFO - DAG(s) 'tutorial_taskflow_templates' retrieved from /home/airflow/.local/lib/python3.12/site-packages/airflow/example_dags/tutorial_taskflow_templates.py
[2025-10-10T09:40:18.045+0000] {logging_mixin.py:190} INFO - [2025-10-10T09:40:18.045+0000] {dag.py:3239} INFO - Sync 1 DAGs
[2025-10-10T09:40:18.061+0000] {logging_mixin.py:190} INFO - [2025-10-10T09:40:18.061+0000] {dag.py:4180} INFO - Setting next_dagrun for tutorial_taskflow_templates to 2025-10-09 00:00:00+00:00, run_after=2025-10-10 00:00:00+00:00
[2025-10-10T09:40:18.071+0000] {processor.py:208} INFO - Processing /home/airflow/.local/lib/python3.12/site-packages/airflow/example_dags/tutorial_taskflow_templates.py took 0.067 seconds
[2025-10-10T09:40:48.263+0000] {processor.py:186} INFO - Started process (PID=363) to work on /home/airflow/.local/lib/python3.12/site-packages/airflow/example_dags/tutorial_taskflow_templates.py
[2025-10-10T09:40:48.263+0000] {processor.py:914} INFO - Processing file /home/airflow/.local/lib/python3.12/site-packages/airflow/example_dags/tutorial_taskflow_templates.py for tasks to queue
[2025-10-10T09:40:48.265+0000] {logging_mixin.py:190} INFO - [2025-10-10T09:40:48.265+0000] {dagbag.py:588} INFO - Filling up the DagBag from /home/airflow/.local/lib/python3.12/site-packages/airflow/example_dags/tutorial_taskflow_templates.py
[2025-10-10T09:40:48.277+0000] {processor.py:925} INFO - DAG(s) 'tutorial_taskflow_templates' retrieved from /home/airflow/.local/lib/python3.12/site-packages/airflow/example_dags/tutorial_taskflow_templates.py
[2025-10-10T09:40:48.291+0000] {logging_mixin.py:190} INFO - [2025-10-10T09:40:48.291+0000] {dag.py:3239} INFO - Sync 1 DAGs
[2025-10-10T09:40:48.302+0000] {logging_mixin.py:190} INFO - [2025-10-10T09:40:48.302+0000] {dag.py:4180} INFO - Setting next_dagrun for tutorial_taskflow_templates to 2025-10-09 00:00:00+00:00, run_after=2025-10-10 00:00:00+00:00
[2025-10-10T09:40:48.310+0000] {processor.py:208} INFO - Processing /home/airflow/.local/lib/python3.12/site-packages/airflow/example_dags/tutorial_taskflow_templates.py took 0.055 seconds
[2025-10-10T09:41:18.446+0000] {processor.py:186} INFO - Started process (PID=427) to work on /home/airflow/.local/lib/python3.12/site-packages/airflow/example_dags/tutorial_taskflow_templates.py
[2025-10-10T09:41:18.447+0000] {processor.py:914} INFO - Processing file /home/airflow/.local/lib/python3.12/site-packages/airflow/example_dags/tutorial_taskflow_templates.py for tasks to queue
[2025-10-10T09:41:18.449+0000] {logging_mixin.py:190} INFO - [2025-10-10T09:41:18.449+0000] {dagbag.py:588} INFO - Filling up the DagBag from /home/airflow/.local/lib/python3.12/site-packages/airflow/example_dags/tutorial_taskflow_templates.py
[2025-10-10T09:41:18.465+0000] {processor.py:925} INFO - DAG(s) 'tutorial_taskflow_templates' retrieved from /home/airflow/.local/lib/python3.12/site-packages/airflow/example_dags/tutorial_taskflow_templates.py
[2025-10-10T09:41:18.476+0000] {logging_mixin.py:190} INFO - [2025-10-10T09:41:18.476+0000] {dag.py:3239} INFO - Sync 1 DAGs
[2025-10-10T09:41:18.488+0000] {logging_mixin.py:190} INFO - [2025-10-10T09:41:18.488+0000] {dag.py:4180} INFO - Setting next_dagrun for tutorial_taskflow_templates to 2025-10-09 00:00:00+00:00, run_after=2025-10-10 00:00:00+00:00
[2025-10-10T09:41:18.497+0000] {processor.py:208} INFO - Processing /home/airflow/.local/lib/python3.12/site-packages/airflow/example_dags/tutorial_taskflow_templates.py took 0.057 seconds
[2025-10-10T09:41:48.549+0000] {processor.py:186} INFO - Started process (PID=491) to work on /home/airflow/.local/lib/python3.12/site-packages/airflow/example_dags/tutorial_taskflow_templates.py
[2025-10-10T09:41:48.551+0000] {processor.py:914} INFO - Processing file /home/airflow/.local/lib/python3.12/site-packages/airflow/example_dags/tutorial_taskflow_templates.py for tasks to queue
[2025-10-10T09:41:48.554+0000] {logging_mixin.py:190} INFO - [2025-10-10T09:41:48.554+0000] {dagbag.py:588} INFO - Filling up the DagBag from /home/airflow/.local/lib/python3.12/site-packages/airflow/example_dags/tutorial_taskflow_templates.py
[2025-10-10T09:41:48.570+0000] {processor.py:925} INFO - DAG(s) 'tutorial_taskflow_templates' retrieved from /home/airflow/.local/lib/python3.12/site-packages/airflow/example_dags/tutorial_taskflow_templates.py
[2025-10-10T09:41:48.586+0000] {logging_mixin.py:190} INFO - [2025-10-10T09:41:48.586+0000] {dag.py:3239} INFO - Sync 1 DAGs
[2025-10-10T09:41:48.602+0000] {logging_mixin.py:190} INFO - [2025-10-10T09:41:48.602+0000] {dag.py:4180} INFO - Setting next_dagrun for tutorial_taskflow_templates to 2025-10-09 00:00:00+00:00, run_after=2025-10-10 00:00:00+00:00
[2025-10-10T09:41:48.612+0000] {processor.py:208} INFO - Processing /home/airflow/.local/lib/python3.12/site-packages/airflow/example_dags/tutorial_taskflow_templates.py took 0.071 seconds
[2025-10-10T09:42:18.770+0000] {processor.py:186} INFO - Started process (PID=555) to work on /home/airflow/.local/lib/python3.12/site-packages/airflow/example_dags/tutorial_taskflow_templates.py
[2025-10-10T09:42:18.770+0000] {processor.py:914} INFO - Processing file /home/airflow/.local/lib/python3.12/site-packages/airflow/example_dags/tutorial_taskflow_templates.py for tasks to queue
[2025-10-10T09:42:18.772+0000] {logging_mixin.py:190} INFO - [2025-10-10T09:42:18.772+0000] {dagbag.py:588} INFO - Filling up the DagBag from /home/airflow/.local/lib/python3.12/site-packages/airflow/example_dags/tutorial_taskflow_templates.py
[2025-10-10T09:42:18.782+0000] {processor.py:925} INFO - DAG(s) 'tutorial_taskflow_templates' retrieved from /home/airflow/.local/lib/python3.12/site-packages/airflow/example_dags/tutorial_taskflow_templates.py
[2025-10-10T09:42:18.795+0000] {logging_mixin.py:190} INFO - [2025-10-10T09:42:18.795+0000] {dag.py:3239} INFO - Sync 1 DAGs
[2025-10-10T09:42:18.809+0000] {logging_mixin.py:190} INFO - [2025-10-10T09:42:18.809+0000] {dag.py:4180} INFO - Setting next_dagrun for tutorial_taskflow_templates to 2025-10-09 00:00:00+00:00, run_after=2025-10-10 00:00:00+00:00
[2025-10-10T09:42:18.820+0000] {processor.py:208} INFO - Processing /home/airflow/.local/lib/python3.12/site-packages/airflow/example_dags/tutorial_taskflow_templates.py took 0.055 seconds
[2025-10-10T09:42:49.810+0000] {processor.py:186} INFO - Started process (PID=619) to work on /home/airflow/.local/lib/python3.12/site-packages/airflow/example_dags/tutorial_taskflow_templates.py
[2025-10-10T09:42:49.813+0000] {processor.py:914} INFO - Processing file /home/airflow/.local/lib/python3.12/site-packages/airflow/example_dags/tutorial_taskflow_templates.py for tasks to queue
[2025-10-10T09:42:49.815+0000] {logging_mixin.py:190} INFO - [2025-10-10T09:42:49.814+0000] {dagbag.py:588} INFO - Filling up the DagBag from /home/airflow/.local/lib/python3.12/site-packages/airflow/example_dags/tutorial_taskflow_templates.py
[2025-10-10T09:42:49.830+0000] {processor.py:925} INFO - DAG(s) 'tutorial_taskflow_templates' retrieved from /home/airflow/.local/lib/python3.12/site-packages/airflow/example_dags/tutorial_taskflow_templates.py
[2025-10-10T09:42:49.843+0000] {logging_mixin.py:190} INFO - [2025-10-10T09:42:49.842+0000] {dag.py:3239} INFO - Sync 1 DAGs
[2025-10-10T09:42:49.859+0000] {logging_mixin.py:190} INFO - [2025-10-10T09:42:49.859+0000] {dag.py:4180} INFO - Setting next_dagrun for tutorial_taskflow_templates to 2025-10-09 00:00:00+00:00, run_after=2025-10-10 00:00:00+00:00
[2025-10-10T09:42:49.869+0000] {processor.py:208} INFO - Processing /home/airflow/.local/lib/python3.12/site-packages/airflow/example_dags/tutorial_taskflow_templates.py took 0.066 seconds
[2025-10-10T09:43:20.117+0000] {processor.py:186} INFO - Started process (PID=683) to work on /home/airflow/.local/lib/python3.12/site-packages/airflow/example_dags/tutorial_taskflow_templates.py
[2025-10-10T09:43:20.117+0000] {processor.py:914} INFO - Processing file /home/airflow/.local/lib/python3.12/site-packages/airflow/example_dags/tutorial_taskflow_templates.py for tasks to queue
[2025-10-10T09:43:20.119+0000] {logging_mixin.py:190} INFO - [2025-10-10T09:43:20.119+0000] {dagbag.py:588} INFO - Filling up the DagBag from /home/airflow/.local/lib/python3.12/site-packages/airflow/example_dags/tutorial_taskflow_templates.py
[2025-10-10T09:43:20.130+0000] {processor.py:925} INFO - DAG(s) 'tutorial_taskflow_templates' retrieved from /home/airflow/.local/lib/python3.12/site-packages/airflow/example_dags/tutorial_taskflow_templates.py
[2025-10-10T09:43:20.142+0000] {logging_mixin.py:190} INFO - [2025-10-10T09:43:20.142+0000] {dag.py:3239} INFO - Sync 1 DAGs
[2025-10-10T09:43:20.152+0000] {logging_mixin.py:190} INFO - [2025-10-10T09:43:20.152+0000] {dag.py:4180} INFO - Setting next_dagrun for tutorial_taskflow_templates to 2025-10-09 00:00:00+00:00, run_after=2025-10-10 00:00:00+00:00
[2025-10-10T09:43:20.163+0000] {processor.py:208} INFO - Processing /home/airflow/.local/lib/python3.12/site-packages/airflow/example_dags/tutorial_taskflow_templates.py took 0.052 seconds
[2025-10-10T09:44:08.246+0000] {processor.py:186} INFO - Started process (PID=44) to work on /home/airflow/.local/lib/python3.12/site-packages/airflow/example_dags/tutorial_taskflow_templates.py
[2025-10-10T09:44:08.247+0000] {processor.py:914} INFO - Processing file /home/airflow/.local/lib/python3.12/site-packages/airflow/example_dags/tutorial_taskflow_templates.py for tasks to queue
[2025-10-10T09:44:08.250+0000] {logging_mixin.py:190} INFO - [2025-10-10T09:44:08.250+0000] {dagbag.py:588} INFO - Filling up the DagBag from /home/airflow/.local/lib/python3.12/site-packages/airflow/example_dags/tutorial_taskflow_templates.py
[2025-10-10T09:44:08.258+0000] {processor.py:925} INFO - DAG(s) 'tutorial_taskflow_templates' retrieved from /home/airflow/.local/lib/python3.12/site-packages/airflow/example_dags/tutorial_taskflow_templates.py
[2025-10-10T09:44:08.274+0000] {logging_mixin.py:190} INFO - [2025-10-10T09:44:08.274+0000] {dag.py:3239} INFO - Sync 1 DAGs
[2025-10-10T09:44:08.286+0000] {logging_mixin.py:190} INFO - [2025-10-10T09:44:08.286+0000] {dag.py:4180} INFO - Setting next_dagrun for tutorial_taskflow_templates to 2025-10-09 00:00:00+00:00, run_after=2025-10-10 00:00:00+00:00
[2025-10-10T09:44:08.302+0000] {processor.py:208} INFO - Processing /home/airflow/.local/lib/python3.12/site-packages/airflow/example_dags/tutorial_taskflow_templates.py took 0.059 seconds
[2025-10-10T09:44:39.017+0000] {processor.py:186} INFO - Started process (PID=108) to work on /home/airflow/.local/lib/python3.12/site-packages/airflow/example_dags/tutorial_taskflow_templates.py
[2025-10-10T09:44:39.018+0000] {processor.py:914} INFO - Processing file /home/airflow/.local/lib/python3.12/site-packages/airflow/example_dags/tutorial_taskflow_templates.py for tasks to queue
[2025-10-10T09:44:39.022+0000] {logging_mixin.py:190} INFO - [2025-10-10T09:44:39.021+0000] {dagbag.py:588} INFO - Filling up the DagBag from /home/airflow/.local/lib/python3.12/site-packages/airflow/example_dags/tutorial_taskflow_templates.py
[2025-10-10T09:44:39.030+0000] {processor.py:925} INFO - DAG(s) 'tutorial_taskflow_templates' retrieved from /home/airflow/.local/lib/python3.12/site-packages/airflow/example_dags/tutorial_taskflow_templates.py
[2025-10-10T09:44:39.041+0000] {logging_mixin.py:190} INFO - [2025-10-10T09:44:39.041+0000] {dag.py:3239} INFO - Sync 1 DAGs
[2025-10-10T09:44:39.052+0000] {logging_mixin.py:190} INFO - [2025-10-10T09:44:39.052+0000] {dag.py:4180} INFO - Setting next_dagrun for tutorial_taskflow_templates to 2025-10-09 00:00:00+00:00, run_after=2025-10-10 00:00:00+00:00
[2025-10-10T09:44:39.062+0000] {processor.py:208} INFO - Processing /home/airflow/.local/lib/python3.12/site-packages/airflow/example_dags/tutorial_taskflow_templates.py took 0.049 seconds
[2025-10-10T09:45:10.140+0000] {processor.py:186} INFO - Started process (PID=179) to work on /home/airflow/.local/lib/python3.12/site-packages/airflow/example_dags/tutorial_taskflow_templates.py
[2025-10-10T09:45:10.141+0000] {processor.py:914} INFO - Processing file /home/airflow/.local/lib/python3.12/site-packages/airflow/example_dags/tutorial_taskflow_templates.py for tasks to queue
[2025-10-10T09:45:10.142+0000] {logging_mixin.py:190} INFO - [2025-10-10T09:45:10.142+0000] {dagbag.py:588} INFO - Filling up the DagBag from /home/airflow/.local/lib/python3.12/site-packages/airflow/example_dags/tutorial_taskflow_templates.py
[2025-10-10T09:45:10.148+0000] {processor.py:925} INFO - DAG(s) 'tutorial_taskflow_templates' retrieved from /home/airflow/.local/lib/python3.12/site-packages/airflow/example_dags/tutorial_taskflow_templates.py
[2025-10-10T09:45:10.157+0000] {logging_mixin.py:190} INFO - [2025-10-10T09:45:10.156+0000] {dag.py:3239} INFO - Sync 1 DAGs
[2025-10-10T09:45:10.165+0000] {logging_mixin.py:190} INFO - [2025-10-10T09:45:10.165+0000] {dag.py:4180} INFO - Setting next_dagrun for tutorial_taskflow_templates to 2025-10-09 00:00:00+00:00, run_after=2025-10-10 00:00:00+00:00
[2025-10-10T09:45:10.171+0000] {processor.py:208} INFO - Processing /home/airflow/.local/lib/python3.12/site-packages/airflow/example_dags/tutorial_taskflow_templates.py took 0.033 seconds
[2025-10-10T09:45:41.176+0000] {processor.py:186} INFO - Started process (PID=251) to work on /home/airflow/.local/lib/python3.12/site-packages/airflow/example_dags/tutorial_taskflow_templates.py
[2025-10-10T09:45:41.177+0000] {processor.py:914} INFO - Processing file /home/airflow/.local/lib/python3.12/site-packages/airflow/example_dags/tutorial_taskflow_templates.py for tasks to queue
[2025-10-10T09:45:41.178+0000] {logging_mixin.py:190} INFO - [2025-10-10T09:45:41.178+0000] {dagbag.py:588} INFO - Filling up the DagBag from /home/airflow/.local/lib/python3.12/site-packages/airflow/example_dags/tutorial_taskflow_templates.py
[2025-10-10T09:45:41.183+0000] {processor.py:925} INFO - DAG(s) 'tutorial_taskflow_templates' retrieved from /home/airflow/.local/lib/python3.12/site-packages/airflow/example_dags/tutorial_taskflow_templates.py
[2025-10-10T09:45:41.191+0000] {logging_mixin.py:190} INFO - [2025-10-10T09:45:41.191+0000] {dag.py:3239} INFO - Sync 1 DAGs
[2025-10-10T09:45:41.198+0000] {logging_mixin.py:190} INFO - [2025-10-10T09:45:41.198+0000] {dag.py:4180} INFO - Setting next_dagrun for tutorial_taskflow_templates to 2025-10-09 00:00:00+00:00, run_after=2025-10-10 00:00:00+00:00
[2025-10-10T09:45:41.204+0000] {processor.py:208} INFO - Processing /home/airflow/.local/lib/python3.12/site-packages/airflow/example_dags/tutorial_taskflow_templates.py took 0.030 seconds
[2025-10-10T09:46:12.157+0000] {processor.py:186} INFO - Started process (PID=315) to work on /home/airflow/.local/lib/python3.12/site-packages/airflow/example_dags/tutorial_taskflow_templates.py
[2025-10-10T09:46:12.158+0000] {processor.py:914} INFO - Processing file /home/airflow/.local/lib/python3.12/site-packages/airflow/example_dags/tutorial_taskflow_templates.py for tasks to queue
[2025-10-10T09:46:12.159+0000] {logging_mixin.py:190} INFO - [2025-10-10T09:46:12.159+0000] {dagbag.py:588} INFO - Filling up the DagBag from /home/airflow/.local/lib/python3.12/site-packages/airflow/example_dags/tutorial_taskflow_templates.py
[2025-10-10T09:46:12.166+0000] {processor.py:925} INFO - DAG(s) 'tutorial_taskflow_templates' retrieved from /home/airflow/.local/lib/python3.12/site-packages/airflow/example_dags/tutorial_taskflow_templates.py
[2025-10-10T09:46:12.174+0000] {logging_mixin.py:190} INFO - [2025-10-10T09:46:12.174+0000] {dag.py:3239} INFO - Sync 1 DAGs
[2025-10-10T09:46:12.182+0000] {logging_mixin.py:190} INFO - [2025-10-10T09:46:12.182+0000] {dag.py:4180} INFO - Setting next_dagrun for tutorial_taskflow_templates to 2025-10-09 00:00:00+00:00, run_after=2025-10-10 00:00:00+00:00
[2025-10-10T09:46:12.188+0000] {processor.py:208} INFO - Processing /home/airflow/.local/lib/python3.12/site-packages/airflow/example_dags/tutorial_taskflow_templates.py took 0.034 seconds
[2025-10-10T09:46:42.238+0000] {processor.py:186} INFO - Started process (PID=378) to work on /home/airflow/.local/lib/python3.12/site-packages/airflow/example_dags/tutorial_taskflow_templates.py
[2025-10-10T09:46:42.238+0000] {processor.py:914} INFO - Processing file /home/airflow/.local/lib/python3.12/site-packages/airflow/example_dags/tutorial_taskflow_templates.py for tasks to queue
[2025-10-10T09:46:42.239+0000] {logging_mixin.py:190} INFO - [2025-10-10T09:46:42.239+0000] {dagbag.py:588} INFO - Filling up the DagBag from /home/airflow/.local/lib/python3.12/site-packages/airflow/example_dags/tutorial_taskflow_templates.py
[2025-10-10T09:46:42.245+0000] {processor.py:925} INFO - DAG(s) 'tutorial_taskflow_templates' retrieved from /home/airflow/.local/lib/python3.12/site-packages/airflow/example_dags/tutorial_taskflow_templates.py
[2025-10-10T09:46:42.256+0000] {logging_mixin.py:190} INFO - [2025-10-10T09:46:42.256+0000] {dag.py:3239} INFO - Sync 1 DAGs
[2025-10-10T09:46:42.267+0000] {logging_mixin.py:190} INFO - [2025-10-10T09:46:42.267+0000] {dag.py:4180} INFO - Setting next_dagrun for tutorial_taskflow_templates to 2025-10-09 00:00:00+00:00, run_after=2025-10-10 00:00:00+00:00
[2025-10-10T09:46:42.273+0000] {processor.py:208} INFO - Processing /home/airflow/.local/lib/python3.12/site-packages/airflow/example_dags/tutorial_taskflow_templates.py took 0.038 seconds
[2025-10-10T09:47:13.125+0000] {processor.py:186} INFO - Started process (PID=442) to work on /home/airflow/.local/lib/python3.12/site-packages/airflow/example_dags/tutorial_taskflow_templates.py
[2025-10-10T09:47:13.125+0000] {processor.py:914} INFO - Processing file /home/airflow/.local/lib/python3.12/site-packages/airflow/example_dags/tutorial_taskflow_templates.py for tasks to queue
[2025-10-10T09:47:13.129+0000] {logging_mixin.py:190} INFO - [2025-10-10T09:47:13.129+0000] {dagbag.py:588} INFO - Filling up the DagBag from /home/airflow/.local/lib/python3.12/site-packages/airflow/example_dags/tutorial_taskflow_templates.py
[2025-10-10T09:47:13.144+0000] {processor.py:925} INFO - DAG(s) 'tutorial_taskflow_templates' retrieved from /home/airflow/.local/lib/python3.12/site-packages/airflow/example_dags/tutorial_taskflow_templates.py
[2025-10-10T09:47:13.154+0000] {logging_mixin.py:190} INFO - [2025-10-10T09:47:13.154+0000] {dag.py:3239} INFO - Sync 1 DAGs
[2025-10-10T09:47:13.164+0000] {logging_mixin.py:190} INFO - [2025-10-10T09:47:13.164+0000] {dag.py:4180} INFO - Setting next_dagrun for tutorial_taskflow_templates to 2025-10-09 00:00:00+00:00, run_after=2025-10-10 00:00:00+00:00
[2025-10-10T09:47:13.173+0000] {processor.py:208} INFO - Processing /home/airflow/.local/lib/python3.12/site-packages/airflow/example_dags/tutorial_taskflow_templates.py took 0.053 seconds
[2025-10-10T09:47:43.241+0000] {processor.py:186} INFO - Started process (PID=506) to work on /home/airflow/.local/lib/python3.12/site-packages/airflow/example_dags/tutorial_taskflow_templates.py
[2025-10-10T09:47:43.242+0000] {processor.py:914} INFO - Processing file /home/airflow/.local/lib/python3.12/site-packages/airflow/example_dags/tutorial_taskflow_templates.py for tasks to queue
[2025-10-10T09:47:43.243+0000] {logging_mixin.py:190} INFO - [2025-10-10T09:47:43.242+0000] {dagbag.py:588} INFO - Filling up the DagBag from /home/airflow/.local/lib/python3.12/site-packages/airflow/example_dags/tutorial_taskflow_templates.py
[2025-10-10T09:47:43.251+0000] {processor.py:925} INFO - DAG(s) 'tutorial_taskflow_templates' retrieved from /home/airflow/.local/lib/python3.12/site-packages/airflow/example_dags/tutorial_taskflow_templates.py
[2025-10-10T09:47:43.260+0000] {logging_mixin.py:190} INFO - [2025-10-10T09:47:43.260+0000] {dag.py:3239} INFO - Sync 1 DAGs
[2025-10-10T09:47:43.272+0000] {logging_mixin.py:190} INFO - [2025-10-10T09:47:43.272+0000] {dag.py:4180} INFO - Setting next_dagrun for tutorial_taskflow_templates to 2025-10-09 00:00:00+00:00, run_after=2025-10-10 00:00:00+00:00
[2025-10-10T09:47:43.281+0000] {processor.py:208} INFO - Processing /home/airflow/.local/lib/python3.12/site-packages/airflow/example_dags/tutorial_taskflow_templates.py took 0.043 seconds
[2025-10-10T09:48:14.250+0000] {processor.py:186} INFO - Started process (PID=570) to work on /home/airflow/.local/lib/python3.12/site-packages/airflow/example_dags/tutorial_taskflow_templates.py
[2025-10-10T09:48:14.251+0000] {processor.py:914} INFO - Processing file /home/airflow/.local/lib/python3.12/site-packages/airflow/example_dags/tutorial_taskflow_templates.py for tasks to queue
[2025-10-10T09:48:14.253+0000] {logging_mixin.py:190} INFO - [2025-10-10T09:48:14.253+0000] {dagbag.py:588} INFO - Filling up the DagBag from /home/airflow/.local/lib/python3.12/site-packages/airflow/example_dags/tutorial_taskflow_templates.py
[2025-10-10T09:48:14.262+0000] {processor.py:925} INFO - DAG(s) 'tutorial_taskflow_templates' retrieved from /home/airflow/.local/lib/python3.12/site-packages/airflow/example_dags/tutorial_taskflow_templates.py
[2025-10-10T09:48:14.274+0000] {logging_mixin.py:190} INFO - [2025-10-10T09:48:14.274+0000] {dag.py:3239} INFO - Sync 1 DAGs
[2025-10-10T09:48:14.287+0000] {logging_mixin.py:190} INFO - [2025-10-10T09:48:14.286+0000] {dag.py:4180} INFO - Setting next_dagrun for tutorial_taskflow_templates to 2025-10-09 00:00:00+00:00, run_after=2025-10-10 00:00:00+00:00
[2025-10-10T09:48:14.295+0000] {processor.py:208} INFO - Processing /home/airflow/.local/lib/python3.12/site-packages/airflow/example_dags/tutorial_taskflow_templates.py took 0.048 seconds
[2025-10-10T09:48:44.700+0000] {processor.py:186} INFO - Started process (PID=634) to work on /home/airflow/.local/lib/python3.12/site-packages/airflow/example_dags/tutorial_taskflow_templates.py
[2025-10-10T09:48:44.701+0000] {processor.py:914} INFO - Processing file /home/airflow/.local/lib/python3.12/site-packages/airflow/example_dags/tutorial_taskflow_templates.py for tasks to queue
[2025-10-10T09:48:44.703+0000] {logging_mixin.py:190} INFO - [2025-10-10T09:48:44.703+0000] {dagbag.py:588} INFO - Filling up the DagBag from /home/airflow/.local/lib/python3.12/site-packages/airflow/example_dags/tutorial_taskflow_templates.py
[2025-10-10T09:48:44.712+0000] {processor.py:925} INFO - DAG(s) 'tutorial_taskflow_templates' retrieved from /home/airflow/.local/lib/python3.12/site-packages/airflow/example_dags/tutorial_taskflow_templates.py
[2025-10-10T09:48:44.723+0000] {logging_mixin.py:190} INFO - [2025-10-10T09:48:44.723+0000] {dag.py:3239} INFO - Sync 1 DAGs
[2025-10-10T09:48:44.736+0000] {logging_mixin.py:190} INFO - [2025-10-10T09:48:44.736+0000] {dag.py:4180} INFO - Setting next_dagrun for tutorial_taskflow_templates to 2025-10-09 00:00:00+00:00, run_after=2025-10-10 00:00:00+00:00
[2025-10-10T09:48:44.746+0000] {processor.py:208} INFO - Processing /home/airflow/.local/lib/python3.12/site-packages/airflow/example_dags/tutorial_taskflow_templates.py took 0.048 seconds
