[2025-10-10T09:36:20.741+0000] {processor.py:186} INFO - Started process (PID=58) to work on /home/airflow/.local/lib/python3.12/site-packages/airflow/example_dags/tutorial_objectstorage.py
[2025-10-10T09:36:20.742+0000] {processor.py:914} INFO - Processing file /home/airflow/.local/lib/python3.12/site-packages/airflow/example_dags/tutorial_objectstorage.py for tasks to queue
[2025-10-10T09:36:20.743+0000] {logging_mixin.py:190} INFO - [2025-10-10T09:36:20.743+0000] {dagbag.py:588} INFO - Filling up the DagBag from /home/airflow/.local/lib/python3.12/site-packages/airflow/example_dags/tutorial_objectstorage.py
[2025-10-10T09:36:20.751+0000] {processor.py:925} INFO - DAG(s) 'tutorial_objectstorage' retrieved from /home/airflow/.local/lib/python3.12/site-packages/airflow/example_dags/tutorial_objectstorage.py
[2025-10-10T09:36:20.793+0000] {logging_mixin.py:190} INFO - [2025-10-10T09:36:20.793+0000] {override.py:1911} INFO - Created Permission View: can edit on DAG:tutorial_objectstorage
[2025-10-10T09:36:20.795+0000] {logging_mixin.py:190} INFO - [2025-10-10T09:36:20.795+0000] {override.py:1911} INFO - Created Permission View: can read on DAG:tutorial_objectstorage
[2025-10-10T09:36:20.798+0000] {logging_mixin.py:190} INFO - [2025-10-10T09:36:20.798+0000] {override.py:1911} INFO - Created Permission View: can delete on DAG:tutorial_objectstorage
[2025-10-10T09:36:20.802+0000] {logging_mixin.py:190} INFO - [2025-10-10T09:36:20.802+0000] {override.py:1911} INFO - Created Permission View: can read on DAG Run:tutorial_objectstorage
[2025-10-10T09:36:20.804+0000] {logging_mixin.py:190} INFO - [2025-10-10T09:36:20.804+0000] {override.py:1911} INFO - Created Permission View: menu access on DAG Run:tutorial_objectstorage
[2025-10-10T09:36:20.806+0000] {logging_mixin.py:190} INFO - [2025-10-10T09:36:20.806+0000] {override.py:1911} INFO - Created Permission View: can delete on DAG Run:tutorial_objectstorage
[2025-10-10T09:36:20.808+0000] {logging_mixin.py:190} INFO - [2025-10-10T09:36:20.808+0000] {override.py:1911} INFO - Created Permission View: can create on DAG Run:tutorial_objectstorage
[2025-10-10T09:36:20.809+0000] {logging_mixin.py:190} INFO - [2025-10-10T09:36:20.809+0000] {dag.py:3239} INFO - Sync 1 DAGs
[2025-10-10T09:36:20.814+0000] {logging_mixin.py:190} INFO - [2025-10-10T09:36:20.813+0000] {dag.py:3262} INFO - Creating ORM DAG for tutorial_objectstorage
[2025-10-10T09:36:20.814+0000] {logging_mixin.py:190} INFO - [2025-10-10T09:36:20.814+0000] {dag.py:4180} INFO - Setting next_dagrun for tutorial_objectstorage to None, run_after=None
[2025-10-10T09:36:20.822+0000] {processor.py:208} INFO - Processing /home/airflow/.local/lib/python3.12/site-packages/airflow/example_dags/tutorial_objectstorage.py took 0.084 seconds
[2025-10-10T09:36:51.058+0000] {processor.py:186} INFO - Started process (PID=121) to work on /home/airflow/.local/lib/python3.12/site-packages/airflow/example_dags/tutorial_objectstorage.py
[2025-10-10T09:36:51.060+0000] {processor.py:914} INFO - Processing file /home/airflow/.local/lib/python3.12/site-packages/airflow/example_dags/tutorial_objectstorage.py for tasks to queue
[2025-10-10T09:36:51.061+0000] {logging_mixin.py:190} INFO - [2025-10-10T09:36:51.061+0000] {dagbag.py:588} INFO - Filling up the DagBag from /home/airflow/.local/lib/python3.12/site-packages/airflow/example_dags/tutorial_objectstorage.py
[2025-10-10T09:36:51.065+0000] {processor.py:925} INFO - DAG(s) 'tutorial_objectstorage' retrieved from /home/airflow/.local/lib/python3.12/site-packages/airflow/example_dags/tutorial_objectstorage.py
[2025-10-10T09:36:51.072+0000] {logging_mixin.py:190} INFO - [2025-10-10T09:36:51.071+0000] {dag.py:3239} INFO - Sync 1 DAGs
[2025-10-10T09:36:51.076+0000] {logging_mixin.py:190} INFO - [2025-10-10T09:36:51.076+0000] {dag.py:4180} INFO - Setting next_dagrun for tutorial_objectstorage to None, run_after=None
[2025-10-10T09:36:51.084+0000] {processor.py:208} INFO - Processing /home/airflow/.local/lib/python3.12/site-packages/airflow/example_dags/tutorial_objectstorage.py took 0.030 seconds
[2025-10-10T09:37:22.177+0000] {processor.py:186} INFO - Started process (PID=184) to work on /home/airflow/.local/lib/python3.12/site-packages/airflow/example_dags/tutorial_objectstorage.py
[2025-10-10T09:37:22.180+0000] {processor.py:914} INFO - Processing file /home/airflow/.local/lib/python3.12/site-packages/airflow/example_dags/tutorial_objectstorage.py for tasks to queue
[2025-10-10T09:37:22.182+0000] {logging_mixin.py:190} INFO - [2025-10-10T09:37:22.182+0000] {dagbag.py:588} INFO - Filling up the DagBag from /home/airflow/.local/lib/python3.12/site-packages/airflow/example_dags/tutorial_objectstorage.py
[2025-10-10T09:37:22.185+0000] {processor.py:925} INFO - DAG(s) 'tutorial_objectstorage' retrieved from /home/airflow/.local/lib/python3.12/site-packages/airflow/example_dags/tutorial_objectstorage.py
[2025-10-10T09:37:22.194+0000] {logging_mixin.py:190} INFO - [2025-10-10T09:37:22.194+0000] {dag.py:3239} INFO - Sync 1 DAGs
[2025-10-10T09:37:22.204+0000] {logging_mixin.py:190} INFO - [2025-10-10T09:37:22.204+0000] {dag.py:4180} INFO - Setting next_dagrun for tutorial_objectstorage to None, run_after=None
[2025-10-10T09:37:22.224+0000] {processor.py:208} INFO - Processing /home/airflow/.local/lib/python3.12/site-packages/airflow/example_dags/tutorial_objectstorage.py took 0.049 seconds
[2025-10-10T09:37:52.475+0000] {processor.py:186} INFO - Started process (PID=247) to work on /home/airflow/.local/lib/python3.12/site-packages/airflow/example_dags/tutorial_objectstorage.py
[2025-10-10T09:37:52.475+0000] {processor.py:914} INFO - Processing file /home/airflow/.local/lib/python3.12/site-packages/airflow/example_dags/tutorial_objectstorage.py for tasks to queue
[2025-10-10T09:37:52.477+0000] {logging_mixin.py:190} INFO - [2025-10-10T09:37:52.477+0000] {dagbag.py:588} INFO - Filling up the DagBag from /home/airflow/.local/lib/python3.12/site-packages/airflow/example_dags/tutorial_objectstorage.py
[2025-10-10T09:37:52.487+0000] {processor.py:925} INFO - DAG(s) 'tutorial_objectstorage' retrieved from /home/airflow/.local/lib/python3.12/site-packages/airflow/example_dags/tutorial_objectstorage.py
[2025-10-10T09:37:52.505+0000] {logging_mixin.py:190} INFO - [2025-10-10T09:37:52.505+0000] {dag.py:3239} INFO - Sync 1 DAGs
[2025-10-10T09:37:52.519+0000] {logging_mixin.py:190} INFO - [2025-10-10T09:37:52.519+0000] {dag.py:4180} INFO - Setting next_dagrun for tutorial_objectstorage to None, run_after=None
[2025-10-10T09:37:52.526+0000] {processor.py:208} INFO - Processing /home/airflow/.local/lib/python3.12/site-packages/airflow/example_dags/tutorial_objectstorage.py took 0.054 seconds
[2025-10-10T09:38:16.957+0000] {processor.py:186} INFO - Started process (PID=48) to work on /home/airflow/.local/lib/python3.12/site-packages/airflow/example_dags/tutorial_objectstorage.py
[2025-10-10T09:38:16.958+0000] {processor.py:914} INFO - Processing file /home/airflow/.local/lib/python3.12/site-packages/airflow/example_dags/tutorial_objectstorage.py for tasks to queue
[2025-10-10T09:38:16.958+0000] {logging_mixin.py:190} INFO - [2025-10-10T09:38:16.958+0000] {dagbag.py:588} INFO - Filling up the DagBag from /home/airflow/.local/lib/python3.12/site-packages/airflow/example_dags/tutorial_objectstorage.py
[2025-10-10T09:38:16.962+0000] {processor.py:925} INFO - DAG(s) 'tutorial_objectstorage' retrieved from /home/airflow/.local/lib/python3.12/site-packages/airflow/example_dags/tutorial_objectstorage.py
[2025-10-10T09:38:16.973+0000] {logging_mixin.py:190} INFO - [2025-10-10T09:38:16.972+0000] {dag.py:3239} INFO - Sync 1 DAGs
[2025-10-10T09:38:16.977+0000] {logging_mixin.py:190} INFO - [2025-10-10T09:38:16.977+0000] {dag.py:4180} INFO - Setting next_dagrun for tutorial_objectstorage to None, run_after=None
[2025-10-10T09:38:16.983+0000] {processor.py:208} INFO - Processing /home/airflow/.local/lib/python3.12/site-packages/airflow/example_dags/tutorial_objectstorage.py took 0.028 seconds
[2025-10-10T09:38:48.167+0000] {processor.py:186} INFO - Started process (PID=118) to work on /home/airflow/.local/lib/python3.12/site-packages/airflow/example_dags/tutorial_objectstorage.py
[2025-10-10T09:38:48.168+0000] {processor.py:914} INFO - Processing file /home/airflow/.local/lib/python3.12/site-packages/airflow/example_dags/tutorial_objectstorage.py for tasks to queue
[2025-10-10T09:38:48.169+0000] {logging_mixin.py:190} INFO - [2025-10-10T09:38:48.169+0000] {dagbag.py:588} INFO - Filling up the DagBag from /home/airflow/.local/lib/python3.12/site-packages/airflow/example_dags/tutorial_objectstorage.py
[2025-10-10T09:38:48.173+0000] {processor.py:925} INFO - DAG(s) 'tutorial_objectstorage' retrieved from /home/airflow/.local/lib/python3.12/site-packages/airflow/example_dags/tutorial_objectstorage.py
[2025-10-10T09:38:48.182+0000] {logging_mixin.py:190} INFO - [2025-10-10T09:38:48.182+0000] {dag.py:3239} INFO - Sync 1 DAGs
[2025-10-10T09:38:48.187+0000] {logging_mixin.py:190} INFO - [2025-10-10T09:38:48.187+0000] {dag.py:4180} INFO - Setting next_dagrun for tutorial_objectstorage to None, run_after=None
[2025-10-10T09:38:48.192+0000] {processor.py:208} INFO - Processing /home/airflow/.local/lib/python3.12/site-packages/airflow/example_dags/tutorial_objectstorage.py took 0.027 seconds
[2025-10-10T09:39:19.264+0000] {processor.py:186} INFO - Started process (PID=182) to work on /home/airflow/.local/lib/python3.12/site-packages/airflow/example_dags/tutorial_objectstorage.py
[2025-10-10T09:39:19.265+0000] {processor.py:914} INFO - Processing file /home/airflow/.local/lib/python3.12/site-packages/airflow/example_dags/tutorial_objectstorage.py for tasks to queue
[2025-10-10T09:39:19.266+0000] {logging_mixin.py:190} INFO - [2025-10-10T09:39:19.266+0000] {dagbag.py:588} INFO - Filling up the DagBag from /home/airflow/.local/lib/python3.12/site-packages/airflow/example_dags/tutorial_objectstorage.py
[2025-10-10T09:39:19.270+0000] {processor.py:925} INFO - DAG(s) 'tutorial_objectstorage' retrieved from /home/airflow/.local/lib/python3.12/site-packages/airflow/example_dags/tutorial_objectstorage.py
[2025-10-10T09:39:19.283+0000] {logging_mixin.py:190} INFO - [2025-10-10T09:39:19.283+0000] {dag.py:3239} INFO - Sync 1 DAGs
[2025-10-10T09:39:19.289+0000] {logging_mixin.py:190} INFO - [2025-10-10T09:39:19.289+0000] {dag.py:4180} INFO - Setting next_dagrun for tutorial_objectstorage to None, run_after=None
[2025-10-10T09:39:19.300+0000] {processor.py:208} INFO - Processing /home/airflow/.local/lib/python3.12/site-packages/airflow/example_dags/tutorial_objectstorage.py took 0.038 seconds
[2025-10-10T09:39:50.407+0000] {processor.py:186} INFO - Started process (PID=246) to work on /home/airflow/.local/lib/python3.12/site-packages/airflow/example_dags/tutorial_objectstorage.py
[2025-10-10T09:39:50.407+0000] {processor.py:914} INFO - Processing file /home/airflow/.local/lib/python3.12/site-packages/airflow/example_dags/tutorial_objectstorage.py for tasks to queue
[2025-10-10T09:39:50.408+0000] {logging_mixin.py:190} INFO - [2025-10-10T09:39:50.408+0000] {dagbag.py:588} INFO - Filling up the DagBag from /home/airflow/.local/lib/python3.12/site-packages/airflow/example_dags/tutorial_objectstorage.py
[2025-10-10T09:39:50.412+0000] {processor.py:925} INFO - DAG(s) 'tutorial_objectstorage' retrieved from /home/airflow/.local/lib/python3.12/site-packages/airflow/example_dags/tutorial_objectstorage.py
[2025-10-10T09:39:50.419+0000] {logging_mixin.py:190} INFO - [2025-10-10T09:39:50.419+0000] {dag.py:3239} INFO - Sync 1 DAGs
[2025-10-10T09:39:50.425+0000] {logging_mixin.py:190} INFO - [2025-10-10T09:39:50.425+0000] {dag.py:4180} INFO - Setting next_dagrun for tutorial_objectstorage to None, run_after=None
[2025-10-10T09:39:50.433+0000] {processor.py:208} INFO - Processing /home/airflow/.local/lib/python3.12/site-packages/airflow/example_dags/tutorial_objectstorage.py took 0.029 seconds
[2025-10-10T09:40:21.622+0000] {processor.py:186} INFO - Started process (PID=310) to work on /home/airflow/.local/lib/python3.12/site-packages/airflow/example_dags/tutorial_objectstorage.py
[2025-10-10T09:40:21.622+0000] {processor.py:914} INFO - Processing file /home/airflow/.local/lib/python3.12/site-packages/airflow/example_dags/tutorial_objectstorage.py for tasks to queue
[2025-10-10T09:40:21.623+0000] {logging_mixin.py:190} INFO - [2025-10-10T09:40:21.623+0000] {dagbag.py:588} INFO - Filling up the DagBag from /home/airflow/.local/lib/python3.12/site-packages/airflow/example_dags/tutorial_objectstorage.py
[2025-10-10T09:40:21.626+0000] {processor.py:925} INFO - DAG(s) 'tutorial_objectstorage' retrieved from /home/airflow/.local/lib/python3.12/site-packages/airflow/example_dags/tutorial_objectstorage.py
[2025-10-10T09:40:21.638+0000] {logging_mixin.py:190} INFO - [2025-10-10T09:40:21.638+0000] {dag.py:3239} INFO - Sync 1 DAGs
[2025-10-10T09:40:21.643+0000] {logging_mixin.py:190} INFO - [2025-10-10T09:40:21.643+0000] {dag.py:4180} INFO - Setting next_dagrun for tutorial_objectstorage to None, run_after=None
[2025-10-10T09:40:21.652+0000] {processor.py:208} INFO - Processing /home/airflow/.local/lib/python3.12/site-packages/airflow/example_dags/tutorial_objectstorage.py took 0.032 seconds
[2025-10-10T09:40:52.898+0000] {processor.py:186} INFO - Started process (PID=374) to work on /home/airflow/.local/lib/python3.12/site-packages/airflow/example_dags/tutorial_objectstorage.py
[2025-10-10T09:40:52.899+0000] {processor.py:914} INFO - Processing file /home/airflow/.local/lib/python3.12/site-packages/airflow/example_dags/tutorial_objectstorage.py for tasks to queue
[2025-10-10T09:40:52.900+0000] {logging_mixin.py:190} INFO - [2025-10-10T09:40:52.899+0000] {dagbag.py:588} INFO - Filling up the DagBag from /home/airflow/.local/lib/python3.12/site-packages/airflow/example_dags/tutorial_objectstorage.py
[2025-10-10T09:40:52.903+0000] {processor.py:925} INFO - DAG(s) 'tutorial_objectstorage' retrieved from /home/airflow/.local/lib/python3.12/site-packages/airflow/example_dags/tutorial_objectstorage.py
[2025-10-10T09:40:52.910+0000] {logging_mixin.py:190} INFO - [2025-10-10T09:40:52.910+0000] {dag.py:3239} INFO - Sync 1 DAGs
[2025-10-10T09:40:52.915+0000] {logging_mixin.py:190} INFO - [2025-10-10T09:40:52.915+0000] {dag.py:4180} INFO - Setting next_dagrun for tutorial_objectstorage to None, run_after=None
[2025-10-10T09:40:52.922+0000] {processor.py:208} INFO - Processing /home/airflow/.local/lib/python3.12/site-packages/airflow/example_dags/tutorial_objectstorage.py took 0.025 seconds
[2025-10-10T09:41:24.056+0000] {processor.py:186} INFO - Started process (PID=438) to work on /home/airflow/.local/lib/python3.12/site-packages/airflow/example_dags/tutorial_objectstorage.py
[2025-10-10T09:41:24.057+0000] {processor.py:914} INFO - Processing file /home/airflow/.local/lib/python3.12/site-packages/airflow/example_dags/tutorial_objectstorage.py for tasks to queue
[2025-10-10T09:41:24.057+0000] {logging_mixin.py:190} INFO - [2025-10-10T09:41:24.057+0000] {dagbag.py:588} INFO - Filling up the DagBag from /home/airflow/.local/lib/python3.12/site-packages/airflow/example_dags/tutorial_objectstorage.py
[2025-10-10T09:41:24.061+0000] {processor.py:925} INFO - DAG(s) 'tutorial_objectstorage' retrieved from /home/airflow/.local/lib/python3.12/site-packages/airflow/example_dags/tutorial_objectstorage.py
[2025-10-10T09:41:24.067+0000] {logging_mixin.py:190} INFO - [2025-10-10T09:41:24.067+0000] {dag.py:3239} INFO - Sync 1 DAGs
[2025-10-10T09:41:24.071+0000] {logging_mixin.py:190} INFO - [2025-10-10T09:41:24.071+0000] {dag.py:4180} INFO - Setting next_dagrun for tutorial_objectstorage to None, run_after=None
[2025-10-10T09:41:24.076+0000] {processor.py:208} INFO - Processing /home/airflow/.local/lib/python3.12/site-packages/airflow/example_dags/tutorial_objectstorage.py took 0.021 seconds
[2025-10-10T09:41:55.225+0000] {processor.py:186} INFO - Started process (PID=502) to work on /home/airflow/.local/lib/python3.12/site-packages/airflow/example_dags/tutorial_objectstorage.py
[2025-10-10T09:41:55.229+0000] {processor.py:914} INFO - Processing file /home/airflow/.local/lib/python3.12/site-packages/airflow/example_dags/tutorial_objectstorage.py for tasks to queue
[2025-10-10T09:41:55.231+0000] {logging_mixin.py:190} INFO - [2025-10-10T09:41:55.231+0000] {dagbag.py:588} INFO - Filling up the DagBag from /home/airflow/.local/lib/python3.12/site-packages/airflow/example_dags/tutorial_objectstorage.py
[2025-10-10T09:41:55.236+0000] {processor.py:925} INFO - DAG(s) 'tutorial_objectstorage' retrieved from /home/airflow/.local/lib/python3.12/site-packages/airflow/example_dags/tutorial_objectstorage.py
[2025-10-10T09:41:55.246+0000] {logging_mixin.py:190} INFO - [2025-10-10T09:41:55.246+0000] {dag.py:3239} INFO - Sync 1 DAGs
[2025-10-10T09:41:55.254+0000] {logging_mixin.py:190} INFO - [2025-10-10T09:41:55.254+0000] {dag.py:4180} INFO - Setting next_dagrun for tutorial_objectstorage to None, run_after=None
[2025-10-10T09:41:55.264+0000] {processor.py:208} INFO - Processing /home/airflow/.local/lib/python3.12/site-packages/airflow/example_dags/tutorial_objectstorage.py took 0.043 seconds
[2025-10-10T09:42:26.313+0000] {processor.py:186} INFO - Started process (PID=566) to work on /home/airflow/.local/lib/python3.12/site-packages/airflow/example_dags/tutorial_objectstorage.py
[2025-10-10T09:42:26.313+0000] {processor.py:914} INFO - Processing file /home/airflow/.local/lib/python3.12/site-packages/airflow/example_dags/tutorial_objectstorage.py for tasks to queue
[2025-10-10T09:42:26.314+0000] {logging_mixin.py:190} INFO - [2025-10-10T09:42:26.314+0000] {dagbag.py:588} INFO - Filling up the DagBag from /home/airflow/.local/lib/python3.12/site-packages/airflow/example_dags/tutorial_objectstorage.py
[2025-10-10T09:42:26.317+0000] {processor.py:925} INFO - DAG(s) 'tutorial_objectstorage' retrieved from /home/airflow/.local/lib/python3.12/site-packages/airflow/example_dags/tutorial_objectstorage.py
[2025-10-10T09:42:26.323+0000] {logging_mixin.py:190} INFO - [2025-10-10T09:42:26.323+0000] {dag.py:3239} INFO - Sync 1 DAGs
[2025-10-10T09:42:26.327+0000] {logging_mixin.py:190} INFO - [2025-10-10T09:42:26.327+0000] {dag.py:4180} INFO - Setting next_dagrun for tutorial_objectstorage to None, run_after=None
[2025-10-10T09:42:26.335+0000] {processor.py:208} INFO - Processing /home/airflow/.local/lib/python3.12/site-packages/airflow/example_dags/tutorial_objectstorage.py took 0.025 seconds
[2025-10-10T09:42:57.558+0000] {processor.py:186} INFO - Started process (PID=630) to work on /home/airflow/.local/lib/python3.12/site-packages/airflow/example_dags/tutorial_objectstorage.py
[2025-10-10T09:42:57.559+0000] {processor.py:914} INFO - Processing file /home/airflow/.local/lib/python3.12/site-packages/airflow/example_dags/tutorial_objectstorage.py for tasks to queue
[2025-10-10T09:42:57.560+0000] {logging_mixin.py:190} INFO - [2025-10-10T09:42:57.560+0000] {dagbag.py:588} INFO - Filling up the DagBag from /home/airflow/.local/lib/python3.12/site-packages/airflow/example_dags/tutorial_objectstorage.py
[2025-10-10T09:42:57.564+0000] {processor.py:925} INFO - DAG(s) 'tutorial_objectstorage' retrieved from /home/airflow/.local/lib/python3.12/site-packages/airflow/example_dags/tutorial_objectstorage.py
[2025-10-10T09:42:57.571+0000] {logging_mixin.py:190} INFO - [2025-10-10T09:42:57.571+0000] {dag.py:3239} INFO - Sync 1 DAGs
[2025-10-10T09:42:57.576+0000] {logging_mixin.py:190} INFO - [2025-10-10T09:42:57.576+0000] {dag.py:4180} INFO - Setting next_dagrun for tutorial_objectstorage to None, run_after=None
[2025-10-10T09:42:57.585+0000] {processor.py:208} INFO - Processing /home/airflow/.local/lib/python3.12/site-packages/airflow/example_dags/tutorial_objectstorage.py took 0.029 seconds
[2025-10-10T09:43:28.692+0000] {processor.py:186} INFO - Started process (PID=694) to work on /home/airflow/.local/lib/python3.12/site-packages/airflow/example_dags/tutorial_objectstorage.py
[2025-10-10T09:43:28.692+0000] {processor.py:914} INFO - Processing file /home/airflow/.local/lib/python3.12/site-packages/airflow/example_dags/tutorial_objectstorage.py for tasks to queue
[2025-10-10T09:43:28.693+0000] {logging_mixin.py:190} INFO - [2025-10-10T09:43:28.693+0000] {dagbag.py:588} INFO - Filling up the DagBag from /home/airflow/.local/lib/python3.12/site-packages/airflow/example_dags/tutorial_objectstorage.py
[2025-10-10T09:43:28.696+0000] {processor.py:925} INFO - DAG(s) 'tutorial_objectstorage' retrieved from /home/airflow/.local/lib/python3.12/site-packages/airflow/example_dags/tutorial_objectstorage.py
[2025-10-10T09:43:28.703+0000] {logging_mixin.py:190} INFO - [2025-10-10T09:43:28.703+0000] {dag.py:3239} INFO - Sync 1 DAGs
[2025-10-10T09:43:28.707+0000] {logging_mixin.py:190} INFO - [2025-10-10T09:43:28.707+0000] {dag.py:4180} INFO - Setting next_dagrun for tutorial_objectstorage to None, run_after=None
[2025-10-10T09:43:28.715+0000] {processor.py:208} INFO - Processing /home/airflow/.local/lib/python3.12/site-packages/airflow/example_dags/tutorial_objectstorage.py took 0.026 seconds
[2025-10-10T09:44:09.212+0000] {processor.py:186} INFO - Started process (PID=61) to work on /home/airflow/.local/lib/python3.12/site-packages/airflow/example_dags/tutorial_objectstorage.py
[2025-10-10T09:44:09.213+0000] {processor.py:914} INFO - Processing file /home/airflow/.local/lib/python3.12/site-packages/airflow/example_dags/tutorial_objectstorage.py for tasks to queue
[2025-10-10T09:44:09.214+0000] {logging_mixin.py:190} INFO - [2025-10-10T09:44:09.214+0000] {dagbag.py:588} INFO - Filling up the DagBag from /home/airflow/.local/lib/python3.12/site-packages/airflow/example_dags/tutorial_objectstorage.py
[2025-10-10T09:44:09.219+0000] {processor.py:925} INFO - DAG(s) 'tutorial_objectstorage' retrieved from /home/airflow/.local/lib/python3.12/site-packages/airflow/example_dags/tutorial_objectstorage.py
[2025-10-10T09:44:09.231+0000] {logging_mixin.py:190} INFO - [2025-10-10T09:44:09.231+0000] {dag.py:3239} INFO - Sync 1 DAGs
[2025-10-10T09:44:09.238+0000] {logging_mixin.py:190} INFO - [2025-10-10T09:44:09.237+0000] {dag.py:4180} INFO - Setting next_dagrun for tutorial_objectstorage to None, run_after=None
[2025-10-10T09:44:09.246+0000] {processor.py:208} INFO - Processing /home/airflow/.local/lib/python3.12/site-packages/airflow/example_dags/tutorial_objectstorage.py took 0.037 seconds
[2025-10-10T09:44:39.524+0000] {processor.py:186} INFO - Started process (PID=125) to work on /home/airflow/.local/lib/python3.12/site-packages/airflow/example_dags/tutorial_objectstorage.py
[2025-10-10T09:44:39.525+0000] {processor.py:914} INFO - Processing file /home/airflow/.local/lib/python3.12/site-packages/airflow/example_dags/tutorial_objectstorage.py for tasks to queue
[2025-10-10T09:44:39.527+0000] {logging_mixin.py:190} INFO - [2025-10-10T09:44:39.526+0000] {dagbag.py:588} INFO - Filling up the DagBag from /home/airflow/.local/lib/python3.12/site-packages/airflow/example_dags/tutorial_objectstorage.py
[2025-10-10T09:44:39.531+0000] {processor.py:925} INFO - DAG(s) 'tutorial_objectstorage' retrieved from /home/airflow/.local/lib/python3.12/site-packages/airflow/example_dags/tutorial_objectstorage.py
[2025-10-10T09:44:39.539+0000] {logging_mixin.py:190} INFO - [2025-10-10T09:44:39.539+0000] {dag.py:3239} INFO - Sync 1 DAGs
[2025-10-10T09:44:39.544+0000] {logging_mixin.py:190} INFO - [2025-10-10T09:44:39.544+0000] {dag.py:4180} INFO - Setting next_dagrun for tutorial_objectstorage to None, run_after=None
[2025-10-10T09:44:39.549+0000] {processor.py:208} INFO - Processing /home/airflow/.local/lib/python3.12/site-packages/airflow/example_dags/tutorial_objectstorage.py took 0.027 seconds
[2025-10-10T09:45:10.557+0000] {processor.py:186} INFO - Started process (PID=189) to work on /home/airflow/.local/lib/python3.12/site-packages/airflow/example_dags/tutorial_objectstorage.py
[2025-10-10T09:45:10.558+0000] {processor.py:914} INFO - Processing file /home/airflow/.local/lib/python3.12/site-packages/airflow/example_dags/tutorial_objectstorage.py for tasks to queue
[2025-10-10T09:45:10.559+0000] {logging_mixin.py:190} INFO - [2025-10-10T09:45:10.559+0000] {dagbag.py:588} INFO - Filling up the DagBag from /home/airflow/.local/lib/python3.12/site-packages/airflow/example_dags/tutorial_objectstorage.py
[2025-10-10T09:45:10.564+0000] {processor.py:925} INFO - DAG(s) 'tutorial_objectstorage' retrieved from /home/airflow/.local/lib/python3.12/site-packages/airflow/example_dags/tutorial_objectstorage.py
[2025-10-10T09:45:10.571+0000] {logging_mixin.py:190} INFO - [2025-10-10T09:45:10.571+0000] {dag.py:3239} INFO - Sync 1 DAGs
[2025-10-10T09:45:10.576+0000] {logging_mixin.py:190} INFO - [2025-10-10T09:45:10.576+0000] {dag.py:4180} INFO - Setting next_dagrun for tutorial_objectstorage to None, run_after=None
[2025-10-10T09:45:10.582+0000] {processor.py:208} INFO - Processing /home/airflow/.local/lib/python3.12/site-packages/airflow/example_dags/tutorial_objectstorage.py took 0.028 seconds
[2025-10-10T09:45:41.535+0000] {processor.py:186} INFO - Started process (PID=261) to work on /home/airflow/.local/lib/python3.12/site-packages/airflow/example_dags/tutorial_objectstorage.py
[2025-10-10T09:45:41.535+0000] {processor.py:914} INFO - Processing file /home/airflow/.local/lib/python3.12/site-packages/airflow/example_dags/tutorial_objectstorage.py for tasks to queue
[2025-10-10T09:45:41.536+0000] {logging_mixin.py:190} INFO - [2025-10-10T09:45:41.536+0000] {dagbag.py:588} INFO - Filling up the DagBag from /home/airflow/.local/lib/python3.12/site-packages/airflow/example_dags/tutorial_objectstorage.py
[2025-10-10T09:45:41.540+0000] {processor.py:925} INFO - DAG(s) 'tutorial_objectstorage' retrieved from /home/airflow/.local/lib/python3.12/site-packages/airflow/example_dags/tutorial_objectstorage.py
[2025-10-10T09:45:41.548+0000] {logging_mixin.py:190} INFO - [2025-10-10T09:45:41.548+0000] {dag.py:3239} INFO - Sync 1 DAGs
[2025-10-10T09:45:41.553+0000] {logging_mixin.py:190} INFO - [2025-10-10T09:45:41.552+0000] {dag.py:4180} INFO - Setting next_dagrun for tutorial_objectstorage to None, run_after=None
[2025-10-10T09:45:41.558+0000] {processor.py:208} INFO - Processing /home/airflow/.local/lib/python3.12/site-packages/airflow/example_dags/tutorial_objectstorage.py took 0.025 seconds
[2025-10-10T09:46:12.554+0000] {processor.py:186} INFO - Started process (PID=325) to work on /home/airflow/.local/lib/python3.12/site-packages/airflow/example_dags/tutorial_objectstorage.py
[2025-10-10T09:46:12.554+0000] {processor.py:914} INFO - Processing file /home/airflow/.local/lib/python3.12/site-packages/airflow/example_dags/tutorial_objectstorage.py for tasks to queue
[2025-10-10T09:46:12.555+0000] {logging_mixin.py:190} INFO - [2025-10-10T09:46:12.555+0000] {dagbag.py:588} INFO - Filling up the DagBag from /home/airflow/.local/lib/python3.12/site-packages/airflow/example_dags/tutorial_objectstorage.py
[2025-10-10T09:46:12.559+0000] {processor.py:925} INFO - DAG(s) 'tutorial_objectstorage' retrieved from /home/airflow/.local/lib/python3.12/site-packages/airflow/example_dags/tutorial_objectstorage.py
[2025-10-10T09:46:12.567+0000] {logging_mixin.py:190} INFO - [2025-10-10T09:46:12.567+0000] {dag.py:3239} INFO - Sync 1 DAGs
[2025-10-10T09:46:12.572+0000] {logging_mixin.py:190} INFO - [2025-10-10T09:46:12.572+0000] {dag.py:4180} INFO - Setting next_dagrun for tutorial_objectstorage to None, run_after=None
[2025-10-10T09:46:12.577+0000] {processor.py:208} INFO - Processing /home/airflow/.local/lib/python3.12/site-packages/airflow/example_dags/tutorial_objectstorage.py took 0.026 seconds
[2025-10-10T09:46:43.672+0000] {processor.py:186} INFO - Started process (PID=389) to work on /home/airflow/.local/lib/python3.12/site-packages/airflow/example_dags/tutorial_objectstorage.py
[2025-10-10T09:46:43.672+0000] {processor.py:914} INFO - Processing file /home/airflow/.local/lib/python3.12/site-packages/airflow/example_dags/tutorial_objectstorage.py for tasks to queue
[2025-10-10T09:46:43.673+0000] {logging_mixin.py:190} INFO - [2025-10-10T09:46:43.673+0000] {dagbag.py:588} INFO - Filling up the DagBag from /home/airflow/.local/lib/python3.12/site-packages/airflow/example_dags/tutorial_objectstorage.py
[2025-10-10T09:46:43.677+0000] {processor.py:925} INFO - DAG(s) 'tutorial_objectstorage' retrieved from /home/airflow/.local/lib/python3.12/site-packages/airflow/example_dags/tutorial_objectstorage.py
[2025-10-10T09:46:43.683+0000] {logging_mixin.py:190} INFO - [2025-10-10T09:46:43.683+0000] {dag.py:3239} INFO - Sync 1 DAGs
[2025-10-10T09:46:43.688+0000] {logging_mixin.py:190} INFO - [2025-10-10T09:46:43.687+0000] {dag.py:4180} INFO - Setting next_dagrun for tutorial_objectstorage to None, run_after=None
[2025-10-10T09:46:43.692+0000] {processor.py:208} INFO - Processing /home/airflow/.local/lib/python3.12/site-packages/airflow/example_dags/tutorial_objectstorage.py took 0.023 seconds
[2025-10-10T09:47:14.664+0000] {processor.py:186} INFO - Started process (PID=453) to work on /home/airflow/.local/lib/python3.12/site-packages/airflow/example_dags/tutorial_objectstorage.py
[2025-10-10T09:47:14.664+0000] {processor.py:914} INFO - Processing file /home/airflow/.local/lib/python3.12/site-packages/airflow/example_dags/tutorial_objectstorage.py for tasks to queue
[2025-10-10T09:47:14.665+0000] {logging_mixin.py:190} INFO - [2025-10-10T09:47:14.665+0000] {dagbag.py:588} INFO - Filling up the DagBag from /home/airflow/.local/lib/python3.12/site-packages/airflow/example_dags/tutorial_objectstorage.py
[2025-10-10T09:47:14.670+0000] {processor.py:925} INFO - DAG(s) 'tutorial_objectstorage' retrieved from /home/airflow/.local/lib/python3.12/site-packages/airflow/example_dags/tutorial_objectstorage.py
[2025-10-10T09:47:14.681+0000] {logging_mixin.py:190} INFO - [2025-10-10T09:47:14.681+0000] {dag.py:3239} INFO - Sync 1 DAGs
[2025-10-10T09:47:14.686+0000] {logging_mixin.py:190} INFO - [2025-10-10T09:47:14.686+0000] {dag.py:4180} INFO - Setting next_dagrun for tutorial_objectstorage to None, run_after=None
[2025-10-10T09:47:14.696+0000] {processor.py:208} INFO - Processing /home/airflow/.local/lib/python3.12/site-packages/airflow/example_dags/tutorial_objectstorage.py took 0.035 seconds
[2025-10-10T09:47:45.731+0000] {processor.py:186} INFO - Started process (PID=517) to work on /home/airflow/.local/lib/python3.12/site-packages/airflow/example_dags/tutorial_objectstorage.py
[2025-10-10T09:47:45.731+0000] {processor.py:914} INFO - Processing file /home/airflow/.local/lib/python3.12/site-packages/airflow/example_dags/tutorial_objectstorage.py for tasks to queue
[2025-10-10T09:47:45.732+0000] {logging_mixin.py:190} INFO - [2025-10-10T09:47:45.732+0000] {dagbag.py:588} INFO - Filling up the DagBag from /home/airflow/.local/lib/python3.12/site-packages/airflow/example_dags/tutorial_objectstorage.py
[2025-10-10T09:47:45.735+0000] {processor.py:925} INFO - DAG(s) 'tutorial_objectstorage' retrieved from /home/airflow/.local/lib/python3.12/site-packages/airflow/example_dags/tutorial_objectstorage.py
[2025-10-10T09:47:45.745+0000] {logging_mixin.py:190} INFO - [2025-10-10T09:47:45.745+0000] {dag.py:3239} INFO - Sync 1 DAGs
[2025-10-10T09:47:45.749+0000] {logging_mixin.py:190} INFO - [2025-10-10T09:47:45.749+0000] {dag.py:4180} INFO - Setting next_dagrun for tutorial_objectstorage to None, run_after=None
[2025-10-10T09:47:45.757+0000] {processor.py:208} INFO - Processing /home/airflow/.local/lib/python3.12/site-packages/airflow/example_dags/tutorial_objectstorage.py took 0.028 seconds
[2025-10-10T09:48:16.961+0000] {processor.py:186} INFO - Started process (PID=581) to work on /home/airflow/.local/lib/python3.12/site-packages/airflow/example_dags/tutorial_objectstorage.py
[2025-10-10T09:48:16.965+0000] {processor.py:914} INFO - Processing file /home/airflow/.local/lib/python3.12/site-packages/airflow/example_dags/tutorial_objectstorage.py for tasks to queue
[2025-10-10T09:48:16.967+0000] {logging_mixin.py:190} INFO - [2025-10-10T09:48:16.967+0000] {dagbag.py:588} INFO - Filling up the DagBag from /home/airflow/.local/lib/python3.12/site-packages/airflow/example_dags/tutorial_objectstorage.py
[2025-10-10T09:48:16.973+0000] {processor.py:925} INFO - DAG(s) 'tutorial_objectstorage' retrieved from /home/airflow/.local/lib/python3.12/site-packages/airflow/example_dags/tutorial_objectstorage.py
[2025-10-10T09:48:16.985+0000] {logging_mixin.py:190} INFO - [2025-10-10T09:48:16.985+0000] {dag.py:3239} INFO - Sync 1 DAGs
[2025-10-10T09:48:16.991+0000] {logging_mixin.py:190} INFO - [2025-10-10T09:48:16.991+0000] {dag.py:4180} INFO - Setting next_dagrun for tutorial_objectstorage to None, run_after=None
[2025-10-10T09:48:16.999+0000] {processor.py:208} INFO - Processing /home/airflow/.local/lib/python3.12/site-packages/airflow/example_dags/tutorial_objectstorage.py took 0.042 seconds
[2025-10-10T09:48:47.242+0000] {processor.py:186} INFO - Started process (PID=645) to work on /home/airflow/.local/lib/python3.12/site-packages/airflow/example_dags/tutorial_objectstorage.py
[2025-10-10T09:48:47.244+0000] {processor.py:914} INFO - Processing file /home/airflow/.local/lib/python3.12/site-packages/airflow/example_dags/tutorial_objectstorage.py for tasks to queue
[2025-10-10T09:48:47.245+0000] {logging_mixin.py:190} INFO - [2025-10-10T09:48:47.245+0000] {dagbag.py:588} INFO - Filling up the DagBag from /home/airflow/.local/lib/python3.12/site-packages/airflow/example_dags/tutorial_objectstorage.py
[2025-10-10T09:48:47.249+0000] {processor.py:925} INFO - DAG(s) 'tutorial_objectstorage' retrieved from /home/airflow/.local/lib/python3.12/site-packages/airflow/example_dags/tutorial_objectstorage.py
[2025-10-10T09:48:47.256+0000] {logging_mixin.py:190} INFO - [2025-10-10T09:48:47.256+0000] {dag.py:3239} INFO - Sync 1 DAGs
[2025-10-10T09:48:47.262+0000] {logging_mixin.py:190} INFO - [2025-10-10T09:48:47.262+0000] {dag.py:4180} INFO - Setting next_dagrun for tutorial_objectstorage to None, run_after=None
[2025-10-10T09:48:47.274+0000] {processor.py:208} INFO - Processing /home/airflow/.local/lib/python3.12/site-packages/airflow/example_dags/tutorial_objectstorage.py took 0.034 seconds
