[2025-10-10T09:36:23.049+0000] {processor.py:186} INFO - Started process (PID=96) to work on /home/airflow/.local/lib/python3.12/site-packages/airflow/example_dags/tutorial_dag.py
[2025-10-10T09:36:23.051+0000] {processor.py:914} INFO - Processing file /home/airflow/.local/lib/python3.12/site-packages/airflow/example_dags/tutorial_dag.py for tasks to queue
[2025-10-10T09:36:23.053+0000] {logging_mixin.py:190} INFO - [2025-10-10T09:36:23.053+0000] {dagbag.py:588} INFO - Filling up the DagBag from /home/airflow/.local/lib/python3.12/site-packages/airflow/example_dags/tutorial_dag.py
[2025-10-10T09:36:23.057+0000] {processor.py:925} INFO - DAG(s) 'tutorial_dag' retrieved from /home/airflow/.local/lib/python3.12/site-packages/airflow/example_dags/tutorial_dag.py
[2025-10-10T09:36:23.094+0000] {logging_mixin.py:190} INFO - [2025-10-10T09:36:23.093+0000] {override.py:1911} INFO - Created Permission View: can edit on DAG:tutorial_dag
[2025-10-10T09:36:23.099+0000] {logging_mixin.py:190} INFO - [2025-10-10T09:36:23.099+0000] {override.py:1911} INFO - Created Permission View: can read on DAG:tutorial_dag
[2025-10-10T09:36:23.101+0000] {logging_mixin.py:190} INFO - [2025-10-10T09:36:23.101+0000] {override.py:1911} INFO - Created Permission View: can delete on DAG:tutorial_dag
[2025-10-10T09:36:23.103+0000] {logging_mixin.py:190} INFO - [2025-10-10T09:36:23.103+0000] {override.py:1911} INFO - Created Permission View: can read on DAG Run:tutorial_dag
[2025-10-10T09:36:23.104+0000] {logging_mixin.py:190} INFO - [2025-10-10T09:36:23.104+0000] {override.py:1911} INFO - Created Permission View: menu access on DAG Run:tutorial_dag
[2025-10-10T09:36:23.105+0000] {logging_mixin.py:190} INFO - [2025-10-10T09:36:23.105+0000] {override.py:1911} INFO - Created Permission View: can delete on DAG Run:tutorial_dag
[2025-10-10T09:36:23.107+0000] {logging_mixin.py:190} INFO - [2025-10-10T09:36:23.107+0000] {override.py:1911} INFO - Created Permission View: can create on DAG Run:tutorial_dag
[2025-10-10T09:36:23.107+0000] {logging_mixin.py:190} INFO - [2025-10-10T09:36:23.107+0000] {dag.py:3239} INFO - Sync 1 DAGs
[2025-10-10T09:36:23.112+0000] {logging_mixin.py:190} INFO - [2025-10-10T09:36:23.112+0000] {dag.py:3262} INFO - Creating ORM DAG for tutorial_dag
[2025-10-10T09:36:23.112+0000] {logging_mixin.py:190} INFO - [2025-10-10T09:36:23.112+0000] {dag.py:4180} INFO - Setting next_dagrun for tutorial_dag to None, run_after=None
[2025-10-10T09:36:23.117+0000] {processor.py:208} INFO - Processing /home/airflow/.local/lib/python3.12/site-packages/airflow/example_dags/tutorial_dag.py took 0.070 seconds
[2025-10-10T09:36:53.246+0000] {processor.py:186} INFO - Started process (PID=159) to work on /home/airflow/.local/lib/python3.12/site-packages/airflow/example_dags/tutorial_dag.py
[2025-10-10T09:36:53.246+0000] {processor.py:914} INFO - Processing file /home/airflow/.local/lib/python3.12/site-packages/airflow/example_dags/tutorial_dag.py for tasks to queue
[2025-10-10T09:36:53.247+0000] {logging_mixin.py:190} INFO - [2025-10-10T09:36:53.247+0000] {dagbag.py:588} INFO - Filling up the DagBag from /home/airflow/.local/lib/python3.12/site-packages/airflow/example_dags/tutorial_dag.py
[2025-10-10T09:36:53.250+0000] {processor.py:925} INFO - DAG(s) 'tutorial_dag' retrieved from /home/airflow/.local/lib/python3.12/site-packages/airflow/example_dags/tutorial_dag.py
[2025-10-10T09:36:53.257+0000] {logging_mixin.py:190} INFO - [2025-10-10T09:36:53.256+0000] {dag.py:3239} INFO - Sync 1 DAGs
[2025-10-10T09:36:53.261+0000] {logging_mixin.py:190} INFO - [2025-10-10T09:36:53.261+0000] {dag.py:4180} INFO - Setting next_dagrun for tutorial_dag to None, run_after=None
[2025-10-10T09:36:53.266+0000] {processor.py:208} INFO - Processing /home/airflow/.local/lib/python3.12/site-packages/airflow/example_dags/tutorial_dag.py took 0.023 seconds
[2025-10-10T09:37:23.527+0000] {processor.py:186} INFO - Started process (PID=222) to work on /home/airflow/.local/lib/python3.12/site-packages/airflow/example_dags/tutorial_dag.py
[2025-10-10T09:37:23.530+0000] {processor.py:914} INFO - Processing file /home/airflow/.local/lib/python3.12/site-packages/airflow/example_dags/tutorial_dag.py for tasks to queue
[2025-10-10T09:37:23.531+0000] {logging_mixin.py:190} INFO - [2025-10-10T09:37:23.531+0000] {dagbag.py:588} INFO - Filling up the DagBag from /home/airflow/.local/lib/python3.12/site-packages/airflow/example_dags/tutorial_dag.py
[2025-10-10T09:37:23.534+0000] {processor.py:925} INFO - DAG(s) 'tutorial_dag' retrieved from /home/airflow/.local/lib/python3.12/site-packages/airflow/example_dags/tutorial_dag.py
[2025-10-10T09:37:23.540+0000] {logging_mixin.py:190} INFO - [2025-10-10T09:37:23.540+0000] {dag.py:3239} INFO - Sync 1 DAGs
[2025-10-10T09:37:23.545+0000] {logging_mixin.py:190} INFO - [2025-10-10T09:37:23.544+0000] {dag.py:4180} INFO - Setting next_dagrun for tutorial_dag to None, run_after=None
[2025-10-10T09:37:23.550+0000] {processor.py:208} INFO - Processing /home/airflow/.local/lib/python3.12/site-packages/airflow/example_dags/tutorial_dag.py took 0.024 seconds
[2025-10-10T09:37:54.624+0000] {processor.py:186} INFO - Started process (PID=285) to work on /home/airflow/.local/lib/python3.12/site-packages/airflow/example_dags/tutorial_dag.py
[2025-10-10T09:37:54.625+0000] {processor.py:914} INFO - Processing file /home/airflow/.local/lib/python3.12/site-packages/airflow/example_dags/tutorial_dag.py for tasks to queue
[2025-10-10T09:37:54.625+0000] {logging_mixin.py:190} INFO - [2025-10-10T09:37:54.625+0000] {dagbag.py:588} INFO - Filling up the DagBag from /home/airflow/.local/lib/python3.12/site-packages/airflow/example_dags/tutorial_dag.py
[2025-10-10T09:37:54.628+0000] {processor.py:925} INFO - DAG(s) 'tutorial_dag' retrieved from /home/airflow/.local/lib/python3.12/site-packages/airflow/example_dags/tutorial_dag.py
[2025-10-10T09:37:54.634+0000] {logging_mixin.py:190} INFO - [2025-10-10T09:37:54.634+0000] {dag.py:3239} INFO - Sync 1 DAGs
[2025-10-10T09:37:54.638+0000] {logging_mixin.py:190} INFO - [2025-10-10T09:37:54.638+0000] {dag.py:4180} INFO - Setting next_dagrun for tutorial_dag to None, run_after=None
[2025-10-10T09:37:54.643+0000] {processor.py:208} INFO - Processing /home/airflow/.local/lib/python3.12/site-packages/airflow/example_dags/tutorial_dag.py took 0.021 seconds
[2025-10-10T09:38:18.209+0000] {processor.py:186} INFO - Started process (PID=92) to work on /home/airflow/.local/lib/python3.12/site-packages/airflow/example_dags/tutorial_dag.py
[2025-10-10T09:38:18.211+0000] {processor.py:914} INFO - Processing file /home/airflow/.local/lib/python3.12/site-packages/airflow/example_dags/tutorial_dag.py for tasks to queue
[2025-10-10T09:38:18.213+0000] {logging_mixin.py:190} INFO - [2025-10-10T09:38:18.213+0000] {dagbag.py:588} INFO - Filling up the DagBag from /home/airflow/.local/lib/python3.12/site-packages/airflow/example_dags/tutorial_dag.py
[2025-10-10T09:38:18.217+0000] {processor.py:925} INFO - DAG(s) 'tutorial_dag' retrieved from /home/airflow/.local/lib/python3.12/site-packages/airflow/example_dags/tutorial_dag.py
[2025-10-10T09:38:18.224+0000] {logging_mixin.py:190} INFO - [2025-10-10T09:38:18.224+0000] {dag.py:3239} INFO - Sync 1 DAGs
[2025-10-10T09:38:18.230+0000] {logging_mixin.py:190} INFO - [2025-10-10T09:38:18.230+0000] {dag.py:4180} INFO - Setting next_dagrun for tutorial_dag to None, run_after=None
[2025-10-10T09:38:18.235+0000] {processor.py:208} INFO - Processing /home/airflow/.local/lib/python3.12/site-packages/airflow/example_dags/tutorial_dag.py took 0.028 seconds
[2025-10-10T09:38:49.313+0000] {processor.py:186} INFO - Started process (PID=156) to work on /home/airflow/.local/lib/python3.12/site-packages/airflow/example_dags/tutorial_dag.py
[2025-10-10T09:38:49.314+0000] {processor.py:914} INFO - Processing file /home/airflow/.local/lib/python3.12/site-packages/airflow/example_dags/tutorial_dag.py for tasks to queue
[2025-10-10T09:38:49.315+0000] {logging_mixin.py:190} INFO - [2025-10-10T09:38:49.315+0000] {dagbag.py:588} INFO - Filling up the DagBag from /home/airflow/.local/lib/python3.12/site-packages/airflow/example_dags/tutorial_dag.py
[2025-10-10T09:38:49.318+0000] {processor.py:925} INFO - DAG(s) 'tutorial_dag' retrieved from /home/airflow/.local/lib/python3.12/site-packages/airflow/example_dags/tutorial_dag.py
[2025-10-10T09:38:49.325+0000] {logging_mixin.py:190} INFO - [2025-10-10T09:38:49.325+0000] {dag.py:3239} INFO - Sync 1 DAGs
[2025-10-10T09:38:49.330+0000] {logging_mixin.py:190} INFO - [2025-10-10T09:38:49.330+0000] {dag.py:4180} INFO - Setting next_dagrun for tutorial_dag to None, run_after=None
[2025-10-10T09:38:49.337+0000] {processor.py:208} INFO - Processing /home/airflow/.local/lib/python3.12/site-packages/airflow/example_dags/tutorial_dag.py took 0.026 seconds
[2025-10-10T09:39:20.452+0000] {processor.py:186} INFO - Started process (PID=220) to work on /home/airflow/.local/lib/python3.12/site-packages/airflow/example_dags/tutorial_dag.py
[2025-10-10T09:39:20.453+0000] {processor.py:914} INFO - Processing file /home/airflow/.local/lib/python3.12/site-packages/airflow/example_dags/tutorial_dag.py for tasks to queue
[2025-10-10T09:39:20.454+0000] {logging_mixin.py:190} INFO - [2025-10-10T09:39:20.454+0000] {dagbag.py:588} INFO - Filling up the DagBag from /home/airflow/.local/lib/python3.12/site-packages/airflow/example_dags/tutorial_dag.py
[2025-10-10T09:39:20.456+0000] {processor.py:925} INFO - DAG(s) 'tutorial_dag' retrieved from /home/airflow/.local/lib/python3.12/site-packages/airflow/example_dags/tutorial_dag.py
[2025-10-10T09:39:20.465+0000] {logging_mixin.py:190} INFO - [2025-10-10T09:39:20.465+0000] {dag.py:3239} INFO - Sync 1 DAGs
[2025-10-10T09:39:20.471+0000] {logging_mixin.py:190} INFO - [2025-10-10T09:39:20.471+0000] {dag.py:4180} INFO - Setting next_dagrun for tutorial_dag to None, run_after=None
[2025-10-10T09:39:20.479+0000] {processor.py:208} INFO - Processing /home/airflow/.local/lib/python3.12/site-packages/airflow/example_dags/tutorial_dag.py took 0.029 seconds
[2025-10-10T09:39:51.590+0000] {processor.py:186} INFO - Started process (PID=284) to work on /home/airflow/.local/lib/python3.12/site-packages/airflow/example_dags/tutorial_dag.py
[2025-10-10T09:39:51.591+0000] {processor.py:914} INFO - Processing file /home/airflow/.local/lib/python3.12/site-packages/airflow/example_dags/tutorial_dag.py for tasks to queue
[2025-10-10T09:39:51.592+0000] {logging_mixin.py:190} INFO - [2025-10-10T09:39:51.592+0000] {dagbag.py:588} INFO - Filling up the DagBag from /home/airflow/.local/lib/python3.12/site-packages/airflow/example_dags/tutorial_dag.py
[2025-10-10T09:39:51.595+0000] {processor.py:925} INFO - DAG(s) 'tutorial_dag' retrieved from /home/airflow/.local/lib/python3.12/site-packages/airflow/example_dags/tutorial_dag.py
[2025-10-10T09:39:51.602+0000] {logging_mixin.py:190} INFO - [2025-10-10T09:39:51.602+0000] {dag.py:3239} INFO - Sync 1 DAGs
[2025-10-10T09:39:51.606+0000] {logging_mixin.py:190} INFO - [2025-10-10T09:39:51.606+0000] {dag.py:4180} INFO - Setting next_dagrun for tutorial_dag to None, run_after=None
[2025-10-10T09:39:51.615+0000] {processor.py:208} INFO - Processing /home/airflow/.local/lib/python3.12/site-packages/airflow/example_dags/tutorial_dag.py took 0.026 seconds
[2025-10-10T09:40:22.836+0000] {processor.py:186} INFO - Started process (PID=348) to work on /home/airflow/.local/lib/python3.12/site-packages/airflow/example_dags/tutorial_dag.py
[2025-10-10T09:40:22.837+0000] {processor.py:914} INFO - Processing file /home/airflow/.local/lib/python3.12/site-packages/airflow/example_dags/tutorial_dag.py for tasks to queue
[2025-10-10T09:40:22.838+0000] {logging_mixin.py:190} INFO - [2025-10-10T09:40:22.838+0000] {dagbag.py:588} INFO - Filling up the DagBag from /home/airflow/.local/lib/python3.12/site-packages/airflow/example_dags/tutorial_dag.py
[2025-10-10T09:40:22.842+0000] {processor.py:925} INFO - DAG(s) 'tutorial_dag' retrieved from /home/airflow/.local/lib/python3.12/site-packages/airflow/example_dags/tutorial_dag.py
[2025-10-10T09:40:22.849+0000] {logging_mixin.py:190} INFO - [2025-10-10T09:40:22.849+0000] {dag.py:3239} INFO - Sync 1 DAGs
[2025-10-10T09:40:22.854+0000] {logging_mixin.py:190} INFO - [2025-10-10T09:40:22.854+0000] {dag.py:4180} INFO - Setting next_dagrun for tutorial_dag to None, run_after=None
[2025-10-10T09:40:22.861+0000] {processor.py:208} INFO - Processing /home/airflow/.local/lib/python3.12/site-packages/airflow/example_dags/tutorial_dag.py took 0.027 seconds
[2025-10-10T09:40:54.021+0000] {processor.py:186} INFO - Started process (PID=412) to work on /home/airflow/.local/lib/python3.12/site-packages/airflow/example_dags/tutorial_dag.py
[2025-10-10T09:40:54.022+0000] {processor.py:914} INFO - Processing file /home/airflow/.local/lib/python3.12/site-packages/airflow/example_dags/tutorial_dag.py for tasks to queue
[2025-10-10T09:40:54.022+0000] {logging_mixin.py:190} INFO - [2025-10-10T09:40:54.022+0000] {dagbag.py:588} INFO - Filling up the DagBag from /home/airflow/.local/lib/python3.12/site-packages/airflow/example_dags/tutorial_dag.py
[2025-10-10T09:40:54.027+0000] {processor.py:925} INFO - DAG(s) 'tutorial_dag' retrieved from /home/airflow/.local/lib/python3.12/site-packages/airflow/example_dags/tutorial_dag.py
[2025-10-10T09:40:54.034+0000] {logging_mixin.py:190} INFO - [2025-10-10T09:40:54.034+0000] {dag.py:3239} INFO - Sync 1 DAGs
[2025-10-10T09:40:54.038+0000] {logging_mixin.py:190} INFO - [2025-10-10T09:40:54.038+0000] {dag.py:4180} INFO - Setting next_dagrun for tutorial_dag to None, run_after=None
[2025-10-10T09:40:54.045+0000] {processor.py:208} INFO - Processing /home/airflow/.local/lib/python3.12/site-packages/airflow/example_dags/tutorial_dag.py took 0.026 seconds
[2025-10-10T09:41:25.152+0000] {processor.py:186} INFO - Started process (PID=476) to work on /home/airflow/.local/lib/python3.12/site-packages/airflow/example_dags/tutorial_dag.py
[2025-10-10T09:41:25.152+0000] {processor.py:914} INFO - Processing file /home/airflow/.local/lib/python3.12/site-packages/airflow/example_dags/tutorial_dag.py for tasks to queue
[2025-10-10T09:41:25.153+0000] {logging_mixin.py:190} INFO - [2025-10-10T09:41:25.153+0000] {dagbag.py:588} INFO - Filling up the DagBag from /home/airflow/.local/lib/python3.12/site-packages/airflow/example_dags/tutorial_dag.py
[2025-10-10T09:41:25.156+0000] {processor.py:925} INFO - DAG(s) 'tutorial_dag' retrieved from /home/airflow/.local/lib/python3.12/site-packages/airflow/example_dags/tutorial_dag.py
[2025-10-10T09:41:25.164+0000] {logging_mixin.py:190} INFO - [2025-10-10T09:41:25.164+0000] {dag.py:3239} INFO - Sync 1 DAGs
[2025-10-10T09:41:25.170+0000] {logging_mixin.py:190} INFO - [2025-10-10T09:41:25.170+0000] {dag.py:4180} INFO - Setting next_dagrun for tutorial_dag to None, run_after=None
[2025-10-10T09:41:25.179+0000] {processor.py:208} INFO - Processing /home/airflow/.local/lib/python3.12/site-packages/airflow/example_dags/tutorial_dag.py took 0.029 seconds
[2025-10-10T09:41:56.394+0000] {processor.py:186} INFO - Started process (PID=540) to work on /home/airflow/.local/lib/python3.12/site-packages/airflow/example_dags/tutorial_dag.py
[2025-10-10T09:41:56.394+0000] {processor.py:914} INFO - Processing file /home/airflow/.local/lib/python3.12/site-packages/airflow/example_dags/tutorial_dag.py for tasks to queue
[2025-10-10T09:41:56.395+0000] {logging_mixin.py:190} INFO - [2025-10-10T09:41:56.395+0000] {dagbag.py:588} INFO - Filling up the DagBag from /home/airflow/.local/lib/python3.12/site-packages/airflow/example_dags/tutorial_dag.py
[2025-10-10T09:41:56.398+0000] {processor.py:925} INFO - DAG(s) 'tutorial_dag' retrieved from /home/airflow/.local/lib/python3.12/site-packages/airflow/example_dags/tutorial_dag.py
[2025-10-10T09:41:56.405+0000] {logging_mixin.py:190} INFO - [2025-10-10T09:41:56.405+0000] {dag.py:3239} INFO - Sync 1 DAGs
[2025-10-10T09:41:56.410+0000] {logging_mixin.py:190} INFO - [2025-10-10T09:41:56.410+0000] {dag.py:4180} INFO - Setting next_dagrun for tutorial_dag to None, run_after=None
[2025-10-10T09:41:56.422+0000] {processor.py:208} INFO - Processing /home/airflow/.local/lib/python3.12/site-packages/airflow/example_dags/tutorial_dag.py took 0.030 seconds
[2025-10-10T09:42:27.451+0000] {processor.py:186} INFO - Started process (PID=604) to work on /home/airflow/.local/lib/python3.12/site-packages/airflow/example_dags/tutorial_dag.py
[2025-10-10T09:42:27.452+0000] {processor.py:914} INFO - Processing file /home/airflow/.local/lib/python3.12/site-packages/airflow/example_dags/tutorial_dag.py for tasks to queue
[2025-10-10T09:42:27.453+0000] {logging_mixin.py:190} INFO - [2025-10-10T09:42:27.453+0000] {dagbag.py:588} INFO - Filling up the DagBag from /home/airflow/.local/lib/python3.12/site-packages/airflow/example_dags/tutorial_dag.py
[2025-10-10T09:42:27.455+0000] {processor.py:925} INFO - DAG(s) 'tutorial_dag' retrieved from /home/airflow/.local/lib/python3.12/site-packages/airflow/example_dags/tutorial_dag.py
[2025-10-10T09:42:27.462+0000] {logging_mixin.py:190} INFO - [2025-10-10T09:42:27.462+0000] {dag.py:3239} INFO - Sync 1 DAGs
[2025-10-10T09:42:27.466+0000] {logging_mixin.py:190} INFO - [2025-10-10T09:42:27.466+0000] {dag.py:4180} INFO - Setting next_dagrun for tutorial_dag to None, run_after=None
[2025-10-10T09:42:27.473+0000] {processor.py:208} INFO - Processing /home/airflow/.local/lib/python3.12/site-packages/airflow/example_dags/tutorial_dag.py took 0.023 seconds
[2025-10-10T09:42:58.722+0000] {processor.py:186} INFO - Started process (PID=668) to work on /home/airflow/.local/lib/python3.12/site-packages/airflow/example_dags/tutorial_dag.py
[2025-10-10T09:42:58.723+0000] {processor.py:914} INFO - Processing file /home/airflow/.local/lib/python3.12/site-packages/airflow/example_dags/tutorial_dag.py for tasks to queue
[2025-10-10T09:42:58.724+0000] {logging_mixin.py:190} INFO - [2025-10-10T09:42:58.723+0000] {dagbag.py:588} INFO - Filling up the DagBag from /home/airflow/.local/lib/python3.12/site-packages/airflow/example_dags/tutorial_dag.py
[2025-10-10T09:42:58.727+0000] {processor.py:925} INFO - DAG(s) 'tutorial_dag' retrieved from /home/airflow/.local/lib/python3.12/site-packages/airflow/example_dags/tutorial_dag.py
[2025-10-10T09:42:58.735+0000] {logging_mixin.py:190} INFO - [2025-10-10T09:42:58.735+0000] {dag.py:3239} INFO - Sync 1 DAGs
[2025-10-10T09:42:58.740+0000] {logging_mixin.py:190} INFO - [2025-10-10T09:42:58.740+0000] {dag.py:4180} INFO - Setting next_dagrun for tutorial_dag to None, run_after=None
[2025-10-10T09:42:58.748+0000] {processor.py:208} INFO - Processing /home/airflow/.local/lib/python3.12/site-packages/airflow/example_dags/tutorial_dag.py took 0.028 seconds
[2025-10-10T09:43:29.802+0000] {processor.py:186} INFO - Started process (PID=732) to work on /home/airflow/.local/lib/python3.12/site-packages/airflow/example_dags/tutorial_dag.py
[2025-10-10T09:43:29.802+0000] {processor.py:914} INFO - Processing file /home/airflow/.local/lib/python3.12/site-packages/airflow/example_dags/tutorial_dag.py for tasks to queue
[2025-10-10T09:43:29.803+0000] {logging_mixin.py:190} INFO - [2025-10-10T09:43:29.803+0000] {dagbag.py:588} INFO - Filling up the DagBag from /home/airflow/.local/lib/python3.12/site-packages/airflow/example_dags/tutorial_dag.py
[2025-10-10T09:43:29.806+0000] {processor.py:925} INFO - DAG(s) 'tutorial_dag' retrieved from /home/airflow/.local/lib/python3.12/site-packages/airflow/example_dags/tutorial_dag.py
[2025-10-10T09:43:29.814+0000] {logging_mixin.py:190} INFO - [2025-10-10T09:43:29.814+0000] {dag.py:3239} INFO - Sync 1 DAGs
[2025-10-10T09:43:29.819+0000] {logging_mixin.py:190} INFO - [2025-10-10T09:43:29.819+0000] {dag.py:4180} INFO - Setting next_dagrun for tutorial_dag to None, run_after=None
[2025-10-10T09:43:29.827+0000] {processor.py:208} INFO - Processing /home/airflow/.local/lib/python3.12/site-packages/airflow/example_dags/tutorial_dag.py took 0.028 seconds
[2025-10-10T09:44:10.500+0000] {processor.py:186} INFO - Started process (PID=99) to work on /home/airflow/.local/lib/python3.12/site-packages/airflow/example_dags/tutorial_dag.py
[2025-10-10T09:44:10.501+0000] {processor.py:914} INFO - Processing file /home/airflow/.local/lib/python3.12/site-packages/airflow/example_dags/tutorial_dag.py for tasks to queue
[2025-10-10T09:44:10.505+0000] {logging_mixin.py:190} INFO - [2025-10-10T09:44:10.505+0000] {dagbag.py:588} INFO - Filling up the DagBag from /home/airflow/.local/lib/python3.12/site-packages/airflow/example_dags/tutorial_dag.py
[2025-10-10T09:44:10.509+0000] {processor.py:925} INFO - DAG(s) 'tutorial_dag' retrieved from /home/airflow/.local/lib/python3.12/site-packages/airflow/example_dags/tutorial_dag.py
[2025-10-10T09:44:10.518+0000] {logging_mixin.py:190} INFO - [2025-10-10T09:44:10.518+0000] {dag.py:3239} INFO - Sync 1 DAGs
[2025-10-10T09:44:10.523+0000] {logging_mixin.py:190} INFO - [2025-10-10T09:44:10.523+0000] {dag.py:4180} INFO - Setting next_dagrun for tutorial_dag to None, run_after=None
[2025-10-10T09:44:10.530+0000] {processor.py:208} INFO - Processing /home/airflow/.local/lib/python3.12/site-packages/airflow/example_dags/tutorial_dag.py took 0.032 seconds
[2025-10-10T09:44:41.637+0000] {processor.py:186} INFO - Started process (PID=163) to work on /home/airflow/.local/lib/python3.12/site-packages/airflow/example_dags/tutorial_dag.py
[2025-10-10T09:44:41.638+0000] {processor.py:914} INFO - Processing file /home/airflow/.local/lib/python3.12/site-packages/airflow/example_dags/tutorial_dag.py for tasks to queue
[2025-10-10T09:44:41.639+0000] {logging_mixin.py:190} INFO - [2025-10-10T09:44:41.639+0000] {dagbag.py:588} INFO - Filling up the DagBag from /home/airflow/.local/lib/python3.12/site-packages/airflow/example_dags/tutorial_dag.py
[2025-10-10T09:44:41.642+0000] {processor.py:925} INFO - DAG(s) 'tutorial_dag' retrieved from /home/airflow/.local/lib/python3.12/site-packages/airflow/example_dags/tutorial_dag.py
[2025-10-10T09:44:41.649+0000] {logging_mixin.py:190} INFO - [2025-10-10T09:44:41.649+0000] {dag.py:3239} INFO - Sync 1 DAGs
[2025-10-10T09:44:41.658+0000] {logging_mixin.py:190} INFO - [2025-10-10T09:44:41.657+0000] {dag.py:4180} INFO - Setting next_dagrun for tutorial_dag to None, run_after=None
[2025-10-10T09:44:41.664+0000] {processor.py:208} INFO - Processing /home/airflow/.local/lib/python3.12/site-packages/airflow/example_dags/tutorial_dag.py took 0.029 seconds
[2025-10-10T09:45:12.696+0000] {processor.py:186} INFO - Started process (PID=227) to work on /home/airflow/.local/lib/python3.12/site-packages/airflow/example_dags/tutorial_dag.py
[2025-10-10T09:45:12.696+0000] {processor.py:914} INFO - Processing file /home/airflow/.local/lib/python3.12/site-packages/airflow/example_dags/tutorial_dag.py for tasks to queue
[2025-10-10T09:45:12.697+0000] {logging_mixin.py:190} INFO - [2025-10-10T09:45:12.697+0000] {dagbag.py:588} INFO - Filling up the DagBag from /home/airflow/.local/lib/python3.12/site-packages/airflow/example_dags/tutorial_dag.py
[2025-10-10T09:45:12.700+0000] {processor.py:925} INFO - DAG(s) 'tutorial_dag' retrieved from /home/airflow/.local/lib/python3.12/site-packages/airflow/example_dags/tutorial_dag.py
[2025-10-10T09:45:12.707+0000] {logging_mixin.py:190} INFO - [2025-10-10T09:45:12.706+0000] {dag.py:3239} INFO - Sync 1 DAGs
[2025-10-10T09:45:12.711+0000] {logging_mixin.py:190} INFO - [2025-10-10T09:45:12.711+0000] {dag.py:4180} INFO - Setting next_dagrun for tutorial_dag to None, run_after=None
[2025-10-10T09:45:12.717+0000] {processor.py:208} INFO - Processing /home/airflow/.local/lib/python3.12/site-packages/airflow/example_dags/tutorial_dag.py took 0.024 seconds
[2025-10-10T09:45:43.694+0000] {processor.py:186} INFO - Started process (PID=299) to work on /home/airflow/.local/lib/python3.12/site-packages/airflow/example_dags/tutorial_dag.py
[2025-10-10T09:45:43.695+0000] {processor.py:914} INFO - Processing file /home/airflow/.local/lib/python3.12/site-packages/airflow/example_dags/tutorial_dag.py for tasks to queue
[2025-10-10T09:45:43.696+0000] {logging_mixin.py:190} INFO - [2025-10-10T09:45:43.696+0000] {dagbag.py:588} INFO - Filling up the DagBag from /home/airflow/.local/lib/python3.12/site-packages/airflow/example_dags/tutorial_dag.py
[2025-10-10T09:45:43.699+0000] {processor.py:925} INFO - DAG(s) 'tutorial_dag' retrieved from /home/airflow/.local/lib/python3.12/site-packages/airflow/example_dags/tutorial_dag.py
[2025-10-10T09:45:43.706+0000] {logging_mixin.py:190} INFO - [2025-10-10T09:45:43.706+0000] {dag.py:3239} INFO - Sync 1 DAGs
[2025-10-10T09:45:43.711+0000] {logging_mixin.py:190} INFO - [2025-10-10T09:45:43.711+0000] {dag.py:4180} INFO - Setting next_dagrun for tutorial_dag to None, run_after=None
[2025-10-10T09:45:43.718+0000] {processor.py:208} INFO - Processing /home/airflow/.local/lib/python3.12/site-packages/airflow/example_dags/tutorial_dag.py took 0.027 seconds
[2025-10-10T09:46:14.778+0000] {processor.py:186} INFO - Started process (PID=363) to work on /home/airflow/.local/lib/python3.12/site-packages/airflow/example_dags/tutorial_dag.py
[2025-10-10T09:46:14.779+0000] {processor.py:914} INFO - Processing file /home/airflow/.local/lib/python3.12/site-packages/airflow/example_dags/tutorial_dag.py for tasks to queue
[2025-10-10T09:46:14.780+0000] {logging_mixin.py:190} INFO - [2025-10-10T09:46:14.780+0000] {dagbag.py:588} INFO - Filling up the DagBag from /home/airflow/.local/lib/python3.12/site-packages/airflow/example_dags/tutorial_dag.py
[2025-10-10T09:46:14.783+0000] {processor.py:925} INFO - DAG(s) 'tutorial_dag' retrieved from /home/airflow/.local/lib/python3.12/site-packages/airflow/example_dags/tutorial_dag.py
[2025-10-10T09:46:14.791+0000] {logging_mixin.py:190} INFO - [2025-10-10T09:46:14.791+0000] {dag.py:3239} INFO - Sync 1 DAGs
[2025-10-10T09:46:14.796+0000] {logging_mixin.py:190} INFO - [2025-10-10T09:46:14.796+0000] {dag.py:4180} INFO - Setting next_dagrun for tutorial_dag to None, run_after=None
[2025-10-10T09:46:14.805+0000] {processor.py:208} INFO - Processing /home/airflow/.local/lib/python3.12/site-packages/airflow/example_dags/tutorial_dag.py took 0.029 seconds
[2025-10-10T09:46:45.691+0000] {processor.py:186} INFO - Started process (PID=427) to work on /home/airflow/.local/lib/python3.12/site-packages/airflow/example_dags/tutorial_dag.py
[2025-10-10T09:46:45.691+0000] {processor.py:914} INFO - Processing file /home/airflow/.local/lib/python3.12/site-packages/airflow/example_dags/tutorial_dag.py for tasks to queue
[2025-10-10T09:46:45.692+0000] {logging_mixin.py:190} INFO - [2025-10-10T09:46:45.692+0000] {dagbag.py:588} INFO - Filling up the DagBag from /home/airflow/.local/lib/python3.12/site-packages/airflow/example_dags/tutorial_dag.py
[2025-10-10T09:46:45.695+0000] {processor.py:925} INFO - DAG(s) 'tutorial_dag' retrieved from /home/airflow/.local/lib/python3.12/site-packages/airflow/example_dags/tutorial_dag.py
[2025-10-10T09:46:45.703+0000] {logging_mixin.py:190} INFO - [2025-10-10T09:46:45.703+0000] {dag.py:3239} INFO - Sync 1 DAGs
[2025-10-10T09:46:45.708+0000] {logging_mixin.py:190} INFO - [2025-10-10T09:46:45.708+0000] {dag.py:4180} INFO - Setting next_dagrun for tutorial_dag to None, run_after=None
[2025-10-10T09:46:45.716+0000] {processor.py:208} INFO - Processing /home/airflow/.local/lib/python3.12/site-packages/airflow/example_dags/tutorial_dag.py took 0.028 seconds
[2025-10-10T09:47:16.832+0000] {processor.py:186} INFO - Started process (PID=491) to work on /home/airflow/.local/lib/python3.12/site-packages/airflow/example_dags/tutorial_dag.py
[2025-10-10T09:47:16.832+0000] {processor.py:914} INFO - Processing file /home/airflow/.local/lib/python3.12/site-packages/airflow/example_dags/tutorial_dag.py for tasks to queue
[2025-10-10T09:47:16.833+0000] {logging_mixin.py:190} INFO - [2025-10-10T09:47:16.833+0000] {dagbag.py:588} INFO - Filling up the DagBag from /home/airflow/.local/lib/python3.12/site-packages/airflow/example_dags/tutorial_dag.py
[2025-10-10T09:47:16.837+0000] {processor.py:925} INFO - DAG(s) 'tutorial_dag' retrieved from /home/airflow/.local/lib/python3.12/site-packages/airflow/example_dags/tutorial_dag.py
[2025-10-10T09:47:16.844+0000] {logging_mixin.py:190} INFO - [2025-10-10T09:47:16.844+0000] {dag.py:3239} INFO - Sync 1 DAGs
[2025-10-10T09:47:16.849+0000] {logging_mixin.py:190} INFO - [2025-10-10T09:47:16.849+0000] {dag.py:4180} INFO - Setting next_dagrun for tutorial_dag to None, run_after=None
[2025-10-10T09:47:16.855+0000] {processor.py:208} INFO - Processing /home/airflow/.local/lib/python3.12/site-packages/airflow/example_dags/tutorial_dag.py took 0.027 seconds
[2025-10-10T09:47:47.824+0000] {processor.py:186} INFO - Started process (PID=555) to work on /home/airflow/.local/lib/python3.12/site-packages/airflow/example_dags/tutorial_dag.py
[2025-10-10T09:47:47.824+0000] {processor.py:914} INFO - Processing file /home/airflow/.local/lib/python3.12/site-packages/airflow/example_dags/tutorial_dag.py for tasks to queue
[2025-10-10T09:47:47.825+0000] {logging_mixin.py:190} INFO - [2025-10-10T09:47:47.825+0000] {dagbag.py:588} INFO - Filling up the DagBag from /home/airflow/.local/lib/python3.12/site-packages/airflow/example_dags/tutorial_dag.py
[2025-10-10T09:47:47.828+0000] {processor.py:925} INFO - DAG(s) 'tutorial_dag' retrieved from /home/airflow/.local/lib/python3.12/site-packages/airflow/example_dags/tutorial_dag.py
[2025-10-10T09:47:47.836+0000] {logging_mixin.py:190} INFO - [2025-10-10T09:47:47.836+0000] {dag.py:3239} INFO - Sync 1 DAGs
[2025-10-10T09:47:47.841+0000] {logging_mixin.py:190} INFO - [2025-10-10T09:47:47.841+0000] {dag.py:4180} INFO - Setting next_dagrun for tutorial_dag to None, run_after=None
[2025-10-10T09:47:47.852+0000] {processor.py:208} INFO - Processing /home/airflow/.local/lib/python3.12/site-packages/airflow/example_dags/tutorial_dag.py took 0.031 seconds
[2025-10-10T09:48:18.261+0000] {processor.py:186} INFO - Started process (PID=619) to work on /home/airflow/.local/lib/python3.12/site-packages/airflow/example_dags/tutorial_dag.py
[2025-10-10T09:48:18.261+0000] {processor.py:914} INFO - Processing file /home/airflow/.local/lib/python3.12/site-packages/airflow/example_dags/tutorial_dag.py for tasks to queue
[2025-10-10T09:48:18.262+0000] {logging_mixin.py:190} INFO - [2025-10-10T09:48:18.262+0000] {dagbag.py:588} INFO - Filling up the DagBag from /home/airflow/.local/lib/python3.12/site-packages/airflow/example_dags/tutorial_dag.py
[2025-10-10T09:48:18.265+0000] {processor.py:925} INFO - DAG(s) 'tutorial_dag' retrieved from /home/airflow/.local/lib/python3.12/site-packages/airflow/example_dags/tutorial_dag.py
[2025-10-10T09:48:18.271+0000] {logging_mixin.py:190} INFO - [2025-10-10T09:48:18.271+0000] {dag.py:3239} INFO - Sync 1 DAGs
[2025-10-10T09:48:18.276+0000] {logging_mixin.py:190} INFO - [2025-10-10T09:48:18.276+0000] {dag.py:4180} INFO - Setting next_dagrun for tutorial_dag to None, run_after=None
[2025-10-10T09:48:18.281+0000] {processor.py:208} INFO - Processing /home/airflow/.local/lib/python3.12/site-packages/airflow/example_dags/tutorial_dag.py took 0.022 seconds
[2025-10-10T09:48:48.538+0000] {processor.py:186} INFO - Started process (PID=683) to work on /home/airflow/.local/lib/python3.12/site-packages/airflow/example_dags/tutorial_dag.py
[2025-10-10T09:48:48.539+0000] {processor.py:914} INFO - Processing file /home/airflow/.local/lib/python3.12/site-packages/airflow/example_dags/tutorial_dag.py for tasks to queue
[2025-10-10T09:48:48.540+0000] {logging_mixin.py:190} INFO - [2025-10-10T09:48:48.540+0000] {dagbag.py:588} INFO - Filling up the DagBag from /home/airflow/.local/lib/python3.12/site-packages/airflow/example_dags/tutorial_dag.py
[2025-10-10T09:48:48.543+0000] {processor.py:925} INFO - DAG(s) 'tutorial_dag' retrieved from /home/airflow/.local/lib/python3.12/site-packages/airflow/example_dags/tutorial_dag.py
[2025-10-10T09:48:48.552+0000] {logging_mixin.py:190} INFO - [2025-10-10T09:48:48.552+0000] {dag.py:3239} INFO - Sync 1 DAGs
[2025-10-10T09:48:48.561+0000] {logging_mixin.py:190} INFO - [2025-10-10T09:48:48.561+0000] {dag.py:4180} INFO - Setting next_dagrun for tutorial_dag to None, run_after=None
[2025-10-10T09:48:48.568+0000] {processor.py:208} INFO - Processing /home/airflow/.local/lib/python3.12/site-packages/airflow/example_dags/tutorial_dag.py took 0.032 seconds
