[2025-10-10T09:36:21.635+0000] {processor.py:186} INFO - Started process (PID=75) to work on /home/airflow/.local/lib/python3.12/site-packages/airflow/example_dags/tutorial.py
[2025-10-10T09:36:21.635+0000] {processor.py:914} INFO - Processing file /home/airflow/.local/lib/python3.12/site-packages/airflow/example_dags/tutorial.py for tasks to queue
[2025-10-10T09:36:21.636+0000] {logging_mixin.py:190} INFO - [2025-10-10T09:36:21.636+0000] {dagbag.py:588} INFO - Filling up the DagBag from /home/airflow/.local/lib/python3.12/site-packages/airflow/example_dags/tutorial.py
[2025-10-10T09:36:21.640+0000] {processor.py:925} INFO - DAG(s) 'tutorial' retrieved from /home/airflow/.local/lib/python3.12/site-packages/airflow/example_dags/tutorial.py
[2025-10-10T09:36:21.684+0000] {logging_mixin.py:190} INFO - [2025-10-10T09:36:21.684+0000] {override.py:1911} INFO - Created Permission View: can edit on DAG:tutorial
[2025-10-10T09:36:21.687+0000] {logging_mixin.py:190} INFO - [2025-10-10T09:36:21.687+0000] {override.py:1911} INFO - Created Permission View: can read on DAG:tutorial
[2025-10-10T09:36:21.689+0000] {logging_mixin.py:190} INFO - [2025-10-10T09:36:21.689+0000] {override.py:1911} INFO - Created Permission View: can delete on DAG:tutorial
[2025-10-10T09:36:21.693+0000] {logging_mixin.py:190} INFO - [2025-10-10T09:36:21.693+0000] {override.py:1911} INFO - Created Permission View: can read on DAG Run:tutorial
[2025-10-10T09:36:21.695+0000] {logging_mixin.py:190} INFO - [2025-10-10T09:36:21.695+0000] {override.py:1911} INFO - Created Permission View: menu access on DAG Run:tutorial
[2025-10-10T09:36:21.696+0000] {logging_mixin.py:190} INFO - [2025-10-10T09:36:21.696+0000] {override.py:1911} INFO - Created Permission View: can delete on DAG Run:tutorial
[2025-10-10T09:36:21.698+0000] {logging_mixin.py:190} INFO - [2025-10-10T09:36:21.698+0000] {override.py:1911} INFO - Created Permission View: can create on DAG Run:tutorial
[2025-10-10T09:36:21.698+0000] {logging_mixin.py:190} INFO - [2025-10-10T09:36:21.698+0000] {dag.py:3239} INFO - Sync 1 DAGs
[2025-10-10T09:36:21.702+0000] {logging_mixin.py:190} INFO - [2025-10-10T09:36:21.702+0000] {dag.py:3262} INFO - Creating ORM DAG for tutorial
[2025-10-10T09:36:21.706+0000] {logging_mixin.py:190} INFO - [2025-10-10T09:36:21.706+0000] {dag.py:4180} INFO - Setting next_dagrun for tutorial to 2025-10-09 00:00:00+00:00, run_after=2025-10-10 00:00:00+00:00
[2025-10-10T09:36:21.712+0000] {processor.py:208} INFO - Processing /home/airflow/.local/lib/python3.12/site-packages/airflow/example_dags/tutorial.py took 0.080 seconds
[2025-10-10T09:36:52.591+0000] {processor.py:186} INFO - Started process (PID=138) to work on /home/airflow/.local/lib/python3.12/site-packages/airflow/example_dags/tutorial.py
[2025-10-10T09:36:52.591+0000] {processor.py:914} INFO - Processing file /home/airflow/.local/lib/python3.12/site-packages/airflow/example_dags/tutorial.py for tasks to queue
[2025-10-10T09:36:52.592+0000] {logging_mixin.py:190} INFO - [2025-10-10T09:36:52.592+0000] {dagbag.py:588} INFO - Filling up the DagBag from /home/airflow/.local/lib/python3.12/site-packages/airflow/example_dags/tutorial.py
[2025-10-10T09:36:52.595+0000] {processor.py:925} INFO - DAG(s) 'tutorial' retrieved from /home/airflow/.local/lib/python3.12/site-packages/airflow/example_dags/tutorial.py
[2025-10-10T09:36:52.602+0000] {logging_mixin.py:190} INFO - [2025-10-10T09:36:52.602+0000] {dag.py:3239} INFO - Sync 1 DAGs
[2025-10-10T09:36:52.610+0000] {logging_mixin.py:190} INFO - [2025-10-10T09:36:52.610+0000] {dag.py:4180} INFO - Setting next_dagrun for tutorial to 2025-10-09 00:00:00+00:00, run_after=2025-10-10 00:00:00+00:00
[2025-10-10T09:36:52.616+0000] {processor.py:208} INFO - Processing /home/airflow/.local/lib/python3.12/site-packages/airflow/example_dags/tutorial.py took 0.028 seconds
[2025-10-10T09:37:22.728+0000] {processor.py:186} INFO - Started process (PID=201) to work on /home/airflow/.local/lib/python3.12/site-packages/airflow/example_dags/tutorial.py
[2025-10-10T09:37:22.728+0000] {processor.py:914} INFO - Processing file /home/airflow/.local/lib/python3.12/site-packages/airflow/example_dags/tutorial.py for tasks to queue
[2025-10-10T09:37:22.729+0000] {logging_mixin.py:190} INFO - [2025-10-10T09:37:22.729+0000] {dagbag.py:588} INFO - Filling up the DagBag from /home/airflow/.local/lib/python3.12/site-packages/airflow/example_dags/tutorial.py
[2025-10-10T09:37:22.733+0000] {processor.py:925} INFO - DAG(s) 'tutorial' retrieved from /home/airflow/.local/lib/python3.12/site-packages/airflow/example_dags/tutorial.py
[2025-10-10T09:37:22.745+0000] {logging_mixin.py:190} INFO - [2025-10-10T09:37:22.745+0000] {dag.py:3239} INFO - Sync 1 DAGs
[2025-10-10T09:37:22.754+0000] {logging_mixin.py:190} INFO - [2025-10-10T09:37:22.754+0000] {dag.py:4180} INFO - Setting next_dagrun for tutorial to 2025-10-09 00:00:00+00:00, run_after=2025-10-10 00:00:00+00:00
[2025-10-10T09:37:22.760+0000] {processor.py:208} INFO - Processing /home/airflow/.local/lib/python3.12/site-packages/airflow/example_dags/tutorial.py took 0.036 seconds
[2025-10-10T09:37:52.841+0000] {processor.py:186} INFO - Started process (PID=263) to work on /home/airflow/.local/lib/python3.12/site-packages/airflow/example_dags/tutorial.py
[2025-10-10T09:37:52.842+0000] {processor.py:914} INFO - Processing file /home/airflow/.local/lib/python3.12/site-packages/airflow/example_dags/tutorial.py for tasks to queue
[2025-10-10T09:37:52.843+0000] {logging_mixin.py:190} INFO - [2025-10-10T09:37:52.843+0000] {dagbag.py:588} INFO - Filling up the DagBag from /home/airflow/.local/lib/python3.12/site-packages/airflow/example_dags/tutorial.py
[2025-10-10T09:37:52.847+0000] {processor.py:925} INFO - DAG(s) 'tutorial' retrieved from /home/airflow/.local/lib/python3.12/site-packages/airflow/example_dags/tutorial.py
[2025-10-10T09:37:52.854+0000] {logging_mixin.py:190} INFO - [2025-10-10T09:37:52.853+0000] {dag.py:3239} INFO - Sync 1 DAGs
[2025-10-10T09:37:52.861+0000] {logging_mixin.py:190} INFO - [2025-10-10T09:37:52.861+0000] {dag.py:4180} INFO - Setting next_dagrun for tutorial to 2025-10-09 00:00:00+00:00, run_after=2025-10-10 00:00:00+00:00
[2025-10-10T09:37:52.869+0000] {processor.py:208} INFO - Processing /home/airflow/.local/lib/python3.12/site-packages/airflow/example_dags/tutorial.py took 0.031 seconds
[2025-10-10T09:38:17.522+0000] {processor.py:186} INFO - Started process (PID=71) to work on /home/airflow/.local/lib/python3.12/site-packages/airflow/example_dags/tutorial.py
[2025-10-10T09:38:17.522+0000] {processor.py:914} INFO - Processing file /home/airflow/.local/lib/python3.12/site-packages/airflow/example_dags/tutorial.py for tasks to queue
[2025-10-10T09:38:17.523+0000] {logging_mixin.py:190} INFO - [2025-10-10T09:38:17.523+0000] {dagbag.py:588} INFO - Filling up the DagBag from /home/airflow/.local/lib/python3.12/site-packages/airflow/example_dags/tutorial.py
[2025-10-10T09:38:17.526+0000] {processor.py:925} INFO - DAG(s) 'tutorial' retrieved from /home/airflow/.local/lib/python3.12/site-packages/airflow/example_dags/tutorial.py
[2025-10-10T09:38:17.533+0000] {logging_mixin.py:190} INFO - [2025-10-10T09:38:17.533+0000] {dag.py:3239} INFO - Sync 1 DAGs
[2025-10-10T09:38:17.541+0000] {logging_mixin.py:190} INFO - [2025-10-10T09:38:17.540+0000] {dag.py:4180} INFO - Setting next_dagrun for tutorial to 2025-10-09 00:00:00+00:00, run_after=2025-10-10 00:00:00+00:00
[2025-10-10T09:38:17.545+0000] {processor.py:208} INFO - Processing /home/airflow/.local/lib/python3.12/site-packages/airflow/example_dags/tutorial.py took 0.026 seconds
[2025-10-10T09:38:48.617+0000] {processor.py:186} INFO - Started process (PID=135) to work on /home/airflow/.local/lib/python3.12/site-packages/airflow/example_dags/tutorial.py
[2025-10-10T09:38:48.620+0000] {processor.py:914} INFO - Processing file /home/airflow/.local/lib/python3.12/site-packages/airflow/example_dags/tutorial.py for tasks to queue
[2025-10-10T09:38:48.621+0000] {logging_mixin.py:190} INFO - [2025-10-10T09:38:48.621+0000] {dagbag.py:588} INFO - Filling up the DagBag from /home/airflow/.local/lib/python3.12/site-packages/airflow/example_dags/tutorial.py
[2025-10-10T09:38:48.624+0000] {processor.py:925} INFO - DAG(s) 'tutorial' retrieved from /home/airflow/.local/lib/python3.12/site-packages/airflow/example_dags/tutorial.py
[2025-10-10T09:38:48.631+0000] {logging_mixin.py:190} INFO - [2025-10-10T09:38:48.631+0000] {dag.py:3239} INFO - Sync 1 DAGs
[2025-10-10T09:38:48.638+0000] {logging_mixin.py:190} INFO - [2025-10-10T09:38:48.638+0000] {dag.py:4180} INFO - Setting next_dagrun for tutorial to 2025-10-09 00:00:00+00:00, run_after=2025-10-10 00:00:00+00:00
[2025-10-10T09:38:48.646+0000] {processor.py:208} INFO - Processing /home/airflow/.local/lib/python3.12/site-packages/airflow/example_dags/tutorial.py took 0.031 seconds
[2025-10-10T09:39:19.744+0000] {processor.py:186} INFO - Started process (PID=199) to work on /home/airflow/.local/lib/python3.12/site-packages/airflow/example_dags/tutorial.py
[2025-10-10T09:39:19.745+0000] {processor.py:914} INFO - Processing file /home/airflow/.local/lib/python3.12/site-packages/airflow/example_dags/tutorial.py for tasks to queue
[2025-10-10T09:39:19.745+0000] {logging_mixin.py:190} INFO - [2025-10-10T09:39:19.745+0000] {dagbag.py:588} INFO - Filling up the DagBag from /home/airflow/.local/lib/python3.12/site-packages/airflow/example_dags/tutorial.py
[2025-10-10T09:39:19.748+0000] {processor.py:925} INFO - DAG(s) 'tutorial' retrieved from /home/airflow/.local/lib/python3.12/site-packages/airflow/example_dags/tutorial.py
[2025-10-10T09:39:19.762+0000] {logging_mixin.py:190} INFO - [2025-10-10T09:39:19.762+0000] {dag.py:3239} INFO - Sync 1 DAGs
[2025-10-10T09:39:19.772+0000] {logging_mixin.py:190} INFO - [2025-10-10T09:39:19.772+0000] {dag.py:4180} INFO - Setting next_dagrun for tutorial to 2025-10-09 00:00:00+00:00, run_after=2025-10-10 00:00:00+00:00
[2025-10-10T09:39:19.780+0000] {processor.py:208} INFO - Processing /home/airflow/.local/lib/python3.12/site-packages/airflow/example_dags/tutorial.py took 0.039 seconds
[2025-10-10T09:39:50.884+0000] {processor.py:186} INFO - Started process (PID=263) to work on /home/airflow/.local/lib/python3.12/site-packages/airflow/example_dags/tutorial.py
[2025-10-10T09:39:50.884+0000] {processor.py:914} INFO - Processing file /home/airflow/.local/lib/python3.12/site-packages/airflow/example_dags/tutorial.py for tasks to queue
[2025-10-10T09:39:50.885+0000] {logging_mixin.py:190} INFO - [2025-10-10T09:39:50.885+0000] {dagbag.py:588} INFO - Filling up the DagBag from /home/airflow/.local/lib/python3.12/site-packages/airflow/example_dags/tutorial.py
[2025-10-10T09:39:50.888+0000] {processor.py:925} INFO - DAG(s) 'tutorial' retrieved from /home/airflow/.local/lib/python3.12/site-packages/airflow/example_dags/tutorial.py
[2025-10-10T09:39:50.895+0000] {logging_mixin.py:190} INFO - [2025-10-10T09:39:50.895+0000] {dag.py:3239} INFO - Sync 1 DAGs
[2025-10-10T09:39:50.904+0000] {logging_mixin.py:190} INFO - [2025-10-10T09:39:50.904+0000] {dag.py:4180} INFO - Setting next_dagrun for tutorial to 2025-10-09 00:00:00+00:00, run_after=2025-10-10 00:00:00+00:00
[2025-10-10T09:39:50.915+0000] {processor.py:208} INFO - Processing /home/airflow/.local/lib/python3.12/site-packages/airflow/example_dags/tutorial.py took 0.033 seconds
[2025-10-10T09:40:22.099+0000] {processor.py:186} INFO - Started process (PID=327) to work on /home/airflow/.local/lib/python3.12/site-packages/airflow/example_dags/tutorial.py
[2025-10-10T09:40:22.101+0000] {processor.py:914} INFO - Processing file /home/airflow/.local/lib/python3.12/site-packages/airflow/example_dags/tutorial.py for tasks to queue
[2025-10-10T09:40:22.102+0000] {logging_mixin.py:190} INFO - [2025-10-10T09:40:22.101+0000] {dagbag.py:588} INFO - Filling up the DagBag from /home/airflow/.local/lib/python3.12/site-packages/airflow/example_dags/tutorial.py
[2025-10-10T09:40:22.105+0000] {processor.py:925} INFO - DAG(s) 'tutorial' retrieved from /home/airflow/.local/lib/python3.12/site-packages/airflow/example_dags/tutorial.py
[2025-10-10T09:40:22.112+0000] {logging_mixin.py:190} INFO - [2025-10-10T09:40:22.111+0000] {dag.py:3239} INFO - Sync 1 DAGs
[2025-10-10T09:40:22.120+0000] {logging_mixin.py:190} INFO - [2025-10-10T09:40:22.120+0000] {dag.py:4180} INFO - Setting next_dagrun for tutorial to 2025-10-09 00:00:00+00:00, run_after=2025-10-10 00:00:00+00:00
[2025-10-10T09:40:22.125+0000] {processor.py:208} INFO - Processing /home/airflow/.local/lib/python3.12/site-packages/airflow/example_dags/tutorial.py took 0.028 seconds
[2025-10-10T09:40:53.341+0000] {processor.py:186} INFO - Started process (PID=391) to work on /home/airflow/.local/lib/python3.12/site-packages/airflow/example_dags/tutorial.py
[2025-10-10T09:40:53.341+0000] {processor.py:914} INFO - Processing file /home/airflow/.local/lib/python3.12/site-packages/airflow/example_dags/tutorial.py for tasks to queue
[2025-10-10T09:40:53.342+0000] {logging_mixin.py:190} INFO - [2025-10-10T09:40:53.342+0000] {dagbag.py:588} INFO - Filling up the DagBag from /home/airflow/.local/lib/python3.12/site-packages/airflow/example_dags/tutorial.py
[2025-10-10T09:40:53.345+0000] {processor.py:925} INFO - DAG(s) 'tutorial' retrieved from /home/airflow/.local/lib/python3.12/site-packages/airflow/example_dags/tutorial.py
[2025-10-10T09:40:53.352+0000] {logging_mixin.py:190} INFO - [2025-10-10T09:40:53.352+0000] {dag.py:3239} INFO - Sync 1 DAGs
[2025-10-10T09:40:53.360+0000] {logging_mixin.py:190} INFO - [2025-10-10T09:40:53.360+0000] {dag.py:4180} INFO - Setting next_dagrun for tutorial to 2025-10-09 00:00:00+00:00, run_after=2025-10-10 00:00:00+00:00
[2025-10-10T09:40:53.365+0000] {processor.py:208} INFO - Processing /home/airflow/.local/lib/python3.12/site-packages/airflow/example_dags/tutorial.py took 0.026 seconds
[2025-10-10T09:41:24.492+0000] {processor.py:186} INFO - Started process (PID=455) to work on /home/airflow/.local/lib/python3.12/site-packages/airflow/example_dags/tutorial.py
[2025-10-10T09:41:24.493+0000] {processor.py:914} INFO - Processing file /home/airflow/.local/lib/python3.12/site-packages/airflow/example_dags/tutorial.py for tasks to queue
[2025-10-10T09:41:24.493+0000] {logging_mixin.py:190} INFO - [2025-10-10T09:41:24.493+0000] {dagbag.py:588} INFO - Filling up the DagBag from /home/airflow/.local/lib/python3.12/site-packages/airflow/example_dags/tutorial.py
[2025-10-10T09:41:24.496+0000] {processor.py:925} INFO - DAG(s) 'tutorial' retrieved from /home/airflow/.local/lib/python3.12/site-packages/airflow/example_dags/tutorial.py
[2025-10-10T09:41:24.507+0000] {logging_mixin.py:190} INFO - [2025-10-10T09:41:24.506+0000] {dag.py:3239} INFO - Sync 1 DAGs
[2025-10-10T09:41:24.514+0000] {logging_mixin.py:190} INFO - [2025-10-10T09:41:24.514+0000] {dag.py:4180} INFO - Setting next_dagrun for tutorial to 2025-10-09 00:00:00+00:00, run_after=2025-10-10 00:00:00+00:00
[2025-10-10T09:41:24.529+0000] {processor.py:208} INFO - Processing /home/airflow/.local/lib/python3.12/site-packages/airflow/example_dags/tutorial.py took 0.039 seconds
[2025-10-10T09:41:55.708+0000] {processor.py:186} INFO - Started process (PID=519) to work on /home/airflow/.local/lib/python3.12/site-packages/airflow/example_dags/tutorial.py
[2025-10-10T09:41:55.709+0000] {processor.py:914} INFO - Processing file /home/airflow/.local/lib/python3.12/site-packages/airflow/example_dags/tutorial.py for tasks to queue
[2025-10-10T09:41:55.710+0000] {logging_mixin.py:190} INFO - [2025-10-10T09:41:55.710+0000] {dagbag.py:588} INFO - Filling up the DagBag from /home/airflow/.local/lib/python3.12/site-packages/airflow/example_dags/tutorial.py
[2025-10-10T09:41:55.713+0000] {processor.py:925} INFO - DAG(s) 'tutorial' retrieved from /home/airflow/.local/lib/python3.12/site-packages/airflow/example_dags/tutorial.py
[2025-10-10T09:41:55.719+0000] {logging_mixin.py:190} INFO - [2025-10-10T09:41:55.719+0000] {dag.py:3239} INFO - Sync 1 DAGs
[2025-10-10T09:41:55.729+0000] {logging_mixin.py:190} INFO - [2025-10-10T09:41:55.729+0000] {dag.py:4180} INFO - Setting next_dagrun for tutorial to 2025-10-09 00:00:00+00:00, run_after=2025-10-10 00:00:00+00:00
[2025-10-10T09:41:55.741+0000] {processor.py:208} INFO - Processing /home/airflow/.local/lib/python3.12/site-packages/airflow/example_dags/tutorial.py took 0.035 seconds
[2025-10-10T09:42:26.785+0000] {processor.py:186} INFO - Started process (PID=583) to work on /home/airflow/.local/lib/python3.12/site-packages/airflow/example_dags/tutorial.py
[2025-10-10T09:42:26.786+0000] {processor.py:914} INFO - Processing file /home/airflow/.local/lib/python3.12/site-packages/airflow/example_dags/tutorial.py for tasks to queue
[2025-10-10T09:42:26.787+0000] {logging_mixin.py:190} INFO - [2025-10-10T09:42:26.786+0000] {dagbag.py:588} INFO - Filling up the DagBag from /home/airflow/.local/lib/python3.12/site-packages/airflow/example_dags/tutorial.py
[2025-10-10T09:42:26.790+0000] {processor.py:925} INFO - DAG(s) 'tutorial' retrieved from /home/airflow/.local/lib/python3.12/site-packages/airflow/example_dags/tutorial.py
[2025-10-10T09:42:26.798+0000] {logging_mixin.py:190} INFO - [2025-10-10T09:42:26.798+0000] {dag.py:3239} INFO - Sync 1 DAGs
[2025-10-10T09:42:26.805+0000] {logging_mixin.py:190} INFO - [2025-10-10T09:42:26.805+0000] {dag.py:4180} INFO - Setting next_dagrun for tutorial to 2025-10-09 00:00:00+00:00, run_after=2025-10-10 00:00:00+00:00
[2025-10-10T09:42:26.814+0000] {processor.py:208} INFO - Processing /home/airflow/.local/lib/python3.12/site-packages/airflow/example_dags/tutorial.py took 0.030 seconds
[2025-10-10T09:42:58.047+0000] {processor.py:186} INFO - Started process (PID=647) to work on /home/airflow/.local/lib/python3.12/site-packages/airflow/example_dags/tutorial.py
[2025-10-10T09:42:58.047+0000] {processor.py:914} INFO - Processing file /home/airflow/.local/lib/python3.12/site-packages/airflow/example_dags/tutorial.py for tasks to queue
[2025-10-10T09:42:58.048+0000] {logging_mixin.py:190} INFO - [2025-10-10T09:42:58.048+0000] {dagbag.py:588} INFO - Filling up the DagBag from /home/airflow/.local/lib/python3.12/site-packages/airflow/example_dags/tutorial.py
[2025-10-10T09:42:58.051+0000] {processor.py:925} INFO - DAG(s) 'tutorial' retrieved from /home/airflow/.local/lib/python3.12/site-packages/airflow/example_dags/tutorial.py
[2025-10-10T09:42:58.061+0000] {logging_mixin.py:190} INFO - [2025-10-10T09:42:58.061+0000] {dag.py:3239} INFO - Sync 1 DAGs
[2025-10-10T09:42:58.070+0000] {logging_mixin.py:190} INFO - [2025-10-10T09:42:58.070+0000] {dag.py:4180} INFO - Setting next_dagrun for tutorial to 2025-10-09 00:00:00+00:00, run_after=2025-10-10 00:00:00+00:00
[2025-10-10T09:42:58.079+0000] {processor.py:208} INFO - Processing /home/airflow/.local/lib/python3.12/site-packages/airflow/example_dags/tutorial.py took 0.034 seconds
[2025-10-10T09:43:29.140+0000] {processor.py:186} INFO - Started process (PID=711) to work on /home/airflow/.local/lib/python3.12/site-packages/airflow/example_dags/tutorial.py
[2025-10-10T09:43:29.141+0000] {processor.py:914} INFO - Processing file /home/airflow/.local/lib/python3.12/site-packages/airflow/example_dags/tutorial.py for tasks to queue
[2025-10-10T09:43:29.143+0000] {logging_mixin.py:190} INFO - [2025-10-10T09:43:29.143+0000] {dagbag.py:588} INFO - Filling up the DagBag from /home/airflow/.local/lib/python3.12/site-packages/airflow/example_dags/tutorial.py
[2025-10-10T09:43:29.146+0000] {processor.py:925} INFO - DAG(s) 'tutorial' retrieved from /home/airflow/.local/lib/python3.12/site-packages/airflow/example_dags/tutorial.py
[2025-10-10T09:43:29.155+0000] {logging_mixin.py:190} INFO - [2025-10-10T09:43:29.154+0000] {dag.py:3239} INFO - Sync 1 DAGs
[2025-10-10T09:43:29.162+0000] {logging_mixin.py:190} INFO - [2025-10-10T09:43:29.162+0000] {dag.py:4180} INFO - Setting next_dagrun for tutorial to 2025-10-09 00:00:00+00:00, run_after=2025-10-10 00:00:00+00:00
[2025-10-10T09:43:29.172+0000] {processor.py:208} INFO - Processing /home/airflow/.local/lib/python3.12/site-packages/airflow/example_dags/tutorial.py took 0.034 seconds
[2025-10-10T09:44:09.766+0000] {processor.py:186} INFO - Started process (PID=78) to work on /home/airflow/.local/lib/python3.12/site-packages/airflow/example_dags/tutorial.py
[2025-10-10T09:44:09.766+0000] {processor.py:914} INFO - Processing file /home/airflow/.local/lib/python3.12/site-packages/airflow/example_dags/tutorial.py for tasks to queue
[2025-10-10T09:44:09.768+0000] {logging_mixin.py:190} INFO - [2025-10-10T09:44:09.767+0000] {dagbag.py:588} INFO - Filling up the DagBag from /home/airflow/.local/lib/python3.12/site-packages/airflow/example_dags/tutorial.py
[2025-10-10T09:44:09.772+0000] {processor.py:925} INFO - DAG(s) 'tutorial' retrieved from /home/airflow/.local/lib/python3.12/site-packages/airflow/example_dags/tutorial.py
[2025-10-10T09:44:09.780+0000] {logging_mixin.py:190} INFO - [2025-10-10T09:44:09.780+0000] {dag.py:3239} INFO - Sync 1 DAGs
[2025-10-10T09:44:09.790+0000] {logging_mixin.py:190} INFO - [2025-10-10T09:44:09.790+0000] {dag.py:4180} INFO - Setting next_dagrun for tutorial to 2025-10-09 00:00:00+00:00, run_after=2025-10-10 00:00:00+00:00
[2025-10-10T09:44:09.796+0000] {processor.py:208} INFO - Processing /home/airflow/.local/lib/python3.12/site-packages/airflow/example_dags/tutorial.py took 0.033 seconds
[2025-10-10T09:44:39.880+0000] {processor.py:186} INFO - Started process (PID=142) to work on /home/airflow/.local/lib/python3.12/site-packages/airflow/example_dags/tutorial.py
[2025-10-10T09:44:39.880+0000] {processor.py:914} INFO - Processing file /home/airflow/.local/lib/python3.12/site-packages/airflow/example_dags/tutorial.py for tasks to queue
[2025-10-10T09:44:39.881+0000] {logging_mixin.py:190} INFO - [2025-10-10T09:44:39.881+0000] {dagbag.py:588} INFO - Filling up the DagBag from /home/airflow/.local/lib/python3.12/site-packages/airflow/example_dags/tutorial.py
[2025-10-10T09:44:39.884+0000] {processor.py:925} INFO - DAG(s) 'tutorial' retrieved from /home/airflow/.local/lib/python3.12/site-packages/airflow/example_dags/tutorial.py
[2025-10-10T09:44:39.892+0000] {logging_mixin.py:190} INFO - [2025-10-10T09:44:39.892+0000] {dag.py:3239} INFO - Sync 1 DAGs
[2025-10-10T09:44:39.899+0000] {logging_mixin.py:190} INFO - [2025-10-10T09:44:39.899+0000] {dag.py:4180} INFO - Setting next_dagrun for tutorial to 2025-10-09 00:00:00+00:00, run_after=2025-10-10 00:00:00+00:00
[2025-10-10T09:44:39.905+0000] {processor.py:208} INFO - Processing /home/airflow/.local/lib/python3.12/site-packages/airflow/example_dags/tutorial.py took 0.027 seconds
[2025-10-10T09:45:10.920+0000] {processor.py:186} INFO - Started process (PID=205) to work on /home/airflow/.local/lib/python3.12/site-packages/airflow/example_dags/tutorial.py
[2025-10-10T09:45:10.920+0000] {processor.py:914} INFO - Processing file /home/airflow/.local/lib/python3.12/site-packages/airflow/example_dags/tutorial.py for tasks to queue
[2025-10-10T09:45:10.921+0000] {logging_mixin.py:190} INFO - [2025-10-10T09:45:10.921+0000] {dagbag.py:588} INFO - Filling up the DagBag from /home/airflow/.local/lib/python3.12/site-packages/airflow/example_dags/tutorial.py
[2025-10-10T09:45:10.924+0000] {processor.py:925} INFO - DAG(s) 'tutorial' retrieved from /home/airflow/.local/lib/python3.12/site-packages/airflow/example_dags/tutorial.py
[2025-10-10T09:45:10.932+0000] {logging_mixin.py:190} INFO - [2025-10-10T09:45:10.932+0000] {dag.py:3239} INFO - Sync 1 DAGs
[2025-10-10T09:45:10.941+0000] {logging_mixin.py:190} INFO - [2025-10-10T09:45:10.941+0000] {dag.py:4180} INFO - Setting next_dagrun for tutorial to 2025-10-09 00:00:00+00:00, run_after=2025-10-10 00:00:00+00:00
[2025-10-10T09:45:10.949+0000] {processor.py:208} INFO - Processing /home/airflow/.local/lib/python3.12/site-packages/airflow/example_dags/tutorial.py took 0.031 seconds
[2025-10-10T09:45:41.896+0000] {processor.py:186} INFO - Started process (PID=277) to work on /home/airflow/.local/lib/python3.12/site-packages/airflow/example_dags/tutorial.py
[2025-10-10T09:45:41.896+0000] {processor.py:914} INFO - Processing file /home/airflow/.local/lib/python3.12/site-packages/airflow/example_dags/tutorial.py for tasks to queue
[2025-10-10T09:45:41.897+0000] {logging_mixin.py:190} INFO - [2025-10-10T09:45:41.897+0000] {dagbag.py:588} INFO - Filling up the DagBag from /home/airflow/.local/lib/python3.12/site-packages/airflow/example_dags/tutorial.py
[2025-10-10T09:45:41.900+0000] {processor.py:925} INFO - DAG(s) 'tutorial' retrieved from /home/airflow/.local/lib/python3.12/site-packages/airflow/example_dags/tutorial.py
[2025-10-10T09:45:41.907+0000] {logging_mixin.py:190} INFO - [2025-10-10T09:45:41.907+0000] {dag.py:3239} INFO - Sync 1 DAGs
[2025-10-10T09:45:41.914+0000] {logging_mixin.py:190} INFO - [2025-10-10T09:45:41.914+0000] {dag.py:4180} INFO - Setting next_dagrun for tutorial to 2025-10-09 00:00:00+00:00, run_after=2025-10-10 00:00:00+00:00
[2025-10-10T09:45:41.922+0000] {processor.py:208} INFO - Processing /home/airflow/.local/lib/python3.12/site-packages/airflow/example_dags/tutorial.py took 0.028 seconds
[2025-10-10T09:46:12.944+0000] {processor.py:186} INFO - Started process (PID=341) to work on /home/airflow/.local/lib/python3.12/site-packages/airflow/example_dags/tutorial.py
[2025-10-10T09:46:12.948+0000] {processor.py:914} INFO - Processing file /home/airflow/.local/lib/python3.12/site-packages/airflow/example_dags/tutorial.py for tasks to queue
[2025-10-10T09:46:12.949+0000] {logging_mixin.py:190} INFO - [2025-10-10T09:46:12.949+0000] {dagbag.py:588} INFO - Filling up the DagBag from /home/airflow/.local/lib/python3.12/site-packages/airflow/example_dags/tutorial.py
[2025-10-10T09:46:12.954+0000] {processor.py:925} INFO - DAG(s) 'tutorial' retrieved from /home/airflow/.local/lib/python3.12/site-packages/airflow/example_dags/tutorial.py
[2025-10-10T09:46:12.963+0000] {logging_mixin.py:190} INFO - [2025-10-10T09:46:12.963+0000] {dag.py:3239} INFO - Sync 1 DAGs
[2025-10-10T09:46:12.972+0000] {logging_mixin.py:190} INFO - [2025-10-10T09:46:12.972+0000] {dag.py:4180} INFO - Setting next_dagrun for tutorial to 2025-10-09 00:00:00+00:00, run_after=2025-10-10 00:00:00+00:00
[2025-10-10T09:46:12.979+0000] {processor.py:208} INFO - Processing /home/airflow/.local/lib/python3.12/site-packages/airflow/example_dags/tutorial.py took 0.039 seconds
[2025-10-10T09:46:44.009+0000] {processor.py:186} INFO - Started process (PID=405) to work on /home/airflow/.local/lib/python3.12/site-packages/airflow/example_dags/tutorial.py
[2025-10-10T09:46:44.009+0000] {processor.py:914} INFO - Processing file /home/airflow/.local/lib/python3.12/site-packages/airflow/example_dags/tutorial.py for tasks to queue
[2025-10-10T09:46:44.012+0000] {logging_mixin.py:190} INFO - [2025-10-10T09:46:44.012+0000] {dagbag.py:588} INFO - Filling up the DagBag from /home/airflow/.local/lib/python3.12/site-packages/airflow/example_dags/tutorial.py
[2025-10-10T09:46:44.015+0000] {processor.py:925} INFO - DAG(s) 'tutorial' retrieved from /home/airflow/.local/lib/python3.12/site-packages/airflow/example_dags/tutorial.py
[2025-10-10T09:46:44.022+0000] {logging_mixin.py:190} INFO - [2025-10-10T09:46:44.022+0000] {dag.py:3239} INFO - Sync 1 DAGs
[2025-10-10T09:46:44.030+0000] {logging_mixin.py:190} INFO - [2025-10-10T09:46:44.030+0000] {dag.py:4180} INFO - Setting next_dagrun for tutorial to 2025-10-09 00:00:00+00:00, run_after=2025-10-10 00:00:00+00:00
[2025-10-10T09:46:44.037+0000] {processor.py:208} INFO - Processing /home/airflow/.local/lib/python3.12/site-packages/airflow/example_dags/tutorial.py took 0.031 seconds
[2025-10-10T09:47:15.030+0000] {processor.py:186} INFO - Started process (PID=469) to work on /home/airflow/.local/lib/python3.12/site-packages/airflow/example_dags/tutorial.py
[2025-10-10T09:47:15.031+0000] {processor.py:914} INFO - Processing file /home/airflow/.local/lib/python3.12/site-packages/airflow/example_dags/tutorial.py for tasks to queue
[2025-10-10T09:47:15.032+0000] {logging_mixin.py:190} INFO - [2025-10-10T09:47:15.032+0000] {dagbag.py:588} INFO - Filling up the DagBag from /home/airflow/.local/lib/python3.12/site-packages/airflow/example_dags/tutorial.py
[2025-10-10T09:47:15.035+0000] {processor.py:925} INFO - DAG(s) 'tutorial' retrieved from /home/airflow/.local/lib/python3.12/site-packages/airflow/example_dags/tutorial.py
[2025-10-10T09:47:15.043+0000] {logging_mixin.py:190} INFO - [2025-10-10T09:47:15.043+0000] {dag.py:3239} INFO - Sync 1 DAGs
[2025-10-10T09:47:15.052+0000] {logging_mixin.py:190} INFO - [2025-10-10T09:47:15.052+0000] {dag.py:4180} INFO - Setting next_dagrun for tutorial to 2025-10-09 00:00:00+00:00, run_after=2025-10-10 00:00:00+00:00
[2025-10-10T09:47:15.058+0000] {processor.py:208} INFO - Processing /home/airflow/.local/lib/python3.12/site-packages/airflow/example_dags/tutorial.py took 0.031 seconds
[2025-10-10T09:47:46.094+0000] {processor.py:186} INFO - Started process (PID=533) to work on /home/airflow/.local/lib/python3.12/site-packages/airflow/example_dags/tutorial.py
[2025-10-10T09:47:46.095+0000] {processor.py:914} INFO - Processing file /home/airflow/.local/lib/python3.12/site-packages/airflow/example_dags/tutorial.py for tasks to queue
[2025-10-10T09:47:46.096+0000] {logging_mixin.py:190} INFO - [2025-10-10T09:47:46.095+0000] {dagbag.py:588} INFO - Filling up the DagBag from /home/airflow/.local/lib/python3.12/site-packages/airflow/example_dags/tutorial.py
[2025-10-10T09:47:46.099+0000] {processor.py:925} INFO - DAG(s) 'tutorial' retrieved from /home/airflow/.local/lib/python3.12/site-packages/airflow/example_dags/tutorial.py
[2025-10-10T09:47:46.106+0000] {logging_mixin.py:190} INFO - [2025-10-10T09:47:46.106+0000] {dag.py:3239} INFO - Sync 1 DAGs
[2025-10-10T09:47:46.116+0000] {logging_mixin.py:190} INFO - [2025-10-10T09:47:46.116+0000] {dag.py:4180} INFO - Setting next_dagrun for tutorial to 2025-10-09 00:00:00+00:00, run_after=2025-10-10 00:00:00+00:00
[2025-10-10T09:47:46.125+0000] {processor.py:208} INFO - Processing /home/airflow/.local/lib/python3.12/site-packages/airflow/example_dags/tutorial.py took 0.033 seconds
[2025-10-10T09:48:17.320+0000] {processor.py:186} INFO - Started process (PID=597) to work on /home/airflow/.local/lib/python3.12/site-packages/airflow/example_dags/tutorial.py
[2025-10-10T09:48:17.320+0000] {processor.py:914} INFO - Processing file /home/airflow/.local/lib/python3.12/site-packages/airflow/example_dags/tutorial.py for tasks to queue
[2025-10-10T09:48:17.321+0000] {logging_mixin.py:190} INFO - [2025-10-10T09:48:17.321+0000] {dagbag.py:588} INFO - Filling up the DagBag from /home/airflow/.local/lib/python3.12/site-packages/airflow/example_dags/tutorial.py
[2025-10-10T09:48:17.325+0000] {processor.py:925} INFO - DAG(s) 'tutorial' retrieved from /home/airflow/.local/lib/python3.12/site-packages/airflow/example_dags/tutorial.py
[2025-10-10T09:48:17.338+0000] {logging_mixin.py:190} INFO - [2025-10-10T09:48:17.338+0000] {dag.py:3239} INFO - Sync 1 DAGs
[2025-10-10T09:48:17.347+0000] {logging_mixin.py:190} INFO - [2025-10-10T09:48:17.347+0000] {dag.py:4180} INFO - Setting next_dagrun for tutorial to 2025-10-09 00:00:00+00:00, run_after=2025-10-10 00:00:00+00:00
[2025-10-10T09:48:17.353+0000] {processor.py:208} INFO - Processing /home/airflow/.local/lib/python3.12/site-packages/airflow/example_dags/tutorial.py took 0.036 seconds
[2025-10-10T09:48:47.610+0000] {processor.py:186} INFO - Started process (PID=661) to work on /home/airflow/.local/lib/python3.12/site-packages/airflow/example_dags/tutorial.py
[2025-10-10T09:48:47.610+0000] {processor.py:914} INFO - Processing file /home/airflow/.local/lib/python3.12/site-packages/airflow/example_dags/tutorial.py for tasks to queue
[2025-10-10T09:48:47.611+0000] {logging_mixin.py:190} INFO - [2025-10-10T09:48:47.611+0000] {dagbag.py:588} INFO - Filling up the DagBag from /home/airflow/.local/lib/python3.12/site-packages/airflow/example_dags/tutorial.py
[2025-10-10T09:48:47.614+0000] {processor.py:925} INFO - DAG(s) 'tutorial' retrieved from /home/airflow/.local/lib/python3.12/site-packages/airflow/example_dags/tutorial.py
[2025-10-10T09:48:47.621+0000] {logging_mixin.py:190} INFO - [2025-10-10T09:48:47.620+0000] {dag.py:3239} INFO - Sync 1 DAGs
[2025-10-10T09:48:47.628+0000] {logging_mixin.py:190} INFO - [2025-10-10T09:48:47.628+0000] {dag.py:4180} INFO - Setting next_dagrun for tutorial to 2025-10-09 00:00:00+00:00, run_after=2025-10-10 00:00:00+00:00
[2025-10-10T09:48:47.633+0000] {processor.py:208} INFO - Processing /home/airflow/.local/lib/python3.12/site-packages/airflow/example_dags/tutorial.py took 0.025 seconds
