[2025-10-10T10:27:59.048+0000] {local_task_job_runner.py:123} INFO - ::group::Pre task execution logs
[2025-10-10T10:27:59.053+0000] {taskinstance.py:2613} INFO - Dependencies all met for dep_context=non-requeueable deps ti=<TaskInstance: daily_weather_report_dag.check_db_health scheduled__2025-10-09T08:00:00+00:00 [queued]>
[2025-10-10T10:27:59.058+0000] {taskinstance.py:2613} INFO - Dependencies all met for dep_context=requeueable deps ti=<TaskInstance: daily_weather_report_dag.check_db_health scheduled__2025-10-09T08:00:00+00:00 [queued]>
[2025-10-10T10:27:59.058+0000] {taskinstance.py:2866} INFO - Starting attempt 1 of 1
[2025-10-10T10:27:59.063+0000] {taskinstance.py:2889} INFO - Executing <Task(BashOperator): check_db_health> on 2025-10-09 08:00:00+00:00
[2025-10-10T10:27:59.066+0000] {warnings.py:112} WARNING - /home/***/.local/lib/python3.12/site-packages/***/task/task_runner/standard_task_runner.py:70: DeprecationWarning: This process (pid=585) is multi-threaded, use of fork() may lead to deadlocks in the child.
  pid = os.fork()

[2025-10-10T10:27:59.067+0000] {standard_task_runner.py:72} INFO - Started process 589 to run task
[2025-10-10T10:27:59.067+0000] {standard_task_runner.py:104} INFO - Running: ['***', 'tasks', 'run', 'daily_weather_report_dag', 'check_db_health', 'scheduled__2025-10-09T08:00:00+00:00', '--job-id', '10', '--raw', '--subdir', 'DAGS_FOLDER/daily_weather_report_dag.py', '--cfg-path', '/tmp/tmpgug4rzfc']
[2025-10-10T10:27:59.068+0000] {standard_task_runner.py:105} INFO - Job 10: Subtask check_db_health
[2025-10-10T10:27:59.084+0000] {task_command.py:467} INFO - Running <TaskInstance: daily_weather_report_dag.check_db_health scheduled__2025-10-09T08:00:00+00:00 [running]> on host edc3617ecc7f
[2025-10-10T10:27:59.108+0000] {taskinstance.py:3132} INFO - Exporting env vars: AIRFLOW_CTX_DAG_OWNER='***' AIRFLOW_CTX_DAG_ID='daily_weather_report_dag' AIRFLOW_CTX_TASK_ID='check_db_health' AIRFLOW_CTX_EXECUTION_DATE='2025-10-09T08:00:00+00:00' AIRFLOW_CTX_TRY_NUMBER='1' AIRFLOW_CTX_DAG_RUN_ID='scheduled__2025-10-09T08:00:00+00:00'
[2025-10-10T10:27:59.109+0000] {taskinstance.py:731} INFO - ::endgroup::
[2025-10-10T10:27:59.121+0000] {subprocess.py:78} INFO - Tmp dir root location: /tmp
[2025-10-10T10:27:59.121+0000] {subprocess.py:88} INFO - Running command: ['/usr/bin/bash', '-c', 'echo "Simulating database health check: OK"']
[2025-10-10T10:27:59.125+0000] {subprocess.py:99} INFO - Output:
[2025-10-10T10:27:59.126+0000] {subprocess.py:106} INFO - Simulating database health check: OK
[2025-10-10T10:27:59.126+0000] {subprocess.py:110} INFO - Command exited with return code 0
[2025-10-10T10:27:59.135+0000] {taskinstance.py:340} INFO - ::group::Post task execution logs
[2025-10-10T10:27:59.135+0000] {taskinstance.py:352} INFO - Marking task as SUCCESS. dag_id=daily_weather_report_dag, task_id=check_db_health, run_id=scheduled__2025-10-09T08:00:00+00:00, execution_date=20251009T080000, start_date=20251010T102759, end_date=20251010T102759
[2025-10-10T10:27:59.164+0000] {local_task_job_runner.py:266} INFO - Task exited with return code 0
[2025-10-10T10:27:59.175+0000] {taskinstance.py:3895} INFO - 1 downstream tasks scheduled from follow-on schedule check
[2025-10-10T10:27:59.176+0000] {local_task_job_runner.py:245} INFO - ::endgroup::
