[2026-02-03T12:41:22.580+0000] {local_task_job_runner.py:123} INFO - ::group::Pre task execution logs
[2026-02-03T12:41:22.586+0000] {taskinstance.py:2613} INFO - Dependencies all met for dep_context=non-requeueable deps ti=<TaskInstance: garmin_daily_pipeline.deploy_transformation_views scheduled__2026-01-29T02:00:00+00:00 [queued]>
[2026-02-03T12:41:22.588+0000] {taskinstance.py:2613} INFO - Dependencies all met for dep_context=requeueable deps ti=<TaskInstance: garmin_daily_pipeline.deploy_transformation_views scheduled__2026-01-29T02:00:00+00:00 [queued]>
[2026-02-03T12:41:22.588+0000] {taskinstance.py:2866} INFO - Starting attempt 1 of 2
[2026-02-03T12:41:22.592+0000] {taskinstance.py:2889} INFO - Executing <Task(PythonOperator): deploy_transformation_views> on 2026-01-29 02:00:00+00:00
[2026-02-03T12:41:22.594+0000] {warnings.py:112} WARNING - /home/***/.local/lib/python3.12/site-packages/***/task/task_runner/standard_task_runner.py:70: DeprecationWarning: This process (pid=124) is multi-threaded, use of fork() may lead to deadlocks in the child.
  pid = os.fork()

[2026-02-03T12:41:22.594+0000] {standard_task_runner.py:72} INFO - Started process 125 to run task
[2026-02-03T12:41:22.595+0000] {standard_task_runner.py:104} INFO - Running: ['***', 'tasks', 'run', 'garmin_daily_pipeline', 'deploy_transformation_views', 'scheduled__2026-01-29T02:00:00+00:00', '--job-id', '102', '--raw', '--subdir', 'DAGS_FOLDER/garmin_daily_pipeline.py', '--cfg-path', '/tmp/tmpeix_xzs2']
[2026-02-03T12:41:22.595+0000] {standard_task_runner.py:105} INFO - Job 102: Subtask deploy_transformation_views
[2026-02-03T12:41:22.610+0000] {task_command.py:467} INFO - Running <TaskInstance: garmin_daily_pipeline.deploy_transformation_views scheduled__2026-01-29T02:00:00+00:00 [running]> on host 996c176c0a46
[2026-02-03T12:41:22.637+0000] {taskinstance.py:3132} INFO - Exporting env vars: AIRFLOW_CTX_DAG_OWNER='***' AIRFLOW_CTX_DAG_ID='garmin_daily_pipeline' AIRFLOW_CTX_TASK_ID='deploy_transformation_views' AIRFLOW_CTX_EXECUTION_DATE='2026-01-29T02:00:00+00:00' AIRFLOW_CTX_TRY_NUMBER='1' AIRFLOW_CTX_DAG_RUN_ID='scheduled__2026-01-29T02:00:00+00:00'
[2026-02-03T12:41:22.637+0000] {taskinstance.py:731} INFO - ::endgroup::
[2026-02-03T12:41:22.642+0000] {garmin_daily_pipeline.py:328} INFO - 🔧 Deploying transformation views...
[2026-02-03T12:41:22.877+0000] {garmin_daily_pipeline.py:335} INFO - 📄 Reading SQL file: /opt/***/spatiotemporal/garmin/sql/views.sql
[2026-02-03T12:41:22.877+0000] {garmin_daily_pipeline.py:356} INFO - 🔨 Deploying 7 views...
[2026-02-03T12:41:22.877+0000] {garmin_daily_pipeline.py:368} INFO -   [1/7] Deploying garmin_data.v_steps_daily...
[2026-02-03T12:41:24.134+0000] {garmin_daily_pipeline.py:373} INFO -     ✅ Success
[2026-02-03T12:41:24.135+0000] {garmin_daily_pipeline.py:368} INFO -   [2/7] Deploying garmin_data.v_body_battery_daily...
[2026-02-03T12:41:24.978+0000] {garmin_daily_pipeline.py:373} INFO -     ✅ Success
[2026-02-03T12:41:24.980+0000] {garmin_daily_pipeline.py:368} INFO -   [3/7] Deploying garmin_data.v_heart_rate_daily...
[2026-02-03T12:41:25.814+0000] {garmin_daily_pipeline.py:373} INFO -     ✅ Success
[2026-02-03T12:41:25.814+0000] {garmin_daily_pipeline.py:368} INFO -   [4/7] Deploying garmin_data.v_stress_daily...
[2026-02-03T12:41:26.746+0000] {garmin_daily_pipeline.py:373} INFO -     ✅ Success
[2026-02-03T12:41:26.746+0000] {garmin_daily_pipeline.py:368} INFO -   [5/7] Deploying garmin_data.v_sleep_daily...
[2026-02-03T12:41:27.573+0000] {garmin_daily_pipeline.py:373} INFO -     ✅ Success
[2026-02-03T12:41:27.573+0000] {garmin_daily_pipeline.py:368} INFO -   [6/7] Deploying garmin_data.v_daily_metrics...
[2026-02-03T12:41:28.772+0000] {garmin_daily_pipeline.py:373} INFO -     ✅ Success
[2026-02-03T12:41:28.772+0000] {garmin_daily_pipeline.py:368} INFO -   [7/7] Deploying garmin_data.v_data_quality_summary...
[2026-02-03T12:41:29.861+0000] {garmin_daily_pipeline.py:373} INFO -     ✅ Success
[2026-02-03T12:41:29.862+0000] {garmin_daily_pipeline.py:380} INFO - 📊 Summary:
[2026-02-03T12:41:29.862+0000] {garmin_daily_pipeline.py:381} INFO -   - Views deployed: 7
[2026-02-03T12:41:29.863+0000] {garmin_daily_pipeline.py:382} INFO -   - Views failed: 0
[2026-02-03T12:41:29.863+0000] {python.py:240} INFO - Done. Returned value was: {'views_deployed': 7, 'views_failed': 0, 'deployed_views': ['garmin_data.v_steps_daily', 'garmin_data.v_body_battery_daily', 'garmin_data.v_heart_rate_daily', 'garmin_data.v_stress_daily', 'garmin_data.v_sleep_daily', 'garmin_data.v_daily_metrics', 'garmin_data.v_data_quality_summary']}
[2026-02-03T12:41:29.887+0000] {taskinstance.py:340} INFO - ::group::Post task execution logs
[2026-02-03T12:41:29.888+0000] {taskinstance.py:352} INFO - Marking task as SUCCESS. dag_id=garmin_daily_pipeline, task_id=deploy_transformation_views, run_id=scheduled__2026-01-29T02:00:00+00:00, execution_date=20260129T020000, start_date=20260203T124122, end_date=20260203T124129
[2026-02-03T12:41:29.933+0000] {local_task_job_runner.py:266} INFO - Task exited with return code 0
[2026-02-03T12:41:29.945+0000] {taskinstance.py:3895} INFO - 1 downstream tasks scheduled from follow-on schedule check
[2026-02-03T12:41:29.946+0000] {local_task_job_runner.py:245} INFO - ::endgroup::
