[2026-01-29T13:05:26.982+0000] {local_task_job_runner.py:123} INFO - ::group::Pre task execution logs
[2026-01-29T13:05:26.987+0000] {taskinstance.py:2613} INFO - Dependencies all met for dep_context=non-requeueable deps ti=<TaskInstance: garmin_daily_pipeline.fetch_activities manual__2026-01-29T00:00:00+00:00 [queued]>
[2026-01-29T13:05:26.990+0000] {taskinstance.py:2613} INFO - Dependencies all met for dep_context=requeueable deps ti=<TaskInstance: garmin_daily_pipeline.fetch_activities manual__2026-01-29T00:00:00+00:00 [queued]>
[2026-01-29T13:05:26.990+0000] {taskinstance.py:2866} INFO - Starting attempt 1 of 6
[2026-01-29T13:05:26.994+0000] {taskinstance.py:2889} INFO - Executing <Task(PythonOperator): fetch_activities> on 2026-01-29 00:00:00+00:00
[2026-01-29T13:05:26.997+0000] {warnings.py:112} WARNING - /home/***/.local/lib/python3.12/site-packages/***/task/task_runner/standard_task_runner.py:70: DeprecationWarning: This process (pid=114) is multi-threaded, use of fork() may lead to deadlocks in the child.
  pid = os.fork()

[2026-01-29T13:05:26.998+0000] {standard_task_runner.py:72} INFO - Started process 116 to run task
[2026-01-29T13:05:26.998+0000] {standard_task_runner.py:104} INFO - Running: ['***', 'tasks', 'run', 'garmin_daily_pipeline', 'fetch_activities', 'manual__2026-01-29T00:00:00+00:00', '--job-id', '83', '--raw', '--subdir', 'DAGS_FOLDER/garmin_daily_pipeline.py', '--cfg-path', '/tmp/tmpiuuky_m8']
[2026-01-29T13:05:26.999+0000] {standard_task_runner.py:105} INFO - Job 83: Subtask fetch_activities
[2026-01-29T13:05:27.012+0000] {task_command.py:467} INFO - Running <TaskInstance: garmin_daily_pipeline.fetch_activities manual__2026-01-29T00:00:00+00:00 [running]> on host 996c176c0a46
[2026-01-29T13:05:27.035+0000] {taskinstance.py:3132} INFO - Exporting env vars: AIRFLOW_CTX_DAG_OWNER='***' AIRFLOW_CTX_DAG_ID='garmin_daily_pipeline' AIRFLOW_CTX_TASK_ID='fetch_activities' AIRFLOW_CTX_EXECUTION_DATE='2026-01-29T00:00:00+00:00' AIRFLOW_CTX_TRY_NUMBER='1' AIRFLOW_CTX_DAG_RUN_ID='manual__2026-01-29T00:00:00+00:00'
[2026-01-29T13:05:27.036+0000] {taskinstance.py:731} INFO - ::endgroup::
[2026-01-29T13:05:27.040+0000] {garmin_daily_pipeline.py:142} INFO - 🏃 Fetching Garmin activities up to 2026-01-28
[2026-01-29T13:05:27.075+0000] {garmin_daily_pipeline.py:156} INFO - 🔑 Logging into Garmin Connect...
[2026-01-29T13:05:29.793+0000] {garmin_daily_pipeline.py:159} INFO - ✅ Successfully logged in
[2026-01-29T13:05:29.795+0000] {garmin_daily_pipeline.py:165} INFO - 📋 Fetching activities list...
[2026-01-29T13:05:30.065+0000] {garmin_daily_pipeline.py:173} INFO - ✅ Saved activities list (42 activities)
[2026-01-29T13:05:30.066+0000] {garmin_daily_pipeline.py:204} INFO - 📊 Summary:
[2026-01-29T13:05:30.066+0000] {garmin_daily_pipeline.py:205} INFO -   - New activities fetched: 0
[2026-01-29T13:05:30.067+0000] {garmin_daily_pipeline.py:206} INFO -   - Existing activities (skipped): 42
[2026-01-29T13:05:30.068+0000] {python.py:240} INFO - Done. Returned value was: {'total_activities': 42, 'new_activities': 0, 'existing_activities': 42}
[2026-01-29T13:05:30.084+0000] {taskinstance.py:340} INFO - ::group::Post task execution logs
[2026-01-29T13:05:30.084+0000] {taskinstance.py:352} INFO - Marking task as SUCCESS. dag_id=garmin_daily_pipeline, task_id=fetch_activities, run_id=manual__2026-01-29T00:00:00+00:00, execution_date=20260129T000000, start_date=20260129T130526, end_date=20260129T130530
[2026-01-29T13:05:30.122+0000] {local_task_job_runner.py:266} INFO - Task exited with return code 0
[2026-01-29T13:05:30.132+0000] {taskinstance.py:3895} INFO - 0 downstream tasks scheduled from follow-on schedule check
[2026-01-29T13:05:30.133+0000] {local_task_job_runner.py:245} INFO - ::endgroup::
