[2025-10-10T11:07:35.814+0000] {local_task_job_runner.py:123} INFO - ::group::Pre task execution logs
[2025-10-10T11:07:35.819+0000] {taskinstance.py:2613} INFO - Dependencies all met for dep_context=non-requeueable deps ti=<TaskInstance: daily_motivation_and_playlist.log_final_report manual__2025-10-10T11:07:31.344927+00:00 [queued]>
[2025-10-10T11:07:35.821+0000] {taskinstance.py:2613} INFO - Dependencies all met for dep_context=requeueable deps ti=<TaskInstance: daily_motivation_and_playlist.log_final_report manual__2025-10-10T11:07:31.344927+00:00 [queued]>
[2025-10-10T11:07:35.822+0000] {taskinstance.py:2866} INFO - Starting attempt 1 of 1
[2025-10-10T11:07:35.825+0000] {taskinstance.py:2889} INFO - Executing <Task(PythonOperator): log_final_report> on 2025-10-10 11:07:31.344927+00:00
[2025-10-10T11:07:35.827+0000] {warnings.py:112} WARNING - /home/***/.local/lib/python3.12/site-packages/***/task/task_runner/standard_task_runner.py:70: DeprecationWarning: This process (pid=180) is multi-threaded, use of fork() may lead to deadlocks in the child.
  pid = os.fork()

[2025-10-10T11:07:35.827+0000] {standard_task_runner.py:72} INFO - Started process 181 to run task
[2025-10-10T11:07:35.828+0000] {standard_task_runner.py:104} INFO - Running: ['***', 'tasks', 'run', 'daily_motivation_and_playlist', 'log_final_report', 'manual__2025-10-10T11:07:31.344927+00:00', '--job-id', '43', '--raw', '--subdir', 'DAGS_FOLDER/daily_motivation_playlist.py', '--cfg-path', '/tmp/tmpte741gk_']
[2025-10-10T11:07:35.828+0000] {standard_task_runner.py:105} INFO - Job 43: Subtask log_final_report
[2025-10-10T11:07:35.841+0000] {task_command.py:467} INFO - Running <TaskInstance: daily_motivation_and_playlist.log_final_report manual__2025-10-10T11:07:31.344927+00:00 [running]> on host 66b33d323620
[2025-10-10T11:07:35.863+0000] {taskinstance.py:3132} INFO - Exporting env vars: AIRFLOW_CTX_DAG_OWNER='***' AIRFLOW_CTX_DAG_ID='daily_motivation_and_playlist' AIRFLOW_CTX_TASK_ID='log_final_report' AIRFLOW_CTX_EXECUTION_DATE='2025-10-10T11:07:31.344927+00:00' AIRFLOW_CTX_TRY_NUMBER='1' AIRFLOW_CTX_DAG_RUN_ID='manual__2025-10-10T11:07:31.344927+00:00'
[2025-10-10T11:07:35.864+0000] {taskinstance.py:731} INFO - ::endgroup::
[2025-10-10T11:07:35.873+0000] {daily_motivation_playlist.py:211} INFO - ====================================
[2025-10-10T11:07:35.873+0000] {daily_motivation_playlist.py:212} INFO - ====== YOUR DAILY MORNING REPORT =====
[2025-10-10T11:07:35.873+0000] {daily_motivation_playlist.py:213} INFO - ====================================
[2025-10-10T11:07:35.873+0000] {daily_motivation_playlist.py:215} INFO - MOTIVATION:
[2025-10-10T11:07:35.873+0000] {daily_motivation_playlist.py:216} INFO - -> Ignite your day with a powerful surge, then channel that spark into achieving today's focused goals!
[2025-10-10T11:07:35.873+0000] {daily_motivation_playlist.py:217} INFO - 
[2025-10-10T11:07:35.873+0000] {daily_motivation_playlist.py:219} INFO - MUSIC SUGGESTION:
[2025-10-10T11:07:35.874+0000] {daily_motivation_playlist.py:221} INFO - Seasonal Vibe: Autumn
[2025-10-10T11:07:35.874+0000] {daily_motivation_playlist.py:222} INFO - Album: Kind of Blue
[2025-10-10T11:07:35.874+0000] {daily_motivation_playlist.py:223} INFO - Artist: Miles Davis
[2025-10-10T11:07:35.874+0000] {daily_motivation_playlist.py:224} INFO - Recommendation Reason: Its modal jazz improvisation creates a warm, contemplative atmosphere ideal for reflecting amidst the crisp air of autumn.
[2025-10-10T11:07:35.874+0000] {daily_motivation_playlist.py:228} INFO - ====================================
[2025-10-10T11:07:35.874+0000] {daily_motivation_playlist.py:230} INFO - Final Report logged successfully.
[2025-10-10T11:07:35.874+0000] {python.py:240} INFO - Done. Returned value was: None
[2025-10-10T11:07:35.876+0000] {taskinstance.py:340} INFO - ::group::Post task execution logs
[2025-10-10T11:07:35.876+0000] {taskinstance.py:352} INFO - Marking task as SUCCESS. dag_id=daily_motivation_and_playlist, task_id=log_final_report, run_id=manual__2025-10-10T11:07:31.344927+00:00, execution_date=20251010T110731, start_date=20251010T110735, end_date=20251010T110735
[2025-10-10T11:07:35.884+0000] {local_task_job_runner.py:266} INFO - Task exited with return code 0
[2025-10-10T11:07:35.889+0000] {taskinstance.py:3895} INFO - 0 downstream tasks scheduled from follow-on schedule check
[2025-10-10T11:07:35.889+0000] {local_task_job_runner.py:245} INFO - ::endgroup::
