[2026-01-28T09:59:48.918+0000] {local_task_job_runner.py:123} INFO - ::group::Pre task execution logs
[2026-01-28T09:59:48.926+0000] {taskinstance.py:2613} INFO - Dependencies all met for dep_context=non-requeueable deps ti=<TaskInstance: garmin_daily_pipeline.load_to_bigquery scheduled__2026-01-27T02:00:00+00:00 [queued]>
[2026-01-28T09:59:48.931+0000] {taskinstance.py:2613} INFO - Dependencies all met for dep_context=requeueable deps ti=<TaskInstance: garmin_daily_pipeline.load_to_bigquery scheduled__2026-01-27T02:00:00+00:00 [queued]>
[2026-01-28T09:59:48.931+0000] {taskinstance.py:2866} INFO - Starting attempt 1 of 3
[2026-01-28T09:59:48.935+0000] {taskinstance.py:2889} INFO - Executing <Task(PythonOperator): load_to_bigquery> on 2026-01-27 02:00:00+00:00
[2026-01-28T09:59:48.937+0000] {warnings.py:112} WARNING - /home/***/.local/lib/python3.12/site-packages/***/task/task_runner/standard_task_runner.py:70: DeprecationWarning: This process (pid=105) is multi-threaded, use of fork() may lead to deadlocks in the child.
  pid = os.fork()

[2026-01-28T09:59:48.938+0000] {standard_task_runner.py:72} INFO - Started process 106 to run task
[2026-01-28T09:59:48.938+0000] {standard_task_runner.py:104} INFO - Running: ['***', 'tasks', 'run', 'garmin_daily_pipeline', 'load_to_bigquery', 'scheduled__2026-01-27T02:00:00+00:00', '--job-id', '65', '--raw', '--subdir', 'DAGS_FOLDER/garmin_daily_pipeline.py', '--cfg-path', '/tmp/tmp9cggn86p']
[2026-01-28T09:59:48.939+0000] {standard_task_runner.py:105} INFO - Job 65: Subtask load_to_bigquery
[2026-01-28T09:59:48.956+0000] {task_command.py:467} INFO - Running <TaskInstance: garmin_daily_pipeline.load_to_bigquery scheduled__2026-01-27T02:00:00+00:00 [running]> on host 996c176c0a46
[2026-01-28T09:59:48.981+0000] {taskinstance.py:3132} INFO - Exporting env vars: AIRFLOW_CTX_DAG_OWNER='***' AIRFLOW_CTX_DAG_ID='garmin_daily_pipeline' AIRFLOW_CTX_TASK_ID='load_to_bigquery' AIRFLOW_CTX_EXECUTION_DATE='2026-01-27T02:00:00+00:00' AIRFLOW_CTX_TRY_NUMBER='1' AIRFLOW_CTX_DAG_RUN_ID='scheduled__2026-01-27T02:00:00+00:00'
[2026-01-28T09:59:48.981+0000] {taskinstance.py:731} INFO - ::endgroup::
[2026-01-28T09:59:48.987+0000] {garmin_daily_pipeline.py:220} INFO - ☁️  Loading data to BigQuery...
[2026-01-28T09:59:50.330+0000] {garmin_daily_pipeline.py:236} INFO - ✅ Dataset exists: spatiotemporal-473309.garmin_data
[2026-01-28T09:59:50.752+0000] {garmin_daily_pipeline.py:246} INFO - ✅ Table exists: spatiotemporal-473309.garmin_data.garmin_raw_data
[2026-01-28T09:59:50.753+0000] {garmin_daily_pipeline.py:257} INFO - 🔍 Checking for already loaded files...
[2026-01-28T09:59:51.892+0000] {garmin_daily_pipeline.py:264} INFO -   Found 1674 existing files in BigQuery
[2026-01-28T09:59:51.907+0000] {garmin_daily_pipeline.py:300} INFO - 📤 Uploading chunk 1/1 (9 rows)...
[2026-01-28T09:59:52.695+0000] {garmin_daily_pipeline.py:307} INFO -   ✅ Chunk 1 uploaded successfully
[2026-01-28T09:59:52.698+0000] {garmin_daily_pipeline.py:312} INFO - 📊 Summary:
[2026-01-28T09:59:52.698+0000] {garmin_daily_pipeline.py:313} INFO -   - Rows uploaded: 9
[2026-01-28T09:59:52.700+0000] {garmin_daily_pipeline.py:314} INFO -   - Files skipped (already loaded): 1674
[2026-01-28T09:59:52.700+0000] {python.py:240} INFO - Done. Returned value was: {'rows_uploaded': 9, 'files_skipped': 1674, 'total_files': 1683}
[2026-01-28T09:59:52.709+0000] {taskinstance.py:340} INFO - ::group::Post task execution logs
[2026-01-28T09:59:52.710+0000] {taskinstance.py:352} INFO - Marking task as SUCCESS. dag_id=garmin_daily_pipeline, task_id=load_to_bigquery, run_id=scheduled__2026-01-27T02:00:00+00:00, execution_date=20260127T020000, start_date=20260128T095948, end_date=20260128T095952
[2026-01-28T09:59:52.727+0000] {local_task_job_runner.py:266} INFO - Task exited with return code 0
[2026-01-28T09:59:52.736+0000] {taskinstance.py:3895} INFO - 0 downstream tasks scheduled from follow-on schedule check
[2026-01-28T09:59:52.737+0000] {local_task_job_runner.py:245} INFO - ::endgroup::
