[2026-01-28T09:57:55.982+0000] {processor.py:186} INFO - Started process (PID=49) to work on /opt/airflow/dags/daily_motivation_playlist.py
[2026-01-28T09:57:55.984+0000] {processor.py:914} INFO - Processing file /opt/airflow/dags/daily_motivation_playlist.py for tasks to queue
[2026-01-28T09:57:55.992+0000] {logging_mixin.py:190} INFO - [2026-01-28T09:57:55.990+0000] {dagbag.py:588} INFO - Filling up the DagBag from /opt/airflow/dags/daily_motivation_playlist.py
[2026-01-28T09:57:56.044+0000] {processor.py:925} INFO - DAG(s) 'daily_motivation_and_playlist' retrieved from /opt/airflow/dags/daily_motivation_playlist.py
[2026-01-28T09:57:56.081+0000] {logging_mixin.py:190} INFO - [2026-01-28T09:57:56.081+0000] {dag.py:3239} INFO - Sync 1 DAGs
[2026-01-28T09:57:56.113+0000] {logging_mixin.py:190} INFO - [2026-01-28T09:57:56.113+0000] {dag.py:4180} INFO - Setting next_dagrun for daily_motivation_and_playlist to 2026-01-27 07:00:00+00:00, run_after=2026-01-28 07:00:00+00:00
[2026-01-28T09:57:56.151+0000] {processor.py:208} INFO - Processing /opt/airflow/dags/daily_motivation_playlist.py took 0.180 seconds
[2026-01-28T09:58:44.401+0000] {processor.py:186} INFO - Started process (PID=68) to work on /opt/airflow/dags/daily_motivation_playlist.py
[2026-01-28T09:58:44.402+0000] {processor.py:914} INFO - Processing file /opt/airflow/dags/daily_motivation_playlist.py for tasks to queue
[2026-01-28T09:58:44.402+0000] {logging_mixin.py:190} INFO - [2026-01-28T09:58:44.402+0000] {dagbag.py:588} INFO - Filling up the DagBag from /opt/airflow/dags/daily_motivation_playlist.py
[2026-01-28T09:58:44.410+0000] {processor.py:925} INFO - DAG(s) 'daily_motivation_and_playlist' retrieved from /opt/airflow/dags/daily_motivation_playlist.py
[2026-01-28T09:58:44.422+0000] {logging_mixin.py:190} INFO - [2026-01-28T09:58:44.422+0000] {dag.py:3239} INFO - Sync 1 DAGs
[2026-01-28T09:58:44.431+0000] {logging_mixin.py:190} INFO - [2026-01-28T09:58:44.431+0000] {dag.py:4180} INFO - Setting next_dagrun for daily_motivation_and_playlist to 2026-01-28 07:00:00+00:00, run_after=2026-01-29 07:00:00+00:00
[2026-01-28T09:58:44.438+0000] {processor.py:208} INFO - Processing /opt/airflow/dags/daily_motivation_playlist.py took 0.039 seconds
[2026-01-28T09:59:14.725+0000] {processor.py:186} INFO - Started process (PID=105) to work on /opt/airflow/dags/daily_motivation_playlist.py
[2026-01-28T09:59:14.725+0000] {processor.py:914} INFO - Processing file /opt/airflow/dags/daily_motivation_playlist.py for tasks to queue
[2026-01-28T09:59:14.726+0000] {logging_mixin.py:190} INFO - [2026-01-28T09:59:14.726+0000] {dagbag.py:588} INFO - Filling up the DagBag from /opt/airflow/dags/daily_motivation_playlist.py
[2026-01-28T09:59:14.730+0000] {processor.py:925} INFO - DAG(s) 'daily_motivation_and_playlist' retrieved from /opt/airflow/dags/daily_motivation_playlist.py
[2026-01-28T09:59:14.739+0000] {logging_mixin.py:190} INFO - [2026-01-28T09:59:14.739+0000] {dag.py:3239} INFO - Sync 1 DAGs
[2026-01-28T09:59:14.746+0000] {logging_mixin.py:190} INFO - [2026-01-28T09:59:14.746+0000] {dag.py:4180} INFO - Setting next_dagrun for daily_motivation_and_playlist to 2026-01-28 07:00:00+00:00, run_after=2026-01-29 07:00:00+00:00
[2026-01-28T09:59:14.751+0000] {processor.py:208} INFO - Processing /opt/airflow/dags/daily_motivation_playlist.py took 0.029 seconds
[2026-01-28T09:59:45.013+0000] {processor.py:186} INFO - Started process (PID=158) to work on /opt/airflow/dags/daily_motivation_playlist.py
[2026-01-28T09:59:45.013+0000] {processor.py:914} INFO - Processing file /opt/airflow/dags/daily_motivation_playlist.py for tasks to queue
[2026-01-28T09:59:45.014+0000] {logging_mixin.py:190} INFO - [2026-01-28T09:59:45.014+0000] {dagbag.py:588} INFO - Filling up the DagBag from /opt/airflow/dags/daily_motivation_playlist.py
[2026-01-28T09:59:45.019+0000] {processor.py:925} INFO - DAG(s) 'daily_motivation_and_playlist' retrieved from /opt/airflow/dags/daily_motivation_playlist.py
[2026-01-28T09:59:45.029+0000] {logging_mixin.py:190} INFO - [2026-01-28T09:59:45.028+0000] {dag.py:3239} INFO - Sync 1 DAGs
[2026-01-28T09:59:45.037+0000] {logging_mixin.py:190} INFO - [2026-01-28T09:59:45.037+0000] {dag.py:4180} INFO - Setting next_dagrun for daily_motivation_and_playlist to 2026-01-28 07:00:00+00:00, run_after=2026-01-29 07:00:00+00:00
[2026-01-28T09:59:45.042+0000] {processor.py:208} INFO - Processing /opt/airflow/dags/daily_motivation_playlist.py took 0.031 seconds
[2026-01-28T10:00:15.352+0000] {processor.py:186} INFO - Started process (PID=185) to work on /opt/airflow/dags/daily_motivation_playlist.py
[2026-01-28T10:00:15.353+0000] {processor.py:914} INFO - Processing file /opt/airflow/dags/daily_motivation_playlist.py for tasks to queue
[2026-01-28T10:00:15.353+0000] {logging_mixin.py:190} INFO - [2026-01-28T10:00:15.353+0000] {dagbag.py:588} INFO - Filling up the DagBag from /opt/airflow/dags/daily_motivation_playlist.py
[2026-01-28T10:00:15.358+0000] {processor.py:925} INFO - DAG(s) 'daily_motivation_and_playlist' retrieved from /opt/airflow/dags/daily_motivation_playlist.py
[2026-01-28T10:00:15.367+0000] {logging_mixin.py:190} INFO - [2026-01-28T10:00:15.367+0000] {dag.py:3239} INFO - Sync 1 DAGs
[2026-01-28T10:00:15.374+0000] {logging_mixin.py:190} INFO - [2026-01-28T10:00:15.374+0000] {dag.py:4180} INFO - Setting next_dagrun for daily_motivation_and_playlist to 2026-01-28 07:00:00+00:00, run_after=2026-01-29 07:00:00+00:00
[2026-01-28T10:00:15.379+0000] {processor.py:208} INFO - Processing /opt/airflow/dags/daily_motivation_playlist.py took 0.029 seconds
[2026-01-28T10:00:45.646+0000] {processor.py:186} INFO - Started process (PID=208) to work on /opt/airflow/dags/daily_motivation_playlist.py
[2026-01-28T10:00:45.647+0000] {processor.py:914} INFO - Processing file /opt/airflow/dags/daily_motivation_playlist.py for tasks to queue
[2026-01-28T10:00:45.647+0000] {logging_mixin.py:190} INFO - [2026-01-28T10:00:45.647+0000] {dagbag.py:588} INFO - Filling up the DagBag from /opt/airflow/dags/daily_motivation_playlist.py
[2026-01-28T10:00:45.653+0000] {processor.py:925} INFO - DAG(s) 'daily_motivation_and_playlist' retrieved from /opt/airflow/dags/daily_motivation_playlist.py
[2026-01-28T10:00:45.663+0000] {logging_mixin.py:190} INFO - [2026-01-28T10:00:45.663+0000] {dag.py:3239} INFO - Sync 1 DAGs
[2026-01-28T10:00:45.671+0000] {logging_mixin.py:190} INFO - [2026-01-28T10:00:45.671+0000] {dag.py:4180} INFO - Setting next_dagrun for daily_motivation_and_playlist to 2026-01-28 07:00:00+00:00, run_after=2026-01-29 07:00:00+00:00
[2026-01-28T10:00:45.677+0000] {processor.py:208} INFO - Processing /opt/airflow/dags/daily_motivation_playlist.py took 0.033 seconds
[2026-01-28T10:01:16.119+0000] {processor.py:186} INFO - Started process (PID=217) to work on /opt/airflow/dags/daily_motivation_playlist.py
[2026-01-28T10:01:16.119+0000] {processor.py:914} INFO - Processing file /opt/airflow/dags/daily_motivation_playlist.py for tasks to queue
[2026-01-28T10:01:16.120+0000] {logging_mixin.py:190} INFO - [2026-01-28T10:01:16.120+0000] {dagbag.py:588} INFO - Filling up the DagBag from /opt/airflow/dags/daily_motivation_playlist.py
[2026-01-28T10:01:16.124+0000] {processor.py:925} INFO - DAG(s) 'daily_motivation_and_playlist' retrieved from /opt/airflow/dags/daily_motivation_playlist.py
[2026-01-28T10:01:16.132+0000] {logging_mixin.py:190} INFO - [2026-01-28T10:01:16.132+0000] {dag.py:3239} INFO - Sync 1 DAGs
[2026-01-28T10:01:16.198+0000] {logging_mixin.py:190} INFO - [2026-01-28T10:01:16.198+0000] {dag.py:4180} INFO - Setting next_dagrun for daily_motivation_and_playlist to 2026-01-28 07:00:00+00:00, run_after=2026-01-29 07:00:00+00:00
[2026-01-28T10:01:16.203+0000] {processor.py:208} INFO - Processing /opt/airflow/dags/daily_motivation_playlist.py took 0.086 seconds
[2026-01-28T10:01:46.614+0000] {processor.py:186} INFO - Started process (PID=226) to work on /opt/airflow/dags/daily_motivation_playlist.py
[2026-01-28T10:01:46.615+0000] {processor.py:914} INFO - Processing file /opt/airflow/dags/daily_motivation_playlist.py for tasks to queue
[2026-01-28T10:01:46.615+0000] {logging_mixin.py:190} INFO - [2026-01-28T10:01:46.615+0000] {dagbag.py:588} INFO - Filling up the DagBag from /opt/airflow/dags/daily_motivation_playlist.py
[2026-01-28T10:01:46.620+0000] {processor.py:925} INFO - DAG(s) 'daily_motivation_and_playlist' retrieved from /opt/airflow/dags/daily_motivation_playlist.py
[2026-01-28T10:01:46.631+0000] {logging_mixin.py:190} INFO - [2026-01-28T10:01:46.631+0000] {dag.py:3239} INFO - Sync 1 DAGs
[2026-01-28T10:01:46.638+0000] {logging_mixin.py:190} INFO - [2026-01-28T10:01:46.638+0000] {dag.py:4180} INFO - Setting next_dagrun for daily_motivation_and_playlist to 2026-01-28 07:00:00+00:00, run_after=2026-01-29 07:00:00+00:00
[2026-01-28T10:01:46.643+0000] {processor.py:208} INFO - Processing /opt/airflow/dags/daily_motivation_playlist.py took 0.032 seconds
[2026-01-28T10:02:16.976+0000] {processor.py:186} INFO - Started process (PID=235) to work on /opt/airflow/dags/daily_motivation_playlist.py
[2026-01-28T10:02:16.977+0000] {processor.py:914} INFO - Processing file /opt/airflow/dags/daily_motivation_playlist.py for tasks to queue
[2026-01-28T10:02:16.978+0000] {logging_mixin.py:190} INFO - [2026-01-28T10:02:16.978+0000] {dagbag.py:588} INFO - Filling up the DagBag from /opt/airflow/dags/daily_motivation_playlist.py
[2026-01-28T10:02:16.982+0000] {processor.py:925} INFO - DAG(s) 'daily_motivation_and_playlist' retrieved from /opt/airflow/dags/daily_motivation_playlist.py
[2026-01-28T10:02:16.991+0000] {logging_mixin.py:190} INFO - [2026-01-28T10:02:16.991+0000] {dag.py:3239} INFO - Sync 1 DAGs
[2026-01-28T10:02:16.998+0000] {logging_mixin.py:190} INFO - [2026-01-28T10:02:16.998+0000] {dag.py:4180} INFO - Setting next_dagrun for daily_motivation_and_playlist to 2026-01-28 07:00:00+00:00, run_after=2026-01-29 07:00:00+00:00
[2026-01-28T10:02:17.002+0000] {processor.py:208} INFO - Processing /opt/airflow/dags/daily_motivation_playlist.py took 0.029 seconds
[2026-01-28T10:02:47.415+0000] {processor.py:186} INFO - Started process (PID=244) to work on /opt/airflow/dags/daily_motivation_playlist.py
[2026-01-28T10:02:47.416+0000] {processor.py:914} INFO - Processing file /opt/airflow/dags/daily_motivation_playlist.py for tasks to queue
[2026-01-28T10:02:47.417+0000] {logging_mixin.py:190} INFO - [2026-01-28T10:02:47.416+0000] {dagbag.py:588} INFO - Filling up the DagBag from /opt/airflow/dags/daily_motivation_playlist.py
[2026-01-28T10:02:47.421+0000] {processor.py:925} INFO - DAG(s) 'daily_motivation_and_playlist' retrieved from /opt/airflow/dags/daily_motivation_playlist.py
[2026-01-28T10:02:47.429+0000] {logging_mixin.py:190} INFO - [2026-01-28T10:02:47.429+0000] {dag.py:3239} INFO - Sync 1 DAGs
[2026-01-28T10:02:47.495+0000] {logging_mixin.py:190} INFO - [2026-01-28T10:02:47.495+0000] {dag.py:4180} INFO - Setting next_dagrun for daily_motivation_and_playlist to 2026-01-28 07:00:00+00:00, run_after=2026-01-29 07:00:00+00:00
[2026-01-28T10:02:47.499+0000] {processor.py:208} INFO - Processing /opt/airflow/dags/daily_motivation_playlist.py took 0.086 seconds
[2026-01-28T10:03:17.852+0000] {processor.py:186} INFO - Started process (PID=252) to work on /opt/airflow/dags/daily_motivation_playlist.py
[2026-01-28T10:03:17.852+0000] {processor.py:914} INFO - Processing file /opt/airflow/dags/daily_motivation_playlist.py for tasks to queue
[2026-01-28T10:03:17.853+0000] {logging_mixin.py:190} INFO - [2026-01-28T10:03:17.853+0000] {dagbag.py:588} INFO - Filling up the DagBag from /opt/airflow/dags/daily_motivation_playlist.py
[2026-01-28T10:03:17.857+0000] {processor.py:925} INFO - DAG(s) 'daily_motivation_and_playlist' retrieved from /opt/airflow/dags/daily_motivation_playlist.py
[2026-01-28T10:03:17.866+0000] {logging_mixin.py:190} INFO - [2026-01-28T10:03:17.866+0000] {dag.py:3239} INFO - Sync 1 DAGs
[2026-01-28T10:03:17.872+0000] {logging_mixin.py:190} INFO - [2026-01-28T10:03:17.872+0000] {dag.py:4180} INFO - Setting next_dagrun for daily_motivation_and_playlist to 2026-01-28 07:00:00+00:00, run_after=2026-01-29 07:00:00+00:00
[2026-01-28T10:03:17.877+0000] {processor.py:208} INFO - Processing /opt/airflow/dags/daily_motivation_playlist.py took 0.027 seconds
[2026-01-28T10:03:48.252+0000] {processor.py:186} INFO - Started process (PID=261) to work on /opt/airflow/dags/daily_motivation_playlist.py
[2026-01-28T10:03:48.252+0000] {processor.py:914} INFO - Processing file /opt/airflow/dags/daily_motivation_playlist.py for tasks to queue
[2026-01-28T10:03:48.253+0000] {logging_mixin.py:190} INFO - [2026-01-28T10:03:48.253+0000] {dagbag.py:588} INFO - Filling up the DagBag from /opt/airflow/dags/daily_motivation_playlist.py
[2026-01-28T10:03:48.257+0000] {processor.py:925} INFO - DAG(s) 'daily_motivation_and_playlist' retrieved from /opt/airflow/dags/daily_motivation_playlist.py
[2026-01-28T10:03:48.265+0000] {logging_mixin.py:190} INFO - [2026-01-28T10:03:48.265+0000] {dag.py:3239} INFO - Sync 1 DAGs
[2026-01-28T10:03:48.272+0000] {logging_mixin.py:190} INFO - [2026-01-28T10:03:48.272+0000] {dag.py:4180} INFO - Setting next_dagrun for daily_motivation_and_playlist to 2026-01-28 07:00:00+00:00, run_after=2026-01-29 07:00:00+00:00
[2026-01-28T10:03:48.277+0000] {processor.py:208} INFO - Processing /opt/airflow/dags/daily_motivation_playlist.py took 0.028 seconds
[2026-01-28T10:04:18.720+0000] {processor.py:186} INFO - Started process (PID=270) to work on /opt/airflow/dags/daily_motivation_playlist.py
[2026-01-28T10:04:18.720+0000] {processor.py:914} INFO - Processing file /opt/airflow/dags/daily_motivation_playlist.py for tasks to queue
[2026-01-28T10:04:18.721+0000] {logging_mixin.py:190} INFO - [2026-01-28T10:04:18.721+0000] {dagbag.py:588} INFO - Filling up the DagBag from /opt/airflow/dags/daily_motivation_playlist.py
[2026-01-28T10:04:18.725+0000] {processor.py:925} INFO - DAG(s) 'daily_motivation_and_playlist' retrieved from /opt/airflow/dags/daily_motivation_playlist.py
[2026-01-28T10:04:18.733+0000] {logging_mixin.py:190} INFO - [2026-01-28T10:04:18.733+0000] {dag.py:3239} INFO - Sync 1 DAGs
[2026-01-28T10:04:18.797+0000] {logging_mixin.py:190} INFO - [2026-01-28T10:04:18.797+0000] {dag.py:4180} INFO - Setting next_dagrun for daily_motivation_and_playlist to 2026-01-28 07:00:00+00:00, run_after=2026-01-29 07:00:00+00:00
[2026-01-28T10:04:18.802+0000] {processor.py:208} INFO - Processing /opt/airflow/dags/daily_motivation_playlist.py took 0.085 seconds
[2026-01-28T10:04:49.347+0000] {processor.py:186} INFO - Started process (PID=279) to work on /opt/airflow/dags/daily_motivation_playlist.py
[2026-01-28T10:04:49.348+0000] {processor.py:914} INFO - Processing file /opt/airflow/dags/daily_motivation_playlist.py for tasks to queue
[2026-01-28T10:04:49.349+0000] {logging_mixin.py:190} INFO - [2026-01-28T10:04:49.349+0000] {dagbag.py:588} INFO - Filling up the DagBag from /opt/airflow/dags/daily_motivation_playlist.py
[2026-01-28T10:04:49.363+0000] {processor.py:925} INFO - DAG(s) 'daily_motivation_and_playlist' retrieved from /opt/airflow/dags/daily_motivation_playlist.py
[2026-01-28T10:04:49.392+0000] {logging_mixin.py:190} INFO - [2026-01-28T10:04:49.391+0000] {dag.py:3239} INFO - Sync 1 DAGs
[2026-01-28T10:04:49.412+0000] {logging_mixin.py:190} INFO - [2026-01-28T10:04:49.412+0000] {dag.py:4180} INFO - Setting next_dagrun for daily_motivation_and_playlist to 2026-01-28 07:00:00+00:00, run_after=2026-01-29 07:00:00+00:00
[2026-01-28T10:04:49.434+0000] {processor.py:208} INFO - Processing /opt/airflow/dags/daily_motivation_playlist.py took 0.092 seconds
[2026-01-28T10:05:19.715+0000] {processor.py:186} INFO - Started process (PID=287) to work on /opt/airflow/dags/daily_motivation_playlist.py
[2026-01-28T10:05:19.716+0000] {processor.py:914} INFO - Processing file /opt/airflow/dags/daily_motivation_playlist.py for tasks to queue
[2026-01-28T10:05:19.716+0000] {logging_mixin.py:190} INFO - [2026-01-28T10:05:19.716+0000] {dagbag.py:588} INFO - Filling up the DagBag from /opt/airflow/dags/daily_motivation_playlist.py
[2026-01-28T10:05:19.721+0000] {processor.py:925} INFO - DAG(s) 'daily_motivation_and_playlist' retrieved from /opt/airflow/dags/daily_motivation_playlist.py
[2026-01-28T10:05:19.729+0000] {logging_mixin.py:190} INFO - [2026-01-28T10:05:19.729+0000] {dag.py:3239} INFO - Sync 1 DAGs
[2026-01-28T10:05:19.736+0000] {logging_mixin.py:190} INFO - [2026-01-28T10:05:19.736+0000] {dag.py:4180} INFO - Setting next_dagrun for daily_motivation_and_playlist to 2026-01-28 07:00:00+00:00, run_after=2026-01-29 07:00:00+00:00
[2026-01-28T10:05:19.741+0000] {processor.py:208} INFO - Processing /opt/airflow/dags/daily_motivation_playlist.py took 0.028 seconds
[2026-01-28T10:05:50.162+0000] {processor.py:186} INFO - Started process (PID=302) to work on /opt/airflow/dags/daily_motivation_playlist.py
[2026-01-28T10:05:50.162+0000] {processor.py:914} INFO - Processing file /opt/airflow/dags/daily_motivation_playlist.py for tasks to queue
[2026-01-28T10:05:50.163+0000] {logging_mixin.py:190} INFO - [2026-01-28T10:05:50.163+0000] {dagbag.py:588} INFO - Filling up the DagBag from /opt/airflow/dags/daily_motivation_playlist.py
[2026-01-28T10:05:50.167+0000] {processor.py:925} INFO - DAG(s) 'daily_motivation_and_playlist' retrieved from /opt/airflow/dags/daily_motivation_playlist.py
[2026-01-28T10:05:50.175+0000] {logging_mixin.py:190} INFO - [2026-01-28T10:05:50.175+0000] {dag.py:3239} INFO - Sync 1 DAGs
[2026-01-28T10:05:50.239+0000] {logging_mixin.py:190} INFO - [2026-01-28T10:05:50.239+0000] {dag.py:4180} INFO - Setting next_dagrun for daily_motivation_and_playlist to 2026-01-28 07:00:00+00:00, run_after=2026-01-29 07:00:00+00:00
[2026-01-28T10:05:50.244+0000] {processor.py:208} INFO - Processing /opt/airflow/dags/daily_motivation_playlist.py took 0.084 seconds
[2026-01-28T10:06:20.601+0000] {processor.py:186} INFO - Started process (PID=311) to work on /opt/airflow/dags/daily_motivation_playlist.py
[2026-01-28T10:06:20.601+0000] {processor.py:914} INFO - Processing file /opt/airflow/dags/daily_motivation_playlist.py for tasks to queue
[2026-01-28T10:06:20.602+0000] {logging_mixin.py:190} INFO - [2026-01-28T10:06:20.602+0000] {dagbag.py:588} INFO - Filling up the DagBag from /opt/airflow/dags/daily_motivation_playlist.py
[2026-01-28T10:06:20.606+0000] {processor.py:925} INFO - DAG(s) 'daily_motivation_and_playlist' retrieved from /opt/airflow/dags/daily_motivation_playlist.py
[2026-01-28T10:06:20.675+0000] {logging_mixin.py:190} INFO - [2026-01-28T10:06:20.675+0000] {dag.py:3239} INFO - Sync 1 DAGs
[2026-01-28T10:06:20.681+0000] {logging_mixin.py:190} INFO - [2026-01-28T10:06:20.681+0000] {dag.py:4180} INFO - Setting next_dagrun for daily_motivation_and_playlist to 2026-01-28 07:00:00+00:00, run_after=2026-01-29 07:00:00+00:00
[2026-01-28T10:06:20.686+0000] {processor.py:208} INFO - Processing /opt/airflow/dags/daily_motivation_playlist.py took 0.087 seconds
[2026-01-28T10:06:50.948+0000] {processor.py:186} INFO - Started process (PID=320) to work on /opt/airflow/dags/daily_motivation_playlist.py
[2026-01-28T10:06:50.948+0000] {processor.py:914} INFO - Processing file /opt/airflow/dags/daily_motivation_playlist.py for tasks to queue
[2026-01-28T10:06:50.949+0000] {logging_mixin.py:190} INFO - [2026-01-28T10:06:50.949+0000] {dagbag.py:588} INFO - Filling up the DagBag from /opt/airflow/dags/daily_motivation_playlist.py
[2026-01-28T10:06:50.954+0000] {processor.py:925} INFO - DAG(s) 'daily_motivation_and_playlist' retrieved from /opt/airflow/dags/daily_motivation_playlist.py
[2026-01-28T10:06:50.962+0000] {logging_mixin.py:190} INFO - [2026-01-28T10:06:50.962+0000] {dag.py:3239} INFO - Sync 1 DAGs
[2026-01-28T10:06:50.970+0000] {logging_mixin.py:190} INFO - [2026-01-28T10:06:50.970+0000] {dag.py:4180} INFO - Setting next_dagrun for daily_motivation_and_playlist to 2026-01-28 07:00:00+00:00, run_after=2026-01-29 07:00:00+00:00
[2026-01-28T10:06:50.974+0000] {processor.py:208} INFO - Processing /opt/airflow/dags/daily_motivation_playlist.py took 0.028 seconds
[2026-01-28T10:07:21.309+0000] {processor.py:186} INFO - Started process (PID=329) to work on /opt/airflow/dags/daily_motivation_playlist.py
[2026-01-28T10:07:21.309+0000] {processor.py:914} INFO - Processing file /opt/airflow/dags/daily_motivation_playlist.py for tasks to queue
[2026-01-28T10:07:21.310+0000] {logging_mixin.py:190} INFO - [2026-01-28T10:07:21.310+0000] {dagbag.py:588} INFO - Filling up the DagBag from /opt/airflow/dags/daily_motivation_playlist.py
[2026-01-28T10:07:21.314+0000] {processor.py:925} INFO - DAG(s) 'daily_motivation_and_playlist' retrieved from /opt/airflow/dags/daily_motivation_playlist.py
[2026-01-28T10:07:21.322+0000] {logging_mixin.py:190} INFO - [2026-01-28T10:07:21.322+0000] {dag.py:3239} INFO - Sync 1 DAGs
[2026-01-28T10:07:21.383+0000] {logging_mixin.py:190} INFO - [2026-01-28T10:07:21.383+0000] {dag.py:4180} INFO - Setting next_dagrun for daily_motivation_and_playlist to 2026-01-28 07:00:00+00:00, run_after=2026-01-29 07:00:00+00:00
[2026-01-28T10:07:21.388+0000] {processor.py:208} INFO - Processing /opt/airflow/dags/daily_motivation_playlist.py took 0.082 seconds
[2026-01-28T10:07:51.691+0000] {processor.py:186} INFO - Started process (PID=338) to work on /opt/airflow/dags/daily_motivation_playlist.py
[2026-01-28T10:07:51.691+0000] {processor.py:914} INFO - Processing file /opt/airflow/dags/daily_motivation_playlist.py for tasks to queue
[2026-01-28T10:07:51.692+0000] {logging_mixin.py:190} INFO - [2026-01-28T10:07:51.691+0000] {dagbag.py:588} INFO - Filling up the DagBag from /opt/airflow/dags/daily_motivation_playlist.py
[2026-01-28T10:07:51.696+0000] {processor.py:925} INFO - DAG(s) 'daily_motivation_and_playlist' retrieved from /opt/airflow/dags/daily_motivation_playlist.py
[2026-01-28T10:07:51.762+0000] {logging_mixin.py:190} INFO - [2026-01-28T10:07:51.762+0000] {dag.py:3239} INFO - Sync 1 DAGs
[2026-01-28T10:07:51.768+0000] {logging_mixin.py:190} INFO - [2026-01-28T10:07:51.768+0000] {dag.py:4180} INFO - Setting next_dagrun for daily_motivation_and_playlist to 2026-01-28 07:00:00+00:00, run_after=2026-01-29 07:00:00+00:00
[2026-01-28T10:07:51.773+0000] {processor.py:208} INFO - Processing /opt/airflow/dags/daily_motivation_playlist.py took 0.085 seconds
[2026-01-28T10:08:22.047+0000] {processor.py:186} INFO - Started process (PID=347) to work on /opt/airflow/dags/daily_motivation_playlist.py
[2026-01-28T10:08:22.048+0000] {processor.py:914} INFO - Processing file /opt/airflow/dags/daily_motivation_playlist.py for tasks to queue
[2026-01-28T10:08:22.048+0000] {logging_mixin.py:190} INFO - [2026-01-28T10:08:22.048+0000] {dagbag.py:588} INFO - Filling up the DagBag from /opt/airflow/dags/daily_motivation_playlist.py
[2026-01-28T10:08:22.053+0000] {processor.py:925} INFO - DAG(s) 'daily_motivation_and_playlist' retrieved from /opt/airflow/dags/daily_motivation_playlist.py
[2026-01-28T10:08:22.063+0000] {logging_mixin.py:190} INFO - [2026-01-28T10:08:22.063+0000] {dag.py:3239} INFO - Sync 1 DAGs
[2026-01-28T10:08:22.071+0000] {logging_mixin.py:190} INFO - [2026-01-28T10:08:22.071+0000] {dag.py:4180} INFO - Setting next_dagrun for daily_motivation_and_playlist to 2026-01-28 07:00:00+00:00, run_after=2026-01-29 07:00:00+00:00
[2026-01-28T10:08:22.076+0000] {processor.py:208} INFO - Processing /opt/airflow/dags/daily_motivation_playlist.py took 0.032 seconds
[2026-01-28T10:08:52.504+0000] {processor.py:186} INFO - Started process (PID=356) to work on /opt/airflow/dags/daily_motivation_playlist.py
[2026-01-28T10:08:52.504+0000] {processor.py:914} INFO - Processing file /opt/airflow/dags/daily_motivation_playlist.py for tasks to queue
[2026-01-28T10:08:52.505+0000] {logging_mixin.py:190} INFO - [2026-01-28T10:08:52.504+0000] {dagbag.py:588} INFO - Filling up the DagBag from /opt/airflow/dags/daily_motivation_playlist.py
[2026-01-28T10:08:52.508+0000] {processor.py:925} INFO - DAG(s) 'daily_motivation_and_playlist' retrieved from /opt/airflow/dags/daily_motivation_playlist.py
[2026-01-28T10:08:52.517+0000] {logging_mixin.py:190} INFO - [2026-01-28T10:08:52.517+0000] {dag.py:3239} INFO - Sync 1 DAGs
[2026-01-28T10:08:52.581+0000] {logging_mixin.py:190} INFO - [2026-01-28T10:08:52.581+0000] {dag.py:4180} INFO - Setting next_dagrun for daily_motivation_and_playlist to 2026-01-28 07:00:00+00:00, run_after=2026-01-29 07:00:00+00:00
[2026-01-28T10:08:52.586+0000] {processor.py:208} INFO - Processing /opt/airflow/dags/daily_motivation_playlist.py took 0.084 seconds
[2026-01-28T10:09:22.897+0000] {processor.py:186} INFO - Started process (PID=365) to work on /opt/airflow/dags/daily_motivation_playlist.py
[2026-01-28T10:09:22.897+0000] {processor.py:914} INFO - Processing file /opt/airflow/dags/daily_motivation_playlist.py for tasks to queue
[2026-01-28T10:09:22.898+0000] {logging_mixin.py:190} INFO - [2026-01-28T10:09:22.898+0000] {dagbag.py:588} INFO - Filling up the DagBag from /opt/airflow/dags/daily_motivation_playlist.py
[2026-01-28T10:09:22.902+0000] {processor.py:925} INFO - DAG(s) 'daily_motivation_and_playlist' retrieved from /opt/airflow/dags/daily_motivation_playlist.py
[2026-01-28T10:09:22.967+0000] {logging_mixin.py:190} INFO - [2026-01-28T10:09:22.967+0000] {dag.py:3239} INFO - Sync 1 DAGs
[2026-01-28T10:09:22.973+0000] {logging_mixin.py:190} INFO - [2026-01-28T10:09:22.973+0000] {dag.py:4180} INFO - Setting next_dagrun for daily_motivation_and_playlist to 2026-01-28 07:00:00+00:00, run_after=2026-01-29 07:00:00+00:00
[2026-01-28T10:09:22.978+0000] {processor.py:208} INFO - Processing /opt/airflow/dags/daily_motivation_playlist.py took 0.083 seconds
[2026-01-28T10:09:53.241+0000] {processor.py:186} INFO - Started process (PID=374) to work on /opt/airflow/dags/daily_motivation_playlist.py
[2026-01-28T10:09:53.241+0000] {processor.py:914} INFO - Processing file /opt/airflow/dags/daily_motivation_playlist.py for tasks to queue
[2026-01-28T10:09:53.242+0000] {logging_mixin.py:190} INFO - [2026-01-28T10:09:53.242+0000] {dagbag.py:588} INFO - Filling up the DagBag from /opt/airflow/dags/daily_motivation_playlist.py
[2026-01-28T10:09:53.246+0000] {processor.py:925} INFO - DAG(s) 'daily_motivation_and_playlist' retrieved from /opt/airflow/dags/daily_motivation_playlist.py
[2026-01-28T10:09:53.255+0000] {logging_mixin.py:190} INFO - [2026-01-28T10:09:53.255+0000] {dag.py:3239} INFO - Sync 1 DAGs
[2026-01-28T10:09:53.262+0000] {logging_mixin.py:190} INFO - [2026-01-28T10:09:53.262+0000] {dag.py:4180} INFO - Setting next_dagrun for daily_motivation_and_playlist to 2026-01-28 07:00:00+00:00, run_after=2026-01-29 07:00:00+00:00
[2026-01-28T10:09:53.267+0000] {processor.py:208} INFO - Processing /opt/airflow/dags/daily_motivation_playlist.py took 0.028 seconds
[2026-01-28T10:10:23.664+0000] {processor.py:186} INFO - Started process (PID=383) to work on /opt/airflow/dags/daily_motivation_playlist.py
[2026-01-28T10:10:23.664+0000] {processor.py:914} INFO - Processing file /opt/airflow/dags/daily_motivation_playlist.py for tasks to queue
[2026-01-28T10:10:23.665+0000] {logging_mixin.py:190} INFO - [2026-01-28T10:10:23.665+0000] {dagbag.py:588} INFO - Filling up the DagBag from /opt/airflow/dags/daily_motivation_playlist.py
[2026-01-28T10:10:23.669+0000] {processor.py:925} INFO - DAG(s) 'daily_motivation_and_playlist' retrieved from /opt/airflow/dags/daily_motivation_playlist.py
[2026-01-28T10:10:23.678+0000] {logging_mixin.py:190} INFO - [2026-01-28T10:10:23.678+0000] {dag.py:3239} INFO - Sync 1 DAGs
[2026-01-28T10:10:23.740+0000] {logging_mixin.py:190} INFO - [2026-01-28T10:10:23.740+0000] {dag.py:4180} INFO - Setting next_dagrun for daily_motivation_and_playlist to 2026-01-28 07:00:00+00:00, run_after=2026-01-29 07:00:00+00:00
[2026-01-28T10:10:23.745+0000] {processor.py:208} INFO - Processing /opt/airflow/dags/daily_motivation_playlist.py took 0.083 seconds
[2026-01-28T10:10:54.059+0000] {processor.py:186} INFO - Started process (PID=392) to work on /opt/airflow/dags/daily_motivation_playlist.py
[2026-01-28T10:10:54.059+0000] {processor.py:914} INFO - Processing file /opt/airflow/dags/daily_motivation_playlist.py for tasks to queue
[2026-01-28T10:10:54.060+0000] {logging_mixin.py:190} INFO - [2026-01-28T10:10:54.060+0000] {dagbag.py:588} INFO - Filling up the DagBag from /opt/airflow/dags/daily_motivation_playlist.py
[2026-01-28T10:10:54.064+0000] {processor.py:925} INFO - DAG(s) 'daily_motivation_and_playlist' retrieved from /opt/airflow/dags/daily_motivation_playlist.py
[2026-01-28T10:10:54.142+0000] {logging_mixin.py:190} INFO - [2026-01-28T10:10:54.142+0000] {dag.py:3239} INFO - Sync 1 DAGs
[2026-01-28T10:10:54.150+0000] {logging_mixin.py:190} INFO - [2026-01-28T10:10:54.149+0000] {dag.py:4180} INFO - Setting next_dagrun for daily_motivation_and_playlist to 2026-01-28 07:00:00+00:00, run_after=2026-01-29 07:00:00+00:00
[2026-01-28T10:10:54.155+0000] {processor.py:208} INFO - Processing /opt/airflow/dags/daily_motivation_playlist.py took 0.098 seconds
[2026-01-28T10:11:24.259+0000] {processor.py:186} INFO - Started process (PID=401) to work on /opt/airflow/dags/daily_motivation_playlist.py
[2026-01-28T10:11:24.259+0000] {processor.py:914} INFO - Processing file /opt/airflow/dags/daily_motivation_playlist.py for tasks to queue
[2026-01-28T10:11:24.260+0000] {logging_mixin.py:190} INFO - [2026-01-28T10:11:24.260+0000] {dagbag.py:588} INFO - Filling up the DagBag from /opt/airflow/dags/daily_motivation_playlist.py
[2026-01-28T10:11:24.265+0000] {processor.py:925} INFO - DAG(s) 'daily_motivation_and_playlist' retrieved from /opt/airflow/dags/daily_motivation_playlist.py
[2026-01-28T10:11:24.275+0000] {logging_mixin.py:190} INFO - [2026-01-28T10:11:24.275+0000] {dag.py:3239} INFO - Sync 1 DAGs
[2026-01-28T10:11:24.284+0000] {logging_mixin.py:190} INFO - [2026-01-28T10:11:24.284+0000] {dag.py:4180} INFO - Setting next_dagrun for daily_motivation_and_playlist to 2026-01-28 07:00:00+00:00, run_after=2026-01-29 07:00:00+00:00
[2026-01-28T10:11:24.289+0000] {processor.py:208} INFO - Processing /opt/airflow/dags/daily_motivation_playlist.py took 0.033 seconds
[2026-01-28T10:11:54.755+0000] {processor.py:186} INFO - Started process (PID=410) to work on /opt/airflow/dags/daily_motivation_playlist.py
[2026-01-28T10:11:54.756+0000] {processor.py:914} INFO - Processing file /opt/airflow/dags/daily_motivation_playlist.py for tasks to queue
[2026-01-28T10:11:54.764+0000] {logging_mixin.py:190} INFO - [2026-01-28T10:11:54.763+0000] {dagbag.py:588} INFO - Filling up the DagBag from /opt/airflow/dags/daily_motivation_playlist.py
[2026-01-28T10:11:54.779+0000] {processor.py:925} INFO - DAG(s) 'daily_motivation_and_playlist' retrieved from /opt/airflow/dags/daily_motivation_playlist.py
[2026-01-28T10:11:54.790+0000] {logging_mixin.py:190} INFO - [2026-01-28T10:11:54.790+0000] {dag.py:3239} INFO - Sync 1 DAGs
[2026-01-28T10:11:54.871+0000] {logging_mixin.py:190} INFO - [2026-01-28T10:11:54.871+0000] {dag.py:4180} INFO - Setting next_dagrun for daily_motivation_and_playlist to 2026-01-28 07:00:00+00:00, run_after=2026-01-29 07:00:00+00:00
[2026-01-28T10:11:54.876+0000] {processor.py:208} INFO - Processing /opt/airflow/dags/daily_motivation_playlist.py took 0.123 seconds
[2026-01-28T10:12:25.200+0000] {processor.py:186} INFO - Started process (PID=419) to work on /opt/airflow/dags/daily_motivation_playlist.py
[2026-01-28T10:12:25.201+0000] {processor.py:914} INFO - Processing file /opt/airflow/dags/daily_motivation_playlist.py for tasks to queue
[2026-01-28T10:12:25.201+0000] {logging_mixin.py:190} INFO - [2026-01-28T10:12:25.201+0000] {dagbag.py:588} INFO - Filling up the DagBag from /opt/airflow/dags/daily_motivation_playlist.py
[2026-01-28T10:12:25.206+0000] {processor.py:925} INFO - DAG(s) 'daily_motivation_and_playlist' retrieved from /opt/airflow/dags/daily_motivation_playlist.py
[2026-01-28T10:12:25.271+0000] {logging_mixin.py:190} INFO - [2026-01-28T10:12:25.271+0000] {dag.py:3239} INFO - Sync 1 DAGs
[2026-01-28T10:12:25.278+0000] {logging_mixin.py:190} INFO - [2026-01-28T10:12:25.278+0000] {dag.py:4180} INFO - Setting next_dagrun for daily_motivation_and_playlist to 2026-01-28 07:00:00+00:00, run_after=2026-01-29 07:00:00+00:00
[2026-01-28T10:12:25.283+0000] {processor.py:208} INFO - Processing /opt/airflow/dags/daily_motivation_playlist.py took 0.085 seconds
[2026-01-28T10:12:55.531+0000] {processor.py:186} INFO - Started process (PID=428) to work on /opt/airflow/dags/daily_motivation_playlist.py
[2026-01-28T10:12:55.531+0000] {processor.py:914} INFO - Processing file /opt/airflow/dags/daily_motivation_playlist.py for tasks to queue
[2026-01-28T10:12:55.532+0000] {logging_mixin.py:190} INFO - [2026-01-28T10:12:55.532+0000] {dagbag.py:588} INFO - Filling up the DagBag from /opt/airflow/dags/daily_motivation_playlist.py
[2026-01-28T10:12:55.536+0000] {processor.py:925} INFO - DAG(s) 'daily_motivation_and_playlist' retrieved from /opt/airflow/dags/daily_motivation_playlist.py
[2026-01-28T10:12:55.545+0000] {logging_mixin.py:190} INFO - [2026-01-28T10:12:55.545+0000] {dag.py:3239} INFO - Sync 1 DAGs
[2026-01-28T10:12:55.553+0000] {logging_mixin.py:190} INFO - [2026-01-28T10:12:55.553+0000] {dag.py:4180} INFO - Setting next_dagrun for daily_motivation_and_playlist to 2026-01-28 07:00:00+00:00, run_after=2026-01-29 07:00:00+00:00
[2026-01-28T10:12:55.557+0000] {processor.py:208} INFO - Processing /opt/airflow/dags/daily_motivation_playlist.py took 0.029 seconds
[2026-01-28T10:13:25.924+0000] {processor.py:186} INFO - Started process (PID=437) to work on /opt/airflow/dags/daily_motivation_playlist.py
[2026-01-28T10:13:25.925+0000] {processor.py:914} INFO - Processing file /opt/airflow/dags/daily_motivation_playlist.py for tasks to queue
[2026-01-28T10:13:25.925+0000] {logging_mixin.py:190} INFO - [2026-01-28T10:13:25.925+0000] {dagbag.py:588} INFO - Filling up the DagBag from /opt/airflow/dags/daily_motivation_playlist.py
[2026-01-28T10:13:25.930+0000] {processor.py:925} INFO - DAG(s) 'daily_motivation_and_playlist' retrieved from /opt/airflow/dags/daily_motivation_playlist.py
[2026-01-28T10:13:25.938+0000] {logging_mixin.py:190} INFO - [2026-01-28T10:13:25.938+0000] {dag.py:3239} INFO - Sync 1 DAGs
[2026-01-28T10:13:26.000+0000] {logging_mixin.py:190} INFO - [2026-01-28T10:13:26.000+0000] {dag.py:4180} INFO - Setting next_dagrun for daily_motivation_and_playlist to 2026-01-28 07:00:00+00:00, run_after=2026-01-29 07:00:00+00:00
[2026-01-28T10:13:26.005+0000] {processor.py:208} INFO - Processing /opt/airflow/dags/daily_motivation_playlist.py took 0.083 seconds
[2026-01-28T10:13:56.367+0000] {processor.py:186} INFO - Started process (PID=446) to work on /opt/airflow/dags/daily_motivation_playlist.py
[2026-01-28T10:13:56.368+0000] {processor.py:914} INFO - Processing file /opt/airflow/dags/daily_motivation_playlist.py for tasks to queue
[2026-01-28T10:13:56.368+0000] {logging_mixin.py:190} INFO - [2026-01-28T10:13:56.368+0000] {dagbag.py:588} INFO - Filling up the DagBag from /opt/airflow/dags/daily_motivation_playlist.py
[2026-01-28T10:13:56.372+0000] {processor.py:925} INFO - DAG(s) 'daily_motivation_and_playlist' retrieved from /opt/airflow/dags/daily_motivation_playlist.py
[2026-01-28T10:13:56.437+0000] {logging_mixin.py:190} INFO - [2026-01-28T10:13:56.437+0000] {dag.py:3239} INFO - Sync 1 DAGs
[2026-01-28T10:13:56.443+0000] {logging_mixin.py:190} INFO - [2026-01-28T10:13:56.443+0000] {dag.py:4180} INFO - Setting next_dagrun for daily_motivation_and_playlist to 2026-01-28 07:00:00+00:00, run_after=2026-01-29 07:00:00+00:00
[2026-01-28T10:13:56.448+0000] {processor.py:208} INFO - Processing /opt/airflow/dags/daily_motivation_playlist.py took 0.083 seconds
[2026-01-28T10:14:26.723+0000] {processor.py:186} INFO - Started process (PID=455) to work on /opt/airflow/dags/daily_motivation_playlist.py
[2026-01-28T10:14:26.723+0000] {processor.py:914} INFO - Processing file /opt/airflow/dags/daily_motivation_playlist.py for tasks to queue
[2026-01-28T10:14:26.724+0000] {logging_mixin.py:190} INFO - [2026-01-28T10:14:26.724+0000] {dagbag.py:588} INFO - Filling up the DagBag from /opt/airflow/dags/daily_motivation_playlist.py
[2026-01-28T10:14:26.728+0000] {processor.py:925} INFO - DAG(s) 'daily_motivation_and_playlist' retrieved from /opt/airflow/dags/daily_motivation_playlist.py
[2026-01-28T10:14:26.737+0000] {logging_mixin.py:190} INFO - [2026-01-28T10:14:26.737+0000] {dag.py:3239} INFO - Sync 1 DAGs
[2026-01-28T10:14:26.744+0000] {logging_mixin.py:190} INFO - [2026-01-28T10:14:26.744+0000] {dag.py:4180} INFO - Setting next_dagrun for daily_motivation_and_playlist to 2026-01-28 07:00:00+00:00, run_after=2026-01-29 07:00:00+00:00
[2026-01-28T10:14:26.749+0000] {processor.py:208} INFO - Processing /opt/airflow/dags/daily_motivation_playlist.py took 0.029 seconds
[2026-01-28T10:14:57.069+0000] {processor.py:186} INFO - Started process (PID=464) to work on /opt/airflow/dags/daily_motivation_playlist.py
[2026-01-28T10:14:57.070+0000] {processor.py:914} INFO - Processing file /opt/airflow/dags/daily_motivation_playlist.py for tasks to queue
[2026-01-28T10:14:57.070+0000] {logging_mixin.py:190} INFO - [2026-01-28T10:14:57.070+0000] {dagbag.py:588} INFO - Filling up the DagBag from /opt/airflow/dags/daily_motivation_playlist.py
[2026-01-28T10:14:57.075+0000] {processor.py:925} INFO - DAG(s) 'daily_motivation_and_playlist' retrieved from /opt/airflow/dags/daily_motivation_playlist.py
[2026-01-28T10:14:57.083+0000] {logging_mixin.py:190} INFO - [2026-01-28T10:14:57.083+0000] {dag.py:3239} INFO - Sync 1 DAGs
[2026-01-28T10:14:57.090+0000] {logging_mixin.py:190} INFO - [2026-01-28T10:14:57.090+0000] {dag.py:4180} INFO - Setting next_dagrun for daily_motivation_and_playlist to 2026-01-28 07:00:00+00:00, run_after=2026-01-29 07:00:00+00:00
[2026-01-28T10:14:57.095+0000] {processor.py:208} INFO - Processing /opt/airflow/dags/daily_motivation_playlist.py took 0.028 seconds
[2026-01-28T10:15:27.431+0000] {processor.py:186} INFO - Started process (PID=473) to work on /opt/airflow/dags/daily_motivation_playlist.py
[2026-01-28T10:15:27.431+0000] {processor.py:914} INFO - Processing file /opt/airflow/dags/daily_motivation_playlist.py for tasks to queue
[2026-01-28T10:15:27.432+0000] {logging_mixin.py:190} INFO - [2026-01-28T10:15:27.432+0000] {dagbag.py:588} INFO - Filling up the DagBag from /opt/airflow/dags/daily_motivation_playlist.py
[2026-01-28T10:15:27.436+0000] {processor.py:925} INFO - DAG(s) 'daily_motivation_and_playlist' retrieved from /opt/airflow/dags/daily_motivation_playlist.py
[2026-01-28T10:15:27.445+0000] {logging_mixin.py:190} INFO - [2026-01-28T10:15:27.445+0000] {dag.py:3239} INFO - Sync 1 DAGs
[2026-01-28T10:15:27.452+0000] {logging_mixin.py:190} INFO - [2026-01-28T10:15:27.452+0000] {dag.py:4180} INFO - Setting next_dagrun for daily_motivation_and_playlist to 2026-01-28 07:00:00+00:00, run_after=2026-01-29 07:00:00+00:00
[2026-01-28T10:15:27.457+0000] {processor.py:208} INFO - Processing /opt/airflow/dags/daily_motivation_playlist.py took 0.028 seconds
[2026-01-28T10:15:57.795+0000] {processor.py:186} INFO - Started process (PID=482) to work on /opt/airflow/dags/daily_motivation_playlist.py
[2026-01-28T10:15:57.795+0000] {processor.py:914} INFO - Processing file /opt/airflow/dags/daily_motivation_playlist.py for tasks to queue
[2026-01-28T10:15:57.796+0000] {logging_mixin.py:190} INFO - [2026-01-28T10:15:57.796+0000] {dagbag.py:588} INFO - Filling up the DagBag from /opt/airflow/dags/daily_motivation_playlist.py
[2026-01-28T10:15:57.800+0000] {processor.py:925} INFO - DAG(s) 'daily_motivation_and_playlist' retrieved from /opt/airflow/dags/daily_motivation_playlist.py
[2026-01-28T10:15:57.809+0000] {logging_mixin.py:190} INFO - [2026-01-28T10:15:57.809+0000] {dag.py:3239} INFO - Sync 1 DAGs
[2026-01-28T10:15:57.816+0000] {logging_mixin.py:190} INFO - [2026-01-28T10:15:57.816+0000] {dag.py:4180} INFO - Setting next_dagrun for daily_motivation_and_playlist to 2026-01-28 07:00:00+00:00, run_after=2026-01-29 07:00:00+00:00
[2026-01-28T10:15:57.821+0000] {processor.py:208} INFO - Processing /opt/airflow/dags/daily_motivation_playlist.py took 0.028 seconds
[2026-01-28T10:16:28.170+0000] {processor.py:186} INFO - Started process (PID=491) to work on /opt/airflow/dags/daily_motivation_playlist.py
[2026-01-28T10:16:28.171+0000] {processor.py:914} INFO - Processing file /opt/airflow/dags/daily_motivation_playlist.py for tasks to queue
[2026-01-28T10:16:28.171+0000] {logging_mixin.py:190} INFO - [2026-01-28T10:16:28.171+0000] {dagbag.py:588} INFO - Filling up the DagBag from /opt/airflow/dags/daily_motivation_playlist.py
[2026-01-28T10:16:28.176+0000] {processor.py:925} INFO - DAG(s) 'daily_motivation_and_playlist' retrieved from /opt/airflow/dags/daily_motivation_playlist.py
[2026-01-28T10:16:28.184+0000] {logging_mixin.py:190} INFO - [2026-01-28T10:16:28.184+0000] {dag.py:3239} INFO - Sync 1 DAGs
[2026-01-28T10:16:28.192+0000] {logging_mixin.py:190} INFO - [2026-01-28T10:16:28.192+0000] {dag.py:4180} INFO - Setting next_dagrun for daily_motivation_and_playlist to 2026-01-28 07:00:00+00:00, run_after=2026-01-29 07:00:00+00:00
[2026-01-28T10:16:28.196+0000] {processor.py:208} INFO - Processing /opt/airflow/dags/daily_motivation_playlist.py took 0.028 seconds
[2026-01-28T10:16:58.530+0000] {processor.py:186} INFO - Started process (PID=500) to work on /opt/airflow/dags/daily_motivation_playlist.py
[2026-01-28T10:16:58.531+0000] {processor.py:914} INFO - Processing file /opt/airflow/dags/daily_motivation_playlist.py for tasks to queue
[2026-01-28T10:16:58.532+0000] {logging_mixin.py:190} INFO - [2026-01-28T10:16:58.532+0000] {dagbag.py:588} INFO - Filling up the DagBag from /opt/airflow/dags/daily_motivation_playlist.py
[2026-01-28T10:16:58.536+0000] {processor.py:925} INFO - DAG(s) 'daily_motivation_and_playlist' retrieved from /opt/airflow/dags/daily_motivation_playlist.py
[2026-01-28T10:16:58.545+0000] {logging_mixin.py:190} INFO - [2026-01-28T10:16:58.544+0000] {dag.py:3239} INFO - Sync 1 DAGs
[2026-01-28T10:16:58.552+0000] {logging_mixin.py:190} INFO - [2026-01-28T10:16:58.552+0000] {dag.py:4180} INFO - Setting next_dagrun for daily_motivation_and_playlist to 2026-01-28 07:00:00+00:00, run_after=2026-01-29 07:00:00+00:00
[2026-01-28T10:16:58.556+0000] {processor.py:208} INFO - Processing /opt/airflow/dags/daily_motivation_playlist.py took 0.028 seconds
[2026-01-28T10:17:28.897+0000] {processor.py:186} INFO - Started process (PID=509) to work on /opt/airflow/dags/daily_motivation_playlist.py
[2026-01-28T10:17:28.898+0000] {processor.py:914} INFO - Processing file /opt/airflow/dags/daily_motivation_playlist.py for tasks to queue
[2026-01-28T10:17:28.899+0000] {logging_mixin.py:190} INFO - [2026-01-28T10:17:28.899+0000] {dagbag.py:588} INFO - Filling up the DagBag from /opt/airflow/dags/daily_motivation_playlist.py
[2026-01-28T10:17:28.904+0000] {processor.py:925} INFO - DAG(s) 'daily_motivation_and_playlist' retrieved from /opt/airflow/dags/daily_motivation_playlist.py
[2026-01-28T10:17:28.914+0000] {logging_mixin.py:190} INFO - [2026-01-28T10:17:28.914+0000] {dag.py:3239} INFO - Sync 1 DAGs
[2026-01-28T10:17:28.923+0000] {logging_mixin.py:190} INFO - [2026-01-28T10:17:28.923+0000] {dag.py:4180} INFO - Setting next_dagrun for daily_motivation_and_playlist to 2026-01-28 07:00:00+00:00, run_after=2026-01-29 07:00:00+00:00
[2026-01-28T10:17:28.928+0000] {processor.py:208} INFO - Processing /opt/airflow/dags/daily_motivation_playlist.py took 0.034 seconds
[2026-01-28T10:17:59.285+0000] {processor.py:186} INFO - Started process (PID=518) to work on /opt/airflow/dags/daily_motivation_playlist.py
[2026-01-28T10:17:59.285+0000] {processor.py:914} INFO - Processing file /opt/airflow/dags/daily_motivation_playlist.py for tasks to queue
[2026-01-28T10:17:59.286+0000] {logging_mixin.py:190} INFO - [2026-01-28T10:17:59.286+0000] {dagbag.py:588} INFO - Filling up the DagBag from /opt/airflow/dags/daily_motivation_playlist.py
[2026-01-28T10:17:59.291+0000] {processor.py:925} INFO - DAG(s) 'daily_motivation_and_playlist' retrieved from /opt/airflow/dags/daily_motivation_playlist.py
[2026-01-28T10:17:59.301+0000] {logging_mixin.py:190} INFO - [2026-01-28T10:17:59.301+0000] {dag.py:3239} INFO - Sync 1 DAGs
[2026-01-28T10:17:59.310+0000] {logging_mixin.py:190} INFO - [2026-01-28T10:17:59.310+0000] {dag.py:4180} INFO - Setting next_dagrun for daily_motivation_and_playlist to 2026-01-28 07:00:00+00:00, run_after=2026-01-29 07:00:00+00:00
[2026-01-28T10:17:59.315+0000] {processor.py:208} INFO - Processing /opt/airflow/dags/daily_motivation_playlist.py took 0.032 seconds
[2026-01-28T10:18:29.638+0000] {processor.py:186} INFO - Started process (PID=527) to work on /opt/airflow/dags/daily_motivation_playlist.py
[2026-01-28T10:18:29.638+0000] {processor.py:914} INFO - Processing file /opt/airflow/dags/daily_motivation_playlist.py for tasks to queue
[2026-01-28T10:18:29.639+0000] {logging_mixin.py:190} INFO - [2026-01-28T10:18:29.639+0000] {dagbag.py:588} INFO - Filling up the DagBag from /opt/airflow/dags/daily_motivation_playlist.py
[2026-01-28T10:18:29.643+0000] {processor.py:925} INFO - DAG(s) 'daily_motivation_and_playlist' retrieved from /opt/airflow/dags/daily_motivation_playlist.py
[2026-01-28T10:18:29.652+0000] {logging_mixin.py:190} INFO - [2026-01-28T10:18:29.652+0000] {dag.py:3239} INFO - Sync 1 DAGs
[2026-01-28T10:18:29.659+0000] {logging_mixin.py:190} INFO - [2026-01-28T10:18:29.659+0000] {dag.py:4180} INFO - Setting next_dagrun for daily_motivation_and_playlist to 2026-01-28 07:00:00+00:00, run_after=2026-01-29 07:00:00+00:00
[2026-01-28T10:18:29.664+0000] {processor.py:208} INFO - Processing /opt/airflow/dags/daily_motivation_playlist.py took 0.028 seconds
[2026-01-28T10:19:00.022+0000] {processor.py:186} INFO - Started process (PID=536) to work on /opt/airflow/dags/daily_motivation_playlist.py
[2026-01-28T10:19:00.022+0000] {processor.py:914} INFO - Processing file /opt/airflow/dags/daily_motivation_playlist.py for tasks to queue
[2026-01-28T10:19:00.023+0000] {logging_mixin.py:190} INFO - [2026-01-28T10:19:00.023+0000] {dagbag.py:588} INFO - Filling up the DagBag from /opt/airflow/dags/daily_motivation_playlist.py
[2026-01-28T10:19:00.028+0000] {processor.py:925} INFO - DAG(s) 'daily_motivation_and_playlist' retrieved from /opt/airflow/dags/daily_motivation_playlist.py
[2026-01-28T10:19:00.038+0000] {logging_mixin.py:190} INFO - [2026-01-28T10:19:00.038+0000] {dag.py:3239} INFO - Sync 1 DAGs
[2026-01-28T10:19:00.046+0000] {logging_mixin.py:190} INFO - [2026-01-28T10:19:00.046+0000] {dag.py:4180} INFO - Setting next_dagrun for daily_motivation_and_playlist to 2026-01-28 07:00:00+00:00, run_after=2026-01-29 07:00:00+00:00
[2026-01-28T10:19:00.052+0000] {processor.py:208} INFO - Processing /opt/airflow/dags/daily_motivation_playlist.py took 0.033 seconds
[2026-01-28T10:19:30.356+0000] {processor.py:186} INFO - Started process (PID=545) to work on /opt/airflow/dags/daily_motivation_playlist.py
[2026-01-28T10:19:30.356+0000] {processor.py:914} INFO - Processing file /opt/airflow/dags/daily_motivation_playlist.py for tasks to queue
[2026-01-28T10:19:30.357+0000] {logging_mixin.py:190} INFO - [2026-01-28T10:19:30.357+0000] {dagbag.py:588} INFO - Filling up the DagBag from /opt/airflow/dags/daily_motivation_playlist.py
[2026-01-28T10:19:30.362+0000] {processor.py:925} INFO - DAG(s) 'daily_motivation_and_playlist' retrieved from /opt/airflow/dags/daily_motivation_playlist.py
[2026-01-28T10:19:30.371+0000] {logging_mixin.py:190} INFO - [2026-01-28T10:19:30.370+0000] {dag.py:3239} INFO - Sync 1 DAGs
[2026-01-28T10:19:30.378+0000] {logging_mixin.py:190} INFO - [2026-01-28T10:19:30.378+0000] {dag.py:4180} INFO - Setting next_dagrun for daily_motivation_and_playlist to 2026-01-28 07:00:00+00:00, run_after=2026-01-29 07:00:00+00:00
[2026-01-28T10:19:30.383+0000] {processor.py:208} INFO - Processing /opt/airflow/dags/daily_motivation_playlist.py took 0.030 seconds
[2026-01-28T10:20:00.685+0000] {processor.py:186} INFO - Started process (PID=554) to work on /opt/airflow/dags/daily_motivation_playlist.py
[2026-01-28T10:20:00.686+0000] {processor.py:914} INFO - Processing file /opt/airflow/dags/daily_motivation_playlist.py for tasks to queue
[2026-01-28T10:20:00.686+0000] {logging_mixin.py:190} INFO - [2026-01-28T10:20:00.686+0000] {dagbag.py:588} INFO - Filling up the DagBag from /opt/airflow/dags/daily_motivation_playlist.py
[2026-01-28T10:20:00.691+0000] {processor.py:925} INFO - DAG(s) 'daily_motivation_and_playlist' retrieved from /opt/airflow/dags/daily_motivation_playlist.py
[2026-01-28T10:20:00.701+0000] {logging_mixin.py:190} INFO - [2026-01-28T10:20:00.700+0000] {dag.py:3239} INFO - Sync 1 DAGs
[2026-01-28T10:20:00.708+0000] {logging_mixin.py:190} INFO - [2026-01-28T10:20:00.708+0000] {dag.py:4180} INFO - Setting next_dagrun for daily_motivation_and_playlist to 2026-01-28 07:00:00+00:00, run_after=2026-01-29 07:00:00+00:00
[2026-01-28T10:20:00.713+0000] {processor.py:208} INFO - Processing /opt/airflow/dags/daily_motivation_playlist.py took 0.030 seconds
[2026-01-28T10:20:31.040+0000] {processor.py:186} INFO - Started process (PID=563) to work on /opt/airflow/dags/daily_motivation_playlist.py
[2026-01-28T10:20:31.041+0000] {processor.py:914} INFO - Processing file /opt/airflow/dags/daily_motivation_playlist.py for tasks to queue
[2026-01-28T10:20:31.041+0000] {logging_mixin.py:190} INFO - [2026-01-28T10:20:31.041+0000] {dagbag.py:588} INFO - Filling up the DagBag from /opt/airflow/dags/daily_motivation_playlist.py
[2026-01-28T10:20:31.046+0000] {processor.py:925} INFO - DAG(s) 'daily_motivation_and_playlist' retrieved from /opt/airflow/dags/daily_motivation_playlist.py
[2026-01-28T10:20:31.055+0000] {logging_mixin.py:190} INFO - [2026-01-28T10:20:31.055+0000] {dag.py:3239} INFO - Sync 1 DAGs
[2026-01-28T10:20:31.063+0000] {logging_mixin.py:190} INFO - [2026-01-28T10:20:31.062+0000] {dag.py:4180} INFO - Setting next_dagrun for daily_motivation_and_playlist to 2026-01-28 07:00:00+00:00, run_after=2026-01-29 07:00:00+00:00
[2026-01-28T10:20:31.067+0000] {processor.py:208} INFO - Processing /opt/airflow/dags/daily_motivation_playlist.py took 0.030 seconds
[2026-01-28T10:21:01.353+0000] {processor.py:186} INFO - Started process (PID=572) to work on /opt/airflow/dags/daily_motivation_playlist.py
[2026-01-28T10:21:01.354+0000] {processor.py:914} INFO - Processing file /opt/airflow/dags/daily_motivation_playlist.py for tasks to queue
[2026-01-28T10:21:01.354+0000] {logging_mixin.py:190} INFO - [2026-01-28T10:21:01.354+0000] {dagbag.py:588} INFO - Filling up the DagBag from /opt/airflow/dags/daily_motivation_playlist.py
[2026-01-28T10:21:01.359+0000] {processor.py:925} INFO - DAG(s) 'daily_motivation_and_playlist' retrieved from /opt/airflow/dags/daily_motivation_playlist.py
[2026-01-28T10:21:01.368+0000] {logging_mixin.py:190} INFO - [2026-01-28T10:21:01.368+0000] {dag.py:3239} INFO - Sync 1 DAGs
[2026-01-28T10:21:01.375+0000] {logging_mixin.py:190} INFO - [2026-01-28T10:21:01.375+0000] {dag.py:4180} INFO - Setting next_dagrun for daily_motivation_and_playlist to 2026-01-28 07:00:00+00:00, run_after=2026-01-29 07:00:00+00:00
[2026-01-28T10:21:01.379+0000] {processor.py:208} INFO - Processing /opt/airflow/dags/daily_motivation_playlist.py took 0.028 seconds
[2026-01-28T10:21:31.651+0000] {processor.py:186} INFO - Started process (PID=581) to work on /opt/airflow/dags/daily_motivation_playlist.py
[2026-01-28T10:21:31.652+0000] {processor.py:914} INFO - Processing file /opt/airflow/dags/daily_motivation_playlist.py for tasks to queue
[2026-01-28T10:21:31.653+0000] {logging_mixin.py:190} INFO - [2026-01-28T10:21:31.653+0000] {dagbag.py:588} INFO - Filling up the DagBag from /opt/airflow/dags/daily_motivation_playlist.py
[2026-01-28T10:21:31.657+0000] {processor.py:925} INFO - DAG(s) 'daily_motivation_and_playlist' retrieved from /opt/airflow/dags/daily_motivation_playlist.py
[2026-01-28T10:21:31.666+0000] {logging_mixin.py:190} INFO - [2026-01-28T10:21:31.665+0000] {dag.py:3239} INFO - Sync 1 DAGs
[2026-01-28T10:21:31.673+0000] {logging_mixin.py:190} INFO - [2026-01-28T10:21:31.673+0000] {dag.py:4180} INFO - Setting next_dagrun for daily_motivation_and_playlist to 2026-01-28 07:00:00+00:00, run_after=2026-01-29 07:00:00+00:00
[2026-01-28T10:21:31.677+0000] {processor.py:208} INFO - Processing /opt/airflow/dags/daily_motivation_playlist.py took 0.028 seconds
[2026-01-28T10:22:01.995+0000] {processor.py:186} INFO - Started process (PID=590) to work on /opt/airflow/dags/daily_motivation_playlist.py
[2026-01-28T10:22:01.995+0000] {processor.py:914} INFO - Processing file /opt/airflow/dags/daily_motivation_playlist.py for tasks to queue
[2026-01-28T10:22:01.996+0000] {logging_mixin.py:190} INFO - [2026-01-28T10:22:01.996+0000] {dagbag.py:588} INFO - Filling up the DagBag from /opt/airflow/dags/daily_motivation_playlist.py
[2026-01-28T10:22:02.000+0000] {processor.py:925} INFO - DAG(s) 'daily_motivation_and_playlist' retrieved from /opt/airflow/dags/daily_motivation_playlist.py
[2026-01-28T10:22:02.009+0000] {logging_mixin.py:190} INFO - [2026-01-28T10:22:02.009+0000] {dag.py:3239} INFO - Sync 1 DAGs
[2026-01-28T10:22:02.016+0000] {logging_mixin.py:190} INFO - [2026-01-28T10:22:02.016+0000] {dag.py:4180} INFO - Setting next_dagrun for daily_motivation_and_playlist to 2026-01-28 07:00:00+00:00, run_after=2026-01-29 07:00:00+00:00
[2026-01-28T10:22:02.021+0000] {processor.py:208} INFO - Processing /opt/airflow/dags/daily_motivation_playlist.py took 0.028 seconds
[2026-01-28T10:22:32.397+0000] {processor.py:186} INFO - Started process (PID=599) to work on /opt/airflow/dags/daily_motivation_playlist.py
[2026-01-28T10:22:32.397+0000] {processor.py:914} INFO - Processing file /opt/airflow/dags/daily_motivation_playlist.py for tasks to queue
[2026-01-28T10:22:32.398+0000] {logging_mixin.py:190} INFO - [2026-01-28T10:22:32.398+0000] {dagbag.py:588} INFO - Filling up the DagBag from /opt/airflow/dags/daily_motivation_playlist.py
[2026-01-28T10:22:32.403+0000] {processor.py:925} INFO - DAG(s) 'daily_motivation_and_playlist' retrieved from /opt/airflow/dags/daily_motivation_playlist.py
[2026-01-28T10:22:32.412+0000] {logging_mixin.py:190} INFO - [2026-01-28T10:22:32.412+0000] {dag.py:3239} INFO - Sync 1 DAGs
[2026-01-28T10:22:32.420+0000] {logging_mixin.py:190} INFO - [2026-01-28T10:22:32.420+0000] {dag.py:4180} INFO - Setting next_dagrun for daily_motivation_and_playlist to 2026-01-28 07:00:00+00:00, run_after=2026-01-29 07:00:00+00:00
[2026-01-28T10:22:32.425+0000] {processor.py:208} INFO - Processing /opt/airflow/dags/daily_motivation_playlist.py took 0.030 seconds
[2026-01-28T10:23:02.761+0000] {processor.py:186} INFO - Started process (PID=608) to work on /opt/airflow/dags/daily_motivation_playlist.py
[2026-01-28T10:23:02.761+0000] {processor.py:914} INFO - Processing file /opt/airflow/dags/daily_motivation_playlist.py for tasks to queue
[2026-01-28T10:23:02.762+0000] {logging_mixin.py:190} INFO - [2026-01-28T10:23:02.762+0000] {dagbag.py:588} INFO - Filling up the DagBag from /opt/airflow/dags/daily_motivation_playlist.py
[2026-01-28T10:23:02.767+0000] {processor.py:925} INFO - DAG(s) 'daily_motivation_and_playlist' retrieved from /opt/airflow/dags/daily_motivation_playlist.py
[2026-01-28T10:23:02.776+0000] {logging_mixin.py:190} INFO - [2026-01-28T10:23:02.776+0000] {dag.py:3239} INFO - Sync 1 DAGs
[2026-01-28T10:23:02.783+0000] {logging_mixin.py:190} INFO - [2026-01-28T10:23:02.783+0000] {dag.py:4180} INFO - Setting next_dagrun for daily_motivation_and_playlist to 2026-01-28 07:00:00+00:00, run_after=2026-01-29 07:00:00+00:00
[2026-01-28T10:23:02.788+0000] {processor.py:208} INFO - Processing /opt/airflow/dags/daily_motivation_playlist.py took 0.030 seconds
[2026-01-28T10:23:33.132+0000] {processor.py:186} INFO - Started process (PID=617) to work on /opt/airflow/dags/daily_motivation_playlist.py
[2026-01-28T10:23:33.132+0000] {processor.py:914} INFO - Processing file /opt/airflow/dags/daily_motivation_playlist.py for tasks to queue
[2026-01-28T10:23:33.133+0000] {logging_mixin.py:190} INFO - [2026-01-28T10:23:33.133+0000] {dagbag.py:588} INFO - Filling up the DagBag from /opt/airflow/dags/daily_motivation_playlist.py
[2026-01-28T10:23:33.138+0000] {processor.py:925} INFO - DAG(s) 'daily_motivation_and_playlist' retrieved from /opt/airflow/dags/daily_motivation_playlist.py
[2026-01-28T10:23:33.149+0000] {logging_mixin.py:190} INFO - [2026-01-28T10:23:33.149+0000] {dag.py:3239} INFO - Sync 1 DAGs
[2026-01-28T10:23:33.157+0000] {logging_mixin.py:190} INFO - [2026-01-28T10:23:33.157+0000] {dag.py:4180} INFO - Setting next_dagrun for daily_motivation_and_playlist to 2026-01-28 07:00:00+00:00, run_after=2026-01-29 07:00:00+00:00
[2026-01-28T10:23:33.163+0000] {processor.py:208} INFO - Processing /opt/airflow/dags/daily_motivation_playlist.py took 0.033 seconds
[2026-01-28T10:24:03.548+0000] {processor.py:186} INFO - Started process (PID=626) to work on /opt/airflow/dags/daily_motivation_playlist.py
[2026-01-28T10:24:03.548+0000] {processor.py:914} INFO - Processing file /opt/airflow/dags/daily_motivation_playlist.py for tasks to queue
[2026-01-28T10:24:03.549+0000] {logging_mixin.py:190} INFO - [2026-01-28T10:24:03.549+0000] {dagbag.py:588} INFO - Filling up the DagBag from /opt/airflow/dags/daily_motivation_playlist.py
[2026-01-28T10:24:03.553+0000] {processor.py:925} INFO - DAG(s) 'daily_motivation_and_playlist' retrieved from /opt/airflow/dags/daily_motivation_playlist.py
[2026-01-28T10:24:03.562+0000] {logging_mixin.py:190} INFO - [2026-01-28T10:24:03.562+0000] {dag.py:3239} INFO - Sync 1 DAGs
[2026-01-28T10:24:03.570+0000] {logging_mixin.py:190} INFO - [2026-01-28T10:24:03.570+0000] {dag.py:4180} INFO - Setting next_dagrun for daily_motivation_and_playlist to 2026-01-28 07:00:00+00:00, run_after=2026-01-29 07:00:00+00:00
[2026-01-28T10:24:03.575+0000] {processor.py:208} INFO - Processing /opt/airflow/dags/daily_motivation_playlist.py took 0.029 seconds
[2026-01-28T10:24:33.926+0000] {processor.py:186} INFO - Started process (PID=635) to work on /opt/airflow/dags/daily_motivation_playlist.py
[2026-01-28T10:24:33.926+0000] {processor.py:914} INFO - Processing file /opt/airflow/dags/daily_motivation_playlist.py for tasks to queue
[2026-01-28T10:24:33.927+0000] {logging_mixin.py:190} INFO - [2026-01-28T10:24:33.927+0000] {dagbag.py:588} INFO - Filling up the DagBag from /opt/airflow/dags/daily_motivation_playlist.py
[2026-01-28T10:24:33.931+0000] {processor.py:925} INFO - DAG(s) 'daily_motivation_and_playlist' retrieved from /opt/airflow/dags/daily_motivation_playlist.py
[2026-01-28T10:24:33.942+0000] {logging_mixin.py:190} INFO - [2026-01-28T10:24:33.942+0000] {dag.py:3239} INFO - Sync 1 DAGs
[2026-01-28T10:24:33.949+0000] {logging_mixin.py:190} INFO - [2026-01-28T10:24:33.949+0000] {dag.py:4180} INFO - Setting next_dagrun for daily_motivation_and_playlist to 2026-01-28 07:00:00+00:00, run_after=2026-01-29 07:00:00+00:00
[2026-01-28T10:24:33.954+0000] {processor.py:208} INFO - Processing /opt/airflow/dags/daily_motivation_playlist.py took 0.030 seconds
[2026-01-28T10:25:04.304+0000] {processor.py:186} INFO - Started process (PID=644) to work on /opt/airflow/dags/daily_motivation_playlist.py
[2026-01-28T10:25:04.304+0000] {processor.py:914} INFO - Processing file /opt/airflow/dags/daily_motivation_playlist.py for tasks to queue
[2026-01-28T10:25:04.305+0000] {logging_mixin.py:190} INFO - [2026-01-28T10:25:04.305+0000] {dagbag.py:588} INFO - Filling up the DagBag from /opt/airflow/dags/daily_motivation_playlist.py
[2026-01-28T10:25:04.309+0000] {processor.py:925} INFO - DAG(s) 'daily_motivation_and_playlist' retrieved from /opt/airflow/dags/daily_motivation_playlist.py
[2026-01-28T10:25:04.318+0000] {logging_mixin.py:190} INFO - [2026-01-28T10:25:04.318+0000] {dag.py:3239} INFO - Sync 1 DAGs
[2026-01-28T10:25:04.326+0000] {logging_mixin.py:190} INFO - [2026-01-28T10:25:04.325+0000] {dag.py:4180} INFO - Setting next_dagrun for daily_motivation_and_playlist to 2026-01-28 07:00:00+00:00, run_after=2026-01-29 07:00:00+00:00
[2026-01-28T10:25:04.331+0000] {processor.py:208} INFO - Processing /opt/airflow/dags/daily_motivation_playlist.py took 0.029 seconds
