[2026-01-28T09:57:55.738+0000] {processor.py:186} INFO - Started process (PID=43) to work on /opt/airflow/dags/simple_dag.py
[2026-01-28T09:57:55.740+0000] {processor.py:914} INFO - Processing file /opt/airflow/dags/simple_dag.py for tasks to queue
[2026-01-28T09:57:55.741+0000] {logging_mixin.py:190} INFO - [2026-01-28T09:57:55.741+0000] {dagbag.py:588} INFO - Filling up the DagBag from /opt/airflow/dags/simple_dag.py
[2026-01-28T09:57:55.762+0000] {processor.py:925} INFO - DAG(s) 'my_first_docker_dag' retrieved from /opt/airflow/dags/simple_dag.py
[2026-01-28T09:57:55.798+0000] {logging_mixin.py:190} INFO - [2026-01-28T09:57:55.797+0000] {dag.py:3239} INFO - Sync 1 DAGs
[2026-01-28T09:57:55.829+0000] {logging_mixin.py:190} INFO - [2026-01-28T09:57:55.829+0000] {dag.py:4180} INFO - Setting next_dagrun for my_first_docker_dag to 2026-01-27 00:00:00+00:00, run_after=2026-01-28 00:00:00+00:00
[2026-01-28T09:57:55.913+0000] {processor.py:208} INFO - Processing /opt/airflow/dags/simple_dag.py took 0.179 seconds
[2026-01-28T09:58:44.321+0000] {processor.py:186} INFO - Started process (PID=67) to work on /opt/airflow/dags/simple_dag.py
[2026-01-28T09:58:44.323+0000] {processor.py:914} INFO - Processing file /opt/airflow/dags/simple_dag.py for tasks to queue
[2026-01-28T09:58:44.324+0000] {logging_mixin.py:190} INFO - [2026-01-28T09:58:44.324+0000] {dagbag.py:588} INFO - Filling up the DagBag from /opt/airflow/dags/simple_dag.py
[2026-01-28T09:58:44.344+0000] {processor.py:925} INFO - DAG(s) 'my_first_docker_dag' retrieved from /opt/airflow/dags/simple_dag.py
[2026-01-28T09:58:44.372+0000] {logging_mixin.py:190} INFO - [2026-01-28T09:58:44.372+0000] {dag.py:3239} INFO - Sync 1 DAGs
[2026-01-28T09:58:44.382+0000] {logging_mixin.py:190} INFO - [2026-01-28T09:58:44.382+0000] {dag.py:4180} INFO - Setting next_dagrun for my_first_docker_dag to 2026-01-27 00:00:00+00:00, run_after=2026-01-28 00:00:00+00:00
[2026-01-28T09:58:44.390+0000] {processor.py:208} INFO - Processing /opt/airflow/dags/simple_dag.py took 0.074 seconds
[2026-01-28T09:59:14.665+0000] {processor.py:186} INFO - Started process (PID=104) to work on /opt/airflow/dags/simple_dag.py
[2026-01-28T09:59:14.666+0000] {processor.py:914} INFO - Processing file /opt/airflow/dags/simple_dag.py for tasks to queue
[2026-01-28T09:59:14.668+0000] {logging_mixin.py:190} INFO - [2026-01-28T09:59:14.668+0000] {dagbag.py:588} INFO - Filling up the DagBag from /opt/airflow/dags/simple_dag.py
[2026-01-28T09:59:14.678+0000] {processor.py:925} INFO - DAG(s) 'my_first_docker_dag' retrieved from /opt/airflow/dags/simple_dag.py
[2026-01-28T09:59:14.694+0000] {logging_mixin.py:190} INFO - [2026-01-28T09:59:14.694+0000] {dag.py:3239} INFO - Sync 1 DAGs
[2026-01-28T09:59:14.705+0000] {logging_mixin.py:190} INFO - [2026-01-28T09:59:14.705+0000] {dag.py:4180} INFO - Setting next_dagrun for my_first_docker_dag to 2026-01-27 00:00:00+00:00, run_after=2026-01-28 00:00:00+00:00
[2026-01-28T09:59:14.714+0000] {processor.py:208} INFO - Processing /opt/airflow/dags/simple_dag.py took 0.054 seconds
[2026-01-28T09:59:44.962+0000] {processor.py:186} INFO - Started process (PID=157) to work on /opt/airflow/dags/simple_dag.py
[2026-01-28T09:59:44.963+0000] {processor.py:914} INFO - Processing file /opt/airflow/dags/simple_dag.py for tasks to queue
[2026-01-28T09:59:44.965+0000] {logging_mixin.py:190} INFO - [2026-01-28T09:59:44.965+0000] {dagbag.py:588} INFO - Filling up the DagBag from /opt/airflow/dags/simple_dag.py
[2026-01-28T09:59:44.973+0000] {processor.py:925} INFO - DAG(s) 'my_first_docker_dag' retrieved from /opt/airflow/dags/simple_dag.py
[2026-01-28T09:59:44.987+0000] {logging_mixin.py:190} INFO - [2026-01-28T09:59:44.986+0000] {dag.py:3239} INFO - Sync 1 DAGs
[2026-01-28T09:59:44.997+0000] {logging_mixin.py:190} INFO - [2026-01-28T09:59:44.997+0000] {dag.py:4180} INFO - Setting next_dagrun for my_first_docker_dag to 2026-01-27 00:00:00+00:00, run_after=2026-01-28 00:00:00+00:00
[2026-01-28T09:59:45.003+0000] {processor.py:208} INFO - Processing /opt/airflow/dags/simple_dag.py took 0.047 seconds
[2026-01-28T10:00:15.285+0000] {processor.py:186} INFO - Started process (PID=184) to work on /opt/airflow/dags/simple_dag.py
[2026-01-28T10:00:15.288+0000] {processor.py:914} INFO - Processing file /opt/airflow/dags/simple_dag.py for tasks to queue
[2026-01-28T10:00:15.290+0000] {logging_mixin.py:190} INFO - [2026-01-28T10:00:15.289+0000] {dagbag.py:588} INFO - Filling up the DagBag from /opt/airflow/dags/simple_dag.py
[2026-01-28T10:00:15.300+0000] {processor.py:925} INFO - DAG(s) 'my_first_docker_dag' retrieved from /opt/airflow/dags/simple_dag.py
[2026-01-28T10:00:15.318+0000] {logging_mixin.py:190} INFO - [2026-01-28T10:00:15.318+0000] {dag.py:3239} INFO - Sync 1 DAGs
[2026-01-28T10:00:15.332+0000] {logging_mixin.py:190} INFO - [2026-01-28T10:00:15.331+0000] {dag.py:4180} INFO - Setting next_dagrun for my_first_docker_dag to 2026-01-27 00:00:00+00:00, run_after=2026-01-28 00:00:00+00:00
[2026-01-28T10:00:15.342+0000] {processor.py:208} INFO - Processing /opt/airflow/dags/simple_dag.py took 0.061 seconds
[2026-01-28T10:00:45.588+0000] {processor.py:186} INFO - Started process (PID=206) to work on /opt/airflow/dags/simple_dag.py
[2026-01-28T10:00:45.589+0000] {processor.py:914} INFO - Processing file /opt/airflow/dags/simple_dag.py for tasks to queue
[2026-01-28T10:00:45.590+0000] {logging_mixin.py:190} INFO - [2026-01-28T10:00:45.589+0000] {dagbag.py:588} INFO - Filling up the DagBag from /opt/airflow/dags/simple_dag.py
[2026-01-28T10:00:45.599+0000] {processor.py:925} INFO - DAG(s) 'my_first_docker_dag' retrieved from /opt/airflow/dags/simple_dag.py
[2026-01-28T10:00:45.615+0000] {logging_mixin.py:190} INFO - [2026-01-28T10:00:45.615+0000] {dag.py:3239} INFO - Sync 1 DAGs
[2026-01-28T10:00:45.626+0000] {logging_mixin.py:190} INFO - [2026-01-28T10:00:45.626+0000] {dag.py:4180} INFO - Setting next_dagrun for my_first_docker_dag to 2026-01-27 00:00:00+00:00, run_after=2026-01-28 00:00:00+00:00
[2026-01-28T10:00:45.636+0000] {processor.py:208} INFO - Processing /opt/airflow/dags/simple_dag.py took 0.050 seconds
[2026-01-28T10:01:15.952+0000] {processor.py:186} INFO - Started process (PID=216) to work on /opt/airflow/dags/simple_dag.py
[2026-01-28T10:01:15.953+0000] {processor.py:914} INFO - Processing file /opt/airflow/dags/simple_dag.py for tasks to queue
[2026-01-28T10:01:15.955+0000] {logging_mixin.py:190} INFO - [2026-01-28T10:01:15.955+0000] {dagbag.py:588} INFO - Filling up the DagBag from /opt/airflow/dags/simple_dag.py
[2026-01-28T10:01:15.968+0000] {processor.py:925} INFO - DAG(s) 'my_first_docker_dag' retrieved from /opt/airflow/dags/simple_dag.py
[2026-01-28T10:01:15.986+0000] {logging_mixin.py:190} INFO - [2026-01-28T10:01:15.986+0000] {dag.py:3239} INFO - Sync 1 DAGs
[2026-01-28T10:01:16.099+0000] {logging_mixin.py:190} INFO - [2026-01-28T10:01:16.099+0000] {dag.py:4180} INFO - Setting next_dagrun for my_first_docker_dag to 2026-01-27 00:00:00+00:00, run_after=2026-01-28 00:00:00+00:00
[2026-01-28T10:01:16.106+0000] {processor.py:208} INFO - Processing /opt/airflow/dags/simple_dag.py took 0.158 seconds
[2026-01-28T10:01:46.444+0000] {processor.py:186} INFO - Started process (PID=225) to work on /opt/airflow/dags/simple_dag.py
[2026-01-28T10:01:46.445+0000] {processor.py:914} INFO - Processing file /opt/airflow/dags/simple_dag.py for tasks to queue
[2026-01-28T10:01:46.448+0000] {logging_mixin.py:190} INFO - [2026-01-28T10:01:46.447+0000] {dagbag.py:588} INFO - Filling up the DagBag from /opt/airflow/dags/simple_dag.py
[2026-01-28T10:01:46.461+0000] {processor.py:925} INFO - DAG(s) 'my_first_docker_dag' retrieved from /opt/airflow/dags/simple_dag.py
[2026-01-28T10:01:46.584+0000] {logging_mixin.py:190} INFO - [2026-01-28T10:01:46.584+0000] {dag.py:3239} INFO - Sync 1 DAGs
[2026-01-28T10:01:46.591+0000] {logging_mixin.py:190} INFO - [2026-01-28T10:01:46.591+0000] {dag.py:4180} INFO - Setting next_dagrun for my_first_docker_dag to 2026-01-27 00:00:00+00:00, run_after=2026-01-28 00:00:00+00:00
[2026-01-28T10:01:46.599+0000] {processor.py:208} INFO - Processing /opt/airflow/dags/simple_dag.py took 0.162 seconds
[2026-01-28T10:02:16.902+0000] {processor.py:186} INFO - Started process (PID=234) to work on /opt/airflow/dags/simple_dag.py
[2026-01-28T10:02:16.904+0000] {processor.py:914} INFO - Processing file /opt/airflow/dags/simple_dag.py for tasks to queue
[2026-01-28T10:02:16.906+0000] {logging_mixin.py:190} INFO - [2026-01-28T10:02:16.906+0000] {dagbag.py:588} INFO - Filling up the DagBag from /opt/airflow/dags/simple_dag.py
[2026-01-28T10:02:16.922+0000] {processor.py:925} INFO - DAG(s) 'my_first_docker_dag' retrieved from /opt/airflow/dags/simple_dag.py
[2026-01-28T10:02:16.940+0000] {logging_mixin.py:190} INFO - [2026-01-28T10:02:16.940+0000] {dag.py:3239} INFO - Sync 1 DAGs
[2026-01-28T10:02:16.952+0000] {logging_mixin.py:190} INFO - [2026-01-28T10:02:16.952+0000] {dag.py:4180} INFO - Setting next_dagrun for my_first_docker_dag to 2026-01-27 00:00:00+00:00, run_after=2026-01-28 00:00:00+00:00
[2026-01-28T10:02:16.964+0000] {processor.py:208} INFO - Processing /opt/airflow/dags/simple_dag.py took 0.069 seconds
[2026-01-28T10:02:47.248+0000] {processor.py:186} INFO - Started process (PID=243) to work on /opt/airflow/dags/simple_dag.py
[2026-01-28T10:02:47.249+0000] {processor.py:914} INFO - Processing file /opt/airflow/dags/simple_dag.py for tasks to queue
[2026-01-28T10:02:47.252+0000] {logging_mixin.py:190} INFO - [2026-01-28T10:02:47.252+0000] {dagbag.py:588} INFO - Filling up the DagBag from /opt/airflow/dags/simple_dag.py
[2026-01-28T10:02:47.264+0000] {processor.py:925} INFO - DAG(s) 'my_first_docker_dag' retrieved from /opt/airflow/dags/simple_dag.py
[2026-01-28T10:02:47.281+0000] {logging_mixin.py:190} INFO - [2026-01-28T10:02:47.281+0000] {dag.py:3239} INFO - Sync 1 DAGs
[2026-01-28T10:02:47.396+0000] {logging_mixin.py:190} INFO - [2026-01-28T10:02:47.396+0000] {dag.py:4180} INFO - Setting next_dagrun for my_first_docker_dag to 2026-01-27 00:00:00+00:00, run_after=2026-01-28 00:00:00+00:00
[2026-01-28T10:02:47.404+0000] {processor.py:208} INFO - Processing /opt/airflow/dags/simple_dag.py took 0.163 seconds
[2026-01-28T10:03:17.729+0000] {processor.py:186} INFO - Started process (PID=251) to work on /opt/airflow/dags/simple_dag.py
[2026-01-28T10:03:17.730+0000] {processor.py:914} INFO - Processing file /opt/airflow/dags/simple_dag.py for tasks to queue
[2026-01-28T10:03:17.731+0000] {logging_mixin.py:190} INFO - [2026-01-28T10:03:17.731+0000] {dagbag.py:588} INFO - Filling up the DagBag from /opt/airflow/dags/simple_dag.py
[2026-01-28T10:03:17.741+0000] {processor.py:925} INFO - DAG(s) 'my_first_docker_dag' retrieved from /opt/airflow/dags/simple_dag.py
[2026-01-28T10:03:17.827+0000] {logging_mixin.py:190} INFO - [2026-01-28T10:03:17.827+0000] {dag.py:3239} INFO - Sync 1 DAGs
[2026-01-28T10:03:17.837+0000] {logging_mixin.py:190} INFO - [2026-01-28T10:03:17.837+0000] {dag.py:4180} INFO - Setting next_dagrun for my_first_docker_dag to 2026-01-27 00:00:00+00:00, run_after=2026-01-28 00:00:00+00:00
[2026-01-28T10:03:17.844+0000] {processor.py:208} INFO - Processing /opt/airflow/dags/simple_dag.py took 0.120 seconds
[2026-01-28T10:03:48.185+0000] {processor.py:186} INFO - Started process (PID=260) to work on /opt/airflow/dags/simple_dag.py
[2026-01-28T10:03:48.186+0000] {processor.py:914} INFO - Processing file /opt/airflow/dags/simple_dag.py for tasks to queue
[2026-01-28T10:03:48.189+0000] {logging_mixin.py:190} INFO - [2026-01-28T10:03:48.189+0000] {dagbag.py:588} INFO - Filling up the DagBag from /opt/airflow/dags/simple_dag.py
[2026-01-28T10:03:48.205+0000] {processor.py:925} INFO - DAG(s) 'my_first_docker_dag' retrieved from /opt/airflow/dags/simple_dag.py
[2026-01-28T10:03:48.222+0000] {logging_mixin.py:190} INFO - [2026-01-28T10:03:48.222+0000] {dag.py:3239} INFO - Sync 1 DAGs
[2026-01-28T10:03:48.237+0000] {logging_mixin.py:190} INFO - [2026-01-28T10:03:48.236+0000] {dag.py:4180} INFO - Setting next_dagrun for my_first_docker_dag to 2026-01-27 00:00:00+00:00, run_after=2026-01-28 00:00:00+00:00
[2026-01-28T10:03:48.245+0000] {processor.py:208} INFO - Processing /opt/airflow/dags/simple_dag.py took 0.066 seconds
[2026-01-28T10:04:18.558+0000] {processor.py:186} INFO - Started process (PID=269) to work on /opt/airflow/dags/simple_dag.py
[2026-01-28T10:04:18.558+0000] {processor.py:914} INFO - Processing file /opt/airflow/dags/simple_dag.py for tasks to queue
[2026-01-28T10:04:18.560+0000] {logging_mixin.py:190} INFO - [2026-01-28T10:04:18.560+0000] {dagbag.py:588} INFO - Filling up the DagBag from /opt/airflow/dags/simple_dag.py
[2026-01-28T10:04:18.570+0000] {processor.py:925} INFO - DAG(s) 'my_first_docker_dag' retrieved from /opt/airflow/dags/simple_dag.py
[2026-01-28T10:04:18.586+0000] {logging_mixin.py:190} INFO - [2026-01-28T10:04:18.586+0000] {dag.py:3239} INFO - Sync 1 DAGs
[2026-01-28T10:04:18.701+0000] {logging_mixin.py:190} INFO - [2026-01-28T10:04:18.701+0000] {dag.py:4180} INFO - Setting next_dagrun for my_first_docker_dag to 2026-01-27 00:00:00+00:00, run_after=2026-01-28 00:00:00+00:00
[2026-01-28T10:04:18.710+0000] {processor.py:208} INFO - Processing /opt/airflow/dags/simple_dag.py took 0.157 seconds
[2026-01-28T10:04:49.010+0000] {processor.py:186} INFO - Started process (PID=278) to work on /opt/airflow/dags/simple_dag.py
[2026-01-28T10:04:49.010+0000] {processor.py:914} INFO - Processing file /opt/airflow/dags/simple_dag.py for tasks to queue
[2026-01-28T10:04:49.025+0000] {logging_mixin.py:190} INFO - [2026-01-28T10:04:49.024+0000] {dagbag.py:588} INFO - Filling up the DagBag from /opt/airflow/dags/simple_dag.py
[2026-01-28T10:04:49.047+0000] {processor.py:925} INFO - DAG(s) 'my_first_docker_dag' retrieved from /opt/airflow/dags/simple_dag.py
[2026-01-28T10:04:49.275+0000] {logging_mixin.py:190} INFO - [2026-01-28T10:04:49.274+0000] {dag.py:3239} INFO - Sync 1 DAGs
[2026-01-28T10:04:49.299+0000] {logging_mixin.py:190} INFO - [2026-01-28T10:04:49.299+0000] {dag.py:4180} INFO - Setting next_dagrun for my_first_docker_dag to 2026-01-27 00:00:00+00:00, run_after=2026-01-28 00:00:00+00:00
[2026-01-28T10:04:49.319+0000] {processor.py:208} INFO - Processing /opt/airflow/dags/simple_dag.py took 0.319 seconds
[2026-01-28T10:05:19.653+0000] {processor.py:186} INFO - Started process (PID=286) to work on /opt/airflow/dags/simple_dag.py
[2026-01-28T10:05:19.654+0000] {processor.py:914} INFO - Processing file /opt/airflow/dags/simple_dag.py for tasks to queue
[2026-01-28T10:05:19.657+0000] {logging_mixin.py:190} INFO - [2026-01-28T10:05:19.656+0000] {dagbag.py:588} INFO - Filling up the DagBag from /opt/airflow/dags/simple_dag.py
[2026-01-28T10:05:19.671+0000] {processor.py:925} INFO - DAG(s) 'my_first_docker_dag' retrieved from /opt/airflow/dags/simple_dag.py
[2026-01-28T10:05:19.686+0000] {logging_mixin.py:190} INFO - [2026-01-28T10:05:19.686+0000] {dag.py:3239} INFO - Sync 1 DAGs
[2026-01-28T10:05:19.698+0000] {logging_mixin.py:190} INFO - [2026-01-28T10:05:19.698+0000] {dag.py:4180} INFO - Setting next_dagrun for my_first_docker_dag to 2026-01-27 00:00:00+00:00, run_after=2026-01-28 00:00:00+00:00
[2026-01-28T10:05:19.706+0000] {processor.py:208} INFO - Processing /opt/airflow/dags/simple_dag.py took 0.059 seconds
[2026-01-28T10:05:50.008+0000] {processor.py:186} INFO - Started process (PID=295) to work on /opt/airflow/dags/simple_dag.py
[2026-01-28T10:05:50.008+0000] {processor.py:914} INFO - Processing file /opt/airflow/dags/simple_dag.py for tasks to queue
[2026-01-28T10:05:50.010+0000] {logging_mixin.py:190} INFO - [2026-01-28T10:05:50.010+0000] {dagbag.py:588} INFO - Filling up the DagBag from /opt/airflow/dags/simple_dag.py
[2026-01-28T10:05:50.021+0000] {processor.py:925} INFO - DAG(s) 'my_first_docker_dag' retrieved from /opt/airflow/dags/simple_dag.py
[2026-01-28T10:05:50.038+0000] {logging_mixin.py:190} INFO - [2026-01-28T10:05:50.038+0000] {dag.py:3239} INFO - Sync 1 DAGs
[2026-01-28T10:05:50.144+0000] {logging_mixin.py:190} INFO - [2026-01-28T10:05:50.144+0000] {dag.py:4180} INFO - Setting next_dagrun for my_first_docker_dag to 2026-01-27 00:00:00+00:00, run_after=2026-01-28 00:00:00+00:00
[2026-01-28T10:05:50.153+0000] {processor.py:208} INFO - Processing /opt/airflow/dags/simple_dag.py took 0.152 seconds
[2026-01-28T10:06:20.474+0000] {processor.py:186} INFO - Started process (PID=310) to work on /opt/airflow/dags/simple_dag.py
[2026-01-28T10:06:20.475+0000] {processor.py:914} INFO - Processing file /opt/airflow/dags/simple_dag.py for tasks to queue
[2026-01-28T10:06:20.477+0000] {logging_mixin.py:190} INFO - [2026-01-28T10:06:20.477+0000] {dagbag.py:588} INFO - Filling up the DagBag from /opt/airflow/dags/simple_dag.py
[2026-01-28T10:06:20.487+0000] {processor.py:925} INFO - DAG(s) 'my_first_docker_dag' retrieved from /opt/airflow/dags/simple_dag.py
[2026-01-28T10:06:20.576+0000] {logging_mixin.py:190} INFO - [2026-01-28T10:06:20.576+0000] {dag.py:3239} INFO - Sync 1 DAGs
[2026-01-28T10:06:20.583+0000] {logging_mixin.py:190} INFO - [2026-01-28T10:06:20.583+0000] {dag.py:4180} INFO - Setting next_dagrun for my_first_docker_dag to 2026-01-27 00:00:00+00:00, run_after=2026-01-28 00:00:00+00:00
[2026-01-28T10:06:20.590+0000] {processor.py:208} INFO - Processing /opt/airflow/dags/simple_dag.py took 0.122 seconds
[2026-01-28T10:06:50.896+0000] {processor.py:186} INFO - Started process (PID=319) to work on /opt/airflow/dags/simple_dag.py
[2026-01-28T10:06:50.897+0000] {processor.py:914} INFO - Processing file /opt/airflow/dags/simple_dag.py for tasks to queue
[2026-01-28T10:06:50.899+0000] {logging_mixin.py:190} INFO - [2026-01-28T10:06:50.899+0000] {dagbag.py:588} INFO - Filling up the DagBag from /opt/airflow/dags/simple_dag.py
[2026-01-28T10:06:50.906+0000] {processor.py:925} INFO - DAG(s) 'my_first_docker_dag' retrieved from /opt/airflow/dags/simple_dag.py
[2026-01-28T10:06:50.920+0000] {logging_mixin.py:190} INFO - [2026-01-28T10:06:50.919+0000] {dag.py:3239} INFO - Sync 1 DAGs
[2026-01-28T10:06:50.929+0000] {logging_mixin.py:190} INFO - [2026-01-28T10:06:50.929+0000] {dag.py:4180} INFO - Setting next_dagrun for my_first_docker_dag to 2026-01-27 00:00:00+00:00, run_after=2026-01-28 00:00:00+00:00
[2026-01-28T10:06:50.937+0000] {processor.py:208} INFO - Processing /opt/airflow/dags/simple_dag.py took 0.046 seconds
[2026-01-28T10:07:21.192+0000] {processor.py:186} INFO - Started process (PID=328) to work on /opt/airflow/dags/simple_dag.py
[2026-01-28T10:07:21.193+0000] {processor.py:914} INFO - Processing file /opt/airflow/dags/simple_dag.py for tasks to queue
[2026-01-28T10:07:21.195+0000] {logging_mixin.py:190} INFO - [2026-01-28T10:07:21.194+0000] {dagbag.py:588} INFO - Filling up the DagBag from /opt/airflow/dags/simple_dag.py
[2026-01-28T10:07:21.202+0000] {processor.py:925} INFO - DAG(s) 'my_first_docker_dag' retrieved from /opt/airflow/dags/simple_dag.py
[2026-01-28T10:07:21.213+0000] {logging_mixin.py:190} INFO - [2026-01-28T10:07:21.213+0000] {dag.py:3239} INFO - Sync 1 DAGs
[2026-01-28T10:07:21.293+0000] {logging_mixin.py:190} INFO - [2026-01-28T10:07:21.292+0000] {dag.py:4180} INFO - Setting next_dagrun for my_first_docker_dag to 2026-01-27 00:00:00+00:00, run_after=2026-01-28 00:00:00+00:00
[2026-01-28T10:07:21.299+0000] {processor.py:208} INFO - Processing /opt/airflow/dags/simple_dag.py took 0.110 seconds
[2026-01-28T10:07:51.570+0000] {processor.py:186} INFO - Started process (PID=337) to work on /opt/airflow/dags/simple_dag.py
[2026-01-28T10:07:51.571+0000] {processor.py:914} INFO - Processing file /opt/airflow/dags/simple_dag.py for tasks to queue
[2026-01-28T10:07:51.573+0000] {logging_mixin.py:190} INFO - [2026-01-28T10:07:51.572+0000] {dagbag.py:588} INFO - Filling up the DagBag from /opt/airflow/dags/simple_dag.py
[2026-01-28T10:07:51.583+0000] {processor.py:925} INFO - DAG(s) 'my_first_docker_dag' retrieved from /opt/airflow/dags/simple_dag.py
[2026-01-28T10:07:51.669+0000] {logging_mixin.py:190} INFO - [2026-01-28T10:07:51.669+0000] {dag.py:3239} INFO - Sync 1 DAGs
[2026-01-28T10:07:51.676+0000] {logging_mixin.py:190} INFO - [2026-01-28T10:07:51.675+0000] {dag.py:4180} INFO - Setting next_dagrun for my_first_docker_dag to 2026-01-27 00:00:00+00:00, run_after=2026-01-28 00:00:00+00:00
[2026-01-28T10:07:51.682+0000] {processor.py:208} INFO - Processing /opt/airflow/dags/simple_dag.py took 0.116 seconds
[2026-01-28T10:08:21.976+0000] {processor.py:186} INFO - Started process (PID=346) to work on /opt/airflow/dags/simple_dag.py
[2026-01-28T10:08:21.976+0000] {processor.py:914} INFO - Processing file /opt/airflow/dags/simple_dag.py for tasks to queue
[2026-01-28T10:08:21.980+0000] {logging_mixin.py:190} INFO - [2026-01-28T10:08:21.980+0000] {dagbag.py:588} INFO - Filling up the DagBag from /opt/airflow/dags/simple_dag.py
[2026-01-28T10:08:21.994+0000] {processor.py:925} INFO - DAG(s) 'my_first_docker_dag' retrieved from /opt/airflow/dags/simple_dag.py
[2026-01-28T10:08:22.015+0000] {logging_mixin.py:190} INFO - [2026-01-28T10:08:22.015+0000] {dag.py:3239} INFO - Sync 1 DAGs
[2026-01-28T10:08:22.027+0000] {logging_mixin.py:190} INFO - [2026-01-28T10:08:22.027+0000] {dag.py:4180} INFO - Setting next_dagrun for my_first_docker_dag to 2026-01-27 00:00:00+00:00, run_after=2026-01-28 00:00:00+00:00
[2026-01-28T10:08:22.037+0000] {processor.py:208} INFO - Processing /opt/airflow/dags/simple_dag.py took 0.066 seconds
[2026-01-28T10:08:52.353+0000] {processor.py:186} INFO - Started process (PID=355) to work on /opt/airflow/dags/simple_dag.py
[2026-01-28T10:08:52.355+0000] {processor.py:914} INFO - Processing file /opt/airflow/dags/simple_dag.py for tasks to queue
[2026-01-28T10:08:52.358+0000] {logging_mixin.py:190} INFO - [2026-01-28T10:08:52.357+0000] {dagbag.py:588} INFO - Filling up the DagBag from /opt/airflow/dags/simple_dag.py
[2026-01-28T10:08:52.368+0000] {processor.py:925} INFO - DAG(s) 'my_first_docker_dag' retrieved from /opt/airflow/dags/simple_dag.py
[2026-01-28T10:08:52.386+0000] {logging_mixin.py:190} INFO - [2026-01-28T10:08:52.386+0000] {dag.py:3239} INFO - Sync 1 DAGs
[2026-01-28T10:08:52.487+0000] {logging_mixin.py:190} INFO - [2026-01-28T10:08:52.487+0000] {dag.py:4180} INFO - Setting next_dagrun for my_first_docker_dag to 2026-01-27 00:00:00+00:00, run_after=2026-01-28 00:00:00+00:00
[2026-01-28T10:08:52.493+0000] {processor.py:208} INFO - Processing /opt/airflow/dags/simple_dag.py took 0.145 seconds
[2026-01-28T10:09:22.776+0000] {processor.py:186} INFO - Started process (PID=364) to work on /opt/airflow/dags/simple_dag.py
[2026-01-28T10:09:22.777+0000] {processor.py:914} INFO - Processing file /opt/airflow/dags/simple_dag.py for tasks to queue
[2026-01-28T10:09:22.779+0000] {logging_mixin.py:190} INFO - [2026-01-28T10:09:22.779+0000] {dagbag.py:588} INFO - Filling up the DagBag from /opt/airflow/dags/simple_dag.py
[2026-01-28T10:09:22.789+0000] {processor.py:925} INFO - DAG(s) 'my_first_docker_dag' retrieved from /opt/airflow/dags/simple_dag.py
[2026-01-28T10:09:22.872+0000] {logging_mixin.py:190} INFO - [2026-01-28T10:09:22.872+0000] {dag.py:3239} INFO - Sync 1 DAGs
[2026-01-28T10:09:22.880+0000] {logging_mixin.py:190} INFO - [2026-01-28T10:09:22.880+0000] {dag.py:4180} INFO - Setting next_dagrun for my_first_docker_dag to 2026-01-27 00:00:00+00:00, run_after=2026-01-28 00:00:00+00:00
[2026-01-28T10:09:22.888+0000] {processor.py:208} INFO - Processing /opt/airflow/dags/simple_dag.py took 0.116 seconds
[2026-01-28T10:09:53.185+0000] {processor.py:186} INFO - Started process (PID=373) to work on /opt/airflow/dags/simple_dag.py
[2026-01-28T10:09:53.186+0000] {processor.py:914} INFO - Processing file /opt/airflow/dags/simple_dag.py for tasks to queue
[2026-01-28T10:09:53.189+0000] {logging_mixin.py:190} INFO - [2026-01-28T10:09:53.189+0000] {dagbag.py:588} INFO - Filling up the DagBag from /opt/airflow/dags/simple_dag.py
[2026-01-28T10:09:53.204+0000] {processor.py:925} INFO - DAG(s) 'my_first_docker_dag' retrieved from /opt/airflow/dags/simple_dag.py
[2026-01-28T10:09:53.216+0000] {logging_mixin.py:190} INFO - [2026-01-28T10:09:53.216+0000] {dag.py:3239} INFO - Sync 1 DAGs
[2026-01-28T10:09:53.225+0000] {logging_mixin.py:190} INFO - [2026-01-28T10:09:53.225+0000] {dag.py:4180} INFO - Setting next_dagrun for my_first_docker_dag to 2026-01-27 00:00:00+00:00, run_after=2026-01-28 00:00:00+00:00
[2026-01-28T10:09:53.233+0000] {processor.py:208} INFO - Processing /opt/airflow/dags/simple_dag.py took 0.053 seconds
[2026-01-28T10:10:23.540+0000] {processor.py:186} INFO - Started process (PID=382) to work on /opt/airflow/dags/simple_dag.py
[2026-01-28T10:10:23.541+0000] {processor.py:914} INFO - Processing file /opt/airflow/dags/simple_dag.py for tasks to queue
[2026-01-28T10:10:23.542+0000] {logging_mixin.py:190} INFO - [2026-01-28T10:10:23.542+0000] {dagbag.py:588} INFO - Filling up the DagBag from /opt/airflow/dags/simple_dag.py
[2026-01-28T10:10:23.552+0000] {processor.py:925} INFO - DAG(s) 'my_first_docker_dag' retrieved from /opt/airflow/dags/simple_dag.py
[2026-01-28T10:10:23.568+0000] {logging_mixin.py:190} INFO - [2026-01-28T10:10:23.568+0000] {dag.py:3239} INFO - Sync 1 DAGs
[2026-01-28T10:10:23.646+0000] {logging_mixin.py:190} INFO - [2026-01-28T10:10:23.646+0000] {dag.py:4180} INFO - Setting next_dagrun for my_first_docker_dag to 2026-01-27 00:00:00+00:00, run_after=2026-01-28 00:00:00+00:00
[2026-01-28T10:10:23.655+0000] {processor.py:208} INFO - Processing /opt/airflow/dags/simple_dag.py took 0.120 seconds
[2026-01-28T10:10:53.900+0000] {processor.py:186} INFO - Started process (PID=391) to work on /opt/airflow/dags/simple_dag.py
[2026-01-28T10:10:53.901+0000] {processor.py:914} INFO - Processing file /opt/airflow/dags/simple_dag.py for tasks to queue
[2026-01-28T10:10:53.903+0000] {logging_mixin.py:190} INFO - [2026-01-28T10:10:53.902+0000] {dagbag.py:588} INFO - Filling up the DagBag from /opt/airflow/dags/simple_dag.py
[2026-01-28T10:10:53.913+0000] {processor.py:925} INFO - DAG(s) 'my_first_docker_dag' retrieved from /opt/airflow/dags/simple_dag.py
[2026-01-28T10:10:54.030+0000] {logging_mixin.py:190} INFO - [2026-01-28T10:10:54.030+0000] {dag.py:3239} INFO - Sync 1 DAGs
[2026-01-28T10:10:54.039+0000] {logging_mixin.py:190} INFO - [2026-01-28T10:10:54.038+0000] {dag.py:4180} INFO - Setting next_dagrun for my_first_docker_dag to 2026-01-27 00:00:00+00:00, run_after=2026-01-28 00:00:00+00:00
[2026-01-28T10:10:54.046+0000] {processor.py:208} INFO - Processing /opt/airflow/dags/simple_dag.py took 0.149 seconds
[2026-01-28T10:11:24.203+0000] {processor.py:186} INFO - Started process (PID=400) to work on /opt/airflow/dags/simple_dag.py
[2026-01-28T10:11:24.203+0000] {processor.py:914} INFO - Processing file /opt/airflow/dags/simple_dag.py for tasks to queue
[2026-01-28T10:11:24.205+0000] {logging_mixin.py:190} INFO - [2026-01-28T10:11:24.205+0000] {dagbag.py:588} INFO - Filling up the DagBag from /opt/airflow/dags/simple_dag.py
[2026-01-28T10:11:24.212+0000] {processor.py:925} INFO - DAG(s) 'my_first_docker_dag' retrieved from /opt/airflow/dags/simple_dag.py
[2026-01-28T10:11:24.227+0000] {logging_mixin.py:190} INFO - [2026-01-28T10:11:24.227+0000] {dag.py:3239} INFO - Sync 1 DAGs
[2026-01-28T10:11:24.238+0000] {logging_mixin.py:190} INFO - [2026-01-28T10:11:24.238+0000] {dag.py:4180} INFO - Setting next_dagrun for my_first_docker_dag to 2026-01-27 00:00:00+00:00, run_after=2026-01-28 00:00:00+00:00
[2026-01-28T10:11:24.248+0000] {processor.py:208} INFO - Processing /opt/airflow/dags/simple_dag.py took 0.047 seconds
[2026-01-28T10:11:54.542+0000] {processor.py:186} INFO - Started process (PID=409) to work on /opt/airflow/dags/simple_dag.py
[2026-01-28T10:11:54.544+0000] {processor.py:914} INFO - Processing file /opt/airflow/dags/simple_dag.py for tasks to queue
[2026-01-28T10:11:54.547+0000] {logging_mixin.py:190} INFO - [2026-01-28T10:11:54.546+0000] {dagbag.py:588} INFO - Filling up the DagBag from /opt/airflow/dags/simple_dag.py
[2026-01-28T10:11:54.563+0000] {processor.py:925} INFO - DAG(s) 'my_first_docker_dag' retrieved from /opt/airflow/dags/simple_dag.py
[2026-01-28T10:11:54.587+0000] {logging_mixin.py:190} INFO - [2026-01-28T10:11:54.586+0000] {dag.py:3239} INFO - Sync 1 DAGs
[2026-01-28T10:11:54.731+0000] {logging_mixin.py:190} INFO - [2026-01-28T10:11:54.731+0000] {dag.py:4180} INFO - Setting next_dagrun for my_first_docker_dag to 2026-01-27 00:00:00+00:00, run_after=2026-01-28 00:00:00+00:00
[2026-01-28T10:11:54.741+0000] {processor.py:208} INFO - Processing /opt/airflow/dags/simple_dag.py took 0.207 seconds
[2026-01-28T10:12:25.049+0000] {processor.py:186} INFO - Started process (PID=418) to work on /opt/airflow/dags/simple_dag.py
[2026-01-28T10:12:25.052+0000] {processor.py:914} INFO - Processing file /opt/airflow/dags/simple_dag.py for tasks to queue
[2026-01-28T10:12:25.055+0000] {logging_mixin.py:190} INFO - [2026-01-28T10:12:25.054+0000] {dagbag.py:588} INFO - Filling up the DagBag from /opt/airflow/dags/simple_dag.py
[2026-01-28T10:12:25.069+0000] {processor.py:925} INFO - DAG(s) 'my_first_docker_dag' retrieved from /opt/airflow/dags/simple_dag.py
[2026-01-28T10:12:25.173+0000] {logging_mixin.py:190} INFO - [2026-01-28T10:12:25.173+0000] {dag.py:3239} INFO - Sync 1 DAGs
[2026-01-28T10:12:25.182+0000] {logging_mixin.py:190} INFO - [2026-01-28T10:12:25.182+0000] {dag.py:4180} INFO - Setting next_dagrun for my_first_docker_dag to 2026-01-27 00:00:00+00:00, run_after=2026-01-28 00:00:00+00:00
[2026-01-28T10:12:25.190+0000] {processor.py:208} INFO - Processing /opt/airflow/dags/simple_dag.py took 0.146 seconds
[2026-01-28T10:12:55.474+0000] {processor.py:186} INFO - Started process (PID=427) to work on /opt/airflow/dags/simple_dag.py
[2026-01-28T10:12:55.475+0000] {processor.py:914} INFO - Processing file /opt/airflow/dags/simple_dag.py for tasks to queue
[2026-01-28T10:12:55.477+0000] {logging_mixin.py:190} INFO - [2026-01-28T10:12:55.477+0000] {dagbag.py:588} INFO - Filling up the DagBag from /opt/airflow/dags/simple_dag.py
[2026-01-28T10:12:55.489+0000] {processor.py:925} INFO - DAG(s) 'my_first_docker_dag' retrieved from /opt/airflow/dags/simple_dag.py
[2026-01-28T10:12:55.502+0000] {logging_mixin.py:190} INFO - [2026-01-28T10:12:55.502+0000] {dag.py:3239} INFO - Sync 1 DAGs
[2026-01-28T10:12:55.512+0000] {logging_mixin.py:190} INFO - [2026-01-28T10:12:55.512+0000] {dag.py:4180} INFO - Setting next_dagrun for my_first_docker_dag to 2026-01-27 00:00:00+00:00, run_after=2026-01-28 00:00:00+00:00
[2026-01-28T10:12:55.521+0000] {processor.py:208} INFO - Processing /opt/airflow/dags/simple_dag.py took 0.052 seconds
[2026-01-28T10:13:25.806+0000] {processor.py:186} INFO - Started process (PID=436) to work on /opt/airflow/dags/simple_dag.py
[2026-01-28T10:13:25.807+0000] {processor.py:914} INFO - Processing file /opt/airflow/dags/simple_dag.py for tasks to queue
[2026-01-28T10:13:25.808+0000] {logging_mixin.py:190} INFO - [2026-01-28T10:13:25.808+0000] {dagbag.py:588} INFO - Filling up the DagBag from /opt/airflow/dags/simple_dag.py
[2026-01-28T10:13:25.818+0000] {processor.py:925} INFO - DAG(s) 'my_first_docker_dag' retrieved from /opt/airflow/dags/simple_dag.py
[2026-01-28T10:13:25.829+0000] {logging_mixin.py:190} INFO - [2026-01-28T10:13:25.829+0000] {dag.py:3239} INFO - Sync 1 DAGs
[2026-01-28T10:13:25.906+0000] {logging_mixin.py:190} INFO - [2026-01-28T10:13:25.906+0000] {dag.py:4180} INFO - Setting next_dagrun for my_first_docker_dag to 2026-01-27 00:00:00+00:00, run_after=2026-01-28 00:00:00+00:00
[2026-01-28T10:13:25.914+0000] {processor.py:208} INFO - Processing /opt/airflow/dags/simple_dag.py took 0.112 seconds
[2026-01-28T10:13:56.242+0000] {processor.py:186} INFO - Started process (PID=445) to work on /opt/airflow/dags/simple_dag.py
[2026-01-28T10:13:56.243+0000] {processor.py:914} INFO - Processing file /opt/airflow/dags/simple_dag.py for tasks to queue
[2026-01-28T10:13:56.245+0000] {logging_mixin.py:190} INFO - [2026-01-28T10:13:56.244+0000] {dagbag.py:588} INFO - Filling up the DagBag from /opt/airflow/dags/simple_dag.py
[2026-01-28T10:13:56.253+0000] {processor.py:925} INFO - DAG(s) 'my_first_docker_dag' retrieved from /opt/airflow/dags/simple_dag.py
[2026-01-28T10:13:56.343+0000] {logging_mixin.py:190} INFO - [2026-01-28T10:13:56.343+0000] {dag.py:3239} INFO - Sync 1 DAGs
[2026-01-28T10:13:56.350+0000] {logging_mixin.py:190} INFO - [2026-01-28T10:13:56.350+0000] {dag.py:4180} INFO - Setting next_dagrun for my_first_docker_dag to 2026-01-27 00:00:00+00:00, run_after=2026-01-28 00:00:00+00:00
[2026-01-28T10:13:56.357+0000] {processor.py:208} INFO - Processing /opt/airflow/dags/simple_dag.py took 0.120 seconds
[2026-01-28T10:14:26.670+0000] {processor.py:186} INFO - Started process (PID=454) to work on /opt/airflow/dags/simple_dag.py
[2026-01-28T10:14:26.671+0000] {processor.py:914} INFO - Processing file /opt/airflow/dags/simple_dag.py for tasks to queue
[2026-01-28T10:14:26.673+0000] {logging_mixin.py:190} INFO - [2026-01-28T10:14:26.673+0000] {dagbag.py:588} INFO - Filling up the DagBag from /opt/airflow/dags/simple_dag.py
[2026-01-28T10:14:26.683+0000] {processor.py:925} INFO - DAG(s) 'my_first_docker_dag' retrieved from /opt/airflow/dags/simple_dag.py
[2026-01-28T10:14:26.694+0000] {logging_mixin.py:190} INFO - [2026-01-28T10:14:26.694+0000] {dag.py:3239} INFO - Sync 1 DAGs
[2026-01-28T10:14:26.703+0000] {logging_mixin.py:190} INFO - [2026-01-28T10:14:26.703+0000] {dag.py:4180} INFO - Setting next_dagrun for my_first_docker_dag to 2026-01-27 00:00:00+00:00, run_after=2026-01-28 00:00:00+00:00
[2026-01-28T10:14:26.711+0000] {processor.py:208} INFO - Processing /opt/airflow/dags/simple_dag.py took 0.046 seconds
[2026-01-28T10:14:57.011+0000] {processor.py:186} INFO - Started process (PID=463) to work on /opt/airflow/dags/simple_dag.py
[2026-01-28T10:14:57.012+0000] {processor.py:914} INFO - Processing file /opt/airflow/dags/simple_dag.py for tasks to queue
[2026-01-28T10:14:57.014+0000] {logging_mixin.py:190} INFO - [2026-01-28T10:14:57.013+0000] {dagbag.py:588} INFO - Filling up the DagBag from /opt/airflow/dags/simple_dag.py
[2026-01-28T10:14:57.025+0000] {processor.py:925} INFO - DAG(s) 'my_first_docker_dag' retrieved from /opt/airflow/dags/simple_dag.py
[2026-01-28T10:14:57.039+0000] {logging_mixin.py:190} INFO - [2026-01-28T10:14:57.039+0000] {dag.py:3239} INFO - Sync 1 DAGs
[2026-01-28T10:14:57.050+0000] {logging_mixin.py:190} INFO - [2026-01-28T10:14:57.050+0000] {dag.py:4180} INFO - Setting next_dagrun for my_first_docker_dag to 2026-01-27 00:00:00+00:00, run_after=2026-01-28 00:00:00+00:00
[2026-01-28T10:14:57.058+0000] {processor.py:208} INFO - Processing /opt/airflow/dags/simple_dag.py took 0.052 seconds
[2026-01-28T10:15:27.378+0000] {processor.py:186} INFO - Started process (PID=472) to work on /opt/airflow/dags/simple_dag.py
[2026-01-28T10:15:27.379+0000] {processor.py:914} INFO - Processing file /opt/airflow/dags/simple_dag.py for tasks to queue
[2026-01-28T10:15:27.380+0000] {logging_mixin.py:190} INFO - [2026-01-28T10:15:27.380+0000] {dagbag.py:588} INFO - Filling up the DagBag from /opt/airflow/dags/simple_dag.py
[2026-01-28T10:15:27.392+0000] {processor.py:925} INFO - DAG(s) 'my_first_docker_dag' retrieved from /opt/airflow/dags/simple_dag.py
[2026-01-28T10:15:27.405+0000] {logging_mixin.py:190} INFO - [2026-01-28T10:15:27.405+0000] {dag.py:3239} INFO - Sync 1 DAGs
[2026-01-28T10:15:27.414+0000] {logging_mixin.py:190} INFO - [2026-01-28T10:15:27.414+0000] {dag.py:4180} INFO - Setting next_dagrun for my_first_docker_dag to 2026-01-27 00:00:00+00:00, run_after=2026-01-28 00:00:00+00:00
[2026-01-28T10:15:27.421+0000] {processor.py:208} INFO - Processing /opt/airflow/dags/simple_dag.py took 0.047 seconds
[2026-01-28T10:15:57.745+0000] {processor.py:186} INFO - Started process (PID=481) to work on /opt/airflow/dags/simple_dag.py
[2026-01-28T10:15:57.746+0000] {processor.py:914} INFO - Processing file /opt/airflow/dags/simple_dag.py for tasks to queue
[2026-01-28T10:15:57.747+0000] {logging_mixin.py:190} INFO - [2026-01-28T10:15:57.747+0000] {dagbag.py:588} INFO - Filling up the DagBag from /opt/airflow/dags/simple_dag.py
[2026-01-28T10:15:57.758+0000] {processor.py:925} INFO - DAG(s) 'my_first_docker_dag' retrieved from /opt/airflow/dags/simple_dag.py
[2026-01-28T10:15:57.769+0000] {logging_mixin.py:190} INFO - [2026-01-28T10:15:57.769+0000] {dag.py:3239} INFO - Sync 1 DAGs
[2026-01-28T10:15:57.778+0000] {logging_mixin.py:190} INFO - [2026-01-28T10:15:57.778+0000] {dag.py:4180} INFO - Setting next_dagrun for my_first_docker_dag to 2026-01-27 00:00:00+00:00, run_after=2026-01-28 00:00:00+00:00
[2026-01-28T10:15:57.785+0000] {processor.py:208} INFO - Processing /opt/airflow/dags/simple_dag.py took 0.044 seconds
[2026-01-28T10:16:28.121+0000] {processor.py:186} INFO - Started process (PID=490) to work on /opt/airflow/dags/simple_dag.py
[2026-01-28T10:16:28.122+0000] {processor.py:914} INFO - Processing file /opt/airflow/dags/simple_dag.py for tasks to queue
[2026-01-28T10:16:28.123+0000] {logging_mixin.py:190} INFO - [2026-01-28T10:16:28.123+0000] {dagbag.py:588} INFO - Filling up the DagBag from /opt/airflow/dags/simple_dag.py
[2026-01-28T10:16:28.131+0000] {processor.py:925} INFO - DAG(s) 'my_first_docker_dag' retrieved from /opt/airflow/dags/simple_dag.py
[2026-01-28T10:16:28.143+0000] {logging_mixin.py:190} INFO - [2026-01-28T10:16:28.143+0000] {dag.py:3239} INFO - Sync 1 DAGs
[2026-01-28T10:16:28.153+0000] {logging_mixin.py:190} INFO - [2026-01-28T10:16:28.153+0000] {dag.py:4180} INFO - Setting next_dagrun for my_first_docker_dag to 2026-01-27 00:00:00+00:00, run_after=2026-01-28 00:00:00+00:00
[2026-01-28T10:16:28.160+0000] {processor.py:208} INFO - Processing /opt/airflow/dags/simple_dag.py took 0.043 seconds
[2026-01-28T10:16:58.474+0000] {processor.py:186} INFO - Started process (PID=499) to work on /opt/airflow/dags/simple_dag.py
[2026-01-28T10:16:58.474+0000] {processor.py:914} INFO - Processing file /opt/airflow/dags/simple_dag.py for tasks to queue
[2026-01-28T10:16:58.476+0000] {logging_mixin.py:190} INFO - [2026-01-28T10:16:58.476+0000] {dagbag.py:588} INFO - Filling up the DagBag from /opt/airflow/dags/simple_dag.py
[2026-01-28T10:16:58.486+0000] {processor.py:925} INFO - DAG(s) 'my_first_docker_dag' retrieved from /opt/airflow/dags/simple_dag.py
[2026-01-28T10:16:58.500+0000] {logging_mixin.py:190} INFO - [2026-01-28T10:16:58.500+0000] {dag.py:3239} INFO - Sync 1 DAGs
[2026-01-28T10:16:58.510+0000] {logging_mixin.py:190} INFO - [2026-01-28T10:16:58.510+0000] {dag.py:4180} INFO - Setting next_dagrun for my_first_docker_dag to 2026-01-27 00:00:00+00:00, run_after=2026-01-28 00:00:00+00:00
[2026-01-28T10:16:58.519+0000] {processor.py:208} INFO - Processing /opt/airflow/dags/simple_dag.py took 0.051 seconds
[2026-01-28T10:17:28.838+0000] {processor.py:186} INFO - Started process (PID=508) to work on /opt/airflow/dags/simple_dag.py
[2026-01-28T10:17:28.839+0000] {processor.py:914} INFO - Processing file /opt/airflow/dags/simple_dag.py for tasks to queue
[2026-01-28T10:17:28.841+0000] {logging_mixin.py:190} INFO - [2026-01-28T10:17:28.840+0000] {dagbag.py:588} INFO - Filling up the DagBag from /opt/airflow/dags/simple_dag.py
[2026-01-28T10:17:28.849+0000] {processor.py:925} INFO - DAG(s) 'my_first_docker_dag' retrieved from /opt/airflow/dags/simple_dag.py
[2026-01-28T10:17:28.865+0000] {logging_mixin.py:190} INFO - [2026-01-28T10:17:28.865+0000] {dag.py:3239} INFO - Sync 1 DAGs
[2026-01-28T10:17:28.879+0000] {logging_mixin.py:190} INFO - [2026-01-28T10:17:28.879+0000] {dag.py:4180} INFO - Setting next_dagrun for my_first_docker_dag to 2026-01-27 00:00:00+00:00, run_after=2026-01-28 00:00:00+00:00
[2026-01-28T10:17:28.887+0000] {processor.py:208} INFO - Processing /opt/airflow/dags/simple_dag.py took 0.053 seconds
[2026-01-28T10:17:59.222+0000] {processor.py:186} INFO - Started process (PID=517) to work on /opt/airflow/dags/simple_dag.py
[2026-01-28T10:17:59.224+0000] {processor.py:914} INFO - Processing file /opt/airflow/dags/simple_dag.py for tasks to queue
[2026-01-28T10:17:59.226+0000] {logging_mixin.py:190} INFO - [2026-01-28T10:17:59.225+0000] {dagbag.py:588} INFO - Filling up the DagBag from /opt/airflow/dags/simple_dag.py
[2026-01-28T10:17:59.237+0000] {processor.py:925} INFO - DAG(s) 'my_first_docker_dag' retrieved from /opt/airflow/dags/simple_dag.py
[2026-01-28T10:17:59.252+0000] {logging_mixin.py:190} INFO - [2026-01-28T10:17:59.252+0000] {dag.py:3239} INFO - Sync 1 DAGs
[2026-01-28T10:17:59.264+0000] {logging_mixin.py:190} INFO - [2026-01-28T10:17:59.264+0000] {dag.py:4180} INFO - Setting next_dagrun for my_first_docker_dag to 2026-01-27 00:00:00+00:00, run_after=2026-01-28 00:00:00+00:00
[2026-01-28T10:17:59.273+0000] {processor.py:208} INFO - Processing /opt/airflow/dags/simple_dag.py took 0.057 seconds
[2026-01-28T10:18:29.587+0000] {processor.py:186} INFO - Started process (PID=526) to work on /opt/airflow/dags/simple_dag.py
[2026-01-28T10:18:29.588+0000] {processor.py:914} INFO - Processing file /opt/airflow/dags/simple_dag.py for tasks to queue
[2026-01-28T10:18:29.589+0000] {logging_mixin.py:190} INFO - [2026-01-28T10:18:29.589+0000] {dagbag.py:588} INFO - Filling up the DagBag from /opt/airflow/dags/simple_dag.py
[2026-01-28T10:18:29.596+0000] {processor.py:925} INFO - DAG(s) 'my_first_docker_dag' retrieved from /opt/airflow/dags/simple_dag.py
[2026-01-28T10:18:29.609+0000] {logging_mixin.py:190} INFO - [2026-01-28T10:18:29.609+0000] {dag.py:3239} INFO - Sync 1 DAGs
[2026-01-28T10:18:29.618+0000] {logging_mixin.py:190} INFO - [2026-01-28T10:18:29.618+0000] {dag.py:4180} INFO - Setting next_dagrun for my_first_docker_dag to 2026-01-27 00:00:00+00:00, run_after=2026-01-28 00:00:00+00:00
[2026-01-28T10:18:29.628+0000] {processor.py:208} INFO - Processing /opt/airflow/dags/simple_dag.py took 0.045 seconds
[2026-01-28T10:18:59.961+0000] {processor.py:186} INFO - Started process (PID=535) to work on /opt/airflow/dags/simple_dag.py
[2026-01-28T10:18:59.962+0000] {processor.py:914} INFO - Processing file /opt/airflow/dags/simple_dag.py for tasks to queue
[2026-01-28T10:18:59.964+0000] {logging_mixin.py:190} INFO - [2026-01-28T10:18:59.963+0000] {dagbag.py:588} INFO - Filling up the DagBag from /opt/airflow/dags/simple_dag.py
[2026-01-28T10:18:59.974+0000] {processor.py:925} INFO - DAG(s) 'my_first_docker_dag' retrieved from /opt/airflow/dags/simple_dag.py
[2026-01-28T10:18:59.991+0000] {logging_mixin.py:190} INFO - [2026-01-28T10:18:59.991+0000] {dag.py:3239} INFO - Sync 1 DAGs
[2026-01-28T10:19:00.002+0000] {logging_mixin.py:190} INFO - [2026-01-28T10:19:00.002+0000] {dag.py:4180} INFO - Setting next_dagrun for my_first_docker_dag to 2026-01-27 00:00:00+00:00, run_after=2026-01-28 00:00:00+00:00
[2026-01-28T10:19:00.011+0000] {processor.py:208} INFO - Processing /opt/airflow/dags/simple_dag.py took 0.053 seconds
[2026-01-28T10:19:30.310+0000] {processor.py:186} INFO - Started process (PID=544) to work on /opt/airflow/dags/simple_dag.py
[2026-01-28T10:19:30.310+0000] {processor.py:914} INFO - Processing file /opt/airflow/dags/simple_dag.py for tasks to queue
[2026-01-28T10:19:30.312+0000] {logging_mixin.py:190} INFO - [2026-01-28T10:19:30.312+0000] {dagbag.py:588} INFO - Filling up the DagBag from /opt/airflow/dags/simple_dag.py
[2026-01-28T10:19:30.318+0000] {processor.py:925} INFO - DAG(s) 'my_first_docker_dag' retrieved from /opt/airflow/dags/simple_dag.py
[2026-01-28T10:19:30.329+0000] {logging_mixin.py:190} INFO - [2026-01-28T10:19:30.329+0000] {dag.py:3239} INFO - Sync 1 DAGs
[2026-01-28T10:19:30.338+0000] {logging_mixin.py:190} INFO - [2026-01-28T10:19:30.338+0000] {dag.py:4180} INFO - Setting next_dagrun for my_first_docker_dag to 2026-01-27 00:00:00+00:00, run_after=2026-01-28 00:00:00+00:00
[2026-01-28T10:19:30.346+0000] {processor.py:208} INFO - Processing /opt/airflow/dags/simple_dag.py took 0.039 seconds
[2026-01-28T10:20:00.633+0000] {processor.py:186} INFO - Started process (PID=553) to work on /opt/airflow/dags/simple_dag.py
[2026-01-28T10:20:00.634+0000] {processor.py:914} INFO - Processing file /opt/airflow/dags/simple_dag.py for tasks to queue
[2026-01-28T10:20:00.635+0000] {logging_mixin.py:190} INFO - [2026-01-28T10:20:00.635+0000] {dagbag.py:588} INFO - Filling up the DagBag from /opt/airflow/dags/simple_dag.py
[2026-01-28T10:20:00.642+0000] {processor.py:925} INFO - DAG(s) 'my_first_docker_dag' retrieved from /opt/airflow/dags/simple_dag.py
[2026-01-28T10:20:00.654+0000] {logging_mixin.py:190} INFO - [2026-01-28T10:20:00.654+0000] {dag.py:3239} INFO - Sync 1 DAGs
[2026-01-28T10:20:00.663+0000] {logging_mixin.py:190} INFO - [2026-01-28T10:20:00.663+0000] {dag.py:4180} INFO - Setting next_dagrun for my_first_docker_dag to 2026-01-27 00:00:00+00:00, run_after=2026-01-28 00:00:00+00:00
[2026-01-28T10:20:00.672+0000] {processor.py:208} INFO - Processing /opt/airflow/dags/simple_dag.py took 0.041 seconds
[2026-01-28T10:20:30.978+0000] {processor.py:186} INFO - Started process (PID=562) to work on /opt/airflow/dags/simple_dag.py
[2026-01-28T10:20:30.979+0000] {processor.py:914} INFO - Processing file /opt/airflow/dags/simple_dag.py for tasks to queue
[2026-01-28T10:20:30.981+0000] {logging_mixin.py:190} INFO - [2026-01-28T10:20:30.981+0000] {dagbag.py:588} INFO - Filling up the DagBag from /opt/airflow/dags/simple_dag.py
[2026-01-28T10:20:30.991+0000] {processor.py:925} INFO - DAG(s) 'my_first_docker_dag' retrieved from /opt/airflow/dags/simple_dag.py
[2026-01-28T10:20:31.008+0000] {logging_mixin.py:190} INFO - [2026-01-28T10:20:31.008+0000] {dag.py:3239} INFO - Sync 1 DAGs
[2026-01-28T10:20:31.020+0000] {logging_mixin.py:190} INFO - [2026-01-28T10:20:31.020+0000] {dag.py:4180} INFO - Setting next_dagrun for my_first_docker_dag to 2026-01-27 00:00:00+00:00, run_after=2026-01-28 00:00:00+00:00
[2026-01-28T10:20:31.031+0000] {processor.py:208} INFO - Processing /opt/airflow/dags/simple_dag.py took 0.059 seconds
[2026-01-28T10:21:01.302+0000] {processor.py:186} INFO - Started process (PID=571) to work on /opt/airflow/dags/simple_dag.py
[2026-01-28T10:21:01.302+0000] {processor.py:914} INFO - Processing file /opt/airflow/dags/simple_dag.py for tasks to queue
[2026-01-28T10:21:01.305+0000] {logging_mixin.py:190} INFO - [2026-01-28T10:21:01.304+0000] {dagbag.py:588} INFO - Filling up the DagBag from /opt/airflow/dags/simple_dag.py
[2026-01-28T10:21:01.312+0000] {processor.py:925} INFO - DAG(s) 'my_first_docker_dag' retrieved from /opt/airflow/dags/simple_dag.py
[2026-01-28T10:21:01.325+0000] {logging_mixin.py:190} INFO - [2026-01-28T10:21:01.325+0000] {dag.py:3239} INFO - Sync 1 DAGs
[2026-01-28T10:21:01.337+0000] {logging_mixin.py:190} INFO - [2026-01-28T10:21:01.337+0000] {dag.py:4180} INFO - Setting next_dagrun for my_first_docker_dag to 2026-01-27 00:00:00+00:00, run_after=2026-01-28 00:00:00+00:00
[2026-01-28T10:21:01.345+0000] {processor.py:208} INFO - Processing /opt/airflow/dags/simple_dag.py took 0.047 seconds
[2026-01-28T10:21:31.602+0000] {processor.py:186} INFO - Started process (PID=580) to work on /opt/airflow/dags/simple_dag.py
[2026-01-28T10:21:31.603+0000] {processor.py:914} INFO - Processing file /opt/airflow/dags/simple_dag.py for tasks to queue
[2026-01-28T10:21:31.604+0000] {logging_mixin.py:190} INFO - [2026-01-28T10:21:31.604+0000] {dagbag.py:588} INFO - Filling up the DagBag from /opt/airflow/dags/simple_dag.py
[2026-01-28T10:21:31.615+0000] {processor.py:925} INFO - DAG(s) 'my_first_docker_dag' retrieved from /opt/airflow/dags/simple_dag.py
[2026-01-28T10:21:31.630+0000] {logging_mixin.py:190} INFO - [2026-01-28T10:21:31.630+0000] {dag.py:3239} INFO - Sync 1 DAGs
[2026-01-28T10:21:31.638+0000] {logging_mixin.py:190} INFO - [2026-01-28T10:21:31.638+0000] {dag.py:4180} INFO - Setting next_dagrun for my_first_docker_dag to 2026-01-27 00:00:00+00:00, run_after=2026-01-28 00:00:00+00:00
[2026-01-28T10:21:31.646+0000] {processor.py:208} INFO - Processing /opt/airflow/dags/simple_dag.py took 0.048 seconds
[2026-01-28T10:22:01.942+0000] {processor.py:186} INFO - Started process (PID=589) to work on /opt/airflow/dags/simple_dag.py
[2026-01-28T10:22:01.942+0000] {processor.py:914} INFO - Processing file /opt/airflow/dags/simple_dag.py for tasks to queue
[2026-01-28T10:22:01.944+0000] {logging_mixin.py:190} INFO - [2026-01-28T10:22:01.944+0000] {dagbag.py:588} INFO - Filling up the DagBag from /opt/airflow/dags/simple_dag.py
[2026-01-28T10:22:01.954+0000] {processor.py:925} INFO - DAG(s) 'my_first_docker_dag' retrieved from /opt/airflow/dags/simple_dag.py
[2026-01-28T10:22:01.967+0000] {logging_mixin.py:190} INFO - [2026-01-28T10:22:01.967+0000] {dag.py:3239} INFO - Sync 1 DAGs
[2026-01-28T10:22:01.978+0000] {logging_mixin.py:190} INFO - [2026-01-28T10:22:01.978+0000] {dag.py:4180} INFO - Setting next_dagrun for my_first_docker_dag to 2026-01-27 00:00:00+00:00, run_after=2026-01-28 00:00:00+00:00
[2026-01-28T10:22:01.987+0000] {processor.py:208} INFO - Processing /opt/airflow/dags/simple_dag.py took 0.048 seconds
[2026-01-28T10:22:32.327+0000] {processor.py:186} INFO - Started process (PID=598) to work on /opt/airflow/dags/simple_dag.py
[2026-01-28T10:22:32.328+0000] {processor.py:914} INFO - Processing file /opt/airflow/dags/simple_dag.py for tasks to queue
[2026-01-28T10:22:32.330+0000] {logging_mixin.py:190} INFO - [2026-01-28T10:22:32.330+0000] {dagbag.py:588} INFO - Filling up the DagBag from /opt/airflow/dags/simple_dag.py
[2026-01-28T10:22:32.345+0000] {processor.py:925} INFO - DAG(s) 'my_first_docker_dag' retrieved from /opt/airflow/dags/simple_dag.py
[2026-01-28T10:22:32.363+0000] {logging_mixin.py:190} INFO - [2026-01-28T10:22:32.362+0000] {dag.py:3239} INFO - Sync 1 DAGs
[2026-01-28T10:22:32.375+0000] {logging_mixin.py:190} INFO - [2026-01-28T10:22:32.375+0000] {dag.py:4180} INFO - Setting next_dagrun for my_first_docker_dag to 2026-01-27 00:00:00+00:00, run_after=2026-01-28 00:00:00+00:00
[2026-01-28T10:22:32.385+0000] {processor.py:208} INFO - Processing /opt/airflow/dags/simple_dag.py took 0.064 seconds
