[2025-10-10T10:28:00.098+0000] {local_task_job_runner.py:123} INFO - ::group::Pre task execution logs
[2025-10-10T10:28:00.104+0000] {taskinstance.py:2613} INFO - Dependencies all met for dep_context=non-requeueable deps ti=<TaskInstance: daily_weather_report_dag.fetch_and_log_weather manual__2025-10-10T10:27:57.789273+00:00 [queued]>
[2025-10-10T10:28:00.108+0000] {taskinstance.py:2613} INFO - Dependencies all met for dep_context=requeueable deps ti=<TaskInstance: daily_weather_report_dag.fetch_and_log_weather manual__2025-10-10T10:27:57.789273+00:00 [queued]>
[2025-10-10T10:28:00.108+0000] {taskinstance.py:2866} INFO - Starting attempt 1 of 1
[2025-10-10T10:28:00.112+0000] {taskinstance.py:2889} INFO - Executing <Task(PythonOperator): fetch_and_log_weather> on 2025-10-10 10:27:57.789273+00:00
[2025-10-10T10:28:00.114+0000] {warnings.py:112} WARNING - /home/***/.local/lib/python3.12/site-packages/***/task/task_runner/standard_task_runner.py:70: DeprecationWarning: This process (pid=593) is multi-threaded, use of fork() may lead to deadlocks in the child.
  pid = os.fork()

[2025-10-10T10:28:00.115+0000] {standard_task_runner.py:72} INFO - Started process 595 to run task
[2025-10-10T10:28:00.115+0000] {standard_task_runner.py:104} INFO - Running: ['***', 'tasks', 'run', 'daily_weather_report_dag', 'fetch_and_log_weather', 'manual__2025-10-10T10:27:57.789273+00:00', '--job-id', '12', '--raw', '--subdir', 'DAGS_FOLDER/daily_weather_report_dag.py', '--cfg-path', '/tmp/tmpm9_i75eh']
[2025-10-10T10:28:00.116+0000] {standard_task_runner.py:105} INFO - Job 12: Subtask fetch_and_log_weather
[2025-10-10T10:28:00.133+0000] {task_command.py:467} INFO - Running <TaskInstance: daily_weather_report_dag.fetch_and_log_weather manual__2025-10-10T10:27:57.789273+00:00 [running]> on host edc3617ecc7f
[2025-10-10T10:28:00.156+0000] {taskinstance.py:3132} INFO - Exporting env vars: AIRFLOW_CTX_DAG_OWNER='***' AIRFLOW_CTX_DAG_ID='daily_weather_report_dag' AIRFLOW_CTX_TASK_ID='fetch_and_log_weather' AIRFLOW_CTX_EXECUTION_DATE='2025-10-10T10:27:57.789273+00:00' AIRFLOW_CTX_TRY_NUMBER='1' AIRFLOW_CTX_DAG_RUN_ID='manual__2025-10-10T10:27:57.789273+00:00'
[2025-10-10T10:28:00.156+0000] {taskinstance.py:731} INFO - ::endgroup::
[2025-10-10T10:28:00.162+0000] {daily_weather_report_dag.py:16} INFO - Attempting to fetch weather data for Berlin...
[2025-10-10T10:28:00.162+0000] {daily_weather_report_dag.py:25} INFO - Weather Report for Berlin: Temperature is 12°C with Snowy ❄️.
[2025-10-10T10:28:00.162+0000] {python.py:240} INFO - Done. Returned value was: Weather Report for Berlin: Temperature is 12°C with Snowy ❄️.
[2025-10-10T10:28:00.169+0000] {taskinstance.py:340} INFO - ::group::Post task execution logs
[2025-10-10T10:28:00.169+0000] {taskinstance.py:352} INFO - Marking task as SUCCESS. dag_id=daily_weather_report_dag, task_id=fetch_and_log_weather, run_id=manual__2025-10-10T10:27:57.789273+00:00, execution_date=20251010T102757, start_date=20251010T102800, end_date=20251010T102800
[2025-10-10T10:28:00.213+0000] {local_task_job_runner.py:266} INFO - Task exited with return code 0
[2025-10-10T10:28:00.220+0000] {taskinstance.py:3895} INFO - 1 downstream tasks scheduled from follow-on schedule check
[2025-10-10T10:28:00.220+0000] {local_task_job_runner.py:245} INFO - ::endgroup::
