[2025-10-10T10:27:00.133+0000] {processor.py:186} INFO - Started process (PID=36) to work on /opt/airflow/dags/daily_weather_report_dag.py
[2025-10-10T10:27:00.134+0000] {processor.py:914} INFO - Processing file /opt/airflow/dags/daily_weather_report_dag.py for tasks to queue
[2025-10-10T10:27:00.135+0000] {logging_mixin.py:190} INFO - [2025-10-10T10:27:00.135+0000] {dagbag.py:588} INFO - Filling up the DagBag from /opt/airflow/dags/daily_weather_report_dag.py
[2025-10-10T10:27:00.149+0000] {processor.py:925} INFO - DAG(s) 'daily_weather_report_dag' retrieved from /opt/airflow/dags/daily_weather_report_dag.py
[2025-10-10T10:27:00.232+0000] {logging_mixin.py:190} INFO - [2025-10-10T10:27:00.231+0000] {override.py:1911} INFO - Created Permission View: can read on DAG:daily_weather_report_dag
[2025-10-10T10:27:00.234+0000] {logging_mixin.py:190} INFO - [2025-10-10T10:27:00.234+0000] {override.py:1911} INFO - Created Permission View: can delete on DAG:daily_weather_report_dag
[2025-10-10T10:27:00.235+0000] {logging_mixin.py:190} INFO - [2025-10-10T10:27:00.235+0000] {override.py:1911} INFO - Created Permission View: can edit on DAG:daily_weather_report_dag
[2025-10-10T10:27:00.237+0000] {logging_mixin.py:190} INFO - [2025-10-10T10:27:00.236+0000] {override.py:1911} INFO - Created Permission View: can read on DAG Run:daily_weather_report_dag
[2025-10-10T10:27:00.238+0000] {logging_mixin.py:190} INFO - [2025-10-10T10:27:00.238+0000] {override.py:1911} INFO - Created Permission View: can delete on DAG Run:daily_weather_report_dag
[2025-10-10T10:27:00.239+0000] {logging_mixin.py:190} INFO - [2025-10-10T10:27:00.239+0000] {override.py:1911} INFO - Created Permission View: can create on DAG Run:daily_weather_report_dag
[2025-10-10T10:27:00.240+0000] {logging_mixin.py:190} INFO - [2025-10-10T10:27:00.240+0000] {override.py:1911} INFO - Created Permission View: menu access on DAG Run:daily_weather_report_dag
[2025-10-10T10:27:00.240+0000] {logging_mixin.py:190} INFO - [2025-10-10T10:27:00.240+0000] {dag.py:3239} INFO - Sync 1 DAGs
[2025-10-10T10:27:00.244+0000] {logging_mixin.py:190} INFO - [2025-10-10T10:27:00.244+0000] {dag.py:3262} INFO - Creating ORM DAG for daily_weather_report_dag
[2025-10-10T10:27:00.248+0000] {logging_mixin.py:190} INFO - [2025-10-10T10:27:00.248+0000] {dag.py:4180} INFO - Setting next_dagrun for daily_weather_report_dag to 2025-10-09 08:00:00+00:00, run_after=2025-10-10 08:00:00+00:00
[2025-10-10T10:27:00.314+0000] {processor.py:208} INFO - Processing /opt/airflow/dags/daily_weather_report_dag.py took 0.183 seconds
[2025-10-10T10:27:30.457+0000] {processor.py:186} INFO - Started process (PID=44) to work on /opt/airflow/dags/daily_weather_report_dag.py
[2025-10-10T10:27:30.459+0000] {processor.py:914} INFO - Processing file /opt/airflow/dags/daily_weather_report_dag.py for tasks to queue
[2025-10-10T10:27:30.462+0000] {logging_mixin.py:190} INFO - [2025-10-10T10:27:30.462+0000] {dagbag.py:588} INFO - Filling up the DagBag from /opt/airflow/dags/daily_weather_report_dag.py
[2025-10-10T10:27:30.478+0000] {processor.py:925} INFO - DAG(s) 'daily_weather_report_dag' retrieved from /opt/airflow/dags/daily_weather_report_dag.py
[2025-10-10T10:27:30.495+0000] {logging_mixin.py:190} INFO - [2025-10-10T10:27:30.494+0000] {dag.py:3239} INFO - Sync 1 DAGs
[2025-10-10T10:27:30.507+0000] {logging_mixin.py:190} INFO - [2025-10-10T10:27:30.507+0000] {dag.py:4180} INFO - Setting next_dagrun for daily_weather_report_dag to 2025-10-09 08:00:00+00:00, run_after=2025-10-10 08:00:00+00:00
[2025-10-10T10:27:30.517+0000] {processor.py:208} INFO - Processing /opt/airflow/dags/daily_weather_report_dag.py took 0.065 seconds
[2025-10-10T10:28:00.843+0000] {processor.py:186} INFO - Started process (PID=70) to work on /opt/airflow/dags/daily_weather_report_dag.py
[2025-10-10T10:28:00.843+0000] {processor.py:914} INFO - Processing file /opt/airflow/dags/daily_weather_report_dag.py for tasks to queue
[2025-10-10T10:28:00.845+0000] {logging_mixin.py:190} INFO - [2025-10-10T10:28:00.845+0000] {dagbag.py:588} INFO - Filling up the DagBag from /opt/airflow/dags/daily_weather_report_dag.py
[2025-10-10T10:28:00.854+0000] {processor.py:925} INFO - DAG(s) 'daily_weather_report_dag' retrieved from /opt/airflow/dags/daily_weather_report_dag.py
[2025-10-10T10:28:00.870+0000] {logging_mixin.py:190} INFO - [2025-10-10T10:28:00.870+0000] {dag.py:3239} INFO - Sync 1 DAGs
[2025-10-10T10:28:00.879+0000] {logging_mixin.py:190} INFO - [2025-10-10T10:28:00.879+0000] {dag.py:4180} INFO - Setting next_dagrun for daily_weather_report_dag to 2025-10-10 08:00:00+00:00, run_after=2025-10-11 08:00:00+00:00
[2025-10-10T10:28:00.888+0000] {processor.py:208} INFO - Processing /opt/airflow/dags/daily_weather_report_dag.py took 0.049 seconds
[2025-10-10T10:28:31.146+0000] {processor.py:186} INFO - Started process (PID=78) to work on /opt/airflow/dags/daily_weather_report_dag.py
[2025-10-10T10:28:31.147+0000] {processor.py:914} INFO - Processing file /opt/airflow/dags/daily_weather_report_dag.py for tasks to queue
[2025-10-10T10:28:31.150+0000] {logging_mixin.py:190} INFO - [2025-10-10T10:28:31.150+0000] {dagbag.py:588} INFO - Filling up the DagBag from /opt/airflow/dags/daily_weather_report_dag.py
[2025-10-10T10:28:31.161+0000] {processor.py:925} INFO - DAG(s) 'daily_weather_report_dag' retrieved from /opt/airflow/dags/daily_weather_report_dag.py
[2025-10-10T10:28:31.176+0000] {logging_mixin.py:190} INFO - [2025-10-10T10:28:31.176+0000] {dag.py:3239} INFO - Sync 1 DAGs
[2025-10-10T10:28:31.189+0000] {logging_mixin.py:190} INFO - [2025-10-10T10:28:31.188+0000] {dag.py:4180} INFO - Setting next_dagrun for daily_weather_report_dag to 2025-10-10 08:00:00+00:00, run_after=2025-10-11 08:00:00+00:00
[2025-10-10T10:28:31.196+0000] {processor.py:208} INFO - Processing /opt/airflow/dags/daily_weather_report_dag.py took 0.057 seconds
[2025-10-10T10:29:01.473+0000] {processor.py:186} INFO - Started process (PID=86) to work on /opt/airflow/dags/daily_weather_report_dag.py
[2025-10-10T10:29:01.474+0000] {processor.py:914} INFO - Processing file /opt/airflow/dags/daily_weather_report_dag.py for tasks to queue
[2025-10-10T10:29:01.478+0000] {logging_mixin.py:190} INFO - [2025-10-10T10:29:01.478+0000] {dagbag.py:588} INFO - Filling up the DagBag from /opt/airflow/dags/daily_weather_report_dag.py
[2025-10-10T10:29:01.490+0000] {processor.py:925} INFO - DAG(s) 'daily_weather_report_dag' retrieved from /opt/airflow/dags/daily_weather_report_dag.py
[2025-10-10T10:29:01.506+0000] {logging_mixin.py:190} INFO - [2025-10-10T10:29:01.506+0000] {dag.py:3239} INFO - Sync 1 DAGs
[2025-10-10T10:29:01.517+0000] {logging_mixin.py:190} INFO - [2025-10-10T10:29:01.517+0000] {dag.py:4180} INFO - Setting next_dagrun for daily_weather_report_dag to 2025-10-10 08:00:00+00:00, run_after=2025-10-11 08:00:00+00:00
[2025-10-10T10:29:01.526+0000] {processor.py:208} INFO - Processing /opt/airflow/dags/daily_weather_report_dag.py took 0.059 seconds
[2025-10-10T10:29:31.875+0000] {processor.py:186} INFO - Started process (PID=94) to work on /opt/airflow/dags/daily_weather_report_dag.py
[2025-10-10T10:29:31.876+0000] {processor.py:914} INFO - Processing file /opt/airflow/dags/daily_weather_report_dag.py for tasks to queue
[2025-10-10T10:29:31.879+0000] {logging_mixin.py:190} INFO - [2025-10-10T10:29:31.878+0000] {dagbag.py:588} INFO - Filling up the DagBag from /opt/airflow/dags/daily_weather_report_dag.py
[2025-10-10T10:29:31.892+0000] {processor.py:925} INFO - DAG(s) 'daily_weather_report_dag' retrieved from /opt/airflow/dags/daily_weather_report_dag.py
[2025-10-10T10:29:31.906+0000] {logging_mixin.py:190} INFO - [2025-10-10T10:29:31.906+0000] {dag.py:3239} INFO - Sync 1 DAGs
[2025-10-10T10:29:31.916+0000] {logging_mixin.py:190} INFO - [2025-10-10T10:29:31.916+0000] {dag.py:4180} INFO - Setting next_dagrun for daily_weather_report_dag to 2025-10-10 08:00:00+00:00, run_after=2025-10-11 08:00:00+00:00
[2025-10-10T10:29:32.006+0000] {processor.py:208} INFO - Processing /opt/airflow/dags/daily_weather_report_dag.py took 0.139 seconds
[2025-10-10T10:30:02.371+0000] {processor.py:186} INFO - Started process (PID=102) to work on /opt/airflow/dags/daily_weather_report_dag.py
[2025-10-10T10:30:02.373+0000] {processor.py:914} INFO - Processing file /opt/airflow/dags/daily_weather_report_dag.py for tasks to queue
[2025-10-10T10:30:02.375+0000] {logging_mixin.py:190} INFO - [2025-10-10T10:30:02.375+0000] {dagbag.py:588} INFO - Filling up the DagBag from /opt/airflow/dags/daily_weather_report_dag.py
[2025-10-10T10:30:02.386+0000] {processor.py:925} INFO - DAG(s) 'daily_weather_report_dag' retrieved from /opt/airflow/dags/daily_weather_report_dag.py
[2025-10-10T10:30:02.402+0000] {logging_mixin.py:190} INFO - [2025-10-10T10:30:02.402+0000] {dag.py:3239} INFO - Sync 1 DAGs
[2025-10-10T10:30:02.496+0000] {logging_mixin.py:190} INFO - [2025-10-10T10:30:02.496+0000] {dag.py:4180} INFO - Setting next_dagrun for daily_weather_report_dag to 2025-10-10 08:00:00+00:00, run_after=2025-10-11 08:00:00+00:00
[2025-10-10T10:30:02.503+0000] {processor.py:208} INFO - Processing /opt/airflow/dags/daily_weather_report_dag.py took 0.141 seconds
[2025-10-10T10:30:32.694+0000] {processor.py:186} INFO - Started process (PID=110) to work on /opt/airflow/dags/daily_weather_report_dag.py
[2025-10-10T10:30:32.695+0000] {processor.py:914} INFO - Processing file /opt/airflow/dags/daily_weather_report_dag.py for tasks to queue
[2025-10-10T10:30:32.697+0000] {logging_mixin.py:190} INFO - [2025-10-10T10:30:32.697+0000] {dagbag.py:588} INFO - Filling up the DagBag from /opt/airflow/dags/daily_weather_report_dag.py
[2025-10-10T10:30:32.710+0000] {processor.py:925} INFO - DAG(s) 'daily_weather_report_dag' retrieved from /opt/airflow/dags/daily_weather_report_dag.py
[2025-10-10T10:30:32.724+0000] {logging_mixin.py:190} INFO - [2025-10-10T10:30:32.724+0000] {dag.py:3239} INFO - Sync 1 DAGs
[2025-10-10T10:30:32.806+0000] {logging_mixin.py:190} INFO - [2025-10-10T10:30:32.806+0000] {dag.py:4180} INFO - Setting next_dagrun for daily_weather_report_dag to 2025-10-10 08:00:00+00:00, run_after=2025-10-11 08:00:00+00:00
[2025-10-10T10:30:32.814+0000] {processor.py:208} INFO - Processing /opt/airflow/dags/daily_weather_report_dag.py took 0.125 seconds
[2025-10-10T10:31:03.094+0000] {processor.py:186} INFO - Started process (PID=118) to work on /opt/airflow/dags/daily_weather_report_dag.py
[2025-10-10T10:31:03.095+0000] {processor.py:914} INFO - Processing file /opt/airflow/dags/daily_weather_report_dag.py for tasks to queue
[2025-10-10T10:31:03.099+0000] {logging_mixin.py:190} INFO - [2025-10-10T10:31:03.098+0000] {dagbag.py:588} INFO - Filling up the DagBag from /opt/airflow/dags/daily_weather_report_dag.py
[2025-10-10T10:31:03.112+0000] {processor.py:925} INFO - DAG(s) 'daily_weather_report_dag' retrieved from /opt/airflow/dags/daily_weather_report_dag.py
[2025-10-10T10:31:03.248+0000] {logging_mixin.py:190} INFO - [2025-10-10T10:31:03.248+0000] {dag.py:3239} INFO - Sync 1 DAGs
[2025-10-10T10:31:03.259+0000] {logging_mixin.py:190} INFO - [2025-10-10T10:31:03.259+0000] {dag.py:4180} INFO - Setting next_dagrun for daily_weather_report_dag to 2025-10-10 08:00:00+00:00, run_after=2025-10-11 08:00:00+00:00
[2025-10-10T10:31:03.264+0000] {processor.py:208} INFO - Processing /opt/airflow/dags/daily_weather_report_dag.py took 0.178 seconds
[2025-10-10T10:31:33.604+0000] {processor.py:186} INFO - Started process (PID=126) to work on /opt/airflow/dags/daily_weather_report_dag.py
[2025-10-10T10:31:33.605+0000] {processor.py:914} INFO - Processing file /opt/airflow/dags/daily_weather_report_dag.py for tasks to queue
[2025-10-10T10:31:33.608+0000] {logging_mixin.py:190} INFO - [2025-10-10T10:31:33.607+0000] {dagbag.py:588} INFO - Filling up the DagBag from /opt/airflow/dags/daily_weather_report_dag.py
[2025-10-10T10:31:33.618+0000] {processor.py:925} INFO - DAG(s) 'daily_weather_report_dag' retrieved from /opt/airflow/dags/daily_weather_report_dag.py
[2025-10-10T10:31:33.632+0000] {logging_mixin.py:190} INFO - [2025-10-10T10:31:33.632+0000] {dag.py:3239} INFO - Sync 1 DAGs
[2025-10-10T10:31:33.643+0000] {logging_mixin.py:190} INFO - [2025-10-10T10:31:33.643+0000] {dag.py:4180} INFO - Setting next_dagrun for daily_weather_report_dag to 2025-10-10 08:00:00+00:00, run_after=2025-10-11 08:00:00+00:00
[2025-10-10T10:31:33.653+0000] {processor.py:208} INFO - Processing /opt/airflow/dags/daily_weather_report_dag.py took 0.055 seconds
[2025-10-10T10:32:03.981+0000] {processor.py:186} INFO - Started process (PID=134) to work on /opt/airflow/dags/daily_weather_report_dag.py
[2025-10-10T10:32:03.982+0000] {processor.py:914} INFO - Processing file /opt/airflow/dags/daily_weather_report_dag.py for tasks to queue
[2025-10-10T10:32:03.985+0000] {logging_mixin.py:190} INFO - [2025-10-10T10:32:03.985+0000] {dagbag.py:588} INFO - Filling up the DagBag from /opt/airflow/dags/daily_weather_report_dag.py
[2025-10-10T10:32:04.005+0000] {processor.py:925} INFO - DAG(s) 'daily_weather_report_dag' retrieved from /opt/airflow/dags/daily_weather_report_dag.py
[2025-10-10T10:32:04.021+0000] {logging_mixin.py:190} INFO - [2025-10-10T10:32:04.021+0000] {dag.py:3239} INFO - Sync 1 DAGs
[2025-10-10T10:32:04.032+0000] {logging_mixin.py:190} INFO - [2025-10-10T10:32:04.032+0000] {dag.py:4180} INFO - Setting next_dagrun for daily_weather_report_dag to 2025-10-10 08:00:00+00:00, run_after=2025-10-11 08:00:00+00:00
[2025-10-10T10:32:04.041+0000] {processor.py:208} INFO - Processing /opt/airflow/dags/daily_weather_report_dag.py took 0.070 seconds
[2025-10-10T10:32:34.405+0000] {processor.py:186} INFO - Started process (PID=142) to work on /opt/airflow/dags/daily_weather_report_dag.py
[2025-10-10T10:32:34.407+0000] {processor.py:914} INFO - Processing file /opt/airflow/dags/daily_weather_report_dag.py for tasks to queue
[2025-10-10T10:32:34.410+0000] {logging_mixin.py:190} INFO - [2025-10-10T10:32:34.409+0000] {dagbag.py:588} INFO - Filling up the DagBag from /opt/airflow/dags/daily_weather_report_dag.py
[2025-10-10T10:32:34.425+0000] {processor.py:925} INFO - DAG(s) 'daily_weather_report_dag' retrieved from /opt/airflow/dags/daily_weather_report_dag.py
[2025-10-10T10:32:34.442+0000] {logging_mixin.py:190} INFO - [2025-10-10T10:32:34.442+0000] {dag.py:3239} INFO - Sync 1 DAGs
[2025-10-10T10:32:34.455+0000] {logging_mixin.py:190} INFO - [2025-10-10T10:32:34.454+0000] {dag.py:4180} INFO - Setting next_dagrun for daily_weather_report_dag to 2025-10-10 08:00:00+00:00, run_after=2025-10-11 08:00:00+00:00
[2025-10-10T10:32:34.549+0000] {processor.py:208} INFO - Processing /opt/airflow/dags/daily_weather_report_dag.py took 0.153 seconds
[2025-10-10T10:33:04.740+0000] {processor.py:186} INFO - Started process (PID=150) to work on /opt/airflow/dags/daily_weather_report_dag.py
[2025-10-10T10:33:04.741+0000] {processor.py:914} INFO - Processing file /opt/airflow/dags/daily_weather_report_dag.py for tasks to queue
[2025-10-10T10:33:04.743+0000] {logging_mixin.py:190} INFO - [2025-10-10T10:33:04.742+0000] {dagbag.py:588} INFO - Filling up the DagBag from /opt/airflow/dags/daily_weather_report_dag.py
[2025-10-10T10:33:04.755+0000] {processor.py:925} INFO - DAG(s) 'daily_weather_report_dag' retrieved from /opt/airflow/dags/daily_weather_report_dag.py
[2025-10-10T10:33:04.772+0000] {logging_mixin.py:190} INFO - [2025-10-10T10:33:04.772+0000] {dag.py:3239} INFO - Sync 1 DAGs
[2025-10-10T10:33:04.851+0000] {logging_mixin.py:190} INFO - [2025-10-10T10:33:04.850+0000] {dag.py:4180} INFO - Setting next_dagrun for daily_weather_report_dag to 2025-10-10 08:00:00+00:00, run_after=2025-10-11 08:00:00+00:00
[2025-10-10T10:33:04.857+0000] {processor.py:208} INFO - Processing /opt/airflow/dags/daily_weather_report_dag.py took 0.124 seconds
[2025-10-10T10:33:35.180+0000] {processor.py:186} INFO - Started process (PID=158) to work on /opt/airflow/dags/daily_weather_report_dag.py
[2025-10-10T10:33:35.180+0000] {processor.py:914} INFO - Processing file /opt/airflow/dags/daily_weather_report_dag.py for tasks to queue
[2025-10-10T10:33:35.182+0000] {logging_mixin.py:190} INFO - [2025-10-10T10:33:35.182+0000] {dagbag.py:588} INFO - Filling up the DagBag from /opt/airflow/dags/daily_weather_report_dag.py
[2025-10-10T10:33:35.189+0000] {processor.py:925} INFO - DAG(s) 'daily_weather_report_dag' retrieved from /opt/airflow/dags/daily_weather_report_dag.py
[2025-10-10T10:33:35.322+0000] {logging_mixin.py:190} INFO - [2025-10-10T10:33:35.322+0000] {dag.py:3239} INFO - Sync 1 DAGs
[2025-10-10T10:33:35.335+0000] {logging_mixin.py:190} INFO - [2025-10-10T10:33:35.335+0000] {dag.py:4180} INFO - Setting next_dagrun for daily_weather_report_dag to 2025-10-10 08:00:00+00:00, run_after=2025-10-11 08:00:00+00:00
[2025-10-10T10:33:35.343+0000] {processor.py:208} INFO - Processing /opt/airflow/dags/daily_weather_report_dag.py took 0.168 seconds
[2025-10-10T10:34:05.481+0000] {processor.py:186} INFO - Started process (PID=166) to work on /opt/airflow/dags/daily_weather_report_dag.py
[2025-10-10T10:34:05.482+0000] {processor.py:914} INFO - Processing file /opt/airflow/dags/daily_weather_report_dag.py for tasks to queue
[2025-10-10T10:34:05.485+0000] {logging_mixin.py:190} INFO - [2025-10-10T10:34:05.485+0000] {dagbag.py:588} INFO - Filling up the DagBag from /opt/airflow/dags/daily_weather_report_dag.py
[2025-10-10T10:34:05.501+0000] {processor.py:925} INFO - DAG(s) 'daily_weather_report_dag' retrieved from /opt/airflow/dags/daily_weather_report_dag.py
[2025-10-10T10:34:05.516+0000] {logging_mixin.py:190} INFO - [2025-10-10T10:34:05.516+0000] {dag.py:3239} INFO - Sync 1 DAGs
[2025-10-10T10:34:05.528+0000] {logging_mixin.py:190} INFO - [2025-10-10T10:34:05.528+0000] {dag.py:4180} INFO - Setting next_dagrun for daily_weather_report_dag to 2025-10-10 08:00:00+00:00, run_after=2025-10-11 08:00:00+00:00
[2025-10-10T10:34:05.535+0000] {processor.py:208} INFO - Processing /opt/airflow/dags/daily_weather_report_dag.py took 0.063 seconds
[2025-10-10T10:34:33.724+0000] {processor.py:186} INFO - Started process (PID=174) to work on /opt/airflow/dags/daily_weather_report_dag.py
[2025-10-10T10:34:33.724+0000] {processor.py:914} INFO - Processing file /opt/airflow/dags/daily_weather_report_dag.py for tasks to queue
[2025-10-10T10:34:33.726+0000] {logging_mixin.py:190} INFO - [2025-10-10T10:34:33.726+0000] {dagbag.py:588} INFO - Filling up the DagBag from /opt/airflow/dags/daily_weather_report_dag.py
[2025-10-10T10:34:33.738+0000] {processor.py:925} INFO - DAG(s) 'daily_weather_and_motivation_v2' retrieved from /opt/airflow/dags/daily_weather_report_dag.py
[2025-10-10T10:34:33.865+0000] {logging_mixin.py:190} INFO - [2025-10-10T10:34:33.865+0000] {override.py:1911} INFO - Created Permission View: can read on DAG:daily_weather_and_motivation_v2
[2025-10-10T10:34:33.868+0000] {logging_mixin.py:190} INFO - [2025-10-10T10:34:33.868+0000] {override.py:1911} INFO - Created Permission View: can delete on DAG:daily_weather_and_motivation_v2
[2025-10-10T10:34:33.869+0000] {logging_mixin.py:190} INFO - [2025-10-10T10:34:33.869+0000] {override.py:1911} INFO - Created Permission View: can edit on DAG:daily_weather_and_motivation_v2
[2025-10-10T10:34:33.871+0000] {logging_mixin.py:190} INFO - [2025-10-10T10:34:33.870+0000] {override.py:1911} INFO - Created Permission View: can read on DAG Run:daily_weather_and_motivation_v2
[2025-10-10T10:34:33.872+0000] {logging_mixin.py:190} INFO - [2025-10-10T10:34:33.872+0000] {override.py:1911} INFO - Created Permission View: can delete on DAG Run:daily_weather_and_motivation_v2
[2025-10-10T10:34:33.873+0000] {logging_mixin.py:190} INFO - [2025-10-10T10:34:33.873+0000] {override.py:1911} INFO - Created Permission View: can create on DAG Run:daily_weather_and_motivation_v2
[2025-10-10T10:34:33.874+0000] {logging_mixin.py:190} INFO - [2025-10-10T10:34:33.874+0000] {override.py:1911} INFO - Created Permission View: menu access on DAG Run:daily_weather_and_motivation_v2
[2025-10-10T10:34:33.874+0000] {logging_mixin.py:190} INFO - [2025-10-10T10:34:33.874+0000] {dag.py:3239} INFO - Sync 1 DAGs
[2025-10-10T10:34:33.878+0000] {logging_mixin.py:190} INFO - [2025-10-10T10:34:33.877+0000] {dag.py:3262} INFO - Creating ORM DAG for daily_weather_and_motivation_v2
[2025-10-10T10:34:33.880+0000] {logging_mixin.py:190} INFO - [2025-10-10T10:34:33.880+0000] {dag.py:4180} INFO - Setting next_dagrun for daily_weather_and_motivation_v2 to 2025-10-09 08:00:00+00:00, run_after=2025-10-10 08:00:00+00:00
[2025-10-10T10:34:33.885+0000] {processor.py:208} INFO - Processing /opt/airflow/dags/daily_weather_report_dag.py took 0.165 seconds
[2025-10-10T10:34:34.758+0000] {processor.py:186} INFO - Started process (PID=175) to work on /opt/airflow/dags/daily_weather_report_dag.py
[2025-10-10T10:34:34.759+0000] {processor.py:914} INFO - Processing file /opt/airflow/dags/daily_weather_report_dag.py for tasks to queue
[2025-10-10T10:34:34.761+0000] {logging_mixin.py:190} INFO - [2025-10-10T10:34:34.760+0000] {dagbag.py:588} INFO - Filling up the DagBag from /opt/airflow/dags/daily_weather_report_dag.py
[2025-10-10T10:34:34.772+0000] {processor.py:925} INFO - DAG(s) 'daily_weather_and_motivation_v2' retrieved from /opt/airflow/dags/daily_weather_report_dag.py
[2025-10-10T10:34:34.781+0000] {logging_mixin.py:190} INFO - [2025-10-10T10:34:34.781+0000] {dag.py:3239} INFO - Sync 1 DAGs
[2025-10-10T10:34:34.791+0000] {logging_mixin.py:190} INFO - [2025-10-10T10:34:34.791+0000] {dag.py:4180} INFO - Setting next_dagrun for daily_weather_and_motivation_v2 to 2025-10-09 08:00:00+00:00, run_after=2025-10-10 08:00:00+00:00
[2025-10-10T10:34:34.798+0000] {processor.py:208} INFO - Processing /opt/airflow/dags/daily_weather_report_dag.py took 0.046 seconds
[2025-10-10T10:34:44.654+0000] {processor.py:186} INFO - Started process (PID=36) to work on /opt/airflow/dags/daily_weather_report_dag.py
[2025-10-10T10:34:44.654+0000] {processor.py:914} INFO - Processing file /opt/airflow/dags/daily_weather_report_dag.py for tasks to queue
[2025-10-10T10:34:44.655+0000] {logging_mixin.py:190} INFO - [2025-10-10T10:34:44.655+0000] {dagbag.py:588} INFO - Filling up the DagBag from /opt/airflow/dags/daily_weather_report_dag.py
[2025-10-10T10:34:44.662+0000] {processor.py:925} INFO - DAG(s) 'daily_weather_and_motivation_v2' retrieved from /opt/airflow/dags/daily_weather_report_dag.py
[2025-10-10T10:34:44.670+0000] {logging_mixin.py:190} INFO - [2025-10-10T10:34:44.670+0000] {dag.py:3239} INFO - Sync 1 DAGs
[2025-10-10T10:34:44.679+0000] {logging_mixin.py:190} INFO - [2025-10-10T10:34:44.679+0000] {dag.py:4180} INFO - Setting next_dagrun for daily_weather_and_motivation_v2 to 2025-10-09 08:00:00+00:00, run_after=2025-10-10 08:00:00+00:00
[2025-10-10T10:34:44.686+0000] {processor.py:208} INFO - Processing /opt/airflow/dags/daily_weather_report_dag.py took 0.034 seconds
[2025-10-10T10:35:04.052+0000] {processor.py:186} INFO - Started process (PID=36) to work on /opt/airflow/dags/daily_weather_report_dag.py
[2025-10-10T10:35:04.053+0000] {processor.py:914} INFO - Processing file /opt/airflow/dags/daily_weather_report_dag.py for tasks to queue
[2025-10-10T10:35:04.054+0000] {logging_mixin.py:190} INFO - [2025-10-10T10:35:04.054+0000] {dagbag.py:588} INFO - Filling up the DagBag from /opt/airflow/dags/daily_weather_report_dag.py
[2025-10-10T10:35:04.062+0000] {processor.py:925} INFO - DAG(s) 'daily_weather_and_motivation_v2' retrieved from /opt/airflow/dags/daily_weather_report_dag.py
[2025-10-10T10:35:04.075+0000] {logging_mixin.py:190} INFO - [2025-10-10T10:35:04.075+0000] {dag.py:3239} INFO - Sync 1 DAGs
[2025-10-10T10:35:04.086+0000] {logging_mixin.py:190} INFO - [2025-10-10T10:35:04.086+0000] {dag.py:4180} INFO - Setting next_dagrun for daily_weather_and_motivation_v2 to 2025-10-09 08:00:00+00:00, run_after=2025-10-10 08:00:00+00:00
[2025-10-10T10:35:04.096+0000] {processor.py:208} INFO - Processing /opt/airflow/dags/daily_weather_report_dag.py took 0.046 seconds
[2025-10-10T10:35:28.354+0000] {processor.py:186} INFO - Started process (PID=44) to work on /opt/airflow/dags/daily_weather_report_dag.py
[2025-10-10T10:35:28.355+0000] {processor.py:914} INFO - Processing file /opt/airflow/dags/daily_weather_report_dag.py for tasks to queue
[2025-10-10T10:35:28.358+0000] {logging_mixin.py:190} INFO - [2025-10-10T10:35:28.357+0000] {dagbag.py:588} INFO - Filling up the DagBag from /opt/airflow/dags/daily_weather_report_dag.py
[2025-10-10T10:35:28.372+0000] {processor.py:925} INFO - DAG(s) 'daily_weather_and_motivation' retrieved from /opt/airflow/dags/daily_weather_report_dag.py
[2025-10-10T10:35:28.423+0000] {logging_mixin.py:190} INFO - [2025-10-10T10:35:28.423+0000] {override.py:1911} INFO - Created Permission View: can read on DAG:daily_weather_and_motivation
[2025-10-10T10:35:28.426+0000] {logging_mixin.py:190} INFO - [2025-10-10T10:35:28.426+0000] {override.py:1911} INFO - Created Permission View: can edit on DAG:daily_weather_and_motivation
[2025-10-10T10:35:28.533+0000] {logging_mixin.py:190} INFO - [2025-10-10T10:35:28.533+0000] {override.py:1911} INFO - Created Permission View: can delete on DAG:daily_weather_and_motivation
[2025-10-10T10:35:28.535+0000] {logging_mixin.py:190} INFO - [2025-10-10T10:35:28.535+0000] {override.py:1911} INFO - Created Permission View: can create on DAG Run:daily_weather_and_motivation
[2025-10-10T10:35:28.536+0000] {logging_mixin.py:190} INFO - [2025-10-10T10:35:28.536+0000] {override.py:1911} INFO - Created Permission View: can read on DAG Run:daily_weather_and_motivation
[2025-10-10T10:35:28.537+0000] {logging_mixin.py:190} INFO - [2025-10-10T10:35:28.537+0000] {override.py:1911} INFO - Created Permission View: menu access on DAG Run:daily_weather_and_motivation
[2025-10-10T10:35:28.538+0000] {logging_mixin.py:190} INFO - [2025-10-10T10:35:28.538+0000] {override.py:1911} INFO - Created Permission View: can delete on DAG Run:daily_weather_and_motivation
[2025-10-10T10:35:28.538+0000] {logging_mixin.py:190} INFO - [2025-10-10T10:35:28.538+0000] {dag.py:3239} INFO - Sync 1 DAGs
[2025-10-10T10:35:28.542+0000] {logging_mixin.py:190} INFO - [2025-10-10T10:35:28.542+0000] {dag.py:3262} INFO - Creating ORM DAG for daily_weather_and_motivation
[2025-10-10T10:35:28.545+0000] {logging_mixin.py:190} INFO - [2025-10-10T10:35:28.545+0000] {dag.py:4180} INFO - Setting next_dagrun for daily_weather_and_motivation to 2025-10-09 08:00:00+00:00, run_after=2025-10-10 08:00:00+00:00
[2025-10-10T10:35:28.550+0000] {processor.py:208} INFO - Processing /opt/airflow/dags/daily_weather_report_dag.py took 0.202 seconds
[2025-10-10T10:35:49.793+0000] {processor.py:186} INFO - Started process (PID=36) to work on /opt/airflow/dags/daily_weather_report_dag.py
[2025-10-10T10:35:49.793+0000] {processor.py:914} INFO - Processing file /opt/airflow/dags/daily_weather_report_dag.py for tasks to queue
[2025-10-10T10:35:49.794+0000] {logging_mixin.py:190} INFO - [2025-10-10T10:35:49.794+0000] {dagbag.py:588} INFO - Filling up the DagBag from /opt/airflow/dags/daily_weather_report_dag.py
[2025-10-10T10:35:49.799+0000] {processor.py:925} INFO - DAG(s) 'daily_weather_and_motivation' retrieved from /opt/airflow/dags/daily_weather_report_dag.py
[2025-10-10T10:35:49.804+0000] {logging_mixin.py:190} INFO - [2025-10-10T10:35:49.804+0000] {dag.py:3239} INFO - Sync 1 DAGs
[2025-10-10T10:35:49.813+0000] {logging_mixin.py:190} INFO - [2025-10-10T10:35:49.813+0000] {dag.py:4180} INFO - Setting next_dagrun for daily_weather_and_motivation to 2025-10-09 08:00:00+00:00, run_after=2025-10-10 08:00:00+00:00
[2025-10-10T10:35:49.819+0000] {processor.py:208} INFO - Processing /opt/airflow/dags/daily_weather_report_dag.py took 0.029 seconds
[2025-10-10T10:36:20.096+0000] {processor.py:186} INFO - Started process (PID=54) to work on /opt/airflow/dags/daily_weather_report_dag.py
[2025-10-10T10:36:20.097+0000] {processor.py:914} INFO - Processing file /opt/airflow/dags/daily_weather_report_dag.py for tasks to queue
[2025-10-10T10:36:20.100+0000] {logging_mixin.py:190} INFO - [2025-10-10T10:36:20.099+0000] {dagbag.py:588} INFO - Filling up the DagBag from /opt/airflow/dags/daily_weather_report_dag.py
[2025-10-10T10:36:20.111+0000] {processor.py:925} INFO - DAG(s) 'daily_weather_and_motivation' retrieved from /opt/airflow/dags/daily_weather_report_dag.py
[2025-10-10T10:36:20.128+0000] {logging_mixin.py:190} INFO - [2025-10-10T10:36:20.128+0000] {dag.py:3239} INFO - Sync 1 DAGs
[2025-10-10T10:36:20.142+0000] {logging_mixin.py:190} INFO - [2025-10-10T10:36:20.142+0000] {dag.py:4180} INFO - Setting next_dagrun for daily_weather_and_motivation to 2025-10-10 08:00:00+00:00, run_after=2025-10-11 08:00:00+00:00
[2025-10-10T10:36:20.152+0000] {processor.py:208} INFO - Processing /opt/airflow/dags/daily_weather_report_dag.py took 0.062 seconds
[2025-10-10T10:36:50.431+0000] {processor.py:186} INFO - Started process (PID=62) to work on /opt/airflow/dags/daily_weather_report_dag.py
[2025-10-10T10:36:50.433+0000] {processor.py:914} INFO - Processing file /opt/airflow/dags/daily_weather_report_dag.py for tasks to queue
[2025-10-10T10:36:50.436+0000] {logging_mixin.py:190} INFO - [2025-10-10T10:36:50.436+0000] {dagbag.py:588} INFO - Filling up the DagBag from /opt/airflow/dags/daily_weather_report_dag.py
[2025-10-10T10:36:50.448+0000] {processor.py:925} INFO - DAG(s) 'daily_weather_and_motivation' retrieved from /opt/airflow/dags/daily_weather_report_dag.py
[2025-10-10T10:36:50.468+0000] {logging_mixin.py:190} INFO - [2025-10-10T10:36:50.468+0000] {dag.py:3239} INFO - Sync 1 DAGs
[2025-10-10T10:36:50.482+0000] {logging_mixin.py:190} INFO - [2025-10-10T10:36:50.482+0000] {dag.py:4180} INFO - Setting next_dagrun for daily_weather_and_motivation to 2025-10-10 08:00:00+00:00, run_after=2025-10-11 08:00:00+00:00
[2025-10-10T10:36:50.490+0000] {processor.py:208} INFO - Processing /opt/airflow/dags/daily_weather_report_dag.py took 0.071 seconds
[2025-10-10T10:37:20.737+0000] {processor.py:186} INFO - Started process (PID=76) to work on /opt/airflow/dags/daily_weather_report_dag.py
[2025-10-10T10:37:20.738+0000] {processor.py:914} INFO - Processing file /opt/airflow/dags/daily_weather_report_dag.py for tasks to queue
[2025-10-10T10:37:20.739+0000] {logging_mixin.py:190} INFO - [2025-10-10T10:37:20.739+0000] {dagbag.py:588} INFO - Filling up the DagBag from /opt/airflow/dags/daily_weather_report_dag.py
[2025-10-10T10:37:20.748+0000] {processor.py:925} INFO - DAG(s) 'daily_weather_and_motivation' retrieved from /opt/airflow/dags/daily_weather_report_dag.py
[2025-10-10T10:37:20.762+0000] {logging_mixin.py:190} INFO - [2025-10-10T10:37:20.762+0000] {dag.py:3239} INFO - Sync 1 DAGs
[2025-10-10T10:37:20.773+0000] {logging_mixin.py:190} INFO - [2025-10-10T10:37:20.773+0000] {dag.py:4180} INFO - Setting next_dagrun for daily_weather_and_motivation to 2025-10-10 08:00:00+00:00, run_after=2025-10-11 08:00:00+00:00
[2025-10-10T10:37:20.781+0000] {processor.py:208} INFO - Processing /opt/airflow/dags/daily_weather_report_dag.py took 0.048 seconds
[2025-10-10T10:37:51.026+0000] {processor.py:186} INFO - Started process (PID=84) to work on /opt/airflow/dags/daily_weather_report_dag.py
[2025-10-10T10:37:51.028+0000] {processor.py:914} INFO - Processing file /opt/airflow/dags/daily_weather_report_dag.py for tasks to queue
[2025-10-10T10:37:51.032+0000] {logging_mixin.py:190} INFO - [2025-10-10T10:37:51.031+0000] {dagbag.py:588} INFO - Filling up the DagBag from /opt/airflow/dags/daily_weather_report_dag.py
[2025-10-10T10:37:51.049+0000] {processor.py:925} INFO - DAG(s) 'daily_weather_and_motivation' retrieved from /opt/airflow/dags/daily_weather_report_dag.py
[2025-10-10T10:37:51.072+0000] {logging_mixin.py:190} INFO - [2025-10-10T10:37:51.072+0000] {dag.py:3239} INFO - Sync 1 DAGs
[2025-10-10T10:37:51.089+0000] {logging_mixin.py:190} INFO - [2025-10-10T10:37:51.089+0000] {dag.py:4180} INFO - Setting next_dagrun for daily_weather_and_motivation to 2025-10-10 08:00:00+00:00, run_after=2025-10-11 08:00:00+00:00
[2025-10-10T10:37:51.103+0000] {processor.py:208} INFO - Processing /opt/airflow/dags/daily_weather_report_dag.py took 0.088 seconds
[2025-10-10T10:38:21.283+0000] {processor.py:186} INFO - Started process (PID=92) to work on /opt/airflow/dags/daily_weather_report_dag.py
[2025-10-10T10:38:21.283+0000] {processor.py:914} INFO - Processing file /opt/airflow/dags/daily_weather_report_dag.py for tasks to queue
[2025-10-10T10:38:21.286+0000] {logging_mixin.py:190} INFO - [2025-10-10T10:38:21.285+0000] {dagbag.py:588} INFO - Filling up the DagBag from /opt/airflow/dags/daily_weather_report_dag.py
[2025-10-10T10:38:21.298+0000] {processor.py:925} INFO - DAG(s) 'daily_weather_and_motivation' retrieved from /opt/airflow/dags/daily_weather_report_dag.py
[2025-10-10T10:38:21.315+0000] {logging_mixin.py:190} INFO - [2025-10-10T10:38:21.315+0000] {dag.py:3239} INFO - Sync 1 DAGs
[2025-10-10T10:38:21.326+0000] {logging_mixin.py:190} INFO - [2025-10-10T10:38:21.326+0000] {dag.py:4180} INFO - Setting next_dagrun for daily_weather_and_motivation to 2025-10-10 08:00:00+00:00, run_after=2025-10-11 08:00:00+00:00
[2025-10-10T10:38:21.429+0000] {processor.py:208} INFO - Processing /opt/airflow/dags/daily_weather_report_dag.py took 0.153 seconds
[2025-10-10T10:38:51.701+0000] {processor.py:186} INFO - Started process (PID=100) to work on /opt/airflow/dags/daily_weather_report_dag.py
[2025-10-10T10:38:51.703+0000] {processor.py:914} INFO - Processing file /opt/airflow/dags/daily_weather_report_dag.py for tasks to queue
[2025-10-10T10:38:51.706+0000] {logging_mixin.py:190} INFO - [2025-10-10T10:38:51.705+0000] {dagbag.py:588} INFO - Filling up the DagBag from /opt/airflow/dags/daily_weather_report_dag.py
[2025-10-10T10:38:51.716+0000] {processor.py:925} INFO - DAG(s) 'daily_weather_and_motivation' retrieved from /opt/airflow/dags/daily_weather_report_dag.py
[2025-10-10T10:38:51.732+0000] {logging_mixin.py:190} INFO - [2025-10-10T10:38:51.732+0000] {dag.py:3239} INFO - Sync 1 DAGs
[2025-10-10T10:38:51.818+0000] {logging_mixin.py:190} INFO - [2025-10-10T10:38:51.818+0000] {dag.py:4180} INFO - Setting next_dagrun for daily_weather_and_motivation to 2025-10-10 08:00:00+00:00, run_after=2025-10-11 08:00:00+00:00
[2025-10-10T10:38:51.826+0000] {processor.py:208} INFO - Processing /opt/airflow/dags/daily_weather_report_dag.py took 0.132 seconds
[2025-10-10T10:39:22.020+0000] {processor.py:186} INFO - Started process (PID=107) to work on /opt/airflow/dags/daily_weather_report_dag.py
[2025-10-10T10:39:22.021+0000] {processor.py:914} INFO - Processing file /opt/airflow/dags/daily_weather_report_dag.py for tasks to queue
[2025-10-10T10:39:22.022+0000] {logging_mixin.py:190} INFO - [2025-10-10T10:39:22.022+0000] {dagbag.py:588} INFO - Filling up the DagBag from /opt/airflow/dags/daily_weather_report_dag.py
[2025-10-10T10:39:22.032+0000] {processor.py:925} INFO - DAG(s) 'daily_weather_and_motivation' retrieved from /opt/airflow/dags/daily_weather_report_dag.py
[2025-10-10T10:39:22.046+0000] {logging_mixin.py:190} INFO - [2025-10-10T10:39:22.046+0000] {dag.py:3239} INFO - Sync 1 DAGs
[2025-10-10T10:39:22.161+0000] {logging_mixin.py:190} INFO - [2025-10-10T10:39:22.161+0000] {dag.py:4180} INFO - Setting next_dagrun for daily_weather_and_motivation to 2025-10-10 08:00:00+00:00, run_after=2025-10-11 08:00:00+00:00
[2025-10-10T10:39:22.169+0000] {processor.py:208} INFO - Processing /opt/airflow/dags/daily_weather_report_dag.py took 0.152 seconds
[2025-10-10T10:39:52.465+0000] {processor.py:186} INFO - Started process (PID=115) to work on /opt/airflow/dags/daily_weather_report_dag.py
[2025-10-10T10:39:52.466+0000] {processor.py:914} INFO - Processing file /opt/airflow/dags/daily_weather_report_dag.py for tasks to queue
[2025-10-10T10:39:52.469+0000] {logging_mixin.py:190} INFO - [2025-10-10T10:39:52.469+0000] {dagbag.py:588} INFO - Filling up the DagBag from /opt/airflow/dags/daily_weather_report_dag.py
[2025-10-10T10:39:52.480+0000] {processor.py:925} INFO - DAG(s) 'daily_weather_and_motivation' retrieved from /opt/airflow/dags/daily_weather_report_dag.py
[2025-10-10T10:39:52.495+0000] {logging_mixin.py:190} INFO - [2025-10-10T10:39:52.495+0000] {dag.py:3239} INFO - Sync 1 DAGs
[2025-10-10T10:39:52.506+0000] {logging_mixin.py:190} INFO - [2025-10-10T10:39:52.506+0000] {dag.py:4180} INFO - Setting next_dagrun for daily_weather_and_motivation to 2025-10-10 08:00:00+00:00, run_after=2025-10-11 08:00:00+00:00
[2025-10-10T10:39:52.514+0000] {processor.py:208} INFO - Processing /opt/airflow/dags/daily_weather_report_dag.py took 0.056 seconds
[2025-10-10T10:40:22.807+0000] {processor.py:186} INFO - Started process (PID=123) to work on /opt/airflow/dags/daily_weather_report_dag.py
[2025-10-10T10:40:22.808+0000] {processor.py:914} INFO - Processing file /opt/airflow/dags/daily_weather_report_dag.py for tasks to queue
[2025-10-10T10:40:22.811+0000] {logging_mixin.py:190} INFO - [2025-10-10T10:40:22.811+0000] {dagbag.py:588} INFO - Filling up the DagBag from /opt/airflow/dags/daily_weather_report_dag.py
[2025-10-10T10:40:22.824+0000] {processor.py:925} INFO - DAG(s) 'daily_weather_and_motivation' retrieved from /opt/airflow/dags/daily_weather_report_dag.py
[2025-10-10T10:40:22.842+0000] {logging_mixin.py:190} INFO - [2025-10-10T10:40:22.842+0000] {dag.py:3239} INFO - Sync 1 DAGs
[2025-10-10T10:40:22.855+0000] {logging_mixin.py:190} INFO - [2025-10-10T10:40:22.855+0000] {dag.py:4180} INFO - Setting next_dagrun for daily_weather_and_motivation to 2025-10-10 08:00:00+00:00, run_after=2025-10-11 08:00:00+00:00
[2025-10-10T10:40:22.863+0000] {processor.py:208} INFO - Processing /opt/airflow/dags/daily_weather_report_dag.py took 0.064 seconds
[2025-10-10T10:40:53.225+0000] {processor.py:186} INFO - Started process (PID=131) to work on /opt/airflow/dags/daily_weather_report_dag.py
[2025-10-10T10:40:53.226+0000] {processor.py:914} INFO - Processing file /opt/airflow/dags/daily_weather_report_dag.py for tasks to queue
[2025-10-10T10:40:53.227+0000] {logging_mixin.py:190} INFO - [2025-10-10T10:40:53.227+0000] {dagbag.py:588} INFO - Filling up the DagBag from /opt/airflow/dags/daily_weather_report_dag.py
[2025-10-10T10:40:53.239+0000] {processor.py:925} INFO - DAG(s) 'daily_weather_and_motivation' retrieved from /opt/airflow/dags/daily_weather_report_dag.py
[2025-10-10T10:40:53.254+0000] {logging_mixin.py:190} INFO - [2025-10-10T10:40:53.254+0000] {dag.py:3239} INFO - Sync 1 DAGs
[2025-10-10T10:40:53.268+0000] {logging_mixin.py:190} INFO - [2025-10-10T10:40:53.268+0000] {dag.py:4180} INFO - Setting next_dagrun for daily_weather_and_motivation to 2025-10-10 08:00:00+00:00, run_after=2025-10-11 08:00:00+00:00
[2025-10-10T10:40:53.363+0000] {processor.py:208} INFO - Processing /opt/airflow/dags/daily_weather_report_dag.py took 0.144 seconds
[2025-10-10T10:41:23.566+0000] {processor.py:186} INFO - Started process (PID=139) to work on /opt/airflow/dags/daily_weather_report_dag.py
[2025-10-10T10:41:23.567+0000] {processor.py:914} INFO - Processing file /opt/airflow/dags/daily_weather_report_dag.py for tasks to queue
[2025-10-10T10:41:23.568+0000] {logging_mixin.py:190} INFO - [2025-10-10T10:41:23.568+0000] {dagbag.py:588} INFO - Filling up the DagBag from /opt/airflow/dags/daily_weather_report_dag.py
[2025-10-10T10:41:23.576+0000] {processor.py:925} INFO - DAG(s) 'daily_weather_and_motivation' retrieved from /opt/airflow/dags/daily_weather_report_dag.py
[2025-10-10T10:41:23.593+0000] {logging_mixin.py:190} INFO - [2025-10-10T10:41:23.593+0000] {dag.py:3239} INFO - Sync 1 DAGs
[2025-10-10T10:41:23.678+0000] {logging_mixin.py:190} INFO - [2025-10-10T10:41:23.678+0000] {dag.py:4180} INFO - Setting next_dagrun for daily_weather_and_motivation to 2025-10-10 08:00:00+00:00, run_after=2025-10-11 08:00:00+00:00
[2025-10-10T10:41:23.687+0000] {processor.py:208} INFO - Processing /opt/airflow/dags/daily_weather_report_dag.py took 0.125 seconds
[2025-10-10T10:41:53.961+0000] {processor.py:186} INFO - Started process (PID=147) to work on /opt/airflow/dags/daily_weather_report_dag.py
[2025-10-10T10:41:53.961+0000] {processor.py:914} INFO - Processing file /opt/airflow/dags/daily_weather_report_dag.py for tasks to queue
[2025-10-10T10:41:53.964+0000] {logging_mixin.py:190} INFO - [2025-10-10T10:41:53.964+0000] {dagbag.py:588} INFO - Filling up the DagBag from /opt/airflow/dags/daily_weather_report_dag.py
[2025-10-10T10:41:53.974+0000] {processor.py:925} INFO - DAG(s) 'daily_weather_and_motivation' retrieved from /opt/airflow/dags/daily_weather_report_dag.py
[2025-10-10T10:41:54.065+0000] {logging_mixin.py:190} INFO - [2025-10-10T10:41:54.065+0000] {dag.py:3239} INFO - Sync 1 DAGs
[2025-10-10T10:41:54.074+0000] {logging_mixin.py:190} INFO - [2025-10-10T10:41:54.074+0000] {dag.py:4180} INFO - Setting next_dagrun for daily_weather_and_motivation to 2025-10-10 08:00:00+00:00, run_after=2025-10-11 08:00:00+00:00
[2025-10-10T10:41:54.082+0000] {processor.py:208} INFO - Processing /opt/airflow/dags/daily_weather_report_dag.py took 0.128 seconds
[2025-10-10T10:42:24.388+0000] {processor.py:186} INFO - Started process (PID=155) to work on /opt/airflow/dags/daily_weather_report_dag.py
[2025-10-10T10:42:24.389+0000] {processor.py:914} INFO - Processing file /opt/airflow/dags/daily_weather_report_dag.py for tasks to queue
[2025-10-10T10:42:24.391+0000] {logging_mixin.py:190} INFO - [2025-10-10T10:42:24.391+0000] {dagbag.py:588} INFO - Filling up the DagBag from /opt/airflow/dags/daily_weather_report_dag.py
[2025-10-10T10:42:24.405+0000] {processor.py:925} INFO - DAG(s) 'daily_weather_and_motivation' retrieved from /opt/airflow/dags/daily_weather_report_dag.py
[2025-10-10T10:42:24.418+0000] {logging_mixin.py:190} INFO - [2025-10-10T10:42:24.418+0000] {dag.py:3239} INFO - Sync 1 DAGs
[2025-10-10T10:42:24.428+0000] {logging_mixin.py:190} INFO - [2025-10-10T10:42:24.427+0000] {dag.py:4180} INFO - Setting next_dagrun for daily_weather_and_motivation to 2025-10-10 08:00:00+00:00, run_after=2025-10-11 08:00:00+00:00
[2025-10-10T10:42:24.437+0000] {processor.py:208} INFO - Processing /opt/airflow/dags/daily_weather_report_dag.py took 0.055 seconds
[2025-10-10T10:42:54.689+0000] {processor.py:186} INFO - Started process (PID=163) to work on /opt/airflow/dags/daily_weather_report_dag.py
[2025-10-10T10:42:54.691+0000] {processor.py:914} INFO - Processing file /opt/airflow/dags/daily_weather_report_dag.py for tasks to queue
[2025-10-10T10:42:54.693+0000] {logging_mixin.py:190} INFO - [2025-10-10T10:42:54.693+0000] {dagbag.py:588} INFO - Filling up the DagBag from /opt/airflow/dags/daily_weather_report_dag.py
[2025-10-10T10:42:54.702+0000] {processor.py:925} INFO - DAG(s) 'daily_weather_and_motivation' retrieved from /opt/airflow/dags/daily_weather_report_dag.py
[2025-10-10T10:42:54.717+0000] {logging_mixin.py:190} INFO - [2025-10-10T10:42:54.717+0000] {dag.py:3239} INFO - Sync 1 DAGs
[2025-10-10T10:42:54.729+0000] {logging_mixin.py:190} INFO - [2025-10-10T10:42:54.729+0000] {dag.py:4180} INFO - Setting next_dagrun for daily_weather_and_motivation to 2025-10-10 08:00:00+00:00, run_after=2025-10-11 08:00:00+00:00
[2025-10-10T10:42:54.738+0000] {processor.py:208} INFO - Processing /opt/airflow/dags/daily_weather_report_dag.py took 0.053 seconds
[2025-10-10T10:43:25.044+0000] {processor.py:186} INFO - Started process (PID=171) to work on /opt/airflow/dags/daily_weather_report_dag.py
[2025-10-10T10:43:25.045+0000] {processor.py:914} INFO - Processing file /opt/airflow/dags/daily_weather_report_dag.py for tasks to queue
[2025-10-10T10:43:25.049+0000] {logging_mixin.py:190} INFO - [2025-10-10T10:43:25.049+0000] {dagbag.py:588} INFO - Filling up the DagBag from /opt/airflow/dags/daily_weather_report_dag.py
[2025-10-10T10:43:25.061+0000] {processor.py:925} INFO - DAG(s) 'daily_weather_and_motivation' retrieved from /opt/airflow/dags/daily_weather_report_dag.py
[2025-10-10T10:43:25.076+0000] {logging_mixin.py:190} INFO - [2025-10-10T10:43:25.076+0000] {dag.py:3239} INFO - Sync 1 DAGs
[2025-10-10T10:43:25.088+0000] {logging_mixin.py:190} INFO - [2025-10-10T10:43:25.088+0000] {dag.py:4180} INFO - Setting next_dagrun for daily_weather_and_motivation to 2025-10-10 08:00:00+00:00, run_after=2025-10-11 08:00:00+00:00
[2025-10-10T10:43:25.217+0000] {processor.py:208} INFO - Processing /opt/airflow/dags/daily_weather_report_dag.py took 0.181 seconds
[2025-10-10T10:43:55.342+0000] {processor.py:186} INFO - Started process (PID=179) to work on /opt/airflow/dags/daily_weather_report_dag.py
[2025-10-10T10:43:55.343+0000] {processor.py:914} INFO - Processing file /opt/airflow/dags/daily_weather_report_dag.py for tasks to queue
[2025-10-10T10:43:55.345+0000] {logging_mixin.py:190} INFO - [2025-10-10T10:43:55.345+0000] {dagbag.py:588} INFO - Filling up the DagBag from /opt/airflow/dags/daily_weather_report_dag.py
[2025-10-10T10:43:55.359+0000] {processor.py:925} INFO - DAG(s) 'daily_weather_and_motivation' retrieved from /opt/airflow/dags/daily_weather_report_dag.py
[2025-10-10T10:43:55.373+0000] {logging_mixin.py:190} INFO - [2025-10-10T10:43:55.373+0000] {dag.py:3239} INFO - Sync 1 DAGs
[2025-10-10T10:43:55.454+0000] {logging_mixin.py:190} INFO - [2025-10-10T10:43:55.454+0000] {dag.py:4180} INFO - Setting next_dagrun for daily_weather_and_motivation to 2025-10-10 08:00:00+00:00, run_after=2025-10-11 08:00:00+00:00
[2025-10-10T10:43:55.461+0000] {processor.py:208} INFO - Processing /opt/airflow/dags/daily_weather_report_dag.py took 0.125 seconds
[2025-10-10T10:44:25.807+0000] {processor.py:186} INFO - Started process (PID=187) to work on /opt/airflow/dags/daily_weather_report_dag.py
[2025-10-10T10:44:25.808+0000] {processor.py:914} INFO - Processing file /opt/airflow/dags/daily_weather_report_dag.py for tasks to queue
[2025-10-10T10:44:25.810+0000] {logging_mixin.py:190} INFO - [2025-10-10T10:44:25.810+0000] {dagbag.py:588} INFO - Filling up the DagBag from /opt/airflow/dags/daily_weather_report_dag.py
[2025-10-10T10:44:25.823+0000] {processor.py:925} INFO - DAG(s) 'daily_weather_and_motivation' retrieved from /opt/airflow/dags/daily_weather_report_dag.py
[2025-10-10T10:44:25.840+0000] {logging_mixin.py:190} INFO - [2025-10-10T10:44:25.840+0000] {dag.py:3239} INFO - Sync 1 DAGs
[2025-10-10T10:44:25.942+0000] {logging_mixin.py:190} INFO - [2025-10-10T10:44:25.942+0000] {dag.py:4180} INFO - Setting next_dagrun for daily_weather_and_motivation to 2025-10-10 08:00:00+00:00, run_after=2025-10-11 08:00:00+00:00
[2025-10-10T10:44:25.951+0000] {processor.py:208} INFO - Processing /opt/airflow/dags/daily_weather_report_dag.py took 0.152 seconds
[2025-10-10T10:44:56.163+0000] {processor.py:186} INFO - Started process (PID=195) to work on /opt/airflow/dags/daily_weather_report_dag.py
[2025-10-10T10:44:56.164+0000] {processor.py:914} INFO - Processing file /opt/airflow/dags/daily_weather_report_dag.py for tasks to queue
[2025-10-10T10:44:56.169+0000] {logging_mixin.py:190} INFO - [2025-10-10T10:44:56.168+0000] {dagbag.py:588} INFO - Filling up the DagBag from /opt/airflow/dags/daily_weather_report_dag.py
[2025-10-10T10:44:56.326+0000] {processor.py:925} INFO - DAG(s) 'daily_weather_and_motivation' retrieved from /opt/airflow/dags/daily_weather_report_dag.py
[2025-10-10T10:44:56.337+0000] {logging_mixin.py:190} INFO - [2025-10-10T10:44:56.337+0000] {dag.py:3239} INFO - Sync 1 DAGs
[2025-10-10T10:44:56.347+0000] {logging_mixin.py:190} INFO - [2025-10-10T10:44:56.346+0000] {dag.py:4180} INFO - Setting next_dagrun for daily_weather_and_motivation to 2025-10-10 08:00:00+00:00, run_after=2025-10-11 08:00:00+00:00
[2025-10-10T10:44:56.355+0000] {processor.py:208} INFO - Processing /opt/airflow/dags/daily_weather_report_dag.py took 0.200 seconds
[2025-10-10T10:45:26.698+0000] {processor.py:186} INFO - Started process (PID=203) to work on /opt/airflow/dags/daily_weather_report_dag.py
[2025-10-10T10:45:26.699+0000] {processor.py:914} INFO - Processing file /opt/airflow/dags/daily_weather_report_dag.py for tasks to queue
[2025-10-10T10:45:26.700+0000] {logging_mixin.py:190} INFO - [2025-10-10T10:45:26.700+0000] {dagbag.py:588} INFO - Filling up the DagBag from /opt/airflow/dags/daily_weather_report_dag.py
[2025-10-10T10:45:26.710+0000] {processor.py:925} INFO - DAG(s) 'daily_weather_and_motivation' retrieved from /opt/airflow/dags/daily_weather_report_dag.py
[2025-10-10T10:45:26.723+0000] {logging_mixin.py:190} INFO - [2025-10-10T10:45:26.722+0000] {dag.py:3239} INFO - Sync 1 DAGs
[2025-10-10T10:45:26.733+0000] {logging_mixin.py:190} INFO - [2025-10-10T10:45:26.733+0000] {dag.py:4180} INFO - Setting next_dagrun for daily_weather_and_motivation to 2025-10-10 08:00:00+00:00, run_after=2025-10-11 08:00:00+00:00
[2025-10-10T10:45:26.744+0000] {processor.py:208} INFO - Processing /opt/airflow/dags/daily_weather_report_dag.py took 0.049 seconds
[2025-10-10T10:45:57.036+0000] {processor.py:186} INFO - Started process (PID=211) to work on /opt/airflow/dags/daily_weather_report_dag.py
[2025-10-10T10:45:57.036+0000] {processor.py:914} INFO - Processing file /opt/airflow/dags/daily_weather_report_dag.py for tasks to queue
[2025-10-10T10:45:57.038+0000] {logging_mixin.py:190} INFO - [2025-10-10T10:45:57.038+0000] {dagbag.py:588} INFO - Filling up the DagBag from /opt/airflow/dags/daily_weather_report_dag.py
[2025-10-10T10:45:57.045+0000] {processor.py:925} INFO - DAG(s) 'daily_weather_and_motivation' retrieved from /opt/airflow/dags/daily_weather_report_dag.py
[2025-10-10T10:45:57.057+0000] {logging_mixin.py:190} INFO - [2025-10-10T10:45:57.057+0000] {dag.py:3239} INFO - Sync 1 DAGs
[2025-10-10T10:45:57.068+0000] {logging_mixin.py:190} INFO - [2025-10-10T10:45:57.068+0000] {dag.py:4180} INFO - Setting next_dagrun for daily_weather_and_motivation to 2025-10-10 08:00:00+00:00, run_after=2025-10-11 08:00:00+00:00
[2025-10-10T10:45:57.077+0000] {processor.py:208} INFO - Processing /opt/airflow/dags/daily_weather_report_dag.py took 0.043 seconds
[2025-10-10T10:46:27.401+0000] {processor.py:186} INFO - Started process (PID=219) to work on /opt/airflow/dags/daily_weather_report_dag.py
[2025-10-10T10:46:27.402+0000] {processor.py:914} INFO - Processing file /opt/airflow/dags/daily_weather_report_dag.py for tasks to queue
[2025-10-10T10:46:27.404+0000] {logging_mixin.py:190} INFO - [2025-10-10T10:46:27.403+0000] {dagbag.py:588} INFO - Filling up the DagBag from /opt/airflow/dags/daily_weather_report_dag.py
[2025-10-10T10:46:27.413+0000] {processor.py:925} INFO - DAG(s) 'daily_weather_and_motivation' retrieved from /opt/airflow/dags/daily_weather_report_dag.py
[2025-10-10T10:46:27.431+0000] {logging_mixin.py:190} INFO - [2025-10-10T10:46:27.431+0000] {dag.py:3239} INFO - Sync 1 DAGs
[2025-10-10T10:46:27.446+0000] {logging_mixin.py:190} INFO - [2025-10-10T10:46:27.446+0000] {dag.py:4180} INFO - Setting next_dagrun for daily_weather_and_motivation to 2025-10-10 08:00:00+00:00, run_after=2025-10-11 08:00:00+00:00
[2025-10-10T10:46:27.455+0000] {processor.py:208} INFO - Processing /opt/airflow/dags/daily_weather_report_dag.py took 0.062 seconds
[2025-10-10T10:46:57.774+0000] {processor.py:186} INFO - Started process (PID=227) to work on /opt/airflow/dags/daily_weather_report_dag.py
[2025-10-10T10:46:57.775+0000] {processor.py:914} INFO - Processing file /opt/airflow/dags/daily_weather_report_dag.py for tasks to queue
[2025-10-10T10:46:57.777+0000] {logging_mixin.py:190} INFO - [2025-10-10T10:46:57.777+0000] {dagbag.py:588} INFO - Filling up the DagBag from /opt/airflow/dags/daily_weather_report_dag.py
[2025-10-10T10:46:57.785+0000] {processor.py:925} INFO - DAG(s) 'daily_weather_and_motivation' retrieved from /opt/airflow/dags/daily_weather_report_dag.py
[2025-10-10T10:46:57.799+0000] {logging_mixin.py:190} INFO - [2025-10-10T10:46:57.799+0000] {dag.py:3239} INFO - Sync 1 DAGs
[2025-10-10T10:46:57.810+0000] {logging_mixin.py:190} INFO - [2025-10-10T10:46:57.810+0000] {dag.py:4180} INFO - Setting next_dagrun for daily_weather_and_motivation to 2025-10-10 08:00:00+00:00, run_after=2025-10-11 08:00:00+00:00
[2025-10-10T10:46:57.821+0000] {processor.py:208} INFO - Processing /opt/airflow/dags/daily_weather_report_dag.py took 0.050 seconds
[2025-10-10T10:47:28.092+0000] {processor.py:186} INFO - Started process (PID=235) to work on /opt/airflow/dags/daily_weather_report_dag.py
[2025-10-10T10:47:28.093+0000] {processor.py:914} INFO - Processing file /opt/airflow/dags/daily_weather_report_dag.py for tasks to queue
[2025-10-10T10:47:28.097+0000] {logging_mixin.py:190} INFO - [2025-10-10T10:47:28.096+0000] {dagbag.py:588} INFO - Filling up the DagBag from /opt/airflow/dags/daily_weather_report_dag.py
[2025-10-10T10:47:28.111+0000] {processor.py:925} INFO - DAG(s) 'daily_weather_and_motivation' retrieved from /opt/airflow/dags/daily_weather_report_dag.py
[2025-10-10T10:47:28.128+0000] {logging_mixin.py:190} INFO - [2025-10-10T10:47:28.127+0000] {dag.py:3239} INFO - Sync 1 DAGs
[2025-10-10T10:47:28.143+0000] {logging_mixin.py:190} INFO - [2025-10-10T10:47:28.142+0000] {dag.py:4180} INFO - Setting next_dagrun for daily_weather_and_motivation to 2025-10-10 08:00:00+00:00, run_after=2025-10-11 08:00:00+00:00
[2025-10-10T10:47:28.153+0000] {processor.py:208} INFO - Processing /opt/airflow/dags/daily_weather_report_dag.py took 0.086 seconds
[2025-10-10T10:47:58.408+0000] {processor.py:186} INFO - Started process (PID=243) to work on /opt/airflow/dags/daily_weather_report_dag.py
[2025-10-10T10:47:58.410+0000] {processor.py:914} INFO - Processing file /opt/airflow/dags/daily_weather_report_dag.py for tasks to queue
[2025-10-10T10:47:58.412+0000] {logging_mixin.py:190} INFO - [2025-10-10T10:47:58.412+0000] {dagbag.py:588} INFO - Filling up the DagBag from /opt/airflow/dags/daily_weather_report_dag.py
[2025-10-10T10:47:58.428+0000] {processor.py:925} INFO - DAG(s) 'daily_weather_and_motivation' retrieved from /opt/airflow/dags/daily_weather_report_dag.py
[2025-10-10T10:47:58.447+0000] {logging_mixin.py:190} INFO - [2025-10-10T10:47:58.447+0000] {dag.py:3239} INFO - Sync 1 DAGs
[2025-10-10T10:47:58.459+0000] {logging_mixin.py:190} INFO - [2025-10-10T10:47:58.458+0000] {dag.py:4180} INFO - Setting next_dagrun for daily_weather_and_motivation to 2025-10-10 08:00:00+00:00, run_after=2025-10-11 08:00:00+00:00
[2025-10-10T10:47:58.470+0000] {processor.py:208} INFO - Processing /opt/airflow/dags/daily_weather_report_dag.py took 0.066 seconds
[2025-10-10T10:48:28.777+0000] {processor.py:186} INFO - Started process (PID=251) to work on /opt/airflow/dags/daily_weather_report_dag.py
[2025-10-10T10:48:28.777+0000] {processor.py:914} INFO - Processing file /opt/airflow/dags/daily_weather_report_dag.py for tasks to queue
[2025-10-10T10:48:28.779+0000] {logging_mixin.py:190} INFO - [2025-10-10T10:48:28.779+0000] {dagbag.py:588} INFO - Filling up the DagBag from /opt/airflow/dags/daily_weather_report_dag.py
[2025-10-10T10:48:28.788+0000] {processor.py:925} INFO - DAG(s) 'daily_weather_and_motivation' retrieved from /opt/airflow/dags/daily_weather_report_dag.py
[2025-10-10T10:48:28.805+0000] {logging_mixin.py:190} INFO - [2025-10-10T10:48:28.805+0000] {dag.py:3239} INFO - Sync 1 DAGs
[2025-10-10T10:48:28.817+0000] {logging_mixin.py:190} INFO - [2025-10-10T10:48:28.817+0000] {dag.py:4180} INFO - Setting next_dagrun for daily_weather_and_motivation to 2025-10-10 08:00:00+00:00, run_after=2025-10-11 08:00:00+00:00
[2025-10-10T10:48:28.828+0000] {processor.py:208} INFO - Processing /opt/airflow/dags/daily_weather_report_dag.py took 0.055 seconds
[2025-10-10T10:48:47.003+0000] {processor.py:186} INFO - Started process (PID=253) to work on /opt/airflow/dags/daily_weather_report_dag.py
[2025-10-10T10:48:47.004+0000] {processor.py:914} INFO - Processing file /opt/airflow/dags/daily_weather_report_dag.py for tasks to queue
[2025-10-10T10:48:47.007+0000] {logging_mixin.py:190} INFO - [2025-10-10T10:48:47.006+0000] {dagbag.py:588} INFO - Filling up the DagBag from /opt/airflow/dags/daily_weather_report_dag.py
[2025-10-10T10:48:47.021+0000] {processor.py:925} INFO - DAG(s) 'daily_motivation_and_playlist' retrieved from /opt/airflow/dags/daily_weather_report_dag.py
[2025-10-10T10:48:47.072+0000] {logging_mixin.py:190} INFO - [2025-10-10T10:48:47.072+0000] {override.py:1911} INFO - Created Permission View: can edit on DAG:daily_motivation_and_playlist
[2025-10-10T10:48:47.078+0000] {logging_mixin.py:190} INFO - [2025-10-10T10:48:47.078+0000] {override.py:1911} INFO - Created Permission View: can read on DAG:daily_motivation_and_playlist
[2025-10-10T10:48:47.082+0000] {logging_mixin.py:190} INFO - [2025-10-10T10:48:47.082+0000] {override.py:1911} INFO - Created Permission View: can delete on DAG:daily_motivation_and_playlist
[2025-10-10T10:48:47.083+0000] {logging_mixin.py:190} INFO - [2025-10-10T10:48:47.083+0000] {override.py:1911} INFO - Created Permission View: can create on DAG Run:daily_motivation_and_playlist
[2025-10-10T10:48:47.085+0000] {logging_mixin.py:190} INFO - [2025-10-10T10:48:47.084+0000] {override.py:1911} INFO - Created Permission View: can read on DAG Run:daily_motivation_and_playlist
[2025-10-10T10:48:47.086+0000] {logging_mixin.py:190} INFO - [2025-10-10T10:48:47.086+0000] {override.py:1911} INFO - Created Permission View: can delete on DAG Run:daily_motivation_and_playlist
[2025-10-10T10:48:47.087+0000] {logging_mixin.py:190} INFO - [2025-10-10T10:48:47.087+0000] {override.py:1911} INFO - Created Permission View: menu access on DAG Run:daily_motivation_and_playlist
[2025-10-10T10:48:47.088+0000] {logging_mixin.py:190} INFO - [2025-10-10T10:48:47.088+0000] {dag.py:3239} INFO - Sync 1 DAGs
[2025-10-10T10:48:47.093+0000] {logging_mixin.py:190} INFO - [2025-10-10T10:48:47.092+0000] {dag.py:3262} INFO - Creating ORM DAG for daily_motivation_and_playlist
[2025-10-10T10:48:47.096+0000] {logging_mixin.py:190} INFO - [2025-10-10T10:48:47.096+0000] {dag.py:4180} INFO - Setting next_dagrun for daily_motivation_and_playlist to 2025-10-09 07:00:00+00:00, run_after=2025-10-10 07:00:00+00:00
[2025-10-10T10:48:47.103+0000] {processor.py:208} INFO - Processing /opt/airflow/dags/daily_weather_report_dag.py took 0.107 seconds
