[2025-10-10T10:49:43.461+0000] {processor.py:186} INFO - Started process (PID=36) to work on /opt/airflow/dags/daily_motivation_playlist.py
[2025-10-10T10:49:43.461+0000] {processor.py:914} INFO - Processing file /opt/airflow/dags/daily_motivation_playlist.py for tasks to queue
[2025-10-10T10:49:43.463+0000] {logging_mixin.py:190} INFO - [2025-10-10T10:49:43.463+0000] {dagbag.py:588} INFO - Filling up the DagBag from /opt/airflow/dags/daily_motivation_playlist.py
[2025-10-10T10:49:43.473+0000] {processor.py:925} INFO - DAG(s) 'daily_motivation_and_playlist' retrieved from /opt/airflow/dags/daily_motivation_playlist.py
[2025-10-10T10:49:43.516+0000] {logging_mixin.py:190} INFO - [2025-10-10T10:49:43.515+0000] {dag.py:3239} INFO - Sync 1 DAGs
[2025-10-10T10:49:43.522+0000] {logging_mixin.py:190} INFO - [2025-10-10T10:49:43.522+0000] {dag.py:4180} INFO - Setting next_dagrun for daily_motivation_and_playlist to 2025-10-09 07:00:00+00:00, run_after=2025-10-10 07:00:00+00:00
[2025-10-10T10:49:43.595+0000] {processor.py:208} INFO - Processing /opt/airflow/dags/daily_motivation_playlist.py took 0.137 seconds
[2025-10-10T10:50:13.830+0000] {processor.py:186} INFO - Started process (PID=50) to work on /opt/airflow/dags/daily_motivation_playlist.py
[2025-10-10T10:50:13.831+0000] {processor.py:914} INFO - Processing file /opt/airflow/dags/daily_motivation_playlist.py for tasks to queue
[2025-10-10T10:50:13.834+0000] {logging_mixin.py:190} INFO - [2025-10-10T10:50:13.834+0000] {dagbag.py:588} INFO - Filling up the DagBag from /opt/airflow/dags/daily_motivation_playlist.py
[2025-10-10T10:50:13.847+0000] {processor.py:925} INFO - DAG(s) 'daily_motivation_and_playlist' retrieved from /opt/airflow/dags/daily_motivation_playlist.py
[2025-10-10T10:50:13.866+0000] {logging_mixin.py:190} INFO - [2025-10-10T10:50:13.866+0000] {dag.py:3239} INFO - Sync 1 DAGs
[2025-10-10T10:50:13.890+0000] {logging_mixin.py:190} INFO - [2025-10-10T10:50:13.890+0000] {dag.py:4180} INFO - Setting next_dagrun for daily_motivation_and_playlist to 2025-10-10 07:00:00+00:00, run_after=2025-10-11 07:00:00+00:00
[2025-10-10T10:50:13.902+0000] {processor.py:208} INFO - Processing /opt/airflow/dags/daily_motivation_playlist.py took 0.082 seconds
[2025-10-10T10:50:44.204+0000] {processor.py:186} INFO - Started process (PID=64) to work on /opt/airflow/dags/daily_motivation_playlist.py
[2025-10-10T10:50:44.205+0000] {processor.py:914} INFO - Processing file /opt/airflow/dags/daily_motivation_playlist.py for tasks to queue
[2025-10-10T10:50:44.208+0000] {logging_mixin.py:190} INFO - [2025-10-10T10:50:44.208+0000] {dagbag.py:588} INFO - Filling up the DagBag from /opt/airflow/dags/daily_motivation_playlist.py
[2025-10-10T10:50:44.219+0000] {processor.py:925} INFO - DAG(s) 'daily_motivation_and_playlist' retrieved from /opt/airflow/dags/daily_motivation_playlist.py
[2025-10-10T10:50:44.235+0000] {logging_mixin.py:190} INFO - [2025-10-10T10:50:44.235+0000] {dag.py:3239} INFO - Sync 1 DAGs
[2025-10-10T10:50:44.249+0000] {logging_mixin.py:190} INFO - [2025-10-10T10:50:44.249+0000] {dag.py:4180} INFO - Setting next_dagrun for daily_motivation_and_playlist to 2025-10-10 07:00:00+00:00, run_after=2025-10-11 07:00:00+00:00
[2025-10-10T10:50:44.259+0000] {processor.py:208} INFO - Processing /opt/airflow/dags/daily_motivation_playlist.py took 0.061 seconds
[2025-10-10T10:51:14.571+0000] {processor.py:186} INFO - Started process (PID=72) to work on /opt/airflow/dags/daily_motivation_playlist.py
[2025-10-10T10:51:14.572+0000] {processor.py:914} INFO - Processing file /opt/airflow/dags/daily_motivation_playlist.py for tasks to queue
[2025-10-10T10:51:14.575+0000] {logging_mixin.py:190} INFO - [2025-10-10T10:51:14.575+0000] {dagbag.py:588} INFO - Filling up the DagBag from /opt/airflow/dags/daily_motivation_playlist.py
[2025-10-10T10:51:14.592+0000] {processor.py:925} INFO - DAG(s) 'daily_motivation_and_playlist' retrieved from /opt/airflow/dags/daily_motivation_playlist.py
[2025-10-10T10:51:14.617+0000] {logging_mixin.py:190} INFO - [2025-10-10T10:51:14.617+0000] {dag.py:3239} INFO - Sync 1 DAGs
[2025-10-10T10:51:14.641+0000] {logging_mixin.py:190} INFO - [2025-10-10T10:51:14.641+0000] {dag.py:4180} INFO - Setting next_dagrun for daily_motivation_and_playlist to 2025-10-10 07:00:00+00:00, run_after=2025-10-11 07:00:00+00:00
[2025-10-10T10:51:14.666+0000] {processor.py:208} INFO - Processing /opt/airflow/dags/daily_motivation_playlist.py took 0.103 seconds
[2025-10-10T10:51:44.850+0000] {processor.py:186} INFO - Started process (PID=80) to work on /opt/airflow/dags/daily_motivation_playlist.py
[2025-10-10T10:51:44.851+0000] {processor.py:914} INFO - Processing file /opt/airflow/dags/daily_motivation_playlist.py for tasks to queue
[2025-10-10T10:51:44.853+0000] {logging_mixin.py:190} INFO - [2025-10-10T10:51:44.853+0000] {dagbag.py:588} INFO - Filling up the DagBag from /opt/airflow/dags/daily_motivation_playlist.py
[2025-10-10T10:51:44.866+0000] {processor.py:925} INFO - DAG(s) 'daily_motivation_and_playlist' retrieved from /opt/airflow/dags/daily_motivation_playlist.py
[2025-10-10T10:51:44.880+0000] {logging_mixin.py:190} INFO - [2025-10-10T10:51:44.880+0000] {dag.py:3239} INFO - Sync 1 DAGs
[2025-10-10T10:51:44.984+0000] {logging_mixin.py:190} INFO - [2025-10-10T10:51:44.984+0000] {dag.py:4180} INFO - Setting next_dagrun for daily_motivation_and_playlist to 2025-10-10 07:00:00+00:00, run_after=2025-10-11 07:00:00+00:00
[2025-10-10T10:51:44.994+0000] {processor.py:208} INFO - Processing /opt/airflow/dags/daily_motivation_playlist.py took 0.149 seconds
[2025-10-10T10:52:15.332+0000] {processor.py:186} INFO - Started process (PID=88) to work on /opt/airflow/dags/daily_motivation_playlist.py
[2025-10-10T10:52:15.333+0000] {processor.py:914} INFO - Processing file /opt/airflow/dags/daily_motivation_playlist.py for tasks to queue
[2025-10-10T10:52:15.335+0000] {logging_mixin.py:190} INFO - [2025-10-10T10:52:15.335+0000] {dagbag.py:588} INFO - Filling up the DagBag from /opt/airflow/dags/daily_motivation_playlist.py
[2025-10-10T10:52:15.347+0000] {processor.py:925} INFO - DAG(s) 'daily_motivation_and_playlist' retrieved from /opt/airflow/dags/daily_motivation_playlist.py
[2025-10-10T10:52:15.361+0000] {logging_mixin.py:190} INFO - [2025-10-10T10:52:15.361+0000] {dag.py:3239} INFO - Sync 1 DAGs
[2025-10-10T10:52:15.450+0000] {logging_mixin.py:190} INFO - [2025-10-10T10:52:15.450+0000] {dag.py:4180} INFO - Setting next_dagrun for daily_motivation_and_playlist to 2025-10-10 07:00:00+00:00, run_after=2025-10-11 07:00:00+00:00
[2025-10-10T10:52:15.458+0000] {processor.py:208} INFO - Processing /opt/airflow/dags/daily_motivation_playlist.py took 0.133 seconds
[2025-10-10T10:52:45.666+0000] {processor.py:186} INFO - Started process (PID=96) to work on /opt/airflow/dags/daily_motivation_playlist.py
[2025-10-10T10:52:45.667+0000] {processor.py:914} INFO - Processing file /opt/airflow/dags/daily_motivation_playlist.py for tasks to queue
[2025-10-10T10:52:45.669+0000] {logging_mixin.py:190} INFO - [2025-10-10T10:52:45.669+0000] {dagbag.py:588} INFO - Filling up the DagBag from /opt/airflow/dags/daily_motivation_playlist.py
[2025-10-10T10:52:45.779+0000] {processor.py:925} INFO - DAG(s) 'daily_motivation_and_playlist' retrieved from /opt/airflow/dags/daily_motivation_playlist.py
[2025-10-10T10:52:45.789+0000] {logging_mixin.py:190} INFO - [2025-10-10T10:52:45.789+0000] {dag.py:3239} INFO - Sync 1 DAGs
[2025-10-10T10:52:45.797+0000] {logging_mixin.py:190} INFO - [2025-10-10T10:52:45.797+0000] {dag.py:4180} INFO - Setting next_dagrun for daily_motivation_and_playlist to 2025-10-10 07:00:00+00:00, run_after=2025-10-11 07:00:00+00:00
[2025-10-10T10:52:45.804+0000] {processor.py:208} INFO - Processing /opt/airflow/dags/daily_motivation_playlist.py took 0.145 seconds
[2025-10-10T10:53:10.067+0000] {processor.py:186} INFO - Started process (PID=98) to work on /opt/airflow/dags/daily_motivation_playlist.py
[2025-10-10T10:53:10.069+0000] {processor.py:914} INFO - Processing file /opt/airflow/dags/daily_motivation_playlist.py for tasks to queue
[2025-10-10T10:53:10.071+0000] {logging_mixin.py:190} INFO - [2025-10-10T10:53:10.071+0000] {dagbag.py:588} INFO - Filling up the DagBag from /opt/airflow/dags/daily_motivation_playlist.py
[2025-10-10T10:53:10.085+0000] {processor.py:925} INFO - DAG(s) 'daily_motivation_and_playlist' retrieved from /opt/airflow/dags/daily_motivation_playlist.py
[2025-10-10T10:53:10.104+0000] {logging_mixin.py:190} INFO - [2025-10-10T10:53:10.104+0000] {dag.py:3239} INFO - Sync 1 DAGs
[2025-10-10T10:53:10.116+0000] {logging_mixin.py:190} INFO - [2025-10-10T10:53:10.116+0000] {dag.py:4180} INFO - Setting next_dagrun for daily_motivation_and_playlist to 2025-10-10 07:00:00+00:00, run_after=2025-10-11 07:00:00+00:00
[2025-10-10T10:53:10.127+0000] {processor.py:208} INFO - Processing /opt/airflow/dags/daily_motivation_playlist.py took 0.067 seconds
[2025-10-10T10:53:40.386+0000] {processor.py:186} INFO - Started process (PID=106) to work on /opt/airflow/dags/daily_motivation_playlist.py
[2025-10-10T10:53:40.388+0000] {processor.py:914} INFO - Processing file /opt/airflow/dags/daily_motivation_playlist.py for tasks to queue
[2025-10-10T10:53:40.392+0000] {logging_mixin.py:190} INFO - [2025-10-10T10:53:40.392+0000] {dagbag.py:588} INFO - Filling up the DagBag from /opt/airflow/dags/daily_motivation_playlist.py
[2025-10-10T10:53:40.409+0000] {processor.py:925} INFO - DAG(s) 'daily_motivation_and_playlist' retrieved from /opt/airflow/dags/daily_motivation_playlist.py
[2025-10-10T10:53:40.429+0000] {logging_mixin.py:190} INFO - [2025-10-10T10:53:40.429+0000] {dag.py:3239} INFO - Sync 1 DAGs
[2025-10-10T10:53:40.441+0000] {logging_mixin.py:190} INFO - [2025-10-10T10:53:40.441+0000] {dag.py:4180} INFO - Setting next_dagrun for daily_motivation_and_playlist to 2025-10-10 07:00:00+00:00, run_after=2025-10-11 07:00:00+00:00
[2025-10-10T10:53:40.448+0000] {processor.py:208} INFO - Processing /opt/airflow/dags/daily_motivation_playlist.py took 0.070 seconds
[2025-10-10T10:54:10.745+0000] {processor.py:186} INFO - Started process (PID=114) to work on /opt/airflow/dags/daily_motivation_playlist.py
[2025-10-10T10:54:10.746+0000] {processor.py:914} INFO - Processing file /opt/airflow/dags/daily_motivation_playlist.py for tasks to queue
[2025-10-10T10:54:10.748+0000] {logging_mixin.py:190} INFO - [2025-10-10T10:54:10.748+0000] {dagbag.py:588} INFO - Filling up the DagBag from /opt/airflow/dags/daily_motivation_playlist.py
[2025-10-10T10:54:10.758+0000] {processor.py:925} INFO - DAG(s) 'daily_motivation_and_playlist' retrieved from /opt/airflow/dags/daily_motivation_playlist.py
[2025-10-10T10:54:10.773+0000] {logging_mixin.py:190} INFO - [2025-10-10T10:54:10.773+0000] {dag.py:3239} INFO - Sync 1 DAGs
[2025-10-10T10:54:10.783+0000] {logging_mixin.py:190} INFO - [2025-10-10T10:54:10.783+0000] {dag.py:4180} INFO - Setting next_dagrun for daily_motivation_and_playlist to 2025-10-10 07:00:00+00:00, run_after=2025-10-11 07:00:00+00:00
[2025-10-10T10:54:10.789+0000] {processor.py:208} INFO - Processing /opt/airflow/dags/daily_motivation_playlist.py took 0.049 seconds
[2025-10-10T10:54:41.093+0000] {processor.py:186} INFO - Started process (PID=122) to work on /opt/airflow/dags/daily_motivation_playlist.py
[2025-10-10T10:54:41.094+0000] {processor.py:914} INFO - Processing file /opt/airflow/dags/daily_motivation_playlist.py for tasks to queue
[2025-10-10T10:54:41.095+0000] {logging_mixin.py:190} INFO - [2025-10-10T10:54:41.095+0000] {dagbag.py:588} INFO - Filling up the DagBag from /opt/airflow/dags/daily_motivation_playlist.py
[2025-10-10T10:54:41.100+0000] {processor.py:925} INFO - DAG(s) 'daily_motivation_and_playlist' retrieved from /opt/airflow/dags/daily_motivation_playlist.py
[2025-10-10T10:54:41.111+0000] {logging_mixin.py:190} INFO - [2025-10-10T10:54:41.111+0000] {dag.py:3239} INFO - Sync 1 DAGs
[2025-10-10T10:54:41.118+0000] {logging_mixin.py:190} INFO - [2025-10-10T10:54:41.118+0000] {dag.py:4180} INFO - Setting next_dagrun for daily_motivation_and_playlist to 2025-10-10 07:00:00+00:00, run_after=2025-10-11 07:00:00+00:00
[2025-10-10T10:54:41.124+0000] {processor.py:208} INFO - Processing /opt/airflow/dags/daily_motivation_playlist.py took 0.033 seconds
[2025-10-10T10:55:11.426+0000] {processor.py:186} INFO - Started process (PID=130) to work on /opt/airflow/dags/daily_motivation_playlist.py
[2025-10-10T10:55:11.427+0000] {processor.py:914} INFO - Processing file /opt/airflow/dags/daily_motivation_playlist.py for tasks to queue
[2025-10-10T10:55:11.429+0000] {logging_mixin.py:190} INFO - [2025-10-10T10:55:11.429+0000] {dagbag.py:588} INFO - Filling up the DagBag from /opt/airflow/dags/daily_motivation_playlist.py
[2025-10-10T10:55:11.439+0000] {processor.py:925} INFO - DAG(s) 'daily_motivation_and_playlist' retrieved from /opt/airflow/dags/daily_motivation_playlist.py
[2025-10-10T10:55:11.455+0000] {logging_mixin.py:190} INFO - [2025-10-10T10:55:11.455+0000] {dag.py:3239} INFO - Sync 1 DAGs
[2025-10-10T10:55:11.464+0000] {logging_mixin.py:190} INFO - [2025-10-10T10:55:11.464+0000] {dag.py:4180} INFO - Setting next_dagrun for daily_motivation_and_playlist to 2025-10-10 07:00:00+00:00, run_after=2025-10-11 07:00:00+00:00
[2025-10-10T10:55:11.471+0000] {processor.py:208} INFO - Processing /opt/airflow/dags/daily_motivation_playlist.py took 0.050 seconds
[2025-10-10T10:55:41.815+0000] {processor.py:186} INFO - Started process (PID=138) to work on /opt/airflow/dags/daily_motivation_playlist.py
[2025-10-10T10:55:41.818+0000] {processor.py:914} INFO - Processing file /opt/airflow/dags/daily_motivation_playlist.py for tasks to queue
[2025-10-10T10:55:41.822+0000] {logging_mixin.py:190} INFO - [2025-10-10T10:55:41.821+0000] {dagbag.py:588} INFO - Filling up the DagBag from /opt/airflow/dags/daily_motivation_playlist.py
[2025-10-10T10:55:41.836+0000] {processor.py:925} INFO - DAG(s) 'daily_motivation_and_playlist' retrieved from /opt/airflow/dags/daily_motivation_playlist.py
[2025-10-10T10:55:41.857+0000] {logging_mixin.py:190} INFO - [2025-10-10T10:55:41.856+0000] {dag.py:3239} INFO - Sync 1 DAGs
[2025-10-10T10:55:41.868+0000] {logging_mixin.py:190} INFO - [2025-10-10T10:55:41.868+0000] {dag.py:4180} INFO - Setting next_dagrun for daily_motivation_and_playlist to 2025-10-10 07:00:00+00:00, run_after=2025-10-11 07:00:00+00:00
[2025-10-10T10:55:41.875+0000] {processor.py:208} INFO - Processing /opt/airflow/dags/daily_motivation_playlist.py took 0.069 seconds
[2025-10-10T10:56:12.161+0000] {processor.py:186} INFO - Started process (PID=146) to work on /opt/airflow/dags/daily_motivation_playlist.py
[2025-10-10T10:56:12.163+0000] {processor.py:914} INFO - Processing file /opt/airflow/dags/daily_motivation_playlist.py for tasks to queue
[2025-10-10T10:56:12.165+0000] {logging_mixin.py:190} INFO - [2025-10-10T10:56:12.165+0000] {dagbag.py:588} INFO - Filling up the DagBag from /opt/airflow/dags/daily_motivation_playlist.py
[2025-10-10T10:56:12.179+0000] {processor.py:925} INFO - DAG(s) 'daily_motivation_and_playlist' retrieved from /opt/airflow/dags/daily_motivation_playlist.py
[2025-10-10T10:56:12.197+0000] {logging_mixin.py:190} INFO - [2025-10-10T10:56:12.197+0000] {dag.py:3239} INFO - Sync 1 DAGs
[2025-10-10T10:56:12.208+0000] {logging_mixin.py:190} INFO - [2025-10-10T10:56:12.208+0000] {dag.py:4180} INFO - Setting next_dagrun for daily_motivation_and_playlist to 2025-10-10 07:00:00+00:00, run_after=2025-10-11 07:00:00+00:00
[2025-10-10T10:56:12.214+0000] {processor.py:208} INFO - Processing /opt/airflow/dags/daily_motivation_playlist.py took 0.061 seconds
[2025-10-10T10:56:42.531+0000] {processor.py:186} INFO - Started process (PID=154) to work on /opt/airflow/dags/daily_motivation_playlist.py
[2025-10-10T10:56:42.532+0000] {processor.py:914} INFO - Processing file /opt/airflow/dags/daily_motivation_playlist.py for tasks to queue
[2025-10-10T10:56:42.535+0000] {logging_mixin.py:190} INFO - [2025-10-10T10:56:42.535+0000] {dagbag.py:588} INFO - Filling up the DagBag from /opt/airflow/dags/daily_motivation_playlist.py
[2025-10-10T10:56:42.547+0000] {processor.py:925} INFO - DAG(s) 'daily_motivation_and_playlist' retrieved from /opt/airflow/dags/daily_motivation_playlist.py
[2025-10-10T10:56:42.581+0000] {logging_mixin.py:190} INFO - [2025-10-10T10:56:42.581+0000] {dag.py:3239} INFO - Sync 1 DAGs
[2025-10-10T10:56:42.597+0000] {logging_mixin.py:190} INFO - [2025-10-10T10:56:42.597+0000] {dag.py:4180} INFO - Setting next_dagrun for daily_motivation_and_playlist to 2025-10-10 07:00:00+00:00, run_after=2025-10-11 07:00:00+00:00
[2025-10-10T10:56:42.604+0000] {processor.py:208} INFO - Processing /opt/airflow/dags/daily_motivation_playlist.py took 0.081 seconds
[2025-10-10T10:57:12.857+0000] {processor.py:186} INFO - Started process (PID=162) to work on /opt/airflow/dags/daily_motivation_playlist.py
[2025-10-10T10:57:12.859+0000] {processor.py:914} INFO - Processing file /opt/airflow/dags/daily_motivation_playlist.py for tasks to queue
[2025-10-10T10:57:12.862+0000] {logging_mixin.py:190} INFO - [2025-10-10T10:57:12.861+0000] {dagbag.py:588} INFO - Filling up the DagBag from /opt/airflow/dags/daily_motivation_playlist.py
[2025-10-10T10:57:12.874+0000] {processor.py:925} INFO - DAG(s) 'daily_motivation_and_playlist' retrieved from /opt/airflow/dags/daily_motivation_playlist.py
[2025-10-10T10:57:12.892+0000] {logging_mixin.py:190} INFO - [2025-10-10T10:57:12.892+0000] {dag.py:3239} INFO - Sync 1 DAGs
[2025-10-10T10:57:12.902+0000] {logging_mixin.py:190} INFO - [2025-10-10T10:57:12.902+0000] {dag.py:4180} INFO - Setting next_dagrun for daily_motivation_and_playlist to 2025-10-10 07:00:00+00:00, run_after=2025-10-11 07:00:00+00:00
[2025-10-10T10:57:12.909+0000] {processor.py:208} INFO - Processing /opt/airflow/dags/daily_motivation_playlist.py took 0.059 seconds
[2025-10-10T10:57:43.184+0000] {processor.py:186} INFO - Started process (PID=170) to work on /opt/airflow/dags/daily_motivation_playlist.py
[2025-10-10T10:57:43.186+0000] {processor.py:914} INFO - Processing file /opt/airflow/dags/daily_motivation_playlist.py for tasks to queue
[2025-10-10T10:57:43.188+0000] {logging_mixin.py:190} INFO - [2025-10-10T10:57:43.188+0000] {dagbag.py:588} INFO - Filling up the DagBag from /opt/airflow/dags/daily_motivation_playlist.py
[2025-10-10T10:57:43.202+0000] {processor.py:925} INFO - DAG(s) 'daily_motivation_and_playlist' retrieved from /opt/airflow/dags/daily_motivation_playlist.py
[2025-10-10T10:57:43.222+0000] {logging_mixin.py:190} INFO - [2025-10-10T10:57:43.222+0000] {dag.py:3239} INFO - Sync 1 DAGs
[2025-10-10T10:57:43.242+0000] {logging_mixin.py:190} INFO - [2025-10-10T10:57:43.242+0000] {dag.py:4180} INFO - Setting next_dagrun for daily_motivation_and_playlist to 2025-10-10 07:00:00+00:00, run_after=2025-10-11 07:00:00+00:00
[2025-10-10T10:57:43.253+0000] {processor.py:208} INFO - Processing /opt/airflow/dags/daily_motivation_playlist.py took 0.076 seconds
[2025-10-10T10:58:13.565+0000] {processor.py:186} INFO - Started process (PID=178) to work on /opt/airflow/dags/daily_motivation_playlist.py
[2025-10-10T10:58:13.566+0000] {processor.py:914} INFO - Processing file /opt/airflow/dags/daily_motivation_playlist.py for tasks to queue
[2025-10-10T10:58:13.568+0000] {logging_mixin.py:190} INFO - [2025-10-10T10:58:13.568+0000] {dagbag.py:588} INFO - Filling up the DagBag from /opt/airflow/dags/daily_motivation_playlist.py
[2025-10-10T10:58:13.578+0000] {processor.py:925} INFO - DAG(s) 'daily_motivation_and_playlist' retrieved from /opt/airflow/dags/daily_motivation_playlist.py
[2025-10-10T10:58:13.593+0000] {logging_mixin.py:190} INFO - [2025-10-10T10:58:13.593+0000] {dag.py:3239} INFO - Sync 1 DAGs
[2025-10-10T10:58:13.602+0000] {logging_mixin.py:190} INFO - [2025-10-10T10:58:13.601+0000] {dag.py:4180} INFO - Setting next_dagrun for daily_motivation_and_playlist to 2025-10-10 07:00:00+00:00, run_after=2025-10-11 07:00:00+00:00
[2025-10-10T10:58:13.607+0000] {processor.py:208} INFO - Processing /opt/airflow/dags/daily_motivation_playlist.py took 0.047 seconds
[2025-10-10T10:58:43.936+0000] {processor.py:186} INFO - Started process (PID=186) to work on /opt/airflow/dags/daily_motivation_playlist.py
[2025-10-10T10:58:43.937+0000] {processor.py:914} INFO - Processing file /opt/airflow/dags/daily_motivation_playlist.py for tasks to queue
[2025-10-10T10:58:43.940+0000] {logging_mixin.py:190} INFO - [2025-10-10T10:58:43.940+0000] {dagbag.py:588} INFO - Filling up the DagBag from /opt/airflow/dags/daily_motivation_playlist.py
[2025-10-10T10:58:43.953+0000] {processor.py:925} INFO - DAG(s) 'daily_motivation_and_playlist' retrieved from /opt/airflow/dags/daily_motivation_playlist.py
[2025-10-10T10:58:43.972+0000] {logging_mixin.py:190} INFO - [2025-10-10T10:58:43.972+0000] {dag.py:3239} INFO - Sync 1 DAGs
[2025-10-10T10:58:43.984+0000] {logging_mixin.py:190} INFO - [2025-10-10T10:58:43.984+0000] {dag.py:4180} INFO - Setting next_dagrun for daily_motivation_and_playlist to 2025-10-10 07:00:00+00:00, run_after=2025-10-11 07:00:00+00:00
[2025-10-10T10:58:43.991+0000] {processor.py:208} INFO - Processing /opt/airflow/dags/daily_motivation_playlist.py took 0.065 seconds
[2025-10-10T10:59:14.330+0000] {processor.py:186} INFO - Started process (PID=194) to work on /opt/airflow/dags/daily_motivation_playlist.py
[2025-10-10T10:59:14.331+0000] {processor.py:914} INFO - Processing file /opt/airflow/dags/daily_motivation_playlist.py for tasks to queue
[2025-10-10T10:59:14.336+0000] {logging_mixin.py:190} INFO - [2025-10-10T10:59:14.335+0000] {dagbag.py:588} INFO - Filling up the DagBag from /opt/airflow/dags/daily_motivation_playlist.py
[2025-10-10T10:59:14.354+0000] {processor.py:925} INFO - DAG(s) 'daily_motivation_and_playlist' retrieved from /opt/airflow/dags/daily_motivation_playlist.py
[2025-10-10T10:59:14.377+0000] {logging_mixin.py:190} INFO - [2025-10-10T10:59:14.377+0000] {dag.py:3239} INFO - Sync 1 DAGs
[2025-10-10T10:59:14.393+0000] {logging_mixin.py:190} INFO - [2025-10-10T10:59:14.393+0000] {dag.py:4180} INFO - Setting next_dagrun for daily_motivation_and_playlist to 2025-10-10 07:00:00+00:00, run_after=2025-10-11 07:00:00+00:00
[2025-10-10T10:59:14.402+0000] {processor.py:208} INFO - Processing /opt/airflow/dags/daily_motivation_playlist.py took 0.083 seconds
[2025-10-10T10:59:44.669+0000] {processor.py:186} INFO - Started process (PID=202) to work on /opt/airflow/dags/daily_motivation_playlist.py
[2025-10-10T10:59:44.669+0000] {processor.py:914} INFO - Processing file /opt/airflow/dags/daily_motivation_playlist.py for tasks to queue
[2025-10-10T10:59:44.671+0000] {logging_mixin.py:190} INFO - [2025-10-10T10:59:44.671+0000] {dagbag.py:588} INFO - Filling up the DagBag from /opt/airflow/dags/daily_motivation_playlist.py
[2025-10-10T10:59:44.680+0000] {processor.py:925} INFO - DAG(s) 'daily_motivation_and_playlist' retrieved from /opt/airflow/dags/daily_motivation_playlist.py
[2025-10-10T10:59:44.701+0000] {logging_mixin.py:190} INFO - [2025-10-10T10:59:44.701+0000] {dag.py:3239} INFO - Sync 1 DAGs
[2025-10-10T10:59:44.715+0000] {logging_mixin.py:190} INFO - [2025-10-10T10:59:44.715+0000] {dag.py:4180} INFO - Setting next_dagrun for daily_motivation_and_playlist to 2025-10-10 07:00:00+00:00, run_after=2025-10-11 07:00:00+00:00
[2025-10-10T10:59:44.722+0000] {processor.py:208} INFO - Processing /opt/airflow/dags/daily_motivation_playlist.py took 0.057 seconds
[2025-10-10T11:00:15.042+0000] {processor.py:186} INFO - Started process (PID=210) to work on /opt/airflow/dags/daily_motivation_playlist.py
[2025-10-10T11:00:15.043+0000] {processor.py:914} INFO - Processing file /opt/airflow/dags/daily_motivation_playlist.py for tasks to queue
[2025-10-10T11:00:15.047+0000] {logging_mixin.py:190} INFO - [2025-10-10T11:00:15.046+0000] {dagbag.py:588} INFO - Filling up the DagBag from /opt/airflow/dags/daily_motivation_playlist.py
[2025-10-10T11:00:15.062+0000] {processor.py:925} INFO - DAG(s) 'daily_motivation_and_playlist' retrieved from /opt/airflow/dags/daily_motivation_playlist.py
[2025-10-10T11:00:15.082+0000] {logging_mixin.py:190} INFO - [2025-10-10T11:00:15.082+0000] {dag.py:3239} INFO - Sync 1 DAGs
[2025-10-10T11:00:15.094+0000] {logging_mixin.py:190} INFO - [2025-10-10T11:00:15.094+0000] {dag.py:4180} INFO - Setting next_dagrun for daily_motivation_and_playlist to 2025-10-10 07:00:00+00:00, run_after=2025-10-11 07:00:00+00:00
[2025-10-10T11:00:15.102+0000] {processor.py:208} INFO - Processing /opt/airflow/dags/daily_motivation_playlist.py took 0.069 seconds
[2025-10-10T11:00:45.399+0000] {processor.py:186} INFO - Started process (PID=224) to work on /opt/airflow/dags/daily_motivation_playlist.py
[2025-10-10T11:00:45.400+0000] {processor.py:914} INFO - Processing file /opt/airflow/dags/daily_motivation_playlist.py for tasks to queue
[2025-10-10T11:00:45.402+0000] {logging_mixin.py:190} INFO - [2025-10-10T11:00:45.402+0000] {dagbag.py:588} INFO - Filling up the DagBag from /opt/airflow/dags/daily_motivation_playlist.py
[2025-10-10T11:00:45.411+0000] {processor.py:925} INFO - DAG(s) 'daily_motivation_and_playlist' retrieved from /opt/airflow/dags/daily_motivation_playlist.py
[2025-10-10T11:00:45.431+0000] {logging_mixin.py:190} INFO - [2025-10-10T11:00:45.431+0000] {dag.py:3239} INFO - Sync 1 DAGs
[2025-10-10T11:00:45.449+0000] {logging_mixin.py:190} INFO - [2025-10-10T11:00:45.449+0000] {dag.py:4180} INFO - Setting next_dagrun for daily_motivation_and_playlist to 2025-10-10 07:00:00+00:00, run_after=2025-10-11 07:00:00+00:00
[2025-10-10T11:00:45.457+0000] {processor.py:208} INFO - Processing /opt/airflow/dags/daily_motivation_playlist.py took 0.064 seconds
[2025-10-10T11:01:15.808+0000] {processor.py:186} INFO - Started process (PID=232) to work on /opt/airflow/dags/daily_motivation_playlist.py
[2025-10-10T11:01:15.809+0000] {processor.py:914} INFO - Processing file /opt/airflow/dags/daily_motivation_playlist.py for tasks to queue
[2025-10-10T11:01:15.811+0000] {logging_mixin.py:190} INFO - [2025-10-10T11:01:15.811+0000] {dagbag.py:588} INFO - Filling up the DagBag from /opt/airflow/dags/daily_motivation_playlist.py
[2025-10-10T11:01:15.822+0000] {processor.py:925} INFO - DAG(s) 'daily_motivation_and_playlist' retrieved from /opt/airflow/dags/daily_motivation_playlist.py
[2025-10-10T11:01:15.838+0000] {logging_mixin.py:190} INFO - [2025-10-10T11:01:15.838+0000] {dag.py:3239} INFO - Sync 1 DAGs
[2025-10-10T11:01:15.847+0000] {logging_mixin.py:190} INFO - [2025-10-10T11:01:15.847+0000] {dag.py:4180} INFO - Setting next_dagrun for daily_motivation_and_playlist to 2025-10-10 07:00:00+00:00, run_after=2025-10-11 07:00:00+00:00
[2025-10-10T11:01:15.854+0000] {processor.py:208} INFO - Processing /opt/airflow/dags/daily_motivation_playlist.py took 0.052 seconds
[2025-10-10T11:01:38.899+0000] {processor.py:186} INFO - Started process (PID=42) to work on /opt/airflow/dags/daily_motivation_playlist.py
[2025-10-10T11:01:38.900+0000] {processor.py:914} INFO - Processing file /opt/airflow/dags/daily_motivation_playlist.py for tasks to queue
[2025-10-10T11:01:38.903+0000] {logging_mixin.py:190} INFO - [2025-10-10T11:01:38.903+0000] {dagbag.py:588} INFO - Filling up the DagBag from /opt/airflow/dags/daily_motivation_playlist.py
[2025-10-10T11:01:38.931+0000] {processor.py:925} INFO - DAG(s) 'daily_motivation_and_playlist' retrieved from /opt/airflow/dags/daily_motivation_playlist.py
[2025-10-10T11:01:38.955+0000] {logging_mixin.py:190} INFO - [2025-10-10T11:01:38.955+0000] {dag.py:3239} INFO - Sync 1 DAGs
[2025-10-10T11:01:38.969+0000] {logging_mixin.py:190} INFO - [2025-10-10T11:01:38.969+0000] {dag.py:4180} INFO - Setting next_dagrun for daily_motivation_and_playlist to 2025-10-10 07:00:00+00:00, run_after=2025-10-11 07:00:00+00:00
[2025-10-10T11:01:38.976+0000] {processor.py:208} INFO - Processing /opt/airflow/dags/daily_motivation_playlist.py took 0.082 seconds
[2025-10-10T11:02:09.257+0000] {processor.py:186} INFO - Started process (PID=50) to work on /opt/airflow/dags/daily_motivation_playlist.py
[2025-10-10T11:02:09.257+0000] {processor.py:914} INFO - Processing file /opt/airflow/dags/daily_motivation_playlist.py for tasks to queue
[2025-10-10T11:02:09.260+0000] {logging_mixin.py:190} INFO - [2025-10-10T11:02:09.260+0000] {dagbag.py:588} INFO - Filling up the DagBag from /opt/airflow/dags/daily_motivation_playlist.py
[2025-10-10T11:02:09.271+0000] {processor.py:925} INFO - DAG(s) 'daily_motivation_and_playlist' retrieved from /opt/airflow/dags/daily_motivation_playlist.py
[2025-10-10T11:02:09.285+0000] {logging_mixin.py:190} INFO - [2025-10-10T11:02:09.284+0000] {dag.py:3239} INFO - Sync 1 DAGs
[2025-10-10T11:02:09.297+0000] {logging_mixin.py:190} INFO - [2025-10-10T11:02:09.297+0000] {dag.py:4180} INFO - Setting next_dagrun for daily_motivation_and_playlist to 2025-10-10 07:00:00+00:00, run_after=2025-10-11 07:00:00+00:00
[2025-10-10T11:02:09.306+0000] {processor.py:208} INFO - Processing /opt/airflow/dags/daily_motivation_playlist.py took 0.055 seconds
[2025-10-10T11:02:39.633+0000] {processor.py:186} INFO - Started process (PID=58) to work on /opt/airflow/dags/daily_motivation_playlist.py
[2025-10-10T11:02:39.634+0000] {processor.py:914} INFO - Processing file /opt/airflow/dags/daily_motivation_playlist.py for tasks to queue
[2025-10-10T11:02:39.635+0000] {logging_mixin.py:190} INFO - [2025-10-10T11:02:39.635+0000] {dagbag.py:588} INFO - Filling up the DagBag from /opt/airflow/dags/daily_motivation_playlist.py
[2025-10-10T11:02:39.648+0000] {processor.py:925} INFO - DAG(s) 'daily_motivation_and_playlist' retrieved from /opt/airflow/dags/daily_motivation_playlist.py
[2025-10-10T11:02:39.663+0000] {logging_mixin.py:190} INFO - [2025-10-10T11:02:39.663+0000] {dag.py:3239} INFO - Sync 1 DAGs
[2025-10-10T11:02:39.675+0000] {logging_mixin.py:190} INFO - [2025-10-10T11:02:39.675+0000] {dag.py:4180} INFO - Setting next_dagrun for daily_motivation_and_playlist to 2025-10-10 07:00:00+00:00, run_after=2025-10-11 07:00:00+00:00
[2025-10-10T11:02:39.684+0000] {processor.py:208} INFO - Processing /opt/airflow/dags/daily_motivation_playlist.py took 0.058 seconds
[2025-10-10T11:03:10.018+0000] {processor.py:186} INFO - Started process (PID=70) to work on /opt/airflow/dags/daily_motivation_playlist.py
[2025-10-10T11:03:10.019+0000] {processor.py:914} INFO - Processing file /opt/airflow/dags/daily_motivation_playlist.py for tasks to queue
[2025-10-10T11:03:10.021+0000] {logging_mixin.py:190} INFO - [2025-10-10T11:03:10.021+0000] {dagbag.py:588} INFO - Filling up the DagBag from /opt/airflow/dags/daily_motivation_playlist.py
[2025-10-10T11:03:10.032+0000] {processor.py:925} INFO - DAG(s) 'daily_motivation_and_playlist' retrieved from /opt/airflow/dags/daily_motivation_playlist.py
[2025-10-10T11:03:10.047+0000] {logging_mixin.py:190} INFO - [2025-10-10T11:03:10.047+0000] {dag.py:3239} INFO - Sync 1 DAGs
[2025-10-10T11:03:10.058+0000] {logging_mixin.py:190} INFO - [2025-10-10T11:03:10.057+0000] {dag.py:4180} INFO - Setting next_dagrun for daily_motivation_and_playlist to 2025-10-10 07:00:00+00:00, run_after=2025-10-11 07:00:00+00:00
[2025-10-10T11:03:10.066+0000] {processor.py:208} INFO - Processing /opt/airflow/dags/daily_motivation_playlist.py took 0.054 seconds
[2025-10-10T11:03:40.342+0000] {processor.py:186} INFO - Started process (PID=78) to work on /opt/airflow/dags/daily_motivation_playlist.py
[2025-10-10T11:03:40.343+0000] {processor.py:914} INFO - Processing file /opt/airflow/dags/daily_motivation_playlist.py for tasks to queue
[2025-10-10T11:03:40.345+0000] {logging_mixin.py:190} INFO - [2025-10-10T11:03:40.344+0000] {dagbag.py:588} INFO - Filling up the DagBag from /opt/airflow/dags/daily_motivation_playlist.py
[2025-10-10T11:03:40.353+0000] {processor.py:925} INFO - DAG(s) 'daily_motivation_and_playlist' retrieved from /opt/airflow/dags/daily_motivation_playlist.py
[2025-10-10T11:03:40.366+0000] {logging_mixin.py:190} INFO - [2025-10-10T11:03:40.366+0000] {dag.py:3239} INFO - Sync 1 DAGs
[2025-10-10T11:03:40.377+0000] {logging_mixin.py:190} INFO - [2025-10-10T11:03:40.377+0000] {dag.py:4180} INFO - Setting next_dagrun for daily_motivation_and_playlist to 2025-10-10 07:00:00+00:00, run_after=2025-10-11 07:00:00+00:00
[2025-10-10T11:03:40.385+0000] {processor.py:208} INFO - Processing /opt/airflow/dags/daily_motivation_playlist.py took 0.050 seconds
[2025-10-10T11:04:10.706+0000] {processor.py:186} INFO - Started process (PID=86) to work on /opt/airflow/dags/daily_motivation_playlist.py
[2025-10-10T11:04:10.707+0000] {processor.py:914} INFO - Processing file /opt/airflow/dags/daily_motivation_playlist.py for tasks to queue
[2025-10-10T11:04:10.709+0000] {logging_mixin.py:190} INFO - [2025-10-10T11:04:10.709+0000] {dagbag.py:588} INFO - Filling up the DagBag from /opt/airflow/dags/daily_motivation_playlist.py
[2025-10-10T11:04:10.720+0000] {processor.py:925} INFO - DAG(s) 'daily_motivation_and_playlist' retrieved from /opt/airflow/dags/daily_motivation_playlist.py
[2025-10-10T11:04:10.734+0000] {logging_mixin.py:190} INFO - [2025-10-10T11:04:10.734+0000] {dag.py:3239} INFO - Sync 1 DAGs
[2025-10-10T11:04:10.745+0000] {logging_mixin.py:190} INFO - [2025-10-10T11:04:10.745+0000] {dag.py:4180} INFO - Setting next_dagrun for daily_motivation_and_playlist to 2025-10-10 07:00:00+00:00, run_after=2025-10-11 07:00:00+00:00
[2025-10-10T11:04:10.754+0000] {processor.py:208} INFO - Processing /opt/airflow/dags/daily_motivation_playlist.py took 0.055 seconds
[2025-10-10T11:04:41.050+0000] {processor.py:186} INFO - Started process (PID=98) to work on /opt/airflow/dags/daily_motivation_playlist.py
[2025-10-10T11:04:41.050+0000] {processor.py:914} INFO - Processing file /opt/airflow/dags/daily_motivation_playlist.py for tasks to queue
[2025-10-10T11:04:41.052+0000] {logging_mixin.py:190} INFO - [2025-10-10T11:04:41.052+0000] {dagbag.py:588} INFO - Filling up the DagBag from /opt/airflow/dags/daily_motivation_playlist.py
[2025-10-10T11:04:41.065+0000] {processor.py:925} INFO - DAG(s) 'daily_motivation_and_playlist' retrieved from /opt/airflow/dags/daily_motivation_playlist.py
[2025-10-10T11:04:41.080+0000] {logging_mixin.py:190} INFO - [2025-10-10T11:04:41.080+0000] {dag.py:3239} INFO - Sync 1 DAGs
[2025-10-10T11:04:41.090+0000] {logging_mixin.py:190} INFO - [2025-10-10T11:04:41.090+0000] {dag.py:4180} INFO - Setting next_dagrun for daily_motivation_and_playlist to 2025-10-10 07:00:00+00:00, run_after=2025-10-11 07:00:00+00:00
[2025-10-10T11:04:41.099+0000] {processor.py:208} INFO - Processing /opt/airflow/dags/daily_motivation_playlist.py took 0.057 seconds
[2025-10-10T11:05:11.366+0000] {processor.py:186} INFO - Started process (PID=106) to work on /opt/airflow/dags/daily_motivation_playlist.py
[2025-10-10T11:05:11.367+0000] {processor.py:914} INFO - Processing file /opt/airflow/dags/daily_motivation_playlist.py for tasks to queue
[2025-10-10T11:05:11.368+0000] {logging_mixin.py:190} INFO - [2025-10-10T11:05:11.368+0000] {dagbag.py:588} INFO - Filling up the DagBag from /opt/airflow/dags/daily_motivation_playlist.py
[2025-10-10T11:05:11.377+0000] {processor.py:925} INFO - DAG(s) 'daily_motivation_and_playlist' retrieved from /opt/airflow/dags/daily_motivation_playlist.py
[2025-10-10T11:05:11.389+0000] {logging_mixin.py:190} INFO - [2025-10-10T11:05:11.389+0000] {dag.py:3239} INFO - Sync 1 DAGs
[2025-10-10T11:05:11.497+0000] {logging_mixin.py:190} INFO - [2025-10-10T11:05:11.497+0000] {dag.py:4180} INFO - Setting next_dagrun for daily_motivation_and_playlist to 2025-10-10 07:00:00+00:00, run_after=2025-10-11 07:00:00+00:00
[2025-10-10T11:05:11.505+0000] {processor.py:208} INFO - Processing /opt/airflow/dags/daily_motivation_playlist.py took 0.142 seconds
[2025-10-10T11:05:41.691+0000] {processor.py:186} INFO - Started process (PID=114) to work on /opt/airflow/dags/daily_motivation_playlist.py
[2025-10-10T11:05:41.692+0000] {processor.py:914} INFO - Processing file /opt/airflow/dags/daily_motivation_playlist.py for tasks to queue
[2025-10-10T11:05:41.694+0000] {logging_mixin.py:190} INFO - [2025-10-10T11:05:41.693+0000] {dagbag.py:588} INFO - Filling up the DagBag from /opt/airflow/dags/daily_motivation_playlist.py
[2025-10-10T11:05:41.703+0000] {processor.py:925} INFO - DAG(s) 'daily_motivation_and_playlist' retrieved from /opt/airflow/dags/daily_motivation_playlist.py
[2025-10-10T11:05:41.789+0000] {logging_mixin.py:190} INFO - [2025-10-10T11:05:41.789+0000] {dag.py:3239} INFO - Sync 1 DAGs
[2025-10-10T11:05:41.799+0000] {logging_mixin.py:190} INFO - [2025-10-10T11:05:41.799+0000] {dag.py:4180} INFO - Setting next_dagrun for daily_motivation_and_playlist to 2025-10-10 07:00:00+00:00, run_after=2025-10-11 07:00:00+00:00
[2025-10-10T11:05:41.806+0000] {processor.py:208} INFO - Processing /opt/airflow/dags/daily_motivation_playlist.py took 0.120 seconds
[2025-10-10T11:06:12.121+0000] {processor.py:186} INFO - Started process (PID=128) to work on /opt/airflow/dags/daily_motivation_playlist.py
[2025-10-10T11:06:12.122+0000] {processor.py:914} INFO - Processing file /opt/airflow/dags/daily_motivation_playlist.py for tasks to queue
[2025-10-10T11:06:12.124+0000] {logging_mixin.py:190} INFO - [2025-10-10T11:06:12.124+0000] {dagbag.py:588} INFO - Filling up the DagBag from /opt/airflow/dags/daily_motivation_playlist.py
[2025-10-10T11:06:12.134+0000] {processor.py:925} INFO - DAG(s) 'daily_motivation_and_playlist' retrieved from /opt/airflow/dags/daily_motivation_playlist.py
[2025-10-10T11:06:12.148+0000] {logging_mixin.py:190} INFO - [2025-10-10T11:06:12.148+0000] {dag.py:3239} INFO - Sync 1 DAGs
[2025-10-10T11:06:12.159+0000] {logging_mixin.py:190} INFO - [2025-10-10T11:06:12.159+0000] {dag.py:4180} INFO - Setting next_dagrun for daily_motivation_and_playlist to 2025-10-10 07:00:00+00:00, run_after=2025-10-11 07:00:00+00:00
[2025-10-10T11:06:12.167+0000] {processor.py:208} INFO - Processing /opt/airflow/dags/daily_motivation_playlist.py took 0.051 seconds
[2025-10-10T11:06:42.505+0000] {processor.py:186} INFO - Started process (PID=136) to work on /opt/airflow/dags/daily_motivation_playlist.py
[2025-10-10T11:06:42.506+0000] {processor.py:914} INFO - Processing file /opt/airflow/dags/daily_motivation_playlist.py for tasks to queue
[2025-10-10T11:06:42.507+0000] {logging_mixin.py:190} INFO - [2025-10-10T11:06:42.507+0000] {dagbag.py:588} INFO - Filling up the DagBag from /opt/airflow/dags/daily_motivation_playlist.py
[2025-10-10T11:06:42.520+0000] {processor.py:925} INFO - DAG(s) 'daily_motivation_and_playlist' retrieved from /opt/airflow/dags/daily_motivation_playlist.py
[2025-10-10T11:06:42.532+0000] {logging_mixin.py:190} INFO - [2025-10-10T11:06:42.532+0000] {dag.py:3239} INFO - Sync 1 DAGs
[2025-10-10T11:06:42.543+0000] {logging_mixin.py:190} INFO - [2025-10-10T11:06:42.543+0000] {dag.py:4180} INFO - Setting next_dagrun for daily_motivation_and_playlist to 2025-10-10 07:00:00+00:00, run_after=2025-10-11 07:00:00+00:00
[2025-10-10T11:06:42.551+0000] {processor.py:208} INFO - Processing /opt/airflow/dags/daily_motivation_playlist.py took 0.051 seconds
[2025-10-10T11:07:12.837+0000] {processor.py:186} INFO - Started process (PID=148) to work on /opt/airflow/dags/daily_motivation_playlist.py
[2025-10-10T11:07:12.838+0000] {processor.py:914} INFO - Processing file /opt/airflow/dags/daily_motivation_playlist.py for tasks to queue
[2025-10-10T11:07:12.840+0000] {logging_mixin.py:190} INFO - [2025-10-10T11:07:12.839+0000] {dagbag.py:588} INFO - Filling up the DagBag from /opt/airflow/dags/daily_motivation_playlist.py
[2025-10-10T11:07:12.850+0000] {processor.py:925} INFO - DAG(s) 'daily_motivation_and_playlist' retrieved from /opt/airflow/dags/daily_motivation_playlist.py
[2025-10-10T11:07:12.864+0000] {logging_mixin.py:190} INFO - [2025-10-10T11:07:12.864+0000] {dag.py:3239} INFO - Sync 1 DAGs
[2025-10-10T11:07:12.971+0000] {logging_mixin.py:190} INFO - [2025-10-10T11:07:12.971+0000] {dag.py:4180} INFO - Setting next_dagrun for daily_motivation_and_playlist to 2025-10-10 07:00:00+00:00, run_after=2025-10-11 07:00:00+00:00
[2025-10-10T11:07:12.978+0000] {processor.py:208} INFO - Processing /opt/airflow/dags/daily_motivation_playlist.py took 0.149 seconds
[2025-10-10T11:07:43.171+0000] {processor.py:186} INFO - Started process (PID=160) to work on /opt/airflow/dags/daily_motivation_playlist.py
[2025-10-10T11:07:43.173+0000] {processor.py:914} INFO - Processing file /opt/airflow/dags/daily_motivation_playlist.py for tasks to queue
[2025-10-10T11:07:43.176+0000] {logging_mixin.py:190} INFO - [2025-10-10T11:07:43.176+0000] {dagbag.py:588} INFO - Filling up the DagBag from /opt/airflow/dags/daily_motivation_playlist.py
[2025-10-10T11:07:43.192+0000] {processor.py:925} INFO - DAG(s) 'daily_motivation_and_playlist' retrieved from /opt/airflow/dags/daily_motivation_playlist.py
[2025-10-10T11:07:43.289+0000] {logging_mixin.py:190} INFO - [2025-10-10T11:07:43.289+0000] {dag.py:3239} INFO - Sync 1 DAGs
[2025-10-10T11:07:43.297+0000] {logging_mixin.py:190} INFO - [2025-10-10T11:07:43.297+0000] {dag.py:4180} INFO - Setting next_dagrun for daily_motivation_and_playlist to 2025-10-10 07:00:00+00:00, run_after=2025-10-11 07:00:00+00:00
[2025-10-10T11:07:43.305+0000] {processor.py:208} INFO - Processing /opt/airflow/dags/daily_motivation_playlist.py took 0.146 seconds
[2025-10-10T11:08:13.671+0000] {processor.py:186} INFO - Started process (PID=168) to work on /opt/airflow/dags/daily_motivation_playlist.py
[2025-10-10T11:08:13.672+0000] {processor.py:914} INFO - Processing file /opt/airflow/dags/daily_motivation_playlist.py for tasks to queue
[2025-10-10T11:08:13.674+0000] {logging_mixin.py:190} INFO - [2025-10-10T11:08:13.673+0000] {dagbag.py:588} INFO - Filling up the DagBag from /opt/airflow/dags/daily_motivation_playlist.py
[2025-10-10T11:08:13.685+0000] {processor.py:925} INFO - DAG(s) 'daily_motivation_and_playlist' retrieved from /opt/airflow/dags/daily_motivation_playlist.py
[2025-10-10T11:08:13.701+0000] {logging_mixin.py:190} INFO - [2025-10-10T11:08:13.701+0000] {dag.py:3239} INFO - Sync 1 DAGs
[2025-10-10T11:08:13.712+0000] {logging_mixin.py:190} INFO - [2025-10-10T11:08:13.712+0000] {dag.py:4180} INFO - Setting next_dagrun for daily_motivation_and_playlist to 2025-10-10 07:00:00+00:00, run_after=2025-10-11 07:00:00+00:00
[2025-10-10T11:08:13.719+0000] {processor.py:208} INFO - Processing /opt/airflow/dags/daily_motivation_playlist.py took 0.056 seconds
[2025-10-10T11:08:44.025+0000] {processor.py:186} INFO - Started process (PID=176) to work on /opt/airflow/dags/daily_motivation_playlist.py
[2025-10-10T11:08:44.025+0000] {processor.py:914} INFO - Processing file /opt/airflow/dags/daily_motivation_playlist.py for tasks to queue
[2025-10-10T11:08:44.028+0000] {logging_mixin.py:190} INFO - [2025-10-10T11:08:44.028+0000] {dagbag.py:588} INFO - Filling up the DagBag from /opt/airflow/dags/daily_motivation_playlist.py
[2025-10-10T11:08:44.040+0000] {processor.py:925} INFO - DAG(s) 'daily_motivation_and_playlist' retrieved from /opt/airflow/dags/daily_motivation_playlist.py
[2025-10-10T11:08:44.056+0000] {logging_mixin.py:190} INFO - [2025-10-10T11:08:44.056+0000] {dag.py:3239} INFO - Sync 1 DAGs
[2025-10-10T11:08:44.068+0000] {logging_mixin.py:190} INFO - [2025-10-10T11:08:44.068+0000] {dag.py:4180} INFO - Setting next_dagrun for daily_motivation_and_playlist to 2025-10-10 07:00:00+00:00, run_after=2025-10-11 07:00:00+00:00
[2025-10-10T11:08:44.079+0000] {processor.py:208} INFO - Processing /opt/airflow/dags/daily_motivation_playlist.py took 0.062 seconds
[2025-10-10T11:09:14.416+0000] {processor.py:186} INFO - Started process (PID=184) to work on /opt/airflow/dags/daily_motivation_playlist.py
[2025-10-10T11:09:14.417+0000] {processor.py:914} INFO - Processing file /opt/airflow/dags/daily_motivation_playlist.py for tasks to queue
[2025-10-10T11:09:14.420+0000] {logging_mixin.py:190} INFO - [2025-10-10T11:09:14.420+0000] {dagbag.py:588} INFO - Filling up the DagBag from /opt/airflow/dags/daily_motivation_playlist.py
[2025-10-10T11:09:14.435+0000] {processor.py:925} INFO - DAG(s) 'daily_motivation_and_playlist' retrieved from /opt/airflow/dags/daily_motivation_playlist.py
[2025-10-10T11:09:14.451+0000] {logging_mixin.py:190} INFO - [2025-10-10T11:09:14.451+0000] {dag.py:3239} INFO - Sync 1 DAGs
[2025-10-10T11:09:14.567+0000] {logging_mixin.py:190} INFO - [2025-10-10T11:09:14.567+0000] {dag.py:4180} INFO - Setting next_dagrun for daily_motivation_and_playlist to 2025-10-10 07:00:00+00:00, run_after=2025-10-11 07:00:00+00:00
[2025-10-10T11:09:14.576+0000] {processor.py:208} INFO - Processing /opt/airflow/dags/daily_motivation_playlist.py took 0.169 seconds
[2025-10-10T11:09:44.786+0000] {processor.py:186} INFO - Started process (PID=192) to work on /opt/airflow/dags/daily_motivation_playlist.py
[2025-10-10T11:09:44.788+0000] {processor.py:914} INFO - Processing file /opt/airflow/dags/daily_motivation_playlist.py for tasks to queue
[2025-10-10T11:09:44.790+0000] {logging_mixin.py:190} INFO - [2025-10-10T11:09:44.790+0000] {dagbag.py:588} INFO - Filling up the DagBag from /opt/airflow/dags/daily_motivation_playlist.py
[2025-10-10T11:09:44.808+0000] {processor.py:925} INFO - DAG(s) 'daily_motivation_and_playlist' retrieved from /opt/airflow/dags/daily_motivation_playlist.py
[2025-10-10T11:09:44.989+0000] {logging_mixin.py:190} INFO - [2025-10-10T11:09:44.989+0000] {dag.py:3239} INFO - Sync 1 DAGs
[2025-10-10T11:09:44.999+0000] {logging_mixin.py:190} INFO - [2025-10-10T11:09:44.999+0000] {dag.py:4180} INFO - Setting next_dagrun for daily_motivation_and_playlist to 2025-10-10 07:00:00+00:00, run_after=2025-10-11 07:00:00+00:00
[2025-10-10T11:09:45.009+0000] {processor.py:208} INFO - Processing /opt/airflow/dags/daily_motivation_playlist.py took 0.232 seconds
[2025-10-10T11:10:15.177+0000] {processor.py:186} INFO - Started process (PID=200) to work on /opt/airflow/dags/daily_motivation_playlist.py
[2025-10-10T11:10:15.178+0000] {processor.py:914} INFO - Processing file /opt/airflow/dags/daily_motivation_playlist.py for tasks to queue
[2025-10-10T11:10:15.181+0000] {logging_mixin.py:190} INFO - [2025-10-10T11:10:15.180+0000] {dagbag.py:588} INFO - Filling up the DagBag from /opt/airflow/dags/daily_motivation_playlist.py
[2025-10-10T11:10:15.194+0000] {processor.py:925} INFO - DAG(s) 'daily_motivation_and_playlist' retrieved from /opt/airflow/dags/daily_motivation_playlist.py
[2025-10-10T11:10:15.214+0000] {logging_mixin.py:190} INFO - [2025-10-10T11:10:15.214+0000] {dag.py:3239} INFO - Sync 1 DAGs
[2025-10-10T11:10:15.226+0000] {logging_mixin.py:190} INFO - [2025-10-10T11:10:15.225+0000] {dag.py:4180} INFO - Setting next_dagrun for daily_motivation_and_playlist to 2025-10-10 07:00:00+00:00, run_after=2025-10-11 07:00:00+00:00
[2025-10-10T11:10:15.233+0000] {processor.py:208} INFO - Processing /opt/airflow/dags/daily_motivation_playlist.py took 0.062 seconds
[2025-10-10T11:10:45.504+0000] {processor.py:186} INFO - Started process (PID=208) to work on /opt/airflow/dags/daily_motivation_playlist.py
[2025-10-10T11:10:45.505+0000] {processor.py:914} INFO - Processing file /opt/airflow/dags/daily_motivation_playlist.py for tasks to queue
[2025-10-10T11:10:45.509+0000] {logging_mixin.py:190} INFO - [2025-10-10T11:10:45.508+0000] {dagbag.py:588} INFO - Filling up the DagBag from /opt/airflow/dags/daily_motivation_playlist.py
[2025-10-10T11:10:45.522+0000] {processor.py:925} INFO - DAG(s) 'daily_motivation_and_playlist' retrieved from /opt/airflow/dags/daily_motivation_playlist.py
[2025-10-10T11:10:45.539+0000] {logging_mixin.py:190} INFO - [2025-10-10T11:10:45.539+0000] {dag.py:3239} INFO - Sync 1 DAGs
[2025-10-10T11:10:45.552+0000] {logging_mixin.py:190} INFO - [2025-10-10T11:10:45.552+0000] {dag.py:4180} INFO - Setting next_dagrun for daily_motivation_and_playlist to 2025-10-10 07:00:00+00:00, run_after=2025-10-11 07:00:00+00:00
[2025-10-10T11:10:45.563+0000] {processor.py:208} INFO - Processing /opt/airflow/dags/daily_motivation_playlist.py took 0.067 seconds
[2025-10-10T11:11:15.852+0000] {processor.py:186} INFO - Started process (PID=216) to work on /opt/airflow/dags/daily_motivation_playlist.py
[2025-10-10T11:11:15.853+0000] {processor.py:914} INFO - Processing file /opt/airflow/dags/daily_motivation_playlist.py for tasks to queue
[2025-10-10T11:11:15.856+0000] {logging_mixin.py:190} INFO - [2025-10-10T11:11:15.856+0000] {dagbag.py:588} INFO - Filling up the DagBag from /opt/airflow/dags/daily_motivation_playlist.py
[2025-10-10T11:11:15.869+0000] {processor.py:925} INFO - DAG(s) 'daily_motivation_and_playlist' retrieved from /opt/airflow/dags/daily_motivation_playlist.py
[2025-10-10T11:11:15.881+0000] {logging_mixin.py:190} INFO - [2025-10-10T11:11:15.881+0000] {dag.py:3239} INFO - Sync 1 DAGs
[2025-10-10T11:11:15.991+0000] {logging_mixin.py:190} INFO - [2025-10-10T11:11:15.991+0000] {dag.py:4180} INFO - Setting next_dagrun for daily_motivation_and_playlist to 2025-10-10 07:00:00+00:00, run_after=2025-10-11 07:00:00+00:00
[2025-10-10T11:11:15.999+0000] {processor.py:208} INFO - Processing /opt/airflow/dags/daily_motivation_playlist.py took 0.153 seconds
[2025-10-10T11:11:46.197+0000] {processor.py:186} INFO - Started process (PID=224) to work on /opt/airflow/dags/daily_motivation_playlist.py
[2025-10-10T11:11:46.198+0000] {processor.py:914} INFO - Processing file /opt/airflow/dags/daily_motivation_playlist.py for tasks to queue
[2025-10-10T11:11:46.201+0000] {logging_mixin.py:190} INFO - [2025-10-10T11:11:46.200+0000] {dagbag.py:588} INFO - Filling up the DagBag from /opt/airflow/dags/daily_motivation_playlist.py
[2025-10-10T11:11:46.215+0000] {processor.py:925} INFO - DAG(s) 'daily_motivation_and_playlist' retrieved from /opt/airflow/dags/daily_motivation_playlist.py
[2025-10-10T11:11:46.304+0000] {logging_mixin.py:190} INFO - [2025-10-10T11:11:46.304+0000] {dag.py:3239} INFO - Sync 1 DAGs
[2025-10-10T11:11:46.312+0000] {logging_mixin.py:190} INFO - [2025-10-10T11:11:46.312+0000] {dag.py:4180} INFO - Setting next_dagrun for daily_motivation_and_playlist to 2025-10-10 07:00:00+00:00, run_after=2025-10-11 07:00:00+00:00
[2025-10-10T11:11:46.321+0000] {processor.py:208} INFO - Processing /opt/airflow/dags/daily_motivation_playlist.py took 0.133 seconds
[2025-10-10T11:12:16.671+0000] {processor.py:186} INFO - Started process (PID=232) to work on /opt/airflow/dags/daily_motivation_playlist.py
[2025-10-10T11:12:16.672+0000] {processor.py:914} INFO - Processing file /opt/airflow/dags/daily_motivation_playlist.py for tasks to queue
[2025-10-10T11:12:16.674+0000] {logging_mixin.py:190} INFO - [2025-10-10T11:12:16.674+0000] {dagbag.py:588} INFO - Filling up the DagBag from /opt/airflow/dags/daily_motivation_playlist.py
[2025-10-10T11:12:16.683+0000] {processor.py:925} INFO - DAG(s) 'daily_motivation_and_playlist' retrieved from /opt/airflow/dags/daily_motivation_playlist.py
[2025-10-10T11:12:16.698+0000] {logging_mixin.py:190} INFO - [2025-10-10T11:12:16.698+0000] {dag.py:3239} INFO - Sync 1 DAGs
[2025-10-10T11:12:16.711+0000] {logging_mixin.py:190} INFO - [2025-10-10T11:12:16.711+0000] {dag.py:4180} INFO - Setting next_dagrun for daily_motivation_and_playlist to 2025-10-10 07:00:00+00:00, run_after=2025-10-11 07:00:00+00:00
[2025-10-10T11:12:16.720+0000] {processor.py:208} INFO - Processing /opt/airflow/dags/daily_motivation_playlist.py took 0.055 seconds
[2025-10-10T11:12:47.053+0000] {processor.py:186} INFO - Started process (PID=240) to work on /opt/airflow/dags/daily_motivation_playlist.py
[2025-10-10T11:12:47.054+0000] {processor.py:914} INFO - Processing file /opt/airflow/dags/daily_motivation_playlist.py for tasks to queue
[2025-10-10T11:12:47.057+0000] {logging_mixin.py:190} INFO - [2025-10-10T11:12:47.057+0000] {dagbag.py:588} INFO - Filling up the DagBag from /opt/airflow/dags/daily_motivation_playlist.py
[2025-10-10T11:12:47.066+0000] {processor.py:925} INFO - DAG(s) 'daily_motivation_and_playlist' retrieved from /opt/airflow/dags/daily_motivation_playlist.py
[2025-10-10T11:12:47.082+0000] {logging_mixin.py:190} INFO - [2025-10-10T11:12:47.082+0000] {dag.py:3239} INFO - Sync 1 DAGs
[2025-10-10T11:12:47.091+0000] {logging_mixin.py:190} INFO - [2025-10-10T11:12:47.091+0000] {dag.py:4180} INFO - Setting next_dagrun for daily_motivation_and_playlist to 2025-10-10 07:00:00+00:00, run_after=2025-10-11 07:00:00+00:00
[2025-10-10T11:12:47.099+0000] {processor.py:208} INFO - Processing /opt/airflow/dags/daily_motivation_playlist.py took 0.053 seconds
[2025-10-10T11:13:17.403+0000] {processor.py:186} INFO - Started process (PID=248) to work on /opt/airflow/dags/daily_motivation_playlist.py
[2025-10-10T11:13:17.405+0000] {processor.py:914} INFO - Processing file /opt/airflow/dags/daily_motivation_playlist.py for tasks to queue
[2025-10-10T11:13:17.408+0000] {logging_mixin.py:190} INFO - [2025-10-10T11:13:17.408+0000] {dagbag.py:588} INFO - Filling up the DagBag from /opt/airflow/dags/daily_motivation_playlist.py
[2025-10-10T11:13:17.420+0000] {processor.py:925} INFO - DAG(s) 'daily_motivation_and_playlist' retrieved from /opt/airflow/dags/daily_motivation_playlist.py
[2025-10-10T11:13:17.435+0000] {logging_mixin.py:190} INFO - [2025-10-10T11:13:17.435+0000] {dag.py:3239} INFO - Sync 1 DAGs
[2025-10-10T11:13:17.571+0000] {logging_mixin.py:190} INFO - [2025-10-10T11:13:17.571+0000] {dag.py:4180} INFO - Setting next_dagrun for daily_motivation_and_playlist to 2025-10-10 07:00:00+00:00, run_after=2025-10-11 07:00:00+00:00
[2025-10-10T11:13:17.579+0000] {processor.py:208} INFO - Processing /opt/airflow/dags/daily_motivation_playlist.py took 0.184 seconds
