[2025-10-10T09:38:16.525+0000] {processor.py:186} INFO - Started process (PID=36) to work on /opt/airflow/dags/simple_dag.py
[2025-10-10T09:38:16.526+0000] {processor.py:914} INFO - Processing file /opt/airflow/dags/simple_dag.py for tasks to queue
[2025-10-10T09:38:16.527+0000] {logging_mixin.py:190} INFO - [2025-10-10T09:38:16.527+0000] {dagbag.py:588} INFO - Filling up the DagBag from /opt/airflow/dags/simple_dag.py
[2025-10-10T09:38:16.535+0000] {processor.py:925} INFO - DAG(s) 'my_first_docker_dag' retrieved from /opt/airflow/dags/simple_dag.py
[2025-10-10T09:38:16.572+0000] {logging_mixin.py:190} INFO - [2025-10-10T09:38:16.571+0000] {override.py:1911} INFO - Created Permission View: can delete on DAG:my_first_docker_dag
[2025-10-10T09:38:16.577+0000] {logging_mixin.py:190} INFO - [2025-10-10T09:38:16.577+0000] {override.py:1911} INFO - Created Permission View: can edit on DAG:my_first_docker_dag
[2025-10-10T09:38:16.578+0000] {logging_mixin.py:190} INFO - [2025-10-10T09:38:16.578+0000] {override.py:1911} INFO - Created Permission View: can read on DAG:my_first_docker_dag
[2025-10-10T09:38:16.581+0000] {logging_mixin.py:190} INFO - [2025-10-10T09:38:16.581+0000] {override.py:1911} INFO - Created Permission View: can delete on DAG Run:my_first_docker_dag
[2025-10-10T09:38:16.583+0000] {logging_mixin.py:190} INFO - [2025-10-10T09:38:16.583+0000] {override.py:1911} INFO - Created Permission View: menu access on DAG Run:my_first_docker_dag
[2025-10-10T09:38:16.586+0000] {logging_mixin.py:190} INFO - [2025-10-10T09:38:16.586+0000] {override.py:1911} INFO - Created Permission View: can create on DAG Run:my_first_docker_dag
[2025-10-10T09:38:16.589+0000] {logging_mixin.py:190} INFO - [2025-10-10T09:38:16.589+0000] {override.py:1911} INFO - Created Permission View: can read on DAG Run:my_first_docker_dag
[2025-10-10T09:38:16.590+0000] {logging_mixin.py:190} INFO - [2025-10-10T09:38:16.590+0000] {dag.py:3239} INFO - Sync 1 DAGs
[2025-10-10T09:38:16.594+0000] {logging_mixin.py:190} INFO - [2025-10-10T09:38:16.594+0000] {dag.py:3262} INFO - Creating ORM DAG for my_first_docker_dag
[2025-10-10T09:38:16.597+0000] {logging_mixin.py:190} INFO - [2025-10-10T09:38:16.597+0000] {dag.py:4180} INFO - Setting next_dagrun for my_first_docker_dag to 2025-10-09 00:00:00+00:00, run_after=2025-10-10 00:00:00+00:00
[2025-10-10T09:38:16.602+0000] {processor.py:208} INFO - Processing /opt/airflow/dags/simple_dag.py took 0.079 seconds
[2025-10-10T09:38:46.681+0000] {processor.py:186} INFO - Started process (PID=100) to work on /opt/airflow/dags/simple_dag.py
[2025-10-10T09:38:46.682+0000] {processor.py:914} INFO - Processing file /opt/airflow/dags/simple_dag.py for tasks to queue
[2025-10-10T09:38:46.684+0000] {logging_mixin.py:190} INFO - [2025-10-10T09:38:46.684+0000] {dagbag.py:588} INFO - Filling up the DagBag from /opt/airflow/dags/simple_dag.py
[2025-10-10T09:38:46.692+0000] {processor.py:925} INFO - DAG(s) 'my_first_docker_dag' retrieved from /opt/airflow/dags/simple_dag.py
[2025-10-10T09:38:46.704+0000] {logging_mixin.py:190} INFO - [2025-10-10T09:38:46.704+0000] {dag.py:3239} INFO - Sync 1 DAGs
[2025-10-10T09:38:46.715+0000] {logging_mixin.py:190} INFO - [2025-10-10T09:38:46.715+0000] {dag.py:4180} INFO - Setting next_dagrun for my_first_docker_dag to 2025-10-09 00:00:00+00:00, run_after=2025-10-10 00:00:00+00:00
[2025-10-10T09:38:46.723+0000] {processor.py:208} INFO - Processing /opt/airflow/dags/simple_dag.py took 0.049 seconds
[2025-10-10T09:39:17.735+0000] {processor.py:186} INFO - Started process (PID=170) to work on /opt/airflow/dags/simple_dag.py
[2025-10-10T09:39:17.737+0000] {processor.py:914} INFO - Processing file /opt/airflow/dags/simple_dag.py for tasks to queue
[2025-10-10T09:39:17.740+0000] {logging_mixin.py:190} INFO - [2025-10-10T09:39:17.740+0000] {dagbag.py:588} INFO - Filling up the DagBag from /opt/airflow/dags/simple_dag.py
[2025-10-10T09:39:17.753+0000] {processor.py:925} INFO - DAG(s) 'my_first_docker_dag' retrieved from /opt/airflow/dags/simple_dag.py
[2025-10-10T09:39:17.768+0000] {logging_mixin.py:190} INFO - [2025-10-10T09:39:17.768+0000] {dag.py:3239} INFO - Sync 1 DAGs
[2025-10-10T09:39:17.782+0000] {logging_mixin.py:190} INFO - [2025-10-10T09:39:17.782+0000] {dag.py:4180} INFO - Setting next_dagrun for my_first_docker_dag to 2025-10-09 00:00:00+00:00, run_after=2025-10-10 00:00:00+00:00
[2025-10-10T09:39:17.790+0000] {processor.py:208} INFO - Processing /opt/airflow/dags/simple_dag.py took 0.064 seconds
[2025-10-10T09:39:47.860+0000] {processor.py:186} INFO - Started process (PID=234) to work on /opt/airflow/dags/simple_dag.py
[2025-10-10T09:39:47.861+0000] {processor.py:914} INFO - Processing file /opt/airflow/dags/simple_dag.py for tasks to queue
[2025-10-10T09:39:47.864+0000] {logging_mixin.py:190} INFO - [2025-10-10T09:39:47.864+0000] {dagbag.py:588} INFO - Filling up the DagBag from /opt/airflow/dags/simple_dag.py
[2025-10-10T09:39:47.877+0000] {processor.py:925} INFO - DAG(s) 'my_first_docker_dag' retrieved from /opt/airflow/dags/simple_dag.py
[2025-10-10T09:39:47.890+0000] {logging_mixin.py:190} INFO - [2025-10-10T09:39:47.890+0000] {dag.py:3239} INFO - Sync 1 DAGs
[2025-10-10T09:39:47.902+0000] {logging_mixin.py:190} INFO - [2025-10-10T09:39:47.902+0000] {dag.py:4180} INFO - Setting next_dagrun for my_first_docker_dag to 2025-10-09 00:00:00+00:00, run_after=2025-10-10 00:00:00+00:00
[2025-10-10T09:39:47.911+0000] {processor.py:208} INFO - Processing /opt/airflow/dags/simple_dag.py took 0.060 seconds
[2025-10-10T09:40:18.006+0000] {processor.py:186} INFO - Started process (PID=298) to work on /opt/airflow/dags/simple_dag.py
[2025-10-10T09:40:18.007+0000] {processor.py:914} INFO - Processing file /opt/airflow/dags/simple_dag.py for tasks to queue
[2025-10-10T09:40:18.012+0000] {logging_mixin.py:190} INFO - [2025-10-10T09:40:18.012+0000] {dagbag.py:588} INFO - Filling up the DagBag from /opt/airflow/dags/simple_dag.py
[2025-10-10T09:40:18.026+0000] {processor.py:925} INFO - DAG(s) 'my_first_docker_dag' retrieved from /opt/airflow/dags/simple_dag.py
[2025-10-10T09:40:18.041+0000] {logging_mixin.py:190} INFO - [2025-10-10T09:40:18.041+0000] {dag.py:3239} INFO - Sync 1 DAGs
[2025-10-10T09:40:18.056+0000] {logging_mixin.py:190} INFO - [2025-10-10T09:40:18.056+0000] {dag.py:4180} INFO - Setting next_dagrun for my_first_docker_dag to 2025-10-09 00:00:00+00:00, run_after=2025-10-10 00:00:00+00:00
[2025-10-10T09:40:18.067+0000] {processor.py:208} INFO - Processing /opt/airflow/dags/simple_dag.py took 0.068 seconds
[2025-10-10T09:40:48.258+0000] {processor.py:186} INFO - Started process (PID=362) to work on /opt/airflow/dags/simple_dag.py
[2025-10-10T09:40:48.260+0000] {processor.py:914} INFO - Processing file /opt/airflow/dags/simple_dag.py for tasks to queue
[2025-10-10T09:40:48.263+0000] {logging_mixin.py:190} INFO - [2025-10-10T09:40:48.263+0000] {dagbag.py:588} INFO - Filling up the DagBag from /opt/airflow/dags/simple_dag.py
[2025-10-10T09:40:48.277+0000] {processor.py:925} INFO - DAG(s) 'my_first_docker_dag' retrieved from /opt/airflow/dags/simple_dag.py
[2025-10-10T09:40:48.290+0000] {logging_mixin.py:190} INFO - [2025-10-10T09:40:48.290+0000] {dag.py:3239} INFO - Sync 1 DAGs
[2025-10-10T09:40:48.301+0000] {logging_mixin.py:190} INFO - [2025-10-10T09:40:48.301+0000] {dag.py:4180} INFO - Setting next_dagrun for my_first_docker_dag to 2025-10-09 00:00:00+00:00, run_after=2025-10-10 00:00:00+00:00
[2025-10-10T09:40:48.309+0000] {processor.py:208} INFO - Processing /opt/airflow/dags/simple_dag.py took 0.059 seconds
[2025-10-10T09:41:18.446+0000] {processor.py:186} INFO - Started process (PID=426) to work on /opt/airflow/dags/simple_dag.py
[2025-10-10T09:41:18.447+0000] {processor.py:914} INFO - Processing file /opt/airflow/dags/simple_dag.py for tasks to queue
[2025-10-10T09:41:18.449+0000] {logging_mixin.py:190} INFO - [2025-10-10T09:41:18.449+0000] {dagbag.py:588} INFO - Filling up the DagBag from /opt/airflow/dags/simple_dag.py
[2025-10-10T09:41:18.464+0000] {processor.py:925} INFO - DAG(s) 'my_first_docker_dag' retrieved from /opt/airflow/dags/simple_dag.py
[2025-10-10T09:41:18.476+0000] {logging_mixin.py:190} INFO - [2025-10-10T09:41:18.476+0000] {dag.py:3239} INFO - Sync 1 DAGs
[2025-10-10T09:41:18.489+0000] {logging_mixin.py:190} INFO - [2025-10-10T09:41:18.489+0000] {dag.py:4180} INFO - Setting next_dagrun for my_first_docker_dag to 2025-10-09 00:00:00+00:00, run_after=2025-10-10 00:00:00+00:00
[2025-10-10T09:41:18.499+0000] {processor.py:208} INFO - Processing /opt/airflow/dags/simple_dag.py took 0.060 seconds
[2025-10-10T09:41:48.548+0000] {processor.py:186} INFO - Started process (PID=490) to work on /opt/airflow/dags/simple_dag.py
[2025-10-10T09:41:48.550+0000] {processor.py:914} INFO - Processing file /opt/airflow/dags/simple_dag.py for tasks to queue
[2025-10-10T09:41:48.555+0000] {logging_mixin.py:190} INFO - [2025-10-10T09:41:48.554+0000] {dagbag.py:588} INFO - Filling up the DagBag from /opt/airflow/dags/simple_dag.py
[2025-10-10T09:41:48.571+0000] {processor.py:925} INFO - DAG(s) 'my_first_docker_dag' retrieved from /opt/airflow/dags/simple_dag.py
[2025-10-10T09:41:48.586+0000] {logging_mixin.py:190} INFO - [2025-10-10T09:41:48.586+0000] {dag.py:3239} INFO - Sync 1 DAGs
[2025-10-10T09:41:48.599+0000] {logging_mixin.py:190} INFO - [2025-10-10T09:41:48.599+0000] {dag.py:4180} INFO - Setting next_dagrun for my_first_docker_dag to 2025-10-09 00:00:00+00:00, run_after=2025-10-10 00:00:00+00:00
[2025-10-10T09:41:48.608+0000] {processor.py:208} INFO - Processing /opt/airflow/dags/simple_dag.py took 0.070 seconds
[2025-10-10T09:42:18.769+0000] {processor.py:186} INFO - Started process (PID=554) to work on /opt/airflow/dags/simple_dag.py
[2025-10-10T09:42:18.769+0000] {processor.py:914} INFO - Processing file /opt/airflow/dags/simple_dag.py for tasks to queue
[2025-10-10T09:42:18.772+0000] {logging_mixin.py:190} INFO - [2025-10-10T09:42:18.771+0000] {dagbag.py:588} INFO - Filling up the DagBag from /opt/airflow/dags/simple_dag.py
[2025-10-10T09:42:18.781+0000] {processor.py:925} INFO - DAG(s) 'my_first_docker_dag' retrieved from /opt/airflow/dags/simple_dag.py
[2025-10-10T09:42:18.795+0000] {logging_mixin.py:190} INFO - [2025-10-10T09:42:18.795+0000] {dag.py:3239} INFO - Sync 1 DAGs
[2025-10-10T09:42:18.808+0000] {logging_mixin.py:190} INFO - [2025-10-10T09:42:18.808+0000] {dag.py:4180} INFO - Setting next_dagrun for my_first_docker_dag to 2025-10-09 00:00:00+00:00, run_after=2025-10-10 00:00:00+00:00
[2025-10-10T09:42:18.821+0000] {processor.py:208} INFO - Processing /opt/airflow/dags/simple_dag.py took 0.059 seconds
[2025-10-10T09:42:49.810+0000] {processor.py:186} INFO - Started process (PID=618) to work on /opt/airflow/dags/simple_dag.py
[2025-10-10T09:42:49.811+0000] {processor.py:914} INFO - Processing file /opt/airflow/dags/simple_dag.py for tasks to queue
[2025-10-10T09:42:49.814+0000] {logging_mixin.py:190} INFO - [2025-10-10T09:42:49.814+0000] {dagbag.py:588} INFO - Filling up the DagBag from /opt/airflow/dags/simple_dag.py
[2025-10-10T09:42:49.828+0000] {processor.py:925} INFO - DAG(s) 'my_first_docker_dag' retrieved from /opt/airflow/dags/simple_dag.py
[2025-10-10T09:42:49.843+0000] {logging_mixin.py:190} INFO - [2025-10-10T09:42:49.843+0000] {dag.py:3239} INFO - Sync 1 DAGs
[2025-10-10T09:42:49.859+0000] {logging_mixin.py:190} INFO - [2025-10-10T09:42:49.859+0000] {dag.py:4180} INFO - Setting next_dagrun for my_first_docker_dag to 2025-10-09 00:00:00+00:00, run_after=2025-10-10 00:00:00+00:00
[2025-10-10T09:42:49.870+0000] {processor.py:208} INFO - Processing /opt/airflow/dags/simple_dag.py took 0.066 seconds
[2025-10-10T09:43:20.112+0000] {processor.py:186} INFO - Started process (PID=682) to work on /opt/airflow/dags/simple_dag.py
[2025-10-10T09:43:20.113+0000] {processor.py:914} INFO - Processing file /opt/airflow/dags/simple_dag.py for tasks to queue
[2025-10-10T09:43:20.116+0000] {logging_mixin.py:190} INFO - [2025-10-10T09:43:20.116+0000] {dagbag.py:588} INFO - Filling up the DagBag from /opt/airflow/dags/simple_dag.py
[2025-10-10T09:43:20.130+0000] {processor.py:925} INFO - DAG(s) 'my_first_docker_dag' retrieved from /opt/airflow/dags/simple_dag.py
[2025-10-10T09:43:20.142+0000] {logging_mixin.py:190} INFO - [2025-10-10T09:43:20.142+0000] {dag.py:3239} INFO - Sync 1 DAGs
[2025-10-10T09:43:20.157+0000] {logging_mixin.py:190} INFO - [2025-10-10T09:43:20.157+0000] {dag.py:4180} INFO - Setting next_dagrun for my_first_docker_dag to 2025-10-09 00:00:00+00:00, run_after=2025-10-10 00:00:00+00:00
[2025-10-10T09:43:20.166+0000] {processor.py:208} INFO - Processing /opt/airflow/dags/simple_dag.py took 0.062 seconds
[2025-10-10T09:44:08.158+0000] {processor.py:186} INFO - Started process (PID=42) to work on /opt/airflow/dags/simple_dag.py
[2025-10-10T09:44:08.158+0000] {processor.py:914} INFO - Processing file /opt/airflow/dags/simple_dag.py for tasks to queue
[2025-10-10T09:44:08.160+0000] {logging_mixin.py:190} INFO - [2025-10-10T09:44:08.160+0000] {dagbag.py:588} INFO - Filling up the DagBag from /opt/airflow/dags/simple_dag.py
[2025-10-10T09:44:08.177+0000] {processor.py:925} INFO - DAG(s) 'my_first_docker_dag' retrieved from /opt/airflow/dags/simple_dag.py
[2025-10-10T09:44:08.203+0000] {logging_mixin.py:190} INFO - [2025-10-10T09:44:08.203+0000] {dag.py:3239} INFO - Sync 1 DAGs
[2025-10-10T09:44:08.216+0000] {logging_mixin.py:190} INFO - [2025-10-10T09:44:08.216+0000] {dag.py:4180} INFO - Setting next_dagrun for my_first_docker_dag to 2025-10-09 00:00:00+00:00, run_after=2025-10-10 00:00:00+00:00
[2025-10-10T09:44:08.231+0000] {processor.py:208} INFO - Processing /opt/airflow/dags/simple_dag.py took 0.077 seconds
[2025-10-10T09:44:39.016+0000] {processor.py:186} INFO - Started process (PID=107) to work on /opt/airflow/dags/simple_dag.py
[2025-10-10T09:44:39.017+0000] {processor.py:914} INFO - Processing file /opt/airflow/dags/simple_dag.py for tasks to queue
[2025-10-10T09:44:39.022+0000] {logging_mixin.py:190} INFO - [2025-10-10T09:44:39.021+0000] {dagbag.py:588} INFO - Filling up the DagBag from /opt/airflow/dags/simple_dag.py
[2025-10-10T09:44:39.035+0000] {processor.py:925} INFO - DAG(s) 'my_first_docker_dag' retrieved from /opt/airflow/dags/simple_dag.py
[2025-10-10T09:44:39.043+0000] {logging_mixin.py:190} INFO - [2025-10-10T09:44:39.043+0000] {dag.py:3239} INFO - Sync 1 DAGs
[2025-10-10T09:44:39.055+0000] {logging_mixin.py:190} INFO - [2025-10-10T09:44:39.055+0000] {dag.py:4180} INFO - Setting next_dagrun for my_first_docker_dag to 2025-10-09 00:00:00+00:00, run_after=2025-10-10 00:00:00+00:00
[2025-10-10T09:44:39.064+0000] {processor.py:208} INFO - Processing /opt/airflow/dags/simple_dag.py took 0.056 seconds
[2025-10-10T09:45:10.076+0000] {processor.py:186} INFO - Started process (PID=177) to work on /opt/airflow/dags/simple_dag.py
[2025-10-10T09:45:10.077+0000] {processor.py:914} INFO - Processing file /opt/airflow/dags/simple_dag.py for tasks to queue
[2025-10-10T09:45:10.082+0000] {logging_mixin.py:190} INFO - [2025-10-10T09:45:10.082+0000] {dagbag.py:588} INFO - Filling up the DagBag from /opt/airflow/dags/simple_dag.py
[2025-10-10T09:45:10.098+0000] {processor.py:925} INFO - DAG(s) 'my_first_docker_dag' retrieved from /opt/airflow/dags/simple_dag.py
[2025-10-10T09:45:10.113+0000] {logging_mixin.py:190} INFO - [2025-10-10T09:45:10.112+0000] {dag.py:3239} INFO - Sync 1 DAGs
[2025-10-10T09:45:10.122+0000] {logging_mixin.py:190} INFO - [2025-10-10T09:45:10.122+0000] {dag.py:4180} INFO - Setting next_dagrun for my_first_docker_dag to 2025-10-09 00:00:00+00:00, run_after=2025-10-10 00:00:00+00:00
[2025-10-10T09:45:10.129+0000] {processor.py:208} INFO - Processing /opt/airflow/dags/simple_dag.py took 0.060 seconds
[2025-10-10T09:45:41.120+0000] {processor.py:186} INFO - Started process (PID=249) to work on /opt/airflow/dags/simple_dag.py
[2025-10-10T09:45:41.121+0000] {processor.py:914} INFO - Processing file /opt/airflow/dags/simple_dag.py for tasks to queue
[2025-10-10T09:45:41.124+0000] {logging_mixin.py:190} INFO - [2025-10-10T09:45:41.124+0000] {dagbag.py:588} INFO - Filling up the DagBag from /opt/airflow/dags/simple_dag.py
[2025-10-10T09:45:41.136+0000] {processor.py:925} INFO - DAG(s) 'my_first_docker_dag' retrieved from /opt/airflow/dags/simple_dag.py
[2025-10-10T09:45:41.149+0000] {logging_mixin.py:190} INFO - [2025-10-10T09:45:41.149+0000] {dag.py:3239} INFO - Sync 1 DAGs
[2025-10-10T09:45:41.161+0000] {logging_mixin.py:190} INFO - [2025-10-10T09:45:41.161+0000] {dag.py:4180} INFO - Setting next_dagrun for my_first_docker_dag to 2025-10-09 00:00:00+00:00, run_after=2025-10-10 00:00:00+00:00
[2025-10-10T09:45:41.167+0000] {processor.py:208} INFO - Processing /opt/airflow/dags/simple_dag.py took 0.054 seconds
[2025-10-10T09:46:12.099+0000] {processor.py:186} INFO - Started process (PID=313) to work on /opt/airflow/dags/simple_dag.py
[2025-10-10T09:46:12.100+0000] {processor.py:914} INFO - Processing file /opt/airflow/dags/simple_dag.py for tasks to queue
[2025-10-10T09:46:12.102+0000] {logging_mixin.py:190} INFO - [2025-10-10T09:46:12.102+0000] {dagbag.py:588} INFO - Filling up the DagBag from /opt/airflow/dags/simple_dag.py
[2025-10-10T09:46:12.112+0000] {processor.py:925} INFO - DAG(s) 'my_first_docker_dag' retrieved from /opt/airflow/dags/simple_dag.py
[2025-10-10T09:46:12.122+0000] {logging_mixin.py:190} INFO - [2025-10-10T09:46:12.122+0000] {dag.py:3239} INFO - Sync 1 DAGs
[2025-10-10T09:46:12.133+0000] {logging_mixin.py:190} INFO - [2025-10-10T09:46:12.133+0000] {dag.py:4180} INFO - Setting next_dagrun for my_first_docker_dag to 2025-10-09 00:00:00+00:00, run_after=2025-10-10 00:00:00+00:00
[2025-10-10T09:46:12.144+0000] {processor.py:208} INFO - Processing /opt/airflow/dags/simple_dag.py took 0.050 seconds
[2025-10-10T09:46:42.188+0000] {processor.py:186} INFO - Started process (PID=377) to work on /opt/airflow/dags/simple_dag.py
[2025-10-10T09:46:42.189+0000] {processor.py:914} INFO - Processing file /opt/airflow/dags/simple_dag.py for tasks to queue
[2025-10-10T09:46:42.191+0000] {logging_mixin.py:190} INFO - [2025-10-10T09:46:42.191+0000] {dagbag.py:588} INFO - Filling up the DagBag from /opt/airflow/dags/simple_dag.py
[2025-10-10T09:46:42.200+0000] {processor.py:925} INFO - DAG(s) 'my_first_docker_dag' retrieved from /opt/airflow/dags/simple_dag.py
[2025-10-10T09:46:42.212+0000] {logging_mixin.py:190} INFO - [2025-10-10T09:46:42.212+0000] {dag.py:3239} INFO - Sync 1 DAGs
[2025-10-10T09:46:42.223+0000] {logging_mixin.py:190} INFO - [2025-10-10T09:46:42.223+0000] {dag.py:4180} INFO - Setting next_dagrun for my_first_docker_dag to 2025-10-09 00:00:00+00:00, run_after=2025-10-10 00:00:00+00:00
[2025-10-10T09:46:42.229+0000] {processor.py:208} INFO - Processing /opt/airflow/dags/simple_dag.py took 0.046 seconds
[2025-10-10T09:47:13.125+0000] {processor.py:186} INFO - Started process (PID=441) to work on /opt/airflow/dags/simple_dag.py
[2025-10-10T09:47:13.125+0000] {processor.py:914} INFO - Processing file /opt/airflow/dags/simple_dag.py for tasks to queue
[2025-10-10T09:47:13.128+0000] {logging_mixin.py:190} INFO - [2025-10-10T09:47:13.128+0000] {dagbag.py:588} INFO - Filling up the DagBag from /opt/airflow/dags/simple_dag.py
[2025-10-10T09:47:13.142+0000] {processor.py:925} INFO - DAG(s) 'my_first_docker_dag' retrieved from /opt/airflow/dags/simple_dag.py
[2025-10-10T09:47:13.156+0000] {logging_mixin.py:190} INFO - [2025-10-10T09:47:13.155+0000] {dag.py:3239} INFO - Sync 1 DAGs
[2025-10-10T09:47:13.166+0000] {logging_mixin.py:190} INFO - [2025-10-10T09:47:13.166+0000] {dag.py:4180} INFO - Setting next_dagrun for my_first_docker_dag to 2025-10-09 00:00:00+00:00, run_after=2025-10-10 00:00:00+00:00
[2025-10-10T09:47:13.175+0000] {processor.py:208} INFO - Processing /opt/airflow/dags/simple_dag.py took 0.057 seconds
[2025-10-10T09:47:43.241+0000] {processor.py:186} INFO - Started process (PID=505) to work on /opt/airflow/dags/simple_dag.py
[2025-10-10T09:47:43.241+0000] {processor.py:914} INFO - Processing file /opt/airflow/dags/simple_dag.py for tasks to queue
[2025-10-10T09:47:43.243+0000] {logging_mixin.py:190} INFO - [2025-10-10T09:47:43.243+0000] {dagbag.py:588} INFO - Filling up the DagBag from /opt/airflow/dags/simple_dag.py
[2025-10-10T09:47:43.251+0000] {processor.py:925} INFO - DAG(s) 'my_first_docker_dag' retrieved from /opt/airflow/dags/simple_dag.py
[2025-10-10T09:47:43.263+0000] {logging_mixin.py:190} INFO - [2025-10-10T09:47:43.263+0000] {dag.py:3239} INFO - Sync 1 DAGs
[2025-10-10T09:47:43.274+0000] {logging_mixin.py:190} INFO - [2025-10-10T09:47:43.274+0000] {dag.py:4180} INFO - Setting next_dagrun for my_first_docker_dag to 2025-10-09 00:00:00+00:00, run_after=2025-10-10 00:00:00+00:00
[2025-10-10T09:47:43.283+0000] {processor.py:208} INFO - Processing /opt/airflow/dags/simple_dag.py took 0.045 seconds
[2025-10-10T09:48:14.249+0000] {processor.py:186} INFO - Started process (PID=569) to work on /opt/airflow/dags/simple_dag.py
[2025-10-10T09:48:14.250+0000] {processor.py:914} INFO - Processing file /opt/airflow/dags/simple_dag.py for tasks to queue
[2025-10-10T09:48:14.252+0000] {logging_mixin.py:190} INFO - [2025-10-10T09:48:14.252+0000] {dagbag.py:588} INFO - Filling up the DagBag from /opt/airflow/dags/simple_dag.py
[2025-10-10T09:48:14.262+0000] {processor.py:925} INFO - DAG(s) 'my_first_docker_dag' retrieved from /opt/airflow/dags/simple_dag.py
[2025-10-10T09:48:14.274+0000] {logging_mixin.py:190} INFO - [2025-10-10T09:48:14.274+0000] {dag.py:3239} INFO - Sync 1 DAGs
[2025-10-10T09:48:14.286+0000] {logging_mixin.py:190} INFO - [2025-10-10T09:48:14.286+0000] {dag.py:4180} INFO - Setting next_dagrun for my_first_docker_dag to 2025-10-09 00:00:00+00:00, run_after=2025-10-10 00:00:00+00:00
[2025-10-10T09:48:14.296+0000] {processor.py:208} INFO - Processing /opt/airflow/dags/simple_dag.py took 0.052 seconds
[2025-10-10T09:48:44.698+0000] {processor.py:186} INFO - Started process (PID=633) to work on /opt/airflow/dags/simple_dag.py
[2025-10-10T09:48:44.699+0000] {processor.py:914} INFO - Processing file /opt/airflow/dags/simple_dag.py for tasks to queue
[2025-10-10T09:48:44.701+0000] {logging_mixin.py:190} INFO - [2025-10-10T09:48:44.700+0000] {dagbag.py:588} INFO - Filling up the DagBag from /opt/airflow/dags/simple_dag.py
[2025-10-10T09:48:44.711+0000] {processor.py:925} INFO - DAG(s) 'my_first_docker_dag' retrieved from /opt/airflow/dags/simple_dag.py
[2025-10-10T09:48:44.724+0000] {logging_mixin.py:190} INFO - [2025-10-10T09:48:44.723+0000] {dag.py:3239} INFO - Sync 1 DAGs
[2025-10-10T09:48:44.735+0000] {logging_mixin.py:190} INFO - [2025-10-10T09:48:44.735+0000] {dag.py:4180} INFO - Setting next_dagrun for my_first_docker_dag to 2025-10-09 00:00:00+00:00, run_after=2025-10-10 00:00:00+00:00
[2025-10-10T09:48:44.746+0000] {processor.py:208} INFO - Processing /opt/airflow/dags/simple_dag.py took 0.052 seconds
[2025-10-10T09:49:26.944+0000] {processor.py:186} INFO - Started process (PID=42) to work on /opt/airflow/dags/simple_dag.py
[2025-10-10T09:49:26.944+0000] {processor.py:914} INFO - Processing file /opt/airflow/dags/simple_dag.py for tasks to queue
[2025-10-10T09:49:26.946+0000] {logging_mixin.py:190} INFO - [2025-10-10T09:49:26.946+0000] {dagbag.py:588} INFO - Filling up the DagBag from /opt/airflow/dags/simple_dag.py
[2025-10-10T09:49:26.959+0000] {processor.py:925} INFO - DAG(s) 'my_first_docker_dag' retrieved from /opt/airflow/dags/simple_dag.py
[2025-10-10T09:49:26.979+0000] {logging_mixin.py:190} INFO - [2025-10-10T09:49:26.979+0000] {dag.py:3239} INFO - Sync 1 DAGs
[2025-10-10T09:49:26.989+0000] {logging_mixin.py:190} INFO - [2025-10-10T09:49:26.989+0000] {dag.py:4180} INFO - Setting next_dagrun for my_first_docker_dag to 2025-10-09 00:00:00+00:00, run_after=2025-10-10 00:00:00+00:00
[2025-10-10T09:49:27.007+0000] {processor.py:208} INFO - Processing /opt/airflow/dags/simple_dag.py took 0.066 seconds
[2025-10-10T09:49:57.176+0000] {processor.py:186} INFO - Started process (PID=49) to work on /opt/airflow/dags/simple_dag.py
[2025-10-10T09:49:57.177+0000] {processor.py:914} INFO - Processing file /opt/airflow/dags/simple_dag.py for tasks to queue
[2025-10-10T09:49:57.184+0000] {logging_mixin.py:190} INFO - [2025-10-10T09:49:57.178+0000] {dagbag.py:588} INFO - Filling up the DagBag from /opt/airflow/dags/simple_dag.py
[2025-10-10T09:49:57.194+0000] {processor.py:925} INFO - DAG(s) 'my_first_docker_dag' retrieved from /opt/airflow/dags/simple_dag.py
[2025-10-10T09:49:57.207+0000] {logging_mixin.py:190} INFO - [2025-10-10T09:49:57.207+0000] {dag.py:3239} INFO - Sync 1 DAGs
[2025-10-10T09:49:57.216+0000] {logging_mixin.py:190} INFO - [2025-10-10T09:49:57.216+0000] {dag.py:4180} INFO - Setting next_dagrun for my_first_docker_dag to 2025-10-09 00:00:00+00:00, run_after=2025-10-10 00:00:00+00:00
[2025-10-10T09:49:57.221+0000] {processor.py:208} INFO - Processing /opt/airflow/dags/simple_dag.py took 0.048 seconds
[2025-10-10T09:50:27.480+0000] {processor.py:186} INFO - Started process (PID=56) to work on /opt/airflow/dags/simple_dag.py
[2025-10-10T09:50:27.481+0000] {processor.py:914} INFO - Processing file /opt/airflow/dags/simple_dag.py for tasks to queue
[2025-10-10T09:50:27.482+0000] {logging_mixin.py:190} INFO - [2025-10-10T09:50:27.482+0000] {dagbag.py:588} INFO - Filling up the DagBag from /opt/airflow/dags/simple_dag.py
[2025-10-10T09:50:27.489+0000] {processor.py:925} INFO - DAG(s) 'my_first_docker_dag' retrieved from /opt/airflow/dags/simple_dag.py
[2025-10-10T09:50:27.499+0000] {logging_mixin.py:190} INFO - [2025-10-10T09:50:27.499+0000] {dag.py:3239} INFO - Sync 1 DAGs
[2025-10-10T09:50:27.508+0000] {logging_mixin.py:190} INFO - [2025-10-10T09:50:27.508+0000] {dag.py:4180} INFO - Setting next_dagrun for my_first_docker_dag to 2025-10-09 00:00:00+00:00, run_after=2025-10-10 00:00:00+00:00
[2025-10-10T09:50:27.513+0000] {processor.py:208} INFO - Processing /opt/airflow/dags/simple_dag.py took 0.037 seconds
[2025-10-10T09:50:57.752+0000] {processor.py:186} INFO - Started process (PID=63) to work on /opt/airflow/dags/simple_dag.py
[2025-10-10T09:50:57.753+0000] {processor.py:914} INFO - Processing file /opt/airflow/dags/simple_dag.py for tasks to queue
[2025-10-10T09:50:57.756+0000] {logging_mixin.py:190} INFO - [2025-10-10T09:50:57.756+0000] {dagbag.py:588} INFO - Filling up the DagBag from /opt/airflow/dags/simple_dag.py
[2025-10-10T09:50:57.767+0000] {processor.py:925} INFO - DAG(s) 'my_first_docker_dag' retrieved from /opt/airflow/dags/simple_dag.py
[2025-10-10T09:50:57.779+0000] {logging_mixin.py:190} INFO - [2025-10-10T09:50:57.779+0000] {dag.py:3239} INFO - Sync 1 DAGs
[2025-10-10T09:50:57.790+0000] {logging_mixin.py:190} INFO - [2025-10-10T09:50:57.790+0000] {dag.py:4180} INFO - Setting next_dagrun for my_first_docker_dag to 2025-10-09 00:00:00+00:00, run_after=2025-10-10 00:00:00+00:00
[2025-10-10T09:50:57.797+0000] {processor.py:208} INFO - Processing /opt/airflow/dags/simple_dag.py took 0.048 seconds
[2025-10-10T09:51:28.060+0000] {processor.py:186} INFO - Started process (PID=70) to work on /opt/airflow/dags/simple_dag.py
[2025-10-10T09:51:28.060+0000] {processor.py:914} INFO - Processing file /opt/airflow/dags/simple_dag.py for tasks to queue
[2025-10-10T09:51:28.063+0000] {logging_mixin.py:190} INFO - [2025-10-10T09:51:28.063+0000] {dagbag.py:588} INFO - Filling up the DagBag from /opt/airflow/dags/simple_dag.py
[2025-10-10T09:51:28.074+0000] {processor.py:925} INFO - DAG(s) 'my_first_docker_dag' retrieved from /opt/airflow/dags/simple_dag.py
[2025-10-10T09:51:28.091+0000] {logging_mixin.py:190} INFO - [2025-10-10T09:51:28.091+0000] {dag.py:3239} INFO - Sync 1 DAGs
[2025-10-10T09:51:28.101+0000] {logging_mixin.py:190} INFO - [2025-10-10T09:51:28.101+0000] {dag.py:4180} INFO - Setting next_dagrun for my_first_docker_dag to 2025-10-09 00:00:00+00:00, run_after=2025-10-10 00:00:00+00:00
[2025-10-10T09:51:28.107+0000] {processor.py:208} INFO - Processing /opt/airflow/dags/simple_dag.py took 0.054 seconds
[2025-10-10T09:51:58.320+0000] {processor.py:186} INFO - Started process (PID=77) to work on /opt/airflow/dags/simple_dag.py
[2025-10-10T09:51:58.320+0000] {processor.py:914} INFO - Processing file /opt/airflow/dags/simple_dag.py for tasks to queue
[2025-10-10T09:51:58.323+0000] {logging_mixin.py:190} INFO - [2025-10-10T09:51:58.323+0000] {dagbag.py:588} INFO - Filling up the DagBag from /opt/airflow/dags/simple_dag.py
[2025-10-10T09:51:58.335+0000] {processor.py:925} INFO - DAG(s) 'my_first_docker_dag' retrieved from /opt/airflow/dags/simple_dag.py
[2025-10-10T09:51:58.350+0000] {logging_mixin.py:190} INFO - [2025-10-10T09:51:58.349+0000] {dag.py:3239} INFO - Sync 1 DAGs
[2025-10-10T09:51:58.360+0000] {logging_mixin.py:190} INFO - [2025-10-10T09:51:58.360+0000] {dag.py:4180} INFO - Setting next_dagrun for my_first_docker_dag to 2025-10-09 00:00:00+00:00, run_after=2025-10-10 00:00:00+00:00
[2025-10-10T09:51:58.366+0000] {processor.py:208} INFO - Processing /opt/airflow/dags/simple_dag.py took 0.056 seconds
[2025-10-10T09:52:28.567+0000] {processor.py:186} INFO - Started process (PID=84) to work on /opt/airflow/dags/simple_dag.py
[2025-10-10T09:52:28.568+0000] {processor.py:914} INFO - Processing file /opt/airflow/dags/simple_dag.py for tasks to queue
[2025-10-10T09:52:28.570+0000] {logging_mixin.py:190} INFO - [2025-10-10T09:52:28.570+0000] {dagbag.py:588} INFO - Filling up the DagBag from /opt/airflow/dags/simple_dag.py
[2025-10-10T09:52:28.582+0000] {processor.py:925} INFO - DAG(s) 'my_first_docker_dag' retrieved from /opt/airflow/dags/simple_dag.py
[2025-10-10T09:52:28.604+0000] {logging_mixin.py:190} INFO - [2025-10-10T09:52:28.604+0000] {dag.py:3239} INFO - Sync 1 DAGs
[2025-10-10T09:52:28.614+0000] {logging_mixin.py:190} INFO - [2025-10-10T09:52:28.614+0000] {dag.py:4180} INFO - Setting next_dagrun for my_first_docker_dag to 2025-10-09 00:00:00+00:00, run_after=2025-10-10 00:00:00+00:00
[2025-10-10T09:52:28.619+0000] {processor.py:208} INFO - Processing /opt/airflow/dags/simple_dag.py took 0.058 seconds
[2025-10-10T09:52:58.858+0000] {processor.py:186} INFO - Started process (PID=91) to work on /opt/airflow/dags/simple_dag.py
[2025-10-10T09:52:58.859+0000] {processor.py:914} INFO - Processing file /opt/airflow/dags/simple_dag.py for tasks to queue
[2025-10-10T09:52:58.861+0000] {logging_mixin.py:190} INFO - [2025-10-10T09:52:58.861+0000] {dagbag.py:588} INFO - Filling up the DagBag from /opt/airflow/dags/simple_dag.py
[2025-10-10T09:52:58.875+0000] {processor.py:925} INFO - DAG(s) 'my_first_docker_dag' retrieved from /opt/airflow/dags/simple_dag.py
[2025-10-10T09:52:58.895+0000] {logging_mixin.py:190} INFO - [2025-10-10T09:52:58.894+0000] {dag.py:3239} INFO - Sync 1 DAGs
[2025-10-10T09:52:58.908+0000] {logging_mixin.py:190} INFO - [2025-10-10T09:52:58.907+0000] {dag.py:4180} INFO - Setting next_dagrun for my_first_docker_dag to 2025-10-09 00:00:00+00:00, run_after=2025-10-10 00:00:00+00:00
[2025-10-10T09:52:58.915+0000] {processor.py:208} INFO - Processing /opt/airflow/dags/simple_dag.py took 0.064 seconds
[2025-10-10T09:53:29.198+0000] {processor.py:186} INFO - Started process (PID=98) to work on /opt/airflow/dags/simple_dag.py
[2025-10-10T09:53:29.199+0000] {processor.py:914} INFO - Processing file /opt/airflow/dags/simple_dag.py for tasks to queue
[2025-10-10T09:53:29.203+0000] {logging_mixin.py:190} INFO - [2025-10-10T09:53:29.202+0000] {dagbag.py:588} INFO - Filling up the DagBag from /opt/airflow/dags/simple_dag.py
[2025-10-10T09:53:29.219+0000] {processor.py:925} INFO - DAG(s) 'my_first_docker_dag' retrieved from /opt/airflow/dags/simple_dag.py
[2025-10-10T09:53:29.243+0000] {logging_mixin.py:190} INFO - [2025-10-10T09:53:29.243+0000] {dag.py:3239} INFO - Sync 1 DAGs
[2025-10-10T09:53:29.256+0000] {logging_mixin.py:190} INFO - [2025-10-10T09:53:29.256+0000] {dag.py:4180} INFO - Setting next_dagrun for my_first_docker_dag to 2025-10-09 00:00:00+00:00, run_after=2025-10-10 00:00:00+00:00
[2025-10-10T09:53:29.263+0000] {processor.py:208} INFO - Processing /opt/airflow/dags/simple_dag.py took 0.073 seconds
[2025-10-10T09:53:59.492+0000] {processor.py:186} INFO - Started process (PID=111) to work on /opt/airflow/dags/simple_dag.py
[2025-10-10T09:53:59.493+0000] {processor.py:914} INFO - Processing file /opt/airflow/dags/simple_dag.py for tasks to queue
[2025-10-10T09:53:59.495+0000] {logging_mixin.py:190} INFO - [2025-10-10T09:53:59.495+0000] {dagbag.py:588} INFO - Filling up the DagBag from /opt/airflow/dags/simple_dag.py
[2025-10-10T09:53:59.506+0000] {processor.py:925} INFO - DAG(s) 'my_first_docker_dag' retrieved from /opt/airflow/dags/simple_dag.py
[2025-10-10T09:53:59.523+0000] {logging_mixin.py:190} INFO - [2025-10-10T09:53:59.523+0000] {dag.py:3239} INFO - Sync 1 DAGs
[2025-10-10T09:53:59.536+0000] {logging_mixin.py:190} INFO - [2025-10-10T09:53:59.536+0000] {dag.py:4180} INFO - Setting next_dagrun for my_first_docker_dag to 2025-10-09 00:00:00+00:00, run_after=2025-10-10 00:00:00+00:00
[2025-10-10T09:53:59.544+0000] {processor.py:208} INFO - Processing /opt/airflow/dags/simple_dag.py took 0.060 seconds
[2025-10-10T09:54:29.807+0000] {processor.py:186} INFO - Started process (PID=118) to work on /opt/airflow/dags/simple_dag.py
[2025-10-10T09:54:29.808+0000] {processor.py:914} INFO - Processing file /opt/airflow/dags/simple_dag.py for tasks to queue
[2025-10-10T09:54:29.809+0000] {logging_mixin.py:190} INFO - [2025-10-10T09:54:29.809+0000] {dagbag.py:588} INFO - Filling up the DagBag from /opt/airflow/dags/simple_dag.py
[2025-10-10T09:54:29.820+0000] {processor.py:925} INFO - DAG(s) 'my_first_docker_dag' retrieved from /opt/airflow/dags/simple_dag.py
[2025-10-10T09:54:29.836+0000] {logging_mixin.py:190} INFO - [2025-10-10T09:54:29.836+0000] {dag.py:3239} INFO - Sync 1 DAGs
[2025-10-10T09:54:29.924+0000] {logging_mixin.py:190} INFO - [2025-10-10T09:54:29.924+0000] {dag.py:4180} INFO - Setting next_dagrun for my_first_docker_dag to 2025-10-09 00:00:00+00:00, run_after=2025-10-10 00:00:00+00:00
[2025-10-10T09:54:29.929+0000] {processor.py:208} INFO - Processing /opt/airflow/dags/simple_dag.py took 0.128 seconds
[2025-10-10T09:55:00.102+0000] {processor.py:186} INFO - Started process (PID=125) to work on /opt/airflow/dags/simple_dag.py
[2025-10-10T09:55:00.103+0000] {processor.py:914} INFO - Processing file /opt/airflow/dags/simple_dag.py for tasks to queue
[2025-10-10T09:55:00.106+0000] {logging_mixin.py:190} INFO - [2025-10-10T09:55:00.105+0000] {dagbag.py:588} INFO - Filling up the DagBag from /opt/airflow/dags/simple_dag.py
[2025-10-10T09:55:00.120+0000] {processor.py:925} INFO - DAG(s) 'my_first_docker_dag' retrieved from /opt/airflow/dags/simple_dag.py
[2025-10-10T09:55:00.138+0000] {logging_mixin.py:190} INFO - [2025-10-10T09:55:00.138+0000] {dag.py:3239} INFO - Sync 1 DAGs
[2025-10-10T09:55:00.214+0000] {logging_mixin.py:190} INFO - [2025-10-10T09:55:00.214+0000] {dag.py:4180} INFO - Setting next_dagrun for my_first_docker_dag to 2025-10-09 00:00:00+00:00, run_after=2025-10-10 00:00:00+00:00
[2025-10-10T09:55:00.219+0000] {processor.py:208} INFO - Processing /opt/airflow/dags/simple_dag.py took 0.125 seconds
[2025-10-10T09:55:30.482+0000] {processor.py:186} INFO - Started process (PID=132) to work on /opt/airflow/dags/simple_dag.py
[2025-10-10T09:55:30.483+0000] {processor.py:914} INFO - Processing file /opt/airflow/dags/simple_dag.py for tasks to queue
[2025-10-10T09:55:30.485+0000] {logging_mixin.py:190} INFO - [2025-10-10T09:55:30.485+0000] {dagbag.py:588} INFO - Filling up the DagBag from /opt/airflow/dags/simple_dag.py
[2025-10-10T09:55:30.494+0000] {processor.py:925} INFO - DAG(s) 'my_first_docker_dag' retrieved from /opt/airflow/dags/simple_dag.py
[2025-10-10T09:55:30.508+0000] {logging_mixin.py:190} INFO - [2025-10-10T09:55:30.508+0000] {dag.py:3239} INFO - Sync 1 DAGs
[2025-10-10T09:55:30.518+0000] {logging_mixin.py:190} INFO - [2025-10-10T09:55:30.518+0000] {dag.py:4180} INFO - Setting next_dagrun for my_first_docker_dag to 2025-10-09 00:00:00+00:00, run_after=2025-10-10 00:00:00+00:00
[2025-10-10T09:55:30.525+0000] {processor.py:208} INFO - Processing /opt/airflow/dags/simple_dag.py took 0.049 seconds
[2025-10-10T09:56:00.785+0000] {processor.py:186} INFO - Started process (PID=139) to work on /opt/airflow/dags/simple_dag.py
[2025-10-10T09:56:00.785+0000] {processor.py:914} INFO - Processing file /opt/airflow/dags/simple_dag.py for tasks to queue
[2025-10-10T09:56:00.788+0000] {logging_mixin.py:190} INFO - [2025-10-10T09:56:00.788+0000] {dagbag.py:588} INFO - Filling up the DagBag from /opt/airflow/dags/simple_dag.py
[2025-10-10T09:56:00.802+0000] {processor.py:925} INFO - DAG(s) 'my_first_docker_dag' retrieved from /opt/airflow/dags/simple_dag.py
[2025-10-10T09:56:00.820+0000] {logging_mixin.py:190} INFO - [2025-10-10T09:56:00.820+0000] {dag.py:3239} INFO - Sync 1 DAGs
[2025-10-10T09:56:00.830+0000] {logging_mixin.py:190} INFO - [2025-10-10T09:56:00.830+0000] {dag.py:4180} INFO - Setting next_dagrun for my_first_docker_dag to 2025-10-09 00:00:00+00:00, run_after=2025-10-10 00:00:00+00:00
[2025-10-10T09:56:00.836+0000] {processor.py:208} INFO - Processing /opt/airflow/dags/simple_dag.py took 0.058 seconds
[2025-10-10T09:56:31.057+0000] {processor.py:186} INFO - Started process (PID=146) to work on /opt/airflow/dags/simple_dag.py
[2025-10-10T09:56:31.057+0000] {processor.py:914} INFO - Processing file /opt/airflow/dags/simple_dag.py for tasks to queue
[2025-10-10T09:56:31.059+0000] {logging_mixin.py:190} INFO - [2025-10-10T09:56:31.059+0000] {dagbag.py:588} INFO - Filling up the DagBag from /opt/airflow/dags/simple_dag.py
[2025-10-10T09:56:31.069+0000] {processor.py:925} INFO - DAG(s) 'my_first_docker_dag' retrieved from /opt/airflow/dags/simple_dag.py
[2025-10-10T09:56:31.085+0000] {logging_mixin.py:190} INFO - [2025-10-10T09:56:31.085+0000] {dag.py:3239} INFO - Sync 1 DAGs
[2025-10-10T09:56:31.094+0000] {logging_mixin.py:190} INFO - [2025-10-10T09:56:31.094+0000] {dag.py:4180} INFO - Setting next_dagrun for my_first_docker_dag to 2025-10-09 00:00:00+00:00, run_after=2025-10-10 00:00:00+00:00
[2025-10-10T09:56:31.100+0000] {processor.py:208} INFO - Processing /opt/airflow/dags/simple_dag.py took 0.048 seconds
[2025-10-10T09:57:01.348+0000] {processor.py:186} INFO - Started process (PID=153) to work on /opt/airflow/dags/simple_dag.py
[2025-10-10T09:57:01.349+0000] {processor.py:914} INFO - Processing file /opt/airflow/dags/simple_dag.py for tasks to queue
[2025-10-10T09:57:01.352+0000] {logging_mixin.py:190} INFO - [2025-10-10T09:57:01.352+0000] {dagbag.py:588} INFO - Filling up the DagBag from /opt/airflow/dags/simple_dag.py
[2025-10-10T09:57:01.365+0000] {processor.py:925} INFO - DAG(s) 'my_first_docker_dag' retrieved from /opt/airflow/dags/simple_dag.py
[2025-10-10T09:57:01.380+0000] {logging_mixin.py:190} INFO - [2025-10-10T09:57:01.380+0000] {dag.py:3239} INFO - Sync 1 DAGs
[2025-10-10T09:57:01.392+0000] {logging_mixin.py:190} INFO - [2025-10-10T09:57:01.392+0000] {dag.py:4180} INFO - Setting next_dagrun for my_first_docker_dag to 2025-10-09 00:00:00+00:00, run_after=2025-10-10 00:00:00+00:00
[2025-10-10T09:57:01.477+0000] {processor.py:208} INFO - Processing /opt/airflow/dags/simple_dag.py took 0.138 seconds
[2025-10-10T09:57:31.622+0000] {processor.py:186} INFO - Started process (PID=160) to work on /opt/airflow/dags/simple_dag.py
[2025-10-10T09:57:31.622+0000] {processor.py:914} INFO - Processing file /opt/airflow/dags/simple_dag.py for tasks to queue
[2025-10-10T09:57:31.625+0000] {logging_mixin.py:190} INFO - [2025-10-10T09:57:31.625+0000] {dagbag.py:588} INFO - Filling up the DagBag from /opt/airflow/dags/simple_dag.py
[2025-10-10T09:57:31.634+0000] {processor.py:925} INFO - DAG(s) 'my_first_docker_dag' retrieved from /opt/airflow/dags/simple_dag.py
[2025-10-10T09:57:31.648+0000] {logging_mixin.py:190} INFO - [2025-10-10T09:57:31.648+0000] {dag.py:3239} INFO - Sync 1 DAGs
[2025-10-10T09:57:31.730+0000] {logging_mixin.py:190} INFO - [2025-10-10T09:57:31.730+0000] {dag.py:4180} INFO - Setting next_dagrun for my_first_docker_dag to 2025-10-09 00:00:00+00:00, run_after=2025-10-10 00:00:00+00:00
[2025-10-10T09:57:31.735+0000] {processor.py:208} INFO - Processing /opt/airflow/dags/simple_dag.py took 0.125 seconds
[2025-10-10T09:58:02.002+0000] {processor.py:186} INFO - Started process (PID=167) to work on /opt/airflow/dags/simple_dag.py
[2025-10-10T09:58:02.003+0000] {processor.py:914} INFO - Processing file /opt/airflow/dags/simple_dag.py for tasks to queue
[2025-10-10T09:58:02.005+0000] {logging_mixin.py:190} INFO - [2025-10-10T09:58:02.005+0000] {dagbag.py:588} INFO - Filling up the DagBag from /opt/airflow/dags/simple_dag.py
[2025-10-10T09:58:02.018+0000] {processor.py:925} INFO - DAG(s) 'my_first_docker_dag' retrieved from /opt/airflow/dags/simple_dag.py
[2025-10-10T09:58:02.131+0000] {logging_mixin.py:190} INFO - [2025-10-10T09:58:02.130+0000] {dag.py:3239} INFO - Sync 1 DAGs
[2025-10-10T09:58:02.137+0000] {logging_mixin.py:190} INFO - [2025-10-10T09:58:02.137+0000] {dag.py:4180} INFO - Setting next_dagrun for my_first_docker_dag to 2025-10-09 00:00:00+00:00, run_after=2025-10-10 00:00:00+00:00
[2025-10-10T09:58:02.142+0000] {processor.py:208} INFO - Processing /opt/airflow/dags/simple_dag.py took 0.149 seconds
