[2026-01-28T09:59:39.079+0000] {local_task_job_runner.py:123} INFO - ::group::Pre task execution logs
[2026-01-28T09:59:39.086+0000] {taskinstance.py:2613} INFO - Dependencies all met for dep_context=non-requeueable deps ti=<TaskInstance: garmin_daily_pipeline.fetch_garmin_metrics scheduled__2026-01-27T02:00:00+00:00 [queued]>
[2026-01-28T09:59:39.091+0000] {taskinstance.py:2613} INFO - Dependencies all met for dep_context=requeueable deps ti=<TaskInstance: garmin_daily_pipeline.fetch_garmin_metrics scheduled__2026-01-27T02:00:00+00:00 [queued]>
[2026-01-28T09:59:39.091+0000] {taskinstance.py:2866} INFO - Starting attempt 1 of 6
[2026-01-28T09:59:39.096+0000] {taskinstance.py:2889} INFO - Executing <Task(PythonOperator): fetch_garmin_metrics> on 2026-01-27 02:00:00+00:00
[2026-01-28T09:59:39.098+0000] {warnings.py:112} WARNING - /home/***/.local/lib/python3.12/site-packages/***/task/task_runner/standard_task_runner.py:70: DeprecationWarning: This process (pid=94) is multi-threaded, use of fork() may lead to deadlocks in the child.
  pid = os.fork()

[2026-01-28T09:59:39.099+0000] {standard_task_runner.py:104} INFO - Running: ['***', 'tasks', 'run', 'garmin_daily_pipeline', 'fetch_garmin_metrics', 'scheduled__2026-01-27T02:00:00+00:00', '--job-id', '61', '--raw', '--subdir', 'DAGS_FOLDER/garmin_daily_pipeline.py', '--cfg-path', '/tmp/tmpdg9cc6sw']
[2026-01-28T09:59:39.100+0000] {standard_task_runner.py:72} INFO - Started process 95 to run task
[2026-01-28T09:59:39.100+0000] {standard_task_runner.py:105} INFO - Job 61: Subtask fetch_garmin_metrics
[2026-01-28T09:59:39.116+0000] {task_command.py:467} INFO - Running <TaskInstance: garmin_daily_pipeline.fetch_garmin_metrics scheduled__2026-01-27T02:00:00+00:00 [running]> on host 996c176c0a46
[2026-01-28T09:59:39.139+0000] {taskinstance.py:3132} INFO - Exporting env vars: AIRFLOW_CTX_DAG_OWNER='***' AIRFLOW_CTX_DAG_ID='garmin_daily_pipeline' AIRFLOW_CTX_TASK_ID='fetch_garmin_metrics' AIRFLOW_CTX_EXECUTION_DATE='2026-01-27T02:00:00+00:00' AIRFLOW_CTX_TRY_NUMBER='1' AIRFLOW_CTX_DAG_RUN_ID='scheduled__2026-01-27T02:00:00+00:00'
[2026-01-28T09:59:39.139+0000] {taskinstance.py:731} INFO - ::endgroup::
[2026-01-28T09:59:39.151+0000] {garmin_daily_pipeline.py:47} INFO - 📅 Fetching Garmin metrics for 2026-01-27
[2026-01-28T09:59:39.190+0000] {garmin_daily_pipeline.py:65} INFO - 🔑 Logging into Garmin Connect...
[2026-01-28T09:59:41.980+0000] {garmin_daily_pipeline.py:68} INFO - ✅ Successfully logged in
[2026-01-28T09:59:41.980+0000] {garmin_daily_pipeline.py:96} INFO - 📦 Fetching steps...
[2026-01-28T09:59:42.230+0000] {garmin_daily_pipeline.py:109} INFO - ✅ Saved steps
[2026-01-28T09:59:43.234+0000] {garmin_daily_pipeline.py:96} INFO - 📦 Fetching sleep...
[2026-01-28T09:59:43.471+0000] {garmin_daily_pipeline.py:109} INFO - ✅ Saved sleep
[2026-01-28T09:59:44.472+0000] {garmin_daily_pipeline.py:96} INFO - 📦 Fetching stress...
[2026-01-28T09:59:44.678+0000] {garmin_daily_pipeline.py:109} INFO - ✅ Saved stress
[2026-01-28T09:59:45.680+0000] {garmin_daily_pipeline.py:96} INFO - 📦 Fetching body_battery...
[2026-01-28T09:59:45.869+0000] {garmin_daily_pipeline.py:109} INFO - ✅ Saved body_battery
[2026-01-28T09:59:46.872+0000] {garmin_daily_pipeline.py:96} INFO - 📦 Fetching heart_rate...
[2026-01-28T09:59:47.069+0000] {garmin_daily_pipeline.py:109} INFO - ✅ Saved heart_rate
[2026-01-28T09:59:48.070+0000] {garmin_daily_pipeline.py:121} INFO - 📊 Summary:
[2026-01-28T09:59:48.071+0000] {garmin_daily_pipeline.py:122} INFO -   - Fetched: 5 (steps, sleep, stress, body_battery, heart_rate)
[2026-01-28T09:59:48.071+0000] {garmin_daily_pipeline.py:123} INFO -   - Skipped: 0 (none)
[2026-01-28T09:59:48.071+0000] {garmin_daily_pipeline.py:124} INFO -   - Failed: 0 (none)
[2026-01-28T09:59:48.072+0000] {python.py:240} INFO - Done. Returned value was: {'date': '2026-01-27', 'metrics_fetched': ['steps', 'sleep', 'stress', 'body_battery', 'heart_rate'], 'metrics_skipped': [], 'metrics_failed': []}
[2026-01-28T09:59:48.090+0000] {taskinstance.py:340} INFO - ::group::Post task execution logs
[2026-01-28T09:59:48.090+0000] {taskinstance.py:352} INFO - Marking task as SUCCESS. dag_id=garmin_daily_pipeline, task_id=fetch_garmin_metrics, run_id=scheduled__2026-01-27T02:00:00+00:00, execution_date=20260127T020000, start_date=20260128T095939, end_date=20260128T095948
[2026-01-28T09:59:48.131+0000] {local_task_job_runner.py:266} INFO - Task exited with return code 0
[2026-01-28T09:59:48.140+0000] {taskinstance.py:3895} INFO - 1 downstream tasks scheduled from follow-on schedule check
[2026-01-28T09:59:48.141+0000] {local_task_job_runner.py:245} INFO - ::endgroup::
