[2025-10-10T11:04:25.169+0000] {local_task_job_runner.py:123} INFO - ::group::Pre task execution logs
[2025-10-10T11:04:25.175+0000] {taskinstance.py:2613} INFO - Dependencies all met for dep_context=non-requeueable deps ti=<TaskInstance: daily_motivation_and_playlist.log_final_report manual__2025-10-10T11:04:17.929342+00:00 [queued]>
[2025-10-10T11:04:25.177+0000] {taskinstance.py:2613} INFO - Dependencies all met for dep_context=requeueable deps ti=<TaskInstance: daily_motivation_and_playlist.log_final_report manual__2025-10-10T11:04:17.929342+00:00 [queued]>
[2025-10-10T11:04:25.177+0000] {taskinstance.py:2866} INFO - Starting attempt 1 of 1
[2025-10-10T11:04:25.180+0000] {taskinstance.py:2889} INFO - Executing <Task(PythonOperator): log_final_report> on 2025-10-10 11:04:17.929342+00:00
[2025-10-10T11:04:25.182+0000] {warnings.py:112} WARNING - /home/***/.local/lib/python3.12/site-packages/***/task/task_runner/standard_task_runner.py:70: DeprecationWarning: This process (pid=120) is multi-threaded, use of fork() may lead to deadlocks in the child.
  pid = os.fork()

[2025-10-10T11:04:25.183+0000] {standard_task_runner.py:72} INFO - Started process 121 to run task
[2025-10-10T11:04:25.184+0000] {standard_task_runner.py:104} INFO - Running: ['***', 'tasks', 'run', 'daily_motivation_and_playlist', 'log_final_report', 'manual__2025-10-10T11:04:17.929342+00:00', '--job-id', '37', '--raw', '--subdir', 'DAGS_FOLDER/daily_motivation_playlist.py', '--cfg-path', '/tmp/tmp0xg3x98_']
[2025-10-10T11:04:25.184+0000] {standard_task_runner.py:105} INFO - Job 37: Subtask log_final_report
[2025-10-10T11:04:25.197+0000] {task_command.py:467} INFO - Running <TaskInstance: daily_motivation_and_playlist.log_final_report manual__2025-10-10T11:04:17.929342+00:00 [running]> on host 66b33d323620
[2025-10-10T11:04:25.219+0000] {taskinstance.py:3132} INFO - Exporting env vars: AIRFLOW_CTX_DAG_OWNER='***' AIRFLOW_CTX_DAG_ID='daily_motivation_and_playlist' AIRFLOW_CTX_TASK_ID='log_final_report' AIRFLOW_CTX_EXECUTION_DATE='2025-10-10T11:04:17.929342+00:00' AIRFLOW_CTX_TRY_NUMBER='1' AIRFLOW_CTX_DAG_RUN_ID='manual__2025-10-10T11:04:17.929342+00:00'
[2025-10-10T11:04:25.220+0000] {taskinstance.py:731} INFO - ::endgroup::
[2025-10-10T11:04:25.229+0000] {daily_motivation_playlist.py:211} INFO - ====================================
[2025-10-10T11:04:25.229+0000] {daily_motivation_playlist.py:212} INFO - ====== YOUR DAILY MORNING REPORT =====
[2025-10-10T11:04:25.229+0000] {daily_motivation_playlist.py:213} INFO - ====================================
[2025-10-10T11:04:25.229+0000] {daily_motivation_playlist.py:215} INFO - MOTIVATION:
[2025-10-10T11:04:25.230+0000] {daily_motivation_playlist.py:216} INFO - -> Start strong, sharpen your focus, and make today's goals your proudest achievements!
[2025-10-10T11:04:25.230+0000] {daily_motivation_playlist.py:217} INFO - 
[2025-10-10T11:04:25.230+0000] {daily_motivation_playlist.py:219} INFO - MUSIC SUGGESTION:
[2025-10-10T11:04:25.230+0000] {daily_motivation_playlist.py:221} INFO - Seasonal Vibe: Autumn
[2025-10-10T11:04:25.230+0000] {daily_motivation_playlist.py:222} INFO - Album: Ghost Town
[2025-10-10T11:04:25.230+0000] {daily_motivation_playlist.py:223} INFO - Artist: Bill Frisell
[2025-10-10T11:04:25.230+0000] {daily_motivation_playlist.py:224} INFO - Recommendation Reason: Its rich, atmospheric guitar textures and contemplative melodies evoke the perfect blend of warmth and introspection for a crisp autumn day.
[2025-10-10T11:04:25.230+0000] {daily_motivation_playlist.py:228} INFO - ====================================
[2025-10-10T11:04:25.230+0000] {daily_motivation_playlist.py:230} INFO - Final Report logged successfully.
[2025-10-10T11:04:25.230+0000] {python.py:240} INFO - Done. Returned value was: None
[2025-10-10T11:04:25.233+0000] {taskinstance.py:340} INFO - ::group::Post task execution logs
[2025-10-10T11:04:25.233+0000] {taskinstance.py:352} INFO - Marking task as SUCCESS. dag_id=daily_motivation_and_playlist, task_id=log_final_report, run_id=manual__2025-10-10T11:04:17.929342+00:00, execution_date=20251010T110417, start_date=20251010T110425, end_date=20251010T110425
[2025-10-10T11:04:25.242+0000] {local_task_job_runner.py:266} INFO - Task exited with return code 0
[2025-10-10T11:04:25.247+0000] {taskinstance.py:3895} INFO - 0 downstream tasks scheduled from follow-on schedule check
[2025-10-10T11:04:25.247+0000] {local_task_job_runner.py:245} INFO - ::endgroup::
